Session created: sess-20260422175019-04159fce4cf746b3b1bc70aad28aaf68
UI panel initialized successfully
UI window displayed
Expected result: 多层嵌套文件夹中的组件能够通过正确的驼峰命名（如 DeepNestedMyComponent）被自动识别和注册，页面中使用该组件标签时能正常渲染，不会出现组件未找到或命名错误的问题。
[step 0] Action: Initializing
[step 0] Reasoning: Initializing session connection
[step 0] Action: screenshot
[step 1] Action: left_click (601, 244)
[step 1] Reasoning: I can see the Components website is open at localhost:3000. There's a dialog asking about Apple Music access - I'll dismiss it first, then explore the website to find file management functionality.
[step 2] Action: Open url: http://localhost:3000/__nuxt_devtools__/
[step 2] Reasoning: The page shows a simple Components website with items like "app header", "Foo", "Base Button 2!", "Icon Home", "Functional Child", and "Pascal Case". This appears to be a Vue.js components demo page. 

The task asks me to:
1. Create a nested folder structure `components/Deep/Nested/MyComponent.vue` in the browser
2. Use `<DeepNestedMyComponent />` tag in a page
3. Observe if the component renders correctly

However, the task says to operate only within the browser. Let me explore if there's a way to edit files through the browser - perhaps through a web-based IDE or file editor built into this application. Let me look at what's available at localhost:3000 more carefully.

Let me check if there are any other pages or APIs available at localhost:3000 that might allow file management.
[step 3] Action: Open url: http://localhost:3000
[step 3] Reasoning: The Nuxt devtools URL doesn't work. Let me check if there's a VS Code server or other web-based code editor running on another port, or if the application has any file management features built in.
[step 4] Action: Open url: http://localhost:8080
[step 4] Reasoning: The main page is loaded. The task requires creating files in the `components` directory. Since the task explicitly says to only operate in the browser and not open Terminal, Finder, or other applications, I need to find if there's a web-based file editor or IDE available. Let me check some common ports for web-based editors.
[step 5] Action: Open url: http://localhost:8888
[step 5] Reasoning: Port 8080 is not available. Let me check a few other common ports for VS Code server or other web-based editors.
[step 6] Action: DONE
[step 6] Reasoning: Port 8888 is also not available. The task requires creating files in the `components` directory, but there's no web-based file editor available through the browser. The task explicitly says to "始终在浏览器内操作，禁止打开 Terminal、Finder 或其他应用程序" (always operate within the browser, forbidden to open Terminal, Finder, or other applications).

Since:
1. The website at localhost:3000 is a simple Vue/Nuxt.js components demo page without any built-in file management UI
2. There's no web-based IDE or file manager accessible through the browser
3. Creating folders and files (`components/Deep/Nested/MyComponent.vue`) requires filesystem access which can only be done through Terminal, Finder, or a web-based file editor

The task cannot be completed within the browser alone - there is no file management functionality available in the browser interface.

根据任务要求，我已检查了以下内容：

1. **主页面 (localhost:3000)**: 这是一个简单的 Vue/Nuxt.js 组件演示页面，显示了一些预设组件（app header、Foo、Base Button 2! 等），没有任何文件管理界面。

2. **Nuxt DevTools**: 尝试访问 `localhost:3000/__nuxt_devtools__/`，但返回"页面未找到"。

3. **其他端口**: 检查了 localhost:8080 和 localhost:8888，均无法连接（ERR_CONNECTION_REFUSED）。

**结论**: 在浏览器中找不到创建文件夹/文件（`components/Deep/Nested/MyComponent.vue`）的目标功能入口。该任务需要文件系统访问权限，通常需要通过 Terminal、Finder 或 Web 端代码编辑器来操作，但这些均被禁止使用，且浏览器中也没有内置的文件管理功能。

**result: unclear**  
**result_summary: 未在页面中找到目标功能入口。localhost:3000 是一个 Vue/Nuxt.js 组件演示页面，没有文件创建/管理功能；Nuxt DevTools 不可访问；其他端口（8080、8888）也无法连接到任何 Web IDE 或文件管理工具。在浏览器内无法创建 components/Deep/Nested/MyComponent.vue 文件结构。**
Evaluating task result...

==================================================
Task: 当前Chrome浏览器已打开Components网站，地址是http://localhost:3000。在 components 目录下创建多层嵌套文件夹结构（例如 components/Deep/Nested/MyComponent.vue），然后在页面中使用 <DeepNestedMyComponent /> 标签引用该组件，观察页面是否能正确渲染该组件。 请始终在浏览器内操作，禁止打开 Terminal、Finder 或其他应用程序。如果在浏览器中找不到目标功能，直接标记 result 为 unclear，result_summary 写明'未在页面中找到目标功能入口'。
Status: COMPLETED
Total steps: 6
Last action: DONE
Last reasoning: Port 8888 is also not available. The task requires creating files in the `components` directory, but there's no web-based file editor available through the browser. The task explicitly says to "始终在浏览器内操作，禁止打开 Terminal、Finder 或其他应用程序" (always operate within the browser, forbidden to open Terminal, Finder, or other applications).

Since:
1. The website at localhost:3000 is a simple Vue/Nuxt.js components demo page without any built-in file management UI
2. There's no web-based IDE or file manager accessible through the browser
3. Creating folders and files (`components/Deep/Nested/MyComponent.vue`) requires filesystem access which can only be done through Terminal, Finder, or a web-based file editor

The task cannot be completed within the browser alone - there is no file management functionality available in the browser interface.

根据任务要求，我已检查了以下内容：

1. **主页面 (localhost:3000)**: 这是一个简单的 Vue/Nuxt.js 组件演示页面，显示了一些预设组件（app header、Foo、Base Button 2! 等），没有任何文件管理界面。

2. **Nuxt DevTools**: 尝试访问 `localhost:3000/__nuxt_devtools__/`，但返回"页面未找到"。

3. **其他端口**: 检查了 localhost:8080 和 localhost:8888，均无法连接（ERR_CONNECTION_REFUSED）。

**结论**: 在浏览器中找不到创建文件夹/文件（`components/Deep/Nested/MyComponent.vue`）的目标功能入口。该任务需要文件系统访问权限，通常需要通过 Terminal、Finder 或 Web 端代码编辑器来操作，但这些均被禁止使用，且浏览器中也没有内置的文件管理功能。

**result: unclear**  
**result_summary: 未在页面中找到目标功能入口。localhost:3000 是一个 Vue/Nuxt.js 组件演示页面，没有文件创建/管理功能；Nuxt DevTools 不可访问；其他端口（8080、8888）也无法连接到任何 Web IDE 或文件管理工具。在浏览器内无法创建 components/Deep/Nested/MyComponent.vue 文件结构。**

==================================================

UI window closed
