Session created: sess-20260422194816-97269ded299e434f954cc7f6f48b6caa
UI panel initialized successfully
UI window displayed
Expected result: 在移动端模拟模式下，点击含有子菜单的菜单项(如Language)时，子菜单能正常展开显示语言选项列表；用户可以点击选择具体语言；再次点击时子菜单能收起。
[step 0] Action: Initializing
[step 0] Reasoning: Initializing session connection
[step 0] Action: screenshot
[step 1] Action: left_click (640, 400)
[step 1] Reasoning: I can see the Drawnix application is open in Chrome at localhost:7200. Now let me open DevTools by pressing F12.
[step 2] Action: key: F12
[step 2] Reasoning: Good, the app is visible. Now let me press F12 to open DevTools.
[step 3] Action: triple_click
[step 3] Reasoning: DevTools is open and it appears to have automatically switched to mobile device mode (I can see the device toolbar at the top with "Dimensions: Responsive" and "390 × 375"). The mobile view is showing. I can see the device toolbar is already active. Now I need to set the width to 390. I can see it already shows 390, but let me verify and also check if Device Toolbar is properly enabled. Let me now set the width to 390 by clicking on the width field.
[step 4] Action: type: 390
[step 4] Reasoning: The width field is selected and shows 390. The device toolbar is already active with width 390. Let me type 390 to confirm it and press Enter.
[step 5] Action: key: Return
[step 6] Action: screenshot
[step 6] Reasoning: The mobile view is set to 390 width. I can see the app in mobile view. The mobile viewport shows the Drawnix canvas. Now I need to find and click the hamburger menu button (≡) at the top left of the app. In the mobile view, the app appears to be in the viewport area (around x:510-775, y:115-390 on screen). 

The hamburger menu should be at app coordinates (41, 41). Let me calculate the screen coordinates. The mobile viewport appears to start around x:510, y:115. So the hamburger menu at app coordinates (41, 41) would be approximately at screen coordinates (510+41, 115+41) = (551, 156).

But I need to look more carefully. The app viewport in the browser seems to start at around x:510, y:115. Let me take a screenshot to see more clearly.
[step 7] Action: scroll up (640, 250) scroll_amount 3
[step 7] Reasoning: I can see the mobile view of the app. The viewport appears to start at approximately x:510, y:115 on screen. The app content is visible but I need to look more carefully for the hamburger menu. In the mobile view, the toolbar icons are visible at the top center, but I don't see the hamburger menu clearly. 

Looking at the mobile view, it seems the app viewport is at approximately:
- Left edge: x≈510
- Top edge: y≈115

The hamburger menu at app coordinates (41, 41) would be at screen coordinates approximately (510+41, 115+41) = (551, 156). But wait, the viewport might not start exactly at 510 - I need to look at where the white/bordered area of the app begins.

Looking at the screenshot, the mobile viewport frame starts around x:510, y:115. The app's top-left corner (where the hamburger menu should be) would be around screen position (551, 156). Let me try clicking there.

However, I notice the viewport might be showing a scaled-down view. Since the device toolbar shows 390 width and the viewport appears to span from about x:510 to x:775, that's about 265 pixels wide on screen for 390 app pixels. This means there's a scaling factor.

Let me zoom into the mobile view to see the hamburger menu better. Let me try clicking near where the hamburger menu (≡) should be - the top-left of the app viewport.
[step 8] Action: left_click (538, 143)
[step 8] Reasoning: I can see the mobile view. The device toolbar shows 390 px width. The app viewport is visible in the browser window. I need to look more carefully at the mobile view. 

Looking at the viewport, the mobile app seems to be displayed scaled down. The app canvas appears to be in a small viewport from approximately x:510 to x:775 (screen), which is 265 pixels wide. But I need to make it so I can see the hamburger menu.

Looking at the viewport, I notice there are some toolbar icons visible at the top of the app (those icons around y:162 on screen), but they seem to be the drawing toolbar at the center. The hamburger menu (≡) should be at the very top-left of the app.

Let me try to zoom in or change the DevTools layout to see the app better. But first, let me try clicking at the expected position of the hamburger menu. The app viewport starts at approximately (510, 115) on screen. With width 390, the scale factor would be approximately 265/390 ≈ 0.68. So app coords (41, 41) would map to screen coords (510 + 41*0.68, 115 + 41*0.68) = (510+28, 115+28) = (538, 143).

Let me try clicking at approximately (538, 143) - the expected position of the hamburger menu.
[step 9] Action: key: F12
[step 9] Reasoning: I see the click happened but I don't see a menu opening. The viewport is quite small and hard to see. The mobile view seems to be scaled down. I notice that the current viewport seems to show 390 px width but the view is compressed. Let me try zooming the DevTools to 100% and look more carefully. 

Let me close the DevTools panel to get more screen space, and instead use the DevTools undocked mode or try to make the viewport more visible. Actually, let me try a different approach - close DevTools and reopen it to the side.

Actually, looking at the screenshot more carefully, I can see the mobile viewport (with a white border/frame) in the browser. The frame goes from approximately x:510, y:115 to x:775, y:385. This is 265 wide × 270 tall. With 390px device width at 100%, there should be some scaling.

Wait - looking at the header bar, it shows "390 × 375" which means the device is 390x375. The viewport appears to be smaller than expected on screen, suggesting maybe it's at less than 100% zoom or the DevTools takes up space.

Let me try a different approach - I'll close the DevTools, navigate to the URL directly, and use Ctrl+Shift+M to enable responsive mode without DevTools open at the bottom.

Actually, let me reconsider. The task says to press F12 then Ctrl+Shift+M. I've already pressed F12. The device toolbar is already showing (390 width). Let me try to close and reopen DevTools in a different configuration.

Instead of messing with the layout, let me try to find the hamburger menu. The mobile viewport appears to span from about x:510 to about x:775 on screen (265 pixels), but represents 390px. The scale would be 265/390 ≈ 0.68. The top seems to start around y:115.

Hmm, but the issue is that the mobile viewport itself seems to be quite small. Let me try to undock DevTools to get more viewport space, or I can try zooming out in Chrome.

Let me try closing DevTools and using just Ctrl+Shift+M to toggle responsive mode which gives more room for the viewport.
[step 10] Action: key: F12
[step 10] Reasoning: Good, now DevTools is closed. I can see the app in full view with the hamburger menu at the top-left (I can see the three horizontal lines ≡ icon at the top left around x:39, y:117). Now I need to open DevTools again and enable the Device Toolbar with Ctrl+Shift+M to get the mobile view with proper width settings.

Let me reopen DevTools and switch to device toolbar mode properly.
[step 11] Action: left_click (530, 135)
[step 11] Reasoning: DevTools is open again and I can see the device toolbar is still active (showing 390 × 375). The mobile view is showing the app in a smaller viewport. I need to properly work in this mode.

Looking at the mobile viewport, I can see the app is displayed in the viewport area. The viewport seems to have:
- The mobile app starts at approximately x:510, y:115 on screen
- The device toolbar shows the app is 390px wide

Now the scale: if the viewport appears from x:510 to x:775 = 265 pixels on screen, but represents 390 app pixels, the scale is 265/390 ≈ 0.68.

So the hamburger menu at app (41, 41) would be at screen (510 + 41*0.68, 115 + 41*0.68) = (538, 143).

But wait - when DevTools is open but I closed it with F12 earlier, the browser went back to normal mode but still showed the device toolbar bar... Actually now I can see DevTools is open with the panel at the bottom.

Let me try clicking the hamburger menu at the top-left of the viewport. I need to look more carefully at where the viewport starts. The viewport border appears to be at approximately x:510, y:115. Let me try clicking inside the viewport near the top-left corner.

Actually, looking at the image, the mobile frame/viewport starts at approximately:
- x: 510 (left border)
- y: 115 (top border)

The app's hamburger menu is at app coordinates (41, 41). With scale ~0.68:
- Screen x: 510 + (41 * 0.68) ≈ 510 + 28 ≈ 538
- Screen y: 115 + (41 * 0.68) ≈ 115 + 28 ≈ 143

But wait - the device might not be scaled down. Let me check what 100% means here. The device toolbar shows "100%" in the zoom dropdown. If it's at 100% zoom but the viewport container is only 265px wide, that would clip the content. Actually in responsive mode at 100%, the viewport IS 390 pixels wide within the browser. The container visible on screen would show 390px of content...

But the screen shows only about 265px wide for the viewport. This suggests the actual zoom of the DevTools is 100% but Chrome might have reduced the scale automatically to fit. Let me look at the actual zoom settings.

Actually, I realize I should try to undock the DevTools to the right side so the main viewport gets more horizontal space. Or, alternatively, I should try to interact with the app in the mobile viewport using a different approach.

Let me try to click at the top-left corner of the mobile viewport to find the hamburger menu. The viewport seems to be inside the bordered region starting around (510, 115).
[step 12] Action: left_click (1114, 455)
[step 12] Reasoning: I can see the mobile viewport with the app. The viewport appears to be at the left portion of the browser above the DevTools panel. I notice the mobile view seems to have the app visible but the hamburger menu area isn't clearly showing in the viewport. 

Looking more carefully at the viewport:
- The mobile viewport frame starts around x:510, y:115 on screen  
- The DevTools is occupying the bottom portion

The mobile app viewport is zoomed at 100%, but I can see the app area is small because DevTools takes up the bottom half. The viewport visible area shows from approximately x:510 to x:775 (265px wide) and y:115 to y:385 (270px tall).

Since the device is set to 390×375 at 100%, but the available viewport on screen is about 265×270, Chrome may be auto-fitting. Let me check the zoom - it says 100%.

Let me try a different approach - I'll undock the DevTools to give the viewport more space. Let me click the three-dot menu in DevTools to change the dock side.
[step 13] Action: left_click (1197, 477)
[step 13] Reasoning: A dropdown menu appeared with "Dock side" options. I can see "Dock side" with some icons. Let me click on the "undock" option (the icon that shows DevTools in a separate window) to give more space to the browser viewport.
[step 14] Action: left_click (520, 130)
[step 14] Reasoning: Now DevTools is docked to the left side, which gives the mobile viewport more horizontal space on the right side. But I can still see the mobile view is on the right portion of the screen. The mobile viewport still shows around x:510-775, y:115-385.

Let me try a different approach - dock DevTools to the bottom right side which would give the most room for the viewport. Actually let me try docking it to the right to get more vertical space.

Wait - actually I want to maximize the viewport space. Let me try to undock DevTools completely into its own window. Let me click the three-dots menu in DevTools again.

Actually, looking at the current state, I think the best approach is to:
1. Close DevTools completely (but keep device toolbar mode active)
2. Or try to interact with the hamburger menu in the current view

The issue is that clicking at (530, 135) earlier didn't open the hamburger menu. Let me look more carefully at the viewport. 

Looking at the current screenshot, the mobile viewport is the bordered area on the right side. The top of the viewport starts at approximately y:115 on screen. The left edge of the viewport is at approximately x:510.

The viewport shows:
- Width on screen: approximately 775-510 = 265 pixels
- Height on screen: approximately 385-115 = 270 pixels
- Device size: 390 × 375

This means the scale factor is 265/390 = 0.679

So the hamburger menu at app position (41, 41) would be at:
- Screen x: 510 + (41 × 0.679) = 510 + 27.8 ≈ 538
- Screen y: 115 + (41 × 0.679) = 115 + 27.8 ≈ 143

But I already tried clicking at (538, 143) and (530, 135) without success. Let me try clicking more precisely at the hamburger button.

Wait - I notice the device toolbar shows "100%" zoom. If the viewport content is 390px but only 265px are shown, Chrome might be scrolling within the viewport or the container auto-fits. Let me try a different zoom percentage to fit the 390px device within the available space.

Actually, looking at the image again, I think the scale IS being applied. The toolbar at the top of the app (the drawing tools) appears to be in the center area of the viewport (around x:530-750 on screen). This suggests the viewport is being rendered at scaled-down size.

Let me try to scroll the page to find the hamburger menu or zoom out to see the full viewport. But first, let me try clicking at coordinates slightly different to find the hamburger menu.

Let me try clicking at the very top-left corner of the app viewport (around x:515, y:120) to see if I can find the hamburger menu there.

Actually, I notice something - in the previous screenshots when DevTools was closed, I could see the hamburger menu (≡) at the top-left at approximately (39, 117) on the full screen. When DevTools is open in device toolbar mode, the viewport is shown in a smaller frame. The hamburger should be at the top-left of this frame.

Let me try to look at the full viewport more carefully. I'll try clicking the viewport and checking if there's a hamburger menu visible in the top-left corner of the white frame area.

Looking at the current screenshot more carefully, the white/bordered viewport rectangle starts at approximately:
- Top-left: (510, 115)

The content inside the viewport seems to show the drawing tools at the center top (y≈162 on screen), and the mind map elements lower. The hamburger menu at app (41,41) would be at screen (538, 143) with 0.68 scale, or maybe the app isn't actually scaled but scrolls.

Wait, I notice something important - when DevTools is open in the current "docked left" mode, the layout has changed significantly. The DevTools panel is now on the left (0-490px on screen), and the main browser viewport is on the right (510-1060px on screen), but there's a task panel on the right (1060-1280).

Actually the mobile device viewport area seems to span from about x:510 to x:775. Let me look at the viewport boundaries more carefully.

Let me try a cleaner approach - I'll try docking DevTools to the right side so the viewport has more left space.

Actually, let me just try to interact with the hamburger menu. I'll try clicking at several positions in the top-left area of the mobile viewport to find the menu button.
[step 15] Action: Minimize panel
[step 15] Reasoning: I see that clicking at (520, 130) didn't open any menu. It seems that my clicks are not finding the hamburger menu button. The viewport seems to be displayed in a scaled-down manner.

Looking at the mobile viewport, I notice the toolbar icons are visible at around y:162 on screen. This makes sense if the viewport starts at y:115 and the toolbar in the app is at y=41-50 (which at scale 0.68 would be y:115+28 = 143 on screen), but there also seem to be some icons at y:162 which are the drawing tools in the center top of the app.

Wait - I now notice something. Looking at the screenshots again: when DevTools was closed and I could see the full app, the hamburger menu (≡) was visible at approximately x:39, y:117. But that was the FULL view of the app (not mobile view).

In the mobile/responsive view with device toolbar, the app should be shown at 390px width. The app appears to be scaled to fit the viewport. Let me try another approach.

Let me try to change the zoom level in the DevTools device toolbar. Currently it shows "100%" - let me zoom the viewport to fit the screen better, or try a different device size that fits better on screen.

Actually, let me try to minimize the task status widget to get more space, and then try a different dock configuration.
[step 16] Action: left_click (605, 87)
[step 16] Reasoning: The task panel is now minimized. I can see the mobile viewport of the app more clearly now. The mobile viewport shows a small app frame from approximately x:510 to x:775, y:115 to y:390.

Looking at the mobile viewport, I can see the drawing toolbar icons (the circular icon and others) at approximately y:162 on screen. The viewport appears to start at y:115. 

I notice an important thing - the mobile viewport's top area (from y:115 to y:162) appears to be empty/white, and the drawing tools are in the middle. This top area is where the hamburger menu should be.

Looking at the mobile app's layout:
- The app's hamburger menu should be in the top-left of the viewport at app coordinates (41, 41)
- With the viewport starting at approximately screen (510, 115) and scaling factor ~0.68
- The hamburger menu should be at screen coordinates approximately (538, 143)

But earlier when I pressed F12 and got the responsive view with DevTools at the bottom, the viewport wasn't taking up the full available width. 

Now I can see the viewport is the bordered white area at (510-775, 115-390). Let me try clicking directly on the very top-left portion of this white area where the hamburger menu should be.

Wait - I need to reconsider. Looking at the app icons at y≈162 on screen, if the app's toolbar is at y=20px in the app, then at scale 0.68: screen_y = 115 + (20 × 0.68) = 115 + 13.6 ≈ 129. But the icons appear to be at y=162, which would mean: 162 = 115 + y_app × scale → y_app × 0.68 = 47 → y_app ≈ 69. 

This makes more sense with a toolbar at app y=69. But the hamburger menu should be at app y=41:
screen_y = 115 + (41 × 0.68) = 115 + 27.9 ≈ 143.

Let me try clicking at (520, 143) to find the hamburger menu.

Actually wait - I should look at the viewport more carefully. Let me zoom into the top-left area of the mobile viewport.

Let me try to change the zoom of the DevTools device toolbar. I'll set the zoom to "Fit to window" or a percentage that makes the 390px viewport fill more of the screen.
[step 17] Action: key: Escape
[step 17] Reasoning: A zoom dropdown appeared with options 50%, 75%, 100% (current), 125%, 150%, 200%. Currently at 100%. Let me select 75% to scale the viewport down a bit so I can see more of it on screen.

Actually, wait. The problem is that the viewport at 100% is being displayed at a scale of about 0.68 of the full screen width. This is because the browser auto-scales it to fit.

Let me look at this differently. The viewport is showing the app at 390px width. The content of the viewport IS the app content. The coordinates I need to click in the viewport are mapped by the device toolbar.

The viewport on screen appears from approximately x:510 to x:775 (265px) representing 390px device width. That means the scale is 265/390 = 0.68.

But wait - looking at this screenshot, the zoom shows 100%, and the viewport IS at 100%. If the device is 390px and zoom is 100%, then the viewport should be 390px wide on screen (no scaling). But the viewport area appears much narrower than 390px...

Unless the browser window/viewport container is smaller than 390px, causing Chrome to auto-scale? Let me check by looking at the ruler at the top. I can see ruler marks at the top - these indicate the actual pixel positions.

Let me close this dropdown first and look at the situation differently.
[step 18] Action: left_click (551, 156)
[step 18] Reasoning: OK let me think about this differently. Looking at the screenshot, the mobile viewport frame is visible with the bordered rectangle. The viewport appears to run from approximately:
- Left border at x ≈ 510
- Top border at y ≈ 115 
- Right border at x ≈ 775
- Bottom border at y ≈ 385

The width of the visible viewport is 775-510 = 265 pixels on screen.

Since the device is set to 390px and the visible area is 265px, Chrome is auto-fitting the 390px device into 265px of screen space, scaling at approximately 265/390 = 0.68.

Looking at the app content within the viewport:
- The drawing tools bar (those icons at y≈162 screen) is at approximately y_app = (162-115)/0.68 = 47/0.68 ≈ 69 app pixels from top
- The hamburger menu is at app (41, 41), which maps to screen (510+28, 115+28) = (538, 143)

I've tried clicking at (520, 130), (530, 135), and (538, 143) without success. Let me try a few more positions:

Wait - actually, I realize I should look at where exactly the viewport starts. The ruler at the very top (near y≈100) has marks. The thick border of the viewport frame starts right at about y:115. But the CONTENT of the viewport (the white area) might start slightly after the frame border.

Let me try clicking at the exact position of the hamburger menu by being more precise. Looking at the app - the hamburger menu icon (≡) should be visible as a small icon. Let me zoom into that area.

Actually, let me try a completely different approach. Let me use the Chrome DevTools to simulate a click at specific app coordinates using JavaScript, or better yet, let me re-dock the DevTools to the bottom to give more horizontal space to the viewport.

Let me open DevTools again (it seems to have been closed or integrated).

Wait - looking at the screenshot, I don't see DevTools in a separate window. The device toolbar (top bar with Dimensions, 390 × 375, 100%, etc.) is still showing, which means responsive mode is active. But where's the DevTools panel? It was docked to the left before, and now it seems the left panel is gone.

This is a good situation - DevTools is somehow no longer visible as a panel, but the device toolbar is still showing. The mobile viewport should now have more space available.

Let me check the current state by looking at the visible viewport. The viewport appears to be the bordered white area from (510, 115) to (775, 385). But why does it only span 265px wide if the device is set to 390px?

Looking at the ruler at the top, I can see markings. The ruler marks seem to go from about x:0 to x:1265 or so. The mobile viewport frame is at approximately x:510-775.

OK, I think the issue might be that the screen width is the limiting factor. With a 1280px screen and the task panel taking 1280-1060 = 220px on the right, and the left area being the browser window, the browser content area is approximately 1060px wide. With the device at 390px, there should be room to show it at 100%.

Wait - but the task panel was minimized. Let me check if the viewport has changed size.

OK, let me try a more systematic approach. I'll try to scroll the viewport to the top-left to find the hamburger menu, or I'll try clicking at exactly (510+41, 115+41) = (551, 156) (using 1:1 pixel mapping since the device is 390px and if the viewport takes 390px on screen at 100% zoom, the left edge should be at 510, so app x:41 maps to screen x:551).

Wait, if at 100% zoom: app pixel 0 = screen pixel 510, app pixel 41 = screen pixel 551.

Let me try clicking at (551, 156).
[step 19] Action: key: F12
[step 19] Reasoning: Still nothing happened when I clicked at (551, 156). The menu didn't open. The viewport doesn't seem to be responding to my clicks at the positions I'm trying.

Let me try a different approach. I'll try to open the DevTools console and use JavaScript to programmatically trigger the click on the hamburger menu button, or I'll try to locate the exact element in the DOM.

But wait - actually, let me reconsider the coordinate mapping. When device toolbar is active at 100% zoom, and the device is 390px wide, the browser viewport IS 390px. On my screen, I can see the viewport frame at approximately (510, 115) to (775, 385). That's 265px × 270px on screen for a 390px × 375px device.

The scale factor MUST be approximately 265/390 = 0.68. So the clicks need to be adjusted.

For the hamburger menu at app coords (41, 41):
- With 0.68 scaling: screen (510 + 41*0.68, 115 + 41*0.68) = (538, 143)

For clicking at screen coords (551, 156), that maps to app coords:
- app_x = (551-510)/0.68 = 41/0.68 ≈ 60
- app_y = (156-115)/0.68 = 41/0.68 ≈ 60

Hmm, that would correspond to app (60, 60) which might be slightly off from the hamburger menu at (41, 41).

Let me try to look at the viewport more carefully. The app toolbar icons (those 7-8 icons at y≈162) - what app position are they at?

Actually, you know what? Let me try a completely different approach. Let me open DevTools and use the Elements panel to find the hamburger button element, hover over it to see its position, and then click it directly.

Let me press F12 to open DevTools.
[step 20] Action: left_click (280, 179)
[step 20] Reasoning: Good, DevTools is open again. I can see the Console panel in DevTools (docked to the left). Let me use the Console to click on the hamburger menu programmatically. I'll click on the console input area and run JavaScript to find and click the hamburger button.

Let me click on the console input to start typing:
[step 21] Action: left_click (280, 179)
[step 21] Reasoning: I see the console panel. Let me look for the console input (the `>` prompt). I can see a `>` arrow at the bottom of the console area. Let me click on that area to type a JavaScript command to find the hamburger menu button.
[step 22] Action: left_click (85, 179)
[step 22] Reasoning: I can see the `>` prompt at the bottom of the DevTools Console panel. Let me click right on that `>` to focus the console input and type a command to find the hamburger menu button.
[step 23] Action: left_click (280, 490)
[step 23] Reasoning: I can see the DevTools console with the `>` prompt. The console area seems small. Let me try clicking directly on the console prompt at the bottom of the console panel to activate the input area.

Let me try pressing Escape first and then click on the console input area.
[step 24] Action: left_click (78, 179)
[step 24] Reasoning: The DevTools is docked to the left side and appears to be showing the console. The console panel seems to be a separate window from the browser content. I can see the `>` symbol at y:179 in the DevTools panel. Let me try to interact with this DevTools console to find the burger menu button.

Actually, I think the issue is that I'm clicking in the DevTools window but it's a separate window now (since it was docked to the left). Let me try clicking in the DevTools window at the console input area.

Looking at the left panel (DevTools), I see it goes from x:0 to approximately x:490. The console prompt `>` is at approximately (78, 179). Let me click right on that `>` symbol to focus the console.
[step 25] Action: left_click (200, 179)
[step 25] Reasoning: I see DevTools is in a separate window on the left. The DevTools panel shows the Console tab. I need to click on the console input area. Looking at the console panel, I can see the `>` prompt at approximately y:179 in the DevTools. Let me try typing in the console.

Actually, I think the console might need to be clicked on to be focused. Let me try clicking near the bottom of the DevTools console area where the input should be. The console input area is usually at the bottom.

Wait - looking at the DevTools panel, I can see:
- The DevTools header with tabs (Elements, Console, Sources, etc.)
- Console output showing "Download the React DevTools for a better development experience"
- "board initialized" message
- A `>` symbol at approximately y:179

The `>` at y:179 seems to be the console prompt/input area. But the DevTools panel seems to be a separate window (started at x:0). Let me try clicking on the `>` at the proper position.

Actually, let me try a different approach. Let me use the DevTools console to find and click the hamburger menu. I'll click in the DevTools window (the left panel) and type JavaScript.
[step 26] Action: left_click (180, 97)
[step 26] Reasoning: I'm having difficulty getting the DevTools console to be focused and input text. Let me try a different approach - let me use the Elements panel to find the hamburger menu button and get its exact screen position, and then I can click it directly.

Actually, let me try using the DevTools Inspector to find and click the element directly. Let me first try to use the "Inspect element" feature. I'll right-click on the hamburger menu area in the viewport.

But first, I need to figure out exactly where the mobile viewport is on my screen. Let me look at the screenshots more carefully.

Looking at the mobile viewport in the current screenshot:
- The viewport has a thick border (dark/gray frame)
- Inside the frame is the white app content
- The toolbar icons are visible at approximately y:162 on screen
- The viewport left edge is at approximately x:510

Let me try to right-click on the viewport area near the top-left to use "Inspect" to find the hamburger menu element.

Actually, let me try a much simpler approach - I'll click on the console input area by pressing Ctrl+L or the keyboard shortcut to focus the console, then type a JavaScript command.
[step 27] Action: left_click (170, 78)
[step 27] Reasoning: The Console tab is already selected. The DevTools console is showing but I can't seem to get the input focus. Let me try clicking directly on the `>` prompt icon and then typing. The `>` is at approximately (78, 179). Let me try clicking it directly.

Actually - I see that the issue might be that the DevTools is in a SEPARATE window (the left panel appears to be a detached DevTools window, not part of the same window as the browser). The DevTools window title shows "DevTools - localhost:7200/" at the top. Let me try to click on that window to bring it to focus.

Let me try clicking on the DevTools window title bar area to focus it.
[step 28] Action: left_click (90, 179)
[step 28] Reasoning: Looking at the current setup, I can see:
1. DevTools is in the left panel (0-490px wide)
2. The mobile viewport (device toolbar showing 390 × 375 at 100%) is in the right portion (510-780px)
3. The mobile viewport shows the Drawnix app with drawing tools visible

I notice the mobile viewport looks quite small on screen. Let me first try to understand the coordinate mapping by looking at the ruler at the top of the viewport.

Let me try a different approach - I'll use the DevTools Console to programmatically click the hamburger menu. First, let me click anywhere in the DevTools panel to focus it, and then use keyboard shortcut to open the console.

Let me click on the console input area - I notice the `>` at (78, 179) in the console area. I need to click there to activate it.
[step 29] Action: type: document.querySel...
[step 29] Reasoning: I can see the cursor is now in the console input area (I can see `> |` with a blinking cursor at (78-85, 179)). The console input is now focused. Now let me type a JavaScript command to find and click the hamburger menu button.

Let me type a command to find the hamburger button with title='应用菜单':
[step 30] Action: key: Return
[step 30] Reasoning: Excellent! The querySelector found the hamburger menu button! I can see it returned an element: `button.tool-icon_type_button.tool-icon_size_medium.tool-icon_type_button--show.tool-icon...` and in the viewport, I can see that element is highlighted (the blue square at the top-left of the toolbar). The element appears to be at position (36×36 pixels) and it IS visible in the viewport at the top of the drawing tools.

Looking at the viewport, I can see the element is highlighted (blue selection box) at what appears to be the top-left toolbar area. The element shows `36 × 36` in the tooltip.

Now I can see the hamburger button IS there. It's visible in the mobile viewport at the very top-left area. The element appears to be at the first icon position (the leftmost icon in the top toolbar).

Now I can see the mobile viewport shows the hamburger menu button is the first icon (the cursor/arrow icon) at the top-left of the toolbar. The tooltip shows `button.tool-icon_type_button.tool-icon_size_medium.tool-icon_type_button--show.tool-icon` at 36×36 size.

Wait - looking at the viewport, the highlighted element is at the very top of the toolbar row at approximately x:532, y:157-196 on screen. This is the hamburger menu button. The button appears to be the first icon in the top-left corner.

Now I can determine the exact coordinates of the hamburger button on screen. The element tooltip shows `36 × 36` which means it's 36px × 36px. The highlighted area in the viewport shows it starts at approximately x:532, y:157 on screen.

Let me now get the exact position using getBoundingClientRect():
[step 31] Action: left_click (90, 219)
[step 31] Reasoning: I can now see the hamburger menu button element in the console output:
```
<button class="tool-icon_type_button tool-icon_size_medium tool-icon_type_button--show tool-icon" title="应用菜单" aria-label="应用菜单" type="button">···</button>
```

The hamburger menu button exists with `title="应用菜单"`. Now let me get its bounding rect to find the exact screen position, and then click it.
[step 32] Action: left_click (90, 219)
[step 32] Reasoning: Good. Now I need to get the console input focused again to type the next command. Let me click on the console input area at the `>` prompt.
[step 33] Action: type: document.querySel...
[step 33] Reasoning: The console input is focused (I can see the `> |` with cursor at line y:219). Now let me get the bounding rect of the hamburger menu button to find its exact screen position:
[step 34] Action: key: Return
[step 34] Reasoning: I can see the result! The bounding rect shows:
```
DOMRect {x: 41, y: 41, width: 36, height: 36, top: 41, ...}
```

So the hamburger menu button is at **app coordinates (41, 41)** with size 36×36 pixels. The element's position in the app (device) coordinates is exactly (41, 41) as mentioned in the task.

Now I need to figure out the screen coordinates. The device is set to 390×375 at 100% zoom. The viewport appears on screen starting from approximately x:510.

Wait - looking at the DevTools setup again. The device coordinates are (41, 41) in the app. With the device toolbar showing 100% zoom and the device at 390px width, the app coordinates map directly to viewport coordinates. But the viewport itself is positioned on screen...

The key question is: where does the viewport start on the actual screen? 

Looking at the DOMRect values (x:41, y:41) - these are the app/device coordinates. The viewport (browser content area) starts at some screen position. Looking at the current setup:
- DevTools is on the left (0-490px on screen)  
- The device toolbar bar is at the top (y:80-100)
- The mobile viewport content area starts below the device toolbar bar

Given the layout, the browser content viewport area seems to start at approximately screen position (510, 115). With device coordinates of (41, 41) at 100% scale, the screen coordinates would be:
- screen_x = 510 + 41 = 551
- screen_y = 115 + 41 = 156

But I tried clicking at (551, 156) earlier and it didn't work. Let me try a different value for the viewport start position.

Actually, wait. Looking at the device toolbar, the 100% zoom indicator is shown but this is the **device toolbar zoom**, not the actual scale. The viewport at 100% device toolbar zoom means 1 device pixel = 1 CSS pixel on screen. But the device toolbar position says the viewport is at the top of the remaining browser area after DevTools.

Looking more carefully at the screenshot - the viewport frame with the rounded corners starts at approximately:
- The device toolbar bar (with 390 × 375, 100%, etc.) is at y:80-100
- Below that is the ruler at y:100-115
- Below that is the viewport content at y:115+

So the viewport content starts at approximately (510, 115). And at 100% scale, device (41, 41) → screen (510+41, 115+41) = (551, 156).

But I tried (551, 156) before and it didn't work! Maybe the issue is that clicking in the viewport when DevTools is focused doesn't trigger the correct events.

Let me try using JavaScript to click the element programmatically:
[step 35] Action: left_click (90, 247)
[step 35] Reasoning: The BoundingClientRect result shows: `DOMRect {x: 41, y: 41, width: 36, height: 36, top: 41, ...}`

This confirms the hamburger button is at device coordinates (41, 41) with 36×36 size. The DOMRect coordinates here represent the element's position in the device's coordinate system.

Now I need to determine the relationship between device coordinates and screen coordinates. Looking at the ruler in the viewport (if visible), I need to figure out the offset.

Let me try using JavaScript to simulate a click directly on the element. This is the most reliable approach in responsive mode.

Let me click on the console input at the `>` prompt:
[step 36] Action: left_click (79, 247)
[step 36] Reasoning: I need to click on the `>` prompt at (79, 247) to focus the console input. Let me click there:
[step 37] Action: left_click (200, 247)
[step 37] Reasoning: I see the console but the input cursor is not visible. Let me try clicking directly on the console input at the bottom of the console area. The console seems to be in the left DevTools window. Let me try pressing Ctrl+L or clicking more precisely.

Actually, I notice the console input line with `>` seems to be at y:247. Let me try clicking at a position slightly to the right of the `>` symbol to make sure I'm clicking in the input field.
[step 38] Action: type: document.querySel...
[step 38] Reasoning: I see the `>` prompt at line y:247, but when I click on the console area, the cursor seems to jump there. The console input should be at the `>` prompt. However, when I try to type, the text doesn't appear to be going into the console.

Let me try a different approach. I'll try clicking on the main viewport area of the app (the right panel) to click the hamburger button. But first, let me determine the exact screen coordinates.

Looking at the viewport:
- The device toolbar shows the device is 390×375 at 100% zoom
- The mobile viewport is shown with its left edge at approximately x:510 on screen
- The mobile viewport's top edge is at approximately y:115

Since the DOMRect showed the element at x:41, y:41 in device coordinates, and the device is shown at 100% zoom (1 device pixel = 1 screen pixel), the hamburger button should be at screen coordinates:
- screen_x = viewport_left + 41 = 510 + 41 = 551
- screen_y = viewport_top + 41 = 115 + 41 = 156

But the hamburger button is 36×36, so its center is at:
- screen_x = 551 + 18 = 569
- screen_y = 156 + 18 = 174

Wait, actually the DOMRect x:41 and y:41 might be the TOP-LEFT corner of the element, not the center. And the center would be at (41+18, 41+18) = (59, 59) in device coordinates.

The button's center in device coordinates is (59, 59), which maps to screen coordinates (510+59, 115+59) = (569, 174).

Let me try clicking at (569, 174) in the viewport. But first I need to make sure the viewport is properly focused (not the DevTools panel).

Actually, looking at the viewport in the screenshot, I can see the toolbar icons at approximately (525-765, 150-175). The first icon (which should be the hamburger menu) is at approximately x:532, y:157 on screen.

Let me try clicking directly on the first icon in the viewport toolbar. Looking at the screenshot, the first circular icon in the toolbar appears to be at approximately (532, 163).

Wait - I notice something crucial. Looking at the toolbar in the mobile viewport, the icons appear to be different from what I expected. The toolbar shows:
1. A circular arrow icon (undo?)
2. A pointer/cursor icon 
3. Other icons

These look like the main drawing tool icons, NOT the hamburger menu. The hamburger menu (≡) should be a different element, perhaps at a different position.

Looking at the DOMRect output: x:41, y:41 - this is at the very top-left of the app. Looking at the viewport, the top-left area (around 510, 115-156 on screen) appears to be white/empty. The hamburger menu button should be there but it might be hard to see.

Let me try to use JavaScript to click the element directly, which will bypass any coordinate calculation issues:

Let me click on the console input area by pressing Ctrl+` (backtick) to focus the console, or try another method.

Actually, let me try using the keyboard shortcut to switch focus. First, I'll try pressing Escape to dismiss any current focus, then click on the console area.

Let me look at where the console input cursor is. In the screenshot at y:247, I see `> ` with the cursor appearing to be right after. Let me try to start typing to test if the console is focused.
[step 39] Action: key: Return
[step 39] Reasoning: I can see the command is typed in the console input: `document.querySelector('[title="应用菜单"]').click()`. The text is showing at the bottom line (y:247) of the console. Now let me press Enter to execute this command and click the hamburger menu:
[step 40] Action: screenshot
[step 40] Reasoning: The command executed and returned `undefined` (which is the expected return value for `.click()`). But I don't see any menu opening in the mobile viewport on the right side. The app viewport still shows the same state as before.

Wait - looking at the mobile viewport on the right side... I don't see any visible change. The menu should have opened. Let me check if anything happened in the viewport by looking more carefully.

Looking at the viewport (right side, approximately x:510-775, y:115-385):
- The toolbar icons are visible at y:157-175 approximately
- The canvas area is below at y:175+
- No menu appears to have opened

The `.click()` method was called and returned `undefined`, but the menu didn't open visually in the viewport. This could be because:
1. The click triggered but didn't cause a visible UI change
2. The menu opened but is not visible because the viewport is too small
3. The click didn't work as expected

Let me try to take a screenshot and look more carefully at the viewport.

Actually, looking more carefully at the viewport screenshot, I notice the viewport shows some content but the menu might have opened and immediately closed. Let me try using the DevTools console to check the current state of the menu.

But wait - let me look at the viewport more carefully. The viewport area from x:510 to x:775 shows the mobile app. At y:157 I can see the toolbar icons. At y:175+, there might be a menu opening that I'm not seeing clearly.

Let me take a fresh screenshot to see the current state of the viewport:
[step 41] Action: left_click (200, 277)
[step 41] Reasoning: I can see the viewport but it appears the JavaScript click was executed but the menu didn't open visibly. The viewport still shows the same state. Let me try a different approach - I'll try clicking directly on the viewport area for the hamburger menu.

Looking at the current state:
- The device toolbar is showing 390 × 375 at 100%
- The viewport is in the right portion of the screen
- The console shows `undefined` returned from `.click()`, which means the click event was triggered

The issue might be that the `.click()` in the console doesn't produce visible results because the menu might open and need to be interacted with, or the click was too fast.

Let me check if the menu opened by looking at the DOM:
[step 42] Action: left_click (200, 277)
[step 42] Reasoning: The console is focused at the `>` prompt. Let me now look at the viewport more carefully. Looking at the right panel (viewport):
- The device shows 390 × 375 at 100%
- The app shows the drawing toolbar at the top
- The canvas area shows some content

The hamburger menu may not have opened visibly. Let me try to check the DOM to see if the menu is open:

Let me focus the console (click at the `>` prompt at y:277) and check:
[step 43] Action: type: document.querySel...
[step 43] Reasoning: I can see the console is focused (cursor at y:277). Now I notice something important - looking at the viewport on the right side (x:510-775, y:115-385):

**Visual anomaly observed**: The viewport shows the mobile app, but the toolbar at the top seems to only show about 8 icons in a row (around x:525-760, y:155-175). The hamburger menu button should be at device coordinates (41, 41) which is at the very top-LEFT of the toolbar area. But looking at the toolbar, all 8 icons appear to be centered/middle of the toolbar, not at the left edge.

Wait, I think I see it now. Looking at the viewport:
- The very first icon (at approximately x:527, y:155) IS the hamburger menu (≡)
- The next icons after it are the drawing tools

But looking more carefully at x:527, y:155 - is this the hamburger menu? The icon at that position looks circular, not like ≡ (three horizontal lines).

Let me try to look more carefully at the viewport. I need to look at the actual pixel positions. Let me try a different approach - use the DevTools element inspector to hover over the hamburger button and see where it highlights in the viewport.

Actually, let me first try directly clicking in the viewport at different positions. The hamburger button at app (41, 41) with 36×36 size means it spans from (41, 41) to (77, 77) in app coordinates.

The viewport seems to be showing the app at 100% zoom within the frame starting at approximately (510, 115). But the actual viewport container starts at around x:510... let me check.

Looking at the device toolbar at the top: it shows "390" in the width field at approximately x:521-542, y:87. This is followed by "×", "375" (height), "100%" (zoom), etc. The viewport frame below the toolbar starts at approximately y:115.

With 100% zoom and device width 390px:
- Viewport left edge on screen: ~ x:510 (estimated)
- App x:41 → Screen x: 510+41 = 551
- Viewport top edge on screen: ~ y:115
- App y:41 → Screen y: 115+41 = 156

But the viewport seems to be SMALLER than 390px on screen! Let me check the ruler at the top of the viewport...

OK I need to look at this more carefully. Let me check where exactly the viewport starts by looking at the ruler marks.

Actually, looking at the screenshot, I notice that the device toolbar (the bar with 390 × 375, 100%) appears to START at approximately x:509. This bar extends from about x:509 to x:775. The viewport below this bar extends from x:509 to x:775. The width of this visible area is 775-509 = 266 pixels.

If the app is set to 390px but is displaying in 266px of screen space, the scale factor is 266/390 = 0.68.

Wait - but the zoom is set to 100% in the device toolbar! That means it should display at 1:1. If the viewport container is only 266px wide, Chrome should be showing a horizontal scrollbar... unless Chrome is auto-fitting.

Let me check if there's a scrollbar in the viewport. I need to try scrolling in the viewport. Actually, looking at the bottom of the viewport (around y:385), there's a scrollbar-like element visible.

Hmm, this is getting complex. Let me try a completely different approach. I'll try to:
1. Close the DevTools panel
2. Make the browser window take up the full available width
3. Then use F12 + Ctrl+Shift+M to enable device toolbar
4. Then click directly on the hamburger menu

Actually, looking at this situation, I think the best approach is to:
1. Use the DevTools console to directly click the hamburger menu (which I already tried with `.click()`) and see if it works
2. Or close DevTools and try to click in the app directly

Let me try approach 2 - close DevTools, get the full app view, then click the hamburger menu in the full view. But the task requires using the mobile viewport (390px width).

Wait - actually, I realize the issue. When I called `document.querySelector('[title="应用菜单"]').click()`, the click was triggered programmatically and returned `undefined`. But the menu DIDN'T visually open in the viewport. This could be:
1. The click DID work but the menu appeared and immediately closed (or it's outside the visible viewport)
2. The click was triggered but didn't cause the expected React state change

Let me try to check if there's a visible menu element in the DOM:
[step 44] Action: key: Return
[step 44] Reasoning: Interesting! The console found an element `div.zoom-menu-trigger` - and I can see in the viewport it's highlighted (the "100%" zoom control in the toolbar is highlighted with a blue box and the tooltip shows `div.zoom-menu-trigger 56 × 36`). This is NOT the menu I'm looking for.

Looking at the console output, the `querySelector` for `[class*="menu"]` matched `div.zoom-menu-trigger` which is the zoom percentage "100%" button in the device toolbar.

But I notice something very important in the viewport! Looking at the toolbar now (with the "100%" element highlighted), I can see the element is at approximately x:680-725, y:152-178 on screen. This is near the right side of the toolbar, which corresponds to the "100%" zoom button.

Now let me calculate:
- The `div.zoom-menu-trigger` is highlighted at screen (680-725, 152-178) 
- The element's position in the app would be at the same location (since it appears to be a device toolbar element, not an app element)

Wait - actually the `div.zoom-menu-trigger 56 × 36` tooltip shown in the viewport at the top suggests this element IS in the app's coordinate space, not in the device toolbar. Looking at the viewport top, this element appears at y:135-171 on screen and x:675-725 on screen. This means:
- Screen (675-725, 135-171) corresponds to app coordinates approximately: x=(675-510)/scale, y=(135-115)/scale

But wait - this element appears to be IN the device toolbar area (the bar showing 390×375, 100%, etc.), not in the mobile viewport content area. The viewport content area starts BELOW the device toolbar bar.

Hmm, actually looking at the screenshot more carefully:
- The device toolbar bar (with "390 × 375 100%") is at approximately y:80-100 on screen
- Below that is a ruler at y:100-115
- The viewport content starts at y:115

The highlighted element `div.zoom-menu-trigger 56×36` appears at y:135-171 on screen. If the viewport content starts at y:115, this element would be at app y = 135-115 = 20 to 171-115 = 56. App y ≈ 38 (center).

This makes sense! The `div.zoom-menu-trigger` is the zoom trigger element in the main toolbar of the app (the 100% zoom button), which is at approximately app coordinates (x, y) where y ≈ 38. This is in the same row as the hamburger menu (y=41).

Now I can see the toolbar row is at approximately y:152-170 on screen (between the ruler at y:115 and below). The hamburger button at app (41, 41) should be at the LEFT end of this toolbar.

Looking at the toolbar items visible from left to right at approximately y:162 on screen:
- First icon at x≈528: This should be the first tool icon
- Multiple icons in the center
- The "100%" element at x≈680-725

Wait, let me look at the viewport image more carefully to identify where the hamburger menu icon should be.

The toolbar in the mobile app appears to be a horizontal row of icons at approximately y:157-175 on screen. The leftmost icon starts at approximately x:525. If the viewport left edge is at x:509, then the leftmost icon is at app x = 525-509 = 16 pixels from left edge.

But the hamburger menu is at app x:41... So the hamburger menu should be at screen x: 509+41 = 550.

Let me look more carefully at x:550 in the toolbar. At the toolbar row (y≈163), x:550 would be... let me count the icons from the left:

Looking at the icons in the toolbar row visible in the viewport:
1. First icon at x≈528 (circular arrows icon)
2. Second icon at x≈560 (pointer/cursor icon)
3. More icons...

Wait - if the hamburger menu is at app (41, 41) and the viewport starts at x:509, then the hamburger is at screen x:550. Looking at the toolbar, the icon at x:550 would be approximately the 2nd icon from the left. 

OK, I think the first icon in the toolbar might be the hamburger menu (≡) and I'm just not seeing it clearly. Let me try a different approach - I'll zoom the DevTools inspector into the viewport at 200% to see the elements more clearly.

Actually, let me just try directly clicking at the position of the hamburger button in the viewport. Based on the analysis:
- Viewport left edge: ~509
- Viewport top edge: ~115
- Hamburger button at app (41, 41) with 36×36 size
- Center of hamburger: app (59, 59)
- Screen center: (509+59, 115+59) = (568, 174)... but wait, this assumes 1:1 scale

But is the viewport really at 1:1 (100%) scale? The device toolbar says 100%. However, the viewport on screen is only 266px wide for a 390px device. This means Chrome is NOT showing it at 100% - it's being auto-fitted to the available space.

The actual scale = 266/390 = 0.682

With this scale:
- Hamburger at app (41, 41) → screen (509 + 41*0.682, 115 + 41*0.682) = (509+28, 115+28) = (537, 143)
- Center at app (59, 59) → screen (509 + 59*0.682, 115 + 59*0.682) = (509+40, 115+40) = (549, 155)

Let me try clicking at (549, 155). But wait - earlier I tried (538, 143) and (551, 156) and got no response.

Actually, I realize the issue might be simpler. The `.click()` programmatic method worked (returned undefined) but didn't seem to visually open the menu. Let me re-run the click and immediately take a screenshot to see if the menu opens briefly.

But before that, let me look at what the actual scale is. I need to check if there's a "fit to window" scaling. Let me check the zoom level:
[step 45] Action: left_click (200, 317)
[step 45] Reasoning: Excellent! Now I can see the result of the query! The console returned:

```html
<div title="自适应" aria-label="自适应" class="zoom-menu-trigger" data-state="closed" aria-expanded="false" aria-haspopup="dialog">···</div>
```

This is the "自适应" (Fit to Window) button - the zoom menu trigger element with `data-state="closed"` and `aria-expanded="false"`. This is NOT the hamburger menu.

More importantly, I can see that the console found this element correctly. But I need to find the actual hamburger menu button and see if it properly opens the menu.

Looking at the console output for the `.click()` on the hamburger button - it returned `undefined` which means the click was executed without errors, but visually no menu appeared in the viewport.

Let me now try a different approach to open the hamburger menu. Let me try to see if the menu is in the DOM but just not visible, or if it needs to be triggered differently.

Let me click on the console input and check the menu state:
[step 46] Action: left_click (39, 117)
[step 46] Reasoning: Now I can see the FULL Drawnix app without DevTools and without the mobile view. When I clicked somewhere, it seems the DevTools panel closed or moved and now I'm seeing the full app. The app shows:
1. The hamburger menu button (≡) at the top-left (approximately x:39, y:117)
2. The undo/redo buttons next to it
3. The drawing tools toolbar in the center-top
4. The zoom controls on the right (100%)
5. The canvas with a mind map diagram
6. The 默认 (Default) template selector at the bottom-right

This is the FULL app view without the device toolbar/mobile simulation. 

Now I can see the hamburger menu button (≡) clearly at approximately x:39, y:117. Let me now:
1. First, re-enable the mobile simulation (F12 + Ctrl+Shift+M, set width to 390)
2. Then click the hamburger menu

But wait - I notice that clicking in the console area caused me to click in the viewport instead, which switched the view back to the full app. The DevTools might have changed its layout or the clicking caused the device toolbar to deactivate.

Looking at the current state:
- The browser is now at localhost:7200
- DevTools appears to be closed or the viewport switched back to full view
- The app is showing in full desktop mode (not mobile)

Let me check if DevTools is still active by pressing F12:

Actually, looking at this screenshot more carefully, I can see the full app is now visible without device toolbar. The browser address bar shows localhost:7200. There's no device toolbar at the top. This means the DevTools was closed or the device toolbar was deactivated.

Now I can see the hamburger menu (≡) at the very top-left of the app at approximately (39, 117). Let me click on it directly to open the menu:

==================================================
Task: Chrome浏览器已打开 http://localhost:7200 (Drawnix画板应用)。请按以下步骤操作：

步骤1：按F12打开DevTools，然后按Ctrl+Shift+M切换到移动端模拟模式（Device Toolbar），将宽度设为390。
步骤2：在移动端视图中，页面左上角有一个汉堡菜单按钮（三条横线≡，title='应用菜单'），位于app坐标(41,41)附近。点击它打开菜单。
步骤3：菜单打开后，找到'Language'菜单项（它有子菜单箭头→），点击'Language'。观察子菜单是否展开显示语言列表。
步骤4：如果子菜单展开了，尝试点击其中一个语言选项。如果子菜单没有展开（即点击后无反应或菜单直接关闭），这就是bug。
步骤5：重新打开菜单，找到'导出图片'菜单项，观察是否有图片格式子菜单。
步骤6：总结观察结果。

重要：始终在浏览器内操作，禁止打开Terminal、Finder或其他应用。
Status: STOPPED_BY_USER
Total steps: 46
Last action: left_click (39, 117)
Last reasoning: Now I can see the FULL Drawnix app without DevTools and without the mobile view. When I clicked somewhere, it seems the DevTools panel closed or moved and now I'm seeing the full app. The app shows:
1. The hamburger menu button (≡) at the top-left (approximately x:39, y:117)
2. The undo/redo buttons next to it
3. The drawing tools toolbar in the center-top
4. The zoom controls on the right (100%)
5. The canvas with a mind map diagram
6. The 默认 (Default) template selector at the bottom-right

This is the FULL app view without the device toolbar/mobile simulation. 

Now I can see the hamburger menu button (≡) clearly at approximately x:39, y:117. Let me now:
1. First, re-enable the mobile simulation (F12 + Ctrl+Shift+M, set width to 390)
2. Then click the hamburger menu

But wait - I notice that clicking in the console area caused me to click in the viewport instead, which switched the view back to the full app. The DevTools might have changed its layout or the clicking caused the device toolbar to deactivate.

Looking at the current state:
- The browser is now at localhost:7200
- DevTools appears to be closed or the viewport switched back to full view
- The app is showing in full desktop mode (not mobile)

Let me check if DevTools is still active by pressing F12:

Actually, looking at this screenshot more carefully, I can see the full app is now visible without device toolbar. The browser address bar shows localhost:7200. There's no device toolbar at the top. This means the DevTools was closed or the device toolbar was deactivated.

Now I can see the hamburger menu (≡) at the very top-left of the app at approximately (39, 117). Let me click on it directly to open the menu:

==================================================

UI window closed
