Session created: sess-20260422193154-083a3a346e62486e8fe95ef9dbd437e1
UI panel initialized successfully
UI window displayed
Expected result: 在移动端环境下，点击含有子菜单的菜单项时，子菜单能够正常展开显示；再次点击时子菜单能够收起；用户可以正常点击并选择子菜单中的具体选项（如特定语言或图片导出格式），选择后功能正常触发。
[step 0] Action: Initializing
[step 0] Reasoning: Initializing session connection
[step 0] Action: screenshot
[step 1] Action: key: F12
[step 1] Reasoning: I can see the Drawnix website is open in Chrome. I need to simulate a mobile touch environment to test the export menu with submenus. Let me first open Chrome DevTools to enable mobile device simulation, then test the export functionality.
[step 2] Action: left_click (1069, 455)
[step 2] Reasoning: DevTools is open. Now I need to click on the "Toggle device toolbar" button to enable mobile device simulation. Let me click on the device icon in DevTools.
[step 3] Action: key: ctrl+shift+m
[step 3] Reasoning: I see it opened the Issues panel instead. I need to find the device toggle button in the DevTools toolbar. Let me look for it - it should be in the top-left area of the DevTools toolbar. Let me use the keyboard shortcut Ctrl+Shift+M to toggle device mode.
[step 4] Action: screenshot
[step 4] Reasoning: The device toolbar didn't activate. Let me look for the device toolbar toggle button in the DevTools. I need to take a closer look at the DevTools toolbar area to find the toggle device icon.
[step 5] Action: left_click (11, 455)
[step 5] Reasoning: I can see the DevTools is showing the Network panel. The device toolbar toggle button should be in the DevTools header area. Let me look at the icons at the top of the DevTools - specifically the small icons at the top-left of the DevTools panel. I can see there are small icons at coordinates around (10, 455) and (30, 455). Let me click on the device icon which should look like a phone/tablet.
[step 6] Action: left_click (67, 455)
[step 6] Reasoning: The device mode didn't activate. Let me try a different approach - I'll click on the Elements tab first to see if the DevTools is in the right state, and then look for the device toggle button which should be a phone icon.

Let me look more carefully at the DevTools toolbar. The device toggle button in Chrome DevTools should be at the top-left corner of the DevTools window with a phone/tablet icon. Let me click on the "Elements" tab to switch to it and see the device toolbar button better.
[step 7] Action: left_click (30, 455)
[step 7] Reasoning: Now I'm in the Elements tab. I can see the DevTools panel. The device toggle button should be in the top-left area of the DevTools panel. I can see small icons at the top-left - there seems to be a device icon at around (11, 455) area that didn't work. Let me look at the icon row more carefully. 

I can see in the DevTools toolbar on the left side there are what appears to be two small icons. The device toolbar toggle button in Chrome DevTools is typically represented by a phone/tablet icon. Let me look at the top toolbar icons more carefully at around (11, 455). Let me zoom in to understand the UI better.

Let me try clicking directly on what appears to be the device toggle button icon:
[step 8] Action: screenshot
[step 8] Reasoning: Excellent! The device toolbar is now active! I can see the page is now showing in a mobile simulation mode (261 x 375 responsive viewport). The page appears to be very small and showing the Drawnix app in mobile view. I can see a small mobile viewport with the canvas showing. Let me take a screenshot to better understand the current state.

The mobile simulation is enabled. Now I need to find the export menu in this mobile view. I can see a small strip view with the Drawnix app showing. I need to look for the hamburger menu or export button. Let me click in the mobile viewport area to interact with the app.

First, let me zoom in to see the mobile viewport better:
[step 9] Action: key: F12
[step 9] Reasoning: I can see the mobile viewport is now showing the Drawnix app in a small window. The viewport dimensions are 261 x 375. I can see there are some toolbar icons at the top. The app appears to be in mobile mode. Let me try to increase the viewport size to better see the app, and also I need to find the export menu.

Let me first try to change the device dimensions to something larger to see the app better, or let me change to a common mobile device like iPhone 12. Let me click on the "Responsive" dropdown to change device.

Actually, let me first close the DevTools to see the full mobile view:
[step 10] Action: key: F12
[step 10] Reasoning: The DevTools closed but it seems the mobile simulation mode is still active (the page looks similar to before). I see the Drawnix app is showing with a canvas. But I need to enable the mobile device simulation properly to use touch events. Let me re-open DevTools to enable device simulation properly.

Let me re-open DevTools and enable the device toolbar:
[step 11] Action: triple_click
[step 11] Reasoning: The mobile device simulation mode is now active. I can see the device toolbar at the top showing "Dimensions: Responsive, 261 x 375, 100%, DPR: No throttling". The mobile viewport is showing the Drawnix app in a small window. 

I can see the mobile view of the app. There's a toolbar with some icons at the top. I need to find the export menu. Let me look at the mobile view more carefully. I can see there are icons at the top: there appear to be some tool icons. I need to look for a hamburger menu or export button.

Let me increase the viewport size to better see the app. Let me change the width from 261 to something wider like 390 (iPhone 14 width):
[step 12] Action: type: 390
[step 12] Reasoning: I've selected the width field (261). Let me type a larger width value. I'll change it to 390 (common mobile width):
[step 13] Action: key: Return
[step 13] Reasoning: I've typed 390 in the width field. Let me press Enter to apply the change:
[step 14] Action: screenshot
[step 14] Reasoning: Now I can see the app in the mobile viewport. The page is showing the Drawnix app in mobile mode with width 390. I can see:
- A toolbar at the top with icons (hand/select, cursor, connect, text, pencil, zoom, percentage, and more)
- The canvas area below
- At the bottom there seems to be a toolbar strip

I need to find the export button. In the original desktop view, there was a hamburger menu (三 icon) at the top left and some toolbar buttons. Let me scroll the mobile view up to see if there are more elements. 

Let me look at the viewport more carefully. I can see some icons in the toolbar at the top of the mobile view. I need to find the export icon (it looked like a camera/image export icon in the original view). Let me check if there's a hamburger menu or click on the toolbar to find the export button.

Looking at the mobile view, I can see the toolbar has been truncated - there's the "..." indicator that might show more items. Let me try to scroll the toolbar or look for a menu button. The toolbar icons I see are: hand tool, cursor, connect, text, pencil, zoom-out, 100%, and then it seems to be cut off.

Let me first try to scroll within the mobile viewport to see the full app. Let me look for the hamburger menu at top-left:
[step 15] Action: key: F12
[step 15] Reasoning: I can see the mobile viewport showing the Drawnix app. The toolbar at the top has various tool icons. I notice that the toolbar has been cut off at around width 270 (in actual pixels). Looking at the mobile viewport carefully:

- The mobile viewport starts at around x=510 and ends at around x=780
- The toolbar is at y=169
- I can see icons: hand/select, cursor, connect, text, pencil, zoom-out, 100%, and then an icon is cut off to the right (around x=770)

I need to look for the hamburger menu or export button. The original desktop view had a hamburger menu at the top-left with three horizontal lines (≡). In the mobile view, the toolbar seems to only show the tool icons.

Let me look more carefully at the mobile viewport - there might be a menu button that's not visible in the current view. The original app had a hamburger menu at `x=39, y=117` (in the desktop view). In the mobile view, it might be at the far left of the toolbar, but it could be outside the visible area.

Let me scroll left within the mobile toolbar to see if there are more items:

Actually, looking more carefully, the mobile toolbar appears to start partway through. The left side might be cut off. Let me try to scroll within the mobile viewport:

Let me first close the DevTools to see the full mobile viewport:
[step 16] Action: key: F12
[step 16] Reasoning: I can now see the Drawnix app in the full browser window. I can see:
- The hamburger menu (≡) at the top left
- The toolbar in the middle with various tools
- The canvas with the mind map

It seems the DevTools closed the mobile simulation mode again. Looking at the page, it appears the current view is NOT in mobile simulation mode - it's showing the regular desktop view with the canvas and all the UI elements.

Let me re-enable the device simulation mode properly. I notice that closing DevTools seems to exit the device simulation mode. Let me try a different approach - I'll use the Chrome DevTools to enable touch simulation while keeping the regular view, or I need to keep DevTools open while working in the mobile view.

Let me re-open DevTools and keep it open while I interact with the mobile viewport:
[step 17] Action: left_click (748, 161)
[step 17] Reasoning: Now I can see the mobile simulation is active (the Dimensions bar is showing at the top: "Dimensions: Responsive 390 × 375 100% DPR: No throttling"). The mobile viewport is visible. I can see:
- The toolbar with tool icons at the top of the mobile viewport
- The canvas area showing the mind map
- At the bottom of the mobile viewport, there's a "默认" (Default) dropdown and a compass icon

But I notice the hamburger menu (≡) is NOT visible in the mobile viewport! The toolbar doesn't have the hamburger/menu icon visible. The toolbar shows: cursor, select, connect, text, pencil, zoom-out, 100%, zoom-in, and a settings/more icon.

Looking at the screenshot, the mobile viewport shows the toolbar but I need to see if there's a hamburger menu. In the desktop view, the hamburger was at the far left. Let me scroll within the mobile viewport to see the left side.

Actually, looking carefully at the mobile viewport, the toolbar starts at around x=533 in screen coordinates. But the mobile viewport itself starts at around x=512. So the hamburger menu might be hidden to the left of the visible area. 

Wait - in the original desktop version, the hamburger menu was part of the top-left UI. The mobile toolbar might just show the tool selection icons, and the hamburger menu might be at the very left of the mobile viewport (around x=512-520 in screen coordinates). Let me scroll the mobile viewport to the left.

Actually, looking at the bottom of the mobile viewport, I can see there's a "默认" (Default) dropdown at the bottom-right. This may be the language selector. 

Let me scroll the mobile toolbar to see if the hamburger menu is hidden. Let me try scrolling horizontally within the toolbar:

Actually, let me look more carefully at what's shown. The mobile toolbar icons in the viewport (from left to right): cursor/hand, rectangle-select, connect, text, pencil, zoom-minus, 100%, zoom-plus, and more/settings icon. The hamburger menu might not be in the mobile toolbar.

Looking at the original desktop view, the export icon was in the top toolbar (it looked like a camera/image export icon or a download icon). In the mobile view, the toolbar might have a different arrangement.

Let me try clicking on what appears to be a "more" or settings icon at the far right of the toolbar (around x=748 in screen coords) to see if it reveals a menu with export options:
[step 18] Action: scroll up (640, 250) scroll_amount 3
[step 18] Reasoning: Clicking the icon at (748, 161) didn't seem to open any menu. The mobile viewport still shows the same state. I notice the toolbar doesn't show a hamburger menu visible in the mobile view. Let me try to scroll the mobile viewport to look at the top-left area where the hamburger menu might be.

Let me scroll horizontally to the left within the mobile viewport to see if there's a hidden hamburger menu:

Actually, looking at the mobile view more carefully, I notice:
- The mobile viewport area shows a cropped view of the app
- The toolbar icons visible are: cursor, select, connect, text, pencil, zoom-minus, 100%, zoom-plus, and an icon (at the right)
- There's no visible hamburger menu (≡) in the mobile viewport

This might be because the mobile viewport at 390px width shows just the center of the app toolbar, but the hamburger menu might be on the left side that's being cut off.

Wait - looking at the viewport dimensions, it's 390px wide but the mobile view appears to be showing some specific part. Let me try to scroll the page within the mobile viewport to find the hamburger menu.

Let me try clicking on the export icon. In the original desktop view, the export icon was a camera-like or image icon. Looking at the mobile toolbar, I think the icon with what appears to be a square with an arrow might be the export icon. Let me try each icon.

Actually, let me look at the icons more carefully. In the toolbar at y=161, from left to right:
- x≈533: hand/finger icon
- x≈558: cursor select icon
- x≈587: connect icon
- x≈612: text (T) icon
- x≈638: pencil icon
- x≈663: zoom-out icon
- x≈695: "100%" text
- x≈729: zoom-in icon
- x≈748: another icon

Let me look at what the original desktop view's hamburger menu location was. Looking at the original desktop view I saw earlier, the hamburger was at around (39, 117). In the mobile simulation, the page content has shifted. 

Let me try scrolling within the mobile viewport to the left to see if there are hidden elements. But first, let me try to find if there's a way to see the entire toolbar in the mobile view. Let me try making the DevTools narrower to give more space to the mobile viewport.

Actually, I realize I need to scroll the mobile viewport itself. The mobile view is showing just part of the app. Let me try to scroll left within the mobile viewport:
[step 19] Action: left_click (520, 130)
[step 19] Reasoning: The mobile viewport looks the same. The scroll didn't change the view. I notice the mobile viewport has a fixed toolbar and the page itself might not scroll in this way. 

Looking more carefully at the mobile viewport, I see:
- The toolbar row at y≈161 shows: cursor, select, connect, text, pencil, zoom-, 100%, zoom+, and another icon
- The canvas area shows the Drawnix app
- At the bottom (around y=335-380) there's "默认" (Default) dropdown and what appears to be more content

But I need to find the export menu. In the original desktop view, the menu was accessible from the hamburger icon (≡). Let me look at the mobile viewport more carefully.

Looking at the toolbar, I see a "≡" style icon at the very left of the toolbar in the mobile viewport. Let me see if the far left icon (at x≈533) is actually the hamburger menu icon:

Wait, looking at the original desktop view screenshot I took much earlier, the Drawnix app had:
1. A hamburger menu (≡) at top-left 
2. Undo/Redo buttons next to it
3. The tool selection toolbar in the center
4. Export/settings icons on the right

In the mobile view that's visible now, the toolbar shows a different set of icons. The mobile view might rearrange the UI. 

Let me try clicking on the icon at the far right of the toolbar (the "more" icon at x≈748) again, but this time I need to make sure the click registers within the mobile viewport:

Actually, looking at the layout, the mobile viewport in device simulation mode is typically interacted with by clicking WITHIN the mobile view box. The icons at the top of the box are visible. Let me look at the icon at x≈533, which seems to be a cursor/hand icon. 

Let me try scrolling the mobile content area UP to reveal any hidden toolbar above:

Actually, let me look at this differently. The visible mobile toolbar shows 9 icons. In the original desktop view, there was a hamburger menu at the far left. In the mobile view, maybe the hamburger menu is hidden or replaced with something. 

Let me try clicking on the "more" (additional options) icon which appears to be at x≈748, y≈161. That might be the icon with three dots or a settings/export icon:

Actually, I think the icons I'm seeing in the toolbar might include an export icon. Let me look more carefully. The icon at position x≈748, y≈161 looks like a person/user icon or settings icon. Let me try clicking different icons to find the export option.

Actually, let me approach this differently. The task says to:
1. Open the export menu
2. Find a menu item with a submenu (language selection or image format selection)
3. Test if the submenu can expand/collapse
4. Try to select an option from the submenu

The export menu was accessed via the hamburger menu (≡) in the original desktop view. In the mobile view, I need to find it.

Looking at the toolbar icons at y≈161, I notice an icon that might look like a "≡" at x≈533 (which I previously identified as a hand/finger icon). Let me try clicking it:

Actually wait - looking at the icons again, in the mobile view the toolbar shows at the left side of the viewport. The ORIGINAL desktop view had a hamburger menu at the far top-left corner (completely separate from the main tool toolbar). In the mobile view, the hamburger menu might be at the top-left of the mobile viewport, which is at approximately (512, 117) in screen coordinates - but the mobile viewport starts at around x=510 and the content within the mobile viewport starts at x=512.

Let me try clicking at the top-left of the mobile viewport to see if there's a hamburger menu there:
[step 20] Action: left_click (706, 335)
[step 20] Reasoning: The mobile view still shows the same state. I notice that the mobile viewport doesn't seem to have the hamburger menu visible. The mobile toolbar shows only the drawing tool icons. 

Looking at the mobile viewport more carefully, I need to understand what this mobile view is showing. The mobile viewport is showing:
- Top: The tool icons toolbar (scroll/cursor tools)
- Middle: The canvas area (which shows empty by default)
- Bottom: "默认" dropdown and some controls

The hamburger menu (≡) from the desktop view might have been replaced in mobile view, or it's somewhere I haven't looked yet. 

In the original desktop view, the hamburger menu was at around (39, 117) in the browser window coordinates. In the mobile simulation view, the mobile viewport starts at approximately x=511, y=113 in screen coordinates. The mobile viewport is 390px wide. So the left edge of the mobile viewport is at screen x≈511, and the hamburger (which was at approximately 39px from left in original view) should be at approximately screen x≈511+39 = x≈550 and y≈113+4 = y≈117 in the mobile viewport.

Wait, but I don't see a hamburger menu at those coordinates in the mobile viewport. The mobile toolbar shows only the tool selection icons.

Let me try examining the mobile viewport more carefully. I'll try clicking at different positions to find the hamburger menu. Let me try clicking at the far left of the toolbar:

Actually, looking at the screenshot more carefully, the mobile viewport seems to only show part of the full UI. In the mobile responsive mode (390x375), the app might have reorganized its layout.

Let me try scrolling within the mobile content area horizontally to see if there are more elements:

Let me try to find the hamburger menu in the mobile viewport. Looking at the mobile view, the toolbar starts at approximately x=527 in screen coordinates. The leftmost icon is at around x=533. I need to scroll left to see if there's a hamburger menu before the first visible icon.

Actually, wait - I recall that in the original desktop view, there were THREE separate rows/areas:
1. Top-left: hamburger menu + undo/redo
2. Top-center: tool selection toolbar
3. Top-right: some icons (export etc.)

In the mobile view with limited width (390px), these might have been collapsed or reorganized.

Let me try a different approach. Let me look at the bottom of the mobile viewport more carefully - the "默认" dropdown at the bottom. This might actually be related to language or theme selection. Let me click on it:
[step 21] Action: key: Escape
[step 21] Reasoning: Excellent! I clicked on the "默认" (Default) dropdown and a dropdown menu appeared! The dropdown shows several options:
- 默认 (with a blue checkmark)
- 系统
- 亮色
- 暗色
- 紫色

This appears to be a theme selector (默认=Default, 系统=System, 亮色=Light, 暗色=Dark, 紫色=Purple). This is a dropdown but NOT with a submenu - it's a simple dropdown. This might not be what I'm looking for.

Now I need to find the EXPORT menu. In the desktop view, the export button was in the toolbar. Let me close this dropdown first by pressing Escape, and then look for the export button in the toolbar.

Looking at the toolbar icons visible (at y≈161 from top of the mobile view, which is around y=161 in screen coordinates):
- x≈533: icon1 (hand/drag tool?)
- x≈558: icon2 (select tool?)
- x≈587: icon3 (connect tool?)
- x≈612: icon4 (text tool T)
- x≈638: icon5 (pencil/draw tool)
- x≈663: icon6 (zoom-out)
- x≈695: "100%"
- x≈729: icon7 (zoom-in)
- x≈748: icon8 (this might be the export/share icon)

Let me close this dropdown and look at the toolbar more carefully. Let me press Escape first:
[step 22] Action: scroll down (640, 200) scroll_amount 3
[step 22] Reasoning: Good, the dropdown is closed. Now I need to find the export button. Looking at the toolbar in the mobile view, I can see icons at the top. The export icon in the original desktop view looked like a camera or download icon. 

In the mobile view at the top toolbar, the icons I can see at approximately y=161 (in screen coordinates) are various drawing tools. The toolbar seems to NOT show an export icon directly.

Let me check if there's a hamburger menu hidden. Looking at the mobile viewport, the mobile view starts at approximately x=511 in screen coordinates. If the hamburger icon was at position 20-30 pixels from the left in the original UI, it should be at approximately x=511+20 = x=531 in screen coordinates.

But the toolbar shows tool icons starting at approximately x=533. There might not be a hamburger menu visible in the mobile toolbar row.

Let me scroll UP within the mobile viewport to see if there's a header/navbar above the toolbar that might contain the hamburger menu:
[step 23] Action: scroll up (640, 200) scroll_amount 3
[step 23] Reasoning: Interesting! Scrolling down in the mobile viewport revealed the canvas content below the toolbar - I can see a Safari browser icon (which seems to be part of a mind map in the canvas). The canvas has scrolled to show the mind map content. The toolbar at the top is still showing the same icons.

I notice the canvas shows a Safari icon with what appears to be a mind map. The toolbar is still at the top. But I still haven't found the export menu.

Let me scroll back up to see the top of the mobile view and look more carefully for the export/hamburger menu icon. The hamburger menu (≡) might be somewhere I haven't looked:
[step 24] Action: left_click (750, 162)
[step 24] Reasoning: Good, back to the top. Let me look at the toolbar icons more carefully. The toolbar shows:
- At y≈161 in screen coords (which is the toolbar of the mobile app)

Looking at the icons, I see them from left to right:
1. x≈533: An icon that might be the cursor/select tool
2. x≈558: Another icon
3. x≈587: Another icon (looks like a web/link icon)
4. x≈612: T (text tool)
5. x≈638: pencil icon
6. x≈663: zoom-out icon (magnifying glass with minus)
7. x≈695: "100%"
8. x≈729: zoom-in icon (magnifying glass with plus)
9. x≈748: Another icon

But the hamburger menu (≡) in the original desktop view was at the very top-LEFT area, not in the tool toolbar. In the mobile view, the entire app is fitted into 390px, so the layout might be very different.

Let me try to look at what's cut off on the right side of the toolbar. There seems to be an icon at x≈748 that I haven't properly identified. Let me zoom in on the mobile viewport toolbar to see the icons better.

Actually, looking at the current screenshot, I notice the mobile view toolbar shows icons at y≈161. The rightmost visible icon is at approximately x≈748. This icon might be the export/more options icon. Let me try clicking it more precisely:
[step 25] Action: key: Escape
[step 25] Reasoning: A dropdown menu appeared with two options:
- "Mermaid 到 Drawnix" (with a > arrow indicating it might have a submenu, or it's just a download icon)
- "Markdown 到 Drawnix"

This appears to be an import menu (importing Mermaid or Markdown to Drawnix), not the export menu. Let me close this and look for the actual export button.

Let me press Escape to close this menu:
[step 26] Action: left_click (533, 161)
[step 26] Reasoning: Good. The menu is closed. Now I need to find the export button in the mobile view. Looking at the toolbar icons, the icon at x≈750 was the import menu. Let me look at the other icons more carefully.

Looking at the toolbar (at y≈161 in screen coordinates), I need to identify each icon. In the desktop view, the hamburger menu was at the top-left corner. In the mobile simulation, the toolbar might be displaying the tool icons in the center-top area.

Let me look at the FIRST icon in the toolbar at x≈533. In the original desktop view, the hamburger menu was at x≈39. In mobile view at 390px width, if the content is proportional, the hamburger should be at approximately x=510 + (39/1280*390) ≈ 510+12 ≈ 522 in screen coordinates. But that's before the first visible icon at x≈533.

Actually, the task says the export menu has a hamburger icon (≡). Let me look at the ICON at the very left of the mobile toolbar. In the original desktop view at the same URL, I saw at the top-left: three horizontal lines ≡ (hamburger menu), followed by undo/redo arrows.

Let me try clicking the first icon (leftmost) in the toolbar to see if it's the hamburger menu:
[step 27] Action: left_click (719, 161)
[step 27] Reasoning: Clicking on the first icon (at x=533, y=161) didn't open any menu. The icon was highlighted (showing a blue circle/selection around it). This appears to be the drag/pan tool (hand) that allows panning the canvas.

Let me think about the layout differently. The mobile view shows a toolbar with tool selection icons. The hamburger menu (≡) from the desktop view might NOT be in the top mobile toolbar. Instead, it might be at the bottom or accessed via a different UI element.

Looking at the bottom of the mobile viewport, I saw a "默认" dropdown that is a theme selector. The export menu might be accessed differently.

Let me look for the hamburger menu at the very top left of the mobile viewport. The mobile viewport content area starts at approximately x=511, y=113 (the inner border of the mobile view box). 

Looking at the original desktop view, the hamburger menu was at the top-left corner of the app, outside the tool toolbar. In the mobile simulation, this hamburger menu might be at a completely different location.

Let me try clicking at x=520, y=117 to see if there's a hamburger menu in the very top-left:

Actually, thinking about it differently - the mobile viewport toolbar might show DIFFERENT icons than the desktop view. The mobile view might have reorganized the UI, putting the hamburger menu somewhere else.

Let me look for the image export icon. In the original desktop view, there was an image/export icon (looked like a photo/camera). Looking at the icons in the mobile toolbar at y=161:
- icon at x≈589: this looks like a connected-nodes or share icon
- icon at x≈748: I opened this and it showed "Mermaid to Drawnix" and "Markdown to Drawnix" (import)
- icon at x≈719: image export icon? (square with up arrow)

Wait, I need to look at what icon is at position x≈719. Let me click on each icon systematically. The icon at x≈719 looks like it could be an image export icon (square with arrow). Let me click it:
[step 28] Action: left_click (520, 130)
[step 28] Reasoning: I can see the icon at x=719 (which is the zoom-in icon, now showing highlighted in blue with a magnifying glass with + sign) was zoomed in - the display changed from "100%" to "110%". This is the zoom-in button. 

Now I understand the toolbar layout:
- x≈533: drag/pan tool
- x≈559: selection tool
- x≈587: connect tool
- x≈613: text tool (T)
- x≈640: draw tool (pencil)
- x≈663: zoom-out (magnifying glass with -)
- x≈697: "110%" (zoom level)
- x≈719: zoom-in (magnifying glass with + - just clicked this, zoomed to 110%)
- x≈748: import tool (Mermaid/Markdown)

But I DON'T see the export button or hamburger menu in this toolbar! The toolbar seems to only contain drawing tools and zoom. The export function must be somewhere else.

In the original desktop view, the hamburger menu (≡) was at the TOP LEFT of the page, outside and to the left of the drawing tool toolbar. Let me look for the hamburger menu in the mobile view.

Looking at the current screenshot, the mobile viewport shows a rounded rectangle (the mobile frame) at approximately:
- Left edge: x≈511
- Right edge: x≈780
- Top edge: y≈113
- Bottom edge: y≈389

The toolbar is at y≈149-172. But the TOP of the mobile content (before the toolbar) might contain the hamburger menu! Let me look at the y coordinates above the toolbar (y≈113 to y≈149) to see if there's a header with the hamburger menu.

Looking at the screenshot, the mobile viewport content starts at y≈113 (the top of the white rounded-rectangle frame). The toolbar icons appear at y≈161. But what's between y≈113 and y≈161?

Let me try clicking at the very top of the mobile viewport (where a header/navbar would be) to see if there's content there:
[step 29] Action: scroll left (640, 161) scroll_amount 3
[step 29] Reasoning: Clicking at (520, 130) didn't open any menu. The toolbar icons are all visible in the range y=149-172. The area around y=130 doesn't seem to have any interactive elements - it might be the top border of the mobile viewport.

I need to find the hamburger menu. Let me try a different approach - let me look at the mobile viewport more carefully. In the screenshot, the toolbar occupies the top area (y≈149-172). The area from y≈113 to y≈149 seems to be blank.

Wait - looking at the mobile frame shape (rounded rectangle), the content starts at the very top. The tool icons at y≈161 ARE the topmost UI element. But in the original desktop view, the hamburger was separate.

Maybe in the mobile view, the toolbar scrolls horizontally, and the hamburger menu is to the LEFT of the visible area! Let me try to scroll the mobile toolbar horizontally to the LEFT:
[step 30] Action: key: F12
[step 30] Reasoning: The view didn't change when scrolling horizontally. The toolbar icons are still the same. 

I need to take a different approach to understand the mobile layout better. Let me look at the desktop view of the app to understand where the export button is. Let me temporarily close DevTools to see the full desktop view, and then reopen it to navigate to the export button in mobile view.

Actually, let me first go back to the desktop view to understand the UI layout. I'll close DevTools:
[step 31] Action: left_click (39, 117)
[step 31] Reasoning: Now I can see the Drawnix app in the desktop view (without DevTools). I can clearly see:
1. At the top-left: the hamburger menu (≡) at approximately (39, 117), followed by undo and redo arrows
2. In the middle: the toolbar with tool selection icons (cursor, select, connect, text, pencil, draw, duplicate, image, and settings)
3. At the bottom-right: "默认" dropdown (theme selector)

Now I can see the desktop view clearly. The hamburger menu (≡) is at the very top-left at (39, 117). The toolbar has many more icons than were visible in the mobile view. Let me click on the hamburger menu to see the export option in the desktop view first, and then understand what the mobile view would look like:
[step 32] Action: key: Escape
[step 32] Reasoning: Excellent! Now I can see the hamburger menu opened with these options:
1. **打开** (Open)
2. **保存文件** (Save File) - Cmd+S
3. **导出图片** (Export Image) - Cmd+Shift+E
4. **清除画布** (Clear Canvas) - Cmd+Backspace
5. **Language** (with an icon suggesting submenu)
6. **GitHub**

I can see "Language" is an option that likely has a submenu with language options. And "导出图片" (Export Image) is the export function. 

Now I need to:
1. First, close this menu (press Escape)
2. Re-enable the mobile device simulation (F12, then toggle device toolbar)
3. Find the hamburger menu in the mobile view
4. Open the export menu and test the submenu (Language in particular)

But wait - in the mobile view, I couldn't find the hamburger menu! Let me check - maybe the hamburger menu (≡) is there but I just missed it. Let me close this menu and open DevTools again to find it.
[step 33] Action: key: F12
[step 33] Reasoning: Good, the menu is closed. Now I can see the desktop view showing the hamburger menu (≡) at the top-left (approximately x=39, y=117). Now I need to understand what happens in the mobile simulation.

Let me open DevTools again and check the mobile view. The DevTools was previously showing the device simulation at 390px width. In the mobile view, the hamburger menu might be there but at a different position within the mobile viewport.

Let me re-open DevTools:
[step 34] Action: left_click (640, 379)
[step 34] Reasoning: I can see the mobile device simulation is still active (Dimensions: Responsive 390 × 375, 100%). The mobile viewport is showing the Drawnix app. Looking at the mobile viewport, I can see:
- The toolbar at y≈161 with tool icons
- The canvas area (with a horizontal separator line visible below the toolbar)
- The "默认" dropdown at the bottom
- At the bottom of the mobile view (y≈377): horizontal "=" lines indicating a scrollbar or bottom navigation

Wait! I can see at the BOTTOM of the mobile view (y≈377-378) there are "=" symbols (horizontal lines). These might be a hamburger menu icon at the BOTTOM of the mobile view! Let me look at the bottom of the mobile viewport more carefully.

Looking at the screenshot, at y≈378 in screen coordinates, I can see "=" and "=" which looks like "≡" (hamburger icon) and some other element at the bottom. Let me look more carefully.

Actually, looking at the bottom of the mobile viewport at y≈377, I see what appears to be "= =" which might be two items: the "=" (hamburger lines) and another "=" (another element). 

Let me try clicking on the left bottom of the mobile viewport (at around x=640, y=379) to see if there's a hamburger menu at the bottom:
[step 35] Action: left_click (525, 148)
[step 35] Reasoning: Still the same view. The click at (640, 379) didn't reveal any menu. I can see at the bottom of the mobile viewport there are horizontal lines (at around y=371 and y=378). These look like scroll indicators or the bottom part of the mobile UI.

Let me look at this differently. Looking at the mobile view in the screenshot, I notice:
- There's a horizontal separator bar at y≈371 (inside the mobile frame)
- Below it at y≈379 there's another bar

These might be the scrollbar handle for the mobile viewport. 

Let me try to look at the bottom-center of the mobile viewport where I saw the "=" characters earlier. Looking carefully at y≈379, I see what looks like "= =" (two sets of horizontal lines). The left "=" at approximately x=640 might be a hamburger icon at the BOTTOM of the mobile view.

Actually, wait - looking at the mobile view layout, I recall that in the original desktop view the hamburger menu was at the TOP-LEFT of the screen (x=39, y=117). In the mobile view at 390px width, the hamburger should be at approximately:
- Screen x = mobile_viewport_left_edge + hamburger_app_x_offset
- = 511 + 39 = 550 (approximately)
- Screen y = mobile_viewport_top_edge + hamburger_app_y_offset 
- The mobile frame/content starts at approximately y=113+40 = y≈153 for the very top of content inside the mobile frame

But the mobile simulation at 390px might show the hamburger menu at x=511+39=550, y=113+4=117 in the screen's coordinate system. But the TOOLBAR is at y=161 which means the content area starts around y=149.

Let me try to see if I missed the hamburger menu that might be in the content OUTSIDE the visible mobile viewport (i.e., the user needs to scroll up within the mobile viewport to see it). Let me try to find the hamburger at approximately (525, 148):
[step 36] Action: left_click (640, 376)
[step 36] Reasoning: Still the same view. The click at (525, 148) didn't reveal any menu. The mobile toolbar seems to start at y≈149, and the content above (y≈113 to y≈149) is just the mobile frame border/padding.

Looking at the current mobile view carefully, I notice the toolbar's leftmost icon is at approximately x=533 in screen coordinates. Looking at the mobile viewport left edge (x≈511) and the leftmost icon (x≈533), the distance is about 22 pixels. But in the original app, the hamburger was at approximately x=39 pixels from the left. So:
- Mobile viewport left edge: x=511
- Hamburger should be at: x=511 + 39 = x=550 in screen coordinates
- But the leftmost TOOLBAR icon is at x=533

Wait - could the icon at x=533 BE the hamburger menu? The icon looked like a "hand/drag" icon but maybe it's actually the hamburger menu? Let me look at what I know:

In the desktop view:
- Hamburger (≡) at x≈39, y≈117
- Undo (←) at x≈65
- Redo (→) at x≈91
- Tool toolbar starts at x≈534 (with the first tool icon)

In the mobile view at 390px:
- The mobile viewport left edge is at screen x≈511
- Hamburger app-local position: 39px from left → screen x≈511+39=550 
- Tool toolbar starts at approximately x≈534

But x=550 should correspond to an app-local x of 39px... which would be the hamburger position. But I was clicking at x=533 which corresponds to app-local x=22 (before the hamburger).

The icon at x=533 in screen coordinates is at app-local x=533-511=22, which is NOT the hamburger (which is at app-local x=39). So what IS at app-local x=22 in the mobile view?

Actually, wait - the mobile viewport width is 390px but the SCALE might be different. Looking at the DevTools dimensions: "Responsive 390 × 375, 100%". At 100% scale, 390px in the app maps to 390px in screen space within the mobile viewport.

So: 
- Mobile viewport left inner edge (actual content start): approximately x=511 in screen coordinates
- Hamburger position in app: x≈39 (same as desktop at same URL in app coordinates)
- Hamburger in screen coordinates: 511 + 39 = 550

But the toolbar icons are at x=533, 558, etc. which would correspond to app positions x=22, 47, etc. 

Wait - the toolbar in the MOBILE view is centered at the top of the viewport (it's a centered toolbar), not left-aligned! In the desktop view, the toolbar is in the CENTER top area. So the tool toolbar icons position depends on the mobile viewport width (390px) and how the toolbar is laid out.

Let me look at the DESKTOP view toolbar position vs mobile. In the desktop view with full width (~1280px), the toolbar was centered at approximately x=640. The tool toolbar icons were centered in the window.

In the mobile view at 390px, the toolbar would be CENTERED at x=195 (within the 390px viewport). So in SCREEN coordinates, the toolbar center would be at x=511+195=706. 

But the toolbar icons I see in the mobile view seem to span from x≈527 to x≈750 in screen coordinates, which maps to app-local x≈16 to x≈239. This doesn't seem centered...

Actually, I think I'm overcomplicating this. Let me try a different approach: Let me look at the BOTTOM of the mobile viewport where I saw "≡ =" symbols. Earlier at y≈379, I saw what looked like horizontal lines. Let me try clicking at (640, 379):

Actually, let me zoom in to get a better view of the bottom of the mobile viewport. In the current screenshot, the bottom of the mobile frame is at y≈389 and the "=" symbols appear at y≈379. The "≡" (triple horizontal lines) would be the hamburger menu icon.

Looking at the bottom strip of the mobile viewport (around y=376-382), I can see:
- At x≈640, y≈379: two horizontal lines (=)
- At x≈776, y≈379: another element

These two elements at the BOTTOM of the mobile viewport might be navigation controls (like a hamburger menu at bottom-left and a settings at bottom-right).

Let me try to click on the "=" element at the BOTTOM of the mobile viewport at the bottom-CENTER:
[step 37] Action: left_click (554, 161)
[step 37] Reasoning: I can still see the same view. Clicking at (640, 376) didn't reveal anything new. Looking at the bottom of the mobile viewport, I see two "=" symbols at the very bottom (y≈379). These might be scroll handles for the mobile viewport, not actual UI elements.

Let me try a completely different approach. The bottom of the mobile viewport shows a "=" icon at approximately x=640, y=379. Looking at this more carefully, the "=" might actually represent the horizontal scroll/resize handle that Chrome DevTools adds at the bottom of the mobile viewport for resizing. The "≡" at x=776 might also be a handle.

Now I need to think about where the hamburger menu IS in the mobile view. In the desktop view (at width ~1280px), the hamburger is at x=39. In the mobile view (at width 390px), the hamburger position in the app's coordinate system should be the SAME (x=39 within the 390px viewport). 

In SCREEN coordinates, the hamburger should be at:
- Screen x = left_edge_of_mobile_viewport + 39 = 511 + 39 = 550
- Screen y = top_edge_of_mobile_viewport_content + same_y_offset

But looking at the mobile viewport:
- The mobile frame outer edge (including the rounded border) starts at approximately x=509
- The inner content edge starts at approximately x=515 (after the border)
- So hamburger at app-local x=39 → screen x = 515 + 39 = 554

The toolbar icons I can see start at approximately x=527-530 which is much less than 554. This means the toolbar icons I'm seeing at x=527-530 are at very small app-local x positions (x=12-15 in the app), which are BEFORE the hamburger position (x=39).

Wait - this makes me think the mobile toolbar is NOT the same layout as the desktop toolbar. In the mobile view, the toolbar might start from the very left edge (x=0 in app coordinates) and the first icon at x=12-15 might be the hamburger menu!

Let me reconsider: In the mobile view at 390px wide:
- The content area starts at app-local x=0
- First icon (at screen x≈527) → app-local x = 527-511 = 16 pixels from left
- This could be the HAMBURGER MENU at app-local x=16-20

Actually wait - the screen coordinate mapping might not be just a simple offset. The mobile viewport itself starts at approximately x=511 (the left border of the mobile frame), but there might be some padding inside the frame. Let me think about this differently.

The mobile frame in Chrome DevTools shows a rounded rectangle simulating a phone. The inner content area (where the web page renders) starts slightly inside the outer frame. Let me assume the inner content starts at approximately x=515 in screen coordinates.

So the mapping is: app-local x → screen x = app_local_x + 515

With this mapping:
- First toolbar icon at screen x=533 → app-local x = 533-515 = 18
- Second icon at screen x=558 → app-local x = 43

Looking at the ORIGINAL DESKTOP view coordinates:
- Hamburger menu at (39, 117)
- Toolbar icons start at around x=534 (which is the first tool icon)

The mobile view would place:
- Hamburger at app-local x=39 → screen x = 39+515 = 554 (app stays the same, only the viewport offset changes)

Looking at the mobile toolbar:
- screen x=527 → app-local x=12 (what icon is this?)
- screen x=533 → app-local x=18 (still before hamburger at app-local x=39)
- screen x=558 → app-local x=43 (AFTER hamburger at app-local x=39!)

This means the hamburger menu at app-local x=39 would be at screen x = 39+515 = 554. This would be BETWEEN the second icon (at screen x=558) and the first icon (at screen x=533). Looking at the toolbar icons:
- x=533 → app-local x=18 → might be some other icon
- x=540 → app-local x=25 → still before hamburger
- x=554 → app-local x=39 → HAMBURGER MENU LOCATION

Let me try clicking at screen x=554, y=161 which should be where the hamburger menu would be in the mobile view:
[step 38] Action: left_click (11, 454)
[step 38] Reasoning: I can see that clicking at (554, 161) selected/highlighted the second toolbar icon (the cursor/select tool - highlighted in blue at x=558). This is the "rectangle select" tool, not the hamburger menu. 

Let me look at the toolbar icons in the mobile view again. The icon at screen x=533 (the first icon) and x=558 (the second icon, now highlighted). These are TOOL SELECTION icons, not navigation/menu icons.

I notice the icon at screen x=533 looks like a hand/drag icon and x=558 looks like a cursor/box select icon. Where are the undo/redo buttons and hamburger? In the original DESKTOP view:
- Hamburger (≡) at x≈39, y≈117
- Undo at x≈65, y≈117
- Redo at x≈91, y≈117
- Tool toolbar: START at x≈522 (center-ish)

But in the MOBILE view (390px wide), the layout would be quite different. The app might have completely reorganized the UI for mobile:
- The hamburger menu might be at a completely different location
- The toolbar might show only a subset of items

Actually, let me try to look at the icon SIZES and POSITIONS in the mobile toolbar more carefully. In the mobile view, the visible icons span from approximately:
- Leftmost icon at screen x≈527 to rightmost at x≈750
- Width span: 750-527 = 223px
- In app local coordinates: 0 to 223px (spanning the full 390px viewport... no, wait, 223px is less than 390px, so the toolbar is NOT full width)

OK I realize I need to approach this differently. Let me use the Chrome DevTools inspector to actually look at the DOM and find the hamburger menu element. Let me use the Elements inspector to find the hamburger menu:

Actually, a much simpler approach: Let me use the DevTools "Inspector" mode (the cursor+rectangle icon at top-left of DevTools) to click on elements in the mobile viewport to identify what each element is. Let me click on the inspector tool:
[step 39] Action: left_click (114, 454)
[step 39] Reasoning: I clicked on the inspector tool but the view is still the same (the Elements panel is showing but I'm not in inspector mode). I need a better approach to understand the mobile UI.

Let me try a completely different approach: I'll increase the mobile viewport HEIGHT to see if the hamburger menu is being hidden (maybe it's below the visible area), or I'll use the DevTools Console to inspect the DOM and find the hamburger menu element.

Let me use the DevTools Console to find the hamburger menu by searching for it in the DOM:
[step 40] Action: left_click (570, 519)
[step 40] Reasoning: I'm now in the Console tab. I can see "board initialized" message. Let me use the console to find the hamburger menu button's position in the DOM. I'll search for elements with specific attributes or class names related to the menu:
[step 41] Action: left_click (570, 519)
[step 41] Reasoning: I'm now in the console. Let me type a command to find the menu button. I'll look for elements containing the hamburger icon (≡) or elements with SVG icons that might be the menu:
[step 42] Action: left_click (570, 519)
[step 42] Reasoning: I need to click on the console input area and type a JavaScript command. Let me click at the bottom of the console where the cursor (>) is and type a JavaScript command:
[step 43] Action: left_click (570, 655)
[step 43] Reasoning: I need to click on the actual console input area. I can see the ">" prompt at the bottom left of the console, but the input area might be at the very bottom. Let me click on the bottom area of the console at around (570, 655):
[step 44] Action: left_click (25, 519)
[step 44] Reasoning: I see the console isn't active in a way I can type. The ">" prompt at x=12, y=519 is visible. Let me click RIGHT NEXT TO the ">" cursor on the right side to activate the console input:
[step 45] Action: type: document.querySel...
[step 45] Reasoning: The console seems to be activated but there's no visible cursor in the input area. The console shows the ">" prompt at the bottom. Let me try to type in the console directly - maybe it's already accepting input and I just need to type:
[step 46] Action: left_click (570, 545)
[step 46] Reasoning: The console ran the query and returned "null" (shown at the bottom). The query didn't find any element with data-testid="menu-button", class="menu-button", or aria-label="menu". 

But wait - I can see the command was executed and returned null. This means the hamburger menu button doesn't have those specific attributes. Let me try a different approach - let me search for all buttons in the DOM to find the menu button:
[step 47] Action: type: Array.from(docume...
[step 47] Reasoning: I can see the console is active. The previous command returned null. Let me now type a new query to find all buttons and their bounding rectangles to understand the layout:
[step 48] Action: key: Return
[step 48] Reasoning: I can see the command is entered in the console. Let me press Enter to execute it:
[step 49] Action: left_click (570, 557)
[step 49] Reasoning: I see there was a SyntaxError: "Uncaught SyntaxError: Unexpected identifier 'Array'". This is because the previous command from the null result ran into the new command, creating a combined syntax error. The console treated the previous null result and the new Array query as one statement.

Looking at the console now, there's an active input cursor at the bottom (">|"). Let me type a simpler query to find the export menu button. Let me click on the console input and type a fresh query:
[step 50] Action: type: document.querySel...
[step 50] Reasoning: I can see the console has an active cursor at (">") at the bottom. I can see the ">" prompt at x=12, y=557. The console is ready for input. Let me type a simpler command to find all buttons:
[step 51] Action: left_click (570, 583)
[step 51] Reasoning: I can see the result: `9`. There are 9 buttons in the DOM. Now I know there are 9 buttons. Let me query all of them to find their positions and identify the hamburger/menu button. Let me find all buttons with their positions:
[step 52] Action: type: JSON.stringify([....
[step 52] Reasoning: The console shows 9 buttons. Now let me query all buttons with their positions to understand which one is the hamburger menu. I'll use a JavaScript command to inspect each button:
[step 53] Action: key: Return
[step 53] Reasoning: I can see the command is ready. Let me press Enter to execute it:
[step 54] Action: key: F8
[step 54] Reasoning: Excellent! I can see the DevTools switched to the Sources panel and is showing a "Paused on promise rejection" with a "TypeError: Cannot read properties of undefined". This is because the script is paused. I can see the error message "TypeError: Cannot read properties of undefined".

Looking at the error, it seems the issue is in my JavaScript code - it's trying to read a property of undefined. The console opened the Sources panel (Script snippet editor). Let me go back to the Console panel to see the results. 

I notice the DevTools automatically switched to the Sources panel due to a breakpoint/exception. Let me navigate back to the Console panel. Let me click "Continue" (or press F8) to continue execution and then go back to the Console:

Actually, let me look at what's visible on the right side panel. There's a "Paused on promise rejection - TypeError: Cannot read properties of undefined" message. This is a paused state. Let me resume execution by pressing the play button or F8.

Let me press F8 to continue execution:
[step 55] Action: left_click (114, 455)
[step 55] Reasoning: I can now see in the Call Stack panel on the right: "Uncaught TypeError: Cannot read properties of undefined (reading 'stringify')". This means my code failed because `JSON.stringify` had an issue. 

Looking at the error message more carefully: "Cannot read properties of undefined (reading 'stringify')". This is strange because `JSON.stringify` should work. But it seems like the code was run in a context where JSON wasn't accessible.

Let me go back to the Console tab and try a simpler approach. Let me click on Console tab:
[step 56] Action: left_click (570, 599)
[step 56] Reasoning: Now I'm in the Console panel. I can see the error: "Uncaught TypeError: Cannot read properties of undefined (reading 'stringify')". This is strange - JSON.stringify should be available. But it seems my long query got the first part `document.querySelectorAll('button').lengthJSON.stringify` concatenated due to the `||` in the previous query being evaluated first.

Looking at the console, the second-to-last line shows:
```
> document.querySelectorAll('button').lengthJSON.stringify([...document.querySelectorAll('button')].map((b,i)=>{let r=b.getBoundingClientRect();return {i,x:Math.round(r.left),y:Math.round(r.top),w:Math.round(r.width),title:b.title||b.getAttribute('aria-label')||b.textContent.trim().slice(0,15)}}))
```

I see! The console concatenated the previous command (`document.querySelectorAll('button').length`) with the new command (`JSON.stringify(...)`) to create `.lengthJSON.stringify(...)`. This is because I didn't press Enter before typing the new command - the `9` from the previous result stayed in the input.

Let me now try again with a fresh console input. The cursor is at ">" at the bottom. Let me click there and type a simpler approach:
[step 57] Action: type: var btns=[...docu...
[step 57] Reasoning: I can see the console with the ">" prompt. Let me now type a simple command to get button info. I'll use a straightforward approach to list buttons with their positions - using getBoundingClientRect:
[step 58] Action: key: Return
[step 58] Reasoning: I can see the command is now ready in the console. The command is:
`var btns=[...document.querySelectorAll('button')];btns.map((b,i)=>{var r=b.getBoundingClientRect();return i+':'+Math.round(r.left)+','+Math.round(r.top)+' '+b.title.slice(0,10)})`

Let me press Enter to execute it:
[step 59] Action: screenshot
[step 59] Reasoning: Excellent! Now I can see the results! The console shows the button positions (but they are in the MOBILE viewport coordinate system where the viewport is the reference). I can see:
```
(9) ['8:41,41 应用菜单', '1:81,41 撤销', '2:121,41 重做', '3:177,41 画笔 - P', '4:217,41 形头 - A', '5:257,41 形状', '6:337,41 更多工具', '7:213,41 缩小 - Cmd+-', '8:313,41 放大 - Cmd++']
```

Wait - looking at the results more carefully:
- **Button 0: x=8, y=41 - "应用菜单" (Application Menu)** - THIS IS THE HAMBURGER MENU!
- Button 1: x=81, y=41 - "撤销" (Undo)
- Button 2: x=121, y=41 - "重做" (Redo)
- Button 3: x=177, y=41 - "画笔 - P" (Pencil - P)
- Button 4: x=217, y=41 - "形头 - A" (Arrow - A)
- Button 5: x=257, y=41 - "形状" (Shapes)
- Button 6: x=337, y=41 - "更多工具" (More Tools)
- Button 7: x=213, y=41 - "缩小 - Cmd+-" (Zoom out)
- Button 8: x=313, y=41 - "放大 - Cmd++" (Zoom in)

**Button 0 at app-local position x=8, y=41 is "应用菜单" (Application Menu) = the hamburger menu!**

In screen coordinates, this button would be at:
- screen x = mobile_viewport_left_edge + 8 = 511 + 8 = **519** 
- screen y = mobile_viewport_top_edge + 41 = 113 + 41 = **154**

Wait, but this position seems to be in VIEWPORT coordinates (the web page's coordinate system), not screen coordinates. The mobile viewport renders at 390px wide, so x=8 in the web page corresponds to approximately x=519 in screen coordinates (when the mobile viewport starts at x=511 in screen coordinates).

Let me now click on the hamburger menu (应用菜单) at the approximate screen position. The mobile viewport left edge is approximately at x=511 in screen coords, and the button is at x=8 in app-local coords. So screen x ≈ 511 + 8 = 519, and screen y ≈ 113 + 41 = 154.

Let me click on the hamburger menu! It should be at approximately (519, 154):

But wait - looking at the console results, it says `'8:41,41 应用菜单'`. Wait, I see this shows `8:41,41` where 8 is the button index, and 41,41 are the x,y coordinates. Looking more carefully at the output format: `index:x,y title`. So:
- Index 0 (=8th): x=41, y=41, title="应用菜单" → Wait, this doesn't make sense with my format string `i+':'+Math.round(r.left)+','+Math.round(r.top)+' '+b.title.slice(0,10)`

Actually looking at the output again: `'8:41,41 应用菜单'` - this is button at INDEX 8, with x=41, y=41, and title "应用菜单"! But wait, the array shows 9 elements (indices 0-8). Looking at the output from left to right:
- `'8:41,41 应用菜单'` - Wait, I think the format is `index:x,y title` but the entries seem wrong.

Let me re-read more carefully. The output shows:
```
(9) ['8:41,41 应用菜单', '1:81,41 撤销', '2:121,41 重做', '3:177,41 画笔', ...]
```

This is an array. The first element is `'8:41,41 应用菜单'` which would mean button INDEX 8 has x=41, y=41. But the second element is `'1:81,41 撤销'` (index 1, x=81, y=41), and third is `'2:121,41 重做'` (index 2, x=121, y=41).

Hmm wait, that means button 8 (the last one numerically, but showing as first in the array) is the hamburger menu "应用菜单" at x=41, y=41!

But let me re-read: the actual output is:
```
'8:41,41 应用菜单'    <- index 8, position (41, 41), title "应用菜单"  
'1:81,41 撤销'        <- index 1, position (81, 41), title "撤销"
'2:121,41 重做'       <- index 2, position (121, 41), title "重做"
'3:177,41 画笔 - P'  <- index 3, position (177, 41), title "画笔 - P"
'4:217,41 形头 - A'  <- but "形头" doesn't make sense, probably "箭头" (arrow)
'5:257,41 形状'       <- index 5, position (257, 41), title "形状" (shapes)
'6:337,41 更多工具'   <- index 6, position (337, 41), title "更多工具" (more tools)
'7:213,41 缩小'       <- index 7, position (213, 41), title "缩小 - Cmd+-" (zoom out)
'8:313,41 放大'       <- WAIT, this says index 8 but I already have '8:41,41 应用菜单'!
```

Wait, there are TWO elements that start with '8'! That means the first element `'8:41,41 应用菜单'` has the array SORTED or something. Let me re-read:

Actually looking at the array displayed as `(9) ['8:41,41 应用菜单', '1:81,41 撤销', ...]` - wait, this seems wrong. The first element should be index 0 in the array.

OH WAIT. I misread it. The format string I used was `i+':'+Math.round(r.left)+','+...` where `i` is the button's position in the querySelectorAll results array (0-indexed). But the NUMBER DISPLAYED before the colon in each element is the INDEX, not a button ID.

So the array shows:
- Array[0]: `'0:41,41 应用菜单'` - Wait, the first character after `'` should be `0` not `8`. Let me re-read more carefully.

Wait, let me look at the actual text again. The output shows `['8:41,41 应用菜单', '1:81,41 撤销', ...]`. Actually... I think the first element starts with the number `0` but it LOOKS like `8` because of the font or the button has index 0 and the first char might be `0`. But wait, `0` and `8` look very different.

Looking at the console output text: `'8:41,41 应用菜单'`. Hmm - could index 8 be the LAST button (放大/zoom in) at x=313? No, the last element shows `'8:313,41 放大 - Cmd++'`. So there are TWO elements with index 8?

Actually, I think the console is showing elements in ORDER with proper indices. The first element in the array should be index 0. But the display shows `8:41,41 应用菜单` as the first element. This doesn't make sense unless button index 0 somehow has a different attribute.

Wait wait wait - let me reconsider my command. My command uses `btns.map((b,i)=>...)` where `i` is the 0-based index. If the first result is `'8:41,41 应用菜单'`, then `i=0` but the `i` in my return string shows `8`! This can't be right with `.map()`.

OH! I see - the console output might be truncated and displayed compactly. The `(9)` at the start means "9 items". Then the items are displayed inline. But the first item displayed is NOT necessarily index 0!

Actually, looking at the default Chrome console display for arrays, `(9) ['item0', 'item1', ...]` shows items starting from index 0. So the first visible item IS index 0.

So `'8:41,41 应用菜单'` would mean index 0 of the array (the first button found by querySelectorAll), but the number `8` before the colon is from my format string `i+':'` where `i` should be `0`. But it shows `8`!

UNLESS... the first button in querySelectorAll is some button with index 8 in a different numbering? No, that can't be it.

Let me try again to look at this more carefully. Maybe I misread the console output. Let me take a screenshot:

==================================================
Task: 当前Chrome浏览器已打开Drawnix网站，地址是http://localhost:7200。在移动端设备（或模拟移动端触摸环境）下，打开导出菜单，点击包含子菜单的菜单项（如语言选择或图片格式选择），观察子菜单是否能正常展开和收起，并尝试选择子菜单中的具体选项。请始终在浏览器内操作，禁止打开 Terminal、Finder 或其他应用程序。如果在浏览器中找不到目标功能，直接标记 result 为 unclear，result_summary 写明'未在页面中找到目标功能入口'。
Status: ERROR
Total steps: 59
Last action: screenshot
Last reasoning: Excellent! Now I can see the results! The console shows the button positions (but they are in the MOBILE viewport coordinate system where the viewport is the reference). I can see:
```
(9) ['8:41,41 应用菜单', '1:81,41 撤销', '2:121,41 重做', '3:177,41 画笔 - P', '4:217,41 形头 - A', '5:257,41 形状', '6:337,41 更多工具', '7:213,41 缩小 - Cmd+-', '8:313,41 放大 - Cmd++']
```

Wait - looking at the results more carefully:
- **Button 0: x=8, y=41 - "应用菜单" (Application Menu)** - THIS IS THE HAMBURGER MENU!
- Button 1: x=81, y=41 - "撤销" (Undo)
- Button 2: x=121, y=41 - "重做" (Redo)
- Button 3: x=177, y=41 - "画笔 - P" (Pencil - P)
- Button 4: x=217, y=41 - "形头 - A" (Arrow - A)
- Button 5: x=257, y=41 - "形状" (Shapes)
- Button 6: x=337, y=41 - "更多工具" (More Tools)
- Button 7: x=213, y=41 - "缩小 - Cmd+-" (Zoom out)
- Button 8: x=313, y=41 - "放大 - Cmd++" (Zoom in)

**Button 0 at app-local position x=8, y=41 is "应用菜单" (Application Menu) = the hamburger menu!**

In screen coordinates, this button would be at:
- screen x = mobile_viewport_left_edge + 8 = 511 + 8 = **519** 
- screen y = mobile_viewport_top_edge + 41 = 113 + 41 = **154**

Wait, but this position seems to be in VIEWPORT coordinates (the web page's coordinate system), not screen coordinates. The mobile viewport renders at 390px wide, so x=8 in the web page corresponds to approximately x=519 in screen coordinates (when the mobile viewport starts at x=511 in screen coordinates).

Let me now click on the hamburger menu (应用菜单) at the approximate screen position. The mobile viewport left edge is approximately at x=511 in screen coords, and the button is at x=8 in app-local coords. So screen x ≈ 511 + 8 = 519, and screen y ≈ 113 + 41 = 154.

Let me click on the hamburger menu! It should be at approximately (519, 154):

But wait - looking at the console results, it says `'8:41,41 应用菜单'`. Wait, I see this shows `8:41,41` where 8 is the button index, and 41,41 are the x,y coordinates. Looking more carefully at the output format: `index:x,y title`. So:
- Index 0 (=8th): x=41, y=41, title="应用菜单" → Wait, this doesn't make sense with my format string `i+':'+Math.round(r.left)+','+Math.round(r.top)+' '+b.title.slice(0,10)`

Actually looking at the output again: `'8:41,41 应用菜单'` - this is button at INDEX 8, with x=41, y=41, and title "应用菜单"! But wait, the array shows 9 elements (indices 0-8). Looking at the output from left to right:
- `'8:41,41 应用菜单'` - Wait, I think the format is `index:x,y title` but the entries seem wrong.

Let me re-read more carefully. The output shows:
```
(9) ['8:41,41 应用菜单', '1:81,41 撤销', '2:121,41 重做', '3:177,41 画笔', ...]
```

This is an array. The first element is `'8:41,41 应用菜单'` which would mean button INDEX 8 has x=41, y=41. But the second element is `'1:81,41 撤销'` (index 1, x=81, y=41), and third is `'2:121,41 重做'` (index 2, x=121, y=41).

Hmm wait, that means button 8 (the last one numerically, but showing as first in the array) is the hamburger menu "应用菜单" at x=41, y=41!

But let me re-read: the actual output is:
```
'8:41,41 应用菜单'    <- index 8, position (41, 41), title "应用菜单"  
'1:81,41 撤销'        <- index 1, position (81, 41), title "撤销"
'2:121,41 重做'       <- index 2, position (121, 41), title "重做"
'3:177,41 画笔 - P'  <- index 3, position (177, 41), title "画笔 - P"
'4:217,41 形头 - A'  <- but "形头" doesn't make sense, probably "箭头" (arrow)
'5:257,41 形状'       <- index 5, position (257, 41), title "形状" (shapes)
'6:337,41 更多工具'   <- index 6, position (337, 41), title "更多工具" (more tools)
'7:213,41 缩小'       <- index 7, position (213, 41), title "缩小 - Cmd+-" (zoom out)
'8:313,41 放大'       <- WAIT, this says index 8 but I already have '8:41,41 应用菜单'!
```

Wait, there are TWO elements that start with '8'! That means the first element `'8:41,41 应用菜单'` has the array SORTED or something. Let me re-read:

Actually looking at the array displayed as `(9) ['8:41,41 应用菜单', '1:81,41 撤销', ...]` - wait, this seems wrong. The first element should be index 0 in the array.

OH WAIT. I misread it. The format string I used was `i+':'+Math.round(r.left)+','+...` where `i` is the button's position in the querySelectorAll results array (0-indexed). But the NUMBER DISPLAYED before the colon in each element is the INDEX, not a button ID.

So the array shows:
- Array[0]: `'0:41,41 应用菜单'` - Wait, the first character after `'` should be `0` not `8`. Let me re-read more carefully.

Wait, let me look at the actual text again. The output shows `['8:41,41 应用菜单', '1:81,41 撤销', ...]`. Actually... I think the first element starts with the number `0` but it LOOKS like `8` because of the font or the button has index 0 and the first char might be `0`. But wait, `0` and `8` look very different.

Looking at the console output text: `'8:41,41 应用菜单'`. Hmm - could index 8 be the LAST button (放大/zoom in) at x=313? No, the last element shows `'8:313,41 放大 - Cmd++'`. So there are TWO elements with index 8?

Actually, I think the console is showing elements in ORDER with proper indices. The first element in the array should be index 0. But the display shows `8:41,41 应用菜单` as the first element. This doesn't make sense unless button index 0 somehow has a different attribute.

Wait wait wait - let me reconsider my command. My command uses `btns.map((b,i)=>...)` where `i` is the 0-based index. If the first result is `'8:41,41 应用菜单'`, then `i=0` but the `i` in my return string shows `8`! This can't be right with `.map()`.

OH! I see - the console output might be truncated and displayed compactly. The `(9)` at the start means "9 items". Then the items are displayed inline. But the first item displayed is NOT necessarily index 0!

Actually, looking at the default Chrome console display for arrays, `(9) ['item0', 'item1', ...]` shows items starting from index 0. So the first visible item IS index 0.

So `'8:41,41 应用菜单'` would mean index 0 of the array (the first button found by querySelectorAll), but the number `8` before the colon is from my format string `i+':'` where `i` should be `0`. But it shows `8`!

UNLESS... the first button in querySelectorAll is some button with index 8 in a different numbering? No, that can't be it.

Let me try again to look at this more carefully. Maybe I misread the console output. Let me take a screenshot:

Error: Task execution failed: Request step failed: HTTPSConnectionPool(host='mano.mininglamp.com', port=443): Max retries exceeded with url: /v1/sessions/sess-20260422193154-083a3a346e62486e8fe95ef9dbd437e1/step (Caused by ProxyError('Unable to connect to proxy', RemoteDisconnected('Remote end closed connection without response')))
==================================================

UI window closed
