Session created: sess-20260422192057-a2fedd9762634831b4114087323dc35f
UI panel initialized successfully
UI window displayed
Expected result: 思维导图中的图片在缩放操作后应正确显示，图片比例保持正常，不出现变形、错位或尺寸异常的问题。
[step 0] Action: Initializing
[step 0] Reasoning: Initializing session connection
[step 0] Action: screenshot
[step 1] Action: left_click (39, 117)
[step 1] Reasoning: I can see the Drawnix website is open. I need to navigate to the mind map feature. I can see a toolbar at the top with various tools. Let me look for a way to access mind map mode. I'll click on the hamburger menu to see options.
[step 2] Action: key: Escape
[step 2] Reasoning: I can see a dropdown menu with options like 打开, 保存文件, 导出图片, 清除画布, Language, GitHub. This doesn't show a mind map option. The current view seems to be a whiteboard/drawing area. I need to look for a mind map feature. Let me close this menu and look at the toolbar icons more carefully.
[step 3] Action: mouse_move (586, 117)
[step 3] Reasoning: I can see the Drawnix website with a whiteboard interface. I notice there's a toolbar at the top center with various tools. I need to find the mind map feature. Let me look at the toolbar icons more carefully - I can see icons for different tools. The mind map tool might be one of those icons. Let me hover over them to identify them.

Let me look at the toolbar icons. I can see icons at positions around x=533, x=559, x=586, x=613, x=640, x=667, x=693, x=719, x=746. Let me hover over each to see their tooltips.
[step 4] Action: left_click (586, 117)
[step 4] Reasoning: I can see a tooltip showing "思维导图 — M" (Mind Map — M) when hovering over the icon at position x=586, y=117. This is the mind map tool! Let me click on it to activate the mind map mode.
[step 5] Action: left_click (640, 400)
[step 5] Reasoning: I clicked on the mind map tool icon but the canvas appears to be empty now. It seems the mind map tool is selected but I need to click somewhere on the canvas to create a mind map node. Let me click on the canvas area to create a mind map.
[step 6] Action: left_click (640, 400)
[step 6] Reasoning: A mind map node labeled "中心主题" (Central Topic) has been created. Now I need to click on this node to select it, and then look for a way to insert an image into the mind map node. Let me click on the node first.
[step 7] Action: right_click (640, 400)
[step 7] Reasoning: I've clicked on the "中心主题" node and it's now selected - I can see a mini toolbar appearing below/around it with icons including: + (add), A (text format), color circles, and a link icon. I need to find where to insert an image. Let me right-click on the node to see if there's a context menu with image insert option.
[step 8] Action: key: Escape
[step 8] Reasoning: A browser context menu appeared (not the application's context menu). This shows standard browser options like 返回, 前进, 重新加载, etc. This isn't what I need. Let me close this menu and look for a way to insert an image into the mind map node. I'll use the mini toolbar that appeared when I clicked on the node, or look for more options.
[step 9] Action: mouse_move (689, 400)
[step 9] Reasoning: Good, the browser context menu is closed and I can see the mind map node "中心主题" is still selected with a mini toolbar showing icons. I can see icons: + (add), A (text format), a circle, a settings/gear icon, and a link icon. Let me hover over each icon to identify them.

Let me hover over the "+" icon first:
[step 10] Action: left_click (689, 400)
[step 10] Reasoning: I can see the mini toolbar with the node selected. The icons in the toolbar are: + (add child), A (text), circle (color), gear (settings), and link. I don't see an obvious image insert button in this mini toolbar. Let me click on the "+" button to see its options, or look at the top toolbar for image insertion capabilities. 

Let me first click on the "+" button in the node's mini toolbar to see what options it provides:
[step 11] Action: left_click (742, 400)
[step 11] Reasoning: Clicking the "+" button created a child node connected to "中心主题" with a branch. Now I have a child node selected (the empty box on the right). I need to find how to insert an image into the mind map. 

Let me click on the child node to select it and see the mini toolbar:
[step 12] Action: left_click (638, 400)
[step 12] Reasoning: I can see the mind map with "中心主题" node and two child nodes connected. The selected node (rightmost) shows a mini toolbar with only A (text) and link icons. I don't see an image insert option here.

Let me click on the "中心主题" (central) node to select it and look for image insert options:
[step 13] Action: left_click (638, 400)
[step 13] Reasoning: I can see the mind map has grown with the central node "中心主题" on the left and two child nodes on the right. It seems that another child node was added. The currently selected child node is highlighted in blue and shows a mini toolbar with A and link icons. 

I need to click directly on the central "中心主题" node. Let me click on it precisely:
[step 14] Action: key: ctrl+z
[step 14] Reasoning: I see that clicking near the central node keeps creating more child nodes, and now there are 3 child nodes. This is because I'm clicking on the "+" button area. Let me undo these actions and try a different approach. I need to press Ctrl+Z to undo, then properly select the central node.

Let me undo the extra nodes:
[step 15] Action: key: ctrl+z
[step 15] Reasoning: The undo didn't seem to remove any nodes. The mind map still shows 3 child nodes. Let me undo multiple times to get back to just the central node:
[step 16] Action: left_click (638, 400)
[step 16] Reasoning: The mind map still shows 3 child nodes. The undo doesn't seem to be working to reduce the nodes. Let me try a different approach - let me look at what's happening more carefully. Actually, the task is to insert an image into the mind map. The current state with a mind map is fine - I just need to find how to insert an image.

Let me click on the "中心主题" node to select it and see the context options for image insertion. I'll need to click exactly on the text "中心主题":
[step 17] Action: left_click (300, 250)
[step 17] Reasoning: I see the mind map keeps getting more child nodes! Each click near the central node seems to be adding a new child. Now I have 4 child nodes. The clicking is going through the central node and hitting the "+" area. 

Let me first click somewhere else to deselect, then try to properly select just the central node. I should first click on an empty area:
[step 18] Action: left_click (638, 400)
[step 18] Reasoning: Good, clicking on the empty area deselected everything. Now I can see the mind map with 4 child nodes. Now I need to click directly on the "中心主题" text/node to select it without accidentally clicking the + button. The central node "中心主题" appears to be at around x=638, y=400.

Let me click precisely on the text "中心主题" within the central node:
[step 19] Action: mouse_move (764, 400)
[step 19] Reasoning: I can now see the "中心主题" node is selected and there's a mini toolbar appearing with icons: an arrow/+ icon, A (text), a circle (color), a gear/settings icon, and a link icon. This time I can see more icons. Let me hover over each icon to identify what they do - particularly the gear icon might have more settings or I might need to look for an image insertion option.

Let me hover over the icons to identify them:
[step 20] Action: mouse_move (792, 400)
[step 20] Reasoning: I can see the tooltip "填充颜色" (Fill Color) for the icon I'm hovering over. That's the color fill icon. The icons in the mini toolbar are:
- Arrow/+ (add child)
- A (text formatting)
- Circle (fill color = "填充颜色")
- Gear/settings icon
- Link icon

I need to look for an image insertion option. It might be in the gear/settings icon, or I need to look at the top toolbar. Let me hover over the gear icon to see its tooltip:
[step 21] Action: mouse_move (720, 117)
[step 21] Reasoning: I can see the tooltip "链接" (Link) for the last icon (at x=792). So the mini toolbar icons from left to right are:
- Arrow/+ (add child)
- A (text formatting)
- Circle/White (fill color)
- Gear/eraser icon (something else - maybe style/clear?)
- Link icon

I don't see an image insertion option in this mini toolbar. Let me look at the top toolbar icons more carefully. The top toolbar has these icons - let me hover over the image-like icon (which looks like a photo/picture icon at around x=720 in the top toolbar):
[step 22] Action: left_click (720, 117)
[step 22] Reasoning: I can see a tooltip that says "图片 — Cmd+U" (Image — Cmd+U) for the icon at x=720 in the top toolbar. This is the image insertion button! The "中心主题" node is still selected (showing the mini toolbar). Now I'll click on the "图片" (Image) button in the top toolbar to insert an image into the selected node:
[step 23] Action: left_click (393, 342)
[step 23] Reasoning: A file picker dialog has appeared! It says "选择允许此网站读取的文件" (Select files that this site can read). I can see the file browser with options like "最近使用", "共享", "应用程序", "桌面", "文稿", "下载", and location folders. I need to navigate to a location where there's an image file.

Let me look at the "下载" (Downloads) folder to see if there are any images there:
[step 24] Action: left_click (391, 299)
[step 24] Reasoning: I can see the Downloads folder contains several files but no obvious image files (jpg, png, etc.). The files shown are:
- googlechrome.dmg
- MonoProxyMac
- My Favorite Music.csv
- Summer Hits 2024.csv
- VSCode-darw...universal.dmg
- worker03 (folder)
- worker03.zip

Let me check the "桌面" (Desktop) folder for images:
[step 25] Action: left_click (401, 406)
[step 25] Reasoning: The Desktop only has a "test-lines.geojson" file, no image files. Let me look at other locations. Let me check "Macintosh HD" for images, or I could look in the worker09 folder:

Let me look at the worker09 folder:
[step 26] Action: left_click (490, 277)
[step 26] Reasoning: I can see the worker09 folder contains several subfolders: 公共, 图片 (Images!), 文稿, 下载, 音乐, 影片, 桌面, MonoProxy. The "图片" (Images) folder is likely to contain image files. Let me click on it:
[step 27] Action: double_click (490, 277)
[step 27] Reasoning: I can see the "图片" (Images) folder is selected and on the right side it shows "Photos Library.photoslibrary" but I can't select that as an image file. I need to navigate into the Images folder or find individual image files (jpg, png, etc.). Let me double-click on the "图片" folder to enter it:
[step 28] Action: left_click (697, 230)
[step 28] Reasoning: The double-click didn't navigate into the folder - it's still showing the same view with "图片" selected and "Photos Library.photoslibrary" on the right. The folder content only shows the Photos Library (which is not a direct image file). 

I need to find image files elsewhere. Let me try looking at the Macintosh HD to find images. But first, let me try the path directly using the path bar. I can type a path to navigate to a known location where images might exist.

Let me try to navigate using the path bar at the top. I'll click on the dropdown that shows the current location:
[step 29] Action: left_click (667, 347)
[step 29] Reasoning: A path dropdown appeared showing the directory hierarchy:
- 图片 (current folder)
- worker09
- 用户
- Macintosh HD
- worker09的Mac mini

And at the bottom "最近访问的位置":
- bin
- Resources

I can see "Resources" at the bottom! This might contain image files for the application. Let me click on "Resources" to navigate there:
[step 30] Action: left_click (805, 230)
[step 30] Reasoning: I'm now in the Resources folder and can see various subfolders. I don't see any image files directly here. The folders are: 3.13, Current, _CodeSignature, bin, Headers, include, lib, Python, Resources, share. These are Python resources, not image files.

Let me try a different approach. I'll navigate to the Macintosh HD and look for any image files. But actually, I should look at the "worker03" folder in Downloads, as there might be image files there. Let me go back to Downloads:

Actually, let me think about this differently. I need to find an image file on this system. Let me try using the search functionality in the file picker. Let me type a search term to find image files:
[step 31] Action: type: .png
[step 31] Reasoning: The search box is now active. Let me type ".png" to search for PNG image files:
[step 32] Action: left_click (820, 340)
[step 32] Reasoning: Excellent! The search is showing results! I can see a dropdown with options:
- 文件名: 名称包含 ".png"
- 内容: 包含 ".png"
- 种类: PNG图像

I can also see "最近时候" (Recently used) list showing files like com.apple.Music.png, com.apple.nbagent.png, etc. Let me click on "种类: PNG图像" to search for PNG image files by type:
[step 33] Action: left_click (526, 332)
[step 33] Reasoning: Now the search box shows "种类: PNG图像" and the file list is showing recently used PNG files. I can see "最近时候" (recently used) list showing PNG files:
- com.apple.Music.png
- com.apple.nbagent.png
- com.apple.Safari.png
- com.apple.TV.png
- com.apple.weather.png
- com.apple.We...tworking.png
- com.microsoft.VSCode.png
- com.MonoClo...ProxyMac.png
- org.python.python.png

These are all app icon PNG files. I need to wait for the search results to appear, or I can click on one of these recently used files. But actually, the search says "正在搜索 '这台Mac'" (Searching 'This Mac'). Let me wait for the search results or click on one of the available PNG files. Let me click on "com.apple.Safari.png" as it should be a recognizable image:
[step 34] Action: left_click (896, 469)
[step 34] Reasoning: I can see the "com.apple.Safari.png" file is selected and a preview of the Safari browser icon (the compass icon) is shown on the right. The "打开" (Open) button is now active (highlighted in blue). The file path shown is: worker09 > MonoProxy > Tmp > ICON > com.apple.Safari.png

This is a valid PNG image file! Let me click the "打开" (Open) button to insert this image into the mind map:
[step 35] Action: left_click (695, 477)
[step 35] Reasoning: Excellent! The image has been successfully inserted into the mind map! I can see the Safari compass icon image has been inserted into the "中心主题" (Central Topic) node. The image appears prominently in the central node with the text "中心主题" below it. The mind map shows several child nodes connected on the right side.

The image appears to be displaying correctly with good proportions. The "中心主题" node now contains:
- The Safari compass icon image (displayed large and circular)
- The text "中心主题" below the image

I also notice a tooltip showing "图片 — Cmd+U" near the bottom right area, which confirms the image feature is working.

Now I need to test the image zoom (resize) functionality. First, let me click on the image to select it and look for resize handles. Let me click on the node that contains the image:
[step 36] Action: left_click_drag (880, 620)
[step 36] Reasoning: I can see the image in the "中心主题" node is now selected - there are resize handles (small squares) at the corners of the image area (visible at approximately x=612, y=386 top-left; x=781, y=386 top-right; x=612, y=549 bottom-left; x=781, y=549 bottom-right). This means I can drag these handles to resize the image.

Now I need to perform a zoom/resize operation. I'll drag the bottom-right corner handle to enlarge (zoom in) the image. The bottom-right handle appears to be at approximately (781, 549). Let me drag it outward (down and to the right) to enlarge the image:
[step 37] Action: left_click_drag (720, 530)
[step 37] Reasoning: Excellent! The image has been successfully enlarged (zoomed in)! I can see the Safari compass icon is now displayed larger than before. The image:
- Has been resized/enlarged - the node is now much bigger showing the Safari compass icon at approximately 170x160 pixels (compared to the previous smaller size)
- The image maintains its aspect ratio and the compass icon still looks proportional and correct
- The resize handles are still visible at the corners (small squares)
- The "中心主题" text is still showing below the image
- The connected child nodes are still properly connected with lines

The image zoom operation appears to work correctly! The image proportion looks normal, the Safari compass icon is clearly visible and not distorted. Now let me try to zoom out (shrink) the image by dragging from the bottom-right corner back toward the center. The bottom-right handle appears to be at approximately (879, 621). Let me drag it inward to reduce the image size:
[step 38] Action: left_click (795, 540)
[step 38] Reasoning: The image didn't appear to shrink significantly from the drag operation - it still looks the same size. The image seems to still be at the same dimensions. The drag might not have been captured on the handle precisely. Let me try to take a screenshot to see the current state more clearly. 

The image does appear to be the same size as after the first resize. The drag-to-shrink didn't seem to work, possibly because the drag wasn't precise enough on the handle. Let me try again with a more precise approach. First, let me click on the image to ensure it's selected and see the handle positions:
[step 39] Action: left_click_drag (770, 550)
[step 39] Reasoning: I can see the image is still selected with resize handles visible at the corners. The image appears at approximately:
- Top-left handle: (714, 462)
- Top-right handle: (879, 462)
- Bottom-left handle: (714, 624)
- Bottom-right handle: (879, 624)

Now let me try to drag the bottom-right handle (at approximately 879, 624) inward to shrink the image. I'll be very precise:
[step 40] Action: left_click (300, 250)
[step 40] Reasoning: The image has been successfully shrunk (zoomed out)! I can see the Safari compass icon is now smaller - the node has shrunk back to a smaller size. The image:
- Has been resized/shrunk - the node is now noticeably smaller than when it was enlarged
- The image still maintains good proportions - the compass icon still looks circular and proportional
- The resize handles are still visible at the corners
- The "中心主题" text is still showing below the image

Both zoom in (enlargement) and zoom out (shrinking) operations work correctly. The image maintains its aspect ratio and proportions during resize operations.

Let me take a final screenshot to document the current state and verify the display quality after the zoom operations:
[step 41] Action: DONE
[step 41] Reasoning: Now I have a clear view of the mind map with the image after deselecting. The current state shows:

**Summary of observations:**

1. **Image Insertion** ✅ - Successfully inserted the Safari compass icon PNG image into the "中心主题" (Central Topic) mind map node using the "图片" (Image) button in the top toolbar.

2. **Zoom In (Enlarge)** ✅ - Successfully enlarged the image by dragging the bottom-right resize handle outward. The image expanded while maintaining its proportions.

3. **Zoom Out (Shrink)** ✅ - Successfully shrunk the image by dragging the bottom-right resize handle inward. The image contracted while maintaining its proportions.

4. **Image Display Quality** ✅ - After both zoom operations, the Safari compass icon image:
   - Displays correctly with proper proportions (circular compass icon, no distortion)
   - The image maintains its aspect ratio during resize
   - The image position within the node is correct
   - The image quality remains clear and sharp

**Visual observations:**
- The mind map currently shows the central "中心主题" node on the left with the Safari icon image, and 4 child nodes on the right connected by colored lines (purple for the top branch, blue-teal for the middle branches, orange for the bottom branch)
- The image is displaying clearly without any rendering artifacts
- The node containing the image seems quite large compared to the canvas, with the image taking up most of the node area

The image zoom (scale/resize) functionality in the Drawnix mind map appears to work correctly. Both enlarging and shrinking work as expected, and the image maintains proper proportions and quality after scaling.

**测试结果总结：**

1. **图片插入成功** - 通过顶部工具栏的"图片"按钮（快捷键Cmd+U），成功将Safari浏览器图标PNG图片插入到思维导图的"中心主题"节点中。

2. **放大操作** - 拖动节点右下角的缩放手柄向外移动，图片成功放大，比例正常，无变形。

3. **缩小操作** - 拖动节点右下角的缩放手柄向内移动，图片成功缩小，比例保持正常。

4. **显示效果** - 缩放后图片显示正常：
   - 图片比例正确（Safari指南针图标保持圆形，无拉伸变形）
   - 图片尺寸随拖动操作变化
   - 图片位置在节点中保持正确
   - 图片质量清晰，无渲染问题

**结论：思维导图图片插入和缩放功能工作正常，图片比例、尺寸和位置均显示正确。**
Evaluating task result...

==================================================
Task: 当前Chrome浏览器已打开Drawnix网站，地址是http://localhost:7200。在思维导图中插入一张图片，然后对该图片进行缩放操作（放大/缩小），观察图片缩放后的显示效果是否正常，包括图片比例、尺寸和位置。请始终在浏览器内操作，禁止打开 Terminal、Finder 或其他应用程序。如果在浏览器中找不到目标功能，直接标记 result 为 unclear，result_summary 写明'未在页面中找到目标功能入口'。
Status: COMPLETED
Total steps: 41
Last action: DONE
Last reasoning: Now I have a clear view of the mind map with the image after deselecting. The current state shows:

**Summary of observations:**

1. **Image Insertion** ✅ - Successfully inserted the Safari compass icon PNG image into the "中心主题" (Central Topic) mind map node using the "图片" (Image) button in the top toolbar.

2. **Zoom In (Enlarge)** ✅ - Successfully enlarged the image by dragging the bottom-right resize handle outward. The image expanded while maintaining its proportions.

3. **Zoom Out (Shrink)** ✅ - Successfully shrunk the image by dragging the bottom-right resize handle inward. The image contracted while maintaining its proportions.

4. **Image Display Quality** ✅ - After both zoom operations, the Safari compass icon image:
   - Displays correctly with proper proportions (circular compass icon, no distortion)
   - The image maintains its aspect ratio during resize
   - The image position within the node is correct
   - The image quality remains clear and sharp

**Visual observations:**
- The mind map currently shows the central "中心主题" node on the left with the Safari icon image, and 4 child nodes on the right connected by colored lines (purple for the top branch, blue-teal for the middle branches, orange for the bottom branch)
- The image is displaying clearly without any rendering artifacts
- The node containing the image seems quite large compared to the canvas, with the image taking up most of the node area

The image zoom (scale/resize) functionality in the Drawnix mind map appears to work correctly. Both enlarging and shrinking work as expected, and the image maintains proper proportions and quality after scaling.

**测试结果总结：**

1. **图片插入成功** - 通过顶部工具栏的"图片"按钮（快捷键Cmd+U），成功将Safari浏览器图标PNG图片插入到思维导图的"中心主题"节点中。

2. **放大操作** - 拖动节点右下角的缩放手柄向外移动，图片成功放大，比例正常，无变形。

3. **缩小操作** - 拖动节点右下角的缩放手柄向内移动，图片成功缩小，比例保持正常。

4. **显示效果** - 缩放后图片显示正常：
   - 图片比例正确（Safari指南针图标保持圆形，无拉伸变形）
   - 图片尺寸随拖动操作变化
   - 图片位置在节点中保持正确
   - 图片质量清晰，无渲染问题

**结论：思维导图图片插入和缩放功能工作正常，图片比例、尺寸和位置均显示正确。**

==================================================

UI window closed
