No application knows how to open URL view-source:http://localhost:3000/advices.html (Error Domain=NSOSStatusErrorDomain Code=-10814 "kLSApplicationNotFoundErr: E.g. no application claims the file" UserInfo={_LSLine=1973, _LSFunction=runEvaluator, _LSFile=LSBindingEvaluator.mm, _LSErrorMessage=kLSApplicationNotFoundErr}).
Session created: sess-20260417190920-0140812117e34f008a23ccfde68cf6d3
UI panel initialized successfully
UI window displayed
Expected result: None
[step 0] Action: Initializing
[step 0] Reasoning: Initializing session connection
[step 0] Action: Open url: http://localhost:3000/advices.html
[step 1] Action: screenshot
[step 1] Reasoning: I can see the advices.html page is loaded. I can see there are 22 advices. I need to find the file format link advice. Let me scroll down to find it, and also check the table of contents first.
[step 2] Action: scroll down (200, 580) scroll_amount 5
[step 2] Reasoning: Let me scroll down in the table of contents to find the file format link advice. I'll scroll down on the left side panel to see more items in the table of contents.
[step 3] Action: left_click (218, 527)
[step 3] Reasoning: I can see item 6 "Linking to a file" in the table of contents. This is the file format link advice I'm looking for. Let me click on it to navigate to that section.
[step 4] Action: scroll down (640, 400) scroll_amount 5
[step 4] Reasoning: I've navigated to the "Linking to a file" section (section 6). The URL shows `localhost:3000/advices.html#file-format`. The description says "A link to a file should indicate the file format, the file size and if different from the main document, the file language."

Now I need to scroll down to see the actual examples/test cases that show how this advice works - specifically to check if it only affects `a` and `area` elements (visible links) and not `head` `link` elements.
[step 5] Action: scroll down (640, 400) scroll_amount 5
[step 5] Reasoning: I can see the References section and there's a "Selector" section below. Let me scroll down more to see the selector details - this will tell us which HTML elements this advice targets.
[step 6] Action: scroll down (640, 400) scroll_amount 5
[step 6] Reasoning: I can see the "Selector" section with CSS selectors. I can see it's showing CSS selectors like `[download]`, `[href$=".pdf"]`, `[href$=".doc"]`. Let me scroll down more to see the complete CSS selector definition.
[step 7] Action: scroll down (640, 400) scroll_amount 5
[step 7] Reasoning: Now I can see the CSS selectors for the "Linking to a file" advice. I can see various file format selectors: `[download]`, `[href$=".pdf"]`, `[href$=".doc"]`, `[href$=".png"]`, `[href$=".jpg"]`, `[href$=".gif"]`, `[href$=".mp3"]`, `[href$=".mp4"]`, `[href$=".mov"]`, `[href$=".ogg"]`. Let me scroll down to see the complete list and specifically to see if these selectors are scoped to `a` and `area` elements (not `head link` elements).
[step 8] Action: scroll down (640, 400) scroll_amount 5
[step 8] Reasoning: I can now see the full list of CSS selectors for the "Linking to a file" advice. The selectors are:
- `[download]`
- `[href$=".pdf"]`
- `[href$=".doc"]`
- `[href$=".png"]`
- `[href$=".jpg"]`
- `[href$=".gif"]`
- `[href$=".mp3"]`
- `[href$=".mp4"]`
- `[href$=".mov"]`
- `[href$=".ogg"]`
- `[href$=".xls"]`
- `[href$=".txt"]`
- `[href$=".zip"]`
- `[href$=".rar"]`
- `[href$=".docx"]`

These selectors are attribute selectors that match ANY element with these attributes - not specifically scoped to `a` or `area` elements. This is important! Without being scoped to `a` or `area`, the CSS rule could potentially match `<link href="styles.css">` or other elements in `<head>`.

Let me scroll down to see if there are test examples showing what elements get the advice applied.
[step 9] Action: scroll down (640, 400) scroll_amount 5
[step 9] Reasoning: I can see the "Test" section with "Example" below. Let me scroll down to see the test examples.
[step 10] Action: scroll down (640, 400) scroll_amount 5
[step 10] Reasoning: Excellent! Now I can see the test section clearly. The "Example" test shows:
- A link element `<a href="/file.png">Wanna file?</a>` is shown with a green box/highlight around it (the "Wanna file!" text with a green border), indicating the accessibility advice is being applied.

This confirms that the CSS a11y advice is being applied to the `<a href="/file.png">` element. The link has a green outline/border indicating it's flagged with an accessibility advice.

Now I need to check if the head `<link>` tags are also being affected (false positives). Let me look at the page source to understand the full context. First, let me check the actual page's source to verify. Let me use the browser's developer tools or view the source.

Let me also check if there's a counter-example showing that `<link>` in `<head>` is NOT flagged. Let me scroll down more to see if there are more examples.
[step 11] Action: Open url: view-source:http://localhost:3000/advices.html
[step 11] Reasoning: Now I can see the full test section for the "Linking to a file" advice. The test example shows:
- The HTML code: `<a href="/file.png">Wanna file?</a>`
- The rendered output shows "Wanna file!" with a green border/outline (the accessibility advice indicator)

This is the complete test for section 6 "Linking to a file". There's only ONE example here - the `<a>` element with a file href.

Now, the key question is: Does this advice **also** affect `<link>` elements in the `<head>`? Looking at the CSS selectors shown:
- `[href$=".pdf"]`, `[href$=".png"]`, etc.

These are attribute selectors without element restriction. If the a11y.css is designed properly, these CSS selectors should be specifically scoped to `a` and `area` elements (e.g., `a[href$=".pdf"]`, `area[href$=".pdf"]`), OR they rely on some other mechanism to avoid affecting `head` `link` elements.

The key observation is that CSS cannot apply visual styles to `<head>` or `<link>` elements because they are not rendered in the visible document flow. So even if the selectors match `<link>` elements in the head, the CSS advice visual indicators (like borders, outlines, ::before/::after pseudo-elements) would not visually appear.

Let me look at the page source or check the actual selector definitions more carefully. Let me open the page source to check the actual a11y.css selectors.

Let me view the page source to check the actual CSS source code to see if the selectors are scoped to `a` and `area`.
[step 12] Action: left_click (640, 62)
[step 12] Reasoning: The view-source didn't open in a new tab. Let me navigate to the source view directly in the address bar.
[step 13] Action: triple_click
[step 13] Reasoning: I can see the address bar is now active. Let me navigate to the a11y.css source file to look at the actual selectors for the file format advice.
[step 14] Action: type: http://localhost:...
[step 14] Reasoning: The address bar is selected. Let me check the a11y.css file via the localhost server to examine the actual CSS selectors. Let me look at the API documentation or navigate to the CSS source directly.
[step 15] Action: key: Escape
[step 15] Reasoning: I see the "Advices a11y.css" suggestion. Let me press Escape and instead look at the developer tools to inspect the actual CSS being applied. Let me use the Chrome DevTools to examine the CSS selector for file format links.
[step 16] Action: right_click (529, 365)
[step 16] Reasoning: Good, I'm now looking at the advices.html page. I can see the test section shows the "Wanna file!" link with a green border, which is the example for the file format advice. Let me open Chrome DevTools to inspect the actual CSS selector and check if it's scoped to `a` and `area` elements.

Let me right-click on the "Wanna file!" element to inspect it.
[step 17] Action: left_click (548, 569)
[step 17] Reasoning: I can see the context menu. I can also see there's an accessibility advice message at the top of the page saying "Format and size from a downloadable file should be displayed, and accessib..." - this is the advice being shown for the "Wanna file!" link. Let me click "检查" (Inspect) to open DevTools.
[step 18] Action: scroll down (1160, 580) scroll_amount 3
[step 18] Reasoning: Excellent! I can see the Chrome DevTools is now open. I can see:
1. In the Elements panel, the `<a href="/file.png">Wanna file?</a>` element is highlighted (the `a` element at the bottom of the DOM tree shown)
2. In the Styles panel on the right, I can see CSS rules being applied

Now I need to look more carefully at the CSS styles applied to this `<a>` element to see the actual selectors. Let me scroll down in the Styles panel to find the a11y.css rules.

Let me scroll down in the Styles panel to see all CSS rules.
[step 19] Action: scroll up (1160, 580) scroll_amount 5
[step 19] Reasoning: I can see in the Styles panel that it shows "Inherited from div.exampleOutput" - this doesn't show the a11y.css selectors directly. I need to look at the actual styles applied to the `a` element itself. Let me scroll up in the Styles panel to see the a11y.css rules specifically applied to the `<a href="/file.png">` element.

Let me scroll up in the Styles panel to see the full CSS rules.
[step 20] Action: scroll down (1160, 580) scroll_amount 3
[step 20] Reasoning: I can see the Styles panel now. I can see the `a` element has styles including:
- `a:link { color: #3462af; }` from `doc.css:1`
- `a { background-color: transparent; -webkit-text-decoration-skip: objects; }` from `doc.css:1`
- `*, *::after, *::before { box-sizing: inherit; }` from `doc.css:1`

But I don't see the a11y.css selector directly. The important observation is that there's no a11y.css rule visible with `[href$=".png"]` selectors for this element. Let me look at the actual a11y.css file to check the selectors. Let me navigate to the a11y.css source file.

Let me first check the "Advices a11y.css" tab to see if there's info about the selectors. Actually, let me navigate to the actual CSS file. First, let me check what CSS files are loaded on this page using the Network tab.

Let me check the Sources panel or navigate directly to see the CSS source. Let me look at the CSS file that's creating the green border on the "Wanna file!" link. I'll look at the Selector section in the page which shows the CSS selectors.

Let me scroll the Styles panel to find the a11y.css rule:
[step 21] Action: left_click (100, 559)
[step 21] Reasoning: I can see in the Styles panel that there's nothing from a11y.css for the `a` element directly (just `doc.css`). This is interesting. The green border I see on the "Wanna file!" link seems to be applied through a class on the parent `div.exampleOutput` or through another mechanism. 

Wait - looking at the page structure again. The green border is showing on the "Wanna file!" rendered link. The key is to understand if the a11y.css is actually producing this advice through JavaScript or through CSS. Let me look more carefully at the Element panel to understand the DOM structure.

Let me click on the `a` element in the Elements panel to see all its computed styles.
[step 22] Action: key: ctrl+w
[step 22] Reasoning: I accidentally clicked the link and it opened a new tab for `localhost:3000/file.png` which shows a 404 error. Let me close this tab and go back to the advices page.
[step 23] Action: left_click (608, 33)
[step 23] Reasoning: I see ctrl+w is the Windows shortcut. On macOS I should use Cmd+W to close a tab. Let me click on the "Advices a11y.css" tab to go back.
[step 24] Action: left_click (115, 457)
[step 24] Reasoning: I'm back on the advices.html page. I can see the DevTools is still open and the `<a href="/file.png">Wanna file?</a>` element is selected. 

Now, let me use the Console to directly examine the CSS rules being applied to this `a` element. Let me click on the Console tab in DevTools to inspect the CSS rules.
[step 25] Action: left_click (640, 540)
[step 25] Reasoning: I'm now in the Console tab. I can see some network intervention messages. Let me use the console to check the CSS source file to see the actual selectors for file format links. Let me type a query to find the a11y.css source.
[step 26] Action: left_click (640, 540)
[step 26] Reasoning: I can see the console is ready. Let me type a JavaScript command to check if there are CSS rules that match `link` elements in the head (to check for false positives).
[step 27] Action: left_click (640, 540)
[step 28] Action: left_click (640, 540)
[step 28] Reasoning: Good, the console is ready. Now let me type a JavaScript command to check the CSS rules applied to `link` elements in the head. I'll use `getComputedStyle` or directly check the CSS rules.

Let me type a command to check:
1. Whether the a11y.css selectors include `a` before the attribute selectors
2. Whether any CSS visual indicators (like outlines or pseudo-elements) are applied to head `link` elements
[step 29] Action: left_click (640, 540)
[step 29] Reasoning: Good. I can see the console prompt. Let me type a JavaScript command to fetch the a11y.css source and look for file format selectors.
[step 30] Action: left_click (640, 540)
[step 30] Reasoning: Let me click directly on the console input area and type a command to get the CSS stylesheet rules for file format links.
[step 31] Action: screenshot
[step 31] Reasoning: I need to click the console input field (the text input area in the DevTools console). Let me take a fresh screenshot to find where the console input is.
[step 32] Action: left_click (640, 540)
[step 32] Reasoning: I can see the DevTools Console panel. I can see the console input area at the bottom of the DevTools (after the ">" symbol). Let me click on the console input area to focus on it.
[step 33] Action: type: fetch('/static/a1...
[step 33] Reasoning: I can see the cursor is now in the console input ("> |" at the bottom of the console panel). Now let me type a JavaScript command to fetch the a11y.css source and search for file format selectors to see if they include `a` or `area` element scoping.
[step 34] Action: key: Return
[step 34] Reasoning: I can see the command is typed in the console. Let me press Enter to execute it.
[step 35] Action: left_click (204, 457)
[step 35] Reasoning: I can see that the fetch to `/static/a11y.css` returned a 404 Not Found error. The a11y.css file is not at that path. Let me try different paths to find the CSS file.

Let me look at the network requests to find where the CSS is loaded from. Let me click on the Network tab.
[step 36] Action: left_click (678, 493)
[step 36] Reasoning: I see the Network tab is now showing the failed request for `a11y.css`. The Network tab is showing only the failed fetch request. I need to reload the page to capture all network requests and find where the CSS files are served from. But first, let me look at the CSS filter to see what CSS files are loaded.

Let me click on "CSS" filter to see all CSS files.
[step 37] Action: left_click (159, 457)
[step 37] Reasoning: The CSS filter is now active but showing no CSS files because the Network panel only shows requests made since I opened it. I need to reload the page to capture all network requests. But the "Preserve log" is already checked, so let me do a hard reload to see all CSS files.

Actually, let me check the Sources tab to find the a11y.css file instead.
[step 38] Action: left_click (15, 475)
[step 38] Reasoning: I'm now in the Sources tab. I can see "Script snippet #1" in the panel. Let me look at the file tree. I see there's a "Page" tab and a "Snippets" tab. Let me click on "Page" to see the file tree.
[step 39] Action: left_click (56, 525)
[step 39] Reasoning: I can see the file tree for localhost:3000. I can see:
- `css` folder
- `static` folder  
- `advices.html`

The CSS file I'm looking for should be in the `css` folder. Let me click on the `css` folder to expand it.
[step 40] Action: left_click (27, 525)
[step 40] Reasoning: The `css` folder didn't expand. Let me click on the arrow to the left of `css`.
[step 41] Action: left_click (99, 540)
[step 41] Reasoning: The `css` folder is now expanded and I can see a file called `a11y-en_advices-onl...` (truncated). This looks like it's the a11y CSS file for advices! Let me click on this file to view its contents.
[step 42] Action: left_click (640, 560)
[step 42] Reasoning: Excellent! I can see the CSS file `a11y-en_advices-only.css` is now open in the Sources panel. I can see some CSS rules. Now I need to search for the file format link selectors in this file. Let me use Ctrl+F to search for "file-format" or "href$=".pdf"" in this CSS file.
[step 43] Action: key: ctrl+f
[step 43] Reasoning: I can see the cursor is in the CSS file editor. I can see it says "Line 1, Column 3843" at the bottom, meaning the cursor is positioned in the CSS source. Now let me use Ctrl+F to search within this file.
[step 44] Action: left_click (640, 565)
[step 44] Reasoning: The search box didn't appear. Let me try clicking directly on the CSS code panel first, then use Cmd+F (macOS shortcut).
[step 45] Action: key: cmd+f
[step 45] Reasoning: I see the cursor is in the CSS file (Line 1, Column 3868). Let me try using Cmd+F to search within this CSS file.
[step 46] Action: type: file-format
[step 46] Reasoning: The search box appeared at the bottom of the DevTools. Now let me type "file-format" to search for the file format rule in the CSS.
[step 47] Action: triple_click
[step 47] Reasoning: The search shows "0 of 0" matches for "file-format". This means the term "file-format" doesn't appear in this CSS file. The CSS file might use a different naming convention. Let me search for "href$=" to find the file format related CSS rules.
[step 48] Action: type: href$=
[step 48] Reasoning: I can see "file-format" is selected in the search box. Let me type the new search term.
[step 49] Action: key: Return
[step 49] Reasoning: Excellent! Now I can see the search results showing "1 of 56" matches for "href$=". The CSS code is visible at the bottom of the panel - I can see:

```
[download],[href$=".pdf"],[href$=".doc"],[href$=".png"],[href$=".jpg"],[href$=".gif"],[href$=".mp3"],[href$=".mp4"],[href$=".mov"],[href$=".ogg"],[href$=".xls"],[href$=".txt"],[href$=".zip"],[href$=".rar"],[href$=
```

This is a critical finding! The CSS selectors for the file format advice are listed WITHOUT `a` or `area` element scoping - they are just attribute selectors like `[download]`, `[href$=".pdf"]`, etc. This means the selector would match ANY element with these attributes, potentially including `<link>` elements in the `<head>`.

However, there's an important clarification: even if CSS styles are applied to `<link>` elements in `<head>`, they wouldn't be visually rendered because `<head>` content is not displayed in the browser viewport. But let me look more carefully at this CSS rule to understand the full selector chain.

Let me press Enter to navigate to this match and see the full context.
[step 50] Action: scroll down (640, 555) scroll_amount 2
[step 50] Reasoning: I can see the "2 of 56" match and in the CSS source panel, I can see the CSS rule containing the selectors. The key CSS line visible at the bottom is:

`[download],[href$=".pdf"],[href$=".doc"],[href$=".png"],[href$=".jpg"],[href$=".gif"],[href$=".mp3"],[href$=".mp4"],[href$=".mov"],[href$=".ogg"],[href$=".xls"],[href$=".txt"],[href$=".zip"],[href$=".rar"],[href$=`

And `counter-increment: advic...` 

This shows that the CSS rule is using ONLY attribute selectors WITHOUT `a` or `area` element scoping. Let me scroll up a little in the CSS code to see the full selector block to confirm what element types this applies to.

Let me scroll up in the CSS code panel to see the full selector for the file format advice rule.
[step 51] Action: key: Escape
[step 51] Reasoning: Now I can see the CSS rules more clearly! I can see two key CSS rules:

**Rule 1 (line at "1 -"):**
```css
[download],[href$=".pdf"],[href$=".doc"],[href$=".png"],[href$=".jpg"],[href$=".gif"],[href$=".mp3"],[href$=".mp4"],[href$=".mov"],[href$=".ogg"],[href$=".xls"],[href$=".txt"],[href$=".zip"],[href$=".rar"],[href$=...
  counter-increment: advice;
  outline: 4px solid #6b8e23 !important;
  outline-offset: -4px
```

**Rule 2 (another line):**
```css
[download]::before,[href$=".pdf"]::before,[href$=".doc"]::before,[href$=".png"]::before,[href$=".jpg"]::before,[href$=".gif"]::before,[href$=".mp3"]::before,[href$=".mp4"]::before,[href$=".mov"]::before,[href$=...
  border-bottom: 1px solid !important;
```

**CRITICAL FINDING**: The CSS selectors are just `[download]`, `[href$=".pdf"]`, etc. WITHOUT being scoped to `a` or `area` elements. This means:

1. These selectors **could theoretically match `<link>` elements** in the `<head>` section that have matching `href` attributes (e.g., stylesheets with `.css` extensions wouldn't match, but if a `<link>` had `href` ending in `.pdf` it would).

2. However, `<link>` elements in `<head>` are typically NOT displayed in the browser viewport, so CSS visual properties like `outline` and `::before`/`::after` pseudo-elements would NOT be visually rendered.

Now let me check the page on the advices.html page to see what the selector in the Selector section shows (the page itself), and also scroll the advices.html page to see the actual test output more carefully.

Let me close the search and look at the key CSS rule more carefully. Let me also check if there's a `:not` clause or element restriction. Let me scroll the CSS source to see the complete rule.

Let me press Escape to close the search and look at the CSS source more carefully.
[step 52] Action: left_click (67, 457)
[step 52] Reasoning: Now I can clearly see the CSS source code with the highlighted selector. Looking at the CSS rules:

**CSS Rule 1 (Outline/Advice indicator):**
```css
[download],[href$=".pdf"],[href$=".doc"],[href$=".png"],[href$=".jpg"],[href$=".gif"],[href$=".mp3"],[href$=".mp4"],[href$=".mov"],[href$=".ogg"],[href$=".xls"],[href$=".txt"],[href$=".zip"],[href$=".rar"],[href$=...
{
  counter-increment: advice;
  outline: 4px solid #6b8e23 !important;
  outline-offset: -4px
}
```

**CSS Rule 2 (::before pseudo-element):**
```css
[download]::before,[href$=".pdf"]::before,[href$=".doc"]::before,[href$=".png"]::before,[href$=".jpg"]::before,[href$=".gif"]::before,[href$=".mp3"]::before,[href$=".mp4"]::before,[href$=".mov"]::before,...
{
  border-bottom: 1px solid !important;
  border-radius: 0 !important;
  bottom: auto !important;
```

Now I can see the CSS is visible in the `Selector` section of the advices.html page (in the browser viewport above). The selectors shown in the page itself (in the "Selector" CSS block in the page content at the top) are:

```
[download],
[href$=".pdf"],
[href$=".doc"],
[href$=".png"],
[href$=".jpg"],
[href$=".gif"],
[href$=".mp3"],
```

These are NOT scoped to `a` or `area` elements. This is a key observation. The selectors are generic attribute selectors. However, let me verify: can `<link>` elements in `<head>` be visually styled with CSS? In HTML, `<head>` content is not rendered in the browser viewport, so even if CSS rules match `<link>` elements, the visual indicators (outline, ::before pseudo-elements) would not show up visually.

But wait - in a11y testing context, what matters is whether the CSS **matches** the element (for JavaScript-based detection) or whether it **visually** shows a warning. Since a11y.css uses CSS-only approach (no JavaScript), the visual indicators cannot appear for `<head>` `<link>` elements because they are not displayed.

Let me now go back to the advices.html page to verify what is actually shown in the test section. Let me click on the page and check what the "Selector" section shows, and observe the test output.

Let me click on "Elements" tab in DevTools to check the DOM and inspect the `link` elements in `head`.
[step 53] Action: scroll up (1150, 580) scroll_amount 5
[step 53] Reasoning: I can now see the Elements panel. I can see the DOM structure:
- `<div class="exampleOutput">`
- `<a href="/file.png">Wanna file?</a>` is highlighted (this is the test example element)

In the Styles panel on the right, I can see:
- `*, ::after, ::before { box-sizing: inherit; }` from `doc.css:1`
- `a:-webkit-any-link { color: -webkit-link; cursor: pointer; text-decoration: underline; }` (user agent stylesheet)
- `Inherited from div.exampleOutput`

I don't see a11y.css rules directly - this might be because the `a` element has class "" and the a11y.css is applied to it via the attribute selector. Let me scroll up in the Styles panel to see the a11y.css rules applied to this `a` element.

Let me scroll up in the Styles panel to find the a11y.css rule.
[step 54] Action: scroll up (1150, 580) scroll_amount 5
[step 54] Reasoning: I can see the Styles panel is showing CSS rules for the `<a href="/file.png">` element. I can see `element.style {}` at the top, then `a:link { color: #3462af; }` from `doc.css:1`, then `a { background-color: transparent; -webkit-text-decoration-skip: objects; }` from `doc.css:1`, and `*, ::after, ::before { box-sizing: inherit; }`.

But I don't see any a11y.css rule in the Styles panel. This means the a11y.css is NOT currently loaded in the advices.html page context, OR the a11y.css rules that apply to the `<a>` element are not being shown in the Styles panel (maybe they're applied to the `div.exampleOutput` container instead).

Wait - looking at the highlighted `<a>` element - the `= $0` indicator means this is the current selected element. The breadcrumb shows `html body main div#content div.codeExample div.exampleOutput a`.

The a11y.css rules may be applied to the `<a>` element but scoped through the parent container. Or the a11y.css is loaded in the page but only through a `<style>` tag within the `exampleOutput` div.

Let me scroll up in the Styles panel to find the a11y.css rules (which should include the green outline).
[step 55] Action: left_click (110, 546)
[step 55] Reasoning: I can see the Styles panel is showing the same CSS rules:
- `element.style {}` (no inline style)
- `a:link { color: #3462af; }` from `doc.css:1`
- `a { background-color: transparent; ... }` from `doc.css:1`
- `*, ::after, ::before {}` from `doc.css:1`
- `a:-webkit-any-link` (user agent stylesheet)

I do NOT see any a11y.css rule in the styles. This is unexpected because in the page, the "Wanna file!" link should have a green outline if a11y.css is applied to it. 

Wait - looking at the page again, I see the page content area shows the "Selector" section with CSS code. These are the CSS selectors DESCRIBED in the page, not the a11y.css CSS code applied to the CURRENT page. The green border might be created using JavaScript or a `<style>` tag injected within the `exampleOutput` div.

Let me look at the DOM structure more carefully. Looking at the Elements panel, I can see:
- `<div class="exampleOutput">`
  - `::before` (this pseudo-element is before the content)
  - `<a href="/file.png">Wanna file?</a>` is highlighted

The `::before` pseudo-element on the `div.exampleOutput` might be creating the visual advice indicator. Let me click on the `div.exampleOutput` element to see its styles.

Let me click on `div.exampleOutput` in the Elements panel.
[step 56] Action: left_click (130, 557)
[step 56] Reasoning: I can see:
- `div.exampleOutput` is now selected (highlighted in the Elements panel)
- In the Styles panel, I can see `.codeBlock, .exampleOutput { padding: 1em; }` from `doc.css:1`
- No a11y.css rules shown

The tooltip in the page area shows "div.exampleOutput 709×56" - this is the element being hovered.

Now I understand the structure better. The actual test content with the `<a href="/file.png">` is inside the `div.exampleOutput`. But I don't see any a11y.css rules being applied.

Let me look at the `<a href="/file.png">` element more carefully by clicking on it in the Elements panel.
[step 57] Action: left_click (608, 33)
[step 57] Reasoning: I accidentally navigated to `localhost:3000/file.png` which is showing a 404 error. I clicked on the `<a href="/file.png">` link element in the Elements panel, causing the browser to navigate to the file. Let me go back to the advices.html page.
[step 58] Action: left_click (115, 457)
[step 58] Reasoning: I can see the advices.html page is showing with the Elements panel still open. The `<a href="/file.png">Wanna file?</a>` is again selected (breadcrumb shows `div.exampleOutput a`). 

Now let me look at the Styles panel again. I can see:
- `element.style {}`
- `a:link { color: #3462af; }` from `doc.css:1`
- `a { background-color: transparent; ... }` from `doc.css:1`
- `*, ::after, ::before { box-sizing: inherit; }` from `doc.css:1`
- `a:-webkit-any-link` (user agent stylesheet)

**There are NO a11y.css rules in the Styles panel for this element.** This means the a11y.css is NOT being applied to the `<a href="/file.png">` element in the context of this advices.html page. The green outline I saw earlier might have been from the `.exampleOutput` class styling the content differently.

Wait - let me scroll UP in the Styles panel to see if there's an a11y.css rule at the top.

Let me use the Console to check the styles applied to the `a` element more directly. Let me use the Console to inspect the matched CSS rules.

Let me switch to the Console tab.
[step 59] Action: left_click (640, 597)
[step 59] Reasoning: I can see the console is showing my earlier failed fetch attempt: `fetch('/static/a11y.css').then(...)` returned a 404 Not Found error (the CSS file is at `/static/a11y.css` but it doesn't exist there).

I can see the console. Let me try to find the a11y.css URL by checking the document's stylesheets. Let me type a command in the console.
[step 60] Action: left_click (640, 597)
[step 60] Reasoning: I can see the console. Now let me type a command to get all the CSS stylesheets loaded on this page and find the a11y.css URL.
[step 61] Action: left_click (640, 597)
[step 61] Reasoning: Good, I can see the console input area (after the `>` prompt at the bottom). Let me type a command to get the list of all CSS stylesheets.
[step 62] Action: left_click (30, 597)
[step 62] Reasoning: I can see the console prompt ">" at the bottom. Let me click exactly on the ">" area to set focus there and type a command.
[step 63] Action: type: Array.from(docume...
[step 63] Reasoning: Good, I can see the console prompt ">" at the bottom. Let me now type a command to get all stylesheets URLs from the document.
[step 64] Action: left_click (640, 630)
[step 64] Reasoning: Excellent! I can now see the results! The console shows:
```
> Array.from(document.styleSheets).map(s=>s.href)
< (2) ['http://localhost:3000/static/doc.css', 'http://localhost:3000/css/a11y-en_advices-only.css']
```

So the a11y.css file for this advices.html page is located at:
`http://localhost:3000/css/a11y-en_advices-only.css`

Now I can fetch this file and search for the file format selectors. Let me type a command to fetch this file and look at the file format rules.
[step 65] Action: left_click (640, 630)
[step 65] Reasoning: I can see the console now shows a new prompt after the result. The CSS file is at `http://localhost:3000/css/a11y-en_advices-only.css`. Now let me type a command to fetch this CSS file and search for the file format selectors.
[step 66] Action: left_click (640, 630)
[step 66] Reasoning: Good, I can see the console input area. Now let me type the fetch command to get the a11y CSS file and search for the file format selectors.
[step 67] Action: left_click (640, 620)
[step 67] Reasoning: I can see the console. The bottom of the console shows the previous result but there's no input area visible with a cursor. Let me click at the very bottom of the console area where the prompt is usually positioned.
[step 68] Action: scroll down (640, 580) scroll_amount 3
[step 68] Reasoning: I can see the console. Let me scroll down in the console area to see if there's a prompt at the bottom, or let me press a key to focus on the console input.
[step 69] Action: left_click (640, 650)
[step 69] Reasoning: I can now see the console shows the result:
```
> Array.from(document.styleSheets).map(s=>s.href)
< (2) ['http://localhost:3000/static/doc.css', 'http://localhost:3000/css/a11y-en_advices-only.css']
```

The console is showing the cursor position after the previous command. Let me click on the console area just below the result to get the input prompt.
[step 70] Action: scroll down (640, 580) scroll_amount 5
[step 70] Reasoning: I can see the console doesn't have a new prompt visible. There's no input area. Let me scroll down in the console to see the full output and find the input area.
[step 71] Action: Open url: http://localhost:3000/css/a11y-en_advices-only.css
[step 71] Reasoning: I see the console is still showing the same content. The console prompt appears to be at the bottom after the result. Let me try to click at the end of the result line to focus the console and get the input cursor visible.

I see the console result ends at:
`(2) ['http://localhost:3000/static/doc.css', 'http://localhost:3000/css/a11y-en_advices-only.css']`

And there should be an input area below this. Looking at the screenshot more carefully, I notice there's no visible prompt ">" below the result. The console seems to be waiting for something. 

Rather than struggling with the console, let me try a different approach. Let me navigate directly to the CSS file in the browser to read its contents, then search for the relevant selectors.

Let me navigate to the CSS file directly.
[step 72] Action: key: cmd+f
[step 72] Reasoning: Excellent! I can now see the CSS source file `a11y-en_advices-only.css` is displayed directly in the browser. This is a minified CSS file. I can see the content. Let me search within this page for the file format selectors using Cmd+F.

I can see in the minified CSS text there are some interesting parts. Let me use Cmd+F to search for `href$=".png"` to find the file format selectors.
[step 73] Action: key: Escape
[step 73] Reasoning: I can see the browser opened a popup that says "widget: relation..." but I need to focus the browser's Find dialog. Let me press Cmd+F again to open the browser's built-in find dialog.
[step 74] Action: left_click (640, 400)
[step 74] Reasoning: Good, the popup closed. Now I can see the CSS file content clearly. I can read the CSS more carefully. I can see a critical section in the text! Let me look at around line 220:

Looking at the text content of this minified CSS file, I can see a very important part:

`[class=""]::before{border-bottom:1px solid !important;...`

And also:

`area[class=""],base[class=""],br[class=""],col[class=""],command[class=""],embed[class=""],hr[class=""],img[class=""],input[class=""],keygen[class=""],link[class=""],meta[class=""],param[class=""],source[class=""],track[class=""],wbr[class=""],textarea[class=""],select[class=""],svg[class=""],audio[class=""],video[class=""],iframe[class=""]{counter-increment:advice;outline:4px solid #6b8e23 !important;outline-offset:-4px;background-color:rgba(107,142,35,0.25) !important}`

Wait, this is VERY interesting! This shows a large list of elements including `link[class=""]`. This seems to be a separate CSS rule that applies the "advice" style to various elements when they have an empty class attribute.

But let me look more carefully at the actual structure. I need to find the selector for the file format link advice. Let me use Ctrl+F to search for `href$=".pdf"` or similar.

Let me click on the CSS content area and then use Cmd+F.
[step 75] Action: key: cmd+f
[step 75] Reasoning: The CSS file is showing as a large text block. Let me use Cmd+F to search for specific text in the CSS file.
[step 76] Action: key: Escape
[step 76] Reasoning: I see the "widget: relation" popup appeared again instead of the browser's Find dialog. This widget popup is from the a11y.css page sidebar component. Let me try clicking directly on the CSS text first to focus on that area, then use the browser's Find.

Let me try a different approach - since the CSS file is loaded as text in the browser, the browser's native Find function should work. Let me try pressing Escape first to dismiss the popup, then click directly in the text area of the CSS file.
[step 77] Action: key: ctrl+f
[step 77] Reasoning: Looking at the CSS content carefully, I can see this is a minified CSS file displayed as a plain text file in the browser. The popup that appears when pressing Cmd+F is NOT from the a11y.css website sidebar - this is just the plain text file displayed in Chrome's raw text view. The Cmd+F shortcut should work for Chrome's Find in Page.

Let me try the Chrome menu approach to open Find in Page: Edit → Find → Find...

Actually, looking at the CSS text visible in the browser, I can already read important sections. Let me carefully read the CSS text that is visible on screen:

From the visible text, I can see:
1. `[class=""]::before{border-bottom:1px solid !important;...` - This is a rule for elements with empty class attributes
2. `area[class=""],base[class=""],br[class=""],col[class=""],command[class=""],embed[class=""],hr[class=""],img[class=""],input[class=""],keygen[class=""],link[class=""],meta[class=""],param[class=""],source[class=""],track[class=""],wbr[class=""],textarea[class=""],select[class=""],svg[class=""],audio[class=""],video[class=""],iframe[class=""]{counter-increment:advice;outline:4px solid #6b8e23 !important;outline-offset:-4px;background-color:rgba(107,142,35,0.25) !important}`

This is a very important rule! This applies the advice indicator (olive green outline with background color) to `link[class=""]` and other elements when they have an empty class attribute. Wait - this is the CSS for a DIFFERENT rule (probably a rule about empty class attributes, not file format).

The key thing I need to find is the specific CSS rule that applies to file format links. Let me try scrolling down to find it, or try the Find function again.

Let me try opening Find in Page through Chrome's Edit menu:

Actually, I notice the "widget: relation" popup that appeared is probably coming from an extension or something. Let me try using Ctrl+F instead of Cmd+F to open Chrome's Find in Page:

Actually wait - looking at the screenshot more carefully, I see the "widget: relation" text appears in what looks like the address bar area popup (autofill). This might be from an accessibility widget. Let me try pressing Ctrl+F:
[step 78] Action: scroll down (640, 400) scroll_amount 5
[step 78] Reasoning: Ctrl+F also doesn't open Chrome's Find dialog. The "widget: relation" popup appearing suggests the a11y.css (accessibility CSS) is actually being applied to the raw text display of the CSS file itself in Chrome! This means the a11y.css is styling elements even in Chrome's internal raw file viewer!

Wait - that doesn't make sense because Chrome's raw file viewer has a different URL structure. Let me think about this differently.

Actually, looking at the CSS text on screen, I can already read what I need. Let me carefully read the CSS text that is visible on screen to find the file format link rules. Let me look for the key text. The CSS file is loaded as raw text, so I need to scroll to find the file format rule.

Let me scroll down in the CSS file to find the file format selectors:
[step 79] Action: scroll down (640, 400) scroll_amount 5
[step 79] Reasoning: I can now see more CSS content. I can see a very important pattern! Looking at the CSS at the bottom: `id=""{counter-increment:advice;outline:4px solid #6b8e23...` This appears to be the start of an element with `id=""` attribute selector.

The content shows a lot of CSS rules with `[class=""]` selectors and also mentions `link[class=""]` in the list. These are rules that apply to elements with empty class attributes.

Let me scroll down more to find the file format link rules (with `href$=".pdf"`, etc.):
[step 80] Action: scroll down (640, 400) scroll_amount 10
[step 80] Reasoning: I can now see more CSS content. I notice:
- `[id=""]{counter-increment:advice;outline:4px solid #6b8e23 !important;outline-offset:-4px}` - This is the rule for elements with an empty `id` attribute
- `[id=""]::before{border-bottom:1px solid !important;...content:"♥  Empty [id] attribute."` - This confirms it's about empty id attributes

This is showing me the CSS rules for the "empty id attribute" advice, not the "file format link" advice. Let me keep scrolling to find the file format link CSS rules:
[step 81] Action: scroll down (640, 400) scroll_amount 10
[step 81] Reasoning: I can see more CSS rules now. I can see `area[id=""],base[id=""],...,link[id=""],meta[id=""],...` - these are rules for elements with empty id attribute. The CSS applies advice indicators to `link[id=""]` which is `<link>` elements with empty id attributes. 

I notice this is a DIFFERENT rule from what I'm looking for. This is the "empty id" advice rule. Let me keep scrolling to find the file format link rules:
[step 82] Action: scroll down (640, 400) scroll_amount 10
[step 82] Reasoning: I can see important CSS content now! I can read:

1. **`main:not(:first-of-type)`** rule - with content "♥ The `<main>` tag is exclusively restricted to the main content area, thus should be unique :-)"

2. **`figcaption:not(:only-of-type)`** rule - this is for figcaption elements

These are other advice rules. The file format link rule should be further down. Let me scroll down more:
[step 83] Action: scroll down (640, 400) scroll_amount 3
[step 83] Reasoning: Excellent! I can see at the bottom of the screen:
```
[href^="mailto"]{counter-increment:advice;outline:4px solid #6b8e23 !important;outline-offset:-4px}[href^="mailto"]::before{border-bottom:1px solid !important;border-radius:0 !important;bottom:auto !important;font:400 normal 16px/1.5 monospace !important;height:auto !important;left:0 !important;opacity:0;padding:1em 0;pointer-events:none !important;position:fixed !important;text-align:center
```

This shows a `[href^="mailto"]` selector - this is for the "mailto" link advice. And importantly, the selector is `[href^="mailto"]` WITHOUT an `a` or `area` element prefix! This confirms the pattern of the a11y.css selectors.

Now I'm very close to finding the file format rule. Let me scroll down just a bit more:
[step 84] Action: scroll down (640, 400) scroll_amount 5
[step 84] Reasoning: I can see the `[href^="mailto"]` rule with content "♥ This email is valid, isn't it?" and it's `[href^="mailto"]` (without element scoping). Let me continue scrolling to find the file format link rule:
[step 85] Action: scroll down (640, 400) scroll_amount 5
[step 85] Reasoning: I can see more CSS rules now. I can see:
- `[href^="tel"]` rule with content "♥ Will I call a real phone number?" - this is the telephone link advice

These are getting closer to the file format rule. Let me scroll down more:
[step 86] Action: scroll down (640, 400) scroll_amount 5
[step 86] Reasoning: I can see more CSS rules! I can see:
- `a[role="button"]` rule - with content "♥ This link is disguised as a button. A real `<button>` would be better :-)" - this is for links with role="button"
- `[target$="blank"]` - rule for links with `target="_blank"` attribute

Now at the bottom I can see `[target$="blank"]{counter-increment:advice;outline:4px solid #6b8e23...` - this is getting close to the file format link rule! Let me scroll down a bit more:
[step 87] Action: scroll down (640, 400) scroll_amount 3
[step 87] Reasoning: I can now see at the very bottom of the screen the beginning of what appears to be the file format link CSS rule! I can see:

`[target$="blank"]:hover::before,[target$="blank"]:focus::before{opacity:1;...} !important}[download],[href$=".pdf"],[href$=".doc"],[href$=".png"],[href$=".jpg"],[href$=`.gif`],[href$=`

This is it! The file format link CSS selectors! I can see at the very bottom the beginning of the selector: `[download],[href$=".pdf"],[href$=".doc"],[href$=".png"],[href$=".jpg"],[href$=".gif"],[href$=...`

These selectors are being displayed at the very bottom - let me scroll down just a tiny bit more to see the complete selector and the CSS properties:
[step 88] Action: left_click (452, 33)
[step 88] Reasoning: **CRITICAL FINDING!** I can now clearly see the file format link CSS rule:

```
[download],[href$=".pdf"],[href$=".doc"],[href$=".png"],[href$=".jpg"],[href$=".gif"],[href$=".mp3"],[href$=".mp4"],[href$=".mov"],[href$=".ogg"],[href$=".xls"],[href$=".txt"],[href$=".zip"],[href$=".rar"],[href$=".docx"]{counter-increment:advice;outline:4px solid #6b8e23 !important;outline-offset:-4px}
```

And the `::before` pseudo-element rule:
```
[download]::before,[href$=".pdf"]::before,[href$=".doc"]::before,[href$=".png"]::before,[href$=".jpg"]::before,[href$=".gif"]::before,[href$=".mp3"]::before,[href$=".mp4"]::before,[href$=".mov"]::before,[href$=".ogg"]::before,[href$=".xls"]::before,[href$=".txt"]::before,[href$=".zip"]::before,[href$=".rar"]::before,[href$=".docx"]::before{border-bottom:1px solid !important;border-radius:0 !important;bottom:auto !important;font:400 normal 16px/1.5 monospace !important;height:auto
```

**Key observations about the CSS selectors:**

1. **The selectors are `[download]`, `[href$=".pdf"]`, etc.** - These are PURE attribute selectors WITHOUT any element type restriction (no `a` or `area` prefix!)

2. **This means these CSS rules can theoretically match ANY HTML element** that has these attributes - including `<link>` elements in the `<head>`, `<area>` elements in image maps, and any other element.

3. **However, for `<head>` `<link>` elements** - the CSS visual effects (outline, ::before pseudo-elements) would NOT be visually rendered because `<head>` content is hidden from the browser viewport by default.

4. **The a11y.css file format link advice is NOT specifically scoped to `a` and `area` elements.** The selectors do not include element type restriction.

Now let me verify this by looking at the actual advices.html page. Let me navigate back to the advices.html page and check the Selector section shown in the page for the "Linking to a file" advice:

Let me also navigate back to the advices.html page to observe the page's own display of these selectors and the test examples:
[step 89] Action: scroll down (640, 280) scroll_amount 5
[step 89] Reasoning: Excellent! I can see the advices.html page with DevTools open. I can see at the bottom of the console:

```
> document.querySelectorAll('link[href$=".pdf"], link[href$=".doc"], link[href$=".png"], link[href$=".jpg"], link[href$=".gif"], link[href$=".mp3"], link[href$=".mp4"], link[href$=".zip"], link[href$=".docx"]')
< NodeList []
```

**IMPORTANT:** Someone (the task scripting system maybe) ran `document.querySelectorAll('link[href$=".pdf"], ...')` and the result is `NodeList []` - an empty NodeList! This means there are NO `<link>` elements in the `<head>` of this `advices.html` page that match the file format selectors.

This confirms that in the current advices.html test page, there are no `<link>` elements with file format extensions (.pdf, .doc, .png, etc.) in the `<head>`. The CSS rule `[href$=".pdf"]`, etc. only matches the actual `<a href="/file.png">` test element in the body.

Now let me confirm what's happening visually by scrolling down in the advices.html page to see the test example output. Let me also check the Selector section to see what the page itself documents as the selector for this advice.

Let me scroll down in the advices.html page to see the Selector section and test example:

==================================================
Task: 当前Chrome浏览器已打开a11y.css网站，地址是http://localhost:3000。测试 a11y.css 的文件链接格式建议功能。请导航到 advices.html 页面，检查页面中关于文件格式链接的无障碍建议是否只对 a 和 area 等可见链接元素生效，而不会对 head 中的 link 标签产生误报。观察页面上的无障碍提示信息，确认文件格式相关的建议仅标注了正文中的实际超链接元素。请始终在浏览器内操作，禁止打开 Terminal、Finder 或其他应用程序。如果在浏览器中找不到目标功能，直接标记 result 为 unclear，result_summary 写明未在页面中找到目标功能入口。
Status: STOPPED_BY_USER
Total steps: 89
Last action: scroll down (640, 280) scroll_amount 5
Last reasoning: Excellent! I can see the advices.html page with DevTools open. I can see at the bottom of the console:

```
> document.querySelectorAll('link[href$=".pdf"], link[href$=".doc"], link[href$=".png"], link[href$=".jpg"], link[href$=".gif"], link[href$=".mp3"], link[href$=".mp4"], link[href$=".zip"], link[href$=".docx"]')
< NodeList []
```

**IMPORTANT:** Someone (the task scripting system maybe) ran `document.querySelectorAll('link[href$=".pdf"], ...')` and the result is `NodeList []` - an empty NodeList! This means there are NO `<link>` elements in the `<head>` of this `advices.html` page that match the file format selectors.

This confirms that in the current advices.html test page, there are no `<link>` elements with file format extensions (.pdf, .doc, .png, etc.) in the `<head>`. The CSS rule `[href$=".pdf"]`, etc. only matches the actual `<a href="/file.png">` test element in the body.

Now let me confirm what's happening visually by scrolling down in the advices.html page to see the test example output. Let me also check the Selector section to see what the page itself documents as the selector for this advice.

Let me scroll down in the advices.html page to see the Selector section and test example:

==================================================

UI window closed
