Session created: sess-20260417135605-7d5b6ca562d3427c8142d678297bf4d3
UI panel initialized successfully
UI window displayed
Expected result: None
[step 0] Action: Initializing
[step 0] Reasoning: Initializing session connection
[step 0] Action: screenshot
[step 1] Action: left_click (57, 329)
[step 1] Reasoning: I can see the Angular Date Picker demo page. I need to navigate to the "Day Picker directive" section to test the `disableKeypress` configuration. Let me click on "Day Picker directive" in the left sidebar.
[step 2] Action: scroll down (640, 400) scroll_amount 5
[step 2] Reasoning: I'm now in the "Day Picker directive" section. I can see the configuration options. Now I need to scroll down to find the `disableKeypress` configuration option. Let me scroll down to find it.
[step 3] Action: scroll down (640, 400) scroll_amount 3
[step 3] Reasoning: I can see the `disableKeypress` configuration option at the bottom: "Disable keyboard on input (disableKeypress):" with options "Disabled" and "Enabled". Currently it shows "Enabled" is selected (the blue radio button is on "Enabled"). Wait, let me look more carefully - "Disabled" has an unchecked radio and "Enabled" has the checked (blue) radio. 

Actually, looking at the current state: the `disableKeypress` is currently set to "Enabled" (the blue dot is on "Enabled"). But wait - "Enabled" means `disableKeypress=true` (keyboard is disabled/enabled for disabling). Let me scroll down a bit more to see if there are more options.

Let me first scroll down a bit to see the full `disableKeypress` option and the directive mode date picker input box.
[step 4] Action: scroll up (640, 400) scroll_amount 10
[step 4] Reasoning: Now I can clearly see the "Disable keyboard on input (disableKeypress):" option. Currently it shows:
- "Disabled" - radio button not selected
- "Enabled" - radio button selected (blue)

So currently `disableKeypress` is set to "Enabled" (meaning `disableKeypress=true`, keyboard input IS disabled). 

Now let me first check the current state by opening the browser DevTools console to check for any console errors. But first, let me scroll up to see the directive mode date picker input box to understand the current page layout.

Let me scroll up to see the input box for the Day Picker directive.
[step 5] Action: key: F12
[step 5] Reasoning: I can see the "Day Picker directive" section is displayed. The page shows "Attribute options", "Config options", and "API" sections. I notice the page doesn't show the actual date picker input box prominently at the top. The input box with "Choose a date..." at the top of the page is the directive mode date picker input. 

Let me open the browser DevTools to check for console errors first. I'll press F12 to open DevTools.
[step 6] Action: left_click (181, 140)
[step 6] Reasoning: The DevTools console is now open. I can see:
1. The console shows "Angular is running in the development mode" message
2. There's an "[Intervention] Slow network is detected" warning (not a real error)
3. "7 Issues" badge (shown in orange/yellow) - let me check these

The console shows only informational messages and warnings, not actual errors. The "1 error" indicator (red badge with "1") is visible. Let me look more carefully at the console. I can see:
- An informational message about Angular development mode
- An "[Intervention]" message about slow network (this is a browser intervention, not an app error)
- Another message

Let me clear the console and check for errors more clearly. First, let me click on the Console tab to make sure I'm viewing it.
[step 7] Action: scroll up (280, 220) scroll_amount 5
[step 7] Reasoning: I can see the console tab is open. The console shows:
1. "Angular is running in the development mode" - informational message (blue icon)
2. "[Intervention] Slow network is detected" - a browser warning (yellow icon with "undefined")
3. Another "undefined" message

The red "1" badge next to the error icon suggests there might be 1 error. Let me scroll up in the console to see all messages. Let me also clear the console and check by filtering for errors only. Let me click the error filter button.

First, let me take a clearer look at the console messages by scrolling up in the console area.
[step 8] Action: left_click (441, 158)
[step 8] Reasoning: The console shows only these messages visible:
1. Blue info icon: "Angular is running in the development mode..."
2. Yellow warning (undefined): "[Intervention] Slow network is detected..."
3. Another undefined message

The red "1" badge in the console filter area indicates 1 error. Let me click the "1 error" filter to see only errors.
[step 9] Action: left_click (107, 369)
[step 9] Reasoning: The DevTools opened an "Issues" panel showing:
1. "A form field element should have an id or name attribute" (info - 6 instances) 
2. "Deprecated feature used" (warning - 1 instance)

These are not actual JavaScript errors - they are browser best-practice issues. The "1 error" badge I saw earlier was likely one of these issues. There are no actual JavaScript application errors or crashes.

Now let me close the Issues panel and go back to the Console to check for JavaScript errors more specifically. Let me click the "Console" tab.
[step 10] Action: left_click (476, 100)
[step 10] Reasoning: Good, I'm back to the Console tab. I can see the console output shows:
1. "Angular is running in the development mode" (blue info)
2. "[Intervention] Slow network is detected" (yellow warning - this is just a network warning from the browser about loading fonts)
3. "undefined" messages

**Step 2 Confirmed:** The page loads normally without any JavaScript errors or crashes. The only messages are informational/warning messages that are not application errors.

Now let me proceed to **Step 3** - I need to verify the `disableKeypress` configuration. I already saw it was set to "Enabled" (which means `disableKeypress=true`). Let me scroll down the page to see the disableKeypress option and the input box. But first, let me close the DevTools notification bar and scroll to find the directive input.

Let me close the DevTools info bar first and take a screenshot to get a better view of the page.
[step 11] Action: scroll down (700, 400) scroll_amount 5
[step 11] Reasoning: Good, the DevTools notification bar is closed. The console is now showing clearly. I can see the console messages without any JavaScript application errors. Now I need to:

1. First, scroll down to see the `disableKeypress` configuration
2. Then verify the input box behavior

The main demo input box at the top shows "Choose a date..." which is the directive mode input. Let me first scroll down in the page area (right side) to find the `disableKeypress` option. Let me scroll down in the right side panel.

Let me scroll in the main page area to find the `disableKeypress` option.
[step 12] Action: left_click (706, 135)
[step 12] Reasoning: Excellent! Now I can clearly see the "Disable keyboard on input (disableKeypress):" configuration at the bottom of the screen. It shows:
- "Disabled" radio button (not selected)
- "Enabled" radio button (selected - blue)

**Step 3 Confirmed:** The `disableKeypress=true` configuration is already enabled (the "Enabled" radio is selected, meaning keyboard input is disabled).

Now I need to:
**Step 4:** Try typing text in the directive mode date input box to verify that keyboard input is correctly disabled.

The directive mode date input is the "Choose a date..." input at the top of the page. Let me first check if the input is readonly. Let me use the DevTools console to check the input's properties. But first, let me try to click on the main input box and try typing.

Let me scroll up to see the main "Choose a date..." input box and try to click on it and type.
[step 13] Action: type: test123
[step 13] Reasoning: Interesting! When I clicked on the "Choose a date..." input, the calendar picker opened automatically - showing April 2026. This means the input is clickable and opens the calendar. Now I need to try typing text in this input to see if `disableKeypress=true` prevents keyboard input.

The DevTools are closed now. Let me try typing some text in this input field to test if keyboard input is disabled.
[step 14] Action: key: Escape
[step 14] Reasoning: Interesting! I can see that "test123" was typed into the input field. This is unexpected because `disableKeypress` was shown as "Enabled" which should mean keyboard input is disabled. Wait - let me re-read the configuration:

Looking at the current state:
- The text "test123" appears in the input box
- The calendar is still open
- `disableKeypress` shows "Enabled" radio button is selected

Wait, I need to re-examine the `disableKeypress` setting. The label says "Disable keyboard on input (disableKeypress):" with "Disabled" and "Enabled" options. 

The "Enabled" radio button being selected means `disableKeypress=true` (keyboard disabled is enabled). But the text was typed! This needs further investigation.

Wait - let me look again. Perhaps I was looking at the wrong section. The "Day Picker directive" section was navigated to from the left sidebar, but maybe the top input is NOT the directive mode input - it might be the component mode input. Let me check if this is the correct input box.

Let me look more carefully. When I clicked on "Day Picker directive" in the left sidebar, the page showed "Day Picker directive" configuration. But the input at the top showing "Choose a date..." - let me check the page by scrolling up to the top.

Also, I notice the text typed is "test123" which means the `disableKeypress` might NOT be working correctly, OR I may be looking at the wrong input box. Let me open DevTools console and investigate.

Let me press Escape to close the calendar first, then open DevTools.
[step 15] Action: key: F12
[step 15] Reasoning: Very interesting! After pressing Escape (closing the calendar), the input shows "test123" with "invalid format" message below it. This tells us:

1. The `disableKeypress` setting currently shown as "Enabled" DID NOT prevent keyboard input - the text "test123" was successfully typed
2. The date picker validates the input and shows "invalid format" because "test123" is not a valid date

Wait - let me reconsider. Looking at the radio buttons again: "Disabled" and "Enabled". The label says "Disable keyboard on input (disableKeypress):". If "Enabled" means `disableKeypress=true`, keyboard should be disabled. But typing worked!

Wait - maybe I need to check more carefully. Let me look at what "Enabled" means in context:
- "Disable keyboard on input (disableKeypress):" 
- "Disabled" radio = disableKeypress is disabled = keyboard input IS allowed
- "Enabled" radio = disableKeypress is enabled = keyboard input IS disabled

But text WAS typed! This is suspicious. Let me check the input's `readonly` attribute via DevTools console.

Let me open DevTools to inspect the input.
[step 16] Action: left_click (280, 252)
[step 16] Reasoning: The DevTools console is now showing new messages:
- "undefined" 
- "opened" (with demo.component.ts:277)
- "closed" (with demo.component.ts:281)

These log messages indicate that the calendar opened and closed. This confirms the calendar picker is working. I can also see "test123" in the input with "invalid format" shown below it.

Now I need to check if the `disableKeypress` is actually working. The fact that I could type text into the input suggests it may NOT be working with the "Enabled" setting. Let me investigate by using the DevTools console to check the input element's readonly attribute.

Let me type a query in the console to check the input's readonly status:
[step 17] Action: scroll down (280, 200) scroll_amount 3
[step 17] Reasoning: Let me click on the console input area at the bottom to type a command. I need to scroll down in the console to find the input area.
[step 18] Action: left_click (280, 470)
[step 18] Reasoning: The console doesn't show an input area because the DevTools panel is docked in a way that the console input prompt is not visible. Let me try clicking at the very bottom of the DevTools area to find the console input prompt.
[step 19] Action: left_click (280, 460)
[step 19] Reasoning: The DevTools console panel is showing but I don't see the console input prompt area. The console seems to be in the "Console" tab but without a visible prompt. Let me try to undock the DevTools to get a better view, or let me try pressing Ctrl+` to focus on the console input.

Let me try clicking in the empty area below the "closed" message in the console to get a console input.
[step 20] Action: left_click (107, 484)
[step 20] Reasoning: I notice that the DevTools console panel is docked without the console input area visible. The console shows the log output but the input prompt at the bottom is not visible. This is because the console is in "drawer" mode (the bottom tab panel). 

Let me try to click on "Console" text in the tab panel area to switch to it and see the full console with input.
[step 21] Action: left_click (181, 96)
[step 21] Reasoning: I can see the DevTools has both the main Console tab (at top - already selected showing log output) and a "Console" drawer tab at the bottom (showing the "Console", "AI assistance", "Issues" tabs). The console panel above is showing messages but no input prompt. 

This appears to be because the console input might be cut off or the DevTools is in a two-panel configuration. Let me try pressing `Escape` on the keyboard to toggle the console drawer - this should show the console input prompt.

Let me try a different approach. Let me click on the main "Console" tab at the top of DevTools (the one in the DevTools header).
[step 22] Action: key: Escape
[step 22] Reasoning: I see the DevTools is in a specific layout where the console output is visible in the main console panel but the input prompt seems to be at the very bottom and is perhaps cut off. Let me try to undock the DevTools by clicking the 3-dot menu (ellipsis) to get more options, or let me try pressing Escape to toggle the drawer.

Actually, looking at the bottom of the DevTools, I can see a "Console" tab and there's a prompt area there. Let me try pressing `Escape` key to toggle the drawer console and use that as the interactive console.
[step 23] Action: left_click (280, 252)
[step 23] Reasoning: Now I can see the console input prompt at the very bottom of the console area! I can see `> |` (cursor blinking in the console input). Let me now type a command to inspect the main input element's readonly attribute.

I'll use JavaScript to query the date picker input element and check if it has the `readonly` attribute.
[step 24] Action: type: document.querySel...
[step 24] Reasoning: The cursor is in the console input area. Let me type a command to check the input element. Let me look for the dpDayPicker directive input element.
[step 25] Action: triple_click
[step 25] Reasoning: I can see a security warning from Chrome: "Warning: Don't paste code into the DevTools Console that you don't understand or haven't reviewed yourself. This could allow attackers to steal your identity or take control of your computer. Please type 'allow pasting' below and press Enter to allow pasting."

I need to first type "allow pasting" and press Enter to enable pasting, then I can run my JavaScript command.
[step 26] Action: left_click (280, 282)
[step 26] Reasoning: I see the input area is there but not visible. The Chrome security warning says I need to type "allow pasting" first. Let me click on the console input area (the `>|` prompt at the bottom) and type "allow pasting".
[step 27] Action: left_click (85, 282)
[step 27] Reasoning: I need to click on the console input prompt (the `>` area at the very bottom of the DevTools). Let me try clicking more precisely on the console input cursor position which appears to be at the "> " area.
[step 28] Action: type: allow pasting
[step 28] Reasoning: I can see the console prompt `>` at the bottom of the DevTools (around y=282). The cursor should be there. I can also see the security warning about pasting. Let me type "allow pasting" and then press Enter to enable pasting in the console.
[step 29] Action: key: Return
[step 29] Reasoning: I can see the security warning message now expanded and the console input prompt shows `> |` at the bottom. However, the "allow pasting" text was typed but it's not visible in the console input box. The warning message is visible. Let me press Enter to confirm.

Wait, looking at the console more carefully:
- The security warning message is expanded and shown in red
- The console input `> |` is visible at the bottom
- But I don't see "allow pasting" text in the input area - it might have been entered in the wrong field

Let me press Enter to submit whatever is in the console input.
[step 30] Action: left_click (200, 291)
[step 30] Reasoning: The security warning is still showing - the "allow pasting" text wasn't entered or it didn't work. The console input still shows `> |`. The warning is still visible. Let me try a different approach - I'll type the commands directly without pasting. The Chrome security warning about pasting is triggered when you paste code, but I can type the commands directly.

Let me try typing a simple command directly in the console. I'll click on the `> |` area and type a simple command.
[step 31] Action: type: allow pasting
[step 31] Reasoning: The warning is still showing. The console input is visible at `> ` with a blinking cursor. The Chrome security warning about pasting is a one-time warning. When I typed "allow pasting" earlier, it might not have gotten to the console input. Let me try clicking directly on the console input prompt area which is at the very bottom of the DevTools and then type.

Let me look at what I can currently see in the console area. The input should be at `> ` after the last message. Looking at the screenshot, the messages visible are:
1. Angular development mode info
2. Slow network warning
3. "undefined" messages
4. "opened" and "closed" 
5. Red security warning (expanded)
6. `> ` prompt at the very bottom (around y=291)

Let me try typing a short command directly.
[step 32] Action: key: F12
[step 32] Reasoning: The "allow pasting" text still isn't visible in the console input. The console input at "> " doesn't seem to be receiving my typed text. This might be because the console panel didn't get focus when I clicked. 

Let me try a different approach - I'll use the Elements Inspector to examine the input element directly, rather than using JavaScript in the console. Let me click on the "Elements" tab and then use the "Inspect" tool to check the date picker input.

But first, let me try to understand the current situation better. I already know:

1. **The page loaded successfully** - No JS errors (the red "1" badge referred to browser compatibility issues, not app errors)
2. **`disableKeypress` is set to "Enabled"** (meaning `disableKeypress=true`)
3. **I typed "test123" in the input** - The text was accepted, which is unexpected

The key question is: **Is the current page the "Day Picker directive" page or the "Day Picker" (component) page?**

Let me close DevTools first and verify which page I'm on by looking at the left sidebar.
[step 33] Action: key: Escape
[step 33] Reasoning: Excellent! Now I can see the full picture clearly! The DevTools is closed and I can see:

1. **Left sidebar**: "Day Picker directive" is highlighted (selected) - confirming I'm on the right page!
2. **The input at the top shows "test123"** and a calendar picker is open showing April 2026
3. **The `disableKeypress` setting at the bottom**: "Disabled" radio is unchecked, "Enabled" radio is selected (blue dot)
4. **The calendar is open** even though I can see the input shows "test123"

Wait - the calendar is OPEN! When I closed DevTools, the input got focus again and the calendar opened. The calendar shows April 2026 with today (17) highlighted.

Key observation: The "test123" text WAS accepted by the input field. This is interesting because `disableKeypress` is "Enabled" (meaning `disableKeypress=true`).

Let me understand what's happening. Looking at this more carefully:

The **input has "test123"** in it but the calendar is ALSO open. This is a critical observation! With `disableKeypress=true`, the input should be readonly. But "test123" was typed in.

Wait - I notice something important: When I looked at the page earlier, I was in the "Day Picker directive" section but the main input at the very top of the page showing "test123" with the calendar open - I need to verify if the `disableKeypress=true` setting applies to THIS input.

Let me close the calendar by pressing Escape and look at the current state more carefully.
[step 34] Action: triple_click
[step 34] Reasoning: Now I can see the full page clearly. Let me analyze what I'm seeing:

**Current Page State:**
- **Left sidebar**: "Day Picker directive" is highlighted (active)
- **Top center**: The directive mode date picker input shows "test123" with "invalid format" error below
- **`disableKeypress` setting**: "Enabled" radio is selected (blue dot at the bottom of the right panel)
- **Left panel** shows the attribute options for the directive

Wait! I see something important. Looking at the top:
- The input with "test123" and "invalid format" is in the **top center** of the page
- The left panel shows "Placeholder (placeholder):" with "Choose a date..." field - this seems to be a CONFIGURATION input, not the actual directive input

The input at the very top center (showing "test123") is the ACTUAL directive mode date picker input. This is the `dpDayPicker` directive applied to an `<input>` element.

**Important finding**: The `disableKeypress` is set to "Enabled" (which means `disableKeypress=true`), but I was able to type "test123" in the input. This means the input is NOT readonly/disabled for keyboard input.

Wait - let me re-read the configuration option:
- "Disable keyboard on input (disableKeypress):"
- "Disabled" = disableKeypress is disabled (keyboard IS allowed) 
- "Enabled" = disableKeypress is enabled (keyboard is NOT allowed)

The "Enabled" means `disableKeypress=true`. With `disableKeypress=true`, the input should NOT accept keyboard input. But I was able to type "test123".

This could mean:
1. The `disableKeypress` feature might not be working as expected - a potential BUG
2. Or the feature might be applying differently

Let me first verify that the `disableKeypress` setting IS indeed "Enabled" by scrolling down to check. I can see at the bottom: "Disable keyboard on input (disableKeypress):" with "Disabled" and "Enabled" - let me zoom in to confirm which one is selected.

Looking at the screenshot at y=641 - "Disabled" radio is on the left, "Enabled" radio is on the right with a blue dot. So `disableKeypress=Enabled` (which means `disableKeypress=true`).

Now let me scroll up to see the top input more clearly and try to interact with it. Let me also try to clear the input and retype to verify.

First, let me click on the top input to see if it accepts keyboard input.
[step 35] Action: type: hello
[step 35] Reasoning: The input has been triple-clicked:
1. The calendar picker opened (showing April 2026)
2. The "test123" text in the input appears selected (highlighted in blue)
3. The calendar is showing correctly

Now let me try typing something to see if the input accepts keyboard input when `disableKeypress=Enabled`:
[step 36] Action: key: Escape
[step 36] Reasoning: **Important finding!** The text "hello" was successfully typed into the input field! The input now shows "hello" (replacing "test123" because I triple-clicked to select all and then typed). 

This is a **significant observation**: Even though `disableKeypress` is set to "Enabled" (which should be `disableKeypress=true`), the keyboard input IS being accepted by the directive mode date picker input. This appears to be an issue with the `disableKeypress` feature.

Wait - let me reconsider. Looking at the current state:
- **`disableKeypress` = "Enabled"** means `disableKeypress: true` in the configuration
- The `disableKeypress: true` should prevent keyboard input by making the input readonly
- But I can still type! This could be a bug or my understanding of the config labels might be wrong.

Let me now try a different approach:
1. First close the calendar
2. Let me look more carefully at what "Disabled" vs "Enabled" means for `disableKeypress`
3. Check if maybe "Disabled" means the feature is disabled (keyboard is allowed) and "Enabled" means the feature is enabled (keyboard is disabled)

Let me check by switching to "Disabled" first and see if behavior changes, then switch back to "Enabled".

Actually wait - perhaps I misread. Let me look at the bottom more carefully. The option says "Disable keyboard on input (disableKeypress):" with radio buttons "Disabled" and "Enabled". 

If "Enabled" means `disableKeypress: true`, keyboard should be DISABLED. But keyboard IS working! 

This is potentially a BUG in the `disableKeypress` implementation. Let me now:
1. Check the current state clearly
2. Try changing to "Disabled" to see if the behavior is different
3. Then check if the input element has `readonly` attribute

Let me press Escape to close the calendar, then look at the input more carefully.
[step 37] Action: right_click (706, 134)
[step 37] Reasoning: I can see the current state:
- **The directive mode input** shows "hello" with "invalid format" below it
- **`disableKeypress`** setting: "Disabled" radio is first, "Enabled" radio with blue dot is selected

Now I need to verify the behavior by checking the Elements inspector. Let me right-click on the directive mode input to inspect it.

But first, let me try to understand the issue better. The fact that:
1. "Enabled" is selected for `disableKeypress`
2. But keyboard input WAS accepted ("hello" was typed)

This suggests either:
- The `disableKeypress` feature is NOT working as expected (a bug)
- OR "Enabled" means something different than what I think

Let me right-click the date picker input to inspect it and check its attributes.
[step 38] Action: left_click (726, 370)
[step 38] Reasoning: A right-click context menu appeared with options in Chinese. I can see "检查" (Inspect) at the bottom. Let me click on "检查" to open the Elements Inspector and check the input element's attributes.
[step 39] Action: left_click (280, 200)
[step 39] Reasoning: Excellent! The Elements Inspector is now open and I can see the HTML element for the directive mode date picker input! Looking at the breadcrumb at the top of the Elements panel:
- `g-invalid.ng-touched > div#dayDirective.dp-picker-day-directive > input.ng-dirty.ng-invalid.ng-touched`

The selected element is the `<input>` element. I can also see the element's attributes in the Elements panel. Looking at the input element in the HTML:
```html
<input _ngcontent-c0 name="datePicker" ng-reflect-required="false" ng-reflect-is-disabled="false" ng-reflect-config="[object Object]" ng-reflect-theme="dp-material dp-main" placeholder="Choose a date..." class="ng-dirty ng-invalid ng-touched" ng-reflect-model="hell">
```

I can see:
- `ng-reflect-is-disabled="false"` - This means `isDisabled=false` (input is NOT disabled)
- The class shows `ng-dirty ng-invalid ng-touched` - The input has invalid content
- `ng-reflect-model="hell"` - The current model value is "hell" (partial - it was cut off)
- **No `readonly` attribute!** - This is the key issue

The input does NOT have a `readonly` attribute even though `disableKeypress=Enabled` is selected. This is a bug in the `disableKeypress` feature.

Wait, let me look more carefully. I need to see the full input element attributes. Let me click on the input element in the Elements panel to see all its attributes.

Looking at the element tooltip at the top of the page, I can see: "input.ng-dirty.ng-invalid.ng-touched" - this is the element and it shows `146.71 × 20.17` dimensions.

Now let me scroll up in the Elements panel to see the full input element.
[step 40] Action: left_click (280, 218)
[step 40] Reasoning: I can see the Elements panel showing the input element. The breadcrumb now shows:
`v.dp-demo-container > form.ng-dirty.ng-invalid.ng-touched > div#dayDirective.dp-picker-day-directive`

And in the HTML, I can see the `<input>` element:
```html
<input _ngcontent-c0 name="datePicker" ng-reflect-required="false" ng-reflect-is-disabled="false" ng-reflect-config="[object Object]" ng-reflect-theme="dp-material dp-main" placeholder="Choose a date..." class="ng-dirty ng-invalid ng-touched" ng-reflect-model="hello">
```

Key observations:
1. `ng-reflect-is-disabled="false"` - the `isDisabled` attribute is false
2. **No `readonly` attribute!** 
3. The model reflects "hello" (the text I typed)

This confirms that with `disableKeypress="Enabled"` set, the input does NOT have a `readonly` attribute, which means keyboard input is NOT being disabled. This is a **potential bug** with the `disableKeypress` configuration.

Let me now click on the `<input>` element in the Elements panel to see all its attributes.
[step 41] Action: left_click (377, 286)
[step 41] Reasoning: Now I can see the `<input>` element is selected in the Elements panel (the breadcrumb shows `g-invalid.ng-touched > div#dayDirective.dp-picker-day-directive > input.ng-dirty.ng-invalid.ng-touched`).

The input element attributes visible in the HTML:
```html
<input _ngcontent-c0 name="datePicker" ng-reflect-required="false" ng-reflect-is-disabled="false" ng-reflect-config="[object Object]" ng-reflect-theme="dp-material dp-main" placeholder="Choose a date..." class="ng-dirty ng-invalid ng-touched" ng-reflect-model="hell">
```

Looking at this carefully:
- ✅ `name="datePicker"` 
- ✅ `ng-reflect-required="false"` 
- ✅ `ng-reflect-is-disabled="false"` - isDisabled is false
- ✅ `ng-reflect-config="[object Object]"` - config is set
- ✅ `placeholder="Choose a date..."`
- ❌ **No `readonly` attribute** - This means `disableKeypress=true` is NOT adding the `readonly` attribute to the input

This is the key finding! The `disableKeypress` configuration is set to "Enabled" (true), but the input element does NOT have the `readonly` attribute, meaning keyboard input is not disabled.

Now let me also check the `Computed` tab to see all computed properties and check if there's a `pointer-events: none` or any CSS that might disable keyboard input.

Let me also check the `Properties` tab to get the full element properties.
[step 42] Action: scroll down (280, 400) scroll_amount 5
[step 42] Reasoning: The Properties tab is now open and showing all DOM properties of the input element. I can see:
- `accept: ""`
- `accessKey: ""`
- `align: ""`
- `alt: ""`
- `attributeStyleMap: StylePropertyMap {size: 0}`
- `attributes: NamedNodeMap {0: _ngcontent-c0, 1: name, 2: ng-reflect-required, 3: ng-reflect-r...`
- `autocapitalize: ""`
- `autocomplete: ""`
- `autofocus: false`
- `baseURI: "http://localhost:4200/"`
- `checked: false`
- `childElementCount: 0`
- `childNodes: NodeList []`
- `children: HTMLCollection []`
- `classList: DOMTokenList(3) ['ng-dirty', 'ng-invalid', 'ng-touched', value: 'ng-dirty ng-inva...`

I need to scroll down in the Properties panel to find `readOnly` property value. Let me scroll down to see if `readOnly` is false.
[step 43] Action: scroll down (280, 400) scroll_amount 5
[step 43] Reasoning: I can see more properties now. I can see:
- `disabled: false` - The input is NOT disabled
- `draggable: false`
- `className: "ng-dirty ng-invalid ng-touched"` - The classes confirm the input has been touched and has invalid content

I need to scroll more to find the `readOnly` property. Let me continue scrolling.
[step 44] Action: scroll down (280, 400) scroll_amount 5
[step 44] Reasoning: I can see more properties:
- `disabled: false`
- `draggable: false`
- `elementTiming: ""`
- `enterKeyHint: ""`
- `form: form.ng-dirty.ng-invalid.ng-touched`
- `formAction: "http://localhost:4200/#"`
- `formEnctype: ""`
- `formMethod: ""`
- `formNoValidate: false`
- `formTarget: ""`
- `height: 0`
- `hidden: false`
- `id: ""`
- `incremental: false`
- `indeterminate: false`
- `innerHTML: ""`
- `innerText: ""`

I need to continue scrolling to find `readOnly`. Let me scroll more.
[step 45] Action: scroll down (280, 400) scroll_amount 3
[step 45] Reasoning: More properties are visible now:
- `innerHTML: ""`
- `innerText: ""`
- `inputMode: ""`
- `isConnected: true`
- `isContentEditable: false`
- `labels: NodeList []`
- `lang: ""`
- `localName: "input"`
- `max: ""`
- `maxLength: -1`
- `min: ""`
- `minLength: -1`
- `multiple: false`
- `name: "datePicker"`
- `namespaceURI: "http://www.w3.org/1999/xhtml"`
- `nextElementSibling: dp-date-picker.dp-material.dp-main`
- `nextSibling: dp-date-picker.dp-material.dp-main`
- `nodeName: "INPUT"`

I need to scroll more to find `readOnly`. Let me continue.
[step 46] Action: scroll down (280, 400) scroll_amount 3
[step 46] Reasoning: Still more properties. I can see `nonce: ""` and offset-related properties. The `readOnly` property should appear with the "r" properties. Let me scroll more.
[step 47] Action: scroll down (280, 400) scroll_amount 10
[step 47] Reasoning: I can see lots of event handlers (onabort, onanimationcancel, onanimationend, etc.). I need to scroll more to find `readOnly`. Let me continue.
[step 48] Action: left_click (100, 304)
[step 48] Reasoning: Still in the "on*" event handlers. Let me search specifically for the `readOnly` property by using the Filter box in the Properties panel. Let me use the filter/search field.
[step 49] Action: left_click (181, 140)
[step 49] Reasoning: Instead of scrolling through many properties, let me use the Console tab to run a JavaScript command to directly check the `readOnly` property. Let me switch to the Console tab.
[step 50] Action: left_click (280, 353)
[step 50] Reasoning: Now I'm in the Console tab. I can see the full console output clearly:

1. **"Angular is running in the development mode"** - Blue info message (normal)
2. **"undefined"** with `demo.component.ts:363` reference - A warning about slow network detection
3. **"[Intervention] Slow network is detected..."** - Browser warning about font loading fallback (not an app error)
4. **"undefined"** with `demo.component.ts:363` - Another warning
5. **"opened"** × 3 and **"closed"** × 3 - These are the log events from when the calendar opened/closed during my interactions

**Step 2 Confirmed:** The page loaded normally with **NO JavaScript errors** or crashes. All messages are either informational or browser-level warnings (not application errors).

I can also see the `>` prompt at the bottom (line `>` at the very bottom). Let me click on that console input area and type a command to check the input's `readOnly` property.
[step 51] Action: left_click (90, 353)
[step 51] Reasoning: I can see the console with the `>` prompt at the bottom (around y=353). Let me click precisely on the `>` prompt area and type a command. I can see the cursor is at around y=353, x=77. Let me click on that area.
[step 52] Action: type: document.querySel...
[step 52] Reasoning: I can see the console input prompt is now active (there's a blinking cursor `|` after the `>` at the bottom of the console at y=353). The cursor is in the console input area. Now let me type a JavaScript command to check the `readOnly` property of the date picker input element.

I'll type the command character by character (not paste) to avoid the Chrome security warning:
[step 53] Action: left_click (200, 385)
[step 53] Reasoning: I can see the Chrome security warning again: "Warning: Don't paste code into the DevTools Console that you don't understand or haven't reviewed yourself. This could allow attackers to steal your identity or take control of your computer. Please type 'allow pasting' below and press Enter to allow pasting."

The console is asking me to type "allow pasting" before I can run the command. I can see the `>` prompt is now showing below the security warning. The text I typed (`document.querySelector('#dayDirective input').readOnly`) was treated as a paste and Chrome blocked it with the security warning.

I need to first type `allow pasting` to bypass the security warning. Let me click on the console input area and type the bypass.
[step 54] Action: left_click (90, 385)
[step 54] Reasoning: I can see the Chrome security warning is showing at the bottom of the console: "Please type 'allow pasting' below and press Enter to allow pasting." The cursor seems to be at the `>` prompt at the bottom. Let me click directly on the prompt area (around y=385, after the security warning).
[step 55] Action: type: allow pasting
[step 55] Reasoning: The Chrome security warning says: "Please type 'allow pasting' below and press Enter to allow pasting." I can see the `>` prompt at the very bottom of the console (after the security warning). Let me now type "allow pasting" and press Enter to enable pasting in the console:
[step 56] Action: key: Return
[step 56] Reasoning: I can see the security warning is now expanded (showing the full text with red background) and it seems the "allow pasting" text was typed. But I need to look more carefully - the security warning text shows the full warning in red. The `>` prompt at the bottom is now at y=393. 

Let me press Enter to confirm "allow pasting":
[step 57] Action: scroll down (280, 360) scroll_amount 3
[step 57] Reasoning: The security warning is still showing in red. It seems the `allow pasting` text wasn't typed in the console input. The warning is still at y=349-379 area and the console input `>` is at y=393.

Looking at the console warning message text (in red): "Warning: Don't paste code into the DevTools Console that you don't understand or haven't reviewed yourself. This could allow attackers to steal your identity or take control of your computer. Please type 'allow pasting' below and press Enter to allow pasting."

The issue is that Chrome's security mechanism requires me to type "allow pasting" in the console input BEFORE pasting. But when I type "allow pasting", it seems the text isn't being entered in the console input.

Let me try clicking precisely on the `>` area at around y=393 area.

Actually, looking at the screenshot more carefully, I see the console has the `>` prompt at approximately y=393. The security warning (red box) occupies y=349 to y=379. Below the warning is the `>` prompt at y=393.

Let me try a different approach. Instead of clicking after the warning, let me scroll down to find the console input at the very bottom of the console area.
[step 58] Action: left_click (280, 393)
[step 58] Reasoning: I can see the console output and the security warning. The `>` prompt is visible at the bottom (at around y=393). The security warning is showing in red. I notice that there's no new console input `>` prompt visible after the warning - the `>` is before the warning at y=393.

Wait, looking more carefully, I see the `>` is at around y=393 (at the left edge, with `>` on the left side and the rest is empty). This is the actual console input prompt area.

Let me try clicking on the `>` symbol itself. Looking at the screenshot, the `>` prompt appears to be at approximately (77, 393). Let me click there and then type.
[step 59] Action: type: allow pasting
[step 59] Reasoning: Now I can see the console input prompt `> |` (with the blinking cursor `|` visible) at approximately y=393! The cursor is now in the console input area. I can see `> |` at the very bottom of the console panel. 

Now let me type "allow pasting" directly (NOT using paste) to bypass the Chrome security warning:
[step 60] Action: key: Return
[step 60] Reasoning: The security warning is still showing but I see the `>` prompt at the bottom is now `>` (with nothing visible after it). It seems the text was typed but I can't see it clearly. Also the warning icon changed from yellow (⚠) to red (✕), which means the warning text has been submitted (or I haven't typed "allow pasting" correctly).

Wait - looking at the console messages area now (around y=350), the security warning message now has an `✕` icon (red X) instead of a `⚠` (yellow warning), which suggests the warning message has been replaced or acknowledged. But the text is still showing.

The `>` is visible at y=393 without any cursor. Let me press Enter to submit "allow pasting":
[step 61] Action: key: F12
[step 61] Reasoning: The security warning is still showing. The problem is that the "allow pasting" text is not being entered into the console input field. The security warning is still blocking pasting. I see the `> |` cursor at the bottom.

The issue is that the Chrome `action: type` is simulating key presses, but Chrome recognizes this as "pasting" rather than actual typing. This is frustrating.

Let me try a completely different approach. Instead of using the console to check the `readOnly` attribute via JavaScript, let me use the **Elements inspector** to look at the input element's HTML attributes directly - which I already partially did before. From the Elements inspector earlier, I could clearly see that the input element did NOT have a `readonly` attribute.

Let me close DevTools and instead use the page's configuration controls to test the behavior. Let me:
1. First, I'll check if there's a way to see the actual configuration changes in the page
2. Then test the `disableKeypress` feature by toggling it and observing the behavior

Let me close DevTools and navigate to the demo page more methodically.

Let me first close DevTools with F12 and then look at the page carefully.
[step 62] Action: key: Escape
[step 62] Reasoning: Excellent! Now I can see the full demo page clearly! The DevTools are closed and I can see:

1. **Left sidebar**: "Day Picker directive" is highlighted (active) - I'm on the correct page!
2. **Top center**: The directive mode date picker input shows "hello" (what I typed earlier) with the calendar picker OPEN showing April 2026
3. **Bottom right**: "Disable keyboard on input (disableKeypress):" with **"Disabled"** and **"Enabled"** radio buttons - I can see the blue dot is on **"Enabled"** (meaning `disableKeypress=true`)
4. **The calendar is OPEN** showing April 2026 with date 17 highlighted (today's date April 17, 2026)

**CRITICAL OBSERVATION**: I can clearly see that:
- `disableKeypress` = "Enabled" (the blue dot is on the "Enabled" radio button next to the "Enabled" label at the bottom)
- But the input shows "hello" which I typed earlier
- The calendar is currently open (clicking on the input opened the calendar)

This confirms:
1. ✅ The calendar opens on click (clickable)
2. ⚠️ The input still shows "hello" which was typed earlier
3. ❓ The `disableKeypress=true` was supposed to prevent keyboard input

Now let me press Escape to close the calendar and then carefully test if I can type in the input with `disableKeypress=Enabled`.
[step 63] Action: left_click (706, 134)
[step 63] Reasoning: Now I can see the page clearly:
1. **Top center**: The directive mode date picker shows **"hello"** with **"invalid format"** below it - this confirms the keyboard input WAS accepted (I typed "hello" earlier)
2. **Bottom right**: "Disable keyboard on input (disableKeypress):" with **"Disabled"** and **"Enabled"** radio buttons - The blue dot is on "**Enabled**" (so `disableKeypress=true` should be active)
3. **Left sidebar**: "Day Picker directive" is active (highlighted)

The critical finding here is:
- `disableKeypress` = "Enabled" (active/true)
- But I was able to type "hello" in the input box
- This means the `disableKeypress=true` configuration is **NOT making the input readonly** as expected

Wait, let me reconsider the label:
- "Disable keyboard on input (disableKeypress):"
- "Disabled" = `disableKeypress` feature itself is disabled (keyboard IS allowed) → `disableKeypress: false`
- "Enabled" = `disableKeypress` feature is enabled (keyboard is NOT allowed) → `disableKeypress: true`

With "Enabled" selected, `disableKeypress=true`, which should make the input readonly. But I can see that the input shows "hello" which I typed, proving keyboard input WAS accepted.

Let me now try testing more carefully. First, let me click on the input to focus it, then try typing new text to verify if the current state allows or disallows keyboard input:
[step 64] Action: key: a
[step 64] Reasoning: I clicked on the date picker input and the calendar opened! The input shows "hello" and the calendar is showing April 2026. The calendar popup is functioning correctly. The `disableKeypress` = "Enabled" is currently set.

Now let me try typing a character in the input. The input is currently focused (it shows the cursor in the "hello" text). Let me type a key and see if it is accepted or rejected.

Let me press the 'a' key to see if it gets accepted:
[step 65] Action: key: Escape
[step 65] Reasoning: **CRITICAL OBSERVATION!** 

I pressed the 'a' key and the input now shows **"helloa"** - the 'a' character was appended to "hello"! Also, I can see a Chinese IME (Input Method Editor) suggestion bar appeared below the input (showing Chinese character suggestions: 阿, 啊, etc.), which indicates the 'a' key was registered and processed by the input.

This **definitively confirms** that with `disableKeypress` = "Enabled" (which should be `disableKeypress=true`), keyboard input IS still being accepted in the directive mode date picker. The input accepts keyboard input when it should be readonly/disabled for keyboard.

Now let me test the opposite - I'll set `disableKeypress` to "Disabled" and see if the behavior changes. But first, let me press Escape to close the calendar and the IME.
[step 66] Action: key: Escape
[step 66] Reasoning: I can see the input still shows "hello" (the IME cancelled the 'a' character, reverting back to "hello") and the calendar is still open. The calendar shows April 2026. Wait - looking more carefully, the input shows "hello" not "helloa". The Escape key cancelled the IME input for 'a' but kept "hello".

Interesting! So when I pressed 'a', the Chinese IME intercepted it. The Escape key cancelled the IME and reverted "helloa" back to "hello". This is the Chinese IME behavior.

This observation actually suggests something important: **the character 'a' WAS being processed by the input field** (it went into the IME suggestion mode), which means keyboard events ARE being processed by the input. The `disableKeypress=true` should have prevented this.

Now let me switch from "Enabled" to "Disabled" for `disableKeypress` to see the difference. Let me first scroll to where the `disableKeypress` option is at the bottom and click "Disabled":

First, let me click somewhere else to close the calendar:
[step 67] Action: right_click (706, 134)
[step 67] Reasoning: Now I can see the page clearly:
1. **The directive date picker input** shows "hello" at the top (no "invalid format" warning - this is interesting, it cleared the validation error)
2. **`disableKeypress`**: "Disabled" radio is unchecked, "Enabled" radio has the blue dot - `disableKeypress=true` is currently ACTIVE
3. **The calendar is closed** now (Escape closed it)

Wait - I notice that the input now shows "hello" WITHOUT the "invalid format" error that was showing before! After pressing Escape twice, the validation error cleared. But the text "hello" is still in the input.

This is an important observation: The validation error "invalid format" appeared when I first closed the calendar after typing, but after pressing Escape again (to close the calendar that reopened when I clicked), the validation error cleared.

Now let me properly test the `disableKeypress=true` behavior. Looking at the input, it shows "hello" currently. Let me:
1. First check the current `disableKeypress` is "Enabled" (confirmed - blue dot on "Enabled" at bottom)
2. Click on the input and try to type - if keyboard IS disabled (readonly), I should NOT be able to add any text

Let me click precisely on the input field and observe:

Let me now use the right-click > Inspect to check if the input has the `readonly` attribute when `disableKeypress` = "Enabled". This will confirm the behavior definitively.

Let me right-click on the directive date picker input:
[step 68] Action: left_click (727, 370)
[step 68] Reasoning: A context menu appeared with Chinese options. I can see:
- 表情符号与符号 (Emoji & Symbols)
- 导入密码 (Import Password)
- 撤消 (Undo)
- 重做 (Redo) - grayed out
- 剪切 (Cut)
- 复制 (Copy)
- 粘贴 (Paste)
- 粘贴并匹配样式 (Paste and Match Style)
- 全选 (Select All)
- 在阅读模式下打开 (Open in Reading Mode)
- 语言设置 (Language Settings)
- 书写方向 (Writing Direction)
- **检查 (Inspect)** 
- 自动填充 (Auto Fill)

I can see the context menu shows options like "Cut", "Copy", "Paste", "Select All" - these are edit options for an editable input. **If the input were truly `readonly`, the "Cut", "Copy" and editing options would be different.** 

Let me click on "检查 (Inspect)" to open DevTools and inspect the element:
[step 69] Action: left_click (100, 304)
[step 69] Reasoning: Excellent! The DevTools Inspector is now open showing the **Elements** panel with the Properties tab selected. I can see:

**In the Elements panel (top left), the selected input element HTML:**
```html
<input _ngcontent-c0 name="datePicker" ng-reflect-required="false" ng-reflect-is-disabled="false" ng-reflect-config="[object Object]" ng-reflect-theme="dp-material dp-main" placeholder="Choose a date..." class="ng-dirty ng-ng-valid ng-touched" ng-reflect-model="hell">
```

**Key observations from the HTML:**
1. `ng-reflect-is-disabled="false"` - `isDisabled` is false
2. `class="ng-dirty ng-ng-valid ng-touched"` - The class now has `ng-valid` (not `ng-invalid`) - the "hello" text became valid somehow!
3. `ng-reflect-model="hell"` - Shows "hell" (truncated, but the actual value is "hello")
4. **NO `readonly` attribute visible!**

**In the Properties tab (bottom left), I can see:**
- `accept: ""`
- `accessKey: ""`
- `align: ""`
- `alt: ""`
- `attributeStyleMap: StylePropertyMap {size: 0}`
- `attributes: NamedNodeMap {0: _ngcontent-c0, 1: name, 2: ng-reflect-required, 3: ng-reflect-r...`
- `autocapitalize: ""`
- `autocomplete: ""`
- `autofocus: false`
- `baseURI: "http://localhost:4200/"`
- `checked: false`
- `childElementCount: 0`
- `childNodes: NodeList []`
- `children: HTMLCollection []`
- `classList: DOMTokenList(3) ['ng-dirty', 'no-touched', 'no-valid', value: 'ng-dirty no-touche...`

I notice something important! Looking at the `classList` property at the bottom:
`classList: DOMTokenList(3) ['ng-dirty', 'no-touched', 'no-valid', value: 'ng-dirty no-touche...`

Wait - I see `'no-touched'` and `'no-valid'` which are different from the normal Angular CSS classes. This is strange. But more importantly, I need to check if `readOnly` is set.

Let me scroll down in the Properties panel to find the `readOnly` property. I need to look for it between the "r" properties.

Actually wait! I notice something in the breadcrumb at the top of the DevTools: 
`ly.ng-touched.ng-valid` and `div#dayDirective.dp-picker-day-directive` and `input.ng-dirty.ng-touched.ng-valid`

So the input's current class is `ng-dirty ng-touched ng-valid` - the validation state has changed from `ng-invalid` to `ng-valid`. This happened after the Escape key cleared the "invalid format" error.

Let me now filter the Properties panel to find `readOnly`. I can see there's a "Filter" search box at the top of the Properties panel. Let me click on it and type "readonly":
[step 70] Action: type: readonly
[step 70] Reasoning: I can see the "Filter" search box is now focused (it shows "Filter" placeholder text with a cursor). The Properties tab is still showing all the input element properties. Let me now type "readonly" to filter the properties:
[step 71] Action: left_click (87, 287)
[step 71] Reasoning: **PERFECT!** This is the definitive answer I was looking for!

After filtering the Properties panel with "readonly", I can clearly see:

**`readOnly: false`**

This is shown in the Properties panel of the input element. This confirms:

1. **The `disableKeypress` is set to "Enabled"** (which means `disableKeypress=true` should disable keyboard input)
2. **BUT the `readOnly` property of the input element is `false`** - The input is NOT readonly!

This is a **confirmed bug/issue** with the `disableKeypress` feature in this angular-datepicker implementation:
- When `disableKeypress=true` is configured (via "Enabled" radio button in the demo), the input element should have `readOnly=true` to prevent keyboard input
- However, the actual `readOnly` property of the input element remains `false`
- This means keyboard input is NOT being disabled despite `disableKeypress=true` being set

Now let me check if there's a difference when we switch to "Disabled" (meaning `disableKeypress=false`). But first, let me check the current element HTML more carefully. Looking at the Elements panel HTML:

```html
<input _ngcontent-c0 name="datePicker" ng-reflect-required="false" ng-reflect-is-disabled="false" ng-reflect-config="[object Object]" ng-reflect-theme="dp-material dp-main" placeholder="Choose a date..." class="ng-dirty ng-touched ng-valid" ng-reflect-model="hell">
```

I notice there's NO `readonly` attribute in the HTML. Let me now also check if there's a `disableKeypress` being applied differently through event listeners. Let me switch to the "Event Listeners" tab.

But first, let me also note the HTML element in the Elements panel more carefully. I can see:
- `ng-reflect-config="[object Object]"` - This shows the config is being applied as a whole object
- The config should contain `disableKeypress: true` when "Enabled" is selected

Let me also look at the `Styles` tab to see if any CSS is preventing keyboard input (like `pointer-events: none`). Let me click on "Styles" tab.
[step 72] Action: left_click (232, 287)
[step 72] Reasoning: Now I can see the **Styles** tab for the input element. The styles shown are:

1. `element.style { }` - No inline styles applied directly to the element (this is important - no `pointer-events: none` or similar CSS)
2. `input:not([type="image"] i), [type="range"] i, [type="checkbox"] i, [type="radio" i]) { overflow-clip-margin: 0px !important; overflow: • clip !important; }` - This is a user agent stylesheet (browser default)
3. `input:not([type="file" i], [type="image" i], [type="checkbox" i], [type="radio" i]) { }` - Another user agent stylesheet rule
4. `input { font-style: ; font-variant-ligatures: ; font-variant-caps: ; font-variant-numeric: ; font-variant-east-asian: ; font-variant-alternates: ; font-variant-position: ;` - More user agent stylesheet rules

**Key observation**: 
- `element.style { }` is empty - **NO inline styles** are applied to the element with `pointer-events: none` or `user-select: none` or any CSS that would prevent keyboard interaction
- The only CSS shown comes from the **user agent stylesheet** (browser defaults) - nothing from the Angular datepicker for `disableKeypress`

This further confirms that with `disableKeypress=Enabled` (true), the angular-datepicker is NOT applying any CSS or `readonly` attribute to prevent keyboard input.

Now let me check the **Event Listeners** tab to see if there are any keyboard event listeners attached that might be preventing keyboard input via JavaScript (like `event.preventDefault()` on keypress events):
[step 73] Action: scroll down (280, 400) scroll_amount 3
[step 73] Reasoning: Excellent! Now I can see the **Event Listeners** tab! This is very informative. The event listeners attached to the directive mode date picker input element include:

- `beforeunload`
- `blur`
- `click`
- `close`
- `compositionend`
- `compositionstart`
- `focus`
- `hashchange`
- **`input`** - This is an input event listener (for detecting input changes)
- `ngModelChange`
- `onChange`
- `open`
- `popstate`
- `reset`
- `resize`
- `scroll`
- `submit`

I can see there's an `input` event listener but **NO `keydown`, `keypress`, or `keyup` event listeners!**

Wait - let me scroll down to see if there are more event listeners, particularly `keydown` or `keypress` which would be used to prevent keyboard input:
[step 74] Action: left_click (583, 641)
[step 74] Reasoning: Now I can see the COMPLETE list of all event listeners for the directive mode date picker input:

- `beforeunload`
- `blur`
- `click`
- `close`
- `compositionend`
- `compositionstart`
- `focus`
- `hashchange`
- **`input`**
- **`ngModelChange`** (highlighted with a tooltip showing "ngModelChange")
- `onchange`
- `open`
- `popstate`
- `reset`
- `resize`
- `scroll`
- **`submit`**
- **`unload`**

**CRITICAL FINDING**: There is **NO `keydown`, `keypress`, or `keyup` event listener** in the full event listeners list!

This means the `disableKeypress` feature in the angular-datepicker when `disableKeypress=true`:
1. Does NOT add a `readonly` attribute to the input
2. Does NOT add `pointer-events: none` CSS
3. Does NOT add any `keydown`/`keypress`/`keyup` event listener to prevent keyboard input

The `disableKeypress` feature appears to be **NOT functioning correctly** (or has a bug) in this version of the angular-datepicker demo.

Now let me also verify what happens when I look at the `keydown` event listener on the dp-date-picker component (to see how `disableKeypress` is supposed to work). Let me check if there's a `keydown` listener on the parent `dp-date-picker` element.

Let me click on the parent `dp-date-picker` element in the Elements HTML to inspect it.

But first, let me also check if the `disableKeypress` does something by navigating from "Enabled" to "Disabled" to compare the event listeners. Let me click the "Disabled" radio button in the page to change `disableKeypress` to false:
[step 75] Action: left_click (650, 641)
[step 75] Reasoning: The DevTools panel closed (likely because I clicked on the page and Chrome auto-closed the DevTools). But more importantly, I can see:

**The `disableKeypress` setting has changed!**
- Now **"Disabled"** has the blue dot (radio button selected) 
- **"Enabled"** is now unchecked

So now `disableKeypress=false` (keyboard is allowed - the "Disabled" state for the disableKeypress feature means "disableKeypress is disabled" = keyboard input IS allowed).

This is the opposite state. Now the `disableKeypress` is set to "Disabled" meaning `disableKeypress=false` which means keyboard input IS allowed.

Wait - now I realize I need to re-examine which state prevents keyboard input. Let me think:
- **"Enabled"** radio selected = `disableKeypress: true` = keyboard input should be DISABLED
- **"Disabled"** radio selected = `disableKeypress: false` = keyboard input is ALLOWED

Currently we're in the "Disabled" state (`disableKeypress: false`) where keyboard input is allowed. The input should accept keyboard input now.

But interestingly, when we were in the "Enabled" state (`disableKeypress: true`), keyboard input was ALSO accepted (I typed "hello" and "test123"). This suggests the `disableKeypress: true` setting is NOT working.

Wait - let me reconsider the test sequence. 

Actually I typed BEFORE `disableKeypress` was "Enabled". Let me think about when I changed the setting:
1. I navigated to "Day Picker directive" page
2. I found `disableKeypress` was ALREADY set to "Enabled" when I scrolled down
3. Then I typed "test123" in the input → keyboard input worked

So the test was with `disableKeypress=Enabled` (true) and keyboard input DID work. This is the bug.

Now let me also verify - let me re-enable `disableKeypress` by clicking "Enabled" again and then use DevTools to check the `readOnly` property:
[step 76] Action: key: F12
[step 76] Reasoning: **"Enabled"** is now selected again (blue dot on "Enabled"). `disableKeypress=true` is now active.

Now let me open the DevTools using Ctrl+Shift+J (Console shortcut) or F12 to inspect the element with `disableKeypress=Enabled`:
[step 77] Action: left_click (377, 287)
[step 77] Reasoning: The DevTools is showing the **Event Listeners** tab for the directive mode date picker input element. The Event Listeners are the same as before:

- `beforeunload`
- `blur`
- `click`
- `close`
- `compositionend`
- `compositionstart`
- `focus`
- `hashchange`
- `input`
- `ngModelChange`
- `onchange`
- `open`
- `popstate`
- `reset`
- `resize`
- `scroll`
- `submit`
- `unload`

**CONFIRMED: Still NO `keydown`, `keypress`, or `keyup` event listeners even with `disableKeypress=Enabled` (true)!**

Also looking at the right side, I can confirm:
- `disableKeypress` = "Enabled" (blue dot on "Enabled" at bottom of right panel)
- The input shows "hello" 

Now let me switch to the "Properties" tab to check the `readOnly` property one more time with `disableKeypress=Enabled`:
[step 78] Action: key: F12
[step 78] Reasoning: **PERFECT! This is the definitive confirmation!**

The Properties tab is now open with the "readonly" filter still applied, and I can clearly see:

**`readOnly: false`**

This is confirmed with `disableKeypress` = "Enabled" (blue dot on "Enabled" radio at the bottom right of the page).

**Summary of Findings So Far:**

| State | Expected | Actual |
|-------|----------|--------|
| `disableKeypress=Enabled` (true) | `readOnly=true`, keyboard disabled | `readOnly=false`, keyboard accepted |

This is a confirmed issue/bug with the `disableKeypress` feature in the angular-datepicker directive mode.

Now let me proceed to **Step 5**: Check the component mode (`dp-date-picker` component) date picker with the same `disableKeypress` configuration.

Let me navigate to the "Day Picker" (component mode) from the left sidebar. I'll click on "Day Picker" in the left sidebar:
[step 79] Action: left_click (33, 256)
[step 79] Reasoning: The DevTools closed. I can see the full page with the Day Picker directive configuration. The `disableKeypress` is now set to "Enabled" (blue dot on "Enabled"). 

Now I need to proceed to **Step 5**: Check the component mode date picker. Let me click on "Day Picker" in the left sidebar (not "Day Picker directive"):
[step 80] Action: scroll up (640, 400) scroll_amount 3
[step 80] Reasoning: I'm now on the **Day Picker** (component mode) page! I can see:

**Left panel - Attribute options:**
- Theme options
- Disabled (disabled): **Enabled** radio is selected (wait - that means `disabled=true`?)
- Required Validation, Min/Max Date, Display Date, Placeholder options

**Center panel - Config options:**
- Locale, First Day of Week, Date Format, Month Format, etc.
- I need to scroll down to see the `disableKeypress` configuration option

**Right panel - API:**
- Open and Close buttons

Looking at the **Disabled** option: it shows "Enabled ● Disabled ○" - the blue dot is on "Enabled" which means `disabled=true` for the component. Wait, that would mean the component is disabled! But looking at the top input, it still shows "hello" (from the previous test).

Actually wait - the top input shows "hello" with the same date picker input. I need to scroll up to see the component mode date picker input to understand the current state.

Wait - looking at the current page:
- I clicked "Day Picker" (component mode) from the left sidebar
- But the top center still shows the same "hello" input with the picker
- The `Disabled` setting shows "Enabled ● Disabled ○" - "Enabled" is selected (blue dot) for Disabled option

This is confusing. Let me scroll up to see the component mode date picker and understand the page layout.

Actually, looking more carefully at the page:
- The input at the top (showing "hello") is the DEMO input for the current selected mode
- When I navigate to "Day Picker" (component mode), the SAME demo input shows the component mode date picker
- The left panel "Attribute options" shows the component-specific options

Let me scroll up to see the component mode date picker clearly.

==================================================
Task: Chrome is open on angular-datepicker demo at http://localhost:4200. Task: Test the disableKeypress configuration in directive mode date picker. Steps: 1) Find the directive mode date picker (dpDayPicker directive) input box on the demo page. 2) Confirm the page loads normally without console errors or crashes. 3) Look for or enable the disableKeypress=true configuration. 4) With disableKeypress set to true, try typing text in the directive mode date input box - verify that keyboard input is correctly disabled (the input should be readonly and not accept keyboard input). 5) Also check if the component mode (dp-date-picker component) date picker works correctly with the same disableKeypress configuration. Stay in browser only, do not open Terminal or other apps.
Status: STOPPED_BY_USER
Total steps: 80
Last action: scroll up (640, 400) scroll_amount 3
Last reasoning: I'm now on the **Day Picker** (component mode) page! I can see:

**Left panel - Attribute options:**
- Theme options
- Disabled (disabled): **Enabled** radio is selected (wait - that means `disabled=true`?)
- Required Validation, Min/Max Date, Display Date, Placeholder options

**Center panel - Config options:**
- Locale, First Day of Week, Date Format, Month Format, etc.
- I need to scroll down to see the `disableKeypress` configuration option

**Right panel - API:**
- Open and Close buttons

Looking at the **Disabled** option: it shows "Enabled ● Disabled ○" - the blue dot is on "Enabled" which means `disabled=true` for the component. Wait, that would mean the component is disabled! But looking at the top input, it still shows "hello" (from the previous test).

Actually wait - the top input shows "hello" with the same date picker input. I need to scroll up to see the component mode date picker input to understand the current state.

Wait - looking at the current page:
- I clicked "Day Picker" (component mode) from the left sidebar
- But the top center still shows the same "hello" input with the picker
- The `Disabled` setting shows "Enabled ● Disabled ○" - "Enabled" is selected (blue dot) for Disabled option

This is confusing. Let me scroll up to see the component mode date picker and understand the page layout.

Actually, looking more carefully at the page:
- The input at the top (showing "hello") is the DEMO input for the current selected mode
- When I navigate to "Day Picker" (component mode), the SAME demo input shows the component mode date picker
- The left panel "Attribute options" shows the component-specific options

Let me scroll up to see the component mode date picker clearly.

==================================================

UI window closed
