Session created: sess-20260416210039-507ce7efaad84735917969789c6f863b
UI panel initialized successfully
UI window displayed
Expected result: 日视图的标题日期格式应符合当前 locale 的标准格式，例如英文 locale 下显示为 'Friday, January 21, 2021'（月份名在日期数字前面），日期各部分顺序正确。
[step 0] Action: Initializing
[step 0] Reasoning: Initializing session connection
[step 0] Action: screenshot
[step 1] Action: left_click (924, 291)
[step 1] Reasoning: I can see the Angular Calendar page with the Moment example. Currently it's showing the Month view for April 2026. I need to click the "Day" button to switch to the Day view.
[step 2] Action: left_click (924, 291)
[step 2] Reasoning: The view doesn't seem to have changed - it's still showing the Month view for April 2026. The "Day" button click may not have registered properly, or the view is still in month mode. Let me click the "Day" button again.
[step 3] Action: screenshot
[step 3] Reasoning: The view is still in Month view despite clicking the "Day" button twice. Let me zoom in on the buttons area to make sure I'm clicking in the right location.
[step 4] Action: Minimize panel
[step 4] Reasoning: I can see the "Day" button clearly in the top right area of the calendar (around coordinate 924, 291). The button appears to be highlighted/active. Wait - looking at the buttons more carefully, "Month" appears to be the active one (shown in blue), and "Day" is the last button. The task panel may be partially blocking the button area. Let me minimize the panel first and then try clicking the Day button.
[step 5] Action: left_click (924, 291)
[step 5] Reasoning: Now I can see the page clearly. The panel is minimized. I can see the Month/Week/Day buttons at the top right of the calendar. The "Month" button appears active (highlighted in blue). Let me click the "Day" button.
[step 6] Action: mouse_move (924, 291)
[step 6] Reasoning: The view is still showing the month view. It seems clicking the "Day" button is not switching the view. Let me zoom in to see the button area more carefully and check the exact position.
[step 7] Action: left_click (923, 291)
[step 7] Reasoning: I can see the "Day" button at approximately x=924, y=291. However, notice the cursor position shows (1386, 436) in the output, but the coordinate I specified was (924, 291). There seems to be a cursor position discrepancy. Looking at the button group - the "Month" button has a solid blue background (active), "Week" is white, and "Day" is white. 

Looking at the button sizes more carefully, the buttons appear at around x=840, 885, 924. Let me look at the actual layout - the buttons look like they're in a button group at the far right, around the 820-940 range.

Let me try clicking directly on "Day" text which appears around x=924, y=291.
[step 8] Action: left_click (884, 291)
[step 8] Reasoning: The calendar still remains in Month view. The "Day" button is clearly visible at the top right but clicking it doesn't seem to change the view. This could be a bug with the application - the Day view button may not be functioning properly.

Let me try checking if the "Week" button works first to understand if it's the Day button specifically that's broken.
[step 9] Action: key: F12
[step 9] Reasoning: Neither the "Week" nor the "Day" button is responding. The calendar is stuck in the Month view. This seems like a functional issue with the application - the view switching buttons are not working. 

Let me try using the browser's developer tools to investigate. Wait - I should also check if perhaps the buttons are working but the view changes but scrolls out of view. Let me scroll up to check.

Actually, looking at the screenshots again, the page is already fully visible and the title still says "April 2026" with the month grid. The buttons seem to not be working. 

Let me try using keyboard approach - maybe I can use the JavaScript console to trigger the view change. But wait, the task says "禁止打开 Terminal、Finder 或其他应用程序" (no opening Terminal etc.), but using the browser's developer console is still within the browser.

Actually, let me try a different approach. Let me try right-clicking the "Day" button to see what the element is, or try using browser developer tools to check if there are errors.

Wait - actually let me re-examine the buttons. Looking at the screenshot carefully, I see three buttons: "Month", "Week", "Day". The "Month" button has a solid background (active). Maybe the buttons are working but since "Month" is already active, it stays on Month. Let me check if maybe there's a component below or something.

Let me try opening the browser developer console to check for JavaScript errors.
[step 10] Action: key: cmd+alt+i
[step 10] Reasoning: Developer tools didn't open. Let me try using Cmd+Option+I to open it on Mac.
[step 11] Action: left_click (530, 290)
[step 11] Reasoning: The developer tools didn't open. Let me try a different approach. Looking at the right side panel, I see "Kitchen Sink" at the top. Let me check if the "Kitchen Sink" page has a working Day view that I can observe. Let me also try to determine if there's a different demo component on this page by looking at the template.

Actually, let me try right-clicking on the "Day" button to inspect the element, or let me try clicking directly on the page first to ensure the page has focus, then try the button again.

Let me first click somewhere in the calendar area to ensure the page has focus.
[step 12] Action: right_click (924, 291)
[step 12] Reasoning: Let me try right-clicking on the "Day" button to inspect the element.
[step 13] Action: key: Escape
[step 13] Reasoning: Even the right-click context menu isn't showing, which suggests the click may not be reaching the intended element. I notice the coordinate mapping might be off - the display resolution is 1280x720 but perhaps the actual display is different. Let me look very carefully at the button position.

Looking at the screenshot, the "Day" button appears to be at around x=924, y=291 visually. But maybe the actual resolution being used is different. Let me try clicking in different locations around the button. 

Let me try using Chrome's address bar to navigate to a different URL that might show the Day view directly, or let me try a different approach - I'll look at the "Kitchen Sink" demo which should also have view switching.

Actually, wait - I notice something. Looking at the button group: Month | Week | Day - looking at it more carefully, I see these are at approximately x=838, y=291 for Month; x=884, y=291 for Week; x=924, y=291 for Day. 

However, it seems like there might be a browser zoom level issue. Let me check the page zoom.

Let me try pressing Escape first and then try a fresh approach.
[step 14] Action: left_click (165, 194)
[step 14] Reasoning: I notice that the "Week" button appears to be at x=884, which is not blue (inactive), and "Day" at x=924 which is also not blue (inactive). "Month" at x=838 appears to be the active view with the solid blue background. But looking at the buttons, I see they all seem to be within the button group that starts around x=820.

Wait, I notice something crucial - looking at the cursor_position output from an earlier action, it said `(1386, 436)` when I tried to move to (924, 291). This suggests there's a display scaling issue where the actual on-screen coordinates are much larger than 1280x720. The screen might be at a higher resolution and scaled.

Actually, looking at the output again - `mouse_move (1386,436) ok` - this was the position feedback but it could just be reporting a different coordinate system.

Let me try clicking using a different approach - let me use the keyboard shortcut or try clicking on different coordinates for the Day button. Looking at the screen, let me try clicking at slightly different x and y values. Based on the visual layout in the screenshot, the Day button text appears at around x=924, y=291.

Actually wait - I wonder if the page has loaded correctly. Let me try refreshing it and then clicking.

Actually, I think the issue might be that the buttons ARE working, but the view isn't changing because of a bug in the application. Let me try to scroll down on the page to see if maybe the day view is loading below the current visible area.

Actually wait - the header title still shows "April 2026" and the calendar grid shows a monthly calendar. If switching to Day view happened, both the title and the calendar grid would have changed significantly.

Let me try a completely different approach - I'll try the "Kitchen Sink" demo which has the same Day view functionality, and see if the button works there.

Actually, the task specifically says to test on the Moment page. Let me try reloading the page and try again.

Let me also look at the component.ts tab to understand the code.
[step 15] Action: left_click (271, 194)
[step 15] Reasoning: The component.ts tab didn't open either. Let me try clicking on "template.html" tab.
[step 16] Action: left_click (69, 194)
[step 16] Reasoning: The "template.html" tab click doesn't seem to have worked either. Hmm. Let me try clicking on the actual "Live demo" tab to make sure the live demo is active.
[step 17] Action: key: cmd+r
[step 17] Reasoning: Nothing is changing. The calendar is stuck in month view. The tabs at the top (Live demo, component.ts, template.html, module.ts) don't seem to be responding either. Let me try to reload the page to reset the state and try again.
[step 18] Action: left_click (144, 291)
[step 18] Reasoning: The page appears to have already loaded (since there's no loading state). The application seems to be in a broken state where clicking on the "Day" button doesn't change the view. Let me try using Chrome's developer console to diagnose the issue. I'll try using the keyboard shortcut Cmd+Shift+J to open the JavaScript console.

Actually wait - maybe the issue is that the buttons ARE clickable, but maybe I need to scroll down or there's something blocking. Let me try checking if the page is interactive by trying to click on "Previous" or "Next" buttons to navigate the calendar.

Let me click the "Previous" button to navigate to the previous month and see if that works.
[step 19] Action: key: cmd+alt+j
[step 19] Reasoning: Interesting! Even clicking the "Previous" button doesn't navigate to the previous month. The calendar is completely non-interactive. The title still shows "April 2026". This suggests there might be a fundamental issue with the Angular application rendering - the application appears to be in a static/frozen state.

Wait - let me re-examine the page carefully. Looking at the layout, I notice this is an Angular application running on localhost:4200. The page content appears to be there but none of the buttons are responding. This could be:
1. The Angular application crashed or failed to initialize properly
2. There's a JavaScript error preventing interaction
3. The buttons are there but Angular hasn't bootstrapped properly

Let me try opening the Chrome DevTools console to check for errors. I'll use Cmd+Option+J.
[step 20] Action: left_click (640, 400)
[step 20] Reasoning: The Developer Tools console didn't open either. This is very unusual. Let me try a different approach - maybe the Chrome window needs to be in focus first. Let me try clicking on the Chrome window title bar first and then try opening DevTools.

Actually, wait - looking at the screenshots again more carefully, I notice the time keeps advancing (21:02, 21:03, 21:04) which means the screenshots are being taken at different times, suggesting the system is working. But the page content is NOT changing.

This could be because the application is working correctly (Angular app is running) but the click events are being intercepted by an invisible overlay. 

Let me try looking at the page source by using View > Source. Or better yet, let me try using the Chrome menu to open Developer Tools.

Actually, I just realized something - maybe there IS an invisible overlay on top of the interactive content. Looking at the top-right corner of the screen, I notice the status widget I minimized. Let me also look if there's any other overlay element blocking the buttons.

Let me try opening Chrome's DevTools via the menu.
[step 21] Action: left_click (924, 291)
[step 21] Reasoning: The calendar is completely unresponsive. No matter what I click - "Day", "Week", "Previous", "Next", or anywhere on the calendar grid - nothing happens. The calendar appears to be in a frozen/static state.

Wait - I need to reconsider. Maybe the application IS actually responding correctly when I click buttons, but there's a rendering issue with the screenshot capture. Let me try a different approach - maybe the page is loaded correctly but I need to wait for Angular to fully initialize.

Let me try clicking the "Day" button one more time and taking a screenshot immediately after to verify.

Actually, I realize I need to reconsider the whole situation. Let me look at the task status widget - it says it's minimized in the corner. But maybe the task panel that was previously visible was actually an overlay that was intercepting all clicks! The panel was minimized now, but maybe the minimized version is still positioned somewhere that could intercept clicks.

Looking at the screenshots, the minimized panel should be in the bottom-right corner. Let me look at the current state more carefully.

Actually, now I'm second-guessing myself. Let me try the "Day" button one more time very carefully.
[step 22] Action: left_click (1265, 62)
[step 22] Reasoning: The calendar still shows "April 2026" in Month view and the Day button click has no effect. I've now clicked the "Day" button multiple times (at least 5-6 times) and the view never changes. This is clearly a functional bug or the application is in a broken state.

Let me try opening Chrome DevTools via the Chrome menu (the three-dot menu in the top right of Chrome).
[step 23] Action: left_click (152, 9)
[step 23] Reasoning: The Chrome menu didn't open at (1265, 62). I'm having difficulty interacting with the browser controls. Let me try accessing the Chrome menu through the macOS menu bar.

Wait - I see the macOS menu bar at the top showing "Chrome", "文件", "编辑", etc. Let me try accessing the View menu from the macOS menu bar to open Developer Tools.
[step 24] Action: left_click (52, 9)
[step 24] Reasoning: I attempted to click on the "文件" (File) menu in the macOS menu bar but the menu didn't open. This is really strange. 

Wait - I think I now understand the issue. Looking at the screenshots carefully, the title bar shows the macOS menu bar with items like "Chrome", "文件", "编辑", etc. These are at y=9 approximately. But it seems my click at (152, 9) didn't open the menu. 

Actually looking more carefully at the screenshot dimensions (1280x720) and the visual content - I think the page is rendering but my clicks might be in a slightly wrong position due to the display. But I've been clicking very close to all the buttons, and none are responding.

Let me try a completely different approach. Maybe there's actually something blocking interaction. Let me try to use the Chrome menu from the macOS menu bar (the "Chrome" text at top left).

Wait, I need to reconsider. The application might actually be responding correctly but I'm missing the feedback. Let me look more carefully at what "Day" view would look like - it would show a day schedule with time slots (like 1AM, 2AM, etc.). The title would change from "April 2026" to a specific date like "Wednesday, April 15, 2026".

Actually - I notice something. The page has a separate first tab showing "localhost:4200/main.js.map". And the second tab is the Angular Calendar. Both tabs are shown. This is normal for Angular development.

Let me try a fundamentally different approach. Let me try opening the DevTools from the macOS Chrome menu.
[step 25] Action: scroll down (530, 400) scroll_amount 3
[step 25] Reasoning: Still nothing. The macOS menu bar clicks aren't working either. Let me take a fresh look at this situation.

Looking at the resolution of the screen (1280x720) and the content visible - the top macOS menu bar items (Chrome, 文件, 编辑, etc.) are at roughly y=9. The Chrome browser window takes up the rest of the screen.

I wonder if there's a Chrome DevTools shortcut that might work differently. Let me try using the keyboard shortcut Cmd+Shift+C (which opens DevTools in inspector mode).

Actually wait - let me re-examine the y-coordinates. The macOS menu bar is very thin (approximately 22px tall). At 1280x720 resolution, the menu bar items are at around y=11. The Chrome browser chrome (tabs, URL bar) starts at around y=20-22. The actual web content starts at around y=85-90.

The buttons I see in the webpage:
- "Previous" button: ~(144, 291) 
- "Today" button: ~(197, 291)
- "Next" button: ~(238, 291)
- "Month" button: ~(838, 291)
- "Week" button: ~(884, 291)
- "Day" button: ~(924, 291)

Let me try using Chrome's DevTools via Cmd+Shift+C:

Actually, let me try a completely different approach. I'll scroll down on the page to see if maybe after clicking, the Day view was rendered below the current view.
[step 26] Action: left_click (944, 691)
[step 26] Reasoning: Even scrolling doesn't work. The page is completely frozen - no scrolling, no button clicks, nothing is responding. The Angular application appears to be in a completely non-interactive state.

I notice something critical - looking at all the screenshots, the page content is identical every time, even though time has been passing (21:02 → 21:05). The page layout hasn't changed at all despite multiple interactions attempted.

Let me try checking if the Chrome browser window is actually focused/active or if there's something else in front. Let me try clicking on the Chrome window in the dock first.
[step 27] Action: left_click (640, 62)
[step 27] Reasoning: I see Chrome in the dock at the bottom. I clicked on it and the Chrome window appears to already be in the foreground (as shown by the content). 

Wait - I notice something now. The Chrome Dock icon appears at approximately x=944, y=691. The Chrome browser is clearly the active application based on the menu bar showing "Chrome" at the top left.

Looking at this situation more carefully: 
1. The page is visible and fully loaded
2. The Angular app appears to be showing the Month view of April 2026
3. All click attempts on buttons are not producing visible changes
4. Scroll attempts don't seem to work either

This could mean the page is actually being rendered as a static screenshot (like a cached/SSR version) OR there's an invisible overlay intercepting ALL clicks across the entire browser window. 

Let me try clicking on the Chrome address bar to see if at least the browser navigation elements work.
[step 28] Action: left_click (281, 33)
[step 28] Reasoning: Even clicking on the Chrome address bar doesn't focus it (there's no cursor blinking in the URL bar). This is very strange and suggests there might be a full-screen overlay or the entire application is frozen.

Wait - I just thought of something. When I take a screenshot, the screenshot is captured from the actual screen. But the clicks I'm sending via the automation tool might be offset from what I see. Let me try clicking in completely different areas to see if there's a systematic offset.

Let me also think about what "the minimized panel is in the bottom-right corner" means. The status widget was minimized to the bottom-right corner. But wait - looking at the bottom-right of the screenshot, I can see there's a small "Running" indicator with a "1257" or similar number at the bottom-right. This is the minimized panel. This doesn't seem to be blocking the rest of the page.

Let me try using a keyboard shortcut to open the Chrome DevTools via the macOS Chrome menu. I'll try pressing Cmd+Option+I which should open developer tools regardless of what's focused.

Actually - wait! I just realized something important. Looking at the bottom of every screenshot, I see a tiny "Running" bar at the bottom right corner. This is the minimized task panel. The screenshots are being taken CORRECTLY. But there's something wrong with the interaction.

Let me try clicking on the Chrome tab to make sure that tab is active.
[step 29] Action: left_click (530, 400)
[step 29] Reasoning: I notice the clock in the menu bar went from 21:05 to 21:06, confirming that the screenshots are being taken correctly and time is passing. But the page content remains unchanged and all my interaction attempts fail.

This is unusual. Let me try a completely different approach. Let me try using the macOS Spotlight or keyboard shortcut to open Chrome DevTools from the keyboard.

Wait - I just realized something important. The page is actually showing the correct Angular Calendar on localhost:4200/#/moment. The Angular application seems to be rendered, but none of my clicks are registering on the page.

Let me try using the keyboard to interact. Maybe I can use Tab key to navigate to the "Day" button and then press Enter.
[step 30] Action: key: Tab
[step 30] Reasoning: Now let me try using Tab key to navigate through the page elements.
[step 31] Action: key: cmd+l
[step 31] Reasoning: Tab key also doesn't show any focus change. Let me think about what might be happening here. The page seems completely frozen to interaction.

Looking at the page again from a high level - the page IS rendering correctly with the Angular Calendar. The calendar is showing April 2026 with the month view. There's a button group with "Month", "Week", "Day" buttons where "Month" is highlighted in blue.

But wait - I just noticed that in this demo page, the calendar might actually be showing the CURRENT date (April 16, 2026) as "today" (highlighted in green/teal). This makes sense since today IS April 16, 2026. So the calendar IS rendering correctly.

The issue might be a completely different problem. Looking at my interaction attempts, NO interaction is working at all - clicks, scrolls, keyboard, nothing. This strongly suggests an infrastructure issue with the automation tool rather than a bug in the Angular application.

But wait - looking more carefully at my click attempts - the FIRST click I did worked (clicking somewhere) and the screenshot showed the same page. This is consistent with the page having no input box to click into.

Actually, I wonder if the issue is that the "Month" button IS already active and working. The issue might be that the view was ALREADY set to month and it's working correctly. But when I click "Day", the view IS switching to day view, but I'm just not seeing the change because... 

Hmm, let me think again. Looking at the calendar layout - we see Monday through Sunday columns (week starts on Monday), with the month grid. This is clearly Month View. Day view would look completely different (a single day with time slots).

Let me try one more approach - I'll try using the URL directly to navigate to a page that might trigger the day view, or try to interact with the application using the Chrome console.

Let me try pressing Cmd+L to focus the address bar:
[step 32] Action: left_click (130, 33)
[step 32] Reasoning: Even Cmd+L doesn't focus the address bar! The URL bar still shows "localhost:4200/#/moment" without a text cursor. 

OK, I think I now understand the issue. There's something wrong with the automation environment. The keyboard shortcuts that would normally work (like Cmd+L to focus address bar) aren't working. But wait - the key presses DO seem to be sent (the actions return "ok"). Maybe they're just not being registered by Chrome.

Looking at this from a completely different angle - maybe the page is working and my clicks ARE registering, but the Angular application itself has a bug where clicking "Day" doesn't change the view. This would be the very thing I need to test! 

Let me reconsider: If the Angular app has a bug where clicking the "Day" button doesn't switch to Day view, then the calendar would remain in Month view, which is exactly what I'm seeing. This would be a functional bug in the application.

But wait - I can't even interact with the URL bar (which is outside the Angular app), suggesting the entire Chrome browser is unresponsive, not just the Angular app.

Let me try one more thing - clicking on the FIRST tab ("localhost:4200/main.js.map") to see if I can switch tabs:
[step 33] Action: Open url: http://localhost:4200/#/moment
[step 33] Reasoning: Even clicking the first Chrome tab didn't switch to it - the URL still shows "localhost:4200/#/moment" and the content is the same Angular Calendar page. This confirms that Chrome itself is not responding to ANY clicks.

But wait! I notice the timestamp changed from 21:06 to 21:07. So time IS passing. The screenshots are being captured. But no UI element in Chrome is responding to any interaction.

Let me try a totally different approach - let me try using `open_url` tool to navigate to the page:

Actually wait - I see something now. In the first screenshot, the cursor was visible at a certain position on the page. And the time is changing. But none of the interactions are working. 

Actually, this is a known issue with some automation setups where the automation tool sends the correct click signals, but the application or display system has a different coordinate mapping.

Let me try using the `open_url` tool to reload the page, or navigate to a specific URL that might directly show the day view:
[step 34] Action: screenshot
[step 34] Reasoning: The `open_url` tool worked! A new Chrome tab was opened (I can see a 3rd tab now with "Angular 8.0+ calendar" title, and it's currently loading - indicated by the spinning loading icon in the tab). The URL is now "localhost:4200/#/moment" in the new tab, and the page content is still showing the Angular Calendar month view.

This means Chrome IS responsive and working - the `open_url` function successfully opened a new tab. This is great! Now let me wait for the page to load and then try to click the "Day" button.

Let me wait for the page to load:
[step 35] Action: left_click (924, 291)
[step 35] Reasoning: The new tab (3rd tab) shows the same Angular Calendar page with "Use moment" heading and the April 2026 month view. The page appears to have loaded. Now let me try clicking the "Day" button. 

Looking at the page, I notice the 3rd tab is now active (the URL shows localhost:4200/#/moment). The "Day" button appears to be at approximately (924, 291). Let me try clicking it:

But wait - I notice something important! There are now 3 tabs. The original second tab "Angular 8.0+ calendar" and the new third tab. And the content is still showing the same thing - month view. But the URL is the same: localhost:4200/#/moment.

Maybe the issue was that when I was previously clicking the "Day" button, the clicks WERE registering but something else was intercepting them. Let me try a fresh click now:

==================================================
Task: 当前Chrome浏览器已打开angular-calendar网站，地址是http://localhost:4200/#/moment。测试 angular-calendar 在使用 Moment 日期格式化器时，日视图标题的日期格式是否正确。具体步骤：1. 页面已经在 Moment 示例页面。2. 找到日历组件，点击 Day 按钮切换到日视图（Day View）。3. 观察日视图顶部显示的日期标题，检查其格式是否符合当前 locale 的标准日期格式（例如英文 locale 下应为 'Friday, January 21, 2021' 这样的格式，即月份在日期数字之前）。4. 确认日期标题中各部分（星期、月份、日期）的顺序符合 locale 的习惯用法。注意：始终在浏览器内操作，禁止打开 Terminal、Finder 或其他应用程序。如果在浏览器中找不到目标功能，直接标记 result 为 unclear。不要点击任何翻译栏或翻译相关按钮。
Status: STOPPED_BY_USER
Total steps: 35
Last action: left_click (924, 291)
Last reasoning: The new tab (3rd tab) shows the same Angular Calendar page with "Use moment" heading and the April 2026 month view. The page appears to have loaded. Now let me try clicking the "Day" button. 

Looking at the page, I notice the 3rd tab is now active (the URL shows localhost:4200/#/moment). The "Day" button appears to be at approximately (924, 291). Let me try clicking it:

But wait - I notice something important! There are now 3 tabs. The original second tab "Angular 8.0+ calendar" and the new third tab. And the content is still showing the same thing - month view. But the URL is the same: localhost:4200/#/moment.

Maybe the issue was that when I was previously clicking the "Day" button, the clicks WERE registering but something else was intercepting them. Let me try a fresh click now:

==================================================

UI window closed
