Session created: sess-20260417141950-96632a3acce34833998288d61711bf60
UI panel initialized successfully
UI window displayed
Expected result: None
[step 0] Action: Initializing
[step 0] Reasoning: Initializing session connection
[step 0] Action: screenshot
[step 1] Action: left_click (1205, 88)
[step 1] Reasoning: I can see the Angular Date/Time Picker demo page is open and "Day Time Picker" is already selected in the left sidebar. I can see a date picker input at the top that says "Choose a date...". Let me close the Google Translate bar first, then interact with the datetime picker input.
[step 2] Action: left_click (707, 137)
[step 2] Reasoning: Good, the Google Translate bar is closed. I can see the "Day Time Picker" is already selected in the left sidebar, and there's a datetime picker input at the top showing "Choose a date...". Now let me click on the datetime picker input to open the date selection panel.
[step 3] Action: left_click (730, 226)
[step 3] Reasoning: The datetime picker panel has opened, showing April 2026 calendar with time selection (hours, minutes, AM/PM). I can see today's date (17) is highlighted with a circle. Now I'll click on a day to select it. Let me click on day "10" (April 10, 2026).
[step 4] Action: key: Escape
[step 4] Reasoning: I can see that clicking on day "09" selected it (it's now highlighted with a filled blue circle), and the input box now shows "09-04-2026 14:20:17". The date April 9, 2026 has been selected with the current time. 

Now I need to:
- Step 4: Confirm the selected date and time is displayed (✓ done - "09-04-2026 14:20:17")
- Step 5: Close the picker first, then manually clear the input box content

Let me first click outside the picker to close it, then click on the input box and clear its content.
[step 5] Action: left_click (707, 137)
[step 5] Reasoning: The calendar picker is now closed and the input box shows "09-04-2026 14:20:17" - confirming the selected date and time (Step 4 complete). 

Now for Step 5, I need to click on the input box, select all text with Ctrl+A, then delete it. Let me click on the input box first.
[step 6] Action: key: ctrl+a
[step 6] Reasoning: The calendar panel opened again when I clicked on the input. I can see the date "09-04-2026 14:20:17" is in the input and day "09" is highlighted in the calendar (selected). The input box now has focus with a cursor in it. Now I need to select all the text in the input and delete it. Let me use Ctrl+A to select all text and then Backspace to delete it.
[step 7] Action: key: Delete
[step 7] Reasoning: The text in the input box appears to be selected (Ctrl+A was pressed). The calendar is still showing with day "09" selected. Now let me press Delete (or Backspace) to clear the selected text.
[step 8] Action: triple_click
[step 8] Reasoning: I can see that the "0" from "09" was deleted - the input now shows "8-04-2026 14:20:17" (it only deleted one character). The Ctrl+A didn't select all text in the input as expected - it seems the input field has specific behavior. The calendar still shows "09" highlighted. Let me try a different approach - I'll click directly on the input field and then use Ctrl+A followed by Backspace to clear the entire content.

Let me click on the input field to make sure it's focused, then select all and delete.
[step 9] Action: key: BackSpace
[step 9] Reasoning: I can see the text "9-04-2026 14:20:17" appears to be selected (highlighted in blue) in the input field after triple-clicking. The calendar is still open with "09" highlighted. Now let me press Backspace to delete the selected text.
[step 10] Action: screenshot
[step 10] Reasoning: Excellent! The input has been successfully cleared! I can see:

1. **The input box now shows "Choose a date..."** - the placeholder text is back, indicating the input is empty
2. **The calendar no longer has any highlighted/selected date** - day "09" (which was previously selected with a filled blue circle) is no longer highlighted, and no other day is selected either
3. **Only today's date (17) has a light circle outline** showing the current date, but it is NOT selected (no filled blue circle)

The reset/clear functionality has worked successfully. Let me take a screenshot to verify this state and confirm the verification.
[step 11] Action: DONE
[step 11] Reasoning: The test has been completed successfully. Here's a comprehensive summary of what was accomplished:

## Test Results: Datetime Picker Reset/Clear Functionality ✅

### Steps Completed:

1. **✅ Step 1 - Found the datetime picker demo**: The "Day Time Picker" was already selected in the left sidebar, showing the daytimePicker demo with a "Choose a date..." input at the top.

2. **✅ Step 2 - Clicked on the datetime picker input**: Clicked on the input field, which opened the date selection panel showing April 2026 calendar with time selector (hours, minutes, AM/PM).

3. **✅ Step 3 - Selected a date**: Clicked on day **9** (April 9, 2026) - it became highlighted with a filled blue circle indicating selection.

4. **✅ Step 4 - Confirmed selected date in input box**: The input displayed **"09-04-2026 14:20:17"** - confirming the selected date and current time was properly displayed.

5. **✅ Step 5 - Manually cleared the input**: Used triple-click to select all text in the input box, then pressed **Backspace** to delete the content.

6. **✅ Step 6 - Verified successful reset**:
   - **Input box**: Now shows the placeholder **"Choose a date..."** - completely empty
   - **Calendar panel**: Day "09" (previously selected with filled blue circle) is **no longer highlighted/selected**
   - **No date is selected** in the calendar - only today's date (17) has a light outline indicating the current date, but it is not in a "selected" state
   
### Conclusion:
The reset/clear functionality works correctly. After manually clearing the input content, the datetime picker successfully resets its internal state - the previously selected date (April 9, 2026) is no longer retained, and the calendar panel shows no highlighted/selected date.

==================================================
Task: Chrome is open on angular-datepicker demo at http://localhost:4200. Task: Test the reset/clear functionality of the Datetime Picker (daytimePicker). Steps: 1) Find the datetime picker demo area on the page - click on Day Time Picker in the left sidebar if needed. 2) Click on the datetime picker input to open the date selection panel. 3) Select a date by clicking on a day. 4) Confirm the selected date and time is displayed in the input box. 5) Manually clear the input box content (select all text with Ctrl+A then press Delete or Backspace). 6) Verify that after clearing the input, the previously selected date is successfully reset - the date picker should no longer retain the previously selected date state, and the calendar panel should not show any highlighted/selected date. Stay in browser only, do not open Terminal or other apps.
Status: COMPLETED
Total steps: 11
Last action: DONE
Last reasoning: The test has been completed successfully. Here's a comprehensive summary of what was accomplished:

## Test Results: Datetime Picker Reset/Clear Functionality ✅

### Steps Completed:

1. **✅ Step 1 - Found the datetime picker demo**: The "Day Time Picker" was already selected in the left sidebar, showing the daytimePicker demo with a "Choose a date..." input at the top.

2. **✅ Step 2 - Clicked on the datetime picker input**: Clicked on the input field, which opened the date selection panel showing April 2026 calendar with time selector (hours, minutes, AM/PM).

3. **✅ Step 3 - Selected a date**: Clicked on day **9** (April 9, 2026) - it became highlighted with a filled blue circle indicating selection.

4. **✅ Step 4 - Confirmed selected date in input box**: The input displayed **"09-04-2026 14:20:17"** - confirming the selected date and current time was properly displayed.

5. **✅ Step 5 - Manually cleared the input**: Used triple-click to select all text in the input box, then pressed **Backspace** to delete the content.

6. **✅ Step 6 - Verified successful reset**:
   - **Input box**: Now shows the placeholder **"Choose a date..."** - completely empty
   - **Calendar panel**: Day "09" (previously selected with filled blue circle) is **no longer highlighted/selected**
   - **No date is selected** in the calendar - only today's date (17) has a light outline indicating the current date, but it is not in a "selected" state
   
### Conclusion:
The reset/clear functionality works correctly. After manually clearing the input content, the datetime picker successfully resets its internal state - the previously selected date (April 9, 2026) is no longer retained, and the calendar panel shows no highlighted/selected date.

==================================================

UI window closed
