Session created: sess-20260417130523-4afe53bafe8448089cc85521816d82bf
UI panel initialized successfully
UI window displayed
Expected result: 当用户在可搜索的 Select 组件中使用中文输入法输入拼音时，placeholder 文字应当消失或隐藏，不应与正在输入的拼音文字产生重叠，输入内容应清晰可读。
[step 0] Action: Initializing
[step 0] Reasoning: Initializing session connection
[step 0] Action: screenshot
[step 1] Action: left_click (93, 99)
[step 1] Reasoning: I can see there's a terminal window open on top. I need to close or minimize it, and then work with the Chrome browser. Let me close the terminal window first by clicking on it and pressing the red close button.
[step 2] Action: left_click (330, 313)
[step 2] Reasoning: A dialog appeared asking about terminating running processes. I should click "取消" (Cancel) since the task says not to close terminals. But actually the task says to stay in the browser - so let me click cancel to avoid closing anything, then click on the Chrome browser to bring it to front.
[step 3] Action: left_click (944, 691)
[step 3] Reasoning: The terminal is still showing on top. I need to click on the Chrome browser to bring it to the foreground. Let me click on the Chrome icon in the dock or click on the Chrome window area.
[step 4] Action: scroll up (480, 400) scroll_amount 5
[step 4] Reasoning: Chrome is now in the foreground. I can see the Select component page with the "搜索框" (search box) section visible. The page is already at `localhost:5173/components/select-cn#components-select-demo-search-box`. I can see:
- "带搜索框" section at the top
- "搜索框" section in the right panel showing "搜索和远程数据结合。" description

I need to scroll up to find the search-box demo section. I can see the right panel already has some search-related content. Let me scroll up to find the "搜索框" demo on the left side of the page.

Looking at the current view, I can see on the left side there's "带搜索框" demo area and on the right side there's a "搜索框" section. I need to scroll up to find the search-box demo with a searchable Select component. Let me scroll up on the left content area.
[step 5] Action: left_click (1201, 352)
[step 5] Reasoning: I can see the page now shows:
- "带搜索框" section on the left - but this seems to be showing "Search" functionality but not the search-box demo with an input field visible
- On the right, I can see "搜索框" section with "input search text" as a placeholder text (in a Select-style input)

The task asks me to find the "搜索框" (search-box) demo. Looking at the right panel, I can see there's an input with "input search text" placeholder. This seems to be the search box demo. Let me scroll down on the right side to see if there's a complete search box demo, or scroll up more on the left side to find the search-box demo.

Looking at the right sidebar, I can see "搜索框" is highlighted in the navigation, indicating we're already on the right section. The "搜索框" section shows "搜索和远程数据结合。" description.

The right panel shows the demo "input search text" field at the top which appears to be a select input with placeholder. Let me click on the right panel's search box demo. But first, let me check the left panel - I can see "带搜索框" section showing two Lucy selects. This doesn't seem to be the search-box demo.

Let me navigate directly to the search-box demo by clicking on "搜索框" in the right navigation.
[step 6] Action: left_click (800, 117)
[step 6] Reasoning: Now I can see the "搜索框" section is highlighted in the right navigation, and the right panel is showing a highlighted section with a Select input that has "input search text" as placeholder. This is the search-box demo (搜索框 demo).

The demo shows:
- A Select component with "input search text" placeholder
- Title "搜索框" 
- Description "搜索和远程数据结合。"

This is the component I need to test. Let me click on the "input search text" select input to give it focus, then use the Chinese input method to type "zhong" and observe whether the placeholder is hidden during the composition/typing process.

Let me first click on the select input.
[step 7] Action: screenshot
[step 7] Reasoning: I can see the Select input now has focus (the border appears active with a blue outline). The placeholder text "input search text" is still visible. Now I need to switch to the Chinese input method and type "zhong" to observe the behavior.

Let me check the current input method and switch to Chinese if needed. I'll look at the menu bar to see the current input method.

Looking at the screenshot, I can see the input is focused. Now I need to use a Chinese input method. Let me check if there's a Chinese input method available by looking at the menu bar - I can see what appears to be input method indicators.

Let me first try to switch to Chinese input method using the system shortcut, then type "zhong" to test the composition behavior.
[step 8] Action: left_click (800, 117)
[step 8] Reasoning: The input is focused and shows "input search text" placeholder with a blue border. Now I need to switch to Chinese input method. On macOS, I can use Ctrl+Space or Command+Space to switch input methods. But since the task says to use Chinese pinyin input, I need to make sure Chinese input method is active.

Let me check the input method in the top bar. Looking at the screenshot, I can see the top right of the menu bar has some icons but I can't clearly see the input method indicator from the current view.

Let me try to switch to Chinese input method using the keyboard shortcut, then type "zhong" in the input:
[step 9] Action: screenshot
[step 9] Reasoning: Good, the input is focused. I can see a popup appeared showing "Surely Table" in the left side. Let me close that by clicking elsewhere, then click directly on the input. Let me first check the current input method by looking at the menu bar more carefully. I'll zoom into the top right area.

Looking at the screen, I see the input field is focused (blue border). Now I need to switch to Chinese input method. Let me try using Ctrl+Space to switch the input method.

Actually, let me first look at the menu bar to understand the current input method state. I'll look at the top-right of the screen where input method indicators usually appear on macOS.
[step 10] Action: left_click (800, 117)
[step 10] Reasoning: The input field is still focused (I can see the cursor in the "input search text" placeholder area with a blue border). Now I need to switch to Chinese input method. I can see the menu bar area. Let me check if there's an input method indicator. I need to look at the top right area more carefully.

Let me try switching to Chinese input method. On macOS, the shortcut is usually Ctrl+Space or Command+Space. Let me try Ctrl+Space:

Actually, the best approach is to first ensure the input is focused, then switch to the Chinese input method, and start typing. Let me use the keyboard shortcut to switch input method.
[step 11] Action: key: ctrl+space
[step 11] Reasoning: Good, the input is focused. Now let me switch to Chinese input method. Let me check if there's a Chinese input method in the system. I'll look at the menu bar for the current input method state. Looking at the top right, I need to zoom in to see if there's an input method icon.

Let me now try to switch to the Chinese input method using Ctrl+Space shortcut:
[step 12] Action: left_click (800, 117)
[step 12] Reasoning: I can see the input method indicator in the menu bar has changed - I can see "A" indicator at the top right which might mean English input method is active, but after pressing Ctrl+Space, let me check if it switched to Chinese. Looking at the menu bar, I see something that could be an "A" icon near the top. Let me zoom in to see the menu bar area better.

Actually, looking at the top right of the menu bar, I can see it now shows a different indicator. Let me try to type "zhong" now and see what happens. But first let me make sure the input field still has focus by clicking on it.
[step 13] Action: mouse_move (1064, 9)
[step 13] Reasoning: Good, the input is still focused. Now I need to verify the Chinese input method is active. Looking at the top right of the menu bar, I can see the input method icon area. Let me zoom in on the menu bar to check. But first, let me try to switch to the Chinese Pinyin input method. 

On macOS, I'll try using the macOS input method switching shortcut. Let me look at the top right area of the menu bar:
[step 14] Action: left_click (1064, 9)
[step 14] Reasoning: I can see in the top right area the input method indicator shows "A" (which means English/Latin input). I need to switch to Chinese input method. Let me click on the "A" icon in the menu bar to switch input methods.

Looking at the menu bar top right, I can see around coordinates (1064, 9) there's the "A" indicator. Let me click on it to open the input method picker.
[step 15] Action: key: Escape
[step 15] Reasoning: I accidentally clicked on the MonoProxy menu. Let me close this by pressing Escape and look for the input method indicator more carefully.
[step 16] Action: left_click (1091, 9)
[step 16] Reasoning: Good, the menu is closed. Looking at the top right of the menu bar, I can see the "A" icon which is the input method indicator. I need to find the input method switcher. Let me look more carefully at the top-right area.

Looking at the screenshot, I see at the top right: there's a circular icon, then "A" - that "A" looks like it's the input method indicator (showing English/Latin). I need to click the correct "A" input method indicator to switch to Chinese.

Let me try clicking on the "A" that appears to be around coordinate (1091, 9) in the menu bar:
[step 17] Action: left_click (1120, 47)
[step 17] Reasoning: Excellent! I can now see the input method menu has opened and shows:
- ✓ ABC (currently selected - English)
- 简体拼音 (Simplified Chinese Pinyin)
- 显示表情与符号
- 显示虚拟键盘
- 显示输入法名称
- 打开键盘设置...

I can see "简体拼音" (Simplified Chinese Pinyin) as an option. Let me click on it to switch to Chinese Pinyin input method.
[step 18] Action: left_click (800, 117)
[step 18] Reasoning: I've switched to the Chinese Pinyin input method. Now I need to click on the search input in the "搜索框" (search-box) demo to give it focus, then type "zhong" using the Chinese input method.

Looking at the screen, I can see the "搜索框" demo area at the top right with the input that has "input search text" placeholder. The input appears to be focused (it has a blue border). Now let me click on it directly to make sure it's focused, then type the pinyin.
[step 19] Action: type: zhong
[step 19] Reasoning: The select input is focused (blue border visible). The Chinese input method should be active. Now let me type "zhong" to test the composition behavior. When using Chinese Pinyin input, typing "zhong" will start the composition process and show "zhong" as pinyin waiting to be converted to Chinese characters.

Let me type "zhong" now:
[step 20] Action: screenshot
[step 20] Reasoning: This is very interesting! After typing "zhong" with the Chinese input method, I can observe the following:

1. **The input field shows "zhong"** - the pinyin text is displayed in the input field
2. **The placeholder "input search text" is HIDDEN** - the placeholder is no longer visible because the pinyin composition text ("zhong") is showing in the input field
3. **A dropdown appeared** showing Chinese character suggestions that start with "zhong" (中性笔, 种子, 中国黄金, 中老年女装, 中山灯具, 中裤, 中筒袜, 中式马甲)
4. **No Chinese IME composition popup is visible** - it seems the input was processed directly without showing the typical Chinese composition popup (which would normally show character suggestions in a separate IME popup)

**Key observation for the test**: The input shows "zhong" (the pinyin) in the input field and the placeholder "input search text" is correctly hidden during the input process. However, it appears the input was treated as regular text rather than IME composition, because:
- The text "zhong" is showing without any underline/composition indicator typical of Chinese IME
- The dropdown showing Chinese words suggests the component already received the "zhong" text and is filtering/searching

Let me take a closer look at the current state to see if there's any issue with how the placeholder is displayed:

The **placeholder "input search text" is correctly hidden** when the pinyin "zhong" is being typed. The dropdown with Chinese character options is showing.

However, I need to check whether during the actual IME composition phase (before the text is committed), whether the placeholder was visible or hidden. Since the text is already showing in the input field, the placeholder appears to be correctly hidden.

But wait - there's something I need to investigate: Was the text entered through the IME composition process (where pinyin shows underlined and the IME popup appears), or was it simply typed as direct ASCII characters? Looking at the screenshot, the text "zhong" appears in the input field without any composition indicators, suggesting it might not have been properly processed through the IME composition.

Let me take another screenshot to examine the current state more carefully:
[step 21] Action: key: Escape
[step 21] Reasoning: Now I have a clearer view. Let me analyze what I see:

**Current State Analysis:**
1. The input field shows "zhong" with what appears to be an orange/orange-red text cursor visible after "zhond" (the text appears to have a cursor in the middle of the word)
2. The placeholder "input search text" is **NOT visible** - it is hidden
3. A dropdown menu is showing Chinese search results: 中性笔, 种子, 中国黄金, 中老年女装, 中山灯具, 中裤, 中筒袜, 中式马甲

**Important Observation**: The input shows "zhong" in the input box, and the dropdown is showing Chinese character options. However, looking more carefully at the text in the input field:
- The text appears to be just "zhong" as regular text (no underline indicating IME composition)
- There's no IME composition popup showing pinyin candidates

This suggests one of two things:
1. The IME composition was processed but the visual composition indicators (underline, IME popup) are not visible in the screenshot
2. The text was entered as plain ASCII text without going through the IME composition process

Looking at the input field cursor position, the text appears to show "zhond" with a cursor, but this is actually "zhong" with the cursor at the end.

**Critical Finding**: The screenshot shows that:
- **The placeholder IS correctly hidden** during the input process - the "input search text" placeholder is not visible while "zhong" is shown in the input
- The dropdown is filtering/searching based on the input

However, the real question is: during the IME composition phase (when the pinyin is being typed but not yet confirmed), does the placeholder show or is it hidden? 

Looking at the current state, the "zhong" text is already in the input and the dropdown is showing. The placeholder appears to have been correctly hidden. But this might be after the composition was committed.

Let me reset the test and try again more carefully. I'll clear the input and try typing character by character to observe the composition state:
[step 22] Action: left_click (800, 117)
[step 22] Reasoning: After pressing Escape, the dropdown closed and the input is cleared. The placeholder "input search text" is now visible again in the input field. The input is still focused (blue border).

Now let me try typing just one character "z" first to observe if the Chinese IME composition starts:
[step 23] Action: key: z
[step 23] Reasoning: The input is focused again with the placeholder "input search text" showing. Now let me type just "z" to start the IME composition process and take a screenshot immediately to see what happens during the composition:
[step 24] Action: key: h
[step 24] Reasoning: **Excellent! This is a critical finding!** After typing just "z" with the Chinese IME:

**What I observe:**
1. **The input field shows "z"** followed by "put search text" - which means the first part of the placeholder "in" is replaced/hidden but the rest "put search text" is still visible!
2. **The Chinese IME popup appeared** below the input field showing Chinese character candidates: 在, 再, 这, 着, 最, 中, 7, 做 (and more)
3. **The placeholder text is PARTIALLY visible** - "put search text" (from "input search text") is still showing alongside the composition character "z"

This is a **BUG**! During the IME composition phase (while the pinyin "z" is being typed but not yet confirmed as a Chinese character):
- The placeholder "input search text" is still **partially visible** - "put search text" overlaps with the input area
- The "z" (composition character) is showing at the beginning
- The overall display reads "z|put search text" which is confusing - the placeholder should be completely hidden

Let me take a more careful screenshot to confirm this observation:

The input shows **"z"** at the beginning and then **"put search text"** (the latter part of "input search text" placeholder) - this clearly indicates:
- The "in" part of "input" was covered/hidden by the "z" being typed
- But "put search text" portion of the placeholder is still visible

This is a **placeholder not properly hidden during IME composition** bug!

Let me type more characters to continue testing:
[step 25] Action: key: o
[step 25] Reasoning: **This confirms the BUG!** After typing "zh" with Chinese IME:

**Critical Observation:**
1. The input field shows **"zh"** followed by **"ut search text"** - the placeholder text is still partially visible!
2. The IME popup shows new character suggestions: 这, 着, 中, (a character that looks like a number/character), 只, 真, 之, 种
3. The composition text "zh" is underlined (indicating IME composition mode) 
4. The display reads **"zh|ut search text"** - "ut search text" from the original "input search text" placeholder is still showing!

This is clearly a **BUG**: The placeholder "input search text" is **NOT completely hidden** during the IME (Input Method Editor) composition process. Instead of being fully hidden, the placeholder text overlaps with the composition text, creating a confusing display where:
- "zh" (typed composition) appears at the start
- "ut search text" (remaining placeholder letters) still shows after the composition text

Let me continue typing to see what happens as I type more characters:
[step 26] Action: key: n
[step 26] Reasoning: **The bug is clearly confirmed!** After typing "zho":

1. The input field shows **"zho"** (composition text with underline) followed by **"t search text"** - more of the placeholder is now visible
2. The IME popup shows: 中, 种, (a character), 周, 重, 钟, 7, 终 
3. The composition text is "zho" (underlined blue)
4. The remaining visible placeholder text is "t search text" (from "input search text")

This is a **confirmed bug**: as the user types "zho" in composition mode:
- "in" of "input" is hidden by "zho"
- "t search text" part of the placeholder is still showing

Let me type one more key "n" to see:
[step 27] Action: key: g
[step 27] Reasoning: **The bug continues to be present!** After typing "zhon":

1. The input field shows **"zhon"** (composition text with underline) followed by **"search text"** - even more placeholder text is still visible!
2. The IME popup shows: 中, (a character), 种, 重, 钟, (a character), 终, 众
3. The composition text is "zhon" 
4. The remaining visible placeholder text is "search text" (from "input search text")

Let me type "g" to complete "zhong":
[step 28] Action: DONE
[step 28] Reasoning: **Final confirmation of the bug!** After completing "zhong":

1. The input field shows **"zhong"** (composition text with underline) followed by **"earch text"** - "earch text" portion of the placeholder is still visible!
2. The IME popup still shows character options: 中, (a character), 种, 重, 钟, (a character), 终, 众
3. The composition text is "zhong"
4. The remaining visible placeholder text is "earch text" (from "input search text")

**Summary of the step-by-step progression:**

| Typed | Composition | Placeholder visible | Input shows |
|-------|-------------|---------------------|-------------|
| (empty) | (none) | "input search text" | placeholder only |
| z | z | "put search text" | "z" + "put search text" |
| zh | zh | "ut search text" | "zh" + "ut search text" |
| zho | zho | "t search text" | "zho" + "t search text" |
| zhon | zhon | "search text" | "zhon" + "search text" |
| zhong | zhong | "earch text" | "zhong" + "earch text" |

**Bug Analysis:**
The placeholder text is being overlaid with the composition text rather than being hidden during the IME composition phase. As each pinyin character is typed, the composition text simply overlays/covers the first N characters of the placeholder, but the rest of the placeholder remains visible. The placeholder is NOT hidden/removed when IME composition starts - instead, the composition text is positioned on top of the placeholder text from the left side.

**Expected Behavior:** When the user starts typing (including IME composition), the placeholder should be completely hidden/invisible.

**Actual Behavior:** The placeholder text remains visible, with the composition text overlaying just the characters that are physically in the same position, creating a mixed display of composition text + remaining placeholder characters.

This is a clear **BUG** in the ant-design-vue Select component's search-box demo: the placeholder is not properly hidden during Chinese IME composition input.

---

## 测试结果总结

**测试发现：BUG - placeholder 在中文 IME 组合输入过程中未正确隐藏**

### 测试步骤
1. 打开 `http://localhost:5173/components/select-cn#components-select-demo-search-box`
2. 找到"搜索框"（search-box）demo，点击 Select 组件输入框使其获得焦点
3. 切换到中文简体拼音输入法（简体拼音）
4. 依次输入 `z` → `zh` → `zho` → `zhon` → `zhong`，每步截图观察显示效果

### 发现的问题

**🐛 BUG：Placeholder 在 IME 组合输入过程中未被正确隐藏**

在使用中文拼音输入法进行组合输入时，placeholder 文字并未完全隐藏，而是与正在输入的拼音文字**重叠显示**：

| 输入拼音 | 实际显示效果 | 期望效果 |
|---------|-------------|---------|
| 空（初始） | "input search text"（placeholder） | 正常 ✓ |
| z | "z" + "put search text" | 仅显示 "z"，placeholder 完全隐藏 |
| zh | "zh" + "ut search text" | 仅显示 "zh"，placeholder 完全隐藏 |
| zho | "zho" + "t search text" | 仅显示 "zho"，placeholder 完全隐藏 |
| zhon | "zhon" + "search text" | 仅显示 "zhon"，placeholder 完全隐藏 |
| zhong | "zhong" + "earch text" | 仅显示 "zhong"，placeholder 完全隐藏 |

**问题原因分析**：Select 组件在处理 `compositionstart`/`compositionupdate` 事件时，未能正确隐藏 placeholder。组合输入文字（composition text）从左侧开始覆盖 placeholder 字符，但 placeholder 剩余部分依然可见，导致用户看到拼音文字和 placeholder 文字混合显示的错误视觉效果。

**结论**：在输入法组合输入过程中（拼音尚未确认转换为中文字符时），**placeholder 未被正确隐藏**，这是一个 UI 显示 BUG。
Evaluating task result...

==================================================
Task: 当前Chrome浏览器已打开ant-design-vue网站，地址是http://localhost:5173。测试带搜索功能的 Select 组件在输入中文拼音时的显示效果。找到 Select 组件的搜索框示例（search-box demo），点击可搜索 Select 组件使其获得焦点，使用中文输入法输入拼音（例如输入 zhong），在拼音尚未确认转换为中文字符的过程中，观察输入框中正在输入的拼音文字与 placeholder 文字之间的显示关系，确认在输入法组合输入过程中 placeholder 是否正确隐藏。始终在浏览器内操作，禁止打开 Terminal、Finder 或其他应用程序。
Status: COMPLETED
Total steps: 28
Last action: DONE
Last reasoning: **Final confirmation of the bug!** After completing "zhong":

1. The input field shows **"zhong"** (composition text with underline) followed by **"earch text"** - "earch text" portion of the placeholder is still visible!
2. The IME popup still shows character options: 中, (a character), 种, 重, 钟, (a character), 终, 众
3. The composition text is "zhong"
4. The remaining visible placeholder text is "earch text" (from "input search text")

**Summary of the step-by-step progression:**

| Typed | Composition | Placeholder visible | Input shows |
|-------|-------------|---------------------|-------------|
| (empty) | (none) | "input search text" | placeholder only |
| z | z | "put search text" | "z" + "put search text" |
| zh | zh | "ut search text" | "zh" + "ut search text" |
| zho | zho | "t search text" | "zho" + "t search text" |
| zhon | zhon | "search text" | "zhon" + "search text" |
| zhong | zhong | "earch text" | "zhong" + "earch text" |

**Bug Analysis:**
The placeholder text is being overlaid with the composition text rather than being hidden during the IME composition phase. As each pinyin character is typed, the composition text simply overlays/covers the first N characters of the placeholder, but the rest of the placeholder remains visible. The placeholder is NOT hidden/removed when IME composition starts - instead, the composition text is positioned on top of the placeholder text from the left side.

**Expected Behavior:** When the user starts typing (including IME composition), the placeholder should be completely hidden/invisible.

**Actual Behavior:** The placeholder text remains visible, with the composition text overlaying just the characters that are physically in the same position, creating a mixed display of composition text + remaining placeholder characters.

This is a clear **BUG** in the ant-design-vue Select component's search-box demo: the placeholder is not properly hidden during Chinese IME composition input.

---

## 测试结果总结

**测试发现：BUG - placeholder 在中文 IME 组合输入过程中未正确隐藏**

### 测试步骤
1. 打开 `http://localhost:5173/components/select-cn#components-select-demo-search-box`
2. 找到"搜索框"（search-box）demo，点击 Select 组件输入框使其获得焦点
3. 切换到中文简体拼音输入法（简体拼音）
4. 依次输入 `z` → `zh` → `zho` → `zhon` → `zhong`，每步截图观察显示效果

### 发现的问题

**🐛 BUG：Placeholder 在 IME 组合输入过程中未被正确隐藏**

在使用中文拼音输入法进行组合输入时，placeholder 文字并未完全隐藏，而是与正在输入的拼音文字**重叠显示**：

| 输入拼音 | 实际显示效果 | 期望效果 |
|---------|-------------|---------|
| 空（初始） | "input search text"（placeholder） | 正常 ✓ |
| z | "z" + "put search text" | 仅显示 "z"，placeholder 完全隐藏 |
| zh | "zh" + "ut search text" | 仅显示 "zh"，placeholder 完全隐藏 |
| zho | "zho" + "t search text" | 仅显示 "zho"，placeholder 完全隐藏 |
| zhon | "zhon" + "search text" | 仅显示 "zhon"，placeholder 完全隐藏 |
| zhong | "zhong" + "earch text" | 仅显示 "zhong"，placeholder 完全隐藏 |

**问题原因分析**：Select 组件在处理 `compositionstart`/`compositionupdate` 事件时，未能正确隐藏 placeholder。组合输入文字（composition text）从左侧开始覆盖 placeholder 字符，但 placeholder 剩余部分依然可见，导致用户看到拼音文字和 placeholder 文字混合显示的错误视觉效果。

**结论**：在输入法组合输入过程中（拼音尚未确认转换为中文字符时），**placeholder 未被正确隐藏**，这是一个 UI 显示 BUG。

==================================================

UI window closed
