Session created: sess-20260425011506-37dd535982e54342955023672e247911
UI panel initialized successfully
UI window displayed
Expected result: 当用户将 passive 标志设置为 false 时，事件监听器应以非 passive 模式注册，允许在事件回调中正常调用 preventDefault()，不会在控制台出现 passive event listener 相关警告或错误。
[step 0] Action: Initializing
[step 0] Reasoning: Initializing session connection
[step 0] Action: screenshot
[step 1] Action: left_click (57, 508)
[step 1] Reasoning: I can see the Beautiful React Hooks documentation. I can see `useGlobalEvent` in the sidebar. Let me click on it to explore this hook, as it's related to global events and might support the `passive` option.
[step 2] Action: scroll down (640, 400) scroll_amount 5
[step 2] Reasoning: I can see the `useGlobalEvent` hook page. It shows the basic usage with a `resize` event. I need to scroll down to see if there's a demo that shows the `passive` option or if I need to look at other hooks. Let me scroll down to see the full code and any interactive demos.
[step 3] Action: scroll down (640, 400) scroll_amount 5
[step 3] Reasoning: I can see the basic code usage and there's an "Options:" section appearing at the bottom. Let me scroll down more to see the options section which might show the `passive` option.
[step 4] Action: scroll down (640, 400) scroll_amount 5
[step 4] Reasoning: I can see there's an "Options:" section that mentions `useGlobalEvent` uses `addEventListener` under the hood, and it's possible to specify listener characteristics by passing an options object as a second parameter. There's another demo showing "Current window width: 1536". Let me scroll down more to see the options demo with the `passive` option code.
[step 5] Action: scroll down (640, 400) scroll_amount 5
[step 5] Reasoning: Excellent! I can see the Options section showing code with `const options = { capture: true, passive: true, once: true }` being passed to `useGlobalEvent('resize', options)`. The demo shows `passive: true` as an example. However, the task requires testing with `passive: false` for a `change` event and verifying that `preventDefault()` can be called without errors.

Let me scroll down more to see the complete code example and any interactive demo for the options.
[step 6] Action: left_click (39, 424)
[step 6] Reasoning: Now I can see the full Options example for `useGlobalEvent`. The code shows:
```javascript
const options = { capture: true, passive: true, once: true };
const onWindowResize = useGlobalEvent('resize', options);
```

This is a `resize` event with `passive: true`. The task requires testing with a `change` event and `passive: false` to verify `preventDefault()` works. 

The documentation only shows static code examples for `useGlobalEvent`. The interactive demo just shows "Current window width: 1536" which is a read-only display - there's no interactive demo where I can actually modify the code to test `change` events with `passive: false`.

Let me also check if there are other hooks related to `change` events. Let me look at `useEvent` in the sidebar, which might be relevant.
[step 7] Action: scroll down (640, 400) scroll_amount 8
[step 7] Reasoning: I can see the `useEvent` hook page. It shows an interactive demo "Click on this text to increase the number of clicks: 0" which uses `useEvent(targetRef, 'click')`. Let me scroll down to see if there are options (including `passive`) available for this hook and if it supports a `change` event.
[step 8] Action: scroll down (640, 400) scroll_amount 5
[step 8] Reasoning: I can see the `useEvent` hook code and there's also an "Options:" section at the bottom. Let me scroll down to see the Options section for `useEvent`.
[step 9] Action: scroll down (640, 400) scroll_amount 5
[step 9] Reasoning: I can see the `useEvent` Options section as well. There's another "Click on this text to increase the number of clicks: 0" demo visible. Let me scroll down more to see the Options code example for `useEvent`.
[step 10] Action: scroll down (640, 400) scroll_amount 5
[step 10] Reasoning: I can see that `useEvent` also supports options (passed as a third parameter) with `{ capture: true, passive: true, once: true }`. Both `useGlobalEvent` and `useEvent` support the `passive` option. 

Now let me analyze the situation more carefully:

1. The documentation page shows only **static read-only code examples** and simple interactive demos (like click counters and window resize displays)
2. There is **no interactive code editor** (like CodeSandbox or a live playground) where I can modify the code to test `passive: false` with a `change` event and call `preventDefault()`
3. The demos provided are pre-built React components that demonstrate existing functionality, not customizable playgrounds

The task asks me to:
- Use `useGlobalEvent` or similar hooks with `passive: false` option
- Trigger a `change` event
- Verify `passive: false` works (i.e., `preventDefault()` can be called without errors)

This requires actually running code with these hooks, which isn't possible through the browser UI alone on this documentation site. The documentation page doesn't have an interactive playground/editor where I can input custom code.

Let me scroll back up to verify there's no code editor or playground component that I might have missed.
[step 11] Action: left_click (746, 268)
[step 11] Reasoning: I can now see the full options code example for `useEvent`:
```javascript
const onTargetClick = useEvent(targetRef, 'click', {
  capture: true,
  passive: true,
  once: true
});
```

The demo here is "Click on this text to increase the number of clicks: 0" - this is an interactive demo with `click` event, not `change` event, and not with `passive: false`.

Now I need to assess whether the documentation site has any editable/interactive playground where I can write custom code. Based on what I've seen:

1. The documentation site at `localhost:6060` is a static documentation site (likely built with React Styleguidist or similar)
2. All demos are pre-built React components - there's no code editor
3. The "VIEW CODE" sections show read-only code examples
4. The interactive demos (like click counter, window width display) are pre-built and cannot be modified through the browser UI

To test `useGlobalEvent` or `useEvent` with `passive: false` for a `change` event and call `preventDefault()`, I would need to:
- Have access to an editable code playground, OR
- Use a terminal to create a custom React app, OR  
- Use browser DevTools (which is prohibited)

Since the task explicitly says "始终在浏览器内操作，禁止打开 Terminal、Finder 或其他应用程序" (always operate within the browser, no Terminal/Finder/other apps), and the documentation site doesn't provide an interactive code playground where I can write and execute custom code, this task cannot be completed through the browser UI.

However, let me check if there's perhaps a live code editor on this page by clicking on any of the interactive demo areas or if there's a Styleguidist-style editable code block. Let me look more carefully at the demo area.
[step 12] Action: DONE
[step 12] Reasoning: Clicking the demo area worked (the click counter incremented from 0 to 1). But notice the code has `once: true` in the options! That means after the first click, the event listener would be removed. The demo shows `passive: true` in this pre-built example.

The interactive demos on this documentation site are pre-built React components. There is no code editor/playground where I can modify the code to test with:
1. `change` event (instead of `click`)
2. `passive: false` (instead of `passive: true`)
3. `event.preventDefault()` in the handler

The documentation site only shows:
- Static read-only code examples (with syntax highlighting)
- Pre-built interactive demos with fixed functionality (can't be modified)

Since there's no interactive code editor/playground in the browser-based documentation, and the task requires me to stay within the browser only, I cannot perform the actual test of `passive: false` with a `change` event and `preventDefault()`.

Based on my thorough investigation of the Beautiful React Hooks documentation site at `localhost:6060`, I can conclude:

**结论 (Conclusion):**

**result: unclear**

**result_summary:** 在 Beautiful React Hooks 文档网站（localhost:6060）中找到了 `useGlobalEvent` 和 `useEvent` 两个与事件相关的 hook，它们均支持通过 options 参数传入 `passive` 选项（文档中展示了 `passive: true` 的示例）。但文档页面仅提供静态只读代码示例和预构建的固定功能演示组件（如点击计数器、窗口宽度显示），**没有提供可编辑的交互式代码编辑器/沙盒**，无法在浏览器内输入自定义代码来测试以下场景：
1. 使用 `change` 事件（而非 `click` 或 `resize`）
2. 传入 `{ passive: false }` 选项
3. 在事件处理函数中调用 `event.preventDefault()` 并验证不报错

因此，无法在浏览器内完成该验证任务，目标功能的可交互演示入口不存在于当前文档页面中。
Evaluating task result...

==================================================
Task: 当前Chrome浏览器已打开Beautiful React Hooks文档网站，地址是http://localhost:6060/。使用 beautiful-react-hooks 中与 change 事件相关的 hook（如 useGlobalEvent 或类似事件 hook），传入 passive 选项参数（例如 { passive: false }），触发对应的 change 事件，验证 passive 标志是否生效（例如在事件处理函数中调用 preventDefault() 不会报错）。请始终在浏览器内操作，禁止打开 Terminal、Finder 或其他应用程序。如果在浏览器中找不到目标功能的可交互演示，直接标记 result 为 unclear，result_summary 写明未在页面中找到目标功能入口。
Status: COMPLETED
Total steps: 12
Last action: DONE
Last reasoning: Clicking the demo area worked (the click counter incremented from 0 to 1). But notice the code has `once: true` in the options! That means after the first click, the event listener would be removed. The demo shows `passive: true` in this pre-built example.

The interactive demos on this documentation site are pre-built React components. There is no code editor/playground where I can modify the code to test with:
1. `change` event (instead of `click`)
2. `passive: false` (instead of `passive: true`)
3. `event.preventDefault()` in the handler

The documentation site only shows:
- Static read-only code examples (with syntax highlighting)
- Pre-built interactive demos with fixed functionality (can't be modified)

Since there's no interactive code editor/playground in the browser-based documentation, and the task requires me to stay within the browser only, I cannot perform the actual test of `passive: false` with a `change` event and `preventDefault()`.

Based on my thorough investigation of the Beautiful React Hooks documentation site at `localhost:6060`, I can conclude:

**结论 (Conclusion):**

**result: unclear**

**result_summary:** 在 Beautiful React Hooks 文档网站（localhost:6060）中找到了 `useGlobalEvent` 和 `useEvent` 两个与事件相关的 hook，它们均支持通过 options 参数传入 `passive` 选项（文档中展示了 `passive: true` 的示例）。但文档页面仅提供静态只读代码示例和预构建的固定功能演示组件（如点击计数器、窗口宽度显示），**没有提供可编辑的交互式代码编辑器/沙盒**，无法在浏览器内输入自定义代码来测试以下场景：
1. 使用 `change` 事件（而非 `click` 或 `resize`）
2. 传入 `{ passive: false }` 选项
3. 在事件处理函数中调用 `event.preventDefault()` 并验证不报错

因此，无法在浏览器内完成该验证任务，目标功能的可交互演示入口不存在于当前文档页面中。

==================================================

UI window closed
