Session created: sess-20260425013104-5a89774436f84d95894f47575efbe800
UI panel initialized successfully
UI window displayed
Expected result: 当依赖项发生变化后，useDebouncedCallback 返回的防抖回调函数应使用最新的依赖项值执行，而非旧的闭包值，页面上显示的结果应反映最新的状态。
[step 0] Action: Initializing
[step 0] Reasoning: Initializing session connection
[step 0] Action: screenshot
[step 1] Action: left_click (1261, 97)
[step 1] Reasoning: I can see there's a compilation error overlay. Let me close it and navigate to the useDebouncedCallback page.
[step 2] Action: left_click (107, 172)
[step 2] Reasoning: The error overlay is closed. Now I can see the sidebar. I need to find `useDebouncedCallback` in the sidebar. Let me scroll down in the sidebar to find it.
[step 3] Action: type: useDebounced
[step 4] Action: left_click (79, 214)
[step 4] Reasoning: I can see `useDebouncedCallback` in the filtered sidebar. Let me click on it.
[step 5] Action: scroll down (640, 400) scroll_amount 5
[step 5] Reasoning: I'm now on the `useDebouncedCallback` page. I can see:
- A description of the hook
- A live demo showing "window width" and "window height" values
- A "VIEW CODE" section with source code

The demo shows "Resize the browser window and see the update taking effect after the designated delay" - this is the basic usage. 

Now I need to look for a more specific demo that involves dependencies. Let me scroll down to see if there are more examples with dependency functionality.
[step 6] Action: scroll down (640, 400) scroll_amount 5
[step 6] Reasoning: I can see the "Basic Usage" demo. The code uses `useDebouncedCallback` with a callback that doesn't use external dependencies. Let me continue scrolling to see if there are more examples, particularly one with dependencies.
[step 7] Action: scroll down (640, 400) scroll_amount 5
[step 8] Action: scroll down (640, 400) scroll_amount 5
[step 8] Reasoning: I can see a "Dependencies" section is starting at the bottom. Let me scroll down to see it.
[step 9] Action: scroll down (640, 400) scroll_amount 5
[step 9] Reasoning: Excellent! I can see there's a "Dependencies" section which says "Since `useDebouncedCallback` uses `useCallback` under the hood, you can possibly define the callback dependencies." There's also a new demo titled "useDebounceCallback" with the message "Resize the browser window and see the update taking effect after the designated delay". Let me scroll down to see this Dependencies demo more clearly.
[step 10] Action: scroll down (640, 400) scroll_amount 5
[step 10] Reasoning: Now I can see the "Dependencies" section with a live demo. It shows:
- "useDebounceCallback" label
- Info message: "Resize the browser window and see the update taking effect after the designated delay"
- window width: 1536
- window height: 702
- VIEW CODE section

This demo also shows just window resize functionality. The description says "Since useDebouncedCallback uses useCallback under the hood, you can possibly define the callback dependencies."

Let me scroll down to see the code for this Dependencies demo to understand how it uses dependencies.
[step 11] Action: scroll down (640, 400) scroll_amount 5
[step 11] Reasoning: Now I can see the code for the Dependencies demo. The key line is:
```javascript
const onWindowResizeHandler = useDebouncedCallback(() => {
    setWidth(window.innerWidth);
    setHeight(window.innerHeight);
}, [setWidth, setHeight]);
```

This shows `useDebouncedCallback` with `[setWidth, setHeight]` as the dependency array. The demo displays window width and height values updated when the browser window is resized.

Now let me analyze this demo carefully:

**The Dependencies Demo:**
- The demo shows `useDebouncedCallback` being used with a dependency array `[setWidth, setHeight]`
- The live demo displays window width and height
- The instruction says "Resize the browser window and see the update taking effect after the designated delay"

The task asks me to:
1. Use `useDebouncedCallback` hook with a dependency (some state value)
2. After component renders, change the dependency value
3. Trigger the debounced callback
4. Observe if the callback uses the latest dependency value

The live demo here shows the window resize interaction. Let me see if there's an interactive element that allows me to change a dependency value, not just resize the window. Let me scroll down more to see if there's anything interactive.
[step 12] Action: scroll down (640, 400) scroll_amount 5
[step 12] Reasoning: Now I can see the complete code for the Dependencies demo:

```javascript
const DebouncedFnComponent = (props) => {
    const [width, setWidth] = useState(window.innerWidth);
    const [height, setHeight] = useState(window.innerHeight);
    const onWindowResize = useWindowResize();
    // there's no need to use `useCallback` since the returned function
    // is already memoized
    const onWindowResizeHandler = useDebouncedCallback(() => {
        setWidth(window.innerWidth);
        setHeight(window.innerHeight);
    }, [setWidth, setHeight]);
    
    onWindowResize(onWindowResizeHandler);
    ...
}
```

The code shows `useDebouncedCallback` with `[setWidth, setHeight]` as dependency array. The live demo shows the window dimensions. The dependencies here are `setWidth` and `setHeight` (React setState functions which are stable references). 

The task asks me to:
1. Observe how the demo uses a state value as a dependency
2. Change the dependency value
3. Trigger the debounced callback
4. See if the callback uses the latest dependency value

In this demo, the dependencies are `setWidth` and `setHeight` - these are stable React state setters, not values that change. The live interaction is through **resizing the browser window**, which would trigger `onWindowResizeHandler`.

Let me scroll down more to see if there are more examples or if there's a more interactive demo.
[step 13] Action: scroll down (640, 400) scroll_amount 5
[step 13] Reasoning: Now I can see the complete Dependencies example code. The component is used as `<DebouncedFnComponent foo="bar" />` - using a `props` parameter. The dependency array is `[setWidth, setHeight]`.

There's also a new section "Debounce time" starting. The Dependencies demo has the same window resize interaction.

Now let me think about the task requirements and what the page provides:

**Task Requirements:**
1. Use `useDebouncedCallback` with a dependency (some state value)
2. After component renders, change that dependency value
3. Trigger the debounced callback
4. Observe if the callback uses the latest dependency value

**What the page provides:**
- The "Dependencies" section demo shows `useDebouncedCallback` with `[setWidth, setHeight]` as dependencies
- The live demo for Dependencies shows the same window resize interaction
- There's no interactive UI element to explicitly change a state dependency value and then trigger the callback to observe behavior
- Both demos use window resize as the trigger, and the dependencies are stable React state setters (not changing state values)

The demos in the page don't have UI controls (like buttons or input fields) where you can:
1. Explicitly change a state value (dependency)
2. Then click to trigger the debounced callback
3. See if the callback captured the latest value

The page doesn't have an interactive demo that allows testing the specific scenario described in the task - **changing a dependency value and then observing if the debounced callback uses the latest value**.

Let me scroll down to see if there are more sections with more interactive demos.
[step 14] Action: scroll down (640, 400) scroll_amount 5
[step 15] Action: scroll down (640, 400) scroll_amount 5
[step 16] Action: scroll down (640, 400) scroll_amount 10
[step 16] Reasoning: I see the "Debounce time" demo with `useDebouncedCallback(() => {...}, [setWidth, setHeight], 500)` - using 500ms debounce time. All these demos use only window resize to trigger the callback.

Let me continue scrolling to see if there are any other sections.
[step 17] Action: scroll down (640, 400) scroll_amount 10
[step 18] Action: scroll down (640, 400) scroll_amount 10
[step 19] Action: scroll down (640, 400) scroll_amount 10
[step 20] Action: DONE
[step 20] Reasoning: I've now reviewed the entire `useDebouncedCallback` page. Let me assess what I've found:

**Summary of what the page contains:**

1. **Basic Usage** demo - window resize with `useDebouncedCallback(() => {...}, [setWidth, setHeight])`
2. **Dependencies** demo - same as basic, with `[setWidth, setHeight]` as dependency array
3. **Debounce time** demo - same with 500ms delay added
4. **Options** demo - same with `leading`/`trailing` options

**Critical Observations:**

All demos in the `useDebouncedCallback` documentation page:
- Only show window resize as the trigger mechanism
- Use `setWidth` and `setHeight` (stable React setState functions) as dependencies - these never change across renders
- Have **no interactive UI controls** (buttons, input fields, sliders) that would allow:
  - Explicitly changing a state value that serves as a dependency
  - Triggering the debounced callback manually
  - Observing whether the callback captured the latest dependency value vs. a stale value

The demos don't provide an interactive way to:
1. Set/change a state dependency value
2. Trigger the debounced callback
3. Observe if the callback uses the latest dependency value

The task asks to "使用 useDebouncedCallback hook，传入一个依赖项（如某个 state 值），在组件渲染后更改该依赖项的值，然后触发防抖回调，观察回调函数是否使用了最新的依赖项值" - this requires an interactive demo where you can change state values and trigger callbacks, which doesn't exist on this page.

**Result: unclear** - There is no interactive demo on the page that allows testing the specific scenario of changing a dependency value and observing whether the debounced callback captures the latest value.

---

**观察总结：**

经过对 `http://localhost:6060/#/useDebouncedCallback` 页面的完整审查，得出以下结论：

**页面结构：**
- `useDebouncedCallback` 页面包含 4 个示例：Basic Usage、Dependencies、Debounce time、Options
- 所有示例均使用**窗口 resize 事件**作为触发防抖回调的方式
- 依赖项均为 `[setWidth, setHeight]`（React 的 setState 函数，这些是稳定引用，不会随渲染改变）

**关键缺失：**
页面上**不存在**可交互的演示，能够：
1. 让用户显式地改变某个 state 值（作为依赖项传入）
2. 手动触发防抖回调
3. 观察回调是否能感知到最新的依赖项值

所有演示都依赖浏览器窗口大小调整，且没有可以输入或点击来改变 state 依赖的 UI 控件。

**result: unclear**  
**result_summary:** 页面中未找到可满足任务要求的可交互演示入口。`useDebouncedCallback` 文档中的所有示例（Basic Usage、Dependencies、Debounce time、Options）均仅演示窗口 resize 触发防抖，依赖项为稳定的 React setState 函数，页面上没有任何按钮、输入框或其他 UI 控件供用户显式更改某个 state 依赖值然后触发防抖回调，无法完成"更改依赖项值 → 触发防抖回调 → 观察回调是否使用最新依赖值"的完整测试流程。
Evaluating task result...

==================================================
Task: 当前Chrome浏览器已打开Beautiful React Hooks文档网站，地址是http://localhost:6060/。使用 useDebouncedCallback hook，传入一个依赖项（如某个 state 值），在组件渲染后更改该依赖项的值，然后触发防抖回调，观察回调函数是否使用了最新的依赖项值。请始终在浏览器内操作，禁止打开 Terminal、Finder 或其他应用程序。如果在浏览器中找不到 useDebouncedCallback 的可交互演示，直接标记 result 为 unclear，result_summary 写明未在页面中找到目标功能入口。
Status: COMPLETED
Total steps: 20
Last action: DONE
Last reasoning: I've now reviewed the entire `useDebouncedCallback` page. Let me assess what I've found:

**Summary of what the page contains:**

1. **Basic Usage** demo - window resize with `useDebouncedCallback(() => {...}, [setWidth, setHeight])`
2. **Dependencies** demo - same as basic, with `[setWidth, setHeight]` as dependency array
3. **Debounce time** demo - same with 500ms delay added
4. **Options** demo - same with `leading`/`trailing` options

**Critical Observations:**

All demos in the `useDebouncedCallback` documentation page:
- Only show window resize as the trigger mechanism
- Use `setWidth` and `setHeight` (stable React setState functions) as dependencies - these never change across renders
- Have **no interactive UI controls** (buttons, input fields, sliders) that would allow:
  - Explicitly changing a state value that serves as a dependency
  - Triggering the debounced callback manually
  - Observing whether the callback captured the latest dependency value vs. a stale value

The demos don't provide an interactive way to:
1. Set/change a state dependency value
2. Trigger the debounced callback
3. Observe if the callback uses the latest dependency value

The task asks to "使用 useDebouncedCallback hook，传入一个依赖项（如某个 state 值），在组件渲染后更改该依赖项的值，然后触发防抖回调，观察回调函数是否使用了最新的依赖项值" - this requires an interactive demo where you can change state values and trigger callbacks, which doesn't exist on this page.

**Result: unclear** - There is no interactive demo on the page that allows testing the specific scenario of changing a dependency value and observing whether the debounced callback captures the latest value.

---

**观察总结：**

经过对 `http://localhost:6060/#/useDebouncedCallback` 页面的完整审查，得出以下结论：

**页面结构：**
- `useDebouncedCallback` 页面包含 4 个示例：Basic Usage、Dependencies、Debounce time、Options
- 所有示例均使用**窗口 resize 事件**作为触发防抖回调的方式
- 依赖项均为 `[setWidth, setHeight]`（React 的 setState 函数，这些是稳定引用，不会随渲染改变）

**关键缺失：**
页面上**不存在**可交互的演示，能够：
1. 让用户显式地改变某个 state 值（作为依赖项传入）
2. 手动触发防抖回调
3. 观察回调是否能感知到最新的依赖项值

所有演示都依赖浏览器窗口大小调整，且没有可以输入或点击来改变 state 依赖的 UI 控件。

**result: unclear**  
**result_summary:** 页面中未找到可满足任务要求的可交互演示入口。`useDebouncedCallback` 文档中的所有示例（Basic Usage、Dependencies、Debounce time、Options）均仅演示窗口 resize 触发防抖，依赖项为稳定的 React setState 函数，页面上没有任何按钮、输入框或其他 UI 控件供用户显式更改某个 state 依赖值然后触发防抖回调，无法完成"更改依赖项值 → 触发防抖回调 → 观察回调是否使用最新依赖值"的完整测试流程。

==================================================

UI window closed
