Session created: sess-20260416120514-3440b3ea0b1449079911a26d56c24a39
UI panel initialized successfully
UI window displayed
Expected result: 应用启动后，页面上应正常渲染并显示完整的 Bongo Cat 猫咪模型，无资源加载错误提示，所有内置模型资源均能正确加载和显示。
[step 0] Action: Initializing
[step 0] Reasoning: Initializing session connection
[step 0] Action: screenshot
[step 1] Action: left_click (521, 54)
[step 1] Reasoning: I can see the Chrome browser with localhost:1420 open. The page appears mostly blank/white. Let me click on the localhost:1420 tab to make sure it's active and wait for it to fully load.
[step 2] Action: left_click (921, 151)
[step 2] Reasoning: I see that clicking on that tab opened DevTools and the URL changed to localhost:3000. It seems the DevTools was opened. Let me close the DevTools and navigate to the correct URL (localhost:1420).
[step 3] Action: Open url: http://localhost:1420
[step 3] Reasoning: DevTools is closed. I can see the current URL is localhost:3000. I need to navigate to localhost:1420. Let me click on the address bar and type the correct URL.
[step 4] Action: key: Escape
[step 4] Reasoning: I can see the localhost:1420 tab is now open and I'm on that page. The page appears mostly white/blank. I can see there's a popup dialog that appeared (Safari browser privacy notification). Let me wait for the page to fully load and take a screenshot to see the complete state.
[step 5] Action: wait
[step 5] Reasoning: The page is showing localhost:1420 but the content area appears very blank/white. I can see there's still a banner at the bottom about Safari browser privacy. The page seems to have loaded but I need to see the full page. Let me wait a moment and then take a screenshot to see the BongoCat content.
[step 6] Action: left_click (400, 400)
[step 6] Reasoning: The page at localhost:1420 is still showing mostly blank content. The page content area is very white/empty. There seems to be some dark content on the left side but it's not clearly visible. The browser window seems to be cut off on the left. Let me click on the browser window area to see the full content, or try maximizing it.
[step 7] Action: key: ctrl+shift+j
[step 7] Reasoning: The page still appears mostly blank. I notice the browser window appears to be only showing part of the content (the left side is cut off by the desktop/other windows). The Chrome window seems to not be maximized properly. Let me try to maximize the Chrome window to see the full content.
[step 8] Action: left_click (971, 691)
[step 8] Reasoning: I see the browser window appears to be partially hidden by other elements on the screen. The Chrome browser window shows localhost:1420 but the visible content area is mostly white. There appears to be a Calculator app and other windows overlapping on the left side. Let me try to bring the Chrome window to the front and maximize it by clicking on the Chrome icon in the dock.
[step 9] Action: key: ctrl+cmd+f
[step 9] Reasoning: I can see "Google Chrome" tooltip in the dock. The Chrome window still appears to be showing a mostly blank page. The window is partially hidden on the left side. I notice there might be a dark colored content on the left side (cut off) and the right side shows some kind of rounded rectangle overlay.

Let me try to maximize/zoom the Chrome window using keyboard shortcut or by clicking the green zoom button.
[step 10] Action: key: Escape
[step 10] Reasoning: Now I can see the full Chrome window in full screen mode showing localhost:1420. The page is entirely blank/white - there is no BongoCat model visible at all. The page appears to have loaded (the URL shows localhost:1420) but the content area is completely empty. 

There's a notification at the top saying "若要退出全屏模式，请按住 esc" (To exit full screen mode, press and hold esc). Let me wait a moment for any content to potentially load and then take another screenshot.
[step 11] Action: key: F5
[step 11] Reasoning: Now I can clearly see the full Chrome browser window at localhost:1420. The page is completely blank/white - there is absolutely no content visible. The BongoCat model is not rendering at all. 

I can also see multiple tabs including two "BongoCat" tabs. Let me check if there's any content by scrolling or looking at the page source. But first, let me try to refresh the page to see if it helps load the content.
[step 12] Action: key: F12
[step 12] Reasoning: The page at localhost:1420 is still completely blank/white after refreshing. The BongoCat model is not rendering. Let me check the browser console to understand what's happening. I'll open the developer tools to inspect the console for errors.
[step 13] Action: left_click (1025, 111)
[step 13] Reasoning: DevTools has opened and it's showing the Application panel. I need to navigate to the Console tab to check for errors. Let me click on the Console tab.
[step 14] Action: left_click (920, 258)
[step 14] Reasoning: Excellent! Now I can see the Console tab with important information. I can see:

1. **Live2D 2.1.00_1** - The Live2D library is loading
2. **profile : Desktop** - Desktop profile is being used
3. Several configuration logs:
   - `[PROFILE_NAME] = Desktop`
   - `[USE_ADJUST_TRANSLATION] = false`
   - `[USE_CACHED_POLYGON_IMAGE] = false`
   - `[EXPAND_W] = 2`
4. **A critical error**: `Uncaught TypeError: Cannot read properties of undefined (reading 'metadata')` at `useWindowState.ts:13:19`

This is a significant error! The BongoCat application is encountering a JavaScript error that prevents it from properly rendering the cat model. The error occurs in `useWindowState.ts` when trying to read 'metadata' from undefined.

Let me click on the error to see more details.
[step 15] Action: left_click (921, 284)
[step 15] Reasoning: I can clearly see the console errors. Let me expand the error message to get more details. I'll click on the arrow/expand button next to the error.
[step 16] Action: left_click (1116, 111)
[step 16] Reasoning: I can now clearly see the full console output. Let me also check the Elements tab to understand the page structure - to see if there's any HTML content for the cat model that's just not displaying properly.

Let me also look at the Network tab to check if any resources failed to load.
[step 17] Action: left_click (1094, 612)
[step 17] Reasoning: The Network tab is showing "Currently recording network activity" and asking to reload the page. Let me reload the page to capture the network requests.
[step 18] Action: scroll up (1094, 450) scroll_amount 5
[step 18] Reasoning: Now I can see the network requests. I can see many requests loading. I notice there are several requests with **status 304** (Not Modified) and some with **status 200** (OK). I don't see any obvious 404 or 500 errors in this list. Let me scroll down to check for any failed requests.

Let me also check the bottom status bar - it shows "104 requests, 8.8 kB transferred, 9.2 MB resources, Finish: 119 ms". Let me look for any failed requests by filtering for errors.

Let me scroll up in the network panel to see if there are any failed requests at the top.
[step 19] Action: scroll up (1094, 400) scroll_amount 10
[step 19] Reasoning: I can see the network requests. Let me scroll to the top to see the initial document request.
[step 20] Action: scroll up (1094, 400) scroll_amount 10
[step 20] Reasoning: I can see the network panel with many requests. I notice the `useWindowState.ts` is listed at the top. Let me scroll up further to see the very first requests (especially the document request for localhost:1420).
[step 21] Action: scroll up (1094, 400) scroll_amount 10
[step 21] Reasoning: I can see more network requests. Let me scroll up a bit more to see the very first request (the document request for localhost:1420).
[step 22] Action: left_click (1025, 111)
[step 22] Reasoning: Now I can see the very first network request. The `localhost` document request returned **status 304** (not 200 or 404), and all subsequent script requests also have 304 or 200 status codes. There don't appear to be any 404 or 500 errors visible. 

All resources are loading successfully. The issue seems to be a JavaScript error in `useWindowState.ts` that's preventing the BongoCat model from rendering. Let me now go back to the Console to examine the error more carefully.

Let me switch to the Console tab to see the full error.
[step 23] Action: left_click (976, 111)
[step 23] Reasoning: Now I can see the full error details in the Console. The error is highlighted in red:

**`Uncaught TypeError: Cannot read properties of undefined (reading 'metadata')`**
- Location: `chunk-HCVRJOEU.js?v=f63aaf...` 
- Source: `useWindowState.ts:13:19`

This error is causing the BongoCat application to fail to render the cat model. The `useWindowState` function is trying to read a `metadata` property from an undefined object.

Let me also check the Elements tab to see what's actually rendered in the DOM.
[step 24] Action: key: F12
[step 24] Reasoning: Now I can see the Elements tab clearly. The DOM structure shows:
- `<html lang="zh">`
- `<head>` ... `</head>`
- `<body>` 
  - `<div id="app"></div>` ← **This is empty!**
  - `<script type="module" src="/src/main.ts"></script>`
- `</body>`

The `<div id="app"></div>` is completely empty. This means the Vue.js application failed to mount its content. This is because of the JavaScript error (`Uncaught TypeError: Cannot read properties of undefined (reading 'metadata')`) which prevented the application from properly initializing.

The cat model (BongoCat) should be rendered inside the `#app` div, but it's empty. This confirms the bug - the BongoCat application has a JavaScript runtime error that prevents the cat model from rendering.

Let me close the DevTools and take a final screenshot of the page to confirm the blank state.
[step 25] Action: DONE
[step 25] Reasoning: The final screenshot confirms the issue. The BongoCat application at localhost:1420 shows a completely blank/white page with no cat model rendered.

## 测试结果总结

**测试结果: FAIL（失败）**

### 发现的问题

**BongoCat 猫咪模型渲染失败 - 页面完全空白**

**详细观察：**

1. **视觉问题**: 打开 `http://localhost:1420` 后，页面呈现完全空白/白色，没有任何猫咪（BongoCat）图形或模型显示。

2. **根本原因 - JavaScript 运行时错误**:
   - 控制台显示严重错误：`Uncaught TypeError: Cannot read properties of undefined (reading 'metadata')`
   - 错误发生位置：`useWindowState.ts:13:19`
   - 错误文件：`chunk-HCVRJOEU.js`

3. **DOM 结构问题**:
   - 检查 Elements 面板发现：`<div id="app"></div>` 完全为空
   - Vue.js 应用程序未能成功挂载，导致任何组件内容都没有被渲染到页面上

4. **Live2D 初始化情况**:
   - 控制台显示 Live2D 2.1.00_1 已加载
   - 配置项 `[PROFILE_NAME] = Desktop`、`[USE_ADJUST_TRANSLATION] = false` 等已打印
   - 但由于 `useWindowState` 中的错误，渲染流程在初始化阶段即中断

5. **网络资源状态**:
   - 所有网络资源（脚本、样式等）均正常加载（状态码 200/304）
   - 无 404 或资源加载失败错误

**结论**: BongoCat 猫咪模型完全无法渲染，身体、爪子等所有部件均未显示，页面出现空白区域。这是由于 `useWindowState.ts` 中读取 `undefined` 对象的 `metadata` 属性而引发的未捕获 TypeError，导致应用程序崩溃，无法完成正常的猫咪模型渲染功能。
Evaluating task result...

==================================================
Task: 当前Chrome浏览器已打开bongo-cat网站，地址是http://localhost:1420。测试 BongoCat 应用启动后猫咪模型的正常渲染功能。操作步骤：1. 打开应用首页，等待页面完全加载。2. 观察页面上是否正常显示了猫咪（Bongo Cat）的绘制图形/模型。3. 确认猫咪模型的各个部件（身体、爪子等）是否完整渲染，没有出现资源加载错误或空白区域。始终在浏览器内操作，禁止打开 Terminal 或其他应用程序。如果在浏览器中找不到目标功能，直接报告 unclear。 请始终在浏览器内操作，禁止打开 Terminal、Finder 或其他应用程序。如果在浏览器中找不到目标功能，直接标记 result 为 unclear，result_summary 写明'未在页面中找到目标功能入口'。
Status: COMPLETED
Total steps: 25
Last action: DONE
Last reasoning: The final screenshot confirms the issue. The BongoCat application at localhost:1420 shows a completely blank/white page with no cat model rendered.

## 测试结果总结

**测试结果: FAIL（失败）**

### 发现的问题

**BongoCat 猫咪模型渲染失败 - 页面完全空白**

**详细观察：**

1. **视觉问题**: 打开 `http://localhost:1420` 后，页面呈现完全空白/白色，没有任何猫咪（BongoCat）图形或模型显示。

2. **根本原因 - JavaScript 运行时错误**:
   - 控制台显示严重错误：`Uncaught TypeError: Cannot read properties of undefined (reading 'metadata')`
   - 错误发生位置：`useWindowState.ts:13:19`
   - 错误文件：`chunk-HCVRJOEU.js`

3. **DOM 结构问题**:
   - 检查 Elements 面板发现：`<div id="app"></div>` 完全为空
   - Vue.js 应用程序未能成功挂载，导致任何组件内容都没有被渲染到页面上

4. **Live2D 初始化情况**:
   - 控制台显示 Live2D 2.1.00_1 已加载
   - 配置项 `[PROFILE_NAME] = Desktop`、`[USE_ADJUST_TRANSLATION] = false` 等已打印
   - 但由于 `useWindowState` 中的错误，渲染流程在初始化阶段即中断

5. **网络资源状态**:
   - 所有网络资源（脚本、样式等）均正常加载（状态码 200/304）
   - 无 404 或资源加载失败错误

**结论**: BongoCat 猫咪模型完全无法渲染，身体、爪子等所有部件均未显示，页面出现空白区域。这是由于 `useWindowState.ts` 中读取 `undefined` 对象的 `metadata` 属性而引发的未捕获 TypeError，导致应用程序崩溃，无法完成正常的猫咪模型渲染功能。

==================================================

UI window closed
