Session created: sess-20260419010857-64644c5884cb4deba00fd4128d8a7fb0
UI panel initialized successfully
UI window displayed
Expected result: 左侧菜单仅在鼠标左键点击时选中高亮，右键点击不会触发菜单项选中；滚动左侧菜单区域时只显示一个滚动条，不会出现双滚动条。
[step 0] Action: Initializing
[step 0] Reasoning: Initializing session connection
[step 0] Action: screenshot
[step 1] Action: key: F12
[step 1] Reasoning: I can see the BongoCat preference page is open but the page content area appears empty (white/blank). The DevTools console is open and showing some errors. Let me close the DevTools and check the actual page content.
[step 2] Action: key: F5
[step 2] Reasoning: The page is still showing blank content. The page at localhost:1420/preference seems to not be loading properly. Let me try refreshing the page.
[step 3] Action: wait
[step 3] Reasoning: The page is still blank. Let me wait a moment and then try navigating directly to the URL.
[step 4] Action: Open url: http://localhost:1420/preference

==================================================
Task: 当前Chrome浏览器已打开BongoCat应用的偏好设置页面，地址是http://localhost:1420/preference。测试左侧菜单的交互行为。步骤：1. 在左侧菜单栏中，使用鼠标左键点击不同的菜单项，确认菜单项能正确选中并高亮显示。2. 使用鼠标右键点击某个未选中的菜单项，观察该菜单项是否会被选中（正确行为是右键不应触发选中）。3. 如果左侧菜单项较多，上下滚动左侧菜单区域，观察滚动条显示情况是否正常（应只有一个滚动条）。始终在浏览器内操作，禁止打开Terminal或其他应用程序。如果找不到目标功能直接报告unclear。
Status: STOPPED_BY_USER
Total steps: 4
Last action: Open url: http://localhost:1420/preference
==================================================

UI window closed
