Session created: sess-20260418232528-a3ccc762a7ba422c8e25ead4b8329d62
UI panel initialized successfully
UI window displayed
Expected result: 在 resourceTimeline 视图中，无论资源行包含多少行内容，左侧资源行与右侧事件行的高度应始终保持一致对齐，事件不应出现垂直方向的错位或多余的像素高度差异。
[step 0] Action: Initializing
[step 0] Reasoning: Initializing session connection
[step 0] Action: screenshot
[step 1] Action: screenshot
[step 1] Reasoning: I can see the EventCalendar demo page is open. Currently it's showing a week view. I need to find the view switcher controls to switch to a resourceTimeline view. I can see "month" and "week" buttons in the top right area. Let me scroll right to see if there are more view options.
[step 2] Action: Minimize panel
[step 2] Reasoning: I can see the view buttons "month" and "week" in the top right area, but the view control buttons might be cut off. Let me scroll to the right in the view button area or check what's available. The task panel is blocking part of the view. Let me minimize the panel and then look at all available view buttons.
[step 3] Action: left_click (1219, 135)
[step 3] Reasoning: Now I can see all the view buttons: **month**, **week**, **day**, **list**, **resources**, and **timeline**. I need to find the "resourceTimeline" view. I can see there are "resources" and "timeline" buttons. Let me click on "timeline" first to see if it switches to a resourceTimeline view.
[step 4] Action: scroll up (640, 400) scroll_amount 3
[step 4] Reasoning: I've switched to the **timeline** view which appears to be a resourceTimeline view. I can see:
- **Left side**: Resource list with Resource A through Resource O (including hierarchical resources like Resource I with sub-resources J, K, and Resource L with sub-resources M, N, O)
- **Right side**: Timeline with date/time headers showing events

Now let me analyze the alignment of resource rows and event rows:

1. **Resource A** row: Has a red event "10:00 The calendar can display backg..." on 4/12, and a blue "All-day events can be displayed at the top" event on 4/13
2. **Resource B** row: Has a gray event on 4/13 and "16:00 An event may span to another day" on the right
3. Other resources (C through H) appear to have no events

Let me zoom in to examine the row heights more carefully. First let me take a closer look at Resource A and B rows to check height alignment.
[step 5] Action: left_click (1161, 135)
[step 5] Reasoning: Now I need to examine the height alignment between the resource rows and the event rows more carefully. Let me use the browser's developer tools to inspect the actual pixel heights. But first, let me do a visual inspection by zooming in. Let me use keyboard shortcut to zoom in on the browser.

Let me first check the "resources" view to see if that's a different resourceTimeline view:
[step 6] Action: left_click (1219, 135)
[step 6] Reasoning: The "resources" view shows a different layout - it's more like a grid with Resource A and Resource B as columns. This is different from resourceTimeline. Let me go back to the "timeline" view which is the resourceTimeline view I need to analyze.
[step 7] Action: key: F12
[step 7] Reasoning: Good, I'm back in the timeline (resourceTimeline) view. Now I need to carefully analyze the row height alignment. Let me use the browser's developer tools to measure pixel heights precisely. I'll open DevTools with F12 or Cmd+Option+I.
[step 8] Action: key: F12
[step 8] Reasoning: The DevTools opened but the page is now in a responsive/mobile view. I need to switch to the full view first. Let me click on Elements tab and use the inspector to check the heights. First let me close the responsive mode and maximize the screen.
[step 9] Action: key: cmd+alt+i
[step 9] Reasoning: Now I can see the timeline view more clearly with more space. I notice some important visual observations:

1. **Resource A row**: Has a red event "10:00 The calendar can display backg..." - The resource row appears taller than Resource C-H rows
2. **Resource B row**: Has gray background event and "16:00 An event may span to another day" - This row also appears taller than Resources C-H
3. **Resource C through H**: These rows appear to have normal height

Wait, looking more carefully:
- Resource A's row spans from y~192 to y~242 (approximately 50px)
- Resource B's row spans from y~242 to y~292 (approximately 50px)  
- These appear to have the same height roughly

But I notice the resource rows have some extra space below them (there's visible empty space below the row label area). Let me use the browser inspector element tool to check pixel heights. Let me open DevTools with Cmd+Option+I but keep it as a separate panel.
[step 10] Action: left_click (844, 87)
[step 10] Reasoning: DevTools opened in a responsive mode again. The page view is shrinking to a small size. Let me close DevTools and try a different approach - I'll use the Console tab via the keyboard shortcut to run JavaScript to check the element heights.
[step 11] Action: left_click (1268, 401)
[step 11] Reasoning: The responsive mode toggle didn't exit responsive mode. I see the "x" close button on the responsive mode bar. Let me click the X to close responsive mode and return to desktop view.
[step 12] Action: key: cmd+alt+j
[step 12] Reasoning: Now I can see the timeline view in full desktop mode. I can now observe the layout much more clearly. Let me carefully analyze the visual alignment:

**Key Observations:**

1. **Resource A row**: 
   - Left: "Resource A" label - the row appears to span from y≈192 to y≈242 (approximately 50px)
   - Right: Red event "10:00 The calendar can display backg..." sits in the row, but I can see there's extra empty space below the event within the Resource A row (the row seems taller than the event)
   
2. **Resource B row**:
   - Left: "Resource B" label - appears taller than Resources C-H
   - Right: Gray background event and blue "16:00 An event may span to another day"
   - The Resource B row appears significantly taller (spanning from y≈242 to y≈316)

3. **Resources C-H**: All have similar single-line height rows (approximately 23-24px each)

Wait - I need to look more carefully. Resource A and B rows appear TALLER than C-H rows. This could be intentional if they have events, or it could be a misalignment bug.

Let me use the browser console to check exact heights. Let me open DevTools using Cmd+Opt+J to go straight to the Console:
[step 13] Action: left_click (1268, 401)
[step 13] Reasoning: The DevTools opened but is again in responsive mode. I need to exit the responsive mode. Let me click the X button to close the responsive device view bar at the top:
[step 14] Action: right_click (80, 205)
[step 14] Reasoning: Good, DevTools is closed now and I'm back to the full view. Now let me open DevTools using a different approach - right-clicking on the page to inspect an element. But let me first try using the keyboard shortcut for the Elements panel directly without opening responsive mode. Let me try Cmd+Shift+C (which opens the inspector element picker):

Actually, let me use the JavaScript console from the Chrome browser address bar. I'll type a JavaScript snippet directly in the address bar to measure heights:

Actually, the best approach is to open DevTools normally but dock it to the bottom without triggering responsive mode. Let me try right-clicking on the page to open "Inspect":
[step 15] Action: left_click (100, 337)
[step 15] Reasoning: I see the context menu with "检查" (Inspect) option. Let me click on it:
[step 16] Action: left_click (114, 401)
[step 16] Reasoning: Excellent! DevTools opened with the Elements panel showing. I can see the HTML structure. The DevTools shows that it's inspecting the `<span>Resource A</span>` element (it's highlighted as `== $0`). The element shown is `span` with dimensions `64.33 × 56`. 

Now I can also see the HTML structure:
- There's a `div[role="rowheader"]` with class `ec-resource` and `style="flex-basis: 56px"`
- There's a `div.ec-sidebar` with `style="flex-basis: 49px"`

The Resource A row has `flex-basis: 56px`. Now let me use the Console to measure all the row heights. Let me click on the Console tab:
[step 17] Action: left_click (640, 450)
[step 17] Reasoning: I'm now on the Console tab. Let me click in the console input area and write JavaScript to measure the heights of resource rows and event areas:
[step 18] Action: left_click (640, 437)
[step 18] Reasoning: I can see the cursor is at the console input. The page is in responsive mode showing the calendar in a smaller view. Let me type JavaScript to query the resource rows and their heights. I'll click on the console input area which is at the bottom:
[step 19] Action: left_click (640, 437)
[step 19] Reasoning: The console is showing but the cursor isn't in the input field. Let me try clicking directly in the console input area at the very bottom of the screen. I can see there's a `>` prompt at the bottom left area:
[step 20] Action: type: const resources =...
[step 20] Reasoning: I can see the cursor is now in the console input (> | cursor visible at bottom left). The console is ready for input. Now let me type my JavaScript to analyze the resource row heights and the event row heights. The page is in responsive mode (384x375) which is smaller. I need to measure the heights in this context. Let me type a comprehensive query:
[step 21] Action: key: Return
[step 21] Reasoning: I can see my JavaScript command in the console. Now let me press Enter to execute it:
[step 22] Action: scroll up (640, 520) scroll_amount 3
[step 22] Reasoning: I can see the table output but I need to scroll up in the console to see all rows. I can see:
- Row 2: Resource C - height: **35**, flexBasis: '34px'
- Row 3: Resource D - height: **35**, flexBasis: '34px'
- Row 4: Resource E - height: **35**, flexBasis: '34px'
- Row 5: Resource F - height: **35**, flexBasis: '34px'
- Row 6: Resource G - height: **35**, flexBasis: '34px'
- Row 7: Resource H - height: **35**, flexBasis: '34px'
- Row 8: Resource I - height: **35**, flexBasis: '34px'
- Row 9: Resource J - height: **35**, flexBasis: '34px'
- Row 10: Resource K - height: **35**, flexBasis: '34px'
- Row 11: Resource L - height: **35**, flexBasis: '34px'
- Row 12: Resource M - height: **35**, flexBasis: '34px'
- Row 13: Resource N - height: **35**, flexBasis: '34px'
- Row 14: Resource O - height: **512**, flexBasis: '34px' ← This is anomalous! Resource O has height 512!

Wait, row 14 shows Resource O with height **512** which is very different from other resources (35). Let me scroll up to see the first rows (Resource A and B):
[step 23] Action: left_click (640, 643)
[step 23] Reasoning: Now I can see the full table. Let me analyze the data:

**Resource Row Heights (from `getBoundingClientRect().height`):**
- Index 0: Resource A - height: **57**, flexBasis: '56px'
- Index 1: Resource B - height: **57**, flexBasis: '56px'
- Index 2: Resource C - height: **35**, flexBasis: '34px'
- Index 3: Resource D - height: **35**, flexBasis: '34px'
- Index 4: Resource E - height: **35**, flexBasis: '34px'
- Index 5: Resource F - height: **35**, flexBasis: '34px'
- Index 6: Resource G - height: **35**, flexBasis: '34px'
- Index 7: Resource H - height: **35**, flexBasis: '34px'
- Index 8: Resource I (collapsed) - height: **35**, flexBasis: '34px'
- Index 9: Resource J - height: **35**, flexBasis: '34px'
- Index 10: Resource K - height: **35**, flexBasis: '34px'
- Index 11: Resource L (collapsed) - height: **35**, flexBasis: '34px'
- Index 12: Resource M - height: **35**, flexBasis: '34px'
- Index 13: Resource N - height: **35**, flexBasis: '34px'
- Index 14: Resource O - height: **512** (partially visible), flexBasis: '34px' ← **ANOMALY**

Key findings:
1. **Resource A and B have flexBasis: 56px but actual height 57px** - small 1px discrepancy
2. **Resource O has flexBasis: 34px but actual height 512px** - this is a massive discrepancy!

Wait, the 512 for Resource O is suspicious. This might be because Resource O is the last row and it's expanding to fill remaining container space.

Now I need to check the corresponding event row heights on the right side. Let me run more queries. Let me check the event rows (the timeline content rows):
[step 24] Action: left_click (640, 660)
[step 24] Reasoning: Good. Now let me run a more detailed query to check the timeline content rows (the right side rows). I need to query the grid rows for the event/timeline area to compare with the resource sidebar rows. Let me look at the event row containers:
[step 25] Action: scroll down (640, 550) scroll_amount 5
[step 25] Reasoning: I need to click on the console input area to type. Let me scroll down to find the input area:
[step 26] Action: left_click (640, 643)
[step 26] Reasoning: I can confirm what I saw before. Row 14 (Resource O) has height **512** with flexBasis '34px'. This is a huge anomaly.

Now let me check the right-side timeline event rows. Let me click on the ">" prompt at the bottom to get to the console input:
[step 27] Action: left_click (640, 643)
[step 28] Action: left_click (15, 643)
[step 28] Reasoning: The console input doesn't seem to be focused. Let me try clicking on the ">" character at the very bottom left:
[step 29] Action: left_click (640, 643)
[step 29] Reasoning: The console area seems to be there but the cursor position is not clearly visible. Let me try clicking directly on the console input at the bottom of the DevTools panel. Looking at the screenshot, I can see there's a ">" and the cursor should be after it. Let me try pressing a key to activate the console focus:
[step 30] Action: type: const rows = docu...
[step 30] Reasoning: The console input seems to be off-screen or not visible. Looking at the bottom of the console area, I see the ">" symbol at position approximately (15, 643). The cursor should be at the end of the line after the ">". Let me try to type in the console directly without clicking:
[step 31] Action: key: Return
[step 31] Reasoning: The command is typed in the console input. I can see it at the bottom. Now let me press Enter to execute:
[step 32] Action: left_click (640, 643)
[step 32] Reasoning: I can see the command ".ec-body .ec-row[role='row']" returned the same data as before (Resource A through O with the same height values). The second query returned "undefined" which means the `.ec-body .ec-row[role="row"]` selector didn't match any elements, and the results at the top are still from the previous query.

Wait, I can still see the first query's results (the resource row heights). The second query returned `undefined`. This means the selector `.ec-body .ec-row[role="row"]` didn't find any matching elements. Let me check the actual DOM structure. 

Let me now run a better query to find the timeline event rows. I need to look at the right side grid rows:
[step 33] Action: type: const lanes = doc...
[step 33] Reasoning: Good, now I can see the cursor is in the console input (I can see the blinking cursor indicator at the bottom). Let me now type a query to get the event timeline rows (right side):
[step 34] Action: key: Return
[step 34] Reasoning: I can see the second query in the console input area. Let me press Enter to execute:
[step 35] Action: left_click (640, 643)
[step 35] Reasoning: The `.ec-timeline .ec-lane` selector also returned `undefined` - meaning it didn't find any elements with that selector. The element structure in this event calendar may use different CSS classes. Let me look at the DOM structure more carefully to understand the actual HTML class names used.

Let me run a query to explore the DOM structure of the timeline:
[step 36] Action: type: document.querySel...
[step 37] Action: key: Return
[step 37] Reasoning: I can see a partial output at the bottom of the console. It shows `<div class="ec-content"><div class="ec-lines">\x3C!----><div class="ec-line ec-minor"></div><div class="ec-line ec-minor"></div><div class="ec-line ec-minor"></div>...`

This is revealing the structure! The `.ec-body` content shows:
- `.ec-content` container
- `.ec-lines` with individual `.ec-line.ec-minor` dividers

Now I need to find the rows that correspond to each resource. Let me press Enter to execute this and see the full output:
[step 38] Action: left_click (640, 643)
[step 38] Reasoning: I can see the HTML structure partial output in the console. The structure shows:
- `<div class="ec-content">` → `<div class="ec-lines">` → individual `<div class="ec-line ec-minor">` elements

This means the `.ec-body` contains `.ec-content` with grid lines, NOT individual resource rows. The resource rows are in a different structure. 

Now I need to understand the complete DOM structure better. Let me look at what elements make up the timeline resource rows. Let me check the full document structure by querying `.ec-sidebar` and `.ec-resource`:

Actually, from the first query, we already have crucial data. The `.ec-resource` elements are the resource rows (rowheader elements). But the right side (timeline/event area) structure seems to be different. 

Let me look at the sidebar that was mentioned - `ec-sidebar`. From the first inspection, I saw `style="flex-basis: 49px"` for the sidebar and `style="flex-basis: 56px"` for Resource A's row. Let me look at the sidebar structure to understand the layout:

The key question is whether the RIGHT side event rows match the LEFT side resource row heights. 

Let me look at the actual visual alignment more carefully. The preview on screen shows:
- Resource A row on the left with a red event box on the right
- The event box for Resource A appears to be positioned correctly within the Resource A row
- But I notice the Resource A row is TALLER than Resources C-H (57px vs 35px), and the event's height is 34px (from flexBasis)

Wait, I'm confused. The resource rows have flexBasis which IS the height in a column layout. The `flexBasis: 56px` for Resource A means the row is set to be 56px, but the actual height is 57px (1px from border?). The event timeline rows should match these flexBasis values.

Let me look at this more carefully. I need to look at the EVENTS on the right side to see their heights and vertical positions. Let me query the events:
[step 39] Action: type: const events = do...
[step 40] Action: key: Return
[step 41] Action: left_click (1268, 401)
[step 41] Reasoning: Excellent! Now I have very important data! The event query returned 9 events, and I can see their heights and positions. Let me analyze this data:

**Events data:**
| Index | Title | Height | Top | Style |
|-------|-------|--------|-----|-------|
| 0 | '10:00 The calendar can display ' | **19.296875** | **166.953125** | background-color: rgb(254, 107, 100); left: 64px; wi... |
| 1 | 'All-day events can be displaye' | **19.296875** | **166.953125** | background-color: rgb(170, 157, 217); left: 0px; wid... |
| 2 | '14:00' | **19.296875** | **192.34375** | background-color: rgb(170, 157, 217); left: 0px; wid... |
| 3 | '15:00Overlapping events are po' | **19.296875** | **166.953125** | background-color: rgb(119, 158, 203); left: 304px; wi... |
| 4 | '16:00An event may span to anot' | **19.296875** | **223.953125** | background-color: rgb(119, 158, 203); left: 448px; wi... |
| 5 | '10:00You have complete control' | **19.296875** | **223.953125** | background-color: rgb(119, 158, 203); left: 64px; wi... |
| 6 | '14:00...and you can drag and dro' | **19.296875** | **249.34375** | background-color: rgb(170, 157, 217); left: 203px; wi... |
| 7 | '18:00' | **19.296875** | **223.953125** | background-color: rgb(170, 157, 217); left: 576px; wi... |
| 8 (Array) | | | | |

**Key Finding: ALL events have height = 19.296875px**

Now let me compare with the resource row heights:
- **Resource A**: height = **57px**, flexBasis = '56px'
- **Resource B**: height = **57px**, flexBasis = '56px'
- **Resources C-H**: height = **35px**, flexBasis = '34px'

The events are **19.296875px tall** but the resource rows are **57px tall** (for resources with events) and **35px tall** (for resources without events). 

**This is a significant alignment issue!** The events (19.3px) don't match the resource row heights:
- For Resources A and B: resource row is 57px, but events are only ~19.3px
- For single-content resources (C-H): rows are 35px, but events are only ~19.3px

The events appear much smaller than the resource rows! This means there's a height mismatch between the left side resource rows and the right side event height/row area.

But wait - I need to reconsider. In a timeline view, events don't necessarily span the full row height - they're positioned at specific time coordinates. The event height may be intentionally small (19px is about 1-hour height at a certain scale). However, the CONTAINER for the events (the area reserved for each resource's events) should match the resource row height.

Let me check the event containers - the element that holds events for each resource row:

Now let me also check the VISUAL alignment. Let me look at the top positions of events vs the top of resource rows. 

Resource A starts at approximately y=166.95 (based on event top position 166.95 for events in Resource A row).
Resource B starts at approximately y=192.34.
Resource C starts at approximately y=223.95.
Resource D would start at ~249.34.

Resource A row: top ≈ 166.95, height = 57px → bottom ≈ 223.95 ✓ (Resource B starts at 192.34, not 223.95)

Hmm, but Resource B events appear at top=192.34 and 223.95. Wait, looking again:
- Event 2 ('14:00') is at top=192.34 - this might be Resource B row
- Events 4, 5, 7 are at top=223.95 - these might be for Resources below Resource B

Actually, the top values relative to the viewport depend on the page scroll position and the calendar's position on screen. The calendar is embedded in a small 384px wide, ~375px tall viewport.

Let me try a more precise approach - compare the top of each resource row with the top of the corresponding event container:

Let me close the DevTools and do a visual inspection by viewing the full desktop-sized calendar. To do this, I need to exit the responsive/mobile preview mode. Looking at the screenshot, the page is still in Responsive mode (384 × 375). I can see the "Responsive" dropdown at the top.

Let me close DevTools first and get back to normal desktop view by clicking the X button in DevTools:
[step 42] Action: key: cmd+alt+j
[step 42] Reasoning: Now I can see the **resourceTimeline view** in full desktop mode! This is very clear. Let me carefully analyze the alignment:

**Visual Observations:**

1. **Resource A row** (contains events):
   - Left: "Resource A" label spans from ~y=195 to ~y=245 (tall row, ~50px)
   - Right: Red event "10:00 The calendar can display back..." appears in top of the row at ~y=200, height ~19px
   - Purple event "All-day events can be displayed at the top" at ~y=200, height ~19px
   - **The resource row is MUCH taller than the event height** - there is a large gap below the events within the Resource A row area (approximately 30px of empty space below the event within the row)

2. **Resource B row** (contains events):
   - Left: "Resource B" label spans from ~y=248 to ~y=305 (~57px)
   - Right: Gray block at ~y=265 (a background event), blue event "16:00 An event may span to another day" at ~y=257
   - Same pattern - resource row is much taller than the event height

3. **Resources C-H** (no events):
   - All appear to have uniform height of ~24px
   - Their rows look consistently aligned

4. **Resource I** (parent with children J, K):
   - Row height is ~24px, consistent with others

5. **Resource L** (parent with children M, N, O):
   - Row height is ~24px for L itself
   - Children M, N are ~24px
   - Resource O (last row) is taking up extra space to fill the container!

**CRITICAL VISUAL BUGS FOUND:**

**Bug 1: Resource A and Resource B rows are significantly taller than Resources C-H**
- Resource A row: ~57px height vs Resources C-H: ~24px height
- This size difference exists because Resource A has events, and the events are causing the row to expand
- But the events themselves (19.3px) are smaller than the row height (57px)

**Bug 2: Resource O is expanding to fill remaining container space**
- From the console data: Resource O height = 512px vs flexBasis = '34px'
- This is the last row taking up all remaining empty space in the container
- This could be a CSS flexbox issue where the last row stretches to fill the container

Let me take a zoomed-in screenshot to better observe the alignment. I'll zoom in on Resource A and Resource B areas. Let me also check the visual gap between the event and the row bottom by looking at the pixel coordinates:

**From the console data I already gathered:**
- Resource A row: height = 57px, flexBasis = '56px'
- Events in Resource A row: height = 19.296875px
- So there's a gap of approximately 57 - 19.3 = **~37.7px of unused space** within the Resource A row that contains the events!

This appears to be a **layout alignment bug** where:
1. Events are only ~19.3px tall but resource rows are expanded to ~57px when they contain events
2. This creates a mismatch between how tall the resource label area appears vs where the event bar is

However, wait - I need to reconsider. In the **resourceTimeline view**, events might be positioned WITHIN the row but not necessarily filling the full height - they may just be horizontal bars at the top of the row. The row height itself could be correct if events in a resource row need space.

But the question from the task is specifically: **"do the left resource row heights match the right corresponding event row heights?"**

Let me take a more focused look at the visual alignment to confirm if there are actual pixel misalignments. Let me zoom in on the page:

**Looking at the screenshot carefully:**

The Resource A row:
- LEFT side: "Resource A" text is at approximately y=204 (center of the row)
- The row boundary appears to be from y≈195 to y≈245 (about 50px)
- RIGHT side: The red event "10:00 The calendar can display back..." fills the TOP portion of the row (from y≈196 to y≈214, about 19px)
- The rest of the row (y≈214 to y≈245, about 31px) is EMPTY grid area

**This IS a visual anomaly** - the event only occupies the top portion of the Resource A row, and there's a large empty space below the event. This suggests the row is expanded but the event doesn't fill the full row height.

Let me also look at whether Resource B's row height matches what's on the right side:

Resource B row:
- LEFT side: "Resource B" label, row from ~y=248 to ~y=305 (~57px tall)  
- RIGHT side: Gray background at y≈265 to y≈305 (about 40px), blue event bar at y≈258 (19px)

Let me open DevTools again to do a more precise measurement with the element picker. Let me use the keyboard shortcut to open DevTools:
[step 43] Action: left_click (640, 497)
[step 43] Reasoning: I see the DevTools opened again in Responsive mode. I can see the page is in the 384×375 mobile responsive view again. The console is open, showing previous results: Array(15), Array(0), Array(0), Array(9). The `>` cursor is at the bottom left.

Now I need to measure the resource row heights and event/content row heights in a more precise way. The page is currently in responsive mode (384x375), so measurements will be for this viewport.

Let me run a comprehensive query comparing the resource rows (left) and the corresponding event container areas (right):

Let me first check the top positions of each resource row and events more carefully. I need to understand the structure better. Let me query using a selector that matches the actual event containers (the grid rows on the right side):
[step 44] Action: type: const allEls = do...
[step 45] Action: key: Return
[step 46] Action: scroll up (640, 530) scroll_amount 3
[step 46] Reasoning: Now I can see the CSS classes used in the eventCalendar. Key classes visible:
- `ec-day-row`
- `ec-times`, `ec-time`, `ec-time ec-minor`
- `ec-day ec-mon`, `ec-day ec-tue`, `ec-day ec-wed`, `ec-day ec-thu`, `ec-day ec-fri`, `ec-day ec-sat ec-today`
- `ec-hidden-scroll`
- **`ec-body`**
- **`ec-lines`**
- **`ec-line`**, `ec-line ec-minor`
- **`ec-events`** ← This is the event container!
- `ec-event ec-draggable`
- `ec-event-body`, `ec-event-time`, `ec-event-title`
- `ec-resizer`
- **`ec-bg-event`** ← Background event class!

Let me scroll up to see more classes:
[step 47] Action: scroll up (640, 530) scroll_amount 3
[step 47] Reasoning: Now I can see more class names. Let me scroll up a bit more to see all of them:
[step 48] Action: scroll down (640, 530) scroll_amount 5
[step 48] Reasoning: Excellent! Now I can see the full list of CSS classes used in the calendar. Very important finding:

**Active view class:** `ec-button ec-active ec-resourceTimelineWeek` - The current view IS `resourceTimelineWeek`!

The complete class structure:
- `ec-icon ec-next`
- `ec-button ec-today`
- `ec-center`
- `ec-title`
- `ec-end`
- `ec-button ec-dayGridMonth`
- `ec-button ec-timeGridWeek`
- `ec-button ec-timeGridDay`
- `ec-button ec-listWeek`
- `ec-button ec-resourceTimeGridWeek`  ← "resources" button = resourceTimeGrid
- **`ec-button ec-active ec-resourceTimelineWeek`** ← "timeline" button = **resourceTimelineWeek** (ACTIVE)
- `ec-container`
- `ec-sidebar`
- `ec-sidebar-title`
- `ec-content`
- **`ec-resource`** ← Resource rows!
- `ec-expander`
- `ec-button`
- `ec-main`
- `ec-header`
- `ec-days`
- `ec-day ec-sun` (and other days)
- `ec-day-head`
- `ec-times`
- `ec-time`, `ec-time ec-minor`

Now I know the right classes. Let me check the `.ec-events` container which should be inside `.ec-main` and hold the event rows. Let me also look for any `.ec-days` in the timeline body or similar containers:
[step 49] Action: left_click (640, 660)
[step 49] Reasoning: Now I can see the complete list of class names. The full set includes:
- `ec-events` - the event container in the body area
- `ec-event ec-draggable` - individual events
- `ec-event-body`, `ec-event-time`, `ec-event-title`
- `ec-resizer`
- `ec-bg-event` - background events

Now I know the DOM structure. In the `resourceTimelineWeek` view, the layout consists of:
- **Left side (`.ec-sidebar`)**: Contains `.ec-resource` elements (one per resource)
- **Right side (`.ec-main`)**: Contains `.ec-body` → `.ec-events` → `.ec-event` elements

The key question is how the LEFT side resource rows align with the RIGHT side event rows. The RIGHT side has ONE `.ec-events` container with ALL events positioned absolutely within it (based on their `left`, `top`, `width`, `height` CSS properties from the style attribute we saw earlier).

In a **timeline view**, the events are positioned using `left` and `width` for the horizontal time position, and the `top` position corresponds to which resource row they belong to.

Let me now check this by querying the `.ec-events` container and the events within it. The events' `top` CSS value should correspond to the resource row position:
[step 50] Action: type: const sidebar = d...
[step 50] Reasoning: Good, the cursor appears to be at the bottom of the console (I can see the `>` at the bottom left at ~y=660). Let me now type my JavaScript query to compare resource row positions and heights with event positions:
[step 51] Action: key: Return
[step 51] Reasoning: I can see the JavaScript command is entered in the console input. Let me press Enter to execute it:
[step 52] Action: scroll up (640, 530) scroll_amount 3
[step 52] Reasoning: Now I have very important data! I can see the resource rows relative to the sidebar:

**From the visible data:**
| Index | Name | Top (relative to sidebar) | Height | FlexBasis |
|-------|------|--------------------------|--------|-----------|
| 2 | Resource C | 160 | **35** | '34px' |
| 3 | Resource D | 195 | **35** | '34px' |
| 4 | Resource E | 230 | **35** | '34px' |
| 5 | Resource F | 265 | **35** | '34px' |
| 6 | Resource G | 300 | **35** | '34px' |
| 7 | Resource H | 335 | **35** | '34px' |
| 8 | Resource I | 370 | **35** | '34px' |
| 9 | Resource J | 405 | **35** | '34px' |
| 10 | Resource K | 440 | **35** | '34px' |
| 11 | Resource L | 475 | **35** | '34px' |
| 12 | Resource M | 510 | **35** | '34px' |
| 13 | Resource N | 545 | **35** | '34px' |
| 14 | Resource O | 580 | **512** | '34px' |

Let me scroll up to see Resources A and B:
[step 53] Action: left_click (640, 660)
[step 53] Reasoning: Now I have the complete resource row data. Let me compile the full table:

**Complete Resource Row Heights (relative to sidebar top):**

| Index | Name | Top | Height | FlexBasis |
|-------|------|-----|--------|-----------|
| 0 | Resource A | **52** | **52** | '51px' |
| 1 | Resource B | **103** | **57** | '56px' |
| 2 | Resource C | **160** | **35** | '34px' |
| 3 | Resource D | **195** | **35** | '34px' |
| 4 | Resource E | **230** | **35** | '34px' |
| 5 | Resource F | **265** | **35** | '34px' |
| 6 | Resource G | **300** | **35** | '34px' |
| 7 | Resource H | **335** | **35** | '34px' |
| 8 | Resource I | **370** | **35** | '34px' |
| 9 | Resource J | **405** | **35** | '34px' |
| 10 | Resource K | **440** | **35** | '34px' |
| 11 | Resource L | **475** | **35** | '34px' |
| 12 | Resource M | **510** | **35** | '34px' |
| 13 | Resource N | **545** | **35** | '34px' |
| 14 | Resource O | **580** | **512** | '34px' |

**Key Findings:**

1. **Resource A**: top=52, height=52 → flexBasis='51px' → **1px mismatch** between flexBasis and height (border?)
2. **Resource B**: top=103 (= 52+51 = 103 ✓), height=57 → flexBasis='56px' → **1px mismatch** 
3. **Resource C through N**: top increases by 35 each time, height=35, flexBasis='34px' → consistent **1px mismatch** between flexBasis and height (due to border)
4. **Resource O**: top=580, height=**512**, flexBasis='34px' → **CRITICAL BUG!** Resource O has height=512px but flexBasis='34px'. This is a massive discrepancy!

Wait, I need to reconsider. The `top` value in my query is relative to the sidebar's top. Resource A starts at top=52 relative to sidebar. This means there are 52px of space ABOVE Resource A within the sidebar. This is likely the sidebar title/header area.

Let me verify:
- Sidebar header height: ~52px (contains "Resource" title text)
- Resource A row: top=52, height=52 → ends at 104
- But Resource B shows top=103... not 104? → 1px gap/border between Resource A and B?

Actually: Resource A starts at 52, height=52, so ends at 52+52=104. But Resource B starts at 103. So there's a 1px OVERLAP or Resource A height is actually measured differently. The 1px difference is likely the border between rows.

Actually wait - Resource A: top=52, height=52. But the height INCLUDES the border. So:
- Resource A goes from y=52 to y=104 (height 52)
- Resource B starts at y=103 (not 104) → **There IS a 1px misalignment!**

Hmm, but this could be due to subpixel rendering. Let me verify: 51px (flexBasis) + 1px border = 52px actual. The border-bottom of Resource A would be at y=104, but Resource B starts at y=103... Actually this is suspicious. OR the flexBasis height doesn't account for the border so the actual content is 51px + border = 52px, and the NEXT row starts at y=52+51 = y=103.

OK, this border accounting might explain the 1px differences. The key issue I need to confirm is whether the **RIGHT SIDE** event positions match the **LEFT SIDE** resource positions.

Let me now check the events' top positions and compare with the resource rows. From the earlier event query:
- Events with top≈166.95 → these are for Resource A (sidebar top at y=114.95 approximately, since Resource A has top=52 relative to sidebar)

Wait, the events' top was measured in absolute screen coordinates (viewport), while the resource rows' top was measured relative to the sidebar. Let me do a proper comparison now.

Let me run a comprehensive comparison query:
[step 54] Action: left_click (640, 660)
[step 54] Reasoning: Good, I can see the resource data in the table. Now let me check the events' CSS styles more carefully. From the earlier event query, I saw the events have inline styles with `top` values in CSS (not from getBoundingClientRect but from the inline style). Let me check the event inline style's `top` value - that's the position within the `.ec-events` container:
[step 55] Action: type: const evts = docu...
[step 55] Reasoning: The console focus seems to be at the bottom where `>` is. Let me type the event style query to check event top positions from inline CSS:
[step 56] Action: key: Return
[step 56] Reasoning: I can see:
1. The previous resource table results are still visible (confirming Resource O has height=512, top=580)
2. The new event query command is shown in the console input at the bottom

Let me press Enter to execute:
[step 57] Action: left_click (640, 653)
[step 57] Reasoning: It seems the command is still in the input and didn't execute. The console still shows the previous resource table. The cursor appears to still be in the input line. Let me try clicking on the console input area:
[step 58] Action: key: End
[step 58] Reasoning: I can see the console input line still shows the event query text at the bottom. The `>` cursor is visible. Let me try pressing End key to go to the end of the input and then press Enter:
[step 59] Action: key: Return
[step 59] Reasoning: The console input at the bottom still shows the query I typed. Let me try pressing Enter key now:
[step 60] Action: key: ctrl+a
[step 60] Reasoning: The query still shows at the bottom of the console but doesn't seem to be executing. The console input seems to be intercepting the Enter key without running the code. This might be happening because of a multiline input issue. 

I notice the command is very long and wrapping. The console may be treating the input as a multiline statement. Let me try a different approach - let me use Ctrl+Enter to force execute or try to click directly on the `>` area at position (15, 653) to get focus and then press Enter:

Actually wait, looking at the screenshot - the previous query IS still just displayed in the input line (bottom of screen at y=653). The console might have stopped responding to Enter key presses. Let me try pressing Ctrl+Return or clicking to clear and type a simpler query:

Let me first clear the console input with Ctrl+A to select all and Delete to clear:
[step 61] Action: key: Escape
[step 61] Reasoning: The console still shows the same command text. The focus may not be in the console input. I have the cursor at position y=660 in the DevTools area. Let me try a different approach - use the Escape key first to clear any pending state, then click on the `>` prompt area at the bottom left:
[step 62] Action: left_click (640, 654)
[step 62] Reasoning: Now the DevTools console is open in a separate drawer/panel at the bottom. I can see the cursor is now in the console input at the bottom. The query is visible: `const evts = document.querySelectorAll('.ec-event'); Array.from(evts).map(e => ({title: ...`. 

Now let me click directly on the input area at the bottom where the query text is, then press Enter:
[step 63] Action: key: Return
[step 63] Reasoning: The console input is focused. The cursor is at the bottom of the screen. The command is still there. Let me now press Enter to execute:
[step 64] Action: left_click (170, 660)
[step 64] Reasoning: The console still shows the same output - the query text is at the bottom and hasn't executed yet. The console input might not be focused. The problem may be that I'm seeing the query text in the INPUT field and it needs focus to run. 

Let me try a completely different approach - I'll use the Ctrl+Shift+J shortcut or directly navigate the Elements panel to check heights. But first, let me try clicking directly on the console input at position y=660 where the `>` is:

Actually, looking at the screenshot more carefully, I notice the console text at the bottom shows:
```
> const evts = document.querySelectorAll('.ec-event'); Array.from(evts).map(e => ({title: e.querySelector('.ec-event-title')?.textContent?.trim()?.substring(0,20), cssTop: e.style.top, cssHeight: e.style.height, inlineStyle: e.style.cssText.substring(0,100)}));
```

The input IS in the console and it IS showing the command. The issue is that it's not executing when I press Enter. This could mean the Enter key is being captured elsewhere, or the console input doesn't have proper focus.

Let me try clicking right AFTER the last `}));` characters in the console input:
[step 65] Action: key: Return
[step 65] Reasoning: I can see the cursor is now in the console input area (the `>` prompt with the query text is visible at y=653). Let me try using Shift+Enter to get a new line or just press Enter now:
[step 66] Action: left_click (1265, 401)
[step 66] Reasoning: The console still hasn't executed the command - same state. The console input area seems to not be focused properly, or there's a bug in the DevTools where Enter is not executing the command. Let me try a completely different approach - I'll close the DevTools console drawer and use the Elements panel to inspect elements directly.

Let me close the console drawer first:
[step 67] Action: left_click (20, 627)
[step 67] Reasoning: The query EXECUTED! I can see at the bottom:
- `> const evts = document.querySelectorAll('.ec-event'); Array.from(evts).map(e => ...)`
- `← (9) [{…}, {…}, {…}, {…}, {…}, {…}, {…}, {…}, {…}]`

The result shows **9 events** in an array! Let me click on the result to expand it:
[step 68] Action: left_click (640, 660)
[step 68] Reasoning: Excellent! Now I can see the event data expanded! This is the crucial data I need. Let me analyze the 9 events and their CSS inline styles:

**Event Data (from cssTop, cssHeight, and inlineStyle):**

| Index | Title | cssTop | cssHeight | inlineStyle |
|-------|-------|--------|-----------|-------------|
| 0 | 'The calendar can dis' | '' | '' | 'background-color: rgb(254, 107, 100); left: 64px; width: 256px; margin-top: 1px;' |
| 1 | 'All-day events can b' | '' | '' | 'background-color: rgb(178, 157, 217); left: 320px; width: 384px; margin-top: 1px;' |
| 2 | '' (Overlapping) | '' | '' | 'background-color: rgb(119, 158, 203); left: 384px; width: 192px; margin-top: 21.296...' |
| 3 | 'Overlapping events a' | '' | '' | 'background-color: rgb(178, 157, 217); left: 448px; width: 320px; margin-top: 21.296...;' |
| 4 | 'An event may span to' | '' | '' | (not visible) |
| 5 | 'Events can be assign' | '' | '' | 'background-color: rgb(119, 158, 203); left: 0px; width: 256px; margin-top: 1px;' |
| 6 | 'You have complete co' | '' | '' | 'background-color: rgb(119, 158, 203); left: 320px; width: 384px; margin-top: 1px;' |
| 7 | '...and you can drag an' | '' | '' | 'background-color: rgb(254, 107, 100); left: 320px; width: 320px; margin-top: 26.3906...' |
| 8 | '' | '' | '' | 'background-color: rgb(178, 157, 217); left: 576px; width: 192px; margin-top: 26.3906...' |

**KEY FINDING:**
- **`cssTop` is EMPTY (`''`)** for ALL events - there is no `top` CSS property set!
- **`cssHeight` is EMPTY (`''`)** for ALL events - there is no `height` CSS property set!

Instead, the events use:
- `left` to position horizontally (time axis)
- `width` to define duration
- `margin-top` to position vertically within the row

The `margin-top` values are:
- Events 0, 1, 5, 6: `margin-top: 1px` → These are in the FIRST position within their respective rows
- Events 2, 3: `margin-top: 21.296...px` → These are OVERLAPPING events positioned below the first event
- Events 7, 8: `margin-top: 26.3906...px` → These have even larger margins

**This is a critical issue!** The `margin-top` is used to position events within their resource row, but the resource rows have different heights:
- Resource A: height=52px (flexBasis=51px)  
- Resource B: height=57px (flexBasis=56px)
- Resources C-N: height=35px (flexBasis=34px)

The `margin-top` for events should logically position them at the start of their resource row. But wait - I need to understand the DOM structure better. In a resourceTimeline view, are all events siblings in one container (positioned with absolute positioning or flex), or are they nested within individual resource row containers?

From the class list earlier, I saw `ec-events` as a container. Let me now check if events 7 and 8 (with `margin-top: 26.39px`) are positioned within the right resource row.

The `margin-top: 26.39px` for events 7 and 8... looking at Resource B (height=57px), and if the events flow within rows, the positioning might be relative to the resource row top. But what IS the height of individual events? They don't have a CSS `height` property set... Let me check if events have a default/computed height.

Actually wait - the `cssHeight: ''` just means there's no inline `height` style. The height might come from CSS classes or from content. Let me check the `getBoundingClientRect().height` which I measured earlier as **19.296875px** for all events.

So events are:
- height: **~19.3px** (from getBoundingClientRect)
- NO explicit CSS height set in inline style
- NO explicit CSS top set in inline style
- Positioned using `margin-top` within their parent container

The `margin-top` values I see:
- 1px: normal first event in row
- ~21.3px: second event in overlapping position
- ~26.4px: event in a row below... 

Wait, the `margin-top: 26.4px` might be positioning an event in Resource B's slot. Since all events share the same container (`.ec-events`), the `margin-top` combined with the natural flow determines position. But this doesn't work cleanly for absolute positioning...

Let me now check the actual positions of events vs resource rows by running a simpler comparison. Let me check if events are in separate per-resource containers:
[step 69] Action: left_click (640, 660)
[step 69] Reasoning: Good. The console is showing the full event data. Now let me look at the visual calendar preview in the upper portion of the screen. I can clearly see the `resourceTimelineWeek` view:

**Visual Observations from the current screenshot:**

Looking at the preview (384×375 responsive view):
- **Resource A row** (y≈234-264): Shows red event "10:00 The calendar can displa..." in the row. The row appears approximately **30px tall**.
- **Resource B row** (y≈264-294): Shows the label "Resource B", appears **30px tall**.
- **Resource C through E** (y≈296-380): Show "Resource C", "Resource D", "Resource E" labels in equal-height rows, each approximately **23px tall**.

The visual representation CLEARLY shows that Resource A and B rows are TALLER than Resources C-E rows. Let me zoom into this area more carefully.

But wait - I need to reconcile this with the DevTools data I already have:
- Resource A: height=52px, flexBasis='51px'
- Resource B: height=57px, flexBasis='56px'
- Resources C-N: height=35px, flexBasis='34px'

The visual shows Resource A≈30px and Resources C+≈23px. This might be because of the responsive/zoom effect in the 384px wide view. The actual heights are as measured by DevTools.

Now let me check the PARENT containers of the events to understand if events are per-resource or global. Let me type a new query in the console:
[step 70] Action: left_click (15, 660)
[step 70] Reasoning: The console is still showing the previous results. The input cursor should be at the bottom (y=660). Let me click on the prompt area at position (15, 660) to ensure cursor focus:
[step 71] Action: type: document.querySel...
[step 71] Reasoning: The console is showing the same results. The console input cursor should be after the `>` at y=660. I need to type a new command. Let me type a simple command to check the event parent container structure and confirm alignment:
[step 72] Action: key: Return
[step 72] Reasoning: I can see the autocomplete popup showing `className` at the bottom. The console input at the bottom shows `> document.querySelector('.ec-event').parentElement.className`. Now let me press Enter to execute:
[step 73] Action: scroll down (640, 550) scroll_amount 3
[step 73] Reasoning: The command is at the bottom of the console now:
```
> document.querySelector('.ec-event').parentElement.className
```

But I don't see the result yet - it seems the command is still pending. The command appears at the bottom but the result hasn't appeared. Let me scroll down to see if there's a result below:
[step 74] Action: left_click (640, 645)
[step 74] Reasoning: **Excellent! Critical finding!** I can now see the result at the bottom of the console:

```
> document.querySelector('.ec-event').parentElement.className
← 'ec-events'
```

**The parent container of ALL events is `.ec-events`** - meaning all events are in ONE shared container, not in individual per-resource containers! 

This is very important. In a **resourceTimeline view**, all events are siblings within a single `.ec-events` div. The events are positioned using the `left` property (horizontal time position) and the `margin-top` (vertical position within the container corresponding to the resource row).

Wait, but margin-top doesn't usually work for absolute positioning. Let me check if the events are positioned with `position: absolute` or if they flow normally with flex/block layout.

Now let me understand the layout better. Looking at the expanded event data from the console:

- Event 0: 'The calendar can dis' → `left: 64px; width: 256px; margin-top: 1px;`
- Event 1: 'All-day events can b' → `left: 0px; width: 1536px; margin-top: 1px;`
- Event 2: '' → `left: 320px; width: 384px; margin-top: 1px;`
- Event 3: 'Overlapping events a' → `left: 384px; width: 192px; margin-top: 21.2969px;`
- Event 4: 'An event may span to' → `left: 448px; width: 320px; margin-top: 21.2969px;` (partial visible)
- Event 5: 'Events can be assign' → `left: 64px; width: 256px; margin-top: 1px;`  Wait, this seems wrong - why would event 5 have `left: 0px; width: 256px`?

Actually wait, looking more carefully at the data from the screenshot:
- Event 5: `left: 64px; width: 384px; margin-top: 1px;`
- Event 6: `left: 64px; width: 256px; margin-top: 1px;`  ← These all seem to have similar positions!

Hmm, but if all events are in the SAME `.ec-events` container and they have relative positioning with `margin-top`, then they would stack vertically in the order they appear in the DOM. The `margin-top` would be the distance from the previous event, NOT from the top of the container.

This means:
1. Events flow top-to-bottom in the `.ec-events` container
2. Each event's `margin-top` is the space ABOVE it (gap from the previous event or container top)
3. The vertical position of each event is determined by the cumulative heights and margins of all events before it

Now let me trace through this:
- Event 0: margin-top=1px, height=~19.3px → occupies y=1 to y=20.3 (within ec-events)
- Event 1: margin-top=1px, height=~19.3px → occupies y=21.3 to y=40.6
- Event 2: margin-top=1px, height=~19.3px → occupies y=41.6 to y=60.9
- Event 3: margin-top=21.3px, height=~19.3px → occupies y=?

Wait, but `margin-top` doesn't work simply like this if elements are positioned with `left: 64px`. If events have `left` CSS property set, they must be using `position: absolute`. But if they're absolute, `margin-top` wouldn't cause them to stack...

Unless the `.ec-event` elements are `display: inline-block` or similar and use `margin-left`... but the CSS says `left` not `margin-left`.

Actually, I think the events might be using a DIFFERENT rendering model. In the **Svelte EventCalendar** (which this appears to be based on), the timeline view might render events as `position: absolute` elements within the `.ec-events` container, using:
- `left` for horizontal (time) position
- Some vertical positioning mechanism for the resource row position

Let me check if events have `position: absolute` by checking their computed style:
[step 75] Action: left_click (640, 645)
[step 75] Reasoning: Good. Now I can see the console output clearly:
- Result: `'ec-events'` - confirming the parent is `.ec-events`

The `>` cursor is at the very bottom at y=645. Now let me type a comprehensive query to check the event positioning and the `.ec-events` container structure. I need to understand how each event is positioned relative to its resource row. Let me check the `.ec-events` container position and also check individual events' computed position:
[step 76] Action: type: getComputedStyle(...
[step 76] Reasoning: Good. The cursor is at the bottom. Now let me type a query to check the position style of the ec-event elements:
[step 77] Action: left_click (640, 660)
[step 77] Reasoning: **PERFECT!** I can now see the result at the bottom:
```
> getComputedStyle(document.querySelector('.ec-event')).position
← 'absolute'
```

**Events ARE positioned with `position: absolute`!** This means:
- The events are positioned absolutely within their parent container (`.ec-events`)
- The `left` CSS property positions them horizontally (time axis)
- There MUST be a `top` property (either inline or computed) that positions them vertically (resource row position)

But wait - we saw earlier that `e.style.top` was empty! The `top` must be coming from the computed CSS, not from inline styles. OR the events use `margin-top` for vertical positioning along with some other mechanism.

Actually, wait. If `position: absolute` and there's NO `top` inline style, then the `top` defaults to `auto`, which means the element is positioned at its natural flow position. But with `position: absolute`, the element is taken out of flow... This is inconsistent.

Actually, let me reconsider. Maybe the events DON'T use `top` but instead use `margin-top` with a different positioning context. Let me check the computed `top` value of the events:
[step 78] Action: type: Array.from(docume...
[step 78] Reasoning: I can see:
1. `'ec-events'` is the result of the parent element className query
2. `'absolute'` is the result of the position query

The cursor is now at the very bottom of the console. Now let me type the next query to check the COMPUTED top value of events:
[step 79] Action: key: Return
[step 79] Reasoning: I can see the query is typed in the console input at the very bottom. It's the long line showing `getComputedStyle(document.querySelector('.ec-event')).positionArray.from(document.querySelectorAll('.ec-event')).map(e => ({title...`. Let me press Enter to execute:
[step 80] Action: left_click (640, 645)
[step 80] Reasoning: There's an error: **`Uncaught TypeError: Cannot read properties of undefined (reading 'from')`** 

This happened because the query was concatenated incorrectly. The previous query `getComputedStyle(document.querySelector('.ec-event')).position` left a partial result on the console input line, and when I typed the new query, it was appended to `'absolute'` (the result), causing syntax issues.

Let me try again with the query. But first let me note the IMPORTANT data visible from the PREVIOUS event query results now expanded. I can see the events' inline styles again:

Looking at the visible event data in the console (the Array(9) expanded):
- Event 0: `{title: 'The calendar can dis', cssTop: '', cssHeight: '', inlineStyle: 'background-color: rgb(254, 107, 100); left: 64px; width: 256px; margin-top: 1px;'}`
- Event 1: `{title: 'All-day events can b', cssTop: '', cssHeight: '', inlineStyle: 'background-color: rgb(178, 157, 217); left: 0px; width: 1536px; margin-top: 1px;'}`
- Event 2: `{title: '', cssTop: '', cssHeight: '', inlineStyle: 'background-color: rgb(254, 107, 100); left: 320px; width: 384px; margin-top: 1px;'}`
- Event 3: `{title: 'Overlapping events a', cssTop: '', cssHeight: '', inlineStyle: 'background-color: rgb(119, 158, 203); left: 384px; width: 192px; margin-top: 21.2969px;'}`
- Event 4: `{title: 'An event may span to', cssTop: '', cssHeight: '', inlineStyle: 'background-color: rgb(178, 157, 217); left: 448px; width: 320px; margin-top: 21.2969px;'}`
- Event 5: `{title: 'Events can be assign', cssTop: '', cssHeight: '', inlineStyle: 'background-color: rgb(119, 158, 203); left: 64px; width: 256px; margin-top: 1px;'}` Wait, this shows `left: 64px; width: 256px` for Event 5, but earlier it showed different values?

Hmm wait, I'm now looking at what appears to be the ORIGINAL event query from before - the Array(9) that was previously shown. Let me now type a clean new query:
[step 81] Action: type: var evts = docume...
[step 81] Reasoning: The cursor is at the bottom (y=645, `>` area). Let me now type a clean, simpler query to get the computed top and margin-top of events:
[step 82] Action: key: Return
[step 82] Reasoning: I can see the new query at the bottom. Now let me press Enter:
[step 83] Action: left_click (640, 645)
[step 83] Reasoning: There's another error: **`Uncaught SyntaxError: Identifier 'evts' has already been declared`**

This happened because I used `var evts` previously in the session. In Chrome DevTools console, `var` declarations persist across queries. I need to use different variable names. Let me try a different approach using an immediately invoked function expression (IIFE):
[step 84] Action: type: (function() { var...
[step 84] Reasoning: The cursor is now at the bottom of the console (y=645). I can see the `>` prompt. Let me use an IIFE to avoid variable naming conflicts:
[step 85] Action: key: Return
[step 85] Reasoning: I can see the IIFE query at the bottom of the console. Now let me press Enter to execute:
[step 86] Action: left_click (640, 645)
[step 86] Reasoning: **EXCELLENT! Critical data received!** The table shows the computed CSS properties of all 9 events. This is very important:

**Event Computed CSS Properties:**

| Index | i | Top (computed) | Height (computed) | MarginTop |
|-------|---|----------------|-------------------|-----------|
| 0 | 0 | **'0px'** | **'19.2969px'** | **'1px'** |
| 1 | 1 | **'0px'** | **'19.2969px'** | **'1px'** |
| 2 | 2 | **'0px'** | **'19.2969px'** | **'1px'** |
| 3 | 3 | **'0px'** | **'19.2969px'** | **'21.2969px'** |
| 4 | 4 | **'0px'** | **'19.2969px'** | **'1px'** |
| 5 | 5 | **'0px'** | **'19.2969px'** | **'1px'** |
| 6 | 6 | **'0px'** | **'19.2969px'** | **'26.3906px'** |
| 7 | 7 | **'0px'** | **'19.2969px'** | **'26.3906px'** |
| 8 | 8 | **'0px'** | **'19.2969px'** | **'1px'** |

**KEY FINDINGS:**
1. **ALL events have computed `top: '0px'`** - they are all positioned at the TOP of their container
2. **ALL events have computed `height: '19.2969px'`** - exactly the same height
3. **Events have different `marginTop` values**: 1px, 21.2969px, or 26.3906px

Since all events have `top: '0px'`, this means the events use a **different mechanism** for vertical positioning within the resource timeline. The `left` CSS determines horizontal time position. The `top: '0px'` means each event starts from the top of its positioned container.

But if all events share ONE `.ec-events` container and all have `top: 0px` (relative to the container)... they would ALL appear at the same vertical position! That can't be right visually.

Wait - the events appear in DIFFERENT resource rows visually. Let me reconsider the DOM structure. Maybe the `.ec-events` container itself is positioned differently for each resource, OR the events have DIFFERENT parent elements for each resource.

Actually, I need to reconsider. Looking at the `marginTop` values:
- marginTop: 1px → position = 1px from container top (Resource A events)
- marginTop: 21.2969px → position = 21.2969px from container top (overlapping second event)  
- marginTop: 26.3906px → position = 26.3906px from container top (Resource B events?)

But how does the vertical offset for different resource rows work if all have `top: 0px`?

Let me check if the `.ec-events` container is one container or multiple. Earlier I found ONE `.ec-events` parent for the first event. But maybe each RESOURCE has its own `.ec-events` container. Let me check how many `.ec-events` elements exist:
[step 87] Action: type: document.querySel...
[step 87] Reasoning: I can now clearly see the computed CSS properties of all 9 events. The table confirms:
- All events: **top = '0px'**, **height = '19.2969px'**
- marginTop varies: 1px, 21.2969px, or 26.3906px

The cursor is at the bottom (y=645). Now let me check how many `.ec-events` containers exist:
[step 88] Action: left_click (640, 645)
[step 88] Reasoning: **CRITICAL FINDING!**

```
> document.querySelectorAll('.ec-events').length
← 185
```

There are **185 `.ec-events` containers**! This is a much larger number than expected. This means there are MANY `.ec-events` containers in the DOM - likely one for each day × resource combination!

This means the structure is:
- For each resource AND each day, there's a separate `.ec-events` container
- Events in each container are positioned relative to that container

So the earlier finding that `document.querySelector('.ec-event').parentElement.className` returns `'ec-events'` makes sense - but there are 185 separate `.ec-events` containers (7 days × ? resources = 7 × 15 = 105... but wait, 185 ≠ 105).

Actually if there are 15 resources × 7 days = 105 cells, and each cell has BOTH a regular events container and possibly a background events container... 105 × 2 = 210 ≈ but not exactly 185.

Actually, let me check: 7 days × 15 resources = 105 cells. If there are background events containers too (`.ec-bg-events`), then maybe 185 = some other combination. But the exact number doesn't matter as much as understanding the structure.

The key insight is: **There are separate `.ec-events` containers per (day, resource) cell**. This means events ARE properly scoped to their resource + day combination. The `top: 0px` for events makes sense now - each event starts at the top of its own cell's `.ec-events` container.

But then the question is: does the `.ec-events` container (for a specific day/resource cell) have the SAME HEIGHT as the corresponding resource row on the LEFT SIDE?

Let me now check the dimensions of the `.ec-events` containers for specific cells and compare with the corresponding resource rows. Let me get the dimensions of the first few `.ec-events` containers:
[step 89] Action: left_click (640, 645)
[step 89] Reasoning: The console result shows `185` for `.ec-events` count. The cursor is at the bottom (y=645). Now let me run a comprehensive analysis comparing the `.ec-events` container heights with the resource row heights. I'll get the first 7 `.ec-events` containers (one per resource for the first day) and compare with the resource rows:
[step 90] Action: key: ctrl+a
[step 90] Reasoning: I can see the cursor is in the console input at the bottom, showing `document.querySelectorAll('.ec-events').length|` (the cursor is after the text). Now let me type my query to compare heights of `.ec-events` containers vs resource rows. I'll use Ctrl+A first to clear the current input, then type the new query:
[step 91] Action: type: (function(){var e...
[step 91] Reasoning: Now the console input is cleared (I can see the cursor is ready for input). Let me now type a focused query to understand the layout. I'll get the parent elements of `.ec-events` to understand where they're nested and then compare their heights to the resource rows. Let me use the Elements panel approach instead - click on the Elements tab and directly inspect the DOM structure:

Actually, I have a better approach. Let me check the `.ec-days` container inside the body (right side of timeline) to understand the column structure. Since there are 185 `.ec-events` containers, each column (day) in the timeline has multiple event rows (one per resource). 

Wait - 185 ÷ 7 days = 26.4 per day. But there are only 15 resources... This doesn't add up with 7 × 15 = 105. 185 is much larger.

Let me check if there are 15 resources × 7 days × 2 containers (events + all-day) = 210... still not 185. OR maybe there's a different structure.

Let me count: if there are 13 resources (A, B, C, D, E, F, G, H, I, J, K, L, M, N, O = 15 resources) × 7 days × some multiplier... 

Actually it could be that the ALL-DAY area also has event containers. But let me just proceed to check the actual heights.

Let me now type my next query to get the first few `.ec-events` containers' dimensions and parent info:
[step 92] Action: key: Return
[step 92] Reasoning: The query is visible at the bottom of the console input (I can see it's there). Now let me press Enter to execute:
[step 93] Action: left_click (67, 401)
[step 93] Reasoning: Another error: **`Uncaught SyntaxError: Unexpected identifier 'document'`** 

The query got concatenated with the previous command text again. The console is appending new input to old input. This is happening because the console input had residual text from previous commands.

However! I can still see the PREVIOUS query results at the top of the console (the old event table is still showing with `top: '0px'`, `height: '19.2969px'`, `marginTop: '1px'` etc.). But the NEW query for `.ec-events` containers failed.

The issue is that when I clicked on the console input, it was still showing the old command `document.querySelectorAll('.ec-events').length` and when I typed new content, it appended to it.

Let me try a completely different approach. Let me use the Elements panel to inspect the DOM directly, which will be more reliable. Let me click on the Elements tab:
[step 94] Action: left_click (20, 470)
[step 94] Reasoning: Now I'm in the Elements panel. I can see the HTML structure:
- `<body>`
  - `<header class="row">` `flex`
  - `<main class="row">` `flex`
  - `<script type="text/javascript">`
- `</body>`

The calendar is inside the `<main class="row">` element. Let me expand this to see the calendar structure. Let me click the expand arrow next to `<main class="row">`:
[step 95] Action: left_click (11, 401)
[step 95] Reasoning: I can see the main element structure is now expanded:
- `<main class="row">` 
  - `<div id="ec" class="col">` ← This is the EventCalendar container!

The EventCalendar is inside `<div id="ec" class="col">`. Let me now use the element picker (Ctrl+Shift+C) to click on a specific element in the calendar to inspect it. Let me use the element picker to click on a Resource A row element to inspect it directly. First let me click the element picker button (the arrow icon) in the DevTools toolbar:
[step 96] Action: left_click (557, 243)
[step 96] Reasoning: Good. The element picker is now active (Ctrl+Shift+C mode). Now I need to hover over the "Resource A" row in the calendar on the left side to inspect it. The Resource A row is visible at approximately y=243 in the viewport preview. Let me click on the "Resource A" label text in the calendar:
[step 97] Action: left_click (598, 654)
[step 97] Reasoning: Excellent! Now I can see the DOM structure clearly! The element picker selected the `<span>Resource A</span>` element (marked as `== $0`). 

**DOM Structure revealed:**
```
<div class="ec ec-timeline ec-resource-week-view ec-with-scroll" role="table">
  <nav class="ec-toolbar">...</nav>
  <div class="ec-container">
    <div class="ec-sidebar" style="flex-basis: 49px;">
      <div class="ec-sidebar-title" style="flex-basis: 49px;"></div>
      <div class="ec-content">  [flex]
        <div role="rowheader" class="ec-resource" style="flex-basis: 51px;">  [flex]
          <!-- ... -->
          <span class="ec-expander">...</span>
          <!-- ... -->
          <span>Resource A</span>  ← $0 (selected)
          <!-- ... -->
        </div>
      </div>
    </div>
  </div>
</div>
```

**Key findings from the DOM:**
1. The `.ec-sidebar` has `style="flex-basis: 49px;"` - but wait, this is different from what I saw before (I saw 49px previously for a different measurement)
2. The `.ec-resource` (Resource A's row) has `style="flex-basis: 51px;"` 

Wait, previously my query showed Resource A with flexBasis='56px' and height=57px, but now the Elements panel shows `flex-basis: 51px`. This discrepancy is because the page is now in the **384px wide responsive mode** which has different sizes than the full desktop view!

In the responsive 384×375 view:
- Resource A row: `flex-basis: 51px` → computed height ≈ 52px (with 1px border)
- Resources C-H: `flex-basis: 34px` → computed height ≈ 35px (with 1px border)

Now I can see in the Styles panel (right side):
- `.ec-timeline .ec-sidebar .ec-resource span { padding-top: 8px; }` - There's 8px top padding!
- `.ec { display: flex; flex-direction: column; color: var(--ec-text-color); background-color: var(--ec-bg-color); -webkit-tap-highlight-color: transparent; }`

Now let me look at the breadcrumb at the bottom: `html > body > main.row > div#ec.col > div.ec.ec-timeline.ec-resource-week-view.ec-with-scroll > div.ec-container > div.ec-sidebar > div.ec-content > div.ec-resource > span`

Now let me navigate to the parent `.ec-resource` element to see its flex-basis and computed size. Let me click on the `div.ec-resource` in the breadcrumb at the bottom:
[step 98] Action: left_click (11, 401)
[step 98] Reasoning: Now I can see the `div.ec-resource` element is selected (shown as `== $0` in the elements panel). The Styles panel shows:

**Resource A row (`div.ec-resource`) styles:**
1. `element.style { flex-basis: 51px; }` - inline style
2. `.ec-timeline .ec-sidebar .ec-resource:not(:last-child) { flex-grow: 0; border-bottom: 1px solid var(--ec-border-color); }` ← **border-bottom: 1px** adds a pixel!
3. `.ec-sidebar .ec-resource { padding: 0 8px; flex-shrink: 0; }` ← padding on left/right
4. `.ec-resource { display: flex; }` ← flex layout

So the Resource A row:
- Has `flex-basis: 51px` (inline style)
- Has `border-bottom: 1px` (from CSS)
- **Total rendered height = 51px + 1px = 52px** ← This matches the getBoundingClientRect height!

Now I see the border is **between rows** (1px). The `not(:last-child)` means the LAST resource row doesn't have a border-bottom.

Also importantly, the Resource A row's flexBasis is 51px (which I thought earlier was 56px - that was because I initially checked in desktop mode vs responsive mode). 

Now let me use the Layout panel to see the actual computed dimensions. Let me click on the "Layout" tab in the Styles/Computed/Layout panel on the right:

Actually, the more important thing is to check the CORRESPONDING event container on the RIGHT side of the timeline. The `ec-resource` row on the LEFT has height 52px. Does the corresponding grid area on the RIGHT also have height 52px?

Let me use the element picker to click on the event area corresponding to Resource A on the RIGHT side of the timeline. I need to click somewhere in the right part of the Resource A row:
[step 99] Action: left_click (700, 240)
[step 99] Reasoning: The element picker is now active (I can see the cursor changed in DevTools). Now let me click on the red event "10:00 The calendar can displ..." which is in the Resource A row on the right side of the timeline at approximately (700, 240):