Session created: sess-20260416201239-1d08c9a6e3334252bdba43757d538a7e
UI panel initialized successfully
UI window displayed
Expected result: 在固定板中添加或删除行列后，所有图块的网格位置应正确更新，图块在界面上的视觉排列应与其逻辑顺序完全一致，不出现位置混乱或错位的情况。
[step 0] Action: Initializing
[step 0] Reasoning: Initializing session connection
[step 0] Action: screenshot
[step 1] Action: left_click (640, 593)
[step 1] Reasoning: I can see the Cboard login page. I'll click "下次再说" (Skip for now) to proceed without logging in.
[step 2] Action: left_click (441, 505)
[step 2] Reasoning: A welcome wizard dialog appeared. I'll close it by clicking "关闭游览" (Close Tour).
[step 3] Action: screenshot
[step 3] Reasoning: The welcome dialog is closed. I can see the Cboard Classic Home board with tiles. Now I need to enter edit mode. I'll look for the lock/edit button in the toolbar. Let me check the top area of the screen - I can see there's a top bar but I need to find the edit/lock button. Let me look at the top-right area.
[step 4] Action: left_click (1265, 167)
[step 4] Reasoning: I can see the board with tiles. The toolbar seems to be hidden. I notice there's a small area at the top right (around the 1265-1280, 167 area) which might have toolbar buttons. Let me look for the lock button to enter edit mode. I'll check the top-right corner of the board.
[step 5] Action: scroll up (640, 400) scroll_amount 3
[step 5] Reasoning: The toolbar is not visible. I need to find the lock/edit button. In Cboard, there's usually a lock icon in the top toolbar. The toolbar might be collapsed. Let me scroll up to see if there's a toolbar above.
[step 6] Action: left_click (640, 110)
[step 6] Reasoning: I can see the board but the toolbar with the edit/lock button doesn't seem to be visible. In Cboard, the toolbar is usually at the top of the page. I notice there's a dark bar at the top that says "CBOARD CLASSIC HOME" but the toolbar with the lock button might be hidden. Let me try clicking on the top of the screen where there might be a hidden toolbar, or look for the lock icon at a specific location.

Looking at the screen, I can see there's a small icon area at the top right (~1265, 167). The toolbar might be in a different location. In Cboard, there's usually a lock/unlock button at the top right. Let me try clicking somewhere at the top-right area of the board.
[step 7] Action: left_click (640, 168)
[step 7] Reasoning: I notice the toolbar is not appearing. Let me look more carefully at the screen. The top bar shows "CBOARD CLASSIC HOME" but there seems to be more toolbar icons that might be hidden. In Cboard, there's usually a lock button somewhere on the interface. Let me try to hover over the top-right area of the content area to reveal any hidden toolbar, or check if there are icons at the top.

Let me look at the area above the board more carefully and try clicking the top bar area to reveal toolbar.
[step 8] Action: Minimize panel
[step 8] Reasoning: I notice that the top of the screen (above the tiles) seems to have a black area with what could be a navigation/toolbar area. The window is showing from around y=80 to y=165 as a potential toolbar area that's not visible. Let me check if the toolbar is hidden by the task status widget or if the page is scrolled. 

Let me minimize the panel widget to see if it's blocking anything, and then check the top of the page more carefully.
[step 9] Action: left_click (1263, 167)
[step 9] Reasoning: Now I can see the toolbar clearly. There's a lock icon at the top right (around 1263, 167). I can also see a person/user icon at around 1235, 167. Let me click the lock icon to enter edit mode.
[step 10] Action: left_click (1263, 167)
[step 10] Reasoning: I can see a tooltip "3 点击解锁" (3 clicks to unlock) appearing at the bottom, and there's a small icon appearing at the top right that says something about unlocking. This indicates a security mechanism where I need to click 3 times to unlock edit mode. Let me click the lock icon 3 times.

I can also see in the top right there's a small button appearing. Let me click the lock icon 2 more times.
[step 11] Action: left_click (1263, 167)
[step 11] Reasoning: The tooltip still shows "3 点击解锁" (3 clicks to unlock). I see this is a security feature. I need to click 3 times quickly. Let me click 3 more times rapidly.
[step 12] Action: triple_click
[step 12] Reasoning: It still shows "3 点击解锁" - this means I need to click rapidly 3 times in succession. The tooltip shows each click resets the counter. Let me try triple-clicking the lock icon.
[step 13] Action: screenshot
[step 13] Reasoning: Still showing "3 点击解锁". The tooltip is still visible. I notice the tooltip shows "3 点击解锁" which means "3 clicks to unlock". This means the counter resets if I'm too fast or too slow. Looking at the button in top right (around 1261, 198), there seems to be a specific button there. 

Let me look at the small icon at the top right that appeared (1261, 198 area). Let me check more carefully - I need to click 3 times in succession, not too fast, not too slow. Let me try with slight delays.

Let me first check what the current state is by taking a screenshot to see the exact positions.
[step 14] Action: left_click (1263, 167)
[step 14] Reasoning: Now I can see the tooltip says "1 点击解锁" (1 click to unlock)! So the system is tracking my clicks. I just need to click once more to unlock. Let me click the lock icon one more time.
[step 15] Action: left_click (1263, 167)
[step 15] Reasoning: It went back to "3 点击解锁" again. It seems the clicks are resetting. The system requires consecutive clicks. Looking at this more carefully, the "3 点击解锁" means I need to click 3 times without the counter resetting. The counter reset because too much time passed between screenshots. Let me try clicking 3 times quickly.

Let me click the lock icon 3 times rapidly without taking screenshots in between.
[step 16] Action: left_click (1263, 167)
[step 16] Reasoning: I see it shows "3 点击解锁" - so it reset. The problem is that when I take screenshots between clicks, the timer resets. I need to click 3 times quickly. Let me try using the `left_mouse_down` and `left_mouse_up` to quickly click 3 times. Actually, what I need to do is quickly issue multiple click actions without taking screenshots between them.

Let me click 3 times quickly in succession:
[step 17] Action: left_click (1263, 167)
[step 18] Action: left_click (1263, 167)
[step 19] Action: left_click (1263, 167)
[step 19] Reasoning: The tooltip still shows "3 点击解锁". It seems clicking quickly triggers the counter reset. Looking at this behavior, maybe I need to wait a bit between clicks for the counter to register properly. The 3 clicks to unlock requires counting down from 3, and since the counter resets when I'm counting, I think there might be a specific timing required.

Let me look at the top right more carefully. I notice the lock icon is at approximately (1263, 167). Looking at the tooltip position "3 点击解锁", it's always showing 3 no matter how many times I click. This is strange. 

Wait - looking again at when I got "1 点击解锁" earlier, that happened after my `triple_click` that shows screenshot, then one more click. So it's "1 click remaining". The counter counts DOWN from 3 to 0. Maybe I need to click 3 times and then the 4th shows edit mode? Let me try again quickly.

Actually, looking more carefully at the screenshots - I got "1 点击解锁" at one point, which means the system was at "1 more click needed". But then when I clicked again, it went back to "3 点击解锁". 

The key insight is: I need to click the lock icon 3 times in total, but if I wait too long between clicks, the count resets. Let me try clicking 3 times rapidly in a row without pausing to see screenshots.

Let me try clicking 3 times in quick succession, then check what happened:
[step 20] Action: left_click (1263, 167)
[step 21] Action: left_click (1263, 167)
[step 22] Action: left_click (1235, 167)
[step 22] Reasoning: Hmm, I'm still at "3 点击解锁". There's something going on - maybe clicking the lock icon also resets the counter at the same time, making it behave like the number just refreshes at 3. 

Wait - I think I understand now. The tooltip "3 点击解锁" always shows 3 when I just clicked - meaning it shows the original number each time because double/triple clicks or very fast clicks get treated as one, and then the counter resets after a timeout.

Let me look at this differently. Maybe the Cboard settings can be changed in the Settings page. Or perhaps there's another way to enter edit mode. Let me check if there's a settings button or menu.

Actually, looking at the current state of the Cboard application, I realize I can navigate to Settings. In Cboard, you can typically change the security settings. Let me look at the user icon (1235, 167) which might be the settings.
[step 23] Action: left_click (1263, 167)
[step 23] Reasoning: I can see a tooltip at the bottom says "用户个人资料已锁定。请解锁设置以查看您的用户个人资料。" (User profile is locked. Please unlock settings to see your user profile). And there's a button at the top right that says "登录/注册" (Login/Register).

Also, I see there's a button "登录/注册" at the top right. 

The system is locked and requires unlocking. I notice I can see there's a button at top right area (1218, 198) that shows "登录/注册".

The key issue here is I need to unlock the board. The system requires clicking the lock icon 3 times in succession. Looking at my previous attempts, each click shows "3 点击解锁", but when I had the "1 点击解锁" it was after rapid clicking. 

Let me try a different approach - maybe I need to click with specific intervals. I'll try to slow down and click each time with a brief wait, and most importantly, keep clicking without waiting for the screenshot to come back. Let me try clicking quickly 4-5 times:
[step 24] Action: left_click (1263, 167)
[step 25] Action: left_click (1263, 167)
[step 26] Action: Open url: http://localhost:3000/settings
[step 26] Reasoning: I keep getting "3 点击解锁" every time I click. This is strange - earlier I got "1 点击解锁". Let me re-think.

Looking at the tooltip behavior, it seems like:
- When I click once, it shows "3 点击解锁" (3 clicks remaining) 
- Actually "3 点击解锁" means "3 clicks to unlock" - this is the instruction, not the counter
- The counter might go: first click → "2 点击解锁", second click → "1 点击解锁", third click → unlocked

But maybe my clicks go through too fast (like triple-click behavior) and reset.

Let me try another approach - maybe modify the app settings to disable the 3-click lock. I noticed there's a settings page. Let me navigate to the settings. The app might be accessible at /settings or through the person icon.

Actually, wait. I noticed the tooltip showed "1 点击解锁" at one point (one of the earlier screenshots). That was when I first took a screenshot after several clicks. So the count IS decreasing, but then when I wait too long and take a screenshot, it resets.

Actually - the issue might be different. When I look at the sequence:
1. triple_click → screenshot showed "3 点击解锁" 
2. Another click → screenshot showed "1 点击解锁"

This suggests: triple_click somehow counted as 2 clicks (3-2=1), and then after I showed the screenshot counter and it reset.

Let me try: click twice quickly, then click once more. But the problem is each click generates a screenshot response which might reset the timer on the server side.

Let me instead change the settings to set the lock to 1 click rather than 3. To do this, I need to navigate to Settings. Let me try navigating to the settings page directly.

Actually, looking at the Cboard settings, I know that there's a setting to change the number of clicks needed to unlock. Let me navigate to http://localhost:3000/settings
[step 27] Action: left_click (507, 422)
[step 27] Reasoning: I can see the Settings page is now open and there's a welcome dialog. Let me close it first, then look for the lock settings.
[step 28] Action: left_click (474, 434)
[step 28] Reasoning: The Settings page is now showing. I can see the "系统" (System) section with:
- 导出 (Export)
- 导入 (Import)  
- 符号 (Symbols)
- 显示 (Display)
- 扫描 (Scanning)
- 导航和按钮 (Navigation and Buttons)

I need to find the "显示" (Display) settings to look for lock options. Let me click on "显示".
[step 29] Action: left_click (15, 98)
[step 29] Reasoning: I'm in the Display settings. This doesn't show lock settings. Let me go back and check "导航和按钮" (Navigation and Buttons) settings.
[step 30] Action: left_click (489, 496)
[step 30] Reasoning: I'm back on the Settings page. I can see "导航和按钮" (Navigation and Buttons). Let me click on it.
[step 31] Action: left_click (838, 372)
[step 31] Reasoning: Excellent! I found it! I can see "启用快速设置解锁" (Enable quick settings unlock) with the description "只需单击一下即可解锁设置" (Only one click to unlock settings). This is exactly what I need. Let me enable this toggle to make it so I only need one click to unlock.
[step 32] Action: left_click (1258, 98)
[step 32] Reasoning: I've enabled the "启用快速设置解锁" (Enable quick settings unlock) toggle - it's now turned ON (shown in red). Now I need to save these settings. Let me click the "保存" (Save) button at the top right.
[step 33] Action: left_click (15, 98)
[step 33] Reasoning: The settings have been saved and I'm back on the Settings page. The "启用快速设置解锁" option is now enabled, which means I can now unlock with a single click. 

Now let me go back to the board and try to unlock it. Let me navigate back to the board.
[step 34] Action: left_click (1263, 167)
[step 34] Reasoning: I'm back on the board page. The lock icon is visible at the top right (1263, 167). Now with the "快速设置解锁" enabled, I should only need one click to unlock. Let me click the lock icon.
[step 35] Action: left_click (507, 422)
[step 35] Reasoning: Excellent! The board is now unlocked! I can see:
1. The toolbar at the top now shows editing options: "构立" (Build), "面板" (Panel), "编辑" (Edit)
2. A welcome tour dialog appeared again "您准备好浏览 Cboard 应用程序及其出色的功能了吗？" (Are you ready to explore Cboard app and its features?)
3. The tiles now appear dimmed/darkened indicating edit mode

Let me close the tour dialog first.
[step 36] Action: left_click (640, 197)
[step 36] Reasoning: I'm now in edit mode. I can see:
1. The toolbar at the top shows: "构立" (Build) and "面板" (Panel) tabs
2. "编辑" (Edit) button on the left
3. The tiles are now visible
4. There's a toolbar area at the top with settings icon (⚙️), share (📤), user, lock, and expand icons

Now I need to create a new Fixed Board to test the grid behavior. Currently I'm on the "CBOARD CLASSIC HOME" board which is not a fixed board.

Let me first look for the "Fixed Board" option. In Cboard, a fixed board has a specific grid layout. I need to find how to create one. I see at the top right there's an icon (1265, 224) that looks like a grid/table icon. Let me click on it or look at the "面板" (Panel) tab.

Looking at the toolbar, I can see:
- Top left: "构立" (Build)
- Top center: "面板" (Panel)
- And other buttons

Let me click on "面板" (Panel) to see panel options.
[step 37] Action: key: Escape
[step 37] Reasoning: I can see a dropdown appeared showing "Cboard Classic Home" with "29 瓷砖" (29 tiles). This is showing the board selection. Let me click elsewhere to close this and then look for how to create a new Fixed Board.

Let me check the "构立" (Build) tab - it might have options for creating new boards.
[step 38] Action: left_click (30, 197)
[step 38] Reasoning: I can see the editing toolbar at the top. Now I can see:
- "构立" (Build) button on the left - this might be for creating new boards
- "面板" (Panel) tab in the center
- "编辑" (Edit) on the left side
- A grid icon at the top right (1265, 197) which looks like a "Fixed Board" icon

I notice there's an icon at top right (1265, 197) and (1265, 224). These might be the "Fixed Board" toggle button. Let me also look at the "编辑" (Edit) button on the left.

Let me first click on "构立" (Build) on the left to see what happens.
[step 39] Action: left_click (507, 432)
[step 39] Reasoning: I'm now in the "我的沟通" (My Communication) page - the board builder/communicator builder. There's a welcome tour dialog. Let me close it.
[step 40] Action: left_click (1253, 98)
[step 40] Reasoning: I can see the "我的沟通" (My Communication) builder page with one board "CBOARD CLASSIC HOME". I can see there's a "三个点" (three dots) menu icon (1253, 98) and a three-dots icon at the right side of the board card. 

I need to create a new Fixed Board. Let me look at the three-dot menu in the top right.
[step 41] Action: key: Escape
[step 41] Reasoning: The three-dot menu shows "帮助和支持" (Help and Support) and "服务条款" (Terms of Service). These are not what I need. Let me close this and try a different approach. Let me go back to the board and look for the "fixed board" feature through the editing toolbar.
[step 42] Action: left_click (15, 98)
[step 42] Reasoning: I can see there's a small icon at the top right (1249, 128) that looks like a grid/table icon with a tooltip. Also I see the back-arrow. Let me go back to the board and look for the Fixed Board mode there.

Let me click the back arrow to return to the board.
[step 43] Action: mouse_move (1265, 197)
[step 43] Reasoning: I'm back on the board in edit mode. Now I need to look for the Fixed Board feature. Looking at the top right, I can see:
- A printer icon (1115, 167)
- A fullscreen icon (1145, 167)
- A settings/gear icon (1175, 167)
- A share icon (1205, 167)
- A user icon (1235, 167)
- A lock icon (1263, 167)
- And at the bottom row: a grid icon (1265, 197) and (1265, 224)

The icon at (1265, 197) looks like a grid/fixed board toggle. Let me hover over it to see its tooltip.
[step 44] Action: mouse_move (1265, 224)
[step 44] Reasoning: I can see the toolbar at the top with icons. The icon at the right side of the "编辑" (Edit) row at (1265, 224) seems to be a "Fixed Board" icon. Also, looking more carefully at (1265, 197) there's an icon in the "构立" row. 

Let me hover over the grid-like icon at position (1265, 224) - which appears to be next to the Edit row.
[step 45] Action: left_click (1265, 224)
[step 45] Reasoning: I can see a tooltip "固定平板" (Fixed Board) appearing at the top right corner (at 1255, 254) when hovering over the grid icon at (1265, 224). This confirms that this icon is the "Fixed Board" toggle! Let me click on it to enable Fixed Board mode.
[step 46] Action: left_click (15, 98)
[step 46] Reasoning: It opened the "创建图块" (Create Tile) dialog instead of enabling Fixed Board mode. This means I accidentally clicked on a different element. Let me go back.
[step 47] Action: mouse_move (1265, 197)
[step 47] Reasoning: I'm back on the board. Now I need to properly find the Fixed Board toggle. Looking at the toolbar more carefully:
- Row 1 (y≈197): "构立" (Build) on the left, "面板" dropdown in the middle, and a grid icon on the right
- Row 2 (y≈224): "编辑" (Edit) on the left, board name "CBOARD CLASSIC HOME" in center, and a "+" icon on the right

The icon I hovered at (1265, 224) showed "固定平板" (Fixed Board) tooltip, but clicking it opened "Create Tile" dialog instead. Wait - actually, the tooltip "固定平板" was at around (1255, 254) in the previous screenshot, showing in a tooltip at a different position.

Let me look more carefully. The icon at (1265, 224) that shows tooltip "固定平板" - maybe I need to hover over (1265, 224) again to double-check.

Actually, let me look at the right side more carefully. I see there are icons at:
- (1265, 197): looks like a grid icon (3x3)
- (1265, 224): looks like a "+" icon or different icon

Let me hover over (1265, 197) to see what it is.
[step 48] Action: left_click (1265, 197)
[step 48] Reasoning: I can see the toolbar but the tooltip doesn't appear in this screenshot. Looking at the screenshot, I can see:
- Row with "构立" (Build): on the right there's a grid icon at approximately (1265, 197)
- Row with "编辑" (Edit): on the right there's another icon at approximately (1265, 224)

Let me click on the grid icon at (1265, 197) to see what it does.
[step 49] Action: left_click (933, 275)
[step 49] Reasoning: A dialog appeared "选择一个精选版面" (Select a Featured Board). I can see two options:
1. "Cboard Classic Home" - 含有符号类别的文件夹的液体板 (Fluid board with symbol category folders)
2. "Universal Core 11x6" - 修复板上的核心词汇，分布在11列和6行 (Core vocabulary on a fixed board, distributed in 11 columns and 6 rows)

The "Universal Core 11x6" is described as "修复板" (Fixed Board)! This is the Fixed Board I need. Let me close this dialog and instead try to convert the current board to Fixed Board mode.

Wait - actually, looking at the current board, I need to find a way to make a Fixed Board. The "Universal Core 11x6" is a pre-made fixed board. But the task says I need to test adding/removing rows and columns in a Fixed Board. Let me first check if there's a way to toggle the Fixed Board mode for the current board.

Let me close this dialog first.
[step 50] Action: mouse_move (1265, 224)
[step 50] Reasoning: I can see the board is still in edit mode. Now I need to find the "Fixed Board" (固定平板) toggle. Looking at the top right area, I can see there's an icon at position (1265, 224). The tooltip "固定平板" was visible at the very top right when I hovered over the area above the tiles. 

Looking at the right side of the toolbar rows:
- Row 1 (y≈197): The far right icon appears to be a 3x3 grid icon - this might be the "Batch edit" or "Fixed Board"
- Row 2 (y≈224): The far right icon is a different icon

Let me zoom into the top right area to see these icons better.
[step 51] Action: left_click (1265, 224)
[step 51] Reasoning: I can see the tooltip "固定平板" (Fixed Board) appearing at the top right corner when hovering over position (1265, 224). The tooltip confirms that the icon at this position is the "固定平板" (Fixed Board) toggle. 

But when I clicked this position earlier, it opened the "Create Tile" dialog instead. Let me look more carefully - the tooltip appears at (1249, 254) with text "固定平板", and the actual button seems to be at the right end of the "编辑" row - around (1265, 224).

Let me click precisely on the Fixed Board icon at (1265, 224). The tooltip appears at the top right, so the button might be at (1265, 224) but I need to make sure I'm clicking the right icon.

Looking at the screenshot, I can see:
- The icon at top right (approximately 1258, 254) shows "固定平板" tooltip when hovering at (1265, 224)

Wait, the tooltip is at (1249, 254) but the button seems to be the grid-like icon at the far right. Let me try clicking the exact position where the "固定平板" button icon appears - at around (1265, 224).

Actually, looking at this again, when I hovered at (1265, 224) I got the tooltip "固定平板". Let me click that exact position more precisely.
[step 52] Action: left_click (15, 98)
[step 52] Reasoning: Again it opened the "创建图块" (Create Tile) dialog. This means the icon at (1265, 224) is actually the "Add Tile" or "Create Tile" button, not the "Fixed Board" toggle. The "固定平板" tooltip must be on a different element that's slightly overlapping or near this position.

Let me go back and look more carefully.
[step 53] Action: left_click (30, 224)
[step 53] Reasoning: I'm back on the board in edit mode. Looking at the top right area, I see two rows of toolbar:
1. Row 1: "构立" (Build) | "面板" (Panel) dropdown | right icon at (1265, 197)
2. Row 2: "编辑" (Edit) | "CBOARD CLASSIC HOME" | right icon at (1265, 224)

Looking closely at these icons, I think:
- (1265, 197): This is a 3x3 grid icon that opens the "Select Featured Board" dialog
- (1265, 224): This is the "Add Tile" icon 

The "固定平板" (Fixed Board) tooltip showed at position (1249, 254) in the earlier screenshot. But wait - position (1249, 254) is where the tooltip "固定平板" appeared - the actual button might be between the grid icon and the add tile icon, or might be at (1265, 197) which I know opens the featured board dialog.

Actually, let me re-read: in one earlier screenshot I was hovering at (1265, 224) and the tooltip "固定平板" appeared at (1249, 254). In CSS/HTML, tooltips usually appear near the element being hovered, but can position differently. The tooltip text is "固定平板" which translates to "Fixed Board" or "Fixed Tablet".

Wait - when I clicked at (1265, 224), it opened "Create Tile" dialog. This might be INTENTIONAL - the "固定平板" tooltip button might be at a slightly different position. Looking at the right side toolbar, the icon might be at (1265, 224) but slightly offset. Let me look at whether the "+" icon for creating tiles is actually at a DIFFERENT position.

Let me try hovering over (1263, 222) - slightly offset from my previous attempts.

Actually, thinking about this differently - the tooltip "固定平板" probably belongs to the icon at the RIGHT side of the 2nd toolbar row. But wait, I see there's one icon at the RIGHT of the first row (构立/Build row) and one at the RIGHT of the second row (编辑/Edit row). Let me check if these are both at approximately x=1265, but at y=197 and y=224 respectively.

When I clicked (1265, 197), it opened "Select Featured Board" dialog.
When I clicked (1265, 224), it opened "Create Tile" dialog.

Neither of these is the "Fixed Board" toggle. Let me look at the "编辑" (Edit) button itself which is at the LEFT of the second row - clicking it might show a panel with edit options including Fixed Board toggle.

Actually, let me re-examine - the "固定平板" tooltip appears SMALL at (1249, 254). Let me check what's at x=1249, y=254. Looking at the second screenshot where the tooltip was visible, the tooltip "固定平板" appears at the top right corner of the board content area, right above where the first tile is visible.

Hmm wait - maybe the button is actually the icon at the RIGHT END of the "编辑" row, which is at approximately (1265, 224). But clicking that exact pixel opens "Create Tile". Unless the button is at a slightly different Y coordinate...

Looking at the screenshots again more carefully: in the screenshot where tooltip "固定平板" appears, the tooltip text is at position (1249, 254) in the image. This is within the first row of tiles (y≈254 puts it at the very top of the tile area). This could be a different button altogether.

Wait - I think what happened is: when I hovered at (1265, 224), the tooltip was showing "固定平板" from an element that's hidden or the cursor position was slightly off - the tooltip BELONGS to the icon at ~(1265, 197) which I know is the "Select Featured Board" button... but that doesn't sound like "Fixed Board" toggle.

OR - the "固定平板" feature is a different concept here. In Cboard, "固定板" could mean a "Fixed size" board where the grid is fixed. Looking at the Cboard source code and knowledge, the "fixed board" feature allows the board to have a specific grid and you can add/remove rows and columns. This feature might be accessible from the "编辑" (Edit) panel which is typically a sidebar that appears when you click "编辑".

Let me click "编辑" (Edit) on the left side.
[step 54] Action: mouse_move (55, 224)
[step 54] Reasoning: Excellent! Now I can see a completely different toolbar view! When I clicked "编辑" (Edit), it entered the tile editing mode. I can now see:

1. A toolbar at the top showing: "✕ 返回" (Back) | "固定" (Fixed) toggle (with a blue toggle switch) | "CBOARD CLASSIC HOME" | "0 项目" (0 items) | various action icons
2. Each tile now has a small circle icon at the bottom right (for selection)
3. The tiles are still visible

Most importantly, I can see "固定" (Fixed) with a toggle switch! This is the Fixed Board toggle! The toggle is currently in the OFF position (gray/blue). Let me click this toggle to enable Fixed Board mode.

Wait, actually looking at the toggle, it appears to be a toggle switch that's currently showing as blue (enabled?) at position approximately (55, 224). Let me hover over it to see the tooltip.
[step 55] Action: left_click (55, 224)
[step 55] Reasoning: I can see the toolbar shows "固定" (Fixed) with a toggle. The toggle appears to be at around (55, 224). The toggle switch seems to be the gray/dark button next to "固定" text. The toggle is currently in the OFF state (the blue circle/button). Let me click on this "固定" toggle to enable Fixed Board mode.
[step 56] Action: left_click (681, 636)
[step 56] Reasoning: Excellent! Now I can see that the Fixed Board mode has been activated! The changes are:
1. The "固定" (Fixed) toggle is now RED/active (enabled)
2. The board now shows a FIXED GRID layout with 5 columns
3. The tiles are now arranged in a fixed grid (5 columns x multiple rows)
4. There are navigation arrows on the RIGHT side (←→) indicating pagination
5. At the bottom, there's a controls bar showing "5" with arrows (↑↓) for column count

Most importantly, I can see:
- On the RIGHT SIDE of the board: There are blue arrows (← and →) for navigation and "5" indicating 5 columns
- At the BOTTOM: There's a controller showing "↑ 5 ↓" with arrows to adjust column count

Wait, actually looking more carefully at the bottom center control:
- The arrows at bottom center (597, 636) and (681, 636) appear to be the column count controllers
- The "5" shows the current column count
- The arrows ↑ and ↓ allow changing the number of columns

And on the right side:
- (1259, 421): ">" arrow
- (1259, 421): with "5" label and "<" arrow below

This seems to show the ROW navigation controls. Let me observe the grid:
- Row 1: 是, 没有, 快速聊天, 时间, 食物 (5 tiles)
- Row 2: 饮料, 零食, 活动, 情绪, 身体 (5 tiles)
- Row 3: 服装, 人, 描述, 厨房, 学校 (5 tiles)
- Row 4: 动物, 技术, 天气, 植物, 体育 (5 tiles)
- Row 5 (partial): 运输, 场所, ... (partial row visible, then the bottom control bar)

This is the Fixed Board mode! Now let me test:
1. First, I'll note the current tile arrangement and count
2. Then try to add a column
3. Observe if the grid positions are correct

Looking at the bottom control, I see "5" with up (↑) and down (↓) arrows at position (640, 636). This controls the number of COLUMNS.

And on the right side, I see "5" with ">" and "<" arrows - this seems to control ROWS or navigate pages.

Actually, looking at the right side arrows more carefully:
- At (1259, 421): ">" pointing RIGHT
- At (1259, 454): "5" 
- At (1259, 487): "<" pointing LEFT

Wait these look like left/right arrows (◀▶) stacked vertically with a number in the middle. This might be the row count control on the right side.

Let me first count the visible tiles and understand the layout before testing add/remove operations.

The board is currently showing:
- 5 columns x ? rows
- Each tile has a selection circle (○) at its bottom right

Now let me try adding a column. I'll click the UP arrow at the bottom center to increase from 5 to 6 columns.
[step 57] Action: scroll down (640, 400) scroll_amount 3
[step 57] Reasoning: Interesting! I clicked the UP arrow (↑) at the bottom and the column count DECREASED from 5 to 4. This means:
- The UP arrow (↑) at position (681, 636) DECREASES the number of columns (from 5 to 4)
- The DOWN arrow (↓) at position (597, 636) might INCREASE the columns

Wait, this is counterintuitive. The arrows at the bottom might control something differently. Let me check:
- The bottom control shows "4" now (was "5")
- The board now shows 5 COLUMNS still... but wait, let me count again

Looking at the board:
- Row 1: 是, 没有, 快速聊天, 时间, 食物 (still 5 columns?)

Wait - the tiles appear to be the SAME 5 columns wide but now the number shows 4. Actually looking more carefully, there are only 5 tiles visible per row. Hmm...

Actually wait - I think the bottom control might control ROWS (not columns), and the right side control (showing "5") controls something else. The bottom number decreased from 5 to 4, and now I can see more rows are visible in the viewport.

Actually, thinking about it differently: the bottom control with "↑ 4 ↓" might be:
- This is the ROW count control
- ↑ arrow decreases rows
- ↓ arrow increases rows

And on the right side:
- "5" might be the COLUMN count
- The > (right) arrow and < (left) arrows are pagination/column navigation

Let me now look at the tile arrangement carefully:
- Row 1: 是(1), 没有(2), 快速聊天(3), 时间(4), 食物(5)
- Row 2: 饮料(6), 零食(7), 活动(8), 情绪(9), 身体(10)
- Row 3: 服装(11), 人(12), 描述(13), 厨房(14), 学校(15)
- Row 4 (partial): 动物(16), 技术(17), 天气(?), 植物(?), 体育(?)

So the grid is 5 columns x 4 rows = 20 visible tiles (plus more below). The tiles appear to be in correct sequential order from left to right, top to bottom.

Actually wait - looking at the bottom controller, it shows "4" now (was "5"). The arrows suggest the number 4 represents rows. And looking at the grid layout:
- 5 columns visible
- 4 complete rows visible + 1 partial row at bottom

So the bottom controller with "4" shows ROW count, and I changed it from 5 rows to 4 rows.

Now let me try clicking the other arrow (the DOWN ↓ arrow at 597, 636) to increase rows back.

Actually wait - maybe the arrows ↑↓ represent something else. Let me look at the right side control with "5" and check what clicking those arrows does. The right side arrows ">" and "<" might be adding/removing columns.

Let me first take a better look at the current state and then try the right side controls.
[step 58] Action: scroll up (640, 400) scroll_amount 3
[step 58] Reasoning: Now I can see more of the board by scrolling down. I can see:
- At the bottom center control: "↑ 4 ↓" with text "位置" (Position) below
- At the right side: "5" with ">" above and "<" below (these are the row/column navigation)

Wait, the bottom control label says "位置" (Position) not rows/columns. This might be for controlling the cursor position within the grid, not adding/removing rows/columns.

Also important: I can see the tile "描述" is highlighted/selected (has a blue border) - and it shows in the center row. This might be the cursor position indicator.

Looking at the bottom control with "4" and label "位置" (Position) - this is the position of the cursor within the grid, not the row/column count!

Now looking at the RIGHT SIDE control:
- ">" at (1259, 421)
- "5" at (1259, 454) 
- "<" at (1259, 487)

This "5" might be the COLUMN count. The ">" would ADD a column and "<" would REMOVE a column.

Let me scroll back up to see the full board first and then test the right side controls.
[step 59] Action: mouse_move (1259, 421)
[step 59] Reasoning: Now I can see the board clearly. I notice that "活动" tile (row 2, column 3) has a blue/highlighted border - this is the selected/focused position (position 4 which means row 2 column 3 if counting from 1). Also I note there's another highlighted tile "描述" which was selected before.

Looking at the current board structure:
- The board has 5 columns
- Multiple rows visible
- The RIGHT side shows "5" which is the COLUMN count
- The right side ">" arrow would ADD a column and "<" arrow would REMOVE a column

Let me now test the column addition by clicking the ">" (add column) button on the right side at approximately (1259, 421).

Wait actually, I need to think about this more carefully. The ">" and "<" might be:
1. Navigation arrows to paginate left/right through the board (but it's a fixed board...)
2. Column add/remove controls

In Cboard's fixed board mode, there are typically buttons to add rows and columns. Let me hover over the ">" arrow to see its tooltip.
[step 60] Action: left_click (1259, 421)
[step 60] Reasoning: I can see the board clearly now with the right-side control panel showing "5" with ">" and "<" buttons. Looking at the ">" button at the top right (1259, 421) and the "5" at (1259, 454) and "<" at (1259, 487).

Now I need to understand the control layout better. Let me try clicking the ">" button to see what it does - it might add a column.
[step 61] Action: scroll down (640, 400) scroll_amount 2
[step 61] Reasoning: Excellent! I can see that clicking the ">" button on the right side ADDED a column! The board now shows 6 columns (the right side control now shows "6"). Looking at the tile arrangement:

**Before (5 columns):**
- Row 1: 是(1), 没有(2), 快速聊天(3), 时间(4), 食物(5)
- Row 2: 饮料(6), 零食(7), 活动(8), 情绪(9), 身体(10)
- Row 3: 服装(11), 人(12), 描述(13), 厨房(14), 学校(15)
- Row 4: 动物(16), 技术(17), 天气(18?), 植物(19?), 体育(20?)

**After (6 columns):**
- Row 1: 是(1), 没有(2), 快速聊天(3), 时间(4), 食物(5), 运输(6)
- Row 2: 饮料(7), 零食(8), 活动(9), 情绪(10), 身体(11), 场所(12)
- Row 3: 服装(13), 人(14), 描述(15), 厨房(16), 学校(17), 位置 icon
- Row 4: 动物(19?), 技术(20?), 天气(21?), 植物(22?), 体育(23?), 玩具(24?)

Wait - I see something unexpected! In row 3, the 6th column shows a crosshair/position icon (↑↓←→) with text "位置" (Position) - this looks like a CONTROL ICON, not an actual tile! This is very suspicious.

Also looking at row 2, the 6th column shows "场所" (Location/Place) which was previously at a different position.

Let me analyze this more carefully. With 5 columns, 29 tiles would be:
- Rows 1-5: 5 tiles each = 25 tiles
- Row 6: 4 tiles

With 6 columns, 29 tiles would be:
- Rows 1-4: 6 tiles each = 24 tiles  
- Row 5: 5 tiles

Looking at the current display:
- Row 1: 是, 没有, 快速聊天, 时间, 食物, 运输 (6 tiles)
- Row 2: 饮料, 零食, 活动, 情绪, 身体, 场所 (6 tiles)
- Row 3: 服装, 人, 描述, 厨房, 学校, **位置** (position icon??)
- Row 4: 动物, 技术, 天气, 植物, 体育, 玩具 (6 tiles)

**Critical Issue**: In Row 3, Column 6, I see a "位置" (Position) symbol with crosshair arrows (↑↓←→) instead of an actual tile! This is the bottom-center control bar appearing IN THE GRID as a tile, which is a visual/layout bug!

Actually wait - let me look again. The position icon with crosshair and "位置" might actually be the control bar that I moved earlier (the bottom bar with "↑4↓ 位置"). It appears to have moved to the grid area. This is very suspicious.

Let me take a closer screenshot of row 3 column 6 area.

Looking at the screenshot more carefully:
- The crosshair icon (←↑→↓) with "位置" label at position (1168, 500) in the GRID area - this looks like it's supposed to be the bottom control bar that got displaced into the tile grid!

This is a visual bug - the position/navigation control has appeared inside the tile grid. 

But wait - maybe "位置" is a tile itself (a "position" or "direction" tile with a movement icon). Let me check if it has a selection circle (○) like other tiles. Looking at (1168, 534), I can see a selection circle (○) - so it IS a tile, just one that represents "位置" (position/location).

OK so this is actually a tile called "位置" with a crosshair icon. The bottom control bar is the separate "↑4↓" bar.

Now let me verify the tile order makes sense. The original 29 tiles in order were:
1. 是 (Yes), 2. 没有 (No), 3. 快速聊天 (Quick Chat), 4. 时间 (Time), 5. 食物 (Food)
6. 饮料 (Drinks), 7. 零食 (Snacks), 8. 活动 (Activities), 9. 情绪 (Emotions), 10. 身体 (Body)
11. 服装 (Clothing), 12. 人 (People), 13. 描述 (Describe), 14. 厨房 (Kitchen), 15. 学校 (School)
16. 动物 (Animals), 17. 技术 (Technology), 18. 天气 (Weather), 19. 植物 (Plants), 20. 体育 (Sports)
21. 运输 (Transport), 22. 场所 (Places), 23. 位置 (Position), 24. 玩具 (Toys), 25. 行动 (Actions)
26-29: other tiles...

With 5 columns (before adding):
- Row 1: 是(1), 没有(2), 快速聊天(3), 时间(4), 食物(5)
- Row 2: 饮料(6), 零食(7), 活动(8), 情绪(9), 身体(10)
- Row 3: 服装(11), 人(12), 描述(13), 厨房(14), 学校(15)
- Row 4: 动物(16), 技术(17), 天气(18), 植物(19), 体育(20)
- Row 5: 运输(21), 场所(22), 位置(23), 玩具(24), 行动(25)
- Row 6: ...other tiles

With 6 columns (after adding a column):
- Row 1: 是(1), 没有(2), 快速聊天(3), 时间(4), 食物(5), 运输(?)
- Row 2: 饮料(?), 零食(?), 活动(?), 情绪(?), 身体(?), 场所(?)
- ...

If the tiles maintain their sequential order after adding a column, we'd expect:
- Row 1: 是(1), 没有(2), 快速聊天(3), 时间(4), 食物(5), 饮料(6)
- Row 2: 零食(7), 活动(8), 情绪(9), 身体(10), 服装(11), 人(12)
- ...

But what I see in the current screenshot is:
- Row 1: 是(1), 没有(2), 快速聊天(3), 时间(4), 食物(5), **运输**(21?)
- Row 2: 饮料(6), 零食(7), 活动(8), 情绪(9), 身体(10), **场所**(22?)

This is WRONG! If the grid was 5 columns and I added a column to make it 6, the tiles should re-arrange to maintain sequential order (1,2,3,4,5,6 in row 1, then 7,8,9,10,11,12 in row 2, etc.). But instead it appears tiles 6-20 stayed in their original rows, and tiles 21-25 moved to fill the 6th column positions.

This suggests a **CRITICAL BUG** where adding a column does not properly rearrange the tiles in sequential order. Instead:
- Row 1 now has: tiles 1,2,3,4,5 in positions 1-5 AND tile 21 in position 6
- Row 2 now has: tiles 6,7,8,9,10 in positions 1-5 AND tile 22 in position 6
- Row 3 now has: tiles 11,12,13,14,15 in positions 1-5 AND tile 23 in position 6
- Row 4 now has: tiles 16,17,18,19,20 in positions 1-5 AND tile 24 in position 6

Wait - this would mean the new column was filled with the remaining tiles (tiles 21-25) from the last row(s), appended to each row. Let me verify this by checking more carefully.

Actually looking at this more carefully, this IS the correct behavior! When you add a column to a fixed board, the tiles from the "overflow" row get distributed to the new column positions. But is this the EXPECTED behavior? 

In a 5-column grid with 29 tiles:
- 5 complete rows of 5 = 25 tiles
- Last row: 4 tiles (26-29)

Wait but I only know 25 tiles (1-25). So with tiles 1-29 in a 5-column grid, rows would be:
- Row 1: 1,2,3,4,5
- Row 2: 6,7,8,9,10
- Row 3: 11,12,13,14,15
- Row 4: 16,17,18,19,20
- Row 5: 21,22,23,24,25
- Row 6: 26,27,28,29

When converting to 6 columns with 29 tiles:
- Row 1: 1,2,3,4,5,6
- Row 2: 7,8,9,10,11,12
- Row 3: 13,14,15,16,17,18
- Row 4: 19,20,21,22,23,24
- Row 5: 25,26,27,28,29 (incomplete)

But I see in the current board:
- Row 1: 是(1), 没有(2), 快速聊天(3), 时间(4), 食物(5), 运输(21)

This means tile 21 (运输/Transport) is in row 1, column 6 - but it SHOULD be in row 4, column 3 if the board rearranges correctly to 6 columns.

This confirms the **GRID ARRANGEMENT BUG** - when adding a column, the tiles don't rearrange to maintain correct sequential order! Instead, what happens is:
- Each row keeps its original tiles (tiles 1-5 in row 1, etc.)
- The NEW column gets filled with the "excess" tiles from the overflow (last row)

This is clearly incorrect behavior. The correct behavior should be: tiles fill the grid sequentially, left to right, top to bottom, regardless of the grid dimensions.

Let me document this finding and test the ROW addition too. Let me also check how the current grid is actually laid out more carefully. Let me hover over the ">" button and look at the tooltip and then test row addition too.

But first, let me check if there's a row control as well. Earlier I saw:
- The bottom control shows "4" - was this the row count? 
- Or was it the cursor position?

Let me look at the bottom control more carefully.
[step 62] Action: mouse_move (640, 638)
[step 62] Reasoning: Now I can see the full board after adding a column (6 columns). Let me analyze the tile arrangement:

**Row 1:** 是(1), 没有(2), 快速聊天(3), 时间(4), 食物(5), 运输(6th col) → 运输 = Transport
**Row 2:** 饮料(1st col), 零食, 活动, 情绪, 身体, 场所(6th col) → 场所 = Location
**Row 3:** 服装, 人, 描述, 厨房, 学校, 位置(6th col) → 位置 = Position
**Row 4:** 动物, 技术, 天气, 植物, 体育, 玩具(6th col) → 玩具 = Toys
**Row 5 (partial):** 行动(?), 未知(?), 未知(?), 未知(1,2,3,4)

Also at the bottom right I can see "1 2 3 4" which appears to be some kind of numbers indicator.

Looking at the 6th column in each row:
- Row 1: 运输 (Transport) - was tile #21
- Row 2: 场所 (Places) - was tile #22
- Row 3: 位置 (Position) - was tile #23
- Row 4: 玩具 (Toys) - was tile #24
- Row 5 bottom partially visible: I can see "行动" icon with arrows, and what looks like tiles 25+

And in row 5 I can see at the bottom right a "1 2 3 4" numbers tile - this looks like a "numbers" tile.

**KEY OBSERVATION:** The current arrangement appears to be:

Original 5-column order (sequential):
- Pos 1-5: 是,没有,快速聊天,时间,食物
- Pos 6-10: 饮料,零食,活动,情绪,身体
- Pos 11-15: 服装,人,描述,厨房,学校
- Pos 16-20: 动物,技术,天气,植物,体育
- Pos 21-25: 运输,场所,位置,玩具,行动
- ...

After adding 6th column, the tile arrangement shows:
- Row 1: pos1,2,3,4,5 (from original row 1) + 运输(pos21)
- Row 2: pos6,7,8,9,10 (from original row 2) + 场所(pos22)  
- Row 3: pos11,12,13,14,15 (from original row 3) + 位置(pos23)
- Row 4: pos16,17,18,19,20 (from original row 4) + 玩具(pos24)
- Row 5: 行动(pos25?), ...

This means the "6th column" tiles (运输,场所,位置,玩具) are NOT in sequential order relative to the other tiles! If the grid was properly rearranged:
- After adding a column (5→6 columns), the correct order should be:
  - Row 1: 是(1), 没有(2), 快速聊天(3), 时间(4), 食物(5), 饮料(6)
  - Row 2: 零食(7), 活动(8), 情绪(9), 身体(10), 服装(11), 人(12)
  - Row 3: 描述(13), 厨房(14), 学校(15), 动物(16), 技术(17), 天气(18)
  - Row 4: 植物(19), 体育(20), 运输(21), 场所(22), 位置(23), 玩具(24)
  - Row 5: 行动(25), ...

But the ACTUAL arrangement is different:
  - Row 1: 是(1), 没有(2), 快速聊天(3), 时间(4), 食物(5), **运输(21)**
  - Row 2: 饮料(6), 零食(7), 活动(8), 情绪(9), 身体(10), **场所(22)**
  - etc.

**This is CLEARLY A BUG!** The tiles are NOT rearranging correctly when adding a column. The new 6th column is being filled with tiles from the LAST ROW of the original 5-column layout, rather than maintaining sequential left-to-right, top-to-bottom order.

Let me verify this by scrolling up to see the full board from the beginning.

Actually, wait. Let me reconsider. Maybe this is by DESIGN? In some AAC systems, the "fixed board" might arrange tiles differently when you add columns - maybe each row has a fixed set of tiles that belong together semantically, and the 6th column is just an overflow. But this would still be "incorrect" from a grid position perspective.

Let me now also test what happens when we add a ROW. The bottom control shows "4" - let me click the DOWN arrow (↓) to increase rows.

Actually, looking at the bottom control bar, I see "↑ 4 ↓" with a label. Earlier when I clicked the UP arrow (↑) at (681, 636), the number changed from 5 to 4. So pressing ↑ DECREASED the number. That's counterintuitive for a "rows" control.

Wait - looking at the current screenshot, the bottom bar shows "↑ 4 ↓" at position (597-681, 636). This might be:
- ↑ button at (597, 636) - but wait I thought (597, 636) was ↓ and (681, 636) was ↑

Let me re-examine. The bottom control shows "↓ 4 ↑" (with ↓ on the left and ↑ on the right). These arrows control the Y position/row where the new tile would be inserted? Or they control the row count?

Looking at what happened: when I clicked (681, 636) which showed ↑, the number went from 5 to 4. So ↑ button decreases. This is strange unless "↑" means "increase scroll/cursor position" which would show earlier tiles.

Actually, I think I've been misinterpreting the control bar. The "4" might mean the CURSOR POSITION (which row the cursor is on), not the total number of rows/columns. And the arrows are moving the cursor position up/down.

But we saw that when I clicked ↑ (at 681, 636), the number went from 5 to 4 and also at the same time, the COLUMN count changed from 5 to 4...

Wait - let me go back and revisit what happened step by step:
1. I enabled Fixed Board mode - initial state with 5 columns
2. I clicked the ↑ button at (681, 636) - the column count changed from 5 to... wait, no, the column count was ALWAYS showing as "5" on the right side. The bottom number changed from 5 to 4.
3. Then I clicked the ">" button on the right side and columns went from 5 to 6.

So the bottom control and the right side control control DIFFERENT things:
- Right side control (current "6"): column count ← > adds column, < removes column
- Bottom control (shows "4"): this might be the number of ROWS visible? Or the cursor position?

Let me now hover over the bottom control to see what it says.
[step 63] Action: left_click (597, 638)
[step 63] Reasoning: I can see the board clearly now. The board shows:
- Row 1 (partial at top): 是, 没有, 快速聊天, 时间, 食物, 运输
- Row 2: 饮料, 零食, 活动, 情绪, 身体, 场所
- Row 3: 服装, 人, 描述, 厨房, 学校, 位置
- Row 4: 动物, 技术, 天气, 植物, 体育, 玩具
- Row 5 (partial at bottom): 行动(?), 未知(?), 未知(?), 卫生间(?), 1234(?)

Right side control: "6" with ">" above and "<" below

Bottom center control: "↓ 4 ↑" (the arrows appear to be at 597 and 681)

Also I notice at the bottom right (approximately 960, 648), there's a tile showing "1 2 3 4" (numbers).

Now let me verify the grid arrangement bug by looking at the specific tile at Row 3, Column 6:
- "位置" (Position) with crosshair icon - this was tile #23 in the original sequential order

So in a 6-column grid, if sequential ordering was correct:
- The tile at Row 3, Column 6 should be tile #18 (天气/Weather)
- But instead it shows tile #23 (位置)

This confirms the BUG: tiles are NOT in sequential order after adding a column.

Now let me test what happens when we add a ROW by using the appropriate button. Let me look for a "add row" button - maybe I need to look at different controls. 

Actually, looking at the right side control, it shows columns. Let me check if there's a way to add ROWS. Looking at the bottom control, the "↓ 4 ↑" might control rows not cursor position. Let me click the "↓" button (at 597, 636) to see if it increases rows.

Wait - looking at the bottom control buttons:
- "↓" might be on the LEFT of "4" 
- "↑" might be on the RIGHT of "4"

Actually looking at the screenshot again, the bottom center shows a blue bar with:
- A DOWN chevron (↓) on the LEFT at approximately (597, 638)
- The number "4" in the CENTER at approximately (640, 638)
- An UP chevron (↑) on the RIGHT at approximately (681, 638)

Let me click the DOWN chevron (left button at 597, 638) to see if it increases something.
[step 64] Action: left_click (1259, 487)
[step 64] Reasoning: I can now see that clicking the DOWN chevron (↓) on the left side of the bottom control changed the number from 4 to 5! The board scrolled to show from Row 1 again, and now the bottom shows "↓ 5 ↑". The board is now showing rows 1-5 in view.

So the bottom control:
- "↓" (left button): ADDS rows (increases row count) or scrolls DOWN
- "↑" (right button): REMOVES rows (decreases row count) or scrolls UP

Wait, no - looking at the current screenshot:
- Number increased from 4 to 5
- The board now shows 5 rows in full view
- Row 5: 行动, 问题, 家具, 卫生, 数字 (with the 6th column still visible)

But I notice the number in the bottom control changed from 4 to 5. This might mean:
- 5 = number of ROWS displayed
- 4 = previous state (4 rows displayed)
- By clicking ↓, I added a visible row

Actually, I now see clearly that:
- The bottom control shows the NUMBER OF ROWS (currently 5)
- ↓ (left button) INCREASES rows (+1)
- ↑ (right button) DECREASES rows (-1)

And the right side control shows COLUMNS (currently 6):
- ">" (top button) INCREASES columns (+1) - adds a column
- "<" (bottom button) DECREASES columns (-1) - removes a column

Now let me verify the tile arrangement after adding a row. The board now shows 5 rows with 6 columns = 30 positions for 29 tiles.

Let me verify the grid:
**Row 1:** 是(1), 没有(2), 快速聊天(3), 时间(4), 食物(5), 运输(6th col)
**Row 2:** 饮料, 零食, 活动, 情绪, 身体, 场所
**Row 3:** 服装, 人, 描述, 厨房, 学校, 位置
**Row 4:** 动物, 技术, 天气, 植物, 体育, 玩具
**Row 5:** 行动, 问题, 家具, 卫生, 数字(numbers), (empty?)

Looking at the visible bottom row:
- 行动 (Actions), 问题 (Questions), 家具 (Furniture), 卫生 (Hygiene), 数字 (Numbers)
- And the 6th column in row 5 appears empty (no tile visible)

Now let me check the GRID ARRANGEMENT BUG I identified. Looking at Row 1:
- Tile 1 = 是 (Yes) ✓
- Tile 2 = 没有 (No) ✓  
- Tile 3 = 快速聊天 (Quick Chat) ✓
- Tile 4 = 时间 (Time) ✓
- Tile 5 = 食物 (Food) ✓
- Tile 6 = 运输 (Transport) ← Should this be here or should it be 饮料 (Drinks)?

In the original 5-column layout:
- Row 5 tiles 21-25: 运输(21), 场所(22), 位置(23), 玩具(24), 行动(25?)

If the tiles were being correctly re-ordered:
- With 6 columns, Row 1 should have tiles 1-6
- Tile 6 would be 饮料 (Drinks), NOT 运输 (Transport)

**So 运输 (Transport) appearing in Row 1, Column 6 is INCORRECT!**

This confirms a **CRITICAL BUG**: When adding a column to the fixed board, the tiles do not rearrange in sequential order. Instead, the new column is populated with tiles from the "overflow" (last row) of the original layout.

Now let me test REMOVING a column to see if the grid restores correctly. I'll click the "<" button (remove column) on the right side control.
[step 65] Action: scroll down (640, 400) scroll_amount 2
[step 65] Reasoning: I removed a column (from 6 back to 5). The right side control now shows "5" again. Looking at the current layout:

**Row 1:** 是, 没有, 快速聊天, 时间, 食物 (5 tiles, correct order 1-5)
**Row 2:** 饮料, 零食, 活动, 情绪, 身体 (5 tiles, correct order 6-10)
**Row 3:** 服装, 人, 描述, 厨房, 学校 (5 tiles, correct order 11-15)
**Row 4:** 动物, 技术, 天气, 植物, 体育 (5 tiles, correct order 16-20)
**Row 5 (partial):** 运输, 场所, 位置(crosshair icon), 玩具, 行动

Hmm! Looking at Row 5:
- 运输 (Transport) - tile 21 ✓
- 场所 (Places) - tile 22 ✓
- **位置** (with crosshair/position icon) - this is the position control appearing in the 3rd column of row 5!
- 玩具 (Toys) - tile 24 ✓
- 行动 (Actions) - tile 25 ✓

Wait - in Row 5, Column 3, I see the CROSSHAIR ICON with "位置" label. But looking at the icon, it's the POSITION NAVIGATION CONTROL (←↑→↓) that appeared as a tile! This is very suspicious. 

Actually, 位置 might be a legitimate tile (a "position" or "location" tile for AAC communication). The crosshair icon (←↑→↓) might just be its symbol. Let me verify - tile 23 in the original order was "位置" (Position).

So the current 5-column layout after removing the 6th column shows:
- Row 1: 是,没有,快速聊天,时间,食物 (tiles 1-5) ✓
- Row 2: 饮料,零食,活动,情绪,身体 (tiles 6-10) ✓
- Row 3: 服装,人,描述,厨房,学校 (tiles 11-15) ✓
- Row 4: 动物,技术,天气,植物,体育 (tiles 16-20) ✓
- Row 5: 运输,场所,[位置],玩具,行动 (tiles 21-25) ✓

The order is correct back to 5 columns! The tiles are in sequential order.

Now let me understand what happened with the "add column" operation more carefully.

Let me re-test: Let's add a column again (click ">") and carefully analyze the result.

But first, let me scroll down to see rows 5 and any additional rows to get a complete picture.
[step 66] Action: scroll up (640, 400) scroll_amount 3
[step 66] Reasoning: Now I can see the full board layout (with 5 columns). Let me verify the tile order:

**Row 1 (partial top):** 是(1), 没有(2), 快速聊天(3), 时间(4), 食物(5)
**Row 2:** 饮料(6), 零食(7), 活动(8), 情绪(9), 身体(10)
**Row 3:** 服装(11), 人(12), 描述(13), 厨房(14), 学校(15) [描述 has blue border - selected]
**Row 4:** 动物(16), 技术(17), 天气(18), 植物(19), 体育(20)
**Row 5:** 运输(21), 场所(22), 位置(23), 玩具(24), 行动(25)
**Row 6 (partial):** 问题(?), 家具(?), ...(?), 数字(?), ...

I can also see:
- In Row 5, the "位置" tile has the crosshair icon (←↑→↓) - this is the actual tile #23
- The bottom control shows "↓ 5 ↑" - 5 rows visible
- Row 6 at bottom: 问题 (Questions), 家具 (Furniture), [something], 数字/1234 (Numbers)

Now let me verify the complete tile count. The board originally had 29 tiles. Let me count:
- Row 1: 5 tiles (tiles 1-5)
- Row 2: 5 tiles (tiles 6-10)
- Row 3: 5 tiles (tiles 11-15)
- Row 4: 5 tiles (tiles 16-20)
- Row 5: 5 tiles (tiles 21-25)
- Row 6: 4 tiles (tiles 26-29)

Total: 29 tiles ✓

The 5-column layout is CORRECT with tiles in sequential order!

Now let me add a column again to test and CAREFULLY document what happens. I'll click the ">" button.
[step 67] Action: left_click (1259, 421)
[step 67] Reasoning: I'm now at the top of the board. The current state is 5 columns. I can see:
- Row 1: 是(1), 没有(2), 快速聊天(3), 时间(4), 食物(5)
- Row 2: 饮料(6), 零食(7), 活动(8), 情绪(9), 身体(10)
- Row 3: 服装(11), 人(12), 描述(13), 厨房(14), 学校(15)
- Row 4: 动物(16), 技术(17), 天气(18), 植物(19), 体育(20)
- Row 5 (partial): 运输(21), 场所(22), 位置(23 with crosshair icon), 玩具(24), 行动(25)

Right side: "5" with ">" above and "<" below.

Now I'll click the ">" button to add a column and carefully observe the result.

**Before adding column (5 cols):**
- Row 1: 是(1), 没有(2), 快速聊天(3), 时间(4), 食物(5)
- Row 5: 运输(21), 场所(22), 位置(23), 玩具(24), 行动(25)

**Expected after adding column (6 cols), if correct:**
- Row 1: 是(1), 没有(2), 快速聊天(3), 时间(4), 食物(5), 饮料(6)
- Row 5: 体育(25), 运输(26), 场所(27), 位置(28), 玩具(29)

Wait, I need to re-count. With 29 tiles in 6-column grid:
- Row 1: tiles 1-6
- Row 2: tiles 7-12
- Row 3: tiles 13-18
- Row 4: tiles 19-24
- Row 5: tiles 25-29 (incomplete, 5 tiles only)

So if correct:
- Row 1: 是(1), 没有(2), 快速聊天(3), 时间(4), 食物(5), 饮料(6)

Let me now click ">" to add a column.
[step 68] Action: left_click (1259, 487)
[step 68] Reasoning: After adding a column (6 columns now), let me carefully analyze the grid arrangement:

**Row 1:** 是(1), 没有(2), 快速聊天(3), 时间(4), 食物(5), **运输(6th column)**
**Row 2:** 饮料(1st), 零食, 活动, 情绪, 身体, **场所(6th column)**
**Row 3:** 服装(1st), 人, 描述, 厨房, 学校, **位置(6th column - crosshair icon)**
**Row 4:** 动物(1st), 技术, 天气, 植物, 体育, **玩具(6th column)**
**Row 5 (partial):** 行动(1st), 问题(2nd), 家具(3rd), 卫生(4th), 数字(5th) [empty 6th?]

**CRITICAL BUG CONFIRMED**: After adding a column (5→6), the tiles are NOT in sequential order:
- Row 1 should be: 是(1), 没有(2), 快速聊天(3), 时间(4), 食物(5), **饮料(6)**
- BUT: Row 1 actually shows: 是(1), 没有(2), 快速聊天(3), 时间(4), 食物(5), **运输(??)**

"运输" (Transport) was originally tile #21 in the 5-column layout. In the 6-column layout, it should be in Row 4 (not Row 1).

What appears to have happened is:
1. The original 5-column layout was: rows 1-5 each containing tiles in their respective positions
2. When adding the 6th column, the system took the LAST ROW (row 5/6 tiles = 运输,场所,位置,玩具,行动) and distributed one tile to each row as the 6th column
3. So 运输 went to Row 1 col 6, 场所 went to Row 2 col 6, 位置 went to Row 3 col 6, 玩具 went to Row 4 col 6, 行动 went to Row 5 col 6... but 行动 is in Row 5 col 1

This is definitely INCORRECT behavior. The grid positions are NOT maintained correctly when adding a column.

Now let me test REMOVING a column to go back to 5. I'll click "<" on the right side.
[step 69] Action: left_click (597, 638)
[step 69] Reasoning: After removing the 6th column, the board is back to 5 columns. Let me verify:

**Row 1:** 是(1), 没有(2), 快速聊天(3), 时间(4), 食物(5) ✓
**Row 2:** 饮料(6), 零食(7), 活动(8), 情绪(9), 身体(10) ✓
**Row 3:** 服装(11), 人(12), 描述(13), 厨房(14), 学校(15) ✓
**Row 4:** 动物(16), 技术(17), 天气(18), 植物(19), 体育(20) ✓
**Row 5 (partial):** 运输(21), 场所(22), 位置(23 with crosshair), 玩具(24), 行动(25) ✓

The 5-column layout is correct after removing the column! The tiles are in sequential order again.

Now let me test ADDING A ROW by using the bottom control. The bottom shows "5" (5 rows visible). Let me click the DOWN button (↓) to add a row (increase from 5 to 6).

Wait - looking at this, the bottom control "5" might just be controlling how many rows are VISIBLE in the viewport, not the actual number of rows in the grid. The tiles below row 5 are still there (rows 6+). 

Let me try clicking the DOWN (↓) button at (597, 638) to increase visible rows.
[step 70] Action: left_click (1259, 421)
[step 70] Reasoning: Excellent! The bottom control now shows "6" (was 5). The viewport is now showing 6 rows. Let me count the visible rows:

**Row 1:** 是, 没有, 快速聊天, 时间, 食物 (5 tiles)
**Row 2:** 饮料, 零食, 活动, 情绪, 身体 (5 tiles)
**Row 3:** 服装, 人, 描述, 厨房, 学校 (5 tiles)
**Row 4:** 动物, 技术, 天气, 植物, 体育 (5 tiles)
**Row 5:** 运输, 场所, 位置(crosshair), 玩具, 行动 (5 tiles)
**Row 6 (partial):** 问题, 家具, ?, 数字, ? (tiles 26-29)

Looking at Row 6:
- 问题 (Questions) - tile 26
- 家具 (Furniture) - tile 27
- ? (something with green color, maybe 卫生/Hygiene) - tile 28
- 数字/1234 (Numbers) - tile 29
- 5th position in row 6 appears empty (since there are only 29 tiles total, and 5*5=25 tiles fit in rows 1-5, leaving 4 tiles for row 6)

Wait - 5 rows × 5 columns = 25 tiles, and tiles 26-29 (4 tiles) would be in Row 6.

Looking at the current row 6: 问题(?26), 家具(?27), green tile(?28), 数字(?29) - that's 4 tiles visible + 1 empty slot in the 5th position of row 6. ✓

The tiles are in CORRECT sequential order when NOT adding/removing columns! The board shows all 29 tiles properly arranged.

Now let me note important findings:

1. **When viewing only (no column/row changes)**: The tiles are in correct sequential order ✓
2. **When adding a column**: The tiles ARE NOT in correct sequential order - the new column gets filled with tiles from the LAST overflow row, not maintaining proper sequential arrangement ✗
3. **When removing a column**: The tiles go back to correct sequential order ✓

Let me now also test what happens when I add a ROW. The bottom control shows "6" (6 visible rows). Let me click "↓" (down, at 597, 638) to add another visible row.

Actually wait - I need to clarify: is this bottom control adding ACTUAL rows to the grid, or just controlling the VIEWPORT/visible count? Let me think:

With 29 tiles and 5 columns:
- The grid naturally needs 6 rows (5*5=25 tiles + 4 tiles in row 6)
- If the bottom control just controls viewport (how many rows are visible at once), it's just zooming
- If it adds actual rows (making the grid taller), it would change how many tiles fit per page

The fact that I can see all tiles and the grid seems correct, but when the viewport shows fewer rows (4 or 5), some rows are hidden/cut off. So the bottom control seems to be controlling the VIEWPORT HEIGHT (number of rows visible at once).

But when I ADDED a column (5→6), the tiles got rearranged incorrectly. Let me go back to that test. Let me add a column again to confirm the bug.

Actually, I want to understand better whether this is a bug or intentional design. Let me test more carefully:

Let me first document what tiles are in each position BEFORE adding:
- 5 columns, current state:
  - Row 1: 是,没有,快速聊天,时间,食物 (tiles 1-5)
  - Row 5: 运输,场所,位置,玩具,行动 (tiles 21-25)
  - Row 6: 问题,家具,?,数字,? (tiles 26-29)

Now let me add a column to go to 6 columns.
[step 71] Action: left_click (681, 638)
[step 71] Reasoning: Now I can see the FULL board after adding a column (6 columns, 6 rows visible). Let me do a complete analysis of the tile arrangement:

**6-column layout (current state):**
- **Row 1:** 是(1), 没有(2), 快速聊天(3), 时间(4), 食物(5), **运输(6th)**
- **Row 2:** 饮料, 零食, 活动, 情绪, 身体, **场所(6th)**
- **Row 3:** 服装, 人, 描述, 厨房, 学校, **位置(crosshair/6th)**
- **Row 4:** 动物, 技术, 天气, 植物, 体育, **玩具(6th)**
- **Row 5:** 行动, 问题, 家具, 卫生, 数字, **[empty?](6th)**
- **Row 6:** [empty cells - all 6 positions appear empty/gray]

**What SHOULD be the correct arrangement with 6 columns (29 tiles):**
- Row 1: 是(1), 没有(2), 快速聊天(3), 时间(4), 食物(5), 饮料(6)
- Row 2: 零食(7), 活动(8), 情绪(9), 身体(10), 服装(11), 人(12)
- Row 3: 描述(13), 厨房(14), 学校(15), 动物(16), 技术(17), 天气(18)
- Row 4: 植物(19), 体育(20), 运输(21), 场所(22), 位置(23), 玩具(24)
- Row 5: 行动(25), 问题(26), 家具(27), 卫生(28), 数字(29)
- Row 6: [empty]

**ACTUAL arrangement (as confirmed above):**
- Row 1: 是(1-5), 运输(was position 21!)
- Row 2: 饮料(6-10), 场所(was position 22!)
- Row 3: 服装(11-15), 位置(was position 23!)
- Row 4: 动物(16-20), 玩具(was position 24!)
- Row 5: 行动(25), 问题(26), 家具(27), 卫生(28), 数字(29), [empty]
- Row 6: [all empty]

**CONFIRMED BUG**: The 6th column has tiles that are out of sequential order. Specifically:
- Row 1 Column 6 = 运输 (tile #21) - SHOULD be 饮料 (tile #6)
- Row 2 Column 6 = 场所 (tile #22) - SHOULD be 人 (tile #12)
- Row 3 Column 6 = 位置 (tile #23) - SHOULD be 天气 (tile #18)
- Row 4 Column 6 = 玩具 (tile #24) - SHOULD be 玩具 (tile #24) ← This one HAPPENS to be correct!
- Row 5 Column 6 = empty

Wait - Row 4 Column 6 shows 玩具 (tile #24) and in the correct 6-column arrangement, Row 4 Column 6 SHOULD also be 玩具 (tile #24)! That's a coincidence.

Let me recalculate the correct positions:
With 6 columns, tile positions:
- Tile 1: Row 1, Col 1 (是)
- Tile 5: Row 1, Col 5 (食物)
- Tile 6: Row 1, Col 6 (饮料) ← SHOULD be in Row 1 Col 6
- Tile 12: Row 2, Col 6 (人) ← SHOULD be in Row 2 Col 6
- Tile 18: Row 3, Col 6 (天气) ← SHOULD be in Row 3 Col 6
- Tile 24: Row 4, Col 6 (玩具) ← SHOULD be in Row 4 Col 6

**Actual positions:**
- Row 1, Col 6: 运输 (tile 21) ← WRONG, should be 饮料 (tile 6)
- Row 2, Col 6: 场所 (tile 22) ← WRONG, should be 人 (tile 12)
- Row 3, Col 6: 位置 (tile 23) ← WRONG, should be 天气 (tile 18)
- Row 4, Col 6: 玩具 (tile 24) ← CORRECT by coincidence

So tiles 21, 22, 23 are in wrong positions, while tile 24 happens to be correct.

This is a **CONFIRMED BUG** in the Cboard application. When adding a column to a fixed board, the tiles from the LAST row of the original grid are distributed into the new column positions, rather than properly re-ordering all tiles sequentially.

Let me take one more screenshot to capture the current state clearly, then test the row controls.

Now let me also test what happens with REMOVING a ROW. The bottom control shows "6" (6 rows visible). Let me click the UP arrow (↑ at 681, 638) to decrease rows.
[step 72] Action: left_click (681, 638)
[step 72] Reasoning: The bottom control now shows "5" (decreased from 6). The board now shows 5 rows in viewport. The bottom row (row 6 with 问题, 家具, 卫生, 数字) is now partially cut off at the bottom.

Let me now look at the actual layout to see if it's correct. The 6-column layout with 5 visible rows shows:
- Row 1: 是, 没有, 快速聊天, 时间, 食物, 运输 (运输 still in col 6 - WRONG)
- Row 2: 饮料, 零食, 活动, 情绪, 身体, 场所 (场所 in col 6 - WRONG)
- Row 3: 服装, 人, 描述, 厨房, 学校, 位置 (位置 in col 6 - WRONG)
- Row 4: 动物, 技术, 天气, 植物, 体育, 玩具 (玩具 in col 6 - coincidentally correct)
- Row 5 (partial): 行动, 问题, 家具, 卫生, 数字

The bug is still present. The bottom control just adjusts the VIEWPORT height, not the actual grid structure.

Now let me verify: Is the bottom control controlling ROWS or just VIEWPORT? Let me try pressing "↑" multiple more times to see if tiles actually disappear from the grid or just from view.

Let me click "↑" (right button at 681, 638) two more times to decrease to 3.
[step 73] Action: left_click (1259, 421)
[step 73] Reasoning: The bottom now shows "4" (4 rows visible). The board now shows 4 rows in the viewport:
- Row 1: 是, 没有, 快速聊天, 时间, 食物, 运输 (6 tiles)
- Row 2: 饮料, 零食, 活动, 情绪, 身体, 场所 (6 tiles)
- Row 3: 服装, 人, 描述, 厨房, 学校, 位置 (6 tiles)
- Row 4: 动物, 技术, 天气, 植物, 体育, 玩具 (6 tiles)

The tiles below row 4 (行动, 问题, 家具, 卫生, 数字 etc.) are not visible in the viewport but presumably still exist in the grid.

This confirms that the bottom control is just adjusting the VIEWPORT (how many rows are visible at a time), not adding/removing actual rows from the grid. The tiles are still all present.

Also important - the BUG is still showing: Row 1, Col 6 = 运输 (should be 饮料).

Now let me make a comprehensive summary of what I've found and determine if this is a bug.

**Summary of Testing:**

1. **Normal view (5 columns, no changes)**: Tiles are in correct sequential order ✓
2. **Adding a column (5→6)**: 
   - The NEW 6th column gets populated with tiles from the original LAST ROW (运输,场所,位置,玩具)
   - This BREAKS the sequential order - tiles that should be in later rows appear in early rows in column 6
   - **CONFIRMED BUG** ✗
3. **Removing a column (6→5)**: Tiles return to correct sequential order ✓
4. **Adjusting viewport rows**: Just changes how many rows are visible, doesn't affect tile order ✓ (but doesn't add/remove actual rows)

**Conclusion**: There IS a bug in the Fixed Board column addition feature. When a column is added, tiles from the LAST ROW of the original layout are moved to populate the new column positions throughout the grid, rather than maintaining proper sequential left-to-right, top-to-bottom ordering. This means after adding a column, tile #21 (运输) appears in Row 1 (where only tiles 1-6 should be), tile #22 (场所) appears in Row 2, etc.

Let me now try adding and removing the column one more time to confirm this is reproducible.

Let me also add a second column (6→7) to see the pattern continues.
[step 74] Action: left_click (1259, 487)
[step 74] Reasoning: Interesting! Now I've added a 7th column. The right side control shows "7". Let me analyze the CURRENT 7-column layout:

**Row 1:** 是(1), 没有(2), 快速聊天(3), 时间(4), 食物(5), 运输(6th), 场所(7th)
**Row 2:** 饮料(1st), 零食, 活动, 情绪, 身体, 位置(6th/crosshair), 玩具(7th)
**Row 3:** 服装(1st), 人, 描述, 厨房, 学校, 行动(6th), 问题(7th)
**Row 4:** 动物(1st), 技术, 天气, 植物, 体育, 家具(6th), 卫生(7th)

**This confirms the BUG pattern is getting worse with each column addition!**

With 7 columns:
- Row 1 Col 6: 运输 (tile #21) - WRONG (should be 饮料 tile #6 or different)
- Row 1 Col 7: 场所 (tile #22) - WRONG
- Row 2 Col 6: 位置 (tile #23) - WRONG
- Row 2 Col 7: 玩具 (tile #24) - WRONG
- Row 3 Col 6: 行动 (tile #25) - WRONG
- Row 3 Col 7: 问题 (tile #26) - WRONG
- Row 4 Col 6: 家具 (tile #27) - WRONG
- Row 4 Col 7: 卫生 (tile #28) - WRONG

The pattern is clear: each time a column is added, the LAST ROW tiles (overflow tiles) are distributed to fill the new columns across ALL existing rows. This is fundamentally incorrect behavior - the grid should redistribute ALL tiles in proper sequential order when columns are added.

**CONFIRMED CRITICAL BUG**: The Fixed Board in Cboard does NOT correctly maintain sequential grid ordering when columns are added. The tiles from overflow rows get "appended" to existing rows rather than the entire grid being reflowed in proper order.

Let me now remove the extra columns and try adding a ROW using the "↓" button to see if rows behave correctly.

Let me first go back to 5 columns by clicking "<" several times.
[step 75] Action: left_click (1259, 487)
[step 75] Reasoning: Back to 6 columns. Let me click "<" one more time to get to 5 columns.
[step 76] Action: DONE
[step 76] Reasoning: Excellent! Now back to 5 columns. The right side control shows "5". Let me verify the tile arrangement:

**Row 1:** 是(1), 没有(2), 快速聊天(3), 时间(4), 食物(5) ✓
**Row 2:** 饮料(6), 零食(7), 活动(8), 情绪(9), 身体(10) ✓
**Row 3:** 服装(11), 人(12), 描述(13), 厨房(14), 学校(15) ✓
**Row 4:** 动物(16), 技术(17), 天气(18), 植物(19), 体育(20) ✓

The tiles are in correct sequential order after removing the columns! ✓

Now let me take a final comprehensive screenshot to document the current (correct) state before writing the final test report.

The testing is complete. Here is my comprehensive summary of the test results:

---

## 测试结果总结 (Test Summary)

### 测试环境
- 应用：Cboard AAC (localhost:3000)
- 模式：Fixed Board (固定板) - 通过编辑模式中的"固定"切换开关启用
- 当前板：CBOARD CLASSIC HOME（29个图块）

### 测试步骤执行结果

**步骤1-3**: 成功关闭欢迎向导，进入编辑模式，启用固定板(Fixed Board)模式 ✓

**步骤4**: 成功在固定板上确认图块排列（29个图块，5列6行）✓

**步骤5: 添加列 (5列 → 6列)**
- **操作**: 点击右侧">"按钮
- **预期结果**: 所有图块应按照从左到右、从上到下的顺序重新排列
  - 行1应为：是(1), 没有(2), 快速聊天(3), 时间(4), 食物(5), 饮料(6)
- **实际结果**: **图块位置不正确！**
  - 行1实际为：是(1), 没有(2), 快速聊天(3), 时间(4), 食物(5), **运输(21)**
  - 行2实际为：饮料(6), 零食(7), 活动(8), 情绪(9), 身体(10), **场所(22)**
  - 行3实际为：服装(11), 人(12), 描述(13), 厨房(14), 学校(15), **位置(23)**
- **结论**: ❌ **发现Bug！** 添加列后，原来最后一行的图块(运输/21, 场所/22, 位置/23, 玩具/24)被错误地分配到新的第6列位置，而不是整个网格按顺序重新排列。

**步骤6: 删除列 (6列 → 5列)**
- **操作**: 点击右侧"<"按钮
- **结果**: 图块恢复到正确的顺序排列 ✓
- **结论**: ✓ 删除列后图块顺序正确

**步骤7: 多次操作验证**
- 多次添加列（5→6→7），每次添加都重现了相同的bug
- 多次删除列后图块顺序恢复正确
- **结论**: Bug可重现，行列添加删除逻辑存在问题

### 发现的Bug

**严重缺陷 (Critical Bug)**：在固定板(Fixed Board)中添加列时，图块的网格位置不正确。

**Bug描述**:
- 添加新列时，系统将原来最后一行（溢出行）的图块移动到新列的各行位置
- 而不是将所有图块按从左到右、从上到下的顺序重新排列到整个网格中
- 这导致图块的逻辑顺序被打乱，例如第21号图块"运输"出现在第1行第6列（应在第4行）

**影响**:
- AAC用户依赖图块的位置记忆来快速沟通
- 添加/调整列数后图块位置混乱，严重影响使用体验和可用性

**Result: FAIL** - Fixed Board中添加列后图块网格位置排列不正确，存在严重的逻辑错误。
Evaluating task result...

==================================================
Task: 当前Chrome浏览器已打开Cboard应用，地址是http://localhost:3000。Cboard是一个AAC（辅助沟通）应用，页面会显示通讯板(Board)和图块(Tiles)。测试固定板（Fixed Board）中添加或删除行列后网格排列是否正确。操作步骤：1. 应用加载后，如果有欢迎向导或弹窗，跳过/关闭它。2. 进入编辑模式（通常点击锁定/编辑按钮）。3. 找到固定板（Fixed Board）模式或创建一个新的固定板。4. 在板面上添加一些图块(tiles)。5. 使用板面编辑功能，尝试添加一行或一列，观察添加后所有图块的网格位置是否保持正确的顺序排列。6. 再尝试删除一行或一列，观察删除后所有图块的网格位置是否仍然保持正确。7. 多次操作确认图块位置与逻辑顺序一致。请始终在浏览器内操作，禁止打开Terminal、Finder或其他应用程序。如果找不到目标功能，直接标记result为unclear。
Status: COMPLETED
Total steps: 76
Last action: DONE
Last reasoning: Excellent! Now back to 5 columns. The right side control shows "5". Let me verify the tile arrangement:

**Row 1:** 是(1), 没有(2), 快速聊天(3), 时间(4), 食物(5) ✓
**Row 2:** 饮料(6), 零食(7), 活动(8), 情绪(9), 身体(10) ✓
**Row 3:** 服装(11), 人(12), 描述(13), 厨房(14), 学校(15) ✓
**Row 4:** 动物(16), 技术(17), 天气(18), 植物(19), 体育(20) ✓

The tiles are in correct sequential order after removing the columns! ✓

Now let me take a final comprehensive screenshot to document the current (correct) state before writing the final test report.

The testing is complete. Here is my comprehensive summary of the test results:

---

## 测试结果总结 (Test Summary)

### 测试环境
- 应用：Cboard AAC (localhost:3000)
- 模式：Fixed Board (固定板) - 通过编辑模式中的"固定"切换开关启用
- 当前板：CBOARD CLASSIC HOME（29个图块）

### 测试步骤执行结果

**步骤1-3**: 成功关闭欢迎向导，进入编辑模式，启用固定板(Fixed Board)模式 ✓

**步骤4**: 成功在固定板上确认图块排列（29个图块，5列6行）✓

**步骤5: 添加列 (5列 → 6列)**
- **操作**: 点击右侧">"按钮
- **预期结果**: 所有图块应按照从左到右、从上到下的顺序重新排列
  - 行1应为：是(1), 没有(2), 快速聊天(3), 时间(4), 食物(5), 饮料(6)
- **实际结果**: **图块位置不正确！**
  - 行1实际为：是(1), 没有(2), 快速聊天(3), 时间(4), 食物(5), **运输(21)**
  - 行2实际为：饮料(6), 零食(7), 活动(8), 情绪(9), 身体(10), **场所(22)**
  - 行3实际为：服装(11), 人(12), 描述(13), 厨房(14), 学校(15), **位置(23)**
- **结论**: ❌ **发现Bug！** 添加列后，原来最后一行的图块(运输/21, 场所/22, 位置/23, 玩具/24)被错误地分配到新的第6列位置，而不是整个网格按顺序重新排列。

**步骤6: 删除列 (6列 → 5列)**
- **操作**: 点击右侧"<"按钮
- **结果**: 图块恢复到正确的顺序排列 ✓
- **结论**: ✓ 删除列后图块顺序正确

**步骤7: 多次操作验证**
- 多次添加列（5→6→7），每次添加都重现了相同的bug
- 多次删除列后图块顺序恢复正确
- **结论**: Bug可重现，行列添加删除逻辑存在问题

### 发现的Bug

**严重缺陷 (Critical Bug)**：在固定板(Fixed Board)中添加列时，图块的网格位置不正确。

**Bug描述**:
- 添加新列时，系统将原来最后一行（溢出行）的图块移动到新列的各行位置
- 而不是将所有图块按从左到右、从上到下的顺序重新排列到整个网格中
- 这导致图块的逻辑顺序被打乱，例如第21号图块"运输"出现在第1行第6列（应在第4行）

**影响**:
- AAC用户依赖图块的位置记忆来快速沟通
- 添加/调整列数后图块位置混乱，严重影响使用体验和可用性

**Result: FAIL** - Fixed Board中添加列后图块网格位置排列不正确，存在严重的逻辑错误。

==================================================

UI window closed
