Session created: sess-20260418001754-5b18f365588b4a65af08e2ded90449ec
UI panel initialized successfully
UI window displayed
Expected result: 语言设置页面正常加载渲染，能显示语言列表，所有交互（滚动、点击、切换、返回）均正常响应，不会出现无响应或卡住。
[step 0] Action: Initializing
[step 0] Reasoning: Initializing session connection
[step 0] Action: screenshot
[step 1] Action: Open url: http://localhost:3000/settings
[step 1] Reasoning: I can see the Cboard application is open. Let me navigate to the Settings page directly.
[step 2] Action: left_click (640, 220)
[step 2] Reasoning: The Settings page has loaded successfully. I can see:
- **People** section with Guest user and LOGIN/SIGNUP button
- **Language** section with "Language" and "Speech" options
- **System** section with Export, Import, Symbols, Display, Scanning, Navigation and Buttons
- **Help** section with User Help, About Cboard, Donate, Feedback

The layout looks clean and well-structured. Now let me click on the "Language" option to enter the language settings page.
[step 3] Action: scroll down (640, 400) scroll_amount 5
[step 3] Reasoning: The Language settings page has loaded successfully at `localhost:3000/settings/language`. I can observe:

**✅ Page loaded correctly:**
- Title bar shows "Language" with a "SAVE" button on the right
- The current language "English (En–US)" is selected (indicated by a checkmark ✓)
- A comprehensive language list is displayed including: Bulgarian, Czech, Danish, German, Greek, English (En–GB), Spanish, Finnish, French, Hebrew, Hindi, Croatian, Hungarian, and more

The page renders properly with a clean list format. Now let me scroll down to see more languages and check the full list.
[step 4] Action: scroll down (640, 400) scroll_amount 5
[step 4] Reasoning: The page scrolls smoothly. More languages are visible: Danish, German, Greek, English (En–GB), Spanish, Finnish, French, Hebrew, Hindi, Croatian, Hungarian, Indonesian, Italian, Japanese. Let me continue scrolling to see the complete list.
[step 5] Action: scroll down (640, 400) scroll_amount 5
[step 5] Reasoning: Scrolling continues to work smoothly. Now I can see more languages: Japanese, Korean, Norwegian, Dutch, Polish. Let me scroll down further to see the complete list.
[step 6] Action: scroll down (640, 400) scroll_amount 5
[step 6] Reasoning: More languages visible: Hungarian, Indonesian, Italian, Japanese, Korean, Norwegian, Dutch, Polish, Portuguese (Pt–BR), Portuguese (Pt–PT), Romanian, Russian. Let me scroll down to see if there are more languages.
[step 7] Action: scroll down (640, 400) scroll_amount 3
[step 7] Reasoning: More languages are showing: Slovak, Swedish, Thai, Turkish (partially visible). Let me scroll down a bit more to see the end of the list.
[step 8] Action: scroll down (640, 400) scroll_amount 3
[step 8] Reasoning: I can see more languages near the end: Romanian, Russian, Slovak, Swedish, Thai, Turkish, Ukrainian, and Vietnamese (partially visible). Let me scroll a bit more to confirm the end of the list.
[step 9] Action: scroll down (640, 400) scroll_amount 3
[step 9] Reasoning: I can see the end of the language list is approaching. I can see Vietnamese, Chinese (中文), and Arabic (العربية) with an "Online" badge. I notice an **"Online" badge** (red/pink pill) next to Arabic — this is worth noting as a visual element. Let me scroll down a bit more to confirm if Arabic is the last entry.
[step 10] Action: scroll down (640, 400) scroll_amount 3
[step 10] Reasoning: Now I can see more languages at the bottom of the list including Arabic (العربية) with "Online" badge, Bengali (বাংলা) with "Online" badge, and Persian (فارسی) with "Online" badge. Let me scroll down one more time to see if there are more languages.
[step 11] Action: scroll down (640, 400) scroll_amount 3
[step 11] Reasoning: I can see more "Online" labeled languages: Arabic, Bengali, Persian, Khmer (ខេមរភាសា), Lao (ລາວ), and there appears to be another one partially visible at the bottom. Let me scroll down one final time to see all languages.
[step 12] Action: scroll down (640, 400) scroll_amount 5
[step 12] Reasoning: More "Online" languages visible: Macedonian (Македонски Јазик), Malayalam (മലയാളം), Nepali (नेपाली). Let me scroll one more time to see the complete end of the list.
[step 13] Action: scroll down (640, 400) scroll_amount 5
[step 13] Reasoning: I can see more "Online" languages: Tetum (Portuguese), Sinhala (සිංහල), Albanian (Shqip). Let me scroll down one final time to see the very end of the list.
[step 14] Action: scroll up (640, 400) scroll_amount 20
[step 14] Reasoning: I can see the end of the language list. The list ends with:
- Serbian (Srpski Jezik Sr–RS) - Online
- Serbian (Српски Језик Sr–SP) - Online
- **"MORE LANGUAGES"** link at the very bottom

This is a comprehensive language list. Now let me test selecting a language - I'll click on "Deutsch" (German) to test language switching functionality. First, let me scroll back up to find it.
[step 15] Action: key: ctrl+Home
[step 15] Reasoning: I'm not yet at the top. Let me scroll up more.
[step 16] Action: key: super+Up
[step 16] Reasoning: The page doesn't seem to scroll to the top with Ctrl+Home. Let me try using Cmd+Home on macOS.
[step 17] Action: left_click (640, 400)
[step 17] Reasoning: The page doesn't appear to scroll to the top. Let me try clicking on the page first and then using keyboard shortcut, or just use the scroll to go back up to select Deutsch (German).
[step 18] Action: scroll up (640, 400) scroll_amount 20
[step 18] Reasoning: Excellent! I clicked on "Русский / Russian" and it now shows a **✓ checkmark** next to it, indicating the language selection is working correctly! The click registered and selected Russian as the new language. 

Now let me scroll up to find Deutsch (German) to test selecting another language, and also confirm the list scrolls back to the top properly.
[step 19] Action: left_click (640, 169)
[step 19] Reasoning: I can now see Deutsch (German) in the list. Let me click on it to select German as the language.
[step 20] Action: scroll up (640, 400) scroll_amount 10
[step 20] Reasoning: **Deutsch (German)** is now selected with a **✓ checkmark** next to it. The language selection works correctly - switching between languages is responsive and instant. 

Now let me scroll up to verify the top of the list (English should no longer have the checkmark) and then test the SAVE button and back navigation.
[step 21] Action: scroll up (640, 400) scroll_amount 5
[step 21] Reasoning: Now I can see the complete top of the language list. The current state shows:
- **English (En–US)** at the top — **no checkmark** (was previously selected)
- **Deutsch / German** — shows **✓ checkmark** (currently selected)

This confirms the language switching works correctly. Now let me scroll up further to see if there's a top header, and then test the SAVE button.
[step 22] Action: left_click (1258, 79)
[step 22] Reasoning: I notice that the list starts with "English (En–US)" at the top of the visible content, but the page doesn't scroll further up (the fixed header "Language" bar with the SAVE button is already visible at the top). This means the list starts directly with "English (En–US)" which seems to be the topmost item, and **there's no visible scroll indicator or "scroll to top" button** — this could be a minor UX issue. But functionally, the list starts with English (En–US) at the top.

Now let me click the **SAVE** button to test saving the language selection.
[step 23] Action: left_click (16, 79)
[step 23] Reasoning: 🎉 **Excellent! The SAVE button worked perfectly!** 

The language has been changed to **German (Deutsch)** and the UI is now displaying in German:
- **"Einstellungen"** (Settings) in the header
- **"Menschen"** (People) section with "Gast" (Guest) and "EINLOGGEN ANMELDEN" (Login/Signup)
- **"Sprache"** (Language) section with two "Sprache" options
- **"System"** with "Export", "Einführen" (Import), "Symbole" (Symbols), "Anzeige" (Display), "Scannen" (Scanning), "Navigation und Schaltflächen" (Navigation and Buttons)
- **"Hilfe"** (Help) with "Benutzerhilfe" (User Help), "Über Cboard" (About Cboard), "Spenden" (Donate), "Feedback"
- URL changed to `localhost:3000/settings` — it navigated back to Settings page after saving

Now let me test the **back navigation** by clicking the **← arrow** in the top-left corner to go back to the main board.

**⚠️ Visual anomaly noted:** I notice there are **two identical "Sprache" (Language) items** in the Language section — both show the same globe icon and language icon with the text "Sprache". One should be "Language" and the other should be "Speech". This might be a translation bug where both labels are translated to "Sprache" instead of differentiating them.

Now let me click the back button (← arrow) to navigate back.
[step 24] Action: Open url: http://localhost:3000/settings/language
[step 24] Reasoning: 🎉 **Back navigation worked perfectly!** The application navigated to the main board (`localhost:3000/board/HJmKTw2vT-`), and the entire UI is now displayed in **German**:

- Board title: **"GETRÄNKE"** (Beverages/Drinks)
- Cards now show German labels: "Ich habe Durst" (I'm thirsty), "Ich will" (I want), "Ich mag nicht" (I don't like), "Getränk" (Drink), "Wasser" (Water), "Orangensaft" (Orange juice)
- Second row: "Apfelsaft" (Apple juice), "Traubensaft" (Grape juice), "Cranberrysaft" (Cranberry juice), "Ananassaft" (Pineapple juice), "Limonade" (Lemonade), "Milch" (Milk)
- Third row: "Milchshake", "heiße Schokolade" (Hot chocolate), "Tee" (Tea), "Kaffee" (Coffee), "Wein" (Wine), "Bier" (Beer)

The German language was successfully applied throughout the entire application. Now let me navigate back to the settings to change the language back to English to restore the original state, and then go to the Settings → Language page to test the back button from that page.
[step 25] Action: screenshot
[step 25] Reasoning: The Language settings page is loading (showing a spinner animation). The header now shows "Sprache" (German for Language) and "SPEICHERN" (German for Save), confirming the German language is active. Let me wait for the page to fully load.
[step 26] Action: left_click (640, 397)
[step 26] Reasoning: The language settings page has loaded and now shows everything in German:
- Header shows **"Sprache"** (Language) and **"SPEICHERN"** (Save)
- **Deutsch** is selected with a **✓ checkmark** at the top
- All language names below are translated to German: "Bulgarisch", "Tschechisch" (Czech), "Dänisch" (Danish), "Griechisch" (Greek), "Englisch", "Spanisch", "Finnisch", "Französisch", "Hebräisch", "Hindi", "Kroatisch" (Croatian)

Now let me select English (En–US) to restore the original language, then save.
[step 27] Action: left_click (1251, 79)
[step 27] Reasoning: **English (En–US)** is now selected with a **✓ checkmark**. Deutsch no longer has the checkmark. Now let me click **SPEICHERN (SAVE)** to save and restore English.
[step 28] Action: left_click (16, 79)
[step 28] Reasoning: 🎉 **The application has been restored to English successfully!** The Settings page now shows:
- **"Settings"** in the header
- **"People"** section with "Guest" and "LOGIN / SIGNUP" button
- **"Language"** section with distinct **"Language"** and **"Speech"** items
- **"System"** section with English labels
- **"Help"** section with English labels

Now let me click the **← back arrow** to navigate from the Settings page back to the main board, completing the final navigation test.
[step 29] Action: DONE
[step 29] Reasoning: 🎉 **All tests completed successfully!** The application is back at the main board (`localhost:3000/board/HJmKTw2vT-`) and everything is now displayed in **English**:
- Board title: **"DRINKS"**
- Cards: "I'm thirsty", "I want", "I dislike", "drink", "water", "orange juice", "apple juice", "grape juice", "cranberry juice", "pineapple juice", "lemonade", "milk", "milkshake", "hot chocolate", "tea", "coffee", "wine", "beer"

---

## 测试完整报告总结

### ✅ 成功项目

| 测试项目 | 结果 | 详情 |
|---------|------|------|
| **进入设置页面** | ✅ 通过 | 成功导航到 `http://localhost:3000/settings` |
| **点击 Language 选项** | ✅ 通过 | 成功进入 `http://localhost:3000/settings/language` |
| **语言设置页面加载** | ✅ 通过 | 页面正常加载和渲染，显示"Language"标题和"SAVE"按钮 |
| **显示语言列表** | ✅ 通过 | 完整显示了大量语言选项，包含离线语言和"Online"标记的在线语言 |
| **页面滚动响应** | ✅ 通过 | 语言列表可以顺畅上下滚动 |
| **选择语言（点击切换）** | ✅ 通过 | 点击语言条目立即显示 ✓ 勾选标记，响应灵敏不卡顿 |
| **保存语言设置** | ✅ 通过 | SAVE 按钮成功保存设置并返回 Settings 页面，整体 UI 切换为德语 |
| **返回导航** | ✅ 通过 | 点击 ← 返回箭头成功导航回主看板页面 |
| **语言恢复** | ✅ 通过 | 重新选择 English (En–US) 并保存后，UI 成功恢复为英语 |

### ⚠️ 发现的潜在问题（Bug）

1. **德语翻译中语言设置菜单重复标签**：在德语模式下的 Settings 页面中，"Language" 和 "Speech" 两个选项都被翻译为了 **"Sprache"**（德语中"语言"和"语音"的翻译相同/混用），导致用户无法区分这两个选项。建议分别使用"Sprache"（语言）和"Sprache / Aussprache"（语音）来区分。

2. **页面初始显示位置**：语言设置页面打开时，已选语言（如 English En–US）排列靠前，但首次进入页面时没有自动滚动到选中项（在当前选中为 Deutsch 时，Deutsch 是列表前几项，问题不明显，但若选中项在列表很后面时可能体验不佳）。

3. **"MORE LANGUAGES"链接**：在列表底部发现了"MORE LANGUAGES"链接，功能尚未测试，可作为后续测试点。

### 整体结论
语言设置页面**功能正常**，加载、渲染、滚动、选择、保存、返回导航均按预期工作，未发现严重功能性 Bug。
Evaluating task result...

==================================================
Task: 当前 Chrome 已打开 Cboard (http://localhost:3000/)，一个 AAC 看板应用。测试语言设置页面功能。操作步骤：1. 找到并进入设置页面（Settings）——可以直接导航到 http://localhost:3000/settings；2. 在设置页面中找到语言设置（Language）选项并点击进入；3. 观察语言设置页面是否正常加载和渲染；4. 查看是否显示了语言列表或 TTS voices 列表；5. 尝试滚动、点击选项、切换语言等操作，确认页面正常响应不卡住；6. 点击返回上一页确认导航正常。始终在浏览器内操作，禁止打开 Terminal。macOS 系统用 Cmd 替代 Ctrl。
Status: COMPLETED
Total steps: 29
Last action: DONE
Last reasoning: 🎉 **All tests completed successfully!** The application is back at the main board (`localhost:3000/board/HJmKTw2vT-`) and everything is now displayed in **English**:
- Board title: **"DRINKS"**
- Cards: "I'm thirsty", "I want", "I dislike", "drink", "water", "orange juice", "apple juice", "grape juice", "cranberry juice", "pineapple juice", "lemonade", "milk", "milkshake", "hot chocolate", "tea", "coffee", "wine", "beer"

---

## 测试完整报告总结

### ✅ 成功项目

| 测试项目 | 结果 | 详情 |
|---------|------|------|
| **进入设置页面** | ✅ 通过 | 成功导航到 `http://localhost:3000/settings` |
| **点击 Language 选项** | ✅ 通过 | 成功进入 `http://localhost:3000/settings/language` |
| **语言设置页面加载** | ✅ 通过 | 页面正常加载和渲染，显示"Language"标题和"SAVE"按钮 |
| **显示语言列表** | ✅ 通过 | 完整显示了大量语言选项，包含离线语言和"Online"标记的在线语言 |
| **页面滚动响应** | ✅ 通过 | 语言列表可以顺畅上下滚动 |
| **选择语言（点击切换）** | ✅ 通过 | 点击语言条目立即显示 ✓ 勾选标记，响应灵敏不卡顿 |
| **保存语言设置** | ✅ 通过 | SAVE 按钮成功保存设置并返回 Settings 页面，整体 UI 切换为德语 |
| **返回导航** | ✅ 通过 | 点击 ← 返回箭头成功导航回主看板页面 |
| **语言恢复** | ✅ 通过 | 重新选择 English (En–US) 并保存后，UI 成功恢复为英语 |

### ⚠️ 发现的潜在问题（Bug）

1. **德语翻译中语言设置菜单重复标签**：在德语模式下的 Settings 页面中，"Language" 和 "Speech" 两个选项都被翻译为了 **"Sprache"**（德语中"语言"和"语音"的翻译相同/混用），导致用户无法区分这两个选项。建议分别使用"Sprache"（语言）和"Sprache / Aussprache"（语音）来区分。

2. **页面初始显示位置**：语言设置页面打开时，已选语言（如 English En–US）排列靠前，但首次进入页面时没有自动滚动到选中项（在当前选中为 Deutsch 时，Deutsch 是列表前几项，问题不明显，但若选中项在列表很后面时可能体验不佳）。

3. **"MORE LANGUAGES"链接**：在列表底部发现了"MORE LANGUAGES"链接，功能尚未测试，可作为后续测试点。

### 整体结论
语言设置页面**功能正常**，加载、渲染、滚动、选择、保存、返回导航均按预期工作，未发现严重功能性 Bug。

==================================================

UI window closed
