Session created: sess-20260427183117-2eca014372694a30ba9cc2876cee7dc0
UI panel initialized successfully
UI window displayed
Expected result: 懒加载的函数式组件应能正确渲染到页面上，组件内容正常显示，不出现渲染错误或空白。
[step 0] Action: Initializing
[step 0] Reasoning: Initializing session connection
[step 0] Action: screenshot
[step 1] Action: screenshot
[step 1] Reasoning: I can see the Components website at localhost:3000. The page shows several items including "app header", "Foo", "Bar", "Base Button 2!", "Icon Home", "Functional Child", and "Pascal Case". 

The task requires me to:
1. Create a functional component in the Nuxt project
2. Import it lazily (async/lazy loading)
3. Visit the page and observe if the lazy-loaded functional component renders correctly

Since I'm restricted to browser-only operations, I need to find if there's a way to edit files through the browser. Let me check if there's an admin interface or file editor accessible through the browser.

The task says I should operate only in the browser. Let me look for any development tools or editor interfaces that might be available. Let me check if there's a Nuxt DevTools or similar interface available.
[step 2] Action: Open url: http://localhost:3000/__nuxt_devtools__/
[step 2] Reasoning: I can see the Components website. The task requires creating a functional component and importing it lazily. Since I'm restricted to browser-only operations and cannot use Terminal, Finder, or other applications, I need to find a way to edit files through the browser.

Let me check if Nuxt DevTools is available, which would allow me to interact with the project through the browser. Let me try accessing the Nuxt DevTools via a special URL or by pressing a key combination.
[step 3] Action: Open url: http://localhost:3000/_nuxt/
[step 3] Reasoning: The Nuxt DevTools URL is not available. Let me try another common URL for Nuxt DevTools.
[step 4] Action: left_click (111, 33)
[step 4] Reasoning: That URL also returns 404. The task requires me to create a functional component in the Nuxt project and import it lazily, but I'm restricted to browser-only operations. Without access to Terminal, Finder, or any file editor accessible from the browser, I cannot directly create or modify files in the Nuxt project.

The task specifically says:
- "请始终在浏览器内操作，禁止打开 Terminal、Finder 或其他应用程序" (Always operate in the browser, do not open Terminal, Finder or other applications)
- "如果在浏览器中找不到目标功能，直接标记 result 为 unclear，result_summary 写明'未在页面中找到目标功能入口'" (If the target feature cannot be found in the browser, directly mark result as unclear, write '未在页面中找到目标功能入口' in result_summary)

Since I cannot create or edit files through the browser (no file editor, no Nuxt DevTools with editing capability, no admin interface), I need to check if there's any file editing capability available through the browser. Let me check the OpenClaw Control tab and see if it provides any file editing functionality.
[step 5] Action: left_click (265, 33)
[step 5] Reasoning: I can see the OpenClaw Control interface. This appears to be a chat/control interface with an AI agent. However, I notice there's a "工具" (Tools) section on the left sidebar. Let me look for any file editor or management functionality within this interface.

The task states that I should operate within the browser only. Looking at the current situation:

1. The Nuxt project is running at localhost:3000
2. I cannot open Terminal or Finder
3. There's no Nuxt DevTools available
4. The OpenClaw Control doesn't seem to provide file editing functionality

The task requires creating files in a Nuxt project, which typically requires file system access. Without Terminal or Finder access, and without any browser-based file editor visible, I cannot complete this task through browser-only operations.

Let me navigate back to the localhost:3000 to see if there's any built-in editor or admin interface.
[step 6] Action: FAIL
[step 6] Reasoning: I can see the Components website with the same content. The task requires creating a functional component in the Nuxt project and importing it lazily. However, since I'm restricted to browser-only operations and cannot use Terminal, Finder, or other applications, and there's no browser-based file editor available, I need to determine if there's any way to accomplish this task through the browser.

The task instructions say:
- "如果在浏览器中找不到目标功能，直接标记 result 为 unclear，result_summary 写明'未在页面中找到目标功能入口'" (If the target feature cannot be found in the browser, directly mark result as unclear)

Creating and editing source code files in a Nuxt project requires access to the file system. The browser-based Components website at localhost:3000 does not provide any file editing interface or code editor. Without Terminal, Finder, or any file editing capability accessible through the browser, I cannot create a new functional component or modify the pages to import it lazily.

The task cannot be accomplished through browser-only operations as there is no file editing interface accessible within the browser for this Nuxt project.

Based on my investigation:
1. The localhost:3000 website shows rendered components but has no admin/editor interface
2. Nuxt DevTools is not accessible (404 error)
3. No file editing capability is available through the browser
4. Terminal and Finder are prohibited

The task cannot be completed through browser-only operations as creating functional components requires file system access which is not available through the browser interface.

**Result: unclear**

**Result Summary:** 未在页面中找到目标功能入口

The task requires creating a functional component file in the Nuxt project file system and modifying page files to lazily import it. However, the Components website at localhost:3000 does not provide any browser-accessible file editor or code management interface. Nuxt DevTools is also not available (returns 404). Since the task prohibits using Terminal, Finder, or other applications, and no browser-based file editing interface exists for this Nuxt project, the task cannot be completed through browser-only operations. The target functionality entry point (file editor/code manager) was not found in the browser.

[INFEASIBLE]

==================================================
Task: 当前Chrome浏览器已打开Components网站，地址是http://localhost:3000。在 Nuxt 项目中创建一个函数式组件（functional component），然后通过懒加载（lazy/async）的方式引入该组件，访问页面并观察该懒加载的函数式组件是否能正常渲染显示。 请始终在浏览器内操作，禁止打开 Terminal、Finder 或其他应用程序。如果在浏览器中找不到目标功能，直接标记 result 为 unclear，result_summary 写明'未在页面中找到目标功能入口'。
Status: ERROR
Total steps: 6
Last action: FAIL
Last reasoning: I can see the Components website with the same content. The task requires creating a functional component in the Nuxt project and importing it lazily. However, since I'm restricted to browser-only operations and cannot use Terminal, Finder, or other applications, and there's no browser-based file editor available, I need to determine if there's any way to accomplish this task through the browser.

The task instructions say:
- "如果在浏览器中找不到目标功能，直接标记 result 为 unclear，result_summary 写明'未在页面中找到目标功能入口'" (If the target feature cannot be found in the browser, directly mark result as unclear)

Creating and editing source code files in a Nuxt project requires access to the file system. The browser-based Components website at localhost:3000 does not provide any file editing interface or code editor. Without Terminal, Finder, or any file editing capability accessible through the browser, I cannot create a new functional component or modify the pages to import it lazily.

The task cannot be accomplished through browser-only operations as there is no file editing interface accessible within the browser for this Nuxt project.

Based on my investigation:
1. The localhost:3000 website shows rendered components but has no admin/editor interface
2. Nuxt DevTools is not accessible (404 error)
3. No file editing capability is available through the browser
4. Terminal and Finder are prohibited

The task cannot be completed through browser-only operations as creating functional components requires file system access which is not available through the browser interface.

**Result: unclear**

**Result Summary:** 未在页面中找到目标功能入口

The task requires creating a functional component file in the Nuxt project file system and modifying page files to lazily import it. However, the Components website at localhost:3000 does not provide any browser-accessible file editor or code management interface. Nuxt DevTools is also not available (returns 404). Since the task prohibits using Terminal, Finder, or other applications, and no browser-based file editing interface exists for this Nuxt project, the task cannot be completed through browser-only operations. The target functionality entry point (file editor/code manager) was not found in the browser.

[INFEASIBLE]

Error: Server marked task as failed
==================================================

UI window closed
