Session created: sess-20260422192333-de7d9dd6c37148ad8060a0a3a07886a2
UI panel initialized successfully
UI window displayed
Expected result: 1. 使用 index.vue 命名的组件能够被 Nuxt 自动扫描识别并正确注册，页面中可以正常渲染该组件；2. 当同一目录下同时存在 index.vue 和同名组件文件时，控制台显示警告信息提示重复注册，第二个及之后的匹配被忽略，但第一个注册的组件仍正常工作和显示。
[step 0] Action: Initializing
[step 0] Reasoning: Initializing session connection
[step 0] Action: screenshot
[step 1] Action: left_click (248, 13)
[step 1] Reasoning: The page shows "M is Awesome!" at localhost:3000. This appears to be a basic Nuxt project. The task requires me to:

1. Create a component directory structure `components/base/Button/index.vue`
2. Use `<BaseButton />` in a page
3. Test when both `index.vue` and `Button.vue` exist in the same directory

The task says to always operate within the browser. Let me check if there's any file editor or management interface available on the website. Let me also check the other tabs.
[step 2] Action: left_click (449, 13)
[step 2] Reasoning: This tab is blank. Let me check the OpenClaw Control tab and also look for any file management interface in the localhost:3000 site. Let me navigate back to localhost:3000 and explore it further.
[step 3] Action: left_click (113, 13)
[step 3] Reasoning: The task requires me to:
1. Create component files in the Nuxt project
2. Test auto-scanning and registration
3. Use `<BaseButton />` in a page
4. Test duplicate registration warnings

The task explicitly states "禁止打开 Terminal、Finder 或其他应用程序" (prohibit opening Terminal, Finder, or other applications) and to "始终在浏览器内操作" (always operate within the browser).

The website only shows "M is Awesome!" with no file editor or management interface. I need to check if there's any editor available through the browser. Let me check the Nuxt DevTools which might be available at a special URL, or check if there's some web-based editor.

Let me try accessing common Nuxt DevTools paths and also check the OpenClaw Control tab.
[step 4] Action: left_click (449, 13)
[step 4] Reasoning: This is an AI agent control panel (OpenClaw Control). I can see it has Tool calls being made. The task says to always operate within the browser and prohibits opening Terminal, Finder, or other apps.

The task requires creating files in the Nuxt project file system. Since I cannot use the Terminal, I need to find another way to create files within the browser. Let me check if there's a Nuxt DevTools interface or any web-based file editor available.

Let me try accessing the Nuxt DevTools at `http://localhost:3000/__nuxt_devtools__/` or similar:
[step 5] Action: left_click (138, 42)
[step 5] Reasoning: The website only shows "M is Awesome!" with no visible UI for file management. Let me try to check if Nuxt DevTools is available, and also open the browser console to examine the page more carefully.

Let me try the Nuxt DevTools URL:
[step 6] Action: type: localhost:3000/__...
[step 7] Action: screenshot
[step 8] Action: screenshot
[step 8] Reasoning: It seems the navigation already happened. Let me wait for the page to load:
[step 9] Action: left_click (197, 70)
[step 9] Reasoning: The autocomplete is still showing. Let me click on the suggestion to navigate:
[step 10] Action: left_click (14, 42)
[step 10] Reasoning: The Nuxt DevTools page is not found. The task requires creating files in the Nuxt project, but I can only operate within the browser. Since the website doesn't have a file management interface and the Nuxt DevTools are not available, and I cannot use Terminal or other applications, I need to determine if there's any other way to create files through the browser.

The task explicitly prohibits opening Terminal, Finder, or other applications. Without the ability to create files on the filesystem through the browser, this task cannot be completed as described.

However, let me reconsider - let me check if there's a web-based code editor running on another port (like a VS Code Server, Jupyter, or similar) that might allow file creation. Let me also look more carefully at the existing page.

Let me navigate back and check the page source to understand the project structure better:
[step 11] Action: FAIL
[step 11] Reasoning: The page shows only "M is Awesome!" - a basic Nuxt page. The task requires creating files in the project structure which requires file system access. Since:

1. The website at localhost:3000 only shows "M is Awesome!" with no file management UI
2. Nuxt DevTools is not available at `localhost:3000/__nuxt_devtools__/`
3. Terminal, Finder, and other applications are prohibited
4. There is no file editor accessible through the browser

The task requires creating component files (`components/base/Button/index.vue`) and modifying page files, which fundamentally requires file system access. Without a browser-accessible file editor or management interface, this task cannot be performed entirely within the browser.

Based on the task's instructions: "如果在浏览器中找不到目标功能，直接标记 result 为 unclear，result_summary 写明'未在页面中找到目标功能入口'"

Since there is no file creation/editing functionality available within the browser interface at localhost:3000, and no browser-accessible code editor or Nuxt DevTools found, I must mark this task as unclear.

**结论 / Conclusion:**

经过检查，localhost:3000 页面仅显示"M is Awesome!"，没有任何文件管理或代码编辑功能。Nuxt DevTools (localhost:3000/__nuxt_devtools__/) 也不可用（显示404）。在禁止打开 Terminal、Finder 或其他应用程序的限制下，无法在浏览器内完成以下操作：
- 创建 `components/base/Button/index.vue` 文件
- 修改页面文件添加 `<BaseButton />` 标签
- 创建 `components/base/Button/Button.vue` 文件

**未在页面中找到目标功能入口**

[INFEASIBLE]

==================================================
Task: 当前Chrome浏览器已打开Components网站，地址是http://localhost:3000。在 Nuxt 项目中，创建一个组件目录结构，例如 components/base/Button/index.vue，验证该组件是否能被自动扫描并正确注册，在页面中使用 <BaseButton /> 标签引用该组件，观察组件是否正常渲染。同时测试当同一目录下同时存在 index.vue 和 Button.vue 时，检查控制台是否有重复注册的警告信息，并确认组件仍能正常显示。 请始终在浏览器内操作，禁止打开 Terminal、Finder 或其他应用程序。如果在浏览器中找不到目标功能，直接标记 result 为 unclear，result_summary 写明'未在页面中找到目标功能入口'。
Status: ERROR
Total steps: 11
Last action: FAIL
Last reasoning: The page shows only "M is Awesome!" - a basic Nuxt page. The task requires creating files in the project structure which requires file system access. Since:

1. The website at localhost:3000 only shows "M is Awesome!" with no file management UI
2. Nuxt DevTools is not available at `localhost:3000/__nuxt_devtools__/`
3. Terminal, Finder, and other applications are prohibited
4. There is no file editor accessible through the browser

The task requires creating component files (`components/base/Button/index.vue`) and modifying page files, which fundamentally requires file system access. Without a browser-accessible file editor or management interface, this task cannot be performed entirely within the browser.

Based on the task's instructions: "如果在浏览器中找不到目标功能，直接标记 result 为 unclear，result_summary 写明'未在页面中找到目标功能入口'"

Since there is no file creation/editing functionality available within the browser interface at localhost:3000, and no browser-accessible code editor or Nuxt DevTools found, I must mark this task as unclear.

**结论 / Conclusion:**

经过检查，localhost:3000 页面仅显示"M is Awesome!"，没有任何文件管理或代码编辑功能。Nuxt DevTools (localhost:3000/__nuxt_devtools__/) 也不可用（显示404）。在禁止打开 Terminal、Finder 或其他应用程序的限制下，无法在浏览器内完成以下操作：
- 创建 `components/base/Button/index.vue` 文件
- 修改页面文件添加 `<BaseButton />` 标签
- 创建 `components/base/Button/Button.vue` 文件

**未在页面中找到目标功能入口**

[INFEASIBLE]

Error: Server marked task as failed
==================================================

UI window closed
