Session created: sess-20260427184244-c196ae3a003f4b07a667ea9cb81bee2c
UI panel initialized successfully
UI window displayed
Expected result: 选中文本后切换到中文输入法输入中文时，编辑器应正常接受输入并显示中文字符，不应出现客户端异常错误（如 'Application error: a client-side exception has occurred'），页面保持正常可用状态。
[step 0] Action: Initializing
[step 0] Reasoning: Initializing session connection
[step 0] Action: screenshot
[step 1] Action: left_click (640, 400)
[step 1] Reasoning: I can see the Editable Docs website is open. I need to find an editor where I can select text and input Chinese characters. Let me navigate to the Playground section which likely has an interactive editor.
[step 2] Action: left_click (42, 245)
[step 2] Reasoning: I can see the Playground option in the left sidebar. Let me click on it to find the interactive editor.
[step 3] Action: screenshot
[step 3] Reasoning: The Playground page is loading. Let me wait for it to fully load.
[step 4] Action: left_click (460, 220)
[step 4] Reasoning: The Playground has loaded and I can see an editor with:
- "Hello, **This** is a Paragraph" (first line with large text)
- "A line of text in a paragraph." (second line)

There's a toolbar at the top with formatting options. Now I need to:
1. Select one or more lines of text in the editor
2. Switch to Chinese input method
3. Type Chinese characters and observe if the editor responds normally

Let me first click on the first line of text to place my cursor there, then select the entire line.
[step 5] Action: key: Home
[step 5] Reasoning: I can see the cursor is now in the first line of the editor. I can see the font size changed to "28px" for this line, indicating it's a heading-like paragraph. Now let me select the entire first line by pressing Home key first to go to the beginning, then Shift+End to select the whole line.
[step 6] Action: key: shift+End
[step 6] Reasoning: Good, the cursor is now at the beginning of "This" in the first line. Now let me select the entire first line using Shift+End to extend the selection to the end of the line.
[step 7] Action: triple_click
[step 7] Reasoning: I can see the cursor is in the editor but I'm not sure if the text was selected visually - it's hard to tell from the screenshot. Let me try triple-clicking on the first line to select all the text in that line, which is a more reliable method.
[step 8] Action: key: ctrl+space
[step 8] Reasoning: Excellent! I can now see that the first line "Hello, **This** is a Paragraph" is selected (highlighted in blue). A formatting toolbar has appeared below the selection with options like B, I, U, S, H1, H2, H3, etc.

Now I need to switch to Chinese input method and type Chinese characters. Let me switch to the Chinese input method using the macOS shortcut (Ctrl+Space or the input menu). I'll use the macOS way to switch input methods.

Let me first check what input methods are available by looking at the menu bar, then switch to Chinese input.
[step 9] Action: screenshot
[step 9] Reasoning: I can see the input method has changed - the menu bar now shows "A" (English) has changed. Looking at the top-right area of the screen, I can see a language indicator that appears to have changed. The text is still selected. Let me zoom in on the menu bar to see what the current input method is.
[step 10] Action: mouse_move (1091, 11)
[step 10] Reasoning: I can see the text is still selected (highlighted in blue). The input method indicator shows "A" in the top-right menu bar area. I need to check if the Chinese input method was activated. Looking at the top-right corner, I can see there's an "A" icon which might indicate the input method.

Let me look more carefully at the top-right area to understand the current input method status. Let me zoom in on the menu bar.
[step 11] Action: left_click (460, 220)
[step 11] Reasoning: I can see the text is still selected. I can see "A" in the top right menu bar indicating the input method. The Ctrl+Space shortcut switched the input to Chinese. Now I need to verify that I'm now in Chinese input mode and type some Chinese characters.

Looking at the top right corner, I can see there's an "A" icon which could mean it's still English input. Let me check the system input method status by clicking the input method indicator in the menu bar.

Actually, I notice that after pressing Ctrl+Space, the text is still selected and we see "A" but this might have toggled to Chinese already. Let me now type some Chinese characters using pinyin. With Chinese input method, I need to type pinyin and then select the Chinese character. Let me type "nihao" which should produce "你好".
[step 12] Action: triple_click
[step 12] Reasoning: I see the selection was deselected when I clicked on the editor. Now the cursor is placed in the first line. I need to re-select the text. Let me triple-click to select the whole first line again, and then I need to be careful about maintaining the selection while typing.

Actually, looking at the task again, the goal is to:
1. Select one or more lines of text
2. Use Chinese IME to input Chinese characters
3. Observe if the editor responds normally

The typical behavior when you have text selected and type, it should replace the selected text. But with Chinese IME, it first shows the pinyin/composition state and then converts to Chinese characters.

Let me triple-click to select the first line again:
[step 13] Action: type: ni
[step 13] Reasoning: The first line "Hello, **This** is a Paragraph" is selected again (shown in blue highlight). I can see a formatting toolbar below the selection.

Now I need to check the input method. Looking at the menu bar top-right, I can see "A" - this seems to be still English. Let me check by looking for the input indicator more carefully. I pressed Ctrl+Space earlier which may have switched to Chinese input. 

Now let me try typing Chinese characters. Since I previously pressed Ctrl+Space which should have switched to the Chinese input method (if it was available), let me try typing "nihao" to see if the IME is activated.

But first, I should keep the text selected. The issue is that when I click the input method indicator it may deselect the text. Let me try typing directly with the current state (text selected) and see what happens. I'll type some pinyin to trigger the Chinese IME.
[step 14] Action: key: ctrl+z
[step 14] Reasoning: I can see that typing "ni" replaced the entire first line "Hello, **This** is a Paragraph" with just "ni". This indicates the text replacement worked - the selected text was replaced. However, the input method is currently in English mode (the "A" in the menu bar suggests it's in English/ABC mode), so "ni" was typed as plain English characters.

The Ctrl+Space shortcut I pressed earlier may not have actually switched to Chinese IME, or it may have switched back. The input method is showing "A" which is the ABC/English input.

I see the input shows "A" which might actually indicate the Chinese Pinyin input method is showing "A" (which is used for ABC input). Let me check - the "A" with a different styling might mean we're in English mode within the Chinese input.

Let me undo this change and try again with a proper Chinese input method switch. Let me press Ctrl+Z to undo.
[step 15] Action: key: cmd+z
[step 15] Reasoning: The undo didn't work - the first line still shows "ni" and the original text "Hello, This is a Paragraph" is not restored. Let me try pressing Cmd+Z (which is the macOS undo shortcut) instead of Ctrl+Z.
[step 16] Action: left_click (1091, 11)
[step 16] Reasoning: Excellent! The Cmd+Z undo worked and the original text "Hello, **This** is a Paragraph" has been restored and is currently selected (shown in blue highlight). 

Now I need to switch the input method to Chinese. I can see from the menu bar that the input method indicator is showing. Let me check the current input method by looking at the top-right area. Looking at previous screenshots, I pressed Ctrl+Space which may have switched the input method, but when I typed, it was still in English mode.

Let me try a different approach - I'll look at the input method menu in the top-right corner of the screen. The "A" icon typically represents the Pinyin input in ABC mode vs the Chinese character mode.

Let me try clicking on the input method menu item in the macOS menu bar.
[step 17] Action: left_click (1119, 47)
[step 17] Reasoning: I can see the input method menu has opened. I can see:
- ✓ **ABC** (currently selected with a checkmark)
- **简体拼音** (Simplified Chinese Pinyin)
- 显示表情与符号
- 显示虚拟键盘
- 显示输入法名称
- 打开键盘设置...

I need to select "简体拼音" (Simplified Chinese Pinyin) to switch to Chinese input method. Let me click on it.
[step 18] Action: triple_click
[step 18] Reasoning: I can see the input method has switched to "简体拼音" (Simplified Chinese Pinyin). Looking at the menu bar in the top-right, I can see a different icon (it appears to have changed from "A" to what looks like a Chinese character/Pinyin input icon).

The text is still selected "Hello, **This** is a Paragraph" (shown in blue highlight).

Now I need to click on the editor to ensure focus is on the editor, and the text is still selected. Then I'll type Chinese pinyin to input Chinese characters.

Let me click on the editor first to make sure focus is there, and then re-select the text.
[step 19] Action: type: nihao
[step 19] Reasoning: The first line "Hello, **This** is a Paragraph" is now selected again (blue highlight). I can see the formatting toolbar below the selection.

Now I need to look at the menu bar to confirm the Chinese input method is active. Let me zoom in on the top-right area to check the input method indicator.

Now let me type Chinese pinyin. With 简体拼音 input method, when I type "ni", it should show a composition/candidates popup with Chinese characters. Let me type "nihao" to input "你好".
[step 20] Action: key: cmd+z
[step 20] Reasoning: I can see that typing "nihao" resulted in plain ASCII text "nihao" appearing in the editor (the first line now shows "nihao" instead of "Hello, **This** is a Paragraph"). 

This indicates that the Chinese IME (简体拼音) was selected but when we switched input methods, the focus may have moved away from the editor to the menu bar. When I triple-clicked the editor again to reselect, the click on the menu bar area may have changed the focus, and then when I triple-clicked the editor, the input method may have switched back to ABC mode or the Chinese IME didn't properly activate in composition mode.

The issue here is that the `type` function used by the automation tool types characters directly without going through the IME composition process. The Chinese IME requires actual keyboard input to trigger the composition UI (pinyin candidates popup).

Let me undo this change and try a different approach - I'll need to verify whether the Chinese IME composition is working by observing the actual keyboard key events going through the IME.

Let me undo:
[step 21] Action: key: n
[step 21] Reasoning: The original text is restored "Hello, **This** is a Paragraph" is selected again (blue highlight). 

Now I need to type actual Chinese characters through the IME. The `type` command types characters directly without going through the IME. To properly test the Chinese IME, I need to use keyboard key events that simulate actual key presses which go through the system's input method processing.

Let me try using the `key` action to press individual keys which should go through the IME:
- First, the text is selected
- I'll press 'n', 'i', 'h', 'a', 'o' as individual key presses
- This should trigger the Chinese IME composition mode

But wait, I should first verify that the current input method is 简体拼音. Let me check the menu bar icon more closely.

Looking at the top-right corner of the menu bar, I can see there's what appears to be an input method icon. Based on the screenshot, it looks like it's changed. Let me try pressing individual keys to see if the Chinese IME composition mode activates.

Let me try pressing the key 'n' first:
[step 22] Action: key: i
[step 22] Reasoning: Excellent! The Chinese IME is now working! I can see:
1. The first line still shows "Hello, **This** is a Paragraph" with the text still selected (blue)
2. A Chinese IME composition bar has appeared below the text showing: **你** (highlighted in blue, meaning it's the composition character for "n") followed by candidate Chinese characters: 能 年 那 呢 女 😊 内 and a dropdown arrow

This is the Chinese IME composition mode working correctly! When I pressed 'n', the IME is showing the character "你" as the first candidate (shown in the selection popup below the cursor).

Now let me continue typing "i", "h", "a", "o" to complete "nihao" which should show "你好" as the top candidate:
[step 23] Action: key: h
[step 23] Reasoning: The Chinese IME composition is responding correctly! After pressing "ni", I can see:
- The first line still shows "Hello, **This** is a Paragraph" with the text still selected
- The IME composition bar now shows: **你** (highlighted, the first candidate) followed by: 尼 泥 腻 妮 拟 逆 倪 祢 ∨

The "ni" pinyin is showing multiple candidate characters. The first one "你" (you) is the highlighted candidate. Let me continue typing "h", "a", "o" to complete "nihao":
[step 24] Action: key: a
[step 24] Reasoning: Excellent! The Chinese IME is working perfectly! After typing "nih", the IME composition bar now shows:
- **你好** (highlighted, the first and top candidate!) followed by: 👋 你会 你还 你和 你很 ∨

The pinyin "nih" is correctly predicting "你好" as the first candidate! The original text "Hello, **This** is a Paragraph" is still selected in the editor (blue highlight).

Let me now press "a" and "o" to complete the "nihao" input:
[step 25] Action: key: o
[step 25] Reasoning: Interesting! After pressing "a" (now "niha"), the IME composition bar has changed and now shows:
- **你哈** (highlighted) followed by: 你 尼 泥 腻 妮 拟 ∨

It seems "niha" has a different set of candidates. Let me press "o" to complete "nihao":
[step 26] Action: key: Return
[step 26] Reasoning: The Chinese IME is working perfectly! After typing "nihao", the IME composition bar now shows:
- **你好** (highlighted, first candidate) followed by: 👋 你好吗 你号 你 你哈 尼 ∨

The first candidate is "你好" which is exactly "hello" in Chinese! The text "Hello, **This** is a Paragraph" is still selected in the editor.

Now I need to press Enter or Space to confirm the selection of "你好" as the input, which should replace the selected text:
[step 27] Action: triple_click
[step 27] Reasoning: Hmm, something unexpected happened. After pressing Return, the editor still shows "Hello, **This** is a Paragraph" in the first line (still selected in blue). The Chinese characters "你好" were NOT inserted into the editor, and the IME composition was dismissed.

It seems that pressing Return may have dismissed the IME candidates without inserting the Chinese text, OR the Return key may have triggered a new paragraph action instead of confirming the Chinese character selection.

Let me examine what happened more closely. The task status widget says it's reasoning about the state. Looking at the editor:
- First line still shows "Hello, **This** is a Paragraph" with the text selected (blue highlight)
- Second line still shows "A line of text in a paragraph."

This is unexpected behavior. When pressing Return in the Chinese IME composition popup, it should have confirmed the "你好" selection. Instead, it seems the Return key may have been intercepted by the editor's paragraph insertion behavior, not by the IME.

**This is a potential bug in the editor** - when Chinese IME is active in composition mode and the user presses Enter/Return to confirm the Chinese character selection, the editor intercepts the key event instead of allowing the IME to handle it first.

Let me try again - I'll triple-click to select the text, then type Chinese pinyin, and this time use Space key to confirm the Chinese character selection instead of Return:
[step 28] Action: key: n
[step 28] Reasoning: I can see the first line "Hello, **This** is a Paragraph" is now selected again (blue highlight) and a formatting toolbar appeared below the selection with B, I, U, S, H1, H2, H3, and other formatting options.

Now let me type Chinese characters by pressing the keys 'n', 'i', 'h', 'a', 'o' and then use Space to confirm the selection:
[step 29] Action: key: i
[step 29] Reasoning: The Chinese IME is responding to the 'n' key. I can see:
- The first line "Hello, **This** is a Paragraph" is still selected (blue)
- The IME candidates popup shows: **你** 能 年 那 昵 女 😊 内 ∨

**Interesting observation**: The formatting toolbar (B, I, U, S, H1, H2, H3...) is still showing below the text selection, while the IME composition popup is showing the candidates above the toolbar. This is a visual layout where both the text selection toolbar and the IME candidates are visible at the same time.

Now let me continue typing the rest of "nihao":
[step 30] Action: key: h
[step 30] Reasoning: Typing "ni" now shows candidate characters: **你** 尼 泥 腻 妮 拟 逆 倪 祢 ∨. The text is still selected. Let me continue:
[step 31] Action: key: space
[step 31] Reasoning: After "nih", the IME shows **你好** 👋 你会 你还 你和 你很 ∨ - "你好" is the first candidate! Let me press Space to confirm selecting "你好":
[step 32] Action: key: n
[step 32] Reasoning: The same issue occurred again - after pressing Space to confirm the Chinese character "你好", the editor still shows "Hello, **This** is a Paragraph" in the first line. The Chinese characters were NOT inserted, and the text is still selected.

This is a **bug in the editor**. When the Chinese IME is in composition mode and has selected candidates:
1. Pressing Return (Enter) - did not insert the Chinese characters
2. Pressing Space - did not insert the Chinese characters either

The editor is failing to properly handle the IME composition completion event (compositionend) and is not inserting the confirmed Chinese characters into the editor content.

Let me try one more approach - I'll try pressing the number "1" to explicitly select the first candidate from the IME list, which is a different way to confirm the selection in Chinese IME:

First, let me select the text again and try typing "nih" and then pressing "1" to select the first candidate:
[step 33] Action: key: i
[step 33] Reasoning: I can see the IME is active again with "n" typed, showing candidates: **你** 能 年 那 昵 女 😊 内 ∨. 

I notice something interesting - when I look at the composition candidate bar, it shows "你" (the first highlighted candidate) highlighted in blue. The text "Hello, **This** is a Paragraph" is still selected (with the blue background) in the editor. 

I also notice that the formatting toolbar (B, I, U, S, H1, H2, H3...) is still showing below the selected text, even while the IME composition is active.

Let me now look more carefully at what's happening. I suspect the text IS being replaced but by the wrong content. Let me try pressing "1" to explicitly pick the first candidate:

Wait, looking more carefully at the screenshots, I think the issue is that: when I press Space or Return, the selected text in the editor IS being deleted (replaced), but the Chinese characters from IME are not being inserted properly. The editor might be rejecting the compositionend event.

Let me try pressing "1" (the number key) to pick the first candidate "你":
[step 34] Action: left_click (521, 226)
[step 34] Reasoning: I see "ni" pinyin shows candidates **你** 尼 泥 腻 妮 拟 逆 倪 祢 ∨. Let me try clicking directly on "你" in the candidates list to select it:
[step 35] Action: key: Escape
[step 35] Reasoning: After clicking on "你" in the candidates list, the editor still shows "Hello, **This** is a Paragraph" unchanged! The Chinese character "你" was NOT inserted into the editor.

The candidates popup is still showing (你 尼 泥 腻 妮 拟 逆 倪 祢 ∨), which means the click on "你" in the candidates list didn't confirm the character selection.

This is a **confirmed bug in the Editable editor**. The editor is not properly handling Chinese IME input:
1. Pressing Return/Enter after IME composition does not insert Chinese characters
2. Pressing Space after IME composition does not insert Chinese characters
3. Clicking on a candidate in the candidates list does not insert Chinese characters

The Chinese IME composition (compositionstart/compositionupdate/compositionend events) is not being properly handled by the editor.

Let me try one more thing - let me escape the IME composition and try a different approach by putting the cursor at the end of a line (not replacing selected text) and then typing Chinese characters:
[step 36] Action: left_click (519, 241)
[step 36] Reasoning: After pressing Escape, the IME composition was dismissed and the text "Hello, **This** is a Paragraph" is still selected (blue). The editor also shows a drag handle (the three-line icon on the left side of the first line), suggesting the cursor/selection is still on that line.

Now let me try a different approach - click at the END of the second line (no text selected), then try to type Chinese characters:
[step 37] Action: key: End
[step 37] Reasoning: Now the cursor is placed in the second line "A line of text in a paragraph." (I can see the drag handle icon on the left of the second line). The cursor is at position around the word "paragraph".

Now let me press End to go to the end of this line, then try to type Chinese characters using the IME:
[step 38] Action: key: n
[step 38] Reasoning: Good. The cursor is now at the end of the second line "A line of text in a paragraph." (cursor is not visible in the screenshot, but it should be after the period). 

Now let me try typing Chinese characters at the cursor position (no text selected) to see if the IME works for appending new Chinese text:
[step 39] Action: key: i
[step 39] Reasoning: Excellent! I can see the Chinese IME is now active with "n" typed, showing candidates: **你** 能 年 那 昵 女 😊 内 ∨. The IME candidates popup is showing at the top of the second line (near "paragraph."). The second line shows "A line of text in a paragraph." with a cursor at the end.

Now let me try pressing Space to select the first candidate "你":
[step 40] Action: key: space
[step 40] Reasoning: This is a very interesting observation! After typing "ni", I can now see:
1. The second line shows "A line of text in a paragraphni." - The IME composition text "ni" is being displayed inline in the editor (shown with a dotted underline)!
2. The IME candidates popup has moved and is now shown below the second line with: **你** 尼 泥 腻 妮 拟 逆 倪 祢 ∨

This is great progress! The "ni" composition text is being shown inline in the editor, indicating the IME composition events ARE being handled. The editor is in the composition state.

Now let me try pressing Space to confirm the first candidate "你":
[step 41] Action: key: h
[step 41] Reasoning: **🎉 PARTIAL SUCCESS!** After pressing Space to confirm the Chinese character selection, the second line now shows "A line of text in a paragraph你." - The Chinese character "你" has been successfully inserted into the editor!

However, looking at this more carefully - the character inserted appears to be "你" (you) from the "ni" pinyin, but the period seems to still be there. The second line reads "A line of text in a paragraph你." 

Wait, actually looking at this more carefully - the text shows "A line of text in a paragraph你." - It seems the Chinese character "你" was inserted BEFORE the period "." That's because the cursor was placed BEFORE the period when I pressed End, or the composition text was inserted before the existing period character.

But wait, there's something interesting happening. The "ni" composition was inserted into the text between "paragraph" and ".". Let me look again:
- Previous state: "A line of text in a paragraph."
- After typing "ni" + Space: "A line of text in a paragraph你."

So the Chinese character "你" was inserted between "paragraph" and ".". This is correct behavior! The IME composition was inserted at the cursor position.

Now let me try to also type "好" (hao) to complete "你好":
[step 42] Action: key: space
[step 42] Reasoning: Excellent! After pressing "h", the IME is now showing candidates for "h": **好** 👋 还 和 会 很 后 话 ∨. 

The second line now shows "A line of text in a paragraph你h." - the "h" composition text is being shown inline in the editor (after "你" and before ".").

The first candidate is "好" which is what I want! Let me press Space to confirm "好":
[step 43] Action: DONE
[step 43] Reasoning: **🎉 SUCCESS!** The Chinese characters "你好" (nǐhǎo, meaning "hello" in Chinese) have been successfully inserted into the editor!

The second line now reads: **"A line of text in a paragraph你好."**

The Chinese IME input worked correctly when typing at the cursor position (without having selected text). The text was successfully:
1. "你" was inserted after typing "n" + "i" + Space
2. "好" was inserted after typing "h" + Space

Now let me summarize the findings from the complete test:

---

## Summary of Test Results

**Task:** Select text in the editor and input Chinese characters using Chinese IME, observe if the editor responds normally.

**Testing Results:**

### ✅ What WORKS:
1. **Chinese IME (简体拼音) can be activated** - successfully switched from ABC to Simplified Chinese Pinyin input method
2. **IME composition mode activates** in the editor - when typing pinyin keys, the IME candidates popup appears and the composition text is shown inline with dotted underline
3. **Chinese characters CAN be inserted** at the cursor position (when no text is selected) by:
   - Typing pinyin characters (e.g., "n", "i")
   - Pressing Space to confirm the first candidate
   - The character is correctly inserted into the editor text

### ❌ Bug Found - Chinese IME Does NOT Work with Selected Text:
When text is selected in the editor and the user attempts to input Chinese characters via IME:
1. The IME composition popup appears correctly
2. The candidates are shown correctly
3. **BUT when pressing Space/Return/clicking a candidate to confirm** - the Chinese characters are NOT inserted, and the selected text is NOT replaced
4. The editor content remains unchanged despite the IME composition completing

This is a **confirmed functional bug** in the Editable editor: **Chinese IME input fails to replace selected text** (the editor does not properly handle the `compositionend` event when text is selected, preventing the replacement of selected text with the composed Chinese characters).

The task asked specifically about selecting text and then using Chinese IME - which **does NOT work correctly**. Only the case of inserting at cursor position (no selection) works.
Evaluating task result...

==================================================
Task: 当前Chrome浏览器已打开Editable网站，地址是http://localhost:3000。在编辑器中选中一行或多行文本，然后使用中文输入法输入中文字符，观察编辑器是否正常响应并完成输入。 请始终在浏览器内操作，禁止打开 Terminal、Finder 或其他应用程序。如果在浏览器中找不到目标功能，直接标记 result 为 unclear，result_summary 写明'未在页面中找到目标功能入口'。
Status: COMPLETED
Total steps: 43
Last action: DONE
Last reasoning: **🎉 SUCCESS!** The Chinese characters "你好" (nǐhǎo, meaning "hello" in Chinese) have been successfully inserted into the editor!

The second line now reads: **"A line of text in a paragraph你好."**

The Chinese IME input worked correctly when typing at the cursor position (without having selected text). The text was successfully:
1. "你" was inserted after typing "n" + "i" + Space
2. "好" was inserted after typing "h" + Space

Now let me summarize the findings from the complete test:

---

## Summary of Test Results

**Task:** Select text in the editor and input Chinese characters using Chinese IME, observe if the editor responds normally.

**Testing Results:**

### ✅ What WORKS:
1. **Chinese IME (简体拼音) can be activated** - successfully switched from ABC to Simplified Chinese Pinyin input method
2. **IME composition mode activates** in the editor - when typing pinyin keys, the IME candidates popup appears and the composition text is shown inline with dotted underline
3. **Chinese characters CAN be inserted** at the cursor position (when no text is selected) by:
   - Typing pinyin characters (e.g., "n", "i")
   - Pressing Space to confirm the first candidate
   - The character is correctly inserted into the editor text

### ❌ Bug Found - Chinese IME Does NOT Work with Selected Text:
When text is selected in the editor and the user attempts to input Chinese characters via IME:
1. The IME composition popup appears correctly
2. The candidates are shown correctly
3. **BUT when pressing Space/Return/clicking a candidate to confirm** - the Chinese characters are NOT inserted, and the selected text is NOT replaced
4. The editor content remains unchanged despite the IME composition completing

This is a **confirmed functional bug** in the Editable editor: **Chinese IME input fails to replace selected text** (the editor does not properly handle the `compositionend` event when text is selected, preventing the replacement of selected text with the composed Chinese characters).

The task asked specifically about selecting text and then using Chinese IME - which **does NOT work correctly**. Only the case of inserting at cursor position (no selection) works.

==================================================

UI window closed
