Session created: sess-20260416172548-004d49eeb36b4c4f86f17e80df1fa074
UI panel initialized successfully
UI window displayed
Expected result: 粘贴 HTML 列表后，编辑器中应生成包含完整列表项内容的列表块，每个 li 对应的文本都应正确显示在列表项中，列表项不应为空。
[step 0] Action: Initializing
[step 0] Reasoning: Initializing session connection
[step 0] Action: screenshot
[step 1] Action: left_click (640, 417)
[step 1] Reasoning: I can see the Editor.js page is open. There's an empty paragraph block at the bottom (the cursor is visible at position with the `+` and `⠿` icons). Let me click on that empty paragraph to make sure the editor has focus, then open a new tab to a Wikipedia page to copy some list content.
[step 2] Action: key: ctrl+t
[step 2] Reasoning: Good, the editor has focus (I can see the cursor in the empty paragraph). Now I'll open a new tab and navigate to a Wikipedia page that has lists. Let me open a new tab.
[step 3] Action: key: super+t
[step 3] Reasoning: The Ctrl+T didn't open a new tab. Let me try Command+T (Mac shortcut):
[step 4] Action: Open url: https://en.wikipedia.org/wiki/Python_(programming_language)
[step 4] Reasoning: A new tab is open. I can see Wikipedia is in the bookmarks/shortcuts. Let me navigate to a Wikipedia page that has lists. I'll use the Wikipedia shortcut or type the URL directly:
[step 5] Action: scroll down (530, 400) scroll_amount 5
[step 5] Reasoning: The Wikipedia page is loading. I need to find a section with HTML lists (bullet points or numbered lists). Let me scroll down to find a section with bullet-point lists that I can select and copy.
[step 6] Action: key: Escape
[step 6] Reasoning: I can see the page is loading. Let me click somewhere to dismiss the tooltip and then scroll down more to find bullet lists.
[step 7] Action: left_click (400, 400)
[step 7] Reasoning: Let me click in the main content area to dismiss the tooltip and then scroll down to find bullet point lists.
[step 8] Action: left_click (221, 168)
[step 8] Reasoning: Good, the tooltip is dismissed. Now I need to find a section with bullet point lists. Let me click on "Design philosophy and features" in the table of contents, which typically has a list of Python's design principles.
[step 9] Action: left_click (341, 464)
[step 9] Reasoning: I can see a bullet list with Python's core philosophy items. I can see these list items:
- Explicit is better than implicit.
- Simple is better than complex.
- Readability counts.
- Special cases aren't special enough to break the rules.
- Although practicality beats purity, errors should never pass silently, unless explicitly silenced.
- There should be one— and preferably only one —obvious way to do it.

Now I need to select these list items and copy them. I'll click at the start of "Explicit is better than implicit." and drag to the end of "There should be one..." to select the list.

Let me select from the beginning of "Explicit" to the end of the last visible list item. I'll click before "Explicit" and shift-click after "do it."
[step 10] Action: left_click (699, 557)
[step 10] Reasoning: Now I'll shift-click at the end of "There should be one— and preferably only one —obvious way to do it." to select all 6 list items:
[step 11] Action: left_click (341, 464)
[step 11] Reasoning: The text doesn't appear to be selected (no blue highlight visible). Let me try a different approach - I'll click at the beginning of the bullet "Explicit" and drag to the end of "do it." to select the text:
[step 12] Action: left_click_drag (699, 557)
[step 12] Reasoning: Let me try to left_click_drag from the beginning of "Explicit" to the end of "do it." to select the list:
[step 13] Action: key: super+c
[step 13] Reasoning: I can see all 6 list items are now selected (highlighted in blue). Now let me copy them with Cmd+C:
[step 14] Action: left_click (140, 33)
[step 14] Reasoning: The list items are still selected (highlighted in blue), which means the copy was successful. Now I need to switch back to the Editor.js tab and paste the content. Let me click on the Editor.js tab:
[step 15] Action: left_click (640, 417)
[step 15] Reasoning: I'm back on the Editor.js tab. I can see the editor with the empty paragraph block (cursor visible at the bottom). I need to click on the empty paragraph to make sure it has focus, then paste:
[step 16] Action: key: super+v
[step 16] Reasoning: The editor has focus (I can see the cursor and the `+` and `⠿` icons next to the empty paragraph). Now let me paste with Cmd+V:
[step 17] Action: scroll down (640, 400) scroll_amount 3
[step 17] Reasoning: I can see something was pasted - there's a bullet point (•) appearing at the bottom of the editor area. However, it seems like the list items might not be fully rendering. I can see only a single bullet point dot (•). Let me scroll down to see if all the list items were pasted:
[step 18] Action: left_click (440, 317)
[step 18] Reasoning: This is very concerning. After pasting, the editor shows only a single bullet point (•) with **no text content**. The 6 list items from Wikipedia were not properly rendered in the editor. The paste only created what appears to be a single bullet item, but the item text is **empty** (no text visible after the bullet point).

This is a **bug** in the Editor.js paste functionality. The expected behavior would be to paste all 6 list items with their text content:
1. Explicit is better than implicit.
2. Simple is better than complex.
3. Readability counts.
4. Special cases aren't special enough to break the rules.
5. Although practicality beats purity, errors should never pass silently, unless explicitly silenced.
6. There should be one— and preferably only one —obvious way to do it.

But instead, only a single bullet point with empty content was created. Let me click on the bullet point to see if there's content in it:
[step 19] Action: left_click (640, 579)
[step 19] Reasoning: Now I can clearly see the result of the paste operation. After clicking on the item, I can see:
- There is only **one bullet point** (•) with a cursor inside it
- The text area is **completely empty** - no list item text was pasted

This confirms the bug. The paste from the Wikipedia HTML list created only a single bullet point item with **no text content**. Let me also click the `editor.save()` button to see what the editor state looks like in the JSON output:
[step 20] Action: scroll down (640, 400) scroll_amount 3
[step 20] Reasoning: I can see that clicking the `editor.save()` button didn't produce any visible output (no console/output panel appeared). Let me scroll down to see if there's any output below:
[step 21] Action: scroll down (640, 500) scroll_amount 5
[step 21] Reasoning: Now I can see the JSON output from `editor.save()`. The output area is visible at the bottom. Let me scroll down more to see the full JSON output to understand what data is in the editor:
[step 22] Action: scroll down (640, 500) scroll_amount 10
[step 22] Reasoning: I can see the JSON output. Let me scroll further down to see the list block in the JSON:
[step 23] Action: scroll down (640, 500) scroll_amount 15
[step 23] Reasoning: I can see the existing list block (SSBSguGvP7) with "Key features" content. Let me continue scrolling to find the newly pasted list block:
[step 24] Action: scroll down (640, 500) scroll_amount 15
[step 25] Action: scroll down (640, 500) scroll_amount 10
[step 26] Action: scroll down (640, 500) scroll_amount 3
[step 26] Reasoning: I found the newly pasted list block at the bottom of the JSON output. The block with id `"L_UUou-oba"` has:
- `"type" : "list"`
- `"data" : { "style" : "unordered", "meta" : {}, "items" : [ { "content" : "", "meta" : {}, "items" : [] } ] }`

This confirms the **bug**: The pasted list only contains **one item with empty content** (`"content" : ""`). None of the 6 Wikipedia list items were correctly pasted. The expected behavior would be to have 6 list items with their respective text content.

Let me scroll down a bit more to make sure this is the complete pasted block:
[step 27] Action: DONE
[step 27] Reasoning: Now I can see the complete JSON output. The last block in the editor (id: `"L_UUou-oba"`) is the pasted list block with:
```json
{
    "id": "L_UUou-oba",
    "type": "list",
    "data": {
        "style": "unordered",
        "meta": {},
        "items": [
            {
                "content": "",
                "meta": {},
                "items": []
            }
        ]
    }
}
```

This is the end of the JSON (version: "2.26.2"). The pasted list block contains only **1 item** with **empty content** (`"content": ""`).

**Test Result: FAIL**

Here is the comprehensive summary of the test findings:

---

## 测试结果报告

### 测试步骤执行情况

1. ✅ **找到编辑器**: 成功找到 Editor.js 编辑器实例（位于 `localhost:3000/example/example-dev.html`）
2. ✅ **点击编辑器空白段落**: 成功点击空白段落，编辑器获得焦点
3. ✅ **打开维基百科**: 访问了 `en.wikipedia.org/wiki/Python_(programming_language)`，找到包含无序列表的"Design philosophy and features"章节
4. ✅ **复制列表内容**: 成功选中并复制了6个列表项（"Explicit is better than implicit."等）
5. ✅ **切回编辑器并粘贴**: 点击空白段落并按 Cmd+V 粘贴

### 测试结果：**FAIL（失败）**

### 发现的 Bug

**功能性 Bug（严重）**: 从维基百科复制 HTML 无序列表（`<ul><li>...</li></ul>`）并粘贴到 Editor.js 编辑器后：

- **实际行为**: 编辑器中只生成了 **1个空内容的列表项**（`"content": ""`），6个列表项的文本内容完全丢失
- **期望行为**: 应该生成包含6个列表项的列表，每个列表项都应包含对应的文字内容
- **JSON 验证**: 通过 `editor.save()` 的 JSON 输出确认，粘贴后的 `list` 类型 block 的 `items` 数组中只有 1 条记录，且 `content` 字段为空字符串 `""`

**具体表现**:
- 视觉上：编辑器只显示一个空的 bullet point（•），后面没有任何文字
- 数据上：保存的 JSON 显示 `"content": ""` ——列表项内容为空

这是 Editor.js 粘贴处理器（paste handler）在处理来自外部网页的 HTML 列表时的重大缺陷，无法正确解析 `<li>` 元素的文本内容。
Evaluating task result...

==================================================
Task: 当前Chrome浏览器已打开@editorjs/editorjs网站，地址是http://localhost:3000/example/example-dev.html。测试从外部网页复制 HTML 列表并粘贴到 Editor.js 编辑器中的功能。具体步骤：1. 找到 Editor.js 编辑器实例（页面中央有一个编辑器可以输入内容）。2. 在编辑器中的某个空白段落处点击，使编辑器获得焦点。3. 在浏览器地址栏中打开一个新标签页，访问一个包含列表的网页（例如任意维基百科页面），从中复制一段包含列表的内容。4. 切回编辑器标签页，在编辑器空白段落中按 Cmd+V 粘贴。5. 检查粘贴后编辑器中是否正确渲染了列表，且列表项内容不为空，每个列表项的文本都应正确显示。请始终在浏览器内操作，禁止打开 Terminal、Finder 或其他应用程序。如果在浏览器中找不到目标功能，直接标记 result 为 unclear。
Status: COMPLETED
Total steps: 27
Last action: DONE
Last reasoning: Now I can see the complete JSON output. The last block in the editor (id: `"L_UUou-oba"`) is the pasted list block with:
```json
{
    "id": "L_UUou-oba",
    "type": "list",
    "data": {
        "style": "unordered",
        "meta": {},
        "items": [
            {
                "content": "",
                "meta": {},
                "items": []
            }
        ]
    }
}
```

This is the end of the JSON (version: "2.26.2"). The pasted list block contains only **1 item** with **empty content** (`"content": ""`).

**Test Result: FAIL**

Here is the comprehensive summary of the test findings:

---

## 测试结果报告

### 测试步骤执行情况

1. ✅ **找到编辑器**: 成功找到 Editor.js 编辑器实例（位于 `localhost:3000/example/example-dev.html`）
2. ✅ **点击编辑器空白段落**: 成功点击空白段落，编辑器获得焦点
3. ✅ **打开维基百科**: 访问了 `en.wikipedia.org/wiki/Python_(programming_language)`，找到包含无序列表的"Design philosophy and features"章节
4. ✅ **复制列表内容**: 成功选中并复制了6个列表项（"Explicit is better than implicit."等）
5. ✅ **切回编辑器并粘贴**: 点击空白段落并按 Cmd+V 粘贴

### 测试结果：**FAIL（失败）**

### 发现的 Bug

**功能性 Bug（严重）**: 从维基百科复制 HTML 无序列表（`<ul><li>...</li></ul>`）并粘贴到 Editor.js 编辑器后：

- **实际行为**: 编辑器中只生成了 **1个空内容的列表项**（`"content": ""`），6个列表项的文本内容完全丢失
- **期望行为**: 应该生成包含6个列表项的列表，每个列表项都应包含对应的文字内容
- **JSON 验证**: 通过 `editor.save()` 的 JSON 输出确认，粘贴后的 `list` 类型 block 的 `items` 数组中只有 1 条记录，且 `content` 字段为空字符串 `""`

**具体表现**:
- 视觉上：编辑器只显示一个空的 bullet point（•），后面没有任何文字
- 数据上：保存的 JSON 显示 `"content": ""` ——列表项内容为空

这是 Editor.js 粘贴处理器（paste handler）在处理来自外部网页的 HTML 列表时的重大缺陷，无法正确解析 `<li>` 元素的文本内容。

==================================================

UI window closed
