Session created: sess-20260428125106-fd0c3a01e3b74ba8b1b26356dbd31014
UI panel initialized successfully
UI window displayed
Expected result: 筛选条件行中的各个元素（字段选择、操作符、值输入等）应在垂直方向上正确对齐，布局整齐美观，无错位或高度不一致的问题。
[step 0] Action: Initializing
[step 0] Reasoning: Initializing session connection
[step 0] Action: screenshot
[step 1] Action: left_click (640, 370)
[step 1] Reasoning: I can see the Eidos website with a "Select Database..." dropdown. Let me click on it to select a database first.
[step 2] Action: left_click (640, 435)
[step 2] Reasoning: A dropdown appeared with "Search Database..." and "Create New" options. There are no existing databases. I need to create a new one to access the table view. Let me click "Create New".
[step 3] Action: left_click (640, 331)
[step 3] Reasoning: A "Create Space" dialog appeared. I need to enter a space name and click Continue. Let me type a name and proceed.
[step 4] Action: type: TestSpace
[step 5] Action: left_click (763, 477)
[step 5] Reasoning: I've typed "TestSpace" and can see a suggestion dropdown. Let me click Continue to create the space.
[step 6] Action: screenshot
[step 6] Reasoning: The button now shows "Creating..." which means it's processing. Let me wait for it to complete.
[step 7] Action: wait
[step 7] Reasoning: Still showing "Creating...". Let me wait a moment and take another screenshot.
[step 8] Action: wait
[step 8] Reasoning: It seems it's still creating. I notice there's a "TestSpace" suggestion showing below the input field. Let me wait a bit more.
[step 9] Action: wait
[step 9] Reasoning: The dialog is still showing "Creating..." and hasn't progressed. It seems the creation is stuck. I notice the "TestSpace" item appears below the input as if it's an autocomplete suggestion. Let me wait a bit more and see if it eventually completes.
[step 10] Action: left_click (703, 477)
[step 10] Reasoning: The dialog is still stuck on "Creating...". This seems like it may have already been created but the UI is not updating. I notice there's a "TestSpace" item visible in the dropdown below the input. Let me try clicking on it to select the already-created database.

Let me try canceling and refreshing the page to see if the database was actually created.
[step 11] Action: left_click (640, 370)
[step 11] Reasoning: I cancelled and now see the main page again with "Select Database..." and an "App ready to work offline" notification. Let me click on the "Select Database..." dropdown to see if "TestSpace" was created.
[step 12] Action: left_click (640, 435)
[step 12] Reasoning: The dropdown only shows "Search Database..." and "Create New" options, meaning the TestSpace creation failed or was cancelled. Let me try again by clicking "Create New" and being more careful about typing in the name.
[step 13] Action: left_click (640, 352)
[step 13] Reasoning: Interesting! The dialog has appeared again and it already shows "TestSpace" in the input field with "Creating" showing on the button! This means the space was actually created during the first attempt (or is still being created). There's also a "TestSpace" suggestion in the dropdown below the input. 

I see it says "Creating" again. It seems the state is persisted from the last attempt. Let me notice that there's "TestSpace" autocomplete suggestion - that could indicate there's already a TestSpace created. Let me wait a moment and click on "TestSpace" suggestion to see if I can select the existing space.
[step 14] Action: wait
[step 14] Reasoning: Still seeing "Creating..." on the button. It seems the app is stuck in this state. Let me wait longer to see if it eventually completes or try a page refresh.
[step 15] Action: key: Escape
[step 15] Reasoning: Still stuck on "Creating...". The "TestSpace" item keeps showing in the dropdown below. This may actually be an existing space that was previously created. Let me try closing the dialog and refreshing the page to see if there's a TestSpace available.

Let me try pressing Escape to close the dialog and then reload the page.
[step 16] Action: left_click (1163, 632)
[step 16] Reasoning: The dialog closed and the main page is back. There's an "App ready to work offline" notification with "Reload" and "Close" buttons. Let me click "Reload" to reload the page and see if the TestSpace was created.
[step 17] Action: key: cmd+r
[step 17] Reasoning: The page still shows "Select Database..." with no existing databases. Let me try refreshing the page directly using the browser's refresh button (Cmd+R).
[step 18] Action: left_click (640, 370)
[step 18] Reasoning: Good, the page has refreshed. Now let me click on "Select Database..." to see if TestSpace was created.
[step 19] Action: left_click (640, 429)
[step 19] Reasoning: The "TestSpace" database was actually created during the first attempt! I can see it in the dropdown. Let me click on "TestSpace" to open it.
[step 20] Action: left_click (640, 392)
[step 20] Reasoning: The page shows a 404 error - "Page Not Found" at localhost:5173/404. It seems clicking TestSpace led to a 404 page. Let me click "Go Home" to go back to the home page.
[step 21] Action: Open url: http://localhost:5173
[step 21] Reasoning: It still shows 404. The "Go Home" link redirects to localhost:5173. Let me navigate directly to localhost:5173.
[step 22] Action: left_click (450, 33)
[step 22] Reasoning: Still showing 404 page. This is still showing the old tab. I can see a new tab was opened. Let me click on the new tab.
[step 23] Action: left_click (640, 62)
[step 23] Reasoning: Still showing localhost:5173/404. The URL is wrong. Let me navigate directly to localhost:5173 by typing in the address bar.
[step 24] Action: triple_click
[step 24] Reasoning: The address bar is selected and shows "localhost:5173/404". Let me type the correct URL.
[step 25] Action: type: localhost:5173
[step 26] Action: left_click (640, 90)
[step 26] Reasoning: I can see "Eidos - localhost:5173" as the first suggestion. Let me click on it to navigate to the Eidos home page.
[step 27] Action: left_click (640, 62)
[step 27] Reasoning: Still showing localhost:5173/404! It seems the URL is staying at 404. I notice the title bar of the second tab still shows "Eidos" but the URL is localhost:5173/404. The first tab at index 0 also says "Eidos". Let me try clicking on the first Eidos tab (at position 290) to see if that one works correctly.

Wait - I need to look more carefully. The URL is still localhost:5173/404. Looking at the browser address bar, it shows localhost:5173/404. But I selected the first suggestion which was "Eidos - localhost:5173" from the autocomplete. It seems the suggestion was wrong and it navigated to /404. 

Let me directly type the URL and press Enter.
[step 28] Action: key: ctrl+a
[step 29] Action: type: localhost:5173

[step 30] Action: key: cmd+l
[step 30] Reasoning: I see the address bar shows "localhost:5173localhost:5173/404" - the text got appended! The Ctrl+A didn't select all the text properly. The URL bar shows a concatenated URL. I need to clear the address bar first. Let me use Cmd+A to select all text.

Let me use the keyboard shortcut Cmd+L to focus the address bar and clear it properly.
[step 31] Action: type: localhost:5173
[step 31] Reasoning: The address bar shows "localhost:5173localhost:5173/404" - it seems the text is selected (highlighted in blue). Let me now type the correct URL to replace it.
[step 32] Action: key: Return
[step 32] Reasoning: The address bar now shows "localhost:5173" correctly. I can see "Eidos - localhost:5173" as the first suggestion in the autocomplete. Let me press Enter to navigate there.
[step 33] Action: left_click (290, 33)
[step 33] Reasoning: Still redirecting to localhost:5173/404! This is strange behavior. It seems the Eidos app redirects localhost:5173 to localhost:5173/404. The issue might be that when I created the TestSpace and it led to a 404 page, the app is routing me to 404.

Wait - when I earlier selected "TestSpace" from the database dropdown, it led to a 404. The TestSpace may have been created but the route path is broken. Let me try to use the first tab (Eidos tab at position 290, 33) which might have the proper Eidos app loaded.

Looking more carefully at the tabs: there are 3 tabs - "OpenClaw Control" and two "Eidos" tabs. Let me click on the first Eidos tab.
[step 34] Action: key: cmd+shift+r
[step 34] Reasoning: Both Eidos tabs are showing 404! It seems the app's router is redirecting the root path to /404. This is unexpected behavior. The app was working earlier (I was able to see the database selector). 

Looking back at what happened:
1. I opened the Eidos website which showed "Select Database..."  
2. I clicked on "TestSpace" in the database dropdown
3. It navigated to a 404 page

The "Select Database..." home page must have been at a different URL. Looking at the autocomplete earlier, I saw "localhost:5173/ui" - that might be the correct URL for the app.

Wait - looking at the tab history more carefully. When I first created TestSpace and clicked on it from the dropdown, the Eidos app navigated to some URL based on the space ID, which ended up as 404. The root URL (localhost:5173) seems to redirect to the 404 page.

Let me try navigating to localhost:5173/ directly (with trailing slash).

Actually let me look at what URL the app was at originally. Looking at the previous screenshots more carefully, I think the home screen was at localhost:5173/. But clicking on TestSpace created a route like /space/[id] which didn't exist.

Let me try hard refresh (Cmd+Shift+R) to clear the cache.
[step 35] Action: left_click (14, 62)
[step 35] Reasoning: Still 404. The issue is that the URL shows localhost:5173/404 and this is the current page at both tabs. 

The app's "Go Home" link should navigate to the home page. Let me click that link.

Wait - looking at earlier screenshots, the first time I saw the home page, it was at localhost:5173 (root URL). When I clicked TestSpace, it went to /404. 

Actually, I now recall that in the Eidos app, the home page URL might have a specific path. Looking at the first screenshot, the URL in the address bar seemed to be just "localhost:5173" when showing the database selector. Let me go back in history by pressing the back button.
[step 36] Action: left_click (640, 392)
[step 36] Reasoning: Still showing 404. The back button is greyed out (disabled) which means this is the first page in history. 

Looking at the app behavior: When I first loaded the page at the start of the task, it showed the "Select Database" page. The TestSpace was created during my first attempt (it showed up in the dropdown) and when I clicked it, it navigated to 404.

It seems the Eidos app requires a space to be selected, and once a space is selected, it tries to navigate to a specific path for that space. The database I created (TestSpace) might have been created with an ID, and the app is trying to navigate to a path like `/space/[id]/...` which fails.

Let me try clicking "Go Home" to see what path it links to.
[step 37] Action: key: cmd+l
[step 37] Reasoning: When I hover over "Go Home", I can see at the bottom of the screen it says "localhost:5173" - so this is the home link. Let me click on it.

The "Go Home" link does navigate to localhost:5173, but the Eidos app router seems to keep redirecting me to /404. This could be because the TestSpace was created with an ID, and the app is trying to use the last selected space which doesn't have a valid route.

Wait - I notice the "Go Home" link shows "localhost:5173" in the status bar. But clicking it still leads to 404. The root URL must be redirecting to 404. This might be a bug in the app, or the home route is different.

Let me look at the first tab (the first Eidos tab - which I recall had the database selector earlier). Let me try the back arrow multiple times on that tab.

Actually wait - looking at the original task description: "当前Chrome浏览器已打开Eidos网站，地址是http://localhost:5173". This confirms the URL is localhost:5173. The task says the app was already open. Let me check what state the first Eidos tab (tab 1) was in before I navigated away.

Let me try navigating to localhost:5173 by trying with the http:// prefix to ensure it doesn't get treated as a search query.
[step 38] Action: type: http://localhost:...
[step 38] Reasoning: The address bar shows "localhost:5173/404" and there's only "问问 Google 有关此页面的问题 - localhost" as a suggestion. Let me type the URL with http:// prefix.
[step 39] Action: key: Return
[step 39] Reasoning: I can see "Eidos - http://localhost:5173" as the first suggestion. The autocomplete shows this is a previously visited URL that goes directly to the Eidos app. Let me press Enter to navigate there.
[step 40] Action: key: cmd+t
[step 40] Reasoning: The page still shows localhost:5173/404! The autocomplete selected "Eidos - http://localhost:5173" but the app is still redirecting to /404. 

The app is routing to /404 every time from the root URL. This could be because:
1. The Eidos app stores the last selected space and tries to navigate there
2. The TestSpace I created resulted in a route that's not valid
3. The app is intentionally showing 404 because there's no valid space to navigate to

This seems like a bug in the Eidos app - when you create a space and try to navigate to it, it results in a 404, and then the app keeps redirecting to 404 even from the root URL.

Wait - I need to think about this differently. The task says the browser already had the Eidos website open. Maybe I need to close this tab (which is in a broken 404 state) and look at the state that existed before. Actually, looking at the original screenshot, there was a tab group initially with a working Eidos page.

Looking at the task brief again: "当前Chrome浏览器已打开Eidos网站，地址是http://localhost:5173"

Let me try to open a completely new tab and navigate to localhost:5173.
[step 41] Action: left_click (415, 364)
[step 41] Reasoning: A new tab is open. I can see shortcuts on the new tab page - "Eidos" is listed as a shortcut! Let me click on it to navigate to the Eidos app.
[step 42] Action: key: cmd+l
[step 42] Reasoning: Still showing 404! Every time I navigate to localhost:5173, the Eidos app redirects to /404. The URL shows "localhost:5173/404". 

This is definitely a bug in the Eidos app - the router is incorrectly redirecting from the root URL to /404. The "Go Home" link was supposed to take you back to the home page, but even clicking it results in /404.

Wait - I need to re-examine: maybe the "Go Home" link in the 404 page DOES link to localhost:5173, but when the app loads, it detects the TestSpace I created, tries to navigate to it, and ends up at /404 because the space data is invalid or missing.

The key insight: The Eidos app's router might be saving the last selected space to localStorage and trying to navigate there on startup. Since the TestSpace was created but navigated to a 404 path, the app might be in a broken state where it always tries to navigate to that broken space.

Let me try to clear localStorage by using the DevTools... wait, I'm not supposed to open DevTools. But actually the task says "禁止打开 Terminal、Finder 或其他应用程序" - it doesn't specifically prohibit DevTools. But earlier I noted DevTools should not be opened unless explicitly required.

Actually, let me re-read: "BROWSER RULES: Do NOT open browser DevTools, Inspect Element, or the JavaScript Console unless the user's task explicitly requires developer tools."

So I cannot open DevTools. Let me think of another approach.

Actually, looking at the original task again - it says "当前Chrome浏览器已打开Eidos网站" - the browser HAD Eidos open. Let me check if maybe the Eidos app is a PWA that needs to be accessed through a specific path. Let me think about what I know about Eidos.

Eidos is an offline-first personal AI OS. It uses spaces. The URL format is typically `/{spaceName}` or `/{spaceId}`. When I created "TestSpace", the app may have navigated to `/testspace` or `/[some-uuid]`.

Let me try some possible paths:
- /testspace
- /TestSpace

Actually wait - looking at the very first screenshots I took, the home page showed "Select Database..." and there was a "Create New" option. After I created TestSpace and clicked on it, the URL changed. Let me try to figure out what URL the app tried to navigate to.

When the space creation succeeded (I saw TestSpace in the dropdown on page reload), clicking on it should navigate to the space's home. The route that failed must have been something like `/[spaceId]`.

Since I can't clear localStorage or use DevTools, let me try a different URL pattern. Let me look at what routes Eidos uses. The task description says the user wants to open "数据表视图" (data table view) - this is likely the Table view in a specific database.

Let me try to access localhost:5173 with different paths to find where the app is rendering.

Actually, I realize something: The task says the Eidos website was ALREADY opened. Maybe the broken state happened because I navigated away. But looking at the initial screenshot, the Eidos app WAS showing a working database selector. 

Wait - I realize I should look more carefully at the autocomplete. When I typed "localhost:5173" in the address bar earlier, I saw "localhost:5173/ui" as one of the suggestions! That might be the correct URL for the Eidos app's space view.

Let me try navigating to localhost:5173/ - but this time with the autocomplete disabled.

Actually, the issue might be simpler: the app router is a hash router or uses history API, and when you navigate to `/`, it redirects to where you last were. Since the last location was `/404` (because the TestSpace click failed), it redirects to `/404` again.

Let me check if clearing the URL and going to just `localhost:5173` works without selecting the autocomplete suggestion...

Actually, I tried going to localhost:5173 and got 404. Let me try going to a completely different path to bypass any cached routing state. Let me try `/testspace` or look for what path the space was supposed to be at.

Looking at the Eidos open-source codebase (which I know about), the URL format for spaces is typically: `/:spaceName` - so TestSpace would be at `/TestSpace`.

Let me try navigating to localhost:5173/TestSpace.
[step 43] Action: type: http://localhost:...
[step 44] Action: key: Return
[step 44] Reasoning: I can see "http://localhost:5173/TestSpace" as the first suggestion. Let me press Enter to navigate there.
[step 45] Action: wait
[step 45] Reasoning: The URL is now "localhost:5173/TestSpace" and the page is loading (the tab icon is spinning). The page appears blank (white). Let me wait for it to load.
[step 46] Action: wait
[step 46] Reasoning: The page is loading at localhost:5173/TestSpace and there's a loading spinner in the center. There's also a "New content available, click on reload button to update." notification. The page is loading which means /TestSpace is a valid route! Let me wait for it to fully load.
[step 47] Action: left_click (1016, 632)
[step 47] Reasoning: The page is still loading with a spinner. The loading is taking longer than expected. There's a "New content available" notification - let me click "Reload" to load with fresh content.
[step 48] Action: wait
[step 48] Reasoning: Still loading. The page is stuck at the loading spinner. This could be the app initializing the TestSpace. Let me wait a bit longer.
[step 49] Action: left_click (247, 33)
[step 49] Reasoning: The page is still showing a loading spinner. This is stuck. The Eidos app seems unable to load the TestSpace. This could be because the TestSpace database creation was incomplete or corrupt.

Let me try to navigate to the first Eidos tab (at position ~247, 33) which might have a different state.
[step 50] Action: left_click (563, 33)
[step 50] Reasoning: The first Eidos tab also shows localhost:5173/404. Both tabs are showing 404. Let me go back to the second Eidos tab where TestSpace is loading and wait more.

Actually, let me navigate to the TestSpace tab and wait longer.
[step 51] Action: key: cmd+shift+r
[step 51] Reasoning: Still loading at /TestSpace. The loading spinner is still showing. This seems to be stuck in an infinite loading state. The TestSpace exists in the database but maybe it has no tables yet and the router is waiting for something.

Let me hard refresh this page to restart the loading process.
[step 52] Action: wait
[step 52] Reasoning: Still loading after hard refresh. The TestSpace page is stuck in loading. Let me wait a longer time - maybe it's initializing the IndexedDB.
[step 53] Action: left_click (598, 265)
[step 53] Reasoning: A Chrome permission dialog appeared asking "允许 'Google Chrome' 查找本地网络中的设备?" (Allow 'Google Chrome' to find devices on the local network?). This is a macOS network discovery permission. Let me click "不允许" (Don't Allow) since we don't need this.
[step 54] Action: left_click (405, 33)
[step 54] Reasoning: Still loading. The page has been loading for a very long time. This is definitely a bug - the /TestSpace route is stuck in an infinite loading state. 

Let me try a completely fresh approach - let me create a new space that might work properly. But first, let me look at what happened when I tried to click on TestSpace from the dropdown. The fact that it went to /404 instead of loading the space UI suggests the space may be corrupted or the routing is broken.

Let me try the second Eidos tab (at position 405, 33) to see if it has any content.
[step 55] Action: left_click (563, 33)
[step 55] Reasoning: The second Eidos tab is also at 404. The Eidos app is stuck on 404 for all tabs that start from root.

The key observation here is:
1. The root URL (localhost:5173) redirects to /404 
2. The /TestSpace URL stuck in loading

The issue seems to be the Eidos app when there's a partial/incomplete space. The root path redirecting to /404 seems to be the app's behavior when there's a broken space state in the database.

Let me try a different approach - let me look at the URL path when I navigate to the home page from the "Go Home" link. The "Go Home" link in the 404 page links to "/" which results in /404. Let me look at the first Eidos tab again.

Actually, let me reconsider. Looking at the current state:
- The Eidos app is running at localhost:5173
- I created a "TestSpace" database  
- All routes lead to 404 or infinite loading
- The /TestSpace route specifically shows a loading spinner but never resolves

This might be a bug in the Eidos app specifically related to what happens when a space is created but the navigation fails to properly route to it.

Let me try one more thing - navigate to the second Eidos tab and try to look for the database selector. The first screenshot showed the "Select Database..." page at localhost:5173. Let me try navigating to localhost:5173 and see what happens in a fresh tab with the "Go Home" link being clicked...

Wait, I know! When I click "Go Home" in the 404 page and it navigates to "/", the app then detects the TestSpace in localStorage and tries to navigate to it, but fails (going to /404). This is a circular loop.

To break this loop, I need to navigate directly to a valid space URL (like /TestSpace) OR navigate to a URL that doesn't trigger the automatic space navigation.

Actually, looking at this from a different angle: The /TestSpace route shows a loading spinner indefinitely. This might be because the TestSpace was created with an auto-generated table (or maybe not), and the app is waiting for a specific table to load. Let me wait longer on the /TestSpace tab.

Let me go back to the third tab (TestSpace) and wait longer.
[step 56] Action: wait
[step 57] Action: key: cmd+l
[step 57] Reasoning: Still loading indefinitely. The /TestSpace route is clearly broken. The TestSpace database may have been created in an incomplete state.

Let me try a completely different approach. I'll try navigating to the Eidos app directly using the URL path that the dropdown selector would normally use. In Eidos, when you select a database, it navigates to the space name. But the TestSpace might have a specific ID.

Let me look at what the database selector showed earlier. When I first refreshed the page, the dropdown showed "TestSpace" as a selectable option. I need to select it properly. Let me go to the first Eidos tab (the one at localhost:5173/404) and click "Go Home" to try to get back to the database selector, and then click TestSpace again.

Wait - I realize the problem. When I click "Go Home" from the 404 page, it navigates to "/" which tries to auto-navigate to the last space. The last space was TestSpace which resulted in 404. So the app loops back to 404.

But wait - can I access the database selector even though I'm on 404? Let me look at the 404 page more carefully. Looking at the initial screenshots of the home page, it showed "Select Database..." - maybe there's a way to reach that selector from 404.

Actually, let me look at the "Go Home" link destination carefully. The 404 page's "Go Home" link - when clicked - navigates to localhost:5173 (root). The root then redirects to /404 because the app detects the TestSpace as the last selected space and tries to go to it, but it results in 404.

However, if I can reach the database selector somehow, I could choose the TestSpace again, which might work properly (even though it showed loading spinner). Or I could try clicking the "Select Database..." dropdown that exists on a higher level.

Wait - I think I understand now. The Eidos app layout has:
1. A top-level "Select Database" prompt when no database is configured
2. After selecting a database, it loads the space-specific UI

The reason the root redirects to /404 is because the app's router tries to navigate to the TestSpace's path (like /TestSpace) but that path exists (shows loading spinner). The 404 is not from the space itself - it's from some OTHER route that the app tries to navigate to.

Actually, wait - let me reconsider the flow:
1. First load: app shows "Select Database..." 
2. I created TestSpace → app tried to navigate to the space 
3. The navigation went to /404 (not /TestSpace!)
4. This means the app tried to navigate to a specific URL for TestSpace that wasn't /TestSpace

The URL might have been something like `/space/[uuid]` or similar. Let me think about what Eidos's routing looks like...

Looking at the Eidos source code (from my knowledge): Eidos routes use the space name directly. So for "TestSpace", it should be at `/TestSpace`. But clicking TestSpace in the dropdown resulted in /404, which is strange.

Actually, looking at the Eidos code more carefully, the space route might use lowercase of the space name. Let me try `/testspace` (lowercase).
[step 58] Action: type: localhost:5173/te...
[step 58] Reasoning: The address bar is selected and shows "localhost:5173/TestSpace". The only autocomplete suggestion is "问问 Google 有关此页面的问题 - localhost". I notice the time is now 13:00 (1pm) - it has been quite a while. 

Let me try clearing the address bar and typing a new path with the space name in lowercase.
[step 59] Action: left_click (640, 143)
[step 59] Reasoning: Interesting! The autocomplete shows:
1. "Eidos - localhost:5173/TestSpace" (the previously visited URL)
2. "localhost:5173/testspace - Google 搜索" (Google search)
3. "localhost:5173/testspace" (URL typed)

The first option "Eidos - localhost:5173/TestSpace" is highlighted in blue, which means the browser has a cached page for /TestSpace and labeled it "Eidos". This confirms that /TestSpace IS a valid Eidos page (not a 404), it's just stuck loading.

Let me click the third option to navigate to localhost:5173/testspace (lowercase) and see if that's different.
[step 60] Action: left_click (247, 33)
[step 60] Reasoning: /testspace (lowercase) also results in 404. The space name must be case-sensitive and it's "TestSpace" (mixed case). 

OK - I've been trying different approaches for a long time. Let me try one more thing: looking at the TestSpace loading issue from a different angle. When the Eidos app loads /TestSpace, it shows a loading spinner. But this is the Space view with NO tables. In Eidos, a space with no tables would be essentially empty. The loading spinner might be waiting for SOMETHING in the space, and since the space is new and empty, the app needs to initialize it or create a default table.

Actually, looking at the first Eidos tab (at 247,33), let me switch to it and try to access the database selector via the "Go Home" approach.

Wait - let me look at this differently. In the original screenshot at the very start of the task, the Eidos home page showed at localhost:5173 with the "Select Database..." interface. The task says the browser was ALREADY open with Eidos. The issue is that I navigated AWAY from that and now the state is broken.

There are 2 Eidos tabs currently. Let me look at the second Eidos tab - it was the one I first loaded (from the beginning of the task). Let me navigate to it.
[step 61] Action: left_click (640, 393)
[step 61] Reasoning: This tab is also at 404. Let me try clicking "Go Home" and see what happens.
[step 62] Action: left_click (563, 33)
[step 62] Reasoning: I can see at the bottom of the screen "localhost:5173" - this is the URL that "Go Home" would navigate to. The URL in the address bar is still localhost:5173/404. When I click "Go Home", the app will try to navigate to localhost:5173 but the app's router will redirect it back to 404 because TestSpace is broken.

Let me think about a different approach. Let me try going directly to localhost:5173/TestSpace again but this time I'll wait for a very long time AND try to interact with any elements that might appear on that loading page.

Actually, let me look for a way to access the space selector even from the TestSpace loading page. When the /TestSpace page is loading, there might be some UI elements. Let me go back to that tab.
[step 63] Action: key: cmd+shift+n
[step 63] Reasoning: This tab is ALSO now showing 404 (not the /TestSpace loading screen anymore). All three Eidos tabs are now showing 404. 

I notice that I clicked on the third tab (position 563, 33) but got a 404 page, not the loading spinner. This means the /TestSpace tab eventually resolved to 404 while I wasn't looking at it.

At this point, the app seems completely broken - every navigation leads to 404. 

Let me try a completely fresh approach: Open a NEW incognito window which should have a fresh localStorage/IndexedDB state, navigate to localhost:5173, and try to create a new space.

Wait - incognito would still share the same origin's IndexedDB if it's the same browser profile... Actually, incognito mode uses SEPARATE storage from regular browsing, so it should start fresh!
[step 64] Action: left_click (640, 62)
[step 64] Reasoning: An incognito window opened! Now let me navigate to localhost:5173 in this fresh incognito window where there's no existing state.
[step 65] Action: left_click (640, 62)
[step 65] Reasoning: The address bar didn't get focused. Let me try clicking directly on the address bar.
[step 66] Action: type: localhost:5173
[step 66] Reasoning: The address bar is now focused (I can see the cursor in it). Let me type the URL.
[step 67] Action: left_click (640, 90)
[step 67] Reasoning: Excellent! Now I can see the full autocomplete list! This is very informative:
1. "Eidos - localhost:5173" - the root Eidos URL
2. "localhost:5173 - Google 搜索" - Google search
3. "Apache APISIX Dashboard - localhost:5173/ui/settings" - **Another app at localhost:5173/ui!**
4. "Eidos - localhost:5173/TestSpace"
5. "Eidos - localhost:5173/testspace"
6. "Eidos - localhost:5173/404"
7. "محبوب - Piped - localhost:5173/trending"

Wait - "Apache APISIX Dashboard" is at localhost:5173/ui/settings! And there's also "Piped - localhost:5173/trending". But these are from the regular browser's history, not the incognito. The incognito shows browser history from the REGULAR browser session.

Wait no - incognito uses the TYPED URLs history which is separate from the full browsing history. Actually, Chrome's incognito shows the URL bar autocomplete from your regular browser history but doesn't save any new history. This means the regular browser visited localhost:5173/ui/settings at some point.

This is a crucial clue! The URL localhost:5173/ui/settings suggests there's a path "/ui" which is a different prefix. Maybe the Eidos space view is at localhost:5173/[spaceName] but the root "/" redirects to 404 when there's a problem.

But look - "Apache APISIX Dashboard - localhost:5173/ui/settings"! This suggests a COMPLETELY DIFFERENT application was running at localhost:5173/ui at some point. This doesn't seem right for Eidos.

Wait - actually this is all from the REGULAR browser's history (not just incognito). The incognito shows the same autocomplete suggestions from the regular browser session. These URLs were all visited in the regular Chrome session.

The key insight: The browser history shows that localhost:5173/TestSpace IS a valid Eidos URL (shows "Eidos - localhost:5173/TestSpace"). The page loads with a spinner but never resolves.

Let me navigate to the Eidos root URL from this fresh incognito window.
[step 68] Action: left_click (1161, 631)
[step 68] Reasoning: The Eidos app is loading properly in the incognito window! I can see:
- URL: localhost:5173
- Title: "Eidos"
- The "Select Database..." dropdown is shown in the center
- An "App ready to work offline" notification is showing

This is the correct starting state! The incognito window has fresh storage, so there's no cached broken state. Let me close the notification and click on "Select Database..." to create a new database.

Let me first close the notification by clicking "Close".
[step 69] Action: left_click (640, 370)
[step 69] Reasoning: The notification is closed. Now I can see the Eidos home page with just the "Select Database..." dropdown. Let me click on it to see the options.
[step 70] Action: left_click (640, 435)
[step 70] Reasoning: The dropdown shows "Search Database..." and "Create New" only - no existing databases in this incognito session (fresh state). Let me click "Create New" to create a new database.
[step 71] Action: left_click (640, 331)
[step 71] Reasoning: The "Create Space" dialog has appeared! I can see:
- Title: "Create Space"
- Description: "Add a new space to manage data for you"
- Input field for "Space name" with placeholder "e.g. personal"
- "Import from file" section with file picker
- "Cancel" and "Continue" buttons

Let me type a space name and click "Continue".
[step 72] Action: type: MySpace
[step 72] Reasoning: The input field is now focused (cursor visible). Let me type a space name.
[step 73] Action: left_click (763, 477)
[step 73] Reasoning: I've typed "MySpace" in the input field and I can see an autocomplete suggestion "MySpace" appearing below. This is just an autocomplete from the browser's form history. Let me click "Continue" to create the space.
[step 74] Action: wait
[step 74] Reasoning: The button now shows "Creating" - the space creation is in progress. I can see "MySpace" in the input field and "MySpace" as an autocomplete suggestion below. The creation is in progress. Let me wait for it to complete.

Also I notice the same pattern as before: The "Creating..." button appears and the form stays visible. Let me wait longer this time.
[step 75] Action: wait
[step 75] Reasoning: Still showing "Creating" after 15 seconds! The space creation is stuck in the same pattern as before. The dialog keeps showing "Creating" and never completes or navigates away.

This appears to be a **bug in the Eidos application** - the space creation process starts (button shows "Creating") but never completes and never navigates to the created space. The UI gets stuck in a creating state indefinitely.

This is the exact same bug I observed with TestSpace earlier. The creation seems to hang indefinitely. 

Let me try clicking elsewhere on the autocomplete suggestion "MySpace" to see if that does something different, or let me wait a bit more.
[step 76] Action: key: Escape
[step 76] Reasoning: Still stuck at "Creating" after a total of 45+ seconds. This is clearly a bug in the Eidos application - the space creation never completes. However, from my experience with TestSpace earlier, the space WAS actually created (it appeared in the dropdown after page refresh). The issue is that the UI doesn't navigate to the space after creation.

Let me try to force-refresh the page to see if MySpace was created, and then navigate to it directly via URL.

Let me press Escape to dismiss the dialog and then navigate to /MySpace directly.
[step 77] Action: left_click (640, 370)
[step 77] Reasoning: Good - the dialog was closed. The home page is still showing "Select Database..." - the Escape cancelled/closed the dialog. Let me click on "Select Database..." to see if MySpace appears in the dropdown.
[step 78] Action: key: Escape
[step 78] Reasoning: The dropdown only shows "Search Database..." and "Create New" - MySpace was NOT created (the Escape cancelled the creation before it could save). This confirms that pressing Escape while the space was "Creating" cancelled the creation.

This is the same issue as before with TestSpace. In the original attempt with TestSpace, I clicked "Cancel" while it was creating, but the space WAS created (it appeared in the dropdown after reload). This time with MySpace, I pressed Escape which also seems to have cancelled it.

Let me try a different approach - create the space and then WAIT without pressing Escape or Cancel, and then navigate directly to the space URL.

But wait - looking at the first attempt: I clicked "Cancel" while TestSpace was "Creating", but then after a page RELOAD, TestSpace appeared in the dropdown. This suggests the space IS being created in the background even when you cancel the dialog. The "Cancel" button doesn't actually cancel the creation process, it just closes the dialog UI.

Now for MySpace - I pressed Escape which should have the same effect. Let me check if MySpace was also created by refreshing the page.
[step 79] Action: key: cmd+l
[step 79] Reasoning: Good, the dropdown is now closed. The page shows the home screen with "Select Database..." at localhost:5173. Let me try navigating directly to /MySpace to see if it was created.
[step 80] Action: type: localhost:5173/My...
[step 80] Reasoning: The address bar is focused with "localhost:5173" selected. I can see "问问 Google 有关此页面的问题 - localhost" as the only suggestion (which means this incognito session hasn't visited many URLs yet). Let me type "/MySpace" to complete the URL.
[step 81] Action: key: Return
[step 81] Reasoning: I can see the address bar showing "localhost:5173/MySpace" and the first autocomplete suggestion is "localhost:5173/MySpace" (highlighted in blue). This is a direct URL navigation. Let me press Enter to navigate there.
[step 82] Action: wait
[step 82] Reasoning: Same infinite loading spinner at /MySpace! The MySpace was also created (it's loading) but the content isn't appearing. This is the same behavior as /TestSpace.

Both /TestSpace and /MySpace load (showing a spinner) but never actually display any content. This is a **critical bug in Eidos** - the space creation works (the space exists at its URL) but the space's content never loads.

Wait - I just noticed something important: When the space is "loading", could it be waiting for a TABLE to exist? In Eidos, a space needs at least one table to display content. The router might try to navigate to the first table in the space, and since there are no tables (the space is empty), it shows a loading spinner indefinitely.

But how do I CREATE a table if I'm stuck on the loading spinner? 

Let me wait a bit and check if the page eventually resolves itself.
[step 83] Action: key: cmd+l
[step 83] Reasoning: Still loading at /MySpace after 30+ seconds. The page is completely stuck with just the loading spinner. There's no sidebar, no navigation, no content - just a blank page with a spinning loader in the center.

This is clearly a critical bug - the space page never loads. Looking at the behavior:
1. Create space → "Creating..." never completes in the dialog (UI bug)
2. Navigate to /[SpaceName] → shows loading spinner that never resolves (another bug)
3. Root URL redirects to /404 (routing bug)

Given these multiple blocking bugs in the Eidos application itself, I cannot complete the primary task of "打开数据表视图，添加筛选条件" (opening the data table view and adding filter conditions).

Let me try one more approach - let me go back to the home page (by navigating to localhost:5173 from this incognito window which is fresh) and see if there's any UI element I can interact with to create a table. Or let me check if the regular browser window had the TestSpace working at some point.

Wait - I know! Looking at the previous browser session: when I first loaded Eidos (before my first attempt), the URL was localhost:5173. The task says the browser was ALREADY OPEN with the Eidos website. Maybe in the regular Chrome session, there was a TestSpace that WAS working (had tables). Let me switch to the regular Chrome window and check the TestSpace tab.

Actually, looking at the regular browser (the non-incognito one), the Eidos app was completely broken with all tabs showing /404. The TestSpace I created there was incomplete.

However, here's a new insight: Let me look at the original task again. It says "当前Chrome浏览器已打开Eidos网站" - the CURRENT Chrome browser already has the Eidos website open. Maybe there's already some data in the existing browser session that I need to access, and I need to fix the navigation issue.

Let me go back to the regular Chrome window and try to access TestSpace directly. The TestSpace WAS created (it appeared in the dropdown when I refreshed). And in the REGULAR browser (non-incognito), if I navigate to /TestSpace, I might need to wait longer.

Actually - wait. I just realized something: The incognito session is doing the same thing as the regular session. Both show a spinner at the space URL. The key difference is that in the regular session, navigating to /TestSpace from the dropdown also went to /404 (rather than showing a loading spinner). This suggests the routing is different based on how you get there.

In the incognito:
- Typing /MySpace directly → loading spinner (forever)

In regular session:
- Clicking TestSpace from dropdown → /404

Let me try yet another approach. In this incognito session, go back to the home page and try clicking on "Create New" again, then WAIT WITHOUT PRESSING CANCEL, and when the "Creating" button appears, let it finish naturally. Maybe it eventually navigates.
[step 84] Action: type: localhost:5173
[step 84] Reasoning: The address bar is focused with "localhost:5173/MySpace" selected. Let me navigate to the home page (root URL) in this incognito session. This time I'll be careful to make sure it actually goes to the home page (not 404, since this is a fresh incognito session without the broken TestSpace state).
[step 85] Action: left_click (640, 90)
[step 85] Reasoning: Now I can see the complete browser history (from the regular Chrome session - shared in incognito autocomplete). This is very revealing:

1. **"Eidos - localhost:5173"** - The Eidos home page (root URL)
2. **"localhost:5173 - Google 搜索"** - Google search
3. **"Apache APISIX Dashboard - localhost:5173/ui/settings"** - ⚠️ A DIFFERENT APP at /ui/settings!
4. **"Eidos - localhost:5173/TestSpace"** - The TestSpace page
5. **"Eidos - localhost:5173/testspace"** - lowercase version
6. **"Eidos - localhost:5173/404"** - The 404 page
7. **"محبوب - Piped - localhost:5173/trending"** - Yet another app at /trending!

This is very interesting - the browser history shows that localhost:5173 was used for MULTIPLE applications:
- Eidos (the current task)
- Apache APISIX Dashboard at /ui/settings
- Piped at /trending

This suggests that the port 5173 is being reused by different applications! But all the "Eidos" entries in the browser history are labeled with "Eidos" as the title, which means those visits were indeed Eidos pages.

Also, crucially: Looking at the autocomplete, the **"Eidos - localhost:5173"** entry is listed as the TOP suggestion and is labeled "Eidos" - which means the root URL DID work and showed the Eidos app (the database selector page). The fact that it's showing "Eidos" confirms this.

OK, let me click on "Eidos - localhost:5173" to navigate to the Eidos home page in this incognito session.

==================================================
Task: 当前Chrome浏览器已打开Eidos网站，地址是http://localhost:5173。打开数据表视图，添加筛选条件（filter），观察筛选条件行中各个元素（字段选择器、操作符选择器、值输入框等）的对齐方式和布局表现。请始终在浏览器内操作，禁止打开 Terminal、Finder 或其他应用程序。如果在浏览器中找不到目标功能，直接标记 result 为 unclear，result_summary 写明未在页面中找到目标功能入口。
Status: STOPPED_BY_USER
Total steps: 85
Last action: left_click (640, 90)
Last reasoning: Now I can see the complete browser history (from the regular Chrome session - shared in incognito autocomplete). This is very revealing:

1. **"Eidos - localhost:5173"** - The Eidos home page (root URL)
2. **"localhost:5173 - Google 搜索"** - Google search
3. **"Apache APISIX Dashboard - localhost:5173/ui/settings"** - ⚠️ A DIFFERENT APP at /ui/settings!
4. **"Eidos - localhost:5173/TestSpace"** - The TestSpace page
5. **"Eidos - localhost:5173/testspace"** - lowercase version
6. **"Eidos - localhost:5173/404"** - The 404 page
7. **"محبوب - Piped - localhost:5173/trending"** - Yet another app at /trending!

This is very interesting - the browser history shows that localhost:5173 was used for MULTIPLE applications:
- Eidos (the current task)
- Apache APISIX Dashboard at /ui/settings
- Piped at /trending

This suggests that the port 5173 is being reused by different applications! But all the "Eidos" entries in the browser history are labeled with "Eidos" as the title, which means those visits were indeed Eidos pages.

Also, crucially: Looking at the autocomplete, the **"Eidos - localhost:5173"** entry is listed as the TOP suggestion and is labeled "Eidos" - which means the root URL DID work and showed the Eidos app (the database selector page). The fact that it's showing "Eidos" confirms this.

OK, let me click on "Eidos - localhost:5173" to navigate to the Eidos home page in this incognito session.

==================================================

UI window closed
