Session created: sess-20260419015631-18ce125d432046b0a2dc87d8249b66cd
UI panel initialized successfully
UI window displayed
Expected result: 在搜索框输入 'fam' 和 'family' 时，搜索结果中的 emoji 不应出现重复项，浏览器控制台不应出现 duplicate key 等错误或警告信息。
[step 0] Action: Initializing
[step 0] Reasoning: Initializing session connection
[step 0] Action: screenshot
[step 1] Action: left_click (113, 127)
[step 1] Reasoning: I can see the emoji picker is loaded. Now I'll click on the search box to focus it, then type 'fam'.
[step 2] Action: type: fam
[step 2] Reasoning: The search box is focused. Now I'll type 'fam' to search.
[step 3] Action: type: ily
[step 3] Reasoning: I can see that after typing 'fam', the search results show 2 emoji icons. Now I'll take a closer look at these emojis and then continue typing 'ily' to complete 'family'.
[step 4] Action: screenshot
[step 4] Reasoning: Interesting! After typing 'family', I can see the search results still show 2 emoji icons that appear to look the same (both look like family/people group emojis). Let me zoom in to look more closely at these two emojis to determine if they are duplicates.
[step 5] Action: mouse_move (22, 170)
[step 5] Reasoning: I can see the search results for 'family' show 2 emoji icons that look similar. Let me hover over each one to see their tooltips to determine if they are the same emoji or different.
[step 6] Action: mouse_move (45, 170)
[step 6] Reasoning: The first emoji shows tooltip: "Family - :man-woman-boy: :family:". Now let me hover over the second emoji.
[step 7] Action: key: F12
[step 7] Reasoning: Very interesting! I can now clearly see the duplicate emoji issue:

- **First emoji**: "Family" with shortcodes `:man-woman-boy:` and `:family:`
- **Second emoji**: "Man Woman Boy" with shortcodes `:family:` and `:man-woman-boy:`

These are the **same emoji** (family: man, woman, boy) appearing **twice** in the search results with the same underlying emoji code, just listed under different names. The visual appearance is identical. This is a duplicate emoji bug.

Now let me open DevTools Console to check for any error messages. I'll press F12.
[step 8] Action: key: ctrl+l
[step 8] Reasoning: DevTools is open and I can see the Console panel. Currently I can see:
- "Download the React DevTools..." message 
- "[HMR] connected"

There are no duplicate key errors visible currently. The console shows "1 Issue: 1" in the top bar. Let me scroll up in the console to see if there are any earlier errors, and also check the "Issues" tab. But first let me look at what's in the console more carefully.

Let me now clear the console and then re-do the search to capture any live errors. First, let me clear the console:
[step 9] Action: left_click (215, 127)
[step 9] Reasoning: The console is now cleared. Now I need to clear the search box and redo the search to capture live errors. Let me click on the search box and clear it first.
[step 10] Action: left_click (113, 127)
[step 10] Reasoning: The search box is cleared (clicking the X button cleared it). Now let me click on the search box and type 'fam' again.
[step 11] Action: type: fam
[step 12] Action: type: ily
[step 12] Reasoning: After typing 'fam', again 2 emojis appear in search results, and the console shows NO errors. Let me take a screenshot to confirm console state, then continue typing 'ily'.
[step 13] Action: left_click (1097, 419)
[step 13] Reasoning: After typing 'family', the search results again show 2 emojis that appear identical (the same family emoji appearing twice), and the Console panel shows NO error messages (no duplicate key errors, no warnings). 

Now let me check the "1 Issue: 1" indicator in the DevTools header to see if there are any related issues. Let me also look at the console more carefully by checking if there are any warnings being filtered. Let me click on "All levels" dropdown to verify.

Let me also check the "1 Issue" button to see what it reports.
[step 14] Action: left_click (1155, 443)
[step 14] Reasoning: I clicked on the "1 Issue: 1" button and it opened an "Issues" panel showing "Deprecated feature used". This is a general browser deprecation warning, not related to the emoji duplicate key issue. 

Let me expand this issue to see more details, and also go back to Console to check for warnings. Let me click on the expand triangle next to "Deprecated feature used".
[step 15] Action: left_click (114, 401)
[step 15] Reasoning: The issue shows "Deprecated feature used - The Shared Storage API is deprecated and will be removed in a future release." This is unrelated to the emoji duplicate key issue - it's about the Shared Storage API in the browser, not the emoji picker.

Now let me go back to the Console tab to check for any React duplicate key warnings. Let me click on Console tab.
[step 16] Action: left_click (1189, 401)
[step 16] Reasoning: The issues panel is still showing. Let me click on the "Console" tab text more precisely.
[step 17] Action: left_click (1210, 401)
[step 17] Reasoning: The Issues panel is still open in a split view. Let me close the Issues panel by clicking the X button next to "Issues" tab.
[step 18] Action: left_click (1237, 407)
[step 18] Reasoning: I can see the "Console" tab appearing in the top right. Let me click on it to go to the Console view.
[step 19] Action: Minimize panel
[step 19] Reasoning: The Console tab is now open and I can see the console is empty - no errors or warnings. The search query 'family' is still showing 2 emojis in the search results. 

Now let me hover over each of the two emojis to verify their identities and confirm if they are truly duplicates. Let me minimize the panel first to get more space.
[step 20] Action: mouse_move (22, 170)
[step 20] Reasoning: Now I can see the search results clearly showing 2 emojis for 'family'. Let me hover over the first emoji to see its tooltip.
[step 21] Action: mouse_move (45, 170)
[step 21] Reasoning: Excellent! I can see the tooltip for the first emoji:
- **Name**: "Family"
- **Shortcodes**: `:man-woman-boy:` `:family:`

Now let me hover over the second emoji to see its tooltip.
[step 22] Action: left_click (640, 550)
[step 22] Reasoning: Now I can clearly see the tooltip for the second emoji:
- **Name**: "Man Woman Boy"
- **Shortcodes**: `:family:` `:man-woman-boy:`

This is **the same underlying emoji** as the first one! Both emojis:
1. First: "Family" with shortcodes `:man-woman-boy:` `:family:`
2. Second: "Man Woman Boy" with shortcodes `:family:` `:man-woman-boy:`

They share the **exact same shortcodes** (`:family:` and `:man-woman-boy:`) but have different display names ("Family" vs "Man Woman Boy"). They appear visually identical. This is a **duplicate emoji bug** — the same emoji (👪 family: man, woman, boy) is listed twice in the search results under different names.

Now let me also check the console for any warnings. Let me look at the console area more carefully and also check if there are React warnings that might be filtered. Let me click on "All levels" dropdown.

Now I need to also run a JavaScript query in the console to check for React duplicate key warnings. Let me click on the console input area.
[step 23] Action: left_click (640, 650)
[step 23] Reasoning: I can see the console panel is open and empty. Let me check the bottom of the console to look for the console input field. Let me look at the bottom of the DevTools panel. Let me scroll down in the console or click at the bottom of the DevTools panel.
[step 24] Action: left_click_drag (640, 280)
[step 24] Reasoning: The DevTools console is shown without a visible input field in the current screenshot. The console area appears to be empty. Let me try dragging the DevTools panel up to make it bigger so I can see more of it and find the console input.

Let me try to resize the DevTools panel by dragging the top border of the DevTools up.
[step 25] Action: left_click (15, 323)
[step 25] Reasoning: The DevTools is now larger and I can see the Console panel is still empty (no error messages). I can see the console log area but I need to find the console input. Let me click at the bottom left area of the console to get the console input prompt.
[step 26] Action: left_click (60, 348)
[step 26] Reasoning: Now I can see the console input (`> |`) cursor is active. The console is empty. This confirms there are NO errors or warnings in the console. 

Now let me change the context selector from "top" to the iframe context to see any React warnings from the emoji picker iframe. Let me click on the "top" dropdown to change the context.
[step 27] Action: key: Escape
[step 27] Reasoning: I can see the dropdown showing the current context:
- `top` (currently selected)
- `localhost:6006` (the iframe context)
- `DevTools Performance Metrics - localhost:6006`

Since the page is directly `http://localhost:6006/iframe.html?id=picker--default` (directly in the iframe, not embedded in another frame), the `top` context is the right one. The `localhost:6006` option is actually the main context. The console is showing the top context and there are no errors.

Let me close this dropdown and stay on `top`.
[step 28] Action: left_click (214, 127)
[step 28] Reasoning: The console is confirmed to be empty - **no errors, no warnings**. The Console panel is clear, confirming that the React app did **not** generate any duplicate key warnings in the console (no `Warning: Each child in a list should have a unique "key" prop` or `duplicate key` errors).

Now let me perform the complete second round of testing as instructed - clear the search box and repeat the search. Let me click the X button in the search box to clear it.
[step 29] Action: left_click (113, 127)
[step 29] Reasoning: The search box is cleared! The emoji picker is back to showing the "Frequently Used" and "Smileys & People" categories. 

In the Console, I can now see a new message:
**`[Violation] Forced reflow while executing JavaScript took 32ms`**

This is a performance warning (violation), not a duplicate key error. It appeared when clearing the search box and re-rendering the full emoji list.

Now let me click on the search box and type 'fam' to start the second round of testing.
[step 30] Action: type: fam
[step 30] Reasoning: The search box is focused. Now let me type 'fam'.
[step 31] Action: type: ily
[step 31] Reasoning: After typing 'fam', I can see:
- **Search Results**: Shows **2 emojis** that look identical (family emoji appearing twice)
- **Console**: Still only shows `[Violation] Forced reflow while executing JavaScript took 32ms` - NO duplicate key errors

Now let me type 'ily' to complete 'family' and check again.
[step 32] Action: DONE
[step 32] Reasoning: The second round confirms the same findings:

- **Search Results for 'family'**: Shows **2 identical-looking emojis** in the search results
- **Console**: Still only shows `[Violation] Forced reflow while executing JavaScript took 32ms` - NO React duplicate key errors or warnings

The results are consistent across both rounds of testing. Now let me provide a comprehensive summary of all the findings.

---

## 测试报告

### 测试结论：**发现重复 Emoji Bug（Functional Bug）**

---

### 一、搜索功能测试结果

#### 搜索词 'fam'
- 搜索结果显示 **2 个外观相同的 emoji**（家庭 emoji 👪）

#### 搜索词 'family'
- 搜索结果同样显示 **2 个外观相同的 emoji**

**关键发现 — 重复 Emoji（Duplicate Emoji Bug）：**

| 位置 | 显示名称 | 短码（Shortcodes） |
|------|----------|-------------------|
| 第一个 emoji | **Family** | `:man-woman-boy:` `:family:` |
| 第二个 emoji | **Man Woman Boy** | `:family:` `:man-woman-boy:` |

✅ **这是同一个 emoji**（👪 家庭：男人、女人、男孩），却以两个不同名称（"Family" 和 "Man Woman Boy"）出现在搜索结果中，两者共享**完全相同的短码**（`:family:` 和 `:man-woman-boy:`），视觉外观完全一致。这是一个明确的**重复 emoji bug**。

---

### 二、DevTools Console 检查结果

**搜索过程中 Console 出现的消息：**

| 消息类型 | 内容 | 相关性 |
|----------|------|--------|
| Violation（性能警告） | `[Violation] Forced reflow while executing JavaScript took 32ms` | ⚠️ 性能问题，清空搜索框时触发 |
| 1 Issue（浏览器问题） | `Deprecated feature used - The Shared Storage API` | ❌ 与 emoji picker 无关 |

**❌ 未发现 React 的 `duplicate key` 警告**：在整个搜索过程（'fam' 和 'family' 的两轮输入）中，Console 中**没有出现**任何 `Warning: Each child in a list should have a unique "key" prop` 或类似的 React 重复 key 错误/警告。

---

### 三、Bug 总结

**Bug 类型：** 功能性 Bug - 搜索结果重复 Emoji  
**Bug 严重性：** 中等

**详细描述：**
- emoji-mart 的 Picker 组件在搜索 'fam'/'family' 时，会将同一个 emoji（👪 U+1F46A 家庭）以两个不同的"名称"重复显示在搜索结果中：
  1. 名称 "Family"，短码 `:man-woman-boy:` `:family:`
  2. 名称 "Man Woman Boy"，短码 `:family:` `:man-woman-boy:`
- 两者是**同一个 emoji 字符**，共享相同的短码，视觉外观完全一致，属于数据层面的重复条目
- React 并未为此发出 `duplicate key` 警告，说明这两个条目可能在数据中被赋予了不同的 key，但实际上代表同一个 emoji
- 同时发现 **性能违规**：清空搜索框时强制重排（Forced reflow）耗时 32ms，可能影响用户体验
Evaluating task result...

==================================================
Task: 当前Chrome浏览器已打开 emoji-mart 的 Picker 组件（独立 iframe 模式），地址是 http://localhost:6006/iframe.html?id=picker--default。测试搜索功能中的重复 emoji 问题。操作步骤：1. 找到 emoji picker 的搜索框，点击使其获得焦点；2. 在搜索框中输入 'fam'，观察搜索结果中的 emoji 列表；3. 继续输入完整单词 'family'，仔细检查搜索结果中是否有重复的 emoji（同一个 emoji 出现多次）；4. 按 F12 打开 DevTools Console 面板，检查在输入搜索词过程中是否有 duplicate key 等错误或警告信息；5. 清空搜索框，再次输入 'fam' 和 'family'，再次检查搜索结果和 Console。始终在浏览器内操作，禁止打开 Terminal 或其他应用程序。如果在浏览器中找不到目标功能，直接报告 unclear。
Status: COMPLETED
Total steps: 32
Last action: DONE
Last reasoning: The second round confirms the same findings:

- **Search Results for 'family'**: Shows **2 identical-looking emojis** in the search results
- **Console**: Still only shows `[Violation] Forced reflow while executing JavaScript took 32ms` - NO React duplicate key errors or warnings

The results are consistent across both rounds of testing. Now let me provide a comprehensive summary of all the findings.

---

## 测试报告

### 测试结论：**发现重复 Emoji Bug（Functional Bug）**

---

### 一、搜索功能测试结果

#### 搜索词 'fam'
- 搜索结果显示 **2 个外观相同的 emoji**（家庭 emoji 👪）

#### 搜索词 'family'
- 搜索结果同样显示 **2 个外观相同的 emoji**

**关键发现 — 重复 Emoji（Duplicate Emoji Bug）：**

| 位置 | 显示名称 | 短码（Shortcodes） |
|------|----------|-------------------|
| 第一个 emoji | **Family** | `:man-woman-boy:` `:family:` |
| 第二个 emoji | **Man Woman Boy** | `:family:` `:man-woman-boy:` |

✅ **这是同一个 emoji**（👪 家庭：男人、女人、男孩），却以两个不同名称（"Family" 和 "Man Woman Boy"）出现在搜索结果中，两者共享**完全相同的短码**（`:family:` 和 `:man-woman-boy:`），视觉外观完全一致。这是一个明确的**重复 emoji bug**。

---

### 二、DevTools Console 检查结果

**搜索过程中 Console 出现的消息：**

| 消息类型 | 内容 | 相关性 |
|----------|------|--------|
| Violation（性能警告） | `[Violation] Forced reflow while executing JavaScript took 32ms` | ⚠️ 性能问题，清空搜索框时触发 |
| 1 Issue（浏览器问题） | `Deprecated feature used - The Shared Storage API` | ❌ 与 emoji picker 无关 |

**❌ 未发现 React 的 `duplicate key` 警告**：在整个搜索过程（'fam' 和 'family' 的两轮输入）中，Console 中**没有出现**任何 `Warning: Each child in a list should have a unique "key" prop` 或类似的 React 重复 key 错误/警告。

---

### 三、Bug 总结

**Bug 类型：** 功能性 Bug - 搜索结果重复 Emoji  
**Bug 严重性：** 中等

**详细描述：**
- emoji-mart 的 Picker 组件在搜索 'fam'/'family' 时，会将同一个 emoji（👪 U+1F46A 家庭）以两个不同的"名称"重复显示在搜索结果中：
  1. 名称 "Family"，短码 `:man-woman-boy:` `:family:`
  2. 名称 "Man Woman Boy"，短码 `:family:` `:man-woman-boy:`
- 两者是**同一个 emoji 字符**，共享相同的短码，视觉外观完全一致，属于数据层面的重复条目
- React 并未为此发出 `duplicate key` 警告，说明这两个条目可能在数据中被赋予了不同的 key，但实际上代表同一个 emoji
- 同时发现 **性能违规**：清空搜索框时强制重排（Forced reflow）耗时 32ms，可能影响用户体验

==================================================

UI window closed
