Session created: sess-20260427190543-c2ae8b7e9ad34da0a069f490b1f2d92b
UI panel initialized successfully
UI window displayed
Expected result: 在 Partitions 选项卡中应能看到一个新增的 Partition Table Offset 字段，显示自动检测到的分区表偏移地址（如 0x8000 或其他 0x1000 对齐的地址），数值正确且格式清晰可读。
[step 0] Action: Initializing
[step 0] Reasoning: Initializing session connection
[step 0] Action: screenshot
[step 1] Action: left_click (56, 199)
[step 1] Reasoning: 我看到ESPConnect网站已经打开，界面显示"未连接设备"。左侧菜单中有"分区"选项。由于当前处于未连接状态，让我先点击"分区"选项卡查看其内容，同时也需要先连接设备。

首先，让我点击"分区"选项查看内容：
[step 2] Action: key: Escape
[step 2] Reasoning: 点击"分区"后，页面仍然显示未连接设备状态，主内容区域是黑色的。这是因为设备尚未连接。需要先连接设备才能查看分区信息。让我先点击"连接"按钮，然后再查看分区信息。

但注意到右上角有通知弹窗，先关闭它们，然后点击"连接"：
[step 3] Action: left_click (200, 99)
[step 3] Reasoning: 我看到界面仍然显示未连接设备状态。任务提到要"访问设备的 Web 管理界面"，这可能指的是通过ESPConnect连接到设备。让我先尝试点击"连接"按钮来连接设备：
[step 4] Action: left_click (678, 263)
[step 4] Reasoning: 弹出了蓝牙权限请求对话框，显示"Google Chrome.app.bundle"想要使用蓝牙。这是因为ESPConnect通过蓝牙连接ESP32设备。让我点击"允许"授权蓝牙访问：
[step 5] Action: left_click (295, 344)
[step 5] Reasoning: 出现了串行端口连接对话框，显示可用的串口：
- cu.Bluetooth-Incoming-Port
- cu.debug-console

这些不是ESP32设备的实际串口。我需要选择正确的串口来连接ESP32设备。但现在显示的端口似乎不是真正的ESP32设备。让我取消这个连接，重新思考任务。

任务说明是"访问设备的Web管理界面"，这可能是指通过ESPConnect工具进行连接，但也可能是ESP32设备有自己的Web界面可以通过局域网访问。

先取消这个串口连接对话框：
[step 6] Action: left_click (113, 33)
[step 6] Reasoning: 界面回到了未连接状态。我注意到左侧有一个另一个标签页"OpenClaw Control"。任务提到访问"设备的Web管理界面"，这可能是指ESP32设备的内置Web服务器。让我查看OpenClaw Control标签页是否是设备的Web管理界面：
[step 7] Action: left_click (291, 33)
[step 7] Reasoning: 这是OpenClaw的AI聊天界面，不是ESP32设备的Web管理界面。让我回到ESPConnect标签页，并思考这个任务。

任务说明是访问"设备的Web管理界面"，在ESPConnect的上下文中，当ESP32设备连接后，可能通过某个局域网地址提供Web管理界面。但由于当前没有实际的ESP32设备连接，我需要看是否有其他方式来访问。

让我回到ESPConnect页面，并尝试通过连接串口中可用的选项来连接设备：
[step 8] Action: left_click (56, 199)
[step 8] Reasoning: 我回到了ESPConnect主页面。注意到右侧显示"未连接设备 - 连接到 ESP32 以查看设备"。任务中的"设备的Web管理界面"在这个上下文中就是指ESPConnect本身的界面（localhost:5173），它是一个Web管理界面。

让我重新理解任务：任务要求我进入"分区"选项卡（Partitions tab），并查看是否有"Partition Table Offset"字段。

左侧菜单已有"分区"选项。让我点击它：
[step 9] Action: left_click (200, 99)
[step 9] Reasoning: 点击"分区"菜单项后，主内容区域仍然显示黑色，"未连接设备"的状态卡片仍然出现。看来需要先连接设备才能看到分区内容。

让我尝试通过连接到可用的串口来连接设备。让我再次点击"连接"按钮，然后选择可用的串口：
[step 10] Action: left_click (228, 146)
[step 10] Reasoning: 同样的串口选择对话框出现了。可用的串口是：
- cu.Bluetooth-Incoming-Port
- cu.debug-console

这些不是ESP32设备的实际串口。但既然任务要求我连接设备，让我尝试连接cu.debug-console，看看是否可以连接：
[step 11] Action: left_click (344, 344)
[step 11] Reasoning: 选中了"cu.debug-console"，"连接"按钮现在变成了蓝色可点击状态。让我点击"连接"按钮：
[step 12] Action: wait
[step 12] Reasoning: 正在连接！右下角显示"连接中 - 正在连接 ESP 设备... 正在与 ROM 引导程序握手..."。让我等待连接完成：
[step 13] Action: wait
[step 13] Reasoning: 连接仍在进行中，显示"连接中 - 正在连接 ESP 设备... 正在与 ROM 引导程序握手..."。让我再等待一段时间：
[step 14] Action: scroll right (1140, 370) scroll_amount 3
[step 14] Reasoning: 连接失败了，显示"Processing Error - An error occurred while processing information from the device. Last error: Couldn't sync to ESP. Try resetting manually."

这证明cu.debug-console不是真正的ESP32设备串口。设备无法连接。

不过，任务的重点是查看ESPConnect Web界面中是否显示了"Partition Table Offset"字段。这是ESPConnect这个Web应用本身的功能，即使没有连接实际设备，我也可以通过检查代码或者切换到已连接的模拟状态来查看。

让我点击"GOT IT"关闭错误提示，然后看看是否可以通过其他方式查看分区界面的内容：
[step 15] Action: left_click (1261, 425)
[step 15] Reasoning: 错误提示仍然显示，且"GOT IT"按钮被部分截断。让我尝试点击它：
[step 16] Action: left_click (56, 199)
[step 16] Reasoning: 错误提示关闭了，回到了主界面。现在设备没有连接，内容区域是黑色的。

由于没有真实的ESP32设备可以连接，我需要重新考虑方法。任务要求访问"设备的Web管理界面"并进入"Partitions（分区）"选项卡，查看是否有"Partition Table Offset"字段。

这个ESPConnect界面的左侧菜单就有"分区"选项。但由于没有连接设备，点击后内容区域是空的（黑屏）。

让我尝试直接点击"分区"菜单，看是否会显示任何内容，或者是否需要通过URL路由访问：
[step 17] Action: left_click (640, 62)
[step 17] Reasoning: 页面内容区域仍然是黑色的，没有显示分区信息。由于没有连接设备，分区选项卡内容无法显示。

任务提到"设备的Web管理界面"，这可能是ESP32上运行的一个单独的Web服务器，而不是通过串口连接的ESPConnect工具。让我尝试通过浏览器访问一些常见的ESP32 Web管理界面地址，比如192.168.x.x或者其他本地地址。

但首先，我注意到整个测试环境可能是一个模拟/开发环境。ESPConnect本身就是这个"设备的Web管理界面"，而且需要已连接的设备才能显示分区信息。

让我重新思考：任务是关于ESPConnect作为一个Web应用（在localhost:5173运行）的界面，左侧菜单的"分区"就是Partitions选项卡。但是由于没有设备连接，内容区域是空的。

我需要查看分区页面的内容，这意味着需要一个实际连接的模拟或真实ESP32设备。

让我检查URL路由，尝试直接导航到分区页面看是否有不同的路由：
[step 18] Action: type: localhost:5173/#/...
[step 18] Reasoning: 现在我看到地址栏，当前URL是`localhost:5173`。我可以尝试添加路由路径来访问分区页面。但首先，让我思考这个ESPConnect应用的结构。

ESPConnect是一个Vue.js单页应用（SPA），它通过哈希路由或路径路由来管理页面。让我尝试访问分区路由：
[step 19] Action: screenshot
[step 19] Reasoning: 已经按Enter键，让我等待页面加载：
[step 20] Action: left_click (176, 89)
[step 20] Reasoning: 地址栏仍显示建议，页面背景没有变化。需要点击地址栏中的建议或按Enter来导航。让我点击第一个建议：
[step 21] Action: left_click (56, 199)
[step 21] Reasoning: 现在URL是`localhost:5173/#/partitions`，但内容区域仍然是黑色的，右侧仍然显示"未连接设备"。这说明路由已正确导航到分区页面，但由于没有设备连接，页面内容为空。

让我思考另一种方法：在ESPConnect这种本地开发环境中，可能存在一个模拟(mock)设备或者一些测试数据。让我检查是否有其他方式可以查看分区界面。

让我尝试通过其他方式，比如使用浏览器的存储或者修改URL来模拟已连接状态。但是，任务限制说"禁止打开Terminal、Finder或其他应用程序"，所以我只能在浏览器中操作。

实际上，分析整个情况：

1. ESPConnect是一个Web管理界面，运行在localhost:5173
2. 左侧菜单有"分区"选项
3. 点击"分区"后，内容区域显示黑屏（没有连接设备）
4. 无法连接实际的ESP32设备

由于没有真实的ESP32设备，我无法查看"分区"选项卡的内容，也就无法确认是否显示了"Partition Table Offset"字段。

但是，任务问的是"页面上是否显示了Partition Table Offset（分区表偏移）字段及其对应的偏移地址值"，这是一个明确的UI功能测试。

让我尝试一些不同的方法：检查网络请求或模拟已连接状态。但既然不能使用开发者工具，我应该以普通用户的方式操作。

让我也看看现在左侧"分区"菜单是否是活动状态（高亮显示），并检查主内容区域是否完全黑色：

从当前截图中，我注意到：
- URL已经是`localhost:5173/#/partitions`
- 左侧菜单中"设备信息"仍然是高亮的
- 分区菜单没有高亮

让我尝试在英文模式下或者不同语言设置下查看，或者尝试检查其他可能的路径。

但更重要的是，我应该判断：**页面上没有显示Partition Table Offset字段，因为设备未连接**。内容区域是完全黑色的，什么都没有显示。

让我做最后一次尝试，通过直接点击左侧的"分区"链接来确认：

现在让我截取更清晰的截图以确认当前状态，并检查是否有任何内容区域的变化：

从所有的截图来看：
- 在"分区"选项下，主内容区域完全是黑色的
- 没有显示任何UI元素，包括"Partition Table Offset"字段
- 这是因为没有连接ESP32设备

**结论**：页面上的分区（Partitions）选项卡没有显示"Partition Table Offset（分区表偏移）"字段，因为设备未连接。内容区域完全为空（黑屏）。

根据任务要求，如果"在浏览器中找不到目标功能，直接标记result为unclear"，我应该标记为unclear。

但等一下，让我再看看是否这个ESPConnect应用有demo模式或任何其他入口点。让我检查当前页面左侧的菜单是否需要先点击"分区"：
[step 22] Action: DONE
[step 22] Reasoning: 页面内容区域仍然是黑色的，URL是`localhost:5173/#/partitions`。左侧"设备信息"菜单项仍然被高亮显示，"分区"没有激活状态显示。内容区域完全为空黑色。

从截图中我可以确认：
1. 当前在分区（#/partitions）路由下
2. 内容区域完全为黑色，没有任何可见内容
3. 右侧显示"未连接设备 - 连接到ESP32以查看设备"的提示
4. 无法查看"Partition Table Offset"字段，因为需要连接实际设备

由于任务要求查看分区页面上是否显示了"Partition Table Offset（分区表偏移）"字段，而当前没有设备连接导致页面内容为空，我无法确认该字段是否存在。

根据任务说明："如果在浏览器中找不到目标功能，直接标记result为unclear，result_summary写明未在页面中找到目标功能入口。"

---

## 📋 执行结果报告

**操作过程总结：**

1. 访问了 ESPConnect Web 界面（http://localhost:5173）
2. 点击左侧菜单中的"分区"选项（即 Partitions 选项卡），URL 变为 `localhost:5173/#/partitions`
3. 尝试通过串口（cu.debug-console）连接 ESP 设备，但连接失败（错误：Couldn't sync to ESP，无法与 ROM 引导程序握手）
4. 多次查看分区页面，内容区域始终显示为**全黑**（无任何内容），右侧有"未连接设备"的提示卡片

**页面状态：**
- 分区（Partitions）选项卡存在于左侧导航菜单中
- 但内容区域完全空白（黑屏），没有显示任何字段，包括"Partition Table Offset（分区表偏移）"字段
- 这是因为没有 ESP32 设备成功连接

**视觉异常：**
- 点击"分区"菜单项后，该菜单项没有高亮/激活状态，而"设备信息"仍保持高亮状态——可能是左侧导航菜单的激活状态显示存在 bug
- 内容区域在未连接状态下完全黑屏，没有任何提示信息或占位符内容（只在右上角有悬浮提示卡片）

**结论：**
> **result: unclear**  
> **result_summary:** 在 ESPConnect 界面（localhost:5173）的分区（Partitions）选项卡中，由于无法成功连接 ESP32 设备，内容区域完全为空（黑屏），页面上未显示任何字段，包括"Partition Table Offset（分区表偏移）"字段。无法在当前未连接状态下确认该字段是否存在及其对应的偏移地址值。
Evaluating task result...

==================================================
Task: 当前Chrome浏览器已打开Espconnect网站，地址是http://localhost:5173。访问设备的 Web 管理界面，进入 Partitions（分区）选项卡，查看页面上是否显示了 Partition Table Offset（分区表偏移）字段及其对应的偏移地址值。 请始终在浏览器内操作，禁止打开 Terminal、Finder 或其他应用程序。如果在浏览器中找不到目标功能，直接标记 result 为 unclear，result_summary 写明未在页面中找到目标功能入口。
Status: COMPLETED
Total steps: 22
Last action: DONE
Last reasoning: 页面内容区域仍然是黑色的，URL是`localhost:5173/#/partitions`。左侧"设备信息"菜单项仍然被高亮显示，"分区"没有激活状态显示。内容区域完全为空黑色。

从截图中我可以确认：
1. 当前在分区（#/partitions）路由下
2. 内容区域完全为黑色，没有任何可见内容
3. 右侧显示"未连接设备 - 连接到ESP32以查看设备"的提示
4. 无法查看"Partition Table Offset"字段，因为需要连接实际设备

由于任务要求查看分区页面上是否显示了"Partition Table Offset（分区表偏移）"字段，而当前没有设备连接导致页面内容为空，我无法确认该字段是否存在。

根据任务说明："如果在浏览器中找不到目标功能，直接标记result为unclear，result_summary写明未在页面中找到目标功能入口。"

---

## 📋 执行结果报告

**操作过程总结：**

1. 访问了 ESPConnect Web 界面（http://localhost:5173）
2. 点击左侧菜单中的"分区"选项（即 Partitions 选项卡），URL 变为 `localhost:5173/#/partitions`
3. 尝试通过串口（cu.debug-console）连接 ESP 设备，但连接失败（错误：Couldn't sync to ESP，无法与 ROM 引导程序握手）
4. 多次查看分区页面，内容区域始终显示为**全黑**（无任何内容），右侧有"未连接设备"的提示卡片

**页面状态：**
- 分区（Partitions）选项卡存在于左侧导航菜单中
- 但内容区域完全空白（黑屏），没有显示任何字段，包括"Partition Table Offset（分区表偏移）"字段
- 这是因为没有 ESP32 设备成功连接

**视觉异常：**
- 点击"分区"菜单项后，该菜单项没有高亮/激活状态，而"设备信息"仍保持高亮状态——可能是左侧导航菜单的激活状态显示存在 bug
- 内容区域在未连接状态下完全黑屏，没有任何提示信息或占位符内容（只在右上角有悬浮提示卡片）

**结论：**
> **result: unclear**  
> **result_summary:** 在 ESPConnect 界面（localhost:5173）的分区（Partitions）选项卡中，由于无法成功连接 ESP32 设备，内容区域完全为空（黑屏），页面上未显示任何字段，包括"Partition Table Offset（分区表偏移）"字段。无法在当前未连接状态下确认该字段是否存在及其对应的偏移地址值。

==================================================

UI window closed
