Session created: sess-20260418132728-c1a8de70f19c4cebbbc98e6a2de6c4a8
UI panel initialized successfully
UI window displayed
Expected result: 点击横幅广告上的x关闭按钮后，横幅广告应立即关闭并从视频播放区域消失；同时非线性广告应尊重设定的持续时间，在时间到期后自动关闭。
[step 0] Action: Initializing
[step 0] Reasoning: Initializing session connection
[step 0] Action: screenshot
[step 1] Action: left_click (319, 389)
[step 1] Reasoning: I can see the Fluid Player E2E test cases page. I need to find a link with VAST non-linear ads. I can see "VOD with VAST" which seems like the most relevant option for testing non-linear banner ads. Let me click on it.
[step 2] Action: left_click (319, 389)
[step 2] Reasoning: Good, the terminal overlay is gone. Now I can see the full list of test cases. I'll click on "VOD with VAST" to navigate to that test case.
[step 3] Action: left_click (576, 132)
[step 3] Reasoning: I'm now on the "VOD with VAST" page at `localhost:3000/vod_basic_vast.html`. I can see the video player with a play button. Now I need to click the play button to start the video and wait for the non-linear banner ad to appear.
[step 4] Action: left_click (29, 169)
[step 4] Reasoning: The video doesn't seem to have started - the timer still shows 00:00/00:00. Let me try clicking the play button in the controls bar at the bottom left of the player.
[step 5] Action: wait
[step 5] Reasoning: The video still isn't playing - the timer still shows 00:00/00:00. The video might need a moment to load. Let me wait a couple seconds and try clicking the large play button in the center of the video again.
[step 6] Action: left_click (576, 132)
[step 6] Reasoning: The video player is still showing 00:00/00:00 with the large play button. The video hasn't started yet. Let me try clicking the large play button in the center of the video area more precisely.
[step 7] Action: wait
[step 7] Reasoning: The video still isn't starting - the timer remains at 00:00/00:00. This could be because the video source isn't loading properly, or there might be an issue with the VAST ad loading. Let me wait a bit more and then take another screenshot to see if there's any change.

Let me try waiting a few seconds and then check again.
[step 8] Action: key: F5
[step 8] Reasoning: The video player still shows 00:00/00:00 and the play button is still visible. The player appears to be not responding to clicks. This may be related to the video source not loading. Let me check the page source to understand the configuration. Let me try to view the page source to understand what VAST configuration is being used.

Let me try right-clicking on the player to see if there are any options, or use Chrome DevTools to inspect what's happening.

Actually, let me first try to reload the page and try again.
[step 9] Action: wait
[step 9] Reasoning: The page appears to have reloaded. Let me wait for it to fully load and then try clicking the play button again.
[step 10] Action: key: F12
[step 10] Reasoning: The player still shows the same state. Let me open Chrome DevTools to check if there are any errors with the video or VAST loading. I'll press F12 to open DevTools.
[step 11] Action: left_click (40, 568)
[step 11] Reasoning: Chrome DevTools is now open. I can see the Console tab showing:
- "Fluid Player - Development Build"
- "Created instance of Fluid Player. Debug API available at window.fluidPlayerDebug[0]."
- "[WDS] Live Reloading enabled."
- 7 errors, 1 warning, 3 info

There are 7 errors. Let me click on the errors to see what they say.
[step 12] Action: key: F12
[step 12] Reasoning: Now I can see the errors clearly:
1. "Failed to load resource: net::ERR_PROXY_CONNECTION_FAILED" for `cdn.fluidplayer.com/valerian-1080p.mkv`
2. "Failed to load resource: net::ERR_PROXY_CONNECTION_FAILED" for `cdn.fluidplayer.com/valerian-720p.mkv`
3. "Failed to load resource: net::ERR_PROXY_CONNECTION_FAILED" for `cdn.fluidplayer.com/valerian-480p.mkv`
4. "Failed to load resource: net::ERR_PROXY_CONNECTION_FAILED" for `VpaidVideoAd.js`
5. "Failed to load resource: net::ERR_PROXY_CONNECTION_FAILED" for `www.example.com/error`
6. "Failed to load resource: net::ERR_PROXY_CONNECTION_FAILED" for `cdn.fluidplayer.com/valerian-1080p.mkv`
7. "[FP_ERROR] Playback error NotSupportedError: The element has no supported sources."

This explains why the video isn't playing - the video sources are from a CDN (cdn.fluidplayer.com) which isn't accessible in this environment (proxy connection failed). The VAST ad sources also can't be loaded.

However, the player itself is loaded. The issue is network access. Let me check the page source to understand the VAST configuration and see if there are any local VAST XML files configured. Let me look at the source code of the page.
[step 13] Action: key: ctrl+u
[step 13] Reasoning: Good, DevTools is now closed. I can see the video player with a play button but the toolbar at the bottom is not visible now (it seems to have disappeared). The video is black - the sources are failing to load from external CDN. Let me try viewing the page source to understand the VAST configuration.

Let me use the keyboard shortcut to view the page source.
[step 14] Action: Open url: view-source:localhost:3000/vod_basic_vast.html
[step 14] Reasoning: The view-source shortcut didn't open a new tab. Let me try using the Chrome menu or navigating to the source directly.
No application knows how to open URL view-source:localhost:3000/vod_basic_vast.html (Error Domain=NSOSStatusErrorDomain Code=-10814 "kLSApplicationNotFoundErr: E.g. no application claims the file" UserInfo={_LSLine=1973, _LSFunction=runEvaluator, _LSFile=LSBindingEvaluator.mm, _LSErrorMessage=kLSApplicationNotFoundErr}).
[step 15] Action: left_click (640, 61)
[step 15] Reasoning: It seems the page didn't navigate to view-source. Let me try clicking on the address bar and typing the view-source URL.
[step 16] Action: triple_click
[step 16] Reasoning: Good, the address bar is now selected. Let me type the view-source URL to see the page source.
[step 17] Action: type: view-source:http:...
[step 18] Action: key: Return
[step 18] Reasoning: I can see the autocomplete showing the view-source URL. Let me press Enter to navigate to it.
[step 19] Action: Open url: http://localhost:3000/static/vpaid_nonlinear.xml
[step 19] Reasoning: Excellent! Now I can see the source code of the page. This is very helpful. Looking at the configuration:

```javascript
var instance = fluidPlayer('fluid-player-e2e-case', {
    vastOptions: {
        allowVPAID: true, // Default false.
        adList: [
            {
                roll: 'preRoll',
                vastTag: '/static/vpaid_linear.xml'
            },
            {
                roll: 'midRoll',
                vastTag: '/static/vpaid_nonlinear.xml',
                timer: 4
            },
        ]
    });
```

This confirms:
1. There's a **preRoll** VAST ad using `/static/vpaid_linear.xml`
2. There's a **midRoll** VAST ad using `/static/vpaid_nonlinear.xml` with a timer of 4 seconds

The **midRoll** with `vpaid_nonlinear.xml` is the non-linear ad I need to test! It's configured to appear at 4 seconds into the video. Let me check the VAST XML files. But first, there's a problem - the video sources are from CDN (`cdn.fluidplayer.com`) which couldn't be loaded (ERR_PROXY_CONNECTION_FAILED).

Let me check the `/static/vpaid_nonlinear.xml` file to understand the non-linear ad configuration.
[step 20] Action: Open url: http://localhost:3000
[step 20] Reasoning: Now I can see the VAST non-linear XML. This is very informative:

The VAST non-linear XML has:
- `<NonLinearAds>` with dimensions width="480" height="90" 
- It uses VPAID (application/javascript) from Google IMA HTML5 media
- The overlay image is from `googleads.github.io/googleads-ima-html5/media/NonLinearVpaid.png`
- The VPAID JS is `VpaidNonLinear.js` from googleads

The problem is that these resources are from external URLs that can't be accessed with `ERR_PROXY_CONNECTION_FAILED`. 

However, the task says the page is at localhost:3000 and we need to test it. Let me go back to the main page (localhost:3000) to check if there's another VAST demo link that might use local/working resources. Let me check if there are other pages available.

Let me first look at the home page to see all available test cases.
[step 21] Action: Open url: http://localhost:3000/static/
[step 21] Reasoning: Now I can see all available test cases. There are several VAST-related links:
1. "DASH Live Stream with VAST"
2. "DASH VOD with VAST"
3. "HLS Live Stream with VAST"
4. "HLS VOD with VAST"
5. "VOD with VAST" (which I've already visited)

All these VAST-related demos likely use similar configurations. The "VOD with VAST" page uses `vpaid_nonlinear.xml` for midRoll. Let me try the HLS VOD with VAST as it might be configured differently, or I need to check if HLS streams work locally.

But wait - looking at the configuration more carefully, the issue is:
1. The **video sources** are from external CDN (cdn.fluidplayer.com) - these fail
2. The **VAST tag** is from local `/static/vpaid_nonlinear.xml` - this works
3. The actual **ad media files** in the VAST XML point to googleads.github.io - these fail

The fundamental problem is that this testing environment doesn't have internet access for external CDN resources. Since the video can't play (no supported sources), the midRoll at timer=4 will never fire.

However, let me check if there might be other VAST XML files that use local media. Let me check the static directory.

Actually, looking at the source code again - the `vpaid_nonlinear.xml` uses VPAID (JavaScript-based ads) from external sources. But what about other configurations? Let me check if there's a non-VPAID VAST XML.

Let me also check if there are other local static files available.
[step 22] Action: Open url: http://localhost:3000/static/vast_nonlinear.xml
[step 22] Reasoning: The `/static/` directory listing isn't available. Let me try different approaches to find a VAST configuration that uses local resources. Let me check what other VAST XML files are available.

Let me check if there's a `vast_nonlinear.xml` or similar:
[step 23] Action: Open url: view-source:http://localhost:3000/hls_vod_vast.html
[step 23] Reasoning: That file doesn't exist. Let me look at the source of the DASH VOD with VAST or HLS VOD with VAST pages to see if they have a different configuration.

Let me check HLS VOD with VAST:
No application knows how to open URL view-source:http://localhost:3000/hls_vod_vast.html (Error Domain=NSOSStatusErrorDomain Code=-10814 "kLSApplicationNotFoundErr: E.g. no application claims the file" UserInfo={_LSLine=1973, _LSFunction=runEvaluator, _LSFile=LSBindingEvaluator.mm, _LSErrorMessage=kLSApplicationNotFoundErr}).
[step 24] Action: left_click (640, 61)
[step 24] Reasoning: I see the page is still showing the previous error page. The address bar shows `localhost:3000/static/vast_nonlinear.xml`. Let me click on the address bar and navigate to the correct URL.
[step 25] Action: left_click (451, 33)
[step 25] Reasoning: I see there are 4 tabs open. Let me navigate to the "Fluid Player E2E test cases" tab and click on "VOD with VAST" link.

Let me go to the "Fluid Player E2E test case" tab which I can see in the tabs.
[step 26] Action: left_click (319, 389)
[step 26] Reasoning: Good, I'm back at the main test cases page. Now I need to try the VOD with VAST page more carefully. The key insight is:

1. The video source files are on external CDN and fail to load
2. The VAST XML file is local (`/static/vpaid_nonlinear.xml`) and loads successfully
3. The ad media files in the VAST XML point to `googleads.github.io` which may or may not be accessible

The main challenge is that the video itself can't play because the sources are on an inaccessible CDN. However, perhaps the player can still show ads even if the video itself fails.

Let me approach this differently. The VPAID nonlinear VAST uses external JavaScript from `googleads.github.io`. Let me check if these external resources are accessible.

Actually, the key question is: does the player try to load the VAST ad XML and process it even when the main video fails? Looking at the console errors, there was an error `[FP_ERROR] Playback error NotSupportedError: The element has no supported sources.` - this suggests the player fails immediately.

Let me try a different approach - let me go to the VOD with VAST page and use Chrome DevTools to manually inject the VAST configuration or simulate the video playing. 

Actually, let me try a completely different approach. I'll use Chrome DevTools console to try to manually trigger the non-linear ad display by using the Fluid Player debug API.

Let me navigate to the VOD with VAST page first:
[step 27] Action: left_click (576, 131)
[step 27] Reasoning: Good, I'm on the "VOD with VAST" page. The player is showing the controls toolbar at the bottom and the play button in the center. Let me try clicking the play button to start the video - maybe the preRoll ad will appear even though the main video won't play.

Let me try clicking the play button:
[step 28] Action: wait
[step 28] Reasoning: I can see the play button is loading (there's a spinning animation visible around the play button). The player seems to be trying to load the ad. Let me wait a few seconds to see what happens.
[step 29] Action: left_click (289, 33)
[step 29] Reasoning: The player is still showing the play button with timer at 00:00/00:00. The video is failing to play because the video sources can't be loaded from the external CDN. 

Let me try another approach using Chrome DevTools to inspect the player more carefully and see if there are any VAST XML files that use local media. Let me check the `vpaid_nonlinear.xml` file content more carefully.

Let me click on the tab that has the vpaid_nonlinear.xml content:
[step 30] Action: left_click (424, 33)
[step 30] Reasoning: Excellent! Now I can see the full VAST non-linear XML. This is very revealing:

**VAST Configuration Analysis:**
- `<Ad id="1234567">`
- `<AdTitle>NonLinear VPAID JS</AdTitle>`
- `<NonLinear apiFramework="VPAID" width="480" height="90" id="overlay-1">`
- The `<AdParameters>` contains CDATA with JSON:
  - `overlays: [{"https://googleads.github.io/googleads-ima-html5/media/NonLinearVpaid.png"}]`
  - `videos: [{"url":"https://googleads.github.io/googleads-ima-html5/media/LinearVPAIDCreative.mp4", "mimetype":"video/mp4"}]`
- `<StaticResource creativeType="application/javascript">` pointing to `https://googleads.github.io/googleads-ima-html5/vpaid/nonlinear/VpaidNonLinear.js`
- `<NonLinearClickThrough>http://google.com</NonLinearClickThrough>`

The issue is confirmed: This is a VPAID-based non-linear ad that requires loading JavaScript and images from `googleads.github.io`, which is an external URL that may or may not be accessible in this environment.

The key challenge for testing is:
1. The main video sources are on external CDN (inaccessible) → video won't play
2. The VAST nonlinear ad requires external VPAID JS from googleads.github.io

Since the video won't load (external CDN), the midRoll timer=4 will never trigger. However, the preRoll VAST (vpaid_linear.xml) might be attempted when clicking play.

Let me look at what happens when we click play and open DevTools to understand the flow better. Let me go to the VOD with VAST page and open DevTools to see the console output more carefully.

Let me go back to the VOD with VAST tab and reload to start fresh:
[step 31] Action: key: F12
[step 31] Reasoning: I can see the video player now appears in a different state - the toolbar at the bottom is not visible. The player shows a large black area with the play button. This is different from before. Let me open Chrome DevTools to examine the player state and see what's happening.

Let me open DevTools with F12:
[step 32] Action: scroll up (640, 570) scroll_amount 3
[step 32] Reasoning: Now I can see the DevTools Console. The errors are:
1. `Failed to load resource: net::ERR_PROXY_CONNECTION_FAILED` for `valerian-1080p.mkv`
2. `Failed to load resource: net::ERR_PROXY_CONNECTION_FAILED` for `valerian-720p.mkv`
3. `Failed to load resource: net::ERR_PROXY_CONNECTION_FAILED` for `valerian-480p.mkv`
4. `Failed to load resource: net::ERR_PROXY_CONNECTION_FAILED` for `VpaidVideoAd.js`
5. `Failed to load resource: net::ERR_PROXY_CONNECTION_FAILED` for `error:1`
6. `Failed to load resource: net::ERR_PROXY_CONNECTION_FAILED` for `valerian-1080p.mkv` (again)

The player is in DevTools Responsive Design mode (showing 640x491). Also, I notice the video player area shows a black rectangle at the top, which is the player without any content.

The important observation is that `VpaidVideoAd.js` is failing to load, and this is the VPAID JavaScript file needed for the preRoll ad.

The player is currently in a failed state because:
1. Video sources can't be loaded (ERR_PROXY_CONNECTION_FAILED - external CDN)
2. VPAID ad scripts can't be loaded (ERR_PROXY_CONNECTION_FAILED - external ad servers)

Let me scroll the console to see all messages. I also see there's a responsive design mode active. Let me first check if there's anything useful in the console by expanding the messages.

Let me scroll up in the console to see the first messages:
[step 33] Action: left_click (52, 538)
[step 33] Reasoning: I can see the console shows 6 errors, 10 messages, and other items. Let me click on "10 messa..." to expand the messages:
[step 34] Action: left_click (640, 644)
[step 34] Reasoning: Now I can see more details in the console:

1. "Created instance of Fluid Player. Debug API available at window.fluidPlayerDebug[0]." → Object
2. `Failed to load resource: net::ERR_PROXY_CONNECTION_FAILED` for `valerian-480p.mkv`
3. `[WDS] Live Reloading enabled.`
4. `[FP_DEBUG] Request made → XMLHttpRequest` (from fluidplayer.js:284)
5. `Failed to load resource: net::ERR_PROXY_CONNECTION_FAILED` for `VpaidVideoAd.js`
6. `Failed to load resource: net::ERR_PROXY_CONNECTION_FAILED` for `error:1`
7. `Failed to load resource: net::ERR_PROXY_CONNECTION_FAILED` for `valerian-1080p.mkv`

The key information is:
- `[FP_DEBUG] Request made → XMLHttpRequest` - This means the player DID try to fetch the VAST XML via XMLHttpRequest
- The VAST request was processed (it's a local file `/static/vpaid_nonlinear.xml`)
- But then it tried to load `VpaidVideoAd.js` from an external URL which failed

Also importantly, there's a message saying:
- `Created instance of Fluid Player. Debug API available at window.fluidPlayerDebug[0].` 
- This means I can use `window.fluidPlayerDebug[0]` in the console to interact with the player!

Let me try using the console to manually trigger the non-linear ad display. But first, let me check what the debug API provides.

Let me click on the console input area at the bottom of DevTools and type a command:
[step 35] Action: left_click (100, 644)
[step 35] Reasoning: I can see the console. The important thing I notice is a `[FP_DEBUG] Request made → XMLHttpRequest` message from fluidplayer.js:284. This means the player fetched the VAST XML (which is local). The VAST was fetched successfully, but the VPAID JS from external URL failed to load.

Let me try using the console. I'll click on the `>` prompt at the bottom of the console to type commands:
[step 36] Action: left_click (640, 644)
[step 36] Reasoning: Let me click directly on the console input area at the very bottom of the DevTools panel where the `>` cursor is:
[step 37] Action: Open url: http://localhost:3000/static/vpaid_linear.xml
[step 37] Reasoning: The console is visible but I can't see a direct input cursor. Let me try a different approach - I need to find a way to check the source code of the VOD with VAST page to understand what kind of VAST tag is being used (I already know it's the `vpaid_nonlinear.xml`). 

The problem is clear:
1. The video sources fail to load (external CDN) - video can't play
2. Because the video can't play, the midRoll at timer=4 never triggers
3. Even if the midRoll did trigger, the VPAID non-linear ad requires external JavaScript that also can't load

However, looking at the console again: I can see "10 messa..." messages. Let me try to check all messages - maybe there's a VAST success message. Also, I noticed the VAST XML at `/static/vpaid_nonlinear.xml` is actually a **VPAID nonlinear** ad (uses VPAID JS), NOT a standard non-linear image overlay.

The issue is this is a complex VPAID-based ad. Let me look at the source code of all VAST test pages to find one that uses a local, non-VPAID non-linear ad (like an image overlay).

Let me check the `vpaid_linear.xml` to understand what kind of preRoll is configured:
[step 38] Action: Open url: http://localhost:3000/static/nonlinear.xml
[step 38] Reasoning: Now I can see the `vpaid_linear.xml` VAST file. This is a preRoll Linear VPAID ad:
- Title: "Linear VPAID Example"
- It's a Linear VPAID Video Ad with duration 00:00:10
- MediaFile: VPAID JavaScript from `secure-ds.serving-sys.com/.../VPAIDAPI.js` (commented out) and `VpaidVideoAd.js` from `googleads.github.io`
- AdParameters contain a video from `googleads.github.io/.../LinearVPAIDCreative.mp4`

Both VAST files use external resources that can't be loaded in this environment (ERR_PROXY_CONNECTION_FAILED).

Now let me check if there are other test pages that might use non-VPAID VAST ads with local resources. Looking at the home page I need to check what other VAST XML files are available locally.

Let me check all possible VAST files:
[step 39] Action: Open url: view-source:http://localhost:3000
[step 39] Reasoning: "Cannot GET /static/nonlinear.xml" - that file doesn't exist. Let me look at the HTML source of the home page to find all the test case pages mentioned and check which ones have VAST configurations.

Let me look at the home page source to understand what demo pages are available:
No application knows how to open URL view-source:http://localhost:3000 (Error Domain=NSOSStatusErrorDomain Code=-10814 "kLSApplicationNotFoundErr: E.g. no application claims the file" UserInfo={_LSLine=1973, _LSFunction=runEvaluator, _LSFile=LSBindingEvaluator.mm, _LSErrorMessage=kLSApplicationNotFoundErr}).
[step 40] Action: left_click (640, 61)
[step 40] Reasoning: The view-source didn't open correctly. Let me navigate directly via the address bar:
[step 41] Action: triple_click
[step 42] Action: type: http://localhost:...
[step 43] Action: key: Return
[step 44] Action: Open url: view-source:http://localhost:3000/dash_vod_vast.html
[step 44] Reasoning: Now I can see the full list of test cases on the home page. The VAST-related links are:
1. "DASH Live Stream with VAST"
2. "DASH VOD with VAST"
3. "HLS Live Stream with VAST"
4. "HLS VOD with VAST"
5. "VOD with VAST" (already tested - uses vpaid_linear.xml for preRoll and vpaid_nonlinear.xml for midRoll)

Let me check the source of other VAST pages to see if any of them use different (local) VAST configurations. Let me check DASH VOD with VAST first:
No application knows how to open URL view-source:http://localhost:3000/dash_vod_vast.html (Error Domain=NSOSStatusErrorDomain Code=-10814 "kLSApplicationNotFoundErr: E.g. no application claims the file" UserInfo={_LSLine=1973, _LSFunction=runEvaluator, _LSFile=LSBindingEvaluator.mm, _LSErrorMessage=kLSApplicationNotFoundErr}).
[step 45] Action: left_click (640, 61)
[step 45] Reasoning: The view-source URL didn't open in a new tab - it seems the address bar didn't get the URL right. The page stayed on localhost:3000. Let me try clicking the address bar and navigating directly:
[step 46] Action: key: Escape
[step 46] Reasoning: I'm on the main page now. I need to look at the actual source of the VAST pages more carefully to find a page with a non-linear ad using local resources. Let me right-click on the "VOD with VAST" link to open it in a new tab and view its source to understand the configuration better.

Actually, I already viewed the source of `vod_basic_vast.html` earlier. The relevant configuration was:
- preRoll: `/static/vpaid_linear.xml` 
- midRoll at timer=4: `/static/vpaid_nonlinear.xml`

The `vpaid_nonlinear.xml` IS the non-linear ad configuration. However it uses VPAID (external JavaScript) which fails to load.

But the question is: does the Fluid Player handle non-VPAID standard VAST non-linear ads differently? Let me look at the source of the DASH VOD with VAST page, which might have a different configuration.

Let me click on "DASH VOD with VAST" from the main page to navigate to it:
[step 47] Action: Open url: http://localhost:3000/static/vpaid_nonlinear.xml
[step 47] Reasoning: Now I can see all the test case links. The task asks me to:
1. Find the VAST non-linear (In-Video) banner ad demo link
2. Play the video and wait for the banner ad to appear at the bottom of the video
3. Test the close button (x button)
4. Verify the banner disappears
5. Also observe if the banner auto-disappears after the set time

Looking at the source code I already viewed for `vod_basic_vast.html`, the non-linear ad is configured as a midRoll at timer=4. The problem is:
- The video sources are from external CDN (unavailable)
- The VAST VPAID JS is from external sources (unavailable)

But let me reconsider: perhaps when I click play on `vod_basic_vast.html`, even though the main video fails to load, the preRoll might show (since it's a VPAID linear ad that plays before the main video). The midRoll however needs the main video to play for 4 seconds first.

Let me try a different approach - let me look at the source code of the VOD with VAST page more carefully. I remember seeing the source earlier which showed the midRoll at timer=4. But wait - is there actually a separate "in-video banner" test case that I might have missed?

Let me look more carefully at the VAST XML files available. Let me check what VAST XML files are served locally:
[step 48] Action: left_click (394, 33)
[step 48] Reasoning: Now I can see the full `vpaid_nonlinear.xml` content. This is the VAST XML for the non-linear (in-video banner) ad:

**VAST Non-Linear Ad Configuration:**
- `<Ad id="1234567">`
- `<AdTitle>NonLinear VPAID JS</AdTitle>`
- `<Description>Vpaid NonLinear Ad</Description>`
- `<Error>http://www.example.com/error</Error>`
- `<Impression>http://www.example.com/impression</Impression>`
- `<Creative sequence="1">`
- `<NonLinearAds>` with tracking events (start, firstQuartile, midpoint, thirdQuartile, complete, mute, rewind, pause, resume, fullscreen, creativeView, acceptInvitation)
- `<NonLinear apiFramework="VPAID" width="480" height="90" id="overlay-1">`
- AdParameters: `{"overlays":[{"https://googleads.github.io/googleads-ima-html5/media/NonLinearVpaid.png"}],"videos":[{"url":"https://googleads.github.io/googleads-ima-html5/media/LinearVPAIDCreative.mp4","mimetype":"video/mp4"}]}`
- `<StaticResource creativeType="application/javascript"><![ CDATA[ https://googleads.github.io/googleads-ima-html5/vpaid/nonlinear/VpaidNonLinear.js ]]>`
- `<NonLinearClickThrough id="GDFP"><![CDATA[http://google.com]]>`

So this is a VPAID-based NonLinear ad. The VPAID JS is from `googleads.github.io` which is an external resource.

The issue is:
1. The main video sources are external CDN → can't load → video won't play
2. The VPAID JavaScript is external → can't load → ad won't render

However, the task says to test the "close button" functionality. Let me try a different approach - let me go to the "VOD with VAST" page and use Chrome DevTools console to simulate what happens when the ad appears. Or better yet, let me try to make the test work despite the external resource limitations.

Let me try navigating to the VOD with VAST page, clicking play, and waiting to see if any ad content actually appears (maybe the browser has cached some of these external resources, or maybe the proxy issue only affects some specific resources):
[step 49] Action: left_click (640, 644)
[step 49] Reasoning: Now I can see the VOD with VAST page with DevTools open. I can see:
1. The player is showing a black rectangle at the top (640x491 in responsive mode)
2. The console shows:
   - "Created instance of Fluid Player. Debug API available at window.fluidPlayerDebug[0]." → Object
   - Failed to load: `valerian-480p.mkv`
   - `[WDS] Live Reloading enabled.`
   - `[FP_DEBUG] Request made → XMLHttpRequest` (from fluidplayer.js:284) - This means the VAST XML was fetched!
   - Failed to load: `VpaidVideoAd.js` (from googleads)
   - Failed to load: `error:1`
   - Failed to load: `valerian-1080p.mkv`
   - Console input prompt `>`

The key insight is that `[FP_DEBUG] Request made → XMLHttpRequest` was logged - meaning the VAST XML request was processed. The VAST XML at `/static/vpaid_nonlinear.xml` is local and accessible. But then `VpaidVideoAd.js` from googleads fails.

I notice the player is in responsive mode (DevTools is showing device simulation). The player area appears black at the top. There's no play button visible, which might be because the player loaded without the initial controls shown.

Let me look at the console more carefully. I can see there's a `>` prompt at the bottom. Let me click on it to use the console:
[step 50] Action: left_click (640, 644)
[step 50] Reasoning: I can see the DevTools console with a `>` prompt at the bottom. The console shows:
- 6 errors (all ERR_PROXY_CONNECTION_FAILED for external resources)
- Important: `[FP_DEBUG] Request made → XMLHttpRequest` from fluidplayer.js:284 - the player DID try to fetch the VAST XML

The player console input at `>` is visible. Let me click directly on the input area at the bottom of the console and type a command to explore the Fluid Player debug API:
[step 51] Action: left_click (103, 644)
[step 51] Reasoning: I can see the console input area at the bottom with `>` prompt. Let me try to use keyboard shortcut or try clicking directly at that text cursor area. I notice the DevTools is in its docked state. Let me click precisely on the `>` cursor in the console:

The cursor `>` appears to be at approximately coordinate (93, 644). Let me click right after the `>` symbol:
[step 52] Action: type: window.fluidPlaye...
[step 52] Reasoning: The console input is at the bottom. I can see the `>` symbol with what appears to be a cursor (blinking line after `>`). Let me try pressing `Ctrl+L` to clear and focus the console, or let me try just typing to see if the input is focused:
[step 53] Action: key: F12
[step 53] Reasoning: Excellent! I can see that `window.fluidPlayerDebug` was typed and executed in the console, and it returned `[{...}]` - meaning the Fluid Player debug API is available! The player instance exists. Now let me close DevTools first to see the player better, then close DevTools to interact with it.

Wait, I notice something important! Looking at the console result:
- `window.fluidPlayerDebug` → `[{...}]`

This means the Fluid Player instance is available. But the player area shows a completely black rectangle with no play button or controls visible. This is the player in "responsive" mode (showing in the emulated 640x491 viewport).

Let me close DevTools to see the page in normal mode and try interacting with the player. First, let me press Enter to execute the command and see the result:

Actually it looks like the command was already executed (I can see `window.fluidPlayerDebug` as typed text above the result `[{...}]`). 

Let me now try to use the console to look at what methods are available in the Fluid Player debug API. Let me type another command. But first, I should close DevTools to see the actual player UI. 

Let me press F12 to close DevTools:
[step 54] Action: left_click (576, 132)
[step 54] Reasoning: Now I can see the VOD with VAST page without DevTools. The player shows:
- A large black area taking up the full width of the page
- A play button (▷) in the center of the player
- The player controls bar is not visible at the bottom (it might be hidden or auto-hide)

The player appears ready but the video can't load. Let me try clicking the play button to see what happens:

**Visual observation:** The player appears correctly sized and positioned, but the controls bar at the bottom is not visible. This might be because the auto-hide toolbar feature is active, or the player is in a state where the controls are hidden.

Let me click the play button:
[step 55] Action: left_click (28, 169)
[step 55] Reasoning: Now I can see the player showing the controls bar at the bottom - it appeared after I hovered over the player (or clicking on it). The controls bar shows:
- Play button (▷) 
- Volume control (muted icon with slider)
- Timestamp: 00:00 / 00:00
- Controls icons on the right (fullscreen, theater, PiP, quality)

The video is at 00:00 and the play button is still in the center of the video area. The player is NOT playing - it's still paused/stopped. 

Let me try clicking the play button in the controls bar (the small play triangle at the bottom left) to start playback:
[step 56] Action: key: F12
[step 56] Reasoning: The player remains at 00:00 / 00:00. The video is not playing because the video sources can't be loaded from the external CDN. The play button is still showing in the center.

The issue is clear - the video sources from `cdn.fluidplayer.com` are not accessible due to `ERR_PROXY_CONNECTION_FAILED`. This means the video won't play, and the non-linear midRoll ad at timer=4 will never trigger.

Let me try a completely different approach. I'll use the Chrome DevTools console to:
1. Manually manipulate the DOM to create a non-linear ad element (simulating what the player would do)
2. Or try to use the Fluid Player's internal API to trigger the non-linear ad display

But first, let me check if maybe the player's ad functionality can be triggered independently of the video. Let me open DevTools and examine the player object:
[step 57] Action: left_click (640, 651)
[step 57] Reasoning: Now I can see additional errors in the console:
1. `Failed to load resource: net::ERR_PROXY_CONNECTION_FAILED` for `valerian-480p.mkv` 
2. `[WDS] Live Reloading enabled.`
3. `[FP_DEBUG] Request made → XMLHttpRequest` (fluidplayer.js:284) - VAST XML was fetched!
4. `Failed to load resource: net::ERR_PROXY_CONNECTION_FAILED` for `VpaidVideoAd.js`
5. `Failed to load resource: net::ERR_PROXY_CONNECTION_FAILED` for `www.example.com/error:1` 
6. `Failed to load resource: net::ERR_PROXY_CONNECTION_FAILED` for `valerian-1080p.mkv`
7. `[FP_ERROR] Playback error NotSupportedError: The element has no supported sources.` (fluidplayer.js:401)
8. `[Error] (202): Failed to play video.` (fluidplayer.js:530)

The key new information is:
- Error `www.example.com/error:1` - this is the `<Error>` tracking URL from the VAST XML! This means the VAST was successfully parsed and when it failed to load the VPAID JS, it fired the error tracking URL.
- `[FP_ERROR] Playback error NotSupportedError: The element has no supported sources.`
- `[Error] (202): Failed to play video.`

So the player DID process the VAST XML (including the nonlinear ad). The error URL from the VAST XML was fired, which means the player tried to render the non-linear ad but failed because the VPAID JS couldn't load.

This confirms that the environment cannot render the non-linear VPAID ad because:
1. The video won't play (no supported sources from external CDN)
2. The VPAID JS for the non-linear ad can't be loaded (external CDN blocked by proxy)

Let me try to use the console to manually inject an HTML element simulating the non-linear ad and then test the close button functionality. But first, let me examine the player's source code to understand how the close button is implemented for non-linear ads.

Let me click on the console input area:
[step 58] Action: left_click (159, 499)
[step 58] Reasoning: I can see the console. The `>` prompt is visible at the bottom (around coordinate 97, 651). Let me look at what happens with the player internal API. Let me try to look at the source files of the player. Looking at the "Sources" tab in DevTools would be very helpful to understand how the non-linear ad closing functionality is implemented.

Actually, let me try a different approach. Rather than trying to debug the VPAID issue, let me look at the Fluid Player source code through the Sources tab to find the non-linear ad code and understand how the close button works.

Let me click on the "Sources" tab in DevTools:
[step 59] Action: left_click (62, 567)
[step 59] Reasoning: I can see the Sources tab. In the file tree on the left, I can see:
- `top`
  - `localhost:3000`
  - `webpack://`
  - `fluid-player-e2e-case_ID...` folder
    - `localhost:3000`
      - `vod_basic_vast.html`

The player source files should be in the webpack:// section. Let me expand the webpack:// node to find the Fluid Player source code:
[step 60] Action: left_click (18, 567)
[step 60] Reasoning: I see the `webpack://` node is not expanded. Let me try clicking on the triangle/arrow next to it to expand it:
[step 61] Action: left_click (56, 625)
[step 61] Reasoning: The webpack:// node is now expanded and I can see:
- `(webpack)`
- `(webpack)-dev-server`
- `node_modules`
- `src`
- `webpack`

The `src` folder should contain the Fluid Player source code. Let me expand it:
[step 62] Action: left_click (22, 625)
[step 62] Reasoning: The `src` folder is not expanded yet. Let me click on the triangle/arrow next to `src`:
[step 63] Action: double_click (56, 625)
[step 63] Reasoning: The `src` folder still shows the same view with the folder collapsed. Let me try double-clicking on `src` to expand it:
[step 64] Action: left_click (74, 655)
[step 64] Reasoning: Now I can see the `src` folder is expanded and contains:
- `css`
- `modules`

Let me expand the `modules` folder to find the VAST/non-linear ad related source files:
[step 65] Action: left_click (33, 655)
[step 65] Reasoning: The tree is showing but hasn't expanded `modules` yet. Let me click on the expand arrow (triangle) to the left of `modules`:
[step 66] Action: scroll down (80, 625) scroll_amount 3
[step 66] Reasoning: The modules folder is selected but not expanded. The tree still shows the same items. Let me scroll down in the sources panel to see if there are more items:
[step 67] Action: left_click (79, 658)
[step 67] Reasoning: Now I can see the `modules` folder is expanded and shows:
- `adsupport.js`
- `cardboard.js`
- `streaming.js`
- `subtitles.js`
- `timeline.js`
- `util: timeline.js (from source map)`
- `vast.js`

The `vast.js` is the file I need to look at to understand how non-linear ads are handled! Let me click on `vast.js` to open it:
[step 68] Action: left_click (640, 580)
[step 68] Reasoning: Excellent! Now I can see the `vast.js` source file in the Sources panel. I can see code related to NonLinear ads! The code visible shows:

Line 77-84:
```javascript
playerInstance.getDurationFromNonLinear = (tag) => {
    let result = 0;
    const nonLinear = tag.getElementsByTagName('NonLinear');
    if (nonLinear.length && (typeof nonLinear[0].getAttribute('minSuggestedDuration') !== 'undefined')) {
        result = playerInstance.convertTimeStringToSeconds(nonLinear[0].getAttribute('minSuggestedDuration'));
    }
    return result;
};
```

Line 85-88:
```javascript
playerInstance.getDimensionFromNonLinear = (tag) => {
    let result = {'width': null, 'height': null};
    const nonLinear = tag.getElementsByTagName('NonLinear');
```

This is the code for getting the duration and dimensions from a NonLinear ad. This is exactly what I need to understand!

Let me search for "NonLinear" within this file using Ctrl+F to find the relevant code sections:
[step 69] Action: key: ctrl+f
[step 69] Reasoning: Good, I can see the vast.js source code. Now let me use Ctrl+F to search for "NonLinear" to find all relevant sections in the code, especially the close button functionality:
[step 70] Action: left_click (114, 499)
[step 70] Reasoning: The Ctrl+F search didn't open a search dialog - it seems the keyboard shortcut is captured by the browser. The source code panel is still showing the same code. Let me try to search within the source panel differently. 

Actually, I think the approach of reading the source code isn't the most efficient way to test the close button. Instead, let me try a completely different strategy:

**Key Insight:** The test needs to verify the close button (x) functionality for non-linear banner ads. The issue is the video and VPAID JS resources are external and can't load. 

Let me try to use Chrome DevTools console to manually simulate the non-linear ad appearance by calling internal Fluid Player functions or by directly manipulating the DOM.

Let me switch to the Console tab and try to use the internal API:
[step 71] Action: left_click (640, 651)
[step 71] Reasoning: Now I can see the Console tab clearly. The console shows:
1. `Failed to load resource: net::ERR_PROXY_CONNECTION_FAILED` → `cdn.fluidplayer.com/...valerian-480p.mkv`
2. `[WDS] Live Reloading enabled.`
3. `[FP_DEBUG] Request made → XMLHttpRequest` → `client:52, fluidplayer.js:284`
4. `Failed to load resource: net::ERR_PROXY_CONNECTION_FAILED` → `VpaidVideoAd.js:1`
5. `Failed to load resource: net::ERR_PROXY_CONNECTION_FAILED` → `www.example.com/error:1`
6. `Failed to load resource: net::ERR_PROXY_CONNECTION_FAILED` → `cdn.fluidplayer.com/...valerian-1080p.mkv`
7. `[FP_ERROR] Playback error NotSupportedError: The element has no supported sources.` → `fluidplayer.js:401`
8. `[Error] (202): Failed to play video.` → `fluidplayer.js:530`

And at the bottom I see the `>` prompt for console input. Let me click on the console input area (the `>` prompt) and try to use the Fluid Player API to render the non-linear ad manually:
[step 72] Action: left_click (110, 651)
[step 72] Reasoning: I can see the console with the `>` prompt at the bottom. Let me click directly on the console input line where I can type:
[step 73] Action: key: Escape
[step 73] Reasoning: I can see the console with the `>` prompt at line 651. The console area is visible. Let me try pressing Escape first and then clicking directly on the `>` prompt area to ensure focus:
[step 74] Action: left_click (640, 651)
[step 74] Reasoning: Now I can see the console with the `>` prompt at the bottom. The console layout is wider now (the Sources sidebar is closed). Let me click on the console input area (right next to the `>`) to focus on it:
[step 75] Action: type: Object.keys(windo...
[step 75] Reasoning: Now I can see the cursor is focused in the console input area (I can see `> |` with a cursor blinking at position 651). Now I can type JavaScript commands to interact with the Fluid Player. Let me type a command to explore the player's API:
[step 76] Action: scroll down (640, 590) scroll_amount 3
[step 76] Reasoning: Excellent! I can see the command was executed! The console shows:
- `Object.keys(window.fluidPlayerDebug[0])` 
- And the result starts with `{...` - I can see it says `{0: fluid_'options', 'instance', [internal}` or similar

Let me scroll down in the console to see the full result:
[step 77] Action: left_click (640, 657)
[step 77] Reasoning: Now I can see the result of `Object.keys(window.fluidPlayerDebug[0])`:
```
{4} ['id', 'options', 'instance', 'internals']
```

The Fluid Player debug API has these properties:
- `id` - The player ID
- `options` - Player configuration options
- `instance` - The player instance
- `internals` - Internal functions/state

This is very helpful! I can use `window.fluidPlayerDebug[0].internals` to find internal functions that might allow me to trigger the non-linear ad display. Let me explore the `internals` object.

Let me click on the console input and type a new command:
[step 78] Action: left_click (640, 657)
[step 78] Reasoning: The console input cursor is visible. I can see `>` at the bottom with the cursor. Now let me type a command to explore the internals:
[step 79] Action: left_click (200, 657)
[step 79] Reasoning: The console is focused now. I need to click precisely on the `>` console input. Looking at the screenshot, the `>` prompt is at approximately (97, 657) and I need to click after it to place the cursor there. Let me try a more direct approach - use the keyboard shortcut to focus the console input. In Chrome DevTools, I can press `Ctrl+L` to clear and focus the console, or simply click in the bottom area:

Actually, looking at the console bottom, I can see:
- Line 644: `Object.keys(window.fluidPlayerDebug[0])`
- Line 648: `(4) ['id', 'options', 'instance', 'internals']`
- Line 654: `>` (console input prompt)

I can see the `>` at approximately y=657. Let me look more carefully at where the actual input cursor would be - it should be right after the `>` prompt. Let me try clicking at the very bottom of the console area near `>`:
[step 80] Action: left_click (66, 499)
[step 80] Reasoning: I can see the console. Let me take a different approach - instead of trying to type in the console input at the bottom, let me use a more reliable method. I'll use the DevTools "Console Drawer" shortcut (`Escape` key when in another DevTools tab) or try pressing `Ctrl+Shift+J` to focus the console.

Actually, looking at the page more carefully, I realize the console IS showing my previous command results. The issue might be that I can't scroll down far enough to see the input. The DevTools panel has limited height. Let me try to resize the DevTools panel to make it taller, giving more room for the console.

Or better yet, let me try a completely different approach. Instead of using the console to manually trigger the ad, let me try to check if there's a way to make the video sources work. Looking at the `vod_basic_vast.html` source code, the video sources point to external CDN. But maybe I can modify the VAST configuration to use a local video.

Actually, let me take a step back and think about what the test task is asking:

The task says: "测试视频播放器中非线性（In-Video）横幅广告的关闭功能"
- This is testing the NON-LINEAR (In-Video) banner ad CLOSE functionality

The `vpaid_nonlinear.xml` file contains:
- A VPAID JavaScript-based NonLinear ad
- It's supposed to show an overlay/banner at the bottom of the video

The key functionality to test is:
1. Does the banner appear?
2. Does the close button (x) appear?
3. Does clicking the x button close the banner?
4. Does the banner auto-close after the set time?

The problem is the environment doesn't have internet access for the CDN resources. 

Let me think about this differently. Maybe I should:
1. Try to use the console to directly inject HTML simulating a non-linear ad overlay
2. Then test the close button functionality

Or maybe, I should look for a test page that uses LOCAL video sources and local VAST XML files. Let me check the actual source of the `vod_basic_vast.html` page to see if there's a local video source option.

Actually, looking at the errors again:
- `Failed to load resource: net::ERR_PROXY_CONNECTION_FAILED` for CDN resources

But notably, `ERR_PROXY_CONNECTION_FAILED` suggests there's a proxy configured that's blocking these requests. This is different from a simple "no internet" situation.

Let me try to see if the page `vod_basic_vast.html` is accessible and if there might be a different way to trigger the ad. Let me check the actual HTML source of the page by viewing the elements in DevTools:

Let me click on "Elements" tab in DevTools to see the DOM structure of the player:
[step 81] Action: left_click (29, 499)
[step 81] Reasoning: Now I can see the Elements tab showing the DOM structure of the page. The structure is:
- `<!DOCTYPE html>`
- `<html lang="en">`
  - `<head>` ... `</head>`
  - `<body>` ... (selected) `$0`
    - `<div id="fluid_video_wrapper_fluid-player-e2e-case" class="fluid_video_wrapper fluid_player_layout_default" style="height: 150px; width: 1714px;">`
      - (some div structure)
      - `</div>`
    - `<script src="/fluidplayer.min.js"></script>`
    - `<script>` ... `</script>`
  - `</body>`
- `</html>`

The key observation is: **The player div has `height: 150px; width: 1714px;`** - this is a very small height (150px) which is why the player appears as a black bar at the top. This is in "Responsive" mode (640x491 viewport), which might be causing the layout issue.

Also, I can see the `fluid_video_wrapper` div contains the player. Let me expand this div to see the full DOM structure of the player, which will show me if there are any ad-related elements already in the DOM.

But more importantly, let me disable the Responsive mode first so the page renders at normal desktop dimensions. Let me click on the "Responsive" dropdown and select "No throttling" or click the device icon to disable responsive mode:

The toolbar at the top shows "Dimensions: Responsive ▾ | 640 × 491". Let me close the responsive mode by clicking the phone/device icon at the top:
[step 82] Action: left_click (22, 557)
[step 82] Reasoning: Now I can see the page without the Responsive mode. The player is now showing correctly:
- The video player at the top shows a black background with a large play button (▷) in the center
- The DOM in the Elements panel shows the `fluid_video_wrapper` div with `height: 150px; width: 1714px;`

The player is now visible in normal mode. I can see the play button. The player width is very wide (1714px) because it's taking the full width of the screen.

Now let me try a completely fresh approach. Let me look at the DOM structure more carefully by expanding the player wrapper div. Let me click on the `>` arrow next to the `<div id="fluid_video_wrapper_fluid-player-e2e-case"` element to expand it:
[step 83] Action: left_click (114, 499)
[step 83] Reasoning: Excellent! Now I can see the expanded DOM structure of the Fluid Player! This is very informative. The DOM shows:

1. `<div id="fluid_video_wrapper_fluid-player-e2e-case" class="fluid_video_wrapper fluid_player_layout_default" style="height: 150px; width: 1714px;">` == $0
2. `<video id="fluid-player-e2e-case" playsinline webkit-playsinline preload="auto" src="https://cdn.fluidplayer.com/videos/valerian-1080p.mkv" style="height: 100%; width: 100%; cursor: none;">` ... `</video>`
3. `<iframe class="fluid_vpaid_iframe" id="fluid-player-e2e-case_fluid_vpaid_iframe" adlistid="ID0" frameborder="0">` ... `</iframe>`
4. `<div id="fluid-player-e2e-case_fluid_subtitles_container" class="fluid_subtitles_container">` `</div>`
5. `<div class="vast_video_loading" id="vast_video_loading_fluid-player-e2e-case" style="display: none;">` `</div>`
6. `<div class="fluid_controls_container fade_out" id="fluid-player-e2e-case_fluid_controls_container">` ... `</div>`
7. `<div id="fluid-player-e2e-case_fluid_context_menu" class="fluid_context_menu" style="display: none; position: absolute;">` ... `</div>`
8. `<div id="fluid-player-e2e-case_fluid_initial_play_button"` ... `</div>`

The player has already created a `<iframe class="fluid_vpaid_iframe">` for VPAID ads! This is the VPAID iframe container. But the VPAID JavaScript file (`VpaidVideoAd.js`) failed to load.

Also, I can see the player has `height: 150px` which is a **visual bug** - the player should be taller for proper video display.

Now I understand the DOM structure better. The key elements for non-linear ads would be added to the `fluid_video_wrapper` div when the ad is loaded. Since the VPAID JS can't load, the non-linear overlay/banner is never created.

Let me try a different approach. I'll use the console to manually inject a non-linear ad banner element into the player's DOM, simulating what the player would do when the non-linear ad fires. This will allow me to test the close button functionality.

Let me switch to the Console tab to type JavaScript commands:
[step 84] Action: left_click (640, 657)
[step 84] Reasoning: Now I can see the Console tab is selected and I can see the previous commands and results. The console shows the player is working but videos and VAST resources can't load. 

Let me now use the console to look at the Fluid Player's `internals` object to find functions that handle non-linear ads. I'll click on the console input area and type:
[step 85] Action: left_click (159, 499)
[step 85] Reasoning: I need to look at the `vast.js` source code to understand how the player implements the non-linear ad display and close button. Let me search for the key functions in the source code by navigating to the Sources tab and searching for the relevant code.

But first, let me try a different approach. I'll look at the Fluid Player's source code to see if there's a function called `displayNonLinear` or similar. Looking at the `vast.js` file I saw earlier, it had functions like `getDurationFromNonLinear` and `getDimensionFromNonLinear`.

Let me try to look at the source code of the player to find the close button implementation for non-linear ads. Let me switch to the Sources tab and search within the vast.js file:
[step 86] Action: left_click (640, 580)
[step 86] Reasoning: I can see the Sources tab is open and the `vast.js` file is shown with the code for `getDurationFromNonLinear` and `getDimensionFromNonLinear`. The file structure is visible on the left showing:
- `modules`
  - `adsupport.js`
  - `cardboard.js`
  - `streaming.js`
  - `subtitles.js`
  - `timeline.js`
  - `utils.js`
  - `vast.js` (currently open)

Now let me search within `vast.js` for the close button code. Let me use Ctrl+F to search:
[step 87] Action: key: ctrl+f
[step 87] Reasoning: I can see the `vast.js` source file. Now let me use Ctrl+F to search for "close" or "NonLinear" in the file:
[step 88] Action: left_click (690, 580)
[step 88] Reasoning: The Ctrl+F didn't open a search dialog in the Sources panel. The code still shows the same view. The search functionality in DevTools Sources panel might require a different approach. Let me try clicking on the code area first to make sure it has focus, then use Ctrl+F:
[step 89] Action: key: ctrl+f
[step 89] Reasoning: I can see the source code for `vast.js`. Looking at the code visible on screen, I can see the `getDurationFromNonLinear` and `getDimensionFromNonLinear` functions (lines 78-88). 

The code at line 80: `if (nonLinear.length && (typeof nonLinear[0].getAttribute('minSuggestedDuration') !== 'undefined'))` - this gets the duration from the NonLinear ad.

Let me now try to use Ctrl+F to search for "close" in the file to find the close button implementation:
[step 90] Action: left_click (159, 499)
[step 90] Reasoning: The Ctrl+F search still didn't open a search box in the source code panel. The DevTools seems to not be responding to the keyboard shortcut when the file panel has focus. Let me try a different approach.

Since I can't easily search within the source file, let me try using the console to look at the non-linear ad functionality directly. Let me try to look at the `adsupport.js` file which might contain the banner display logic. Let me click on it in the sources panel:

Actually, let me take a completely different approach. Instead of trying to understand the source code, let me try to find a way to make the player actually work. 

Looking at the problem:
1. Video sources: `cdn.fluidplayer.com` - blocked by proxy
2. VPAID JS: `googleads.github.io` - blocked by proxy

What if I use the console to override the video source to a local media file? And also redirect the VPAID requests to a local server? 

Actually, let me try a much simpler approach. Let me check if the `vod_basic_vast.html` has a video source that's actually working. Looking at the source I saw earlier: `src="https://cdn.fluidplayer.com/videos/valerian-1080p.mkv"`. 

Wait! Let me check if there's a local video source available. Let me look at other test pages that don't use external CDN. Let me check the HLS or DASH pages that might use locally served streams.

Let me navigate to the HLS VOD with VAST page to see if it has different video sources:
[step 91] Action: left_click (90, 568)
[step 91] Reasoning: I'm still in the Sources panel. Let me look at the `adsupport.js` file which might contain the non-linear ad overlay display logic. Let me click on `adsupport.js` in the left panel:
[step 92] Action: scroll up (640, 580) scroll_amount 10
[step 92] Reasoning: I can see the `adsupport.js` file is now open in the Sources panel. The code shown at lines 139-149 shows:

```javascript
if (addAdPlayingTextOverlay) {
    addAdPlayingTextOverlay.style.display = 'none';
}
if (skipBtn) {
    skipBtn.style.display = 'none';
}
```

This code is related to hiding the ad text overlay and skip button when the ad finishes. This is the cleanup code after an ad ends. Let me scroll up to find the code that creates the NonLinear banner and its close button. Let me scroll up in the source to find the relevant code:
[step 93] Action: scroll up (640, 580) scroll_amount 15
[step 93] Reasoning: I can see more code. Lines 106-117 show:
```javascript
for (let i = 0; i < progressbarContainer.length; i++) {
    progressbarContainer[i].style.backgroundColor = playerInstance.displayOptions.layoutControls.adProgressColor;
}
if (playerInstance.displayOptions.vastOptions.adText || playerInstance.adList[adListId].adText) {
    const adTextToShow = (playerInstance.adList[adListId].adText !== null) ? playerInstance.adList[adListId].adText : playerInstance.displayOptions.vastOptions.adText;
    playerInstance.addAdPlayingText(adTextToShow);
}
playerInstance.positionTextElements(playerInstance.adList[adListId]);
playerInstance.toggleLoader(false);
```

Let me scroll up more to find the code that creates the NonLinear banner:
[step 94] Action: scroll up (640, 580) scroll_amount 30
[step 94] Reasoning: I can see more code in `adsupport.js`. Lines 58-68 show:
```javascript
for (let i = 0; i < progressbarContainer.length; i++) {
    progressbarContainer[i].style.backgroundColor = playerInstance.displayOptions.layoutControls.adProgressColor;
}
playerInstance.toggleLoader(false);
playerInstance.adList[adListId].played = true;
playerInstance.adFinished = false;
playerInstance.switchPlayerToVastMode = () => {
    //Get the actual duration from the video file if it is not present in the VAST XML
```

This code seems to be part of the ad playback setup. Let me scroll up much more to find the beginning of the file and the NonLinear ad handling code:
[step 95] Action: scroll down (640, 580) scroll_amount 30
[step 95] Reasoning: Now I can see the beginning of the `adsupport.js` file. The code at the top shows:

```javascript
'use strict';
export default function (playerInstance, options) {
    const VPAID_VERSION = '2.0';
    
    playerInstance.renderLinearAd = (adListId, backupTheVideoTime) => {
        playerInstance.toggleLoader(true);
        
        //get the proper ad
        playerInstance.vastOptions = playerInstance.adPool[adListId];
        
        if (backupTheVideoTime) {
```

This is the `renderLinearAd` function for playing linear ads. But I need to find the `renderNonLinearAd` function. Let me scroll down to find it:
[step 96] Action: scroll down (640, 580) scroll_amount 30
[step 96] Reasoning: I can see more code in `adsupport.js`:
- Line 99: `playerInstance.addAdCountdown();`
- Line 101: `playerInstance.domRef.player.removeAttribute('controls'); //Remove the default Controls`
- Line 103: `playerInstance.vastLogoBehaviour(true);`
- Line 105: `const progressbarContainer = playerInstance.domRef.player.parentNode.getElementsByClassName('fluid_controls_currentprogress');`
- Lines 106-108: Setting progressbar color

This is part of the linear ad rendering code. I need to scroll down more to find the NonLinear ad rendering code. Let me continue scrolling:
[step 97] Action: scroll down (640, 580) scroll_amount 30
[step 97] Reasoning: I can see more code. Lines 200-206 show:
```javascript
/**
 * Sends requests to the tracking URIs
 */
const videoPlayerTimeUpdate = () => {
    if (playerInstance.adFinished) {
        playerInstance.domRef.player.removeEventListener('timeupdate', videoPlayerTimeUpdate);
        return;
```

Let me continue scrolling to find the NonLinear ad rendering code:
[step 98] Action: scroll down (640, 580) scroll_amount 30
[step 98] Reasoning: I can see code at lines 293-303:
```javascript
break;
}
}
if (adSupportedType === false) {
    return false;
}
return selectedMediaFile;
};
```

This is getting close to the end of some function. Let me continue scrolling to find the NonLinear ad code:
[step 99] Action: scroll down (640, 580) scroll_amount 30
[step 99] Reasoning: I can see more code. Lines 390-401 show:
```javascript
(playerInstance.vastOptions.impression !== null) &&
(typeof playerInstance.vastOptions.impression.length !== 'undefined')
) {
    trackingUris = playerInstance.vastOptions.impression;
}
break;
default:
    break;
}
playerInstance.callUris(trackingUris);
```

This is tracking functionality. I need to find the NonLinear ad rendering. Let me continue scrolling to find `renderNonLinearAd`:
[step 100] Action: scroll down (640, 580) scroll_amount 5
[step 100] Reasoning: Excellent! Now I can see very relevant code! Lines 488-498 show:

```javascript
slotWrapper.style.width = '100%';
slotWrapper.style.height = adHeight + 'px';

let slotFrame;
if (showCloseButton) {
    const slotFrame = document.createElement('div');
    slotFrame.className = 'fluid_vpaidNonLinear_frame';
    slotFrame.style.width = adWidth + 'px';
    slotFrame.style.height = adHeight + 'px';
    slotWrapper.appendChild(slotFrame);
```

This is the code for creating the NonLinear ad slot frame! And importantly, I can see:
- `if (showCloseButton)` - there IS a close button condition!
- The slot frame has class `'fluid_vpaidNonLinear_frame'`

Let me scroll down a bit to see the close button creation code:
[step 101] Action: scroll up (640, 580) scroll_amount 5
[step 101] Reasoning: Now I can see the close button click handler! Lines 504-514 show:

```javascript
const tempAdListId = adListId;
closeBtn.onclick = function (event) {

    playerInstance.hardStopVpaidAd('');

    if (typeof event.stopImmediatePropagation !== 'undefined') {
        event.stopImmediatePropagation();
    }
    
    playerInstance.adFinished = true;
    //if any other onPauseRoll then render it
```

This is the close button click handler for the NonLinear VPAID ad! When the close button is clicked:
1. `playerInstance.hardStopVpaidAd('')` is called
2. Event propagation is stopped
3. `playerInstance.adFinished = true` is set
4. Then it continues to handle onPauseRoll ads

Let me scroll up to see the close button creation code (where `closeBtn` is defined):
[step 102] Action: scroll down (640, 580) scroll_amount 3
[step 102] Reasoning: I can see the slot frame creation code again. Lines 491-497:
```javascript
let slotFrame;
if (showCloseButton) {
    const slotFrame = document.createElement('div');
    slotFrame.className = 'fluid_vpaidNonLinear_frame';
    slotFrame.style.width = adWidth + 'px';
    slotFrame.style.height = adHeight + 'px';
    slotWrapper.appendChild(slotFrame);
```

But I need to see where `closeBtn` is created. Let me scroll down a bit:
[step 103] Action: scroll down (640, 580) scroll_amount 3
[step 103] Reasoning: EXCELLENT! Now I can see the close button creation code! Lines 497-507 show:

```javascript
slotWrapper.appendChild(slotFrame);

const closeBtn = document.createElement('div');
closeBtn.id = 'close_button_' + playerInstance.videoPlayerId;
closeBtn.className = 'close_button';
closeBtn.innerHTML = '';
closeBtn.title = playerInstance.displayOptions.layoutControls.closeButtonCaption;
const tempAdListId = adListId;
closeBtn.onclick = function (event) {

    playerInstance.hardStopVpaidAd('');
```

This is VERY important! The close button code shows:
- `closeBtn.id = 'close_button_' + playerInstance.videoPlayerId`
- `closeBtn.className = 'close_button'`
- `closeBtn.innerHTML = ''` - **THE CLOSE BUTTON INNER HTML IS EMPTY!** This might be a bug - the close button has no text or icon!

Wait, the `closeBtn.innerHTML = ''` - the close button's innerHTML is an empty string `''`. This means the close button would be created but would appear empty (no 'X' or any content). This looks like a **visual bug** - the close button might be invisible or have no content to display.

Let me scroll down more to see the complete close button code and what comes after:
[step 104] Action: scroll down (640, 580) scroll_amount 5
[step 104] Reasoning: I can see the close button click handler continuation:

Lines 507-518:
```javascript
playerInstance.hardStopVpaidAd('');

if (typeof event.stopImmediatePropagation !== 'undefined') {
    event.stopImmediatePropagation();
}

playerInstance.adFinished = true;

//if any other onPauseRoll then render it
if (playerInstance.adList[tempAdListId].roll === 'onPauseRoll' && playerInstance.onPauseRollAdPods[0]) {
    const getNextOnPauseRollAd = playerInstance.onPauseRollAdPods[0];
    playerInstance.createBoard(getNextOnPauseRollAd);
    playerInstance.currentOnPauseRollAd = playerInstance.onPauseRollAdPods[0];
```

Let me scroll down more to see the rest of the handler and where the close button is appended to the DOM:
[step 105] Action: left_click (114, 499)
[step 105] Reasoning: Now I can see more critical code:

Line 525: `slotFrame.appendChild(closeBtn);` - The close button is appended to the `slotFrame`!

Lines 529-534:
```javascript
const slotIframe = document.createElement('iframe');
slotIframe.id = playerInstance.videoPlayerId + 'non_linear_vapid_slot_iframe';
slotIframe.className = 'fluid_vpaid_nonlinear_slot_iframe';
slotIframe.setAttribute('width', adWidth + 'px');
slotIframe.setAttribute('height', adHeight + 'px');
slotIframe.setAttribute('sandbox', 'allow-forms allow-pointer-lock allow-popups allow-popups-to-escape-sandbox allow-same-origin allow-scripts');
```

So the slot frame is:
1. `slotWrapper` - outer div wrapper
2. `slotFrame` - inner div with class `fluid_vpaidNonLinear_frame`
   - `closeBtn` - close button appended to slotFrame
3. `slotIframe` - iframe for the VPAID content

The structure is:
- slotWrapper (100% width, adHeight px)
  - slotFrame (adWidth × adHeight, class: fluid_vpaidNonLinear_frame)
    - closeBtn (id: close_button_PLAYERID, class: close_button)
  - slotIframe (non_linear_vapid_slot_iframe)

This is the HTML structure that would be created when the NonLinear ad is displayed. Now I understand how to test this functionality. Let me use the console to manually inject this HTML structure and then test the close button.

But wait - the key finding is:
- `closeBtn.innerHTML = ''` - **The close button's innerHTML is an empty string!**

This means the close button has NO text or icon to display. This is likely a **bug** - the close button should have an 'x' or similar symbol to indicate it can be clicked to close the ad.

Let me now switch to the Console tab and use JavaScript to manually create and inject the NonLinear ad structure into the player, then test the close button functionality:
[step 106] Action: scroll down (640, 590) scroll_amount 3
[step 106] Reasoning: Now I can see the Console tab. The console shows:
- 12 messages
- 6 user messages
- 7 errors
- 1 warning
- 3 info
- 1 verbose

Messages visible:
1. `Failed to load resource: net::ERR_PROXY_CONNECTION_FAILED` → cdn.fluidplayer.com/.../valerian-480p.mkv
2. `[WDS] Live Reloading enabled.` → client:52
3. `[FP_DEBUG] Request made ▶ XMLHttpRequest` → fluidplayer.js:284
4. `Failed to load resource: net::ERR_PROXY_CONNECTION_FAILED` → VpaidVideoAd.js:1
5. `Failed to load resource: net::ERR_PROXY_CONNECTION_FAILED` → www.example.com/error:1
6. `Failed to load resource: net::ERR_PROXY_CONNECTION_FAILED` → cdn.fluidplayer.com/.../valerian-1080p.mkv:1
7. `⚠ ▶[FP_ERROR] Playback error NotSupportedError: The element has no supported sources.` → fluidplayer.js:401
8. `▲ ▶[Error] (202): Failed to play video.` → fluidplayer.js:530
9. `Object.keys(window.fluidPlayerDebug[0])` (from the previous command I typed)
10. `(4) ['id', 'options', 'instance', 'internals']`

And at the bottom I can see the console input area with `>` prompt. Let me scroll down to find it:
[step 107] Action: key: ctrl+shift+j
[step 107] Reasoning: I can see the console showing the results. The console still shows the same error messages, with the last visible items being:
- `Object.keys(window.fluidPlayerDebug[0])` 
- `(4) ['id', 'options', 'instance', 'internals']`

The console input is at the very bottom but it's not visible in the screenshot because it's below the fold. The console panel seems to not be scrollable to show the input. Let me try a different approach.

Looking at the error list on the left side of the console:
- 12 messages
- 6 user messages
- 7 errors
- 1 warning
- 3 info
- 1 verbose

The console is showing the categorized view. The input area should be below the last visible item. I notice the console items are scrollable within the limited height.

Let me try clicking directly at the very bottom edge of the DevTools panel, near the `Running...` button area to see if there's an input there. But instead, let me try a keyboard shortcut approach - I'll use `Ctrl+Shift+J` to focus the console:
[step 108] Action: left_click_drag (640, 350)
[step 108] Reasoning: The DevTools console still shows the same view. The console input area is not visible because it's below the fold. The DevTools panel is too short to show both the console log messages and the input area.

Let me try resizing the DevTools panel by dragging its top edge upward to make it taller. I'll drag the DevTools panel handle at the top of the DevTools pane (at approximately y=475) upward:
[step 109] Action: left_click (640, 600)
[step 109] Reasoning: The DevTools panel is still showing the same height. The drag didn't resize it. Let me try a different approach - I'll use the DevTools console via keyboard approach. 

Let me click anywhere in the console area first to ensure it has focus, and then use the Tab key or keyboard navigation to focus the console input:
[step 110] Action: key: Escape
[step 110] Reasoning: The DevTools panel still doesn't show a visible console input area. I can see that the console area ends at approximately y=657 with the `(4) ['id', 'options', 'instance', 'internals']` line. The console input should be just below this, but it's cut off.

Let me try pressing `Escape` key to open/close the Console drawer and see if that helps:
[step 111] Action: scroll down (640, 590) scroll_amount 5
[step 111] Reasoning: Now I can see a "Console" drawer has appeared at the right side of the DevTools toolbar! The Console drawer panel is showing on the right side at `1187, 499`. I can see the console drawer tab shows "Console ×" which means the console drawer is now open.

The important thing is I can see the console output is still showing the same messages. The "Console" tab appears on the right side of the DevTools toolbar (in the drawer section). 

The issue is that the console input area is still below the visible area of the DevTools panel. Let me try scrolling to the bottom of the console area to see if there's a console input visible:
[step 112] Action: left_click (1157, 499)
[step 112] Reasoning: The console panel is still showing the same messages but the input cursor is not visible. The DevTools panel height is fixed and the console input at the bottom is not visible. 

Let me try to detach DevTools into a separate window. I can right-click on the DevTools panel header and look for an "undock" option, or use the `...` menu in DevTools:
[step 113] Action: left_click (1184, 425)
[step 113] Reasoning: A dropdown menu appeared showing various DevTools options:
- AI assistance
- Animations
- Autofill
- Changes
- Console ← This is the one I need!
- Coverage
- Developer resources
- Issues
- Memory inspector
- Network conditions
- Performance monitor
- Quick source
- Rendering
- Request conditions
- Search
- Sensors
- WebAudio
- WebAuthn
- What's new

I can see "Console" in the dropdown. Let me close this menu and instead try to use the `Ctrl+Shift+J` or just click on the Console tab at the bottom to open a console drawer. But wait, let me try clicking "Console" from this menu:
[step 114] Action: left_click (640, 62)
[step 114] Reasoning: The menu is now closed, but the console input is still not visible. Looking at the top of DevTools:
- I can see "Console" on the right side as a tab (the "Console ×" tab)
- The DevTools Console tab at the top is selected

The issue is that the console input is at the very bottom of the console log area, but the panel is too short to show it. 

Let me try a completely different approach. Instead of using the DevTools console (which is hard to interact with due to the height constraint), let me try to use the omnibox (address bar) to execute JavaScript directly. Chrome allows this with `javascript:` URLs.

Let me click on the address bar and execute JavaScript directly:
[step 115] Action: key: Escape
[step 115] Reasoning: The address bar is now focused and shows `localhost:3000/vod_basic_vast.html`. The address bar is ready for input. Let me type a JavaScript URL to inject the non-linear ad overlay directly:

Actually wait - let me try a smarter approach. Instead of using `javascript:` in the address bar (which is usually blocked by modern browsers), let me try to use the DevTools console by pressing `Escape` key when in the Sources panel to open the console drawer, which should be a separate panel below the sources with its own input.

But more importantly, let me try a completely different strategy. Let me try to drag the DevTools window to undock it from the browser. I can click on the three dots (...) icon in DevTools and select "Undock into separate window":
[step 116] Action: left_click (1246, 499)
[step 116] Reasoning: The address bar still shows `localhost:3000/vod_basic_vast.html` highlighted. Good. Now let me try using the DevTools Undock button to undock DevTools into a separate window so I'll have more space. 

Looking at the DevTools toolbar at the top, I can see there's a set of icons near the right side. Let me look for the "Undock into separate window" option. I can see:
- `1` (DevTools instances indicator)
- `Console` tab on the right
- `>>` for more tabs

Let me click on the `...` (three dots) icon in DevTools to see the options for undocking:
