Session created: sess-20260427205117-e4ee17104b4e4a0bbe2934f1d70916fb
UI panel initialized successfully
UI window displayed
Expected result: 页面HTML的head中应包含全局字体的preload link标签，字体资源应作为入口chunk的一部分被预加载，页面首次渲染时字体应及时加载，不出现明显的无样式文本闪烁。
[step 0] Action: Initializing
[step 0] Reasoning: Initializing session connection
[step 0] Action: screenshot
[step 1] Action: key: Escape
[step 1] Reasoning: I can see the Chrome browser is open but there's a notification overlay. Let me dismiss the notifications and navigate to localhost:3000.
[step 2] Action: left_click (500, 400)
[step 2] Reasoning: I see notifications are still showing. Let me click on the page area to dismiss them and then navigate to localhost:3000.
[step 3] Action: Open url: http://localhost:3000
[step 3] Reasoning: The page appears empty - it seems the current tab is showing localhost:3000 but the content is blank, and there are Mac system notifications. The task instruction says the Fonts website is at localhost:3000. Let me navigate to it first and open the page properly.
[step 4] Action: wait
[step 4] Reasoning: A new tab opened with localhost:3000 but the page appears blank. Let me wait a moment for it to load and then take a screenshot.
[step 5] Action: Minimize panel
[step 5] Reasoning: The page is still blank. The Mac system notifications may be blocking the view. I notice the task panel widget should minimize. Let me minimize the panel and then try to interact with the page. Also, the page seems to have loaded but may be blank. Let me first minimize the panel to see the screen better.
[step 6] Action: left_click (640, 42)
[step 6] Reasoning: The page at localhost:3000 appears completely blank. Both tabs show "Discord Data Package Explor..." in their titles, which seems wrong for a Fonts website. The page content area is completely white. Let me try to reload the page and check if the content loads.

Let me click on the address bar and navigate to localhost:3000 explicitly.
[step 7] Action: type: http://localhost:...
[step 7] Reasoning: I can see the address bar is selected with "localhost:3000". Let me type the full URL and press Enter to navigate.
[step 8] Action: screenshot
[step 8] Reasoning: I can see the browser autocomplete is showing suggestions. The first suggestion is "Discord Data Package Explorer - http://localhost:3000" which indicates the Fonts website at localhost:3000 might actually be the "Discord Data Package Explorer". However, it seems I pressed Enter before seeing the dropdown. Let me wait and see what happened.

The page is loading. But wait - the dropdown shows that localhost:3000 is "Discord Data Package Explorer", not a Fonts website. This seems like the wrong application. However, the task says the Fonts website is at localhost:3000. Let me proceed and navigate there to check.
[step 9] Action: key: Return
[step 9] Reasoning: The autocomplete is still showing. I need to press Enter to navigate to localhost:3000.
[step 10] Action: key: ctrl+shift+r
[step 10] Reasoning: The page at localhost:3000 appears to be loading but is showing as blank white. The tab title says "Discord Data Package Explor..." which is strange for a Fonts website. However, the task says the Fonts website is at localhost:3000. The page might be rendering with white text or it could be that this is a Next.js application that needs JavaScript to render.

Let me try to hard reload the page and wait for it to fully load.
[step 11] Action: key: F12
[step 11] Reasoning: The page still appears blank. The task requires me to use developer tools to check the HTML head section. The task explicitly says I should use developer tools. Let me open developer tools to check the HTML structure. I'll press F12 to open DevTools.
[step 12] Action: left_click (65, 35)
[step 12] Reasoning: Developer tools are now open! I can see the Console tab is showing errors:
- "Failed to load resource: the server responded with a status of 404 (Page not found: /build/bundle.js)"
- "Failed to load resource: the server responded with a status of 404 (Page not found: /build/bundle.css)"
- "Failed to load resource: the server responded with a status of 404 (Page not found: /build/bundle.css)"

This is interesting - the page is failing to load resources. The page content area is blank because the bundle.js and bundle.css files are returning 404. Now let me navigate to the Elements tab to check the HTML head section for font preload tags.
[step 13] Action: left_click (15, 72)
[step 13] Reasoning: Now I can see the Elements tab. The HTML structure is visible:
- `<!DOCTYPE html>`
- `<html lang="en">`
- `<head>...</head>`
- `<body>...</body>`
- `</html>`

I can see there's a `<head>` element collapsed. Let me click on it to expand it and see the content inside.
[step 14] Action: screenshot
[step 14] Reasoning: Excellent! Now I can see the HTML head section is expanded and I can read the full content. Let me analyze what's in the `<head>` section:

```html
<head>
  <meta charset="utf-8">
  <meta name="viewport" content="width=device-width,initial-scale=1">
  <title>Discord Data Package Explorer</title>
  <meta property="og:title" content="Discord Data Package Explorer">
  <meta property="og:url" content="https://ddpe.androz2091.fr">
  <meta property="og:image" content="https://github.com/Androz2091/discord-data-package-explorer/raw/master/public/favicon.png">
  <meta property="og:description" content="Explore and extract the data of your discord data package file!">
  <link rel="icon" type="image/png" href="/favicon.png">
  <link rel="stylesheet" href="/global.css">
  <link rel="stylesheet" href="/build/bundle.css">
  <script defer src="/build/bundle.js"></script>
</head>
```

Now let me take a closer screenshot to see all the elements more clearly.

The key observations from the HTML head section:
1. **No `<link rel="preload">` tags** for font resources are present
2. The application is "Discord Data Package Explorer" - this seems to be the wrong application compared to the "Fonts website" mentioned in the task
3. There are only `<link rel="stylesheet">` tags for CSS files (global.css and bundle.css)
4. There's a `<script defer src="/build/bundle.js">` tag
5. No Google Fonts or other web font imports are visible

Let me take a closer look at this to confirm there are no font preload tags.
[step 15] Action: key: ctrl+u
[step 15] Reasoning: Let me zoom in to see the head content more clearly. I'll use the View Source approach to see all the content. But first, let me view the page source to get the complete HTML.

Actually, let me look more carefully at the Elements panel. I can see the head section content. Let me check if this is really the Fonts website. The title says "Discord Data Package Explorer" which is clearly not a Fonts website. 

However, the task says the Fonts website is at localhost:3000. Let me check if this might be a different application. Let me check the first tab as well.

Wait - looking at the task again. The task says "打开应用首页" (open the application home page) at localhost:3000. The page IS loading at localhost:3000, but the application there is "Discord Data Package Explorer" - which might actually be the "Fonts" website referenced in the task (maybe the task description is using "Fonts" loosely, or the server is serving a different application than expected).

Let me now focus on the actual task: checking if there are `link rel=preload` tags for font resources in the HTML head section.

From what I can see in the Elements panel, the `<head>` section contains:
1. `<meta charset="utf-8">`
2. `<meta name="viewport" ...>`
3. `<title>Discord Data Package Explorer</title>`
4. `<meta property="og:title" ...>`
5. `<meta property="og:url" ...>`
6. `<meta property="og:image" ...>`
7. `<meta property="og:description" ...>`
8. `<link rel="icon" type="image/png" href="/favicon.png">`
9. `<link rel="stylesheet" href="/global.css">`
10. `<link rel="stylesheet" href="/build/bundle.css">`
11. `<script defer src="/build/bundle.js"></script>`

**There are NO `<link rel="preload">` tags for font resources.**

Now let me also check the view-source to make sure I haven't missed anything. Let me use view-source to see the complete HTML.

Actually, the page head section I see here appears complete. But let me also verify by looking at the page source. Let me use Ctrl+U to view page source.

Actually, I should observe font rendering. But the page is blank because bundle.js and bundle.css return 404. So there's no font rendering to observe. Let me check the view source to get more detail.

Let me scroll up in the elements panel to make sure I see the full head section.
[step 16] Action: left_click (114, 35)
[step 16] Reasoning: The Ctrl+U didn't open a new tab (DevTools is in the foreground). Let me click on the page to bring up the view source. Actually, let me use the "view-source" link in the Elements panel, which I noticed earlier (there was a "view-source" link next to the html tag). 

But more importantly, I can see the complete head section from the Elements tab. Let me zoom in to read it clearly.

Let me use the Console to check for font preload links programmatically and get the complete picture.
[step 17] Action: left_click (640, 400)
[step 17] Reasoning: I'm now in the Console tab. Let me run JavaScript to check for font preload link elements in the head section.
[step 18] Action: left_click (97, 117)
[step 18] Reasoning: I can see the Console tab is open with errors shown. Let me click on the console input area (at the bottom of the console panel) to type JavaScript commands.
[step 19] Action: left_click (640, 700)
[step 19] Reasoning: The console isn't showing an input area. Let me try clicking on the ">" (prompt) area at the bottom of the console.
[step 20] Action: left_click (97, 117)
[step 20] Reasoning: The console doesn't appear to have a visible input field. The DevTools might be in a limited mode. Let me try clicking directly on the ">" symbol that I can see in the console.
[step 21] Action: key: Escape
[step 21] Reasoning: The console seems to not have a visible input field. This might be a DevTools display issue. Let me try pressing the Escape key to show/hide the console drawer, or let me try the keyboard shortcut to focus the console.

Let me try pressing Escape to show the console input at the bottom.
[step 22] Action: key: ctrl+l
[step 22] Reasoning: There still doesn't seem to be an input area visible in the console. The DevTools might be taking up only the top portion of the screen. Let me try pressing F12 to toggle the DevTools off and then check if the DevTools can be expanded. Or let me try clicking below the existing error messages to see if there's an input prompt there.

Actually, looking at the console more carefully, the console might need to be undocked and resized. Let me try to scroll down in the console to find the input, or let me just type directly in the console panel which should be focused.
[step 23] Action: left_click (270, 70)
[step 23] Reasoning: It looks like Ctrl+L cleared the console. The console is now cleared and showing "No messages" etc. There seems to be a "> " input indicator at the top right area (around coordinate 270, 70). The console input might be there. Let me try clicking on the "> " symbol I can see.
[step 24] Action: left_click (65, 35)
[step 24] Reasoning: The DevTools console is showing only the filter area and no input field. The DevTools might be docked in a limited view. It seems the console input area is hidden or not visible in the current layout. 

I already have the information I need from the Elements panel - I saw that the head section clearly doesn't have any `link rel=preload` tags. But let me try one more approach - let me try to use the Elements panel to search for font preload tags using Ctrl+F to search within the Elements.

Let me go back to the Elements tab and use the search functionality.
[step 25] Action: key: ctrl+f
[step 25] Reasoning: Now I can see the Elements panel with the full head section expanded. Let me read the complete HTML head section carefully:

```html
<head>
  <meta charset="utf-8">
  <meta name="viewport" content="width=device-width,initial-scale=1">
  <title>Discord Data Package Explorer</title>
  <meta property="og:title" content="Discord Data Package Explorer">
  <meta property="og:url" content="https://ddpe.androz2091.fr">
  <meta property="og:image" content="https://github.com/Androz2091/discord-data-package-explorer/raw/master/public/favicon.png">
  <meta property="og:description" content="Explore and extract the data of your discord data package file!">
  <link rel="icon" type="image/png" href="/favicon.png">
  <link rel="stylesheet" href="/global.css">
  <link rel="stylesheet" href="/build/bundle.css">
  <script defer src="/build/bundle.js"></script>
</head>
```

The Elements panel now shows the complete structure. I can now clearly see that:
1. **There are NO `<link rel="preload">` tags** for font resources in the `<head>` section
2. The app is "Discord Data Package Explorer" (possibly the Fonts website at localhost:3000)
3. The head only has `<link rel="stylesheet">` tags, not preload tags

Let me use Ctrl+F in the Elements panel to search for "preload" to confirm there are no preload tags.
[step 26] Action: left_click (400, 150)
[step 26] Reasoning: The Ctrl+F didn't open a search box in the Elements panel. Let me try clicking directly in the Elements panel first and then use Ctrl+F.
[step 27] Action: key: ctrl+f
[step 27] Reasoning: Good - I clicked on a meta element and the head is now expanded. I can now see the full head section expanded. Now let me use Ctrl+F to search within the Elements panel.
[step 28] Action: left_click (114, 35)
[step 28] Reasoning: The search box didn't appear. The Ctrl+F might be captured by the browser's find bar instead of the DevTools search. Let me try a different approach - I'll view the page source directly using view-source: to see the complete HTML.

Let me use the Console tab to run JavaScript commands to check for preload tags. Let me switch to Console.
[step 29] Action: left_click (97, 70)
[step 29] Reasoning: The Console tab is open but there's no visible input area. I can see the console is only showing the left sidebar with "No messages", "No user...", "No errors", etc. The actual console content area seems to be cut off or empty.

The DevTools seems to be in a "drawer" style view where the console input is hidden. Let me try to click in the gray area of the console to bring focus there, and then try typing.

Looking at the console more carefully, there is a ">" caret symbol visible at coordinate (97, 70) which is the console input indicator. But I can't see the actual input field. Let me try clicking on that caret.
[step 30] Action: key: F12
[step 30] Reasoning: The console input area is still not visible. I notice the DevTools takes up only about 1/4 of the screen height (from top to about 720px), which is very limited. The console input might be cut off.

Looking at the screen layout, it seems the DevTools is showing only the header area and the console filter panel, but the actual console output and input area are not visible because there's something wrong with the layout.

Wait - I think I understand the issue now. The DevTools is docked to the right side (it seems to show its own panel area on the right side of the screen from ~940px to 1280px). The main DevTools panel is on the left from 0-940px width, but only shows the tab headers.

Actually looking more carefully at the screenshots, the console content area seems to be limited because:
1. The DevTools is open but the scrollbar area shows only the filter sidebar
2. The main content area seems to be completely empty/white

This looks like a DevTools display bug. The console content (including the input prompt) isn't rendering in the expected area.

Let me try a completely different approach - let me use view-source to see the HTML. Let me navigate to view-source:http://localhost:3000 in the address bar.

First, let me close DevTools first by pressing F12.
[step 31] Action: left_click (640, 42)
[step 31] Reasoning: I can now see the browser clearly with DevTools closed. The page at localhost:3000 is showing as completely blank/white. I can see:
1. The tab title shows "Discord Data Package Explor..." - this is the app running at localhost:3000
2. The page content area is completely blank/white
3. There are system notifications from Mac showing (download notification and privacy/security notification)

Let me navigate to view-source to see the complete HTML. Let me click on the address bar and navigate there.
[step 32] Action: type: view-source:http:...
[step 32] Reasoning: The address bar is selected showing "localhost:3000". Let me type the view-source URL and navigate.
[step 33] Action: key: Return
[step 33] Reasoning: I can see autocomplete suggestions showing:
1. `view-source:http://localhost:3000`
2. `view-source:http://localhost:3000/examples/demo-full.html`
3. `view-source:http://localhost:3000 - Google 搜索`
4. `view-source:http://localhost:3000/demo-full.html`
5. `view-source:http://localhost:3000/feats/srd-2024_alert`

Interesting! I can see that there are previous visits to:
- `http://localhost:3000/examples/demo-full.html`
- `http://localhost:3000/demo-full.html`
- `http://localhost:3000/feats/srd-2024_alert`

This is NOT a simple Discord Data Package Explorer. This looks like it might be a different application - possibly a "Fonts" or "D&D" or some other application that has demo pages. Let me navigate to view-source:http://localhost:3000 to see the HTML.

But wait - the autocomplete is showing these as "view-source" URLs. It seems these were previously visited as view-source. The actual pages at those URLs might be something different. Let me just press Enter to navigate to view-source:http://localhost:3000.
[step 34] Action: screenshot
[step 34] Reasoning: Excellent! Now I can see the complete page source for localhost:3000. Let me read the HTML carefully:

```html
<!DOCTYPE html>
<html lang="en">
<head>
  <meta charset='utf-8'>
  <meta name='viewport' content='width=device-width,initial-scale=1'>
  
  <title>Discord Data Package Explorer</title>
  
  <meta property="og:title" content="Discord Data Package Explorer" />
  <meta property="og:url" content="https://ddpe.androz2091.fr" />
  <meta property="og:image" content="https://github.com/Androz2091/discord-data-package-explorer/raw/master/public/favicon.png" />
  <meta property="og:description" content="Explore and extract the data of your discord data package file!" />
  
  <link rel='icon' type='image/png' href='/favicon.png'>
  <link rel='stylesheet' href='/global.css'>
  <link rel='stylesheet' href='/build/bundle.css'>
  
  <script defer src='/build/bundle.js'></script>
</head>
<body>
</body>
</html>
```

Now I can clearly see the **complete HTML structure**. The analysis is definitive:

**In the `<head>` section:**
- Line 3-4: `<head>` / `<meta charset='utf-8'>`
- Line 5: `<meta name='viewport' ...>`
- Line 7: `<title>Discord Data Package Explorer</title>`
- Line 9: `<meta property="og:title" ...>`
- Line 10: `<meta property="og:url" ...>`
- Line 11: `<meta property="og:image" ...>`
- Line 12: `<meta property="og:description" ...>`
- Line 14: `<link rel='icon' type='image/png' href='/favicon.png'>`
- Line 15: `<link rel='stylesheet' href='/global.css'>`
- Line 16: `<link rel='stylesheet' href='/build/bundle.css'>`
- Line 18: `<script defer src='/build/bundle.js'></script>`
- Line 19: `</head>`

**There are NO `<link rel="preload">` tags for font resources in the `<head>` section.**

Let me also try navigating to a different port or check if there's a separate Fonts application. Wait - looking at the autocomplete suggestions earlier, I noticed paths like `/examples/demo-full.html`, `/demo-full.html`, `/feats/srd-2024_alert` which look like paths from a different type of app. Let me also check if the correct port might be different. But the task explicitly says localhost:3000.

Let me take a screenshot to document the current state of the page source.
[step 35] Action: left_click (291, 13)
[step 35] Reasoning: I can clearly see the complete HTML source for localhost:3000. Now let me also open the DevTools again to confirm my findings using the Elements panel and check the Console for any font-related issues. Let me navigate back to localhost:3000 and open DevTools.
[step 36] Action: key: F12
[step 36] Reasoning: I'm back on the localhost:3000 tab and the page is completely blank. The page at localhost:3000 is running "Discord Data Package Explorer" application and the page is blank because:
1. The `/build/bundle.css` and `/build/bundle.js` files are returning 404 errors
2. This means the JavaScript application can't load

Let me now open the DevTools one more time using keyboard shortcut and check the console for a proper view. Let me try using Command+Option+J for the Console directly.
[step 37] Action: key: Escape
[step 37] Reasoning: Now I can see the DevTools is open with the Console tab showing errors. I can see:
1. "Failed to load resource: the server responded with a status of 404 (Page not found: /build/bundle.js)"
2. "Failed to load resource: the server responded with a status of 404 (Page not found: /build/bundle.css)"
3. "Failed to load resource: the server responded with a status of 404 (Page not found: /build/bundle.css)"

There's also a fullscreen exit notification. Let me press Escape to dismiss it, and then I need to find and use the console input.

I notice there's a ">" symbol at coordinate (97, 117) which might be the console prompt. The console also seems to have only a limited area. Let me try pressing Escape to dismiss the fullscreen notice and then try to see the console input.
[step 38] Action: left_click (65, 35)
[step 38] Reasoning: Now I can see the DevTools Console clearly. The console is showing:
1. "Failed to load resource: the server responded with a status of 404 (Page not found: /build/bundle.js)"
2. "Failed to load resource: the server responded with a status of 404 (Page not found: /build/bundle.css)"
3. "Failed to load resource: the server responded with a status of 404 (Page not found: /build/bundle.css)"
4. ">" symbol at (97, 117) which is the console input prompt

The console seems to be using the full viewport with no visible input at the bottom. The ">" at (97, 117) appears to be the console prompt area.

Wait - I notice the ">" arrow is at coordinate (97, 117). Let me click on it to see if it's a collapsible section or the console input.

Let me now focus on checking the Elements panel to see the complete HTML head section. Let me click on "Elements" tab.
[step 39] Action: left_click (16, 71)
[step 39] Reasoning: Now I can see the Elements panel clearly. I can see the HTML structure:
```
<!DOCTYPE html>
<html lang="en"> view-source
  ▶ <head>...</head>
  ▶ <body> </body>  == $0
</html>
```

The `<head>` element is collapsed (showing "▶ <head>...</head>"). I need to expand it. Let me click on the triangle/arrow next to `<head>` to expand it.
[step 40] Action: screenshot
[step 40] Reasoning: Excellent! Now I can see the complete `<head>` section expanded in the Elements panel. I can read all the elements clearly:

```html
<head> == $0
  <meta charset="utf-8">
  <meta name="viewport" content="width=device-width,initial-scale=1">
  <title>Discord Data Package Explorer</title>
  <meta property="og:title" content="Discord Data Package Explorer">
  <meta property="og:url" content="https://ddpe.androz2091.fr">
  <meta property="og:image" content="https://github.com/Androz2091/discord-data-package-explorer/raw/master/public/favicon.png">
  <meta property="og:description" content="Explore and extract the data of your discord data package file!">
  <link rel="icon" type="image/png" href="/favicon.png">
  <link rel="stylesheet" href="/global.css">
  <link rel="stylesheet" href="/build/bundle.css">
  <script defer src="/build/bundle.js"></script>
</head>
```

This is the definitive analysis. The complete `<head>` section has been confirmed to contain:
- 2 meta tags (charset and viewport)
- 1 title
- 4 og: meta tags
- 1 link for favicon (rel="icon")
- 2 link for stylesheets (rel="stylesheet")
- 1 script tag

**CONFIRMED: There are NO `<link rel="preload">` tags for font resources in the `<head>` section.**

Let me take a final screenshot to document this finding clearly.
[step 41] Action: DONE
[step 41] Reasoning: I now have a clear view of the HTML `<head>` section in the DevTools Elements panel. The analysis is complete. Let me provide a comprehensive summary of my findings.

---

## 📋 检查结果报告

### 1. 应用首页状态
- **访问地址**：`http://localhost:3000`
- **应用名称**：`Discord Data Package Explorer`（页面标题，非"Fonts"网站）
- **页面渲染状态**：**页面完全空白**，主体内容无法加载

### 2. HTML `<head>` 部分完整内容（通过DevTools Elements面板确认）

```html
<head>
  <meta charset="utf-8">
  <meta name="viewport" content="width=device-width,initial-scale=1">
  <title>Discord Data Package Explorer</title>
  <meta property="og:title" content="Discord Data Package Explorer">
  <meta property="og:url" content="https://ddpe.androz2091.fr">
  <meta property="og:image" content="https://github.com/Androz2091/discord-data-package-explorer/raw/master/public/favicon.png">
  <meta property="og:description" content="Explore and extract the data of your discord data package file!">
  <link rel="icon" type="image/png" href="/favicon.png">
  <link rel="stylesheet" href="/global.css">
  <link rel="stylesheet" href="/build/bundle.css">
  <script defer src="/build/bundle.js"></script>
</head>
```

### 3. 字体预加载标签检查结果

| 检查项 | 结果 |
|--------|------|
| `<link rel="preload" as="font">` 标签 | ❌ **不存在** |
| Google Fonts / 外部字体 `<link>` | ❌ **不存在** |
| 字体相关 `@import` CSS | ❌ **未见到** |
| 字体预连接 `<link rel="preconnect">` | ❌ **不存在** |

**结论：HTML文档的 `<head>` 部分中完全没有字体资源的 `link rel=preload` 标签。**

### 4. 页面字体渲染表现

- **无法观察字体渲染**：页面完全空白，JavaScript 包（`/build/bundle.js`）和CSS文件（`/build/bundle.css`）均返回 **404 错误**，导致页面无法正常渲染
- 由于页面渲染失败，**无法观察 FOUT（字体闪烁）或字体延迟加载现象**

### 5. 发现的Bug / 问题

1. **严重Bug：关键资源404** — `/build/bundle.js` 和 `/build/bundle.css` 均返回404，导致页面完全无法加载（ConsoleErrors: "Failed to load resource: the server responded with a status of 404"）
2. **缺失字体预加载优化** — `<head>` 中没有任何 `<link rel="preload" as="font">` 标签，意味着若页面能正常加载，字体将按常规方式延迟加载，存在 FOUT 风险
3. **没有字体声明** — 整个 `<head>` 部分没有引入任何Web字体资源（无Google Fonts、无本地字体文件的预加载）
Evaluating task result...

==================================================
Task: 当前Chrome浏览器已打开Fonts网站，地址是http://localhost:3000。打开应用首页，检查浏览器开发者工具中 HTML 文档的 head 部分，观察是否存在字体资源的 link rel=preload 标签；同时观察页面首次加载时字体的渲染表现，注意是否出现字体闪烁（FOUT）或延迟加载现象。 请始终在浏览器内操作，禁止打开Terminal、Finder或其他应用程序。如果找不到目标功能，标记result为unclear。
Status: COMPLETED
Total steps: 41
Last action: DONE
Last reasoning: I now have a clear view of the HTML `<head>` section in the DevTools Elements panel. The analysis is complete. Let me provide a comprehensive summary of my findings.

---

## 📋 检查结果报告

### 1. 应用首页状态
- **访问地址**：`http://localhost:3000`
- **应用名称**：`Discord Data Package Explorer`（页面标题，非"Fonts"网站）
- **页面渲染状态**：**页面完全空白**，主体内容无法加载

### 2. HTML `<head>` 部分完整内容（通过DevTools Elements面板确认）

```html
<head>
  <meta charset="utf-8">
  <meta name="viewport" content="width=device-width,initial-scale=1">
  <title>Discord Data Package Explorer</title>
  <meta property="og:title" content="Discord Data Package Explorer">
  <meta property="og:url" content="https://ddpe.androz2091.fr">
  <meta property="og:image" content="https://github.com/Androz2091/discord-data-package-explorer/raw/master/public/favicon.png">
  <meta property="og:description" content="Explore and extract the data of your discord data package file!">
  <link rel="icon" type="image/png" href="/favicon.png">
  <link rel="stylesheet" href="/global.css">
  <link rel="stylesheet" href="/build/bundle.css">
  <script defer src="/build/bundle.js"></script>
</head>
```

### 3. 字体预加载标签检查结果

| 检查项 | 结果 |
|--------|------|
| `<link rel="preload" as="font">` 标签 | ❌ **不存在** |
| Google Fonts / 外部字体 `<link>` | ❌ **不存在** |
| 字体相关 `@import` CSS | ❌ **未见到** |
| 字体预连接 `<link rel="preconnect">` | ❌ **不存在** |

**结论：HTML文档的 `<head>` 部分中完全没有字体资源的 `link rel=preload` 标签。**

### 4. 页面字体渲染表现

- **无法观察字体渲染**：页面完全空白，JavaScript 包（`/build/bundle.js`）和CSS文件（`/build/bundle.css`）均返回 **404 错误**，导致页面无法正常渲染
- 由于页面渲染失败，**无法观察 FOUT（字体闪烁）或字体延迟加载现象**

### 5. 发现的Bug / 问题

1. **严重Bug：关键资源404** — `/build/bundle.js` 和 `/build/bundle.css` 均返回404，导致页面完全无法加载（ConsoleErrors: "Failed to load resource: the server responded with a status of 404"）
2. **缺失字体预加载优化** — `<head>` 中没有任何 `<link rel="preload" as="font">` 标签，意味着若页面能正常加载，字体将按常规方式延迟加载，存在 FOUT 风险
3. **没有字体声明** — 整个 `<head>` 部分没有引入任何Web字体资源（无Google Fonts、无本地字体文件的预加载）

==================================================

UI window closed
