Session created: sess-20260419024629-d428614f070645638b6a05481b4de39c
UI panel initialized successfully
UI window displayed
Expected result: 页面左下角的错误通知提示条（snackbar）应完整可见，文本内容不被截断，组件不会溢出到屏幕外或被其他元素遮挡
[step 0] Action: Initializing
[step 0] Reasoning: Initializing session connection
[step 0] Action: screenshot
[step 1] Action: left_click (711, 323)
[step 1] Reasoning: I can see the GitLight homepage. I need to navigate to the dashboard page. Let me click on "or use in the browser" to access the dashboard without downloading the app.
[step 2] Action: key: Escape
[step 2] Reasoning: I accidentally right-clicked and a context menu appeared. Let me close this menu and try to navigate to the login or dashboard page. I can see at the bottom of the screen it shows "localhost:5173/login". Let me press Escape first and then navigate directly to the dashboard or login page.
[step 3] Action: left_click (711, 323)
[step 3] Reasoning: I can see the homepage. Let me navigate directly to the login page first, then try to access the dashboard. I'll click on "or use in the browser" button by left-clicking it properly.
[step 4] Action: Open url: http://localhost:5173/dashboard
[step 4] Reasoning: I can see the login page shows a "500 Internal Error". The URL is now `localhost:5173/login`. This is a server error on the login page. Let me try to navigate to the dashboard directly or look for a demo mode. Let me try navigating to the dashboard URL directly.
[step 5] Action: left_click (453, 33)
[step 5] Reasoning: The dashboard URL also redirected to the login page with a 500 Internal Error. There's a new tab opened with "GitLight • Log in" but it's still showing the error. Let me wait a moment and try to access the page again, or navigate directly in the address bar to the right URL.

Let me look at the second tab that was opened - it seems the previous GitLight tab was different. Let me click on the correct GitLight tab.
[step 6] Action: key: Escape
[step 6] Reasoning: Both tabs are showing the same 500 Internal Error at `localhost:5173/login`. Let me dismiss the translation popup and try navigating to the main page first, then check if there's a demo mode or if we can access the dashboard directly.
[step 7] Action: Open url: http://localhost:5173
[step 7] Reasoning: The login page is showing 500 Internal Error. Let me try to navigate to the main page and then look for any demo mode or snackbar component. Let me go back to the main page.
[step 8] Action: key: Escape
[step 8] Reasoning: I'm back on the main page. I can see a translation menu popup. Let me dismiss it and check the page content more carefully. I need to look for any snackbar/notification components at the bottom left. Let me close the translation popup and examine the page, particularly the bottom-left area.

Let me also check if there's a way to access the dashboard without login - perhaps by looking at the URL structure. The task mentions looking for a demo mode. Let me also try to look at the previous GitHub Actions tab to access a specific demo page.

Let me first check if there's any content at the bottom of this page by scrolling down, and look for snackbar components. But first, let me close the translation popup.
[step 9] Action: left_click (289, 33)
[step 9] Reasoning: Good, the translation popup is dismissed. I can see the main GitLight homepage. The bottom left of the page appears to be empty (just the background image). I can also see "v0.10.0 • Made by Colin Lienard" at the very bottom. 

Now let me check the second "ACEl628DOopHTefwbcTH" tab - this might already have a session or be a dashboard view. Let me also look at the page source to understand the structure better. But first, let me try to access the dashboard through a different approach by looking at what the "ACEl628DOopHTefwbcTH" tab contains.
[step 10] Action: left_click (762, 33)
[step 10] Reasoning: This is just an HTML file - not related to GitLight. Let me go back to the main GitLight tab and look at the page more carefully. I need to try to find a way to access the dashboard or find any snackbar/notification component.

Let me navigate to the main GitLight page and inspect the page source to find any snackbar components or potential demo mode URLs.
[step 11] Action: key: F12
[step 11] Reasoning: I'm back on the main GitLight page. I can see the login page is showing 500 Internal Error. Looking at the main page, I can see there's a preview area showing some GitHub notification items, and the bottom of the page shows "v0.10.0 • Made by Colin Lienard".

Let me look more carefully at the bottom-left area of the page. I don't see any snackbar/notification component here. Let me try to access the page source to find the snackbar component structure. 

But first, let me try to use the developer tools to examine the page for any hidden snackbar components. Let me open DevTools to inspect the page.
[step 12] Action: left_click (640, 62)
[step 12] Reasoning: Developer Tools are open. I can see the console shows "[vite] connecting..." and "[vite] connected." - which confirms this is a Vite/SvelteKit application. 

Let me check if there's a route for the dashboard without login. Let me use the console to navigate to different pages. First, let me check the application by looking at the Sources or Application tab to understand the routing structure. Let me also check if there's a way to inject a fake session.

Let me look at the page's route structure by checking the application routes. I'll navigate to the dashboard URL while checking what happens in the console.
[step 13] Action: type: localhost:5173/da...
[step 13] Reasoning: The address bar is selected. Let me try navigating to a specific page that might show the dashboard. Let me look at the GitLight GitHub repository structure to understand the routes. But first, let me navigate to a URL that might be the dashboard without authentication. Let me try a few potential dashboard routes.

Let me navigate to `localhost:5173/dashboard` in the address bar.
[step 14] Action: left_click (569, 89)
[step 14] Reasoning: I can see that the autocomplete dropdown is showing "GitLight • Dashboard - localhost:5173/dashboard". This is a direct link to the dashboard page. Let me click on it.
[step 15] Action: left_click (66, 357)
[step 15] Reasoning: I can see some important console errors now:
1. "The next HMR update will cause the page to reload"
2. "SyntaxError: The requested module '/@id/__x00__virtual:$env/static/public' does not provide an export named 'PUBLIC_SITE_URL'"
3. "<Root> was created without expected prop 'form'"

The page redirected to login page again with a 500 Internal Error. This is because the `/dashboard` route requires authentication and the login is having errors.

The console error about `PUBLIC_SITE_URL` suggests there's a configuration issue - the environment variable is not set. This might mean the app has missing configuration but might still have some pages accessible.

Let me look at the Elements tab to see if there's any snackbar component in the DOM, even if it's hidden. Let me switch to the Elements panel.
[step 16] Action: left_click (8, 414)
[step 16] Reasoning: I can see the Elements tab showing the page structure. The page has a `<div id="root" style="display: contents">` element. Let me expand it to see if there's any snackbar component. Let me click on the div element to expand it.
[step 17] Action: left_click (57, 547)
[step 17] Reasoning: A context menu appeared. I see "Expand recursively" option which can help me see all the nested elements. Let me click on it.
[step 18] Action: left_click (450, 33)
[step 18] Reasoning: I can now see the DOM structure of the login page with 500 Internal Error. I can see:
- `<h1>500</h1>`
- `<p>Internal Error</p>`
- `<!--<Layout>-->`
- `<div id="svelte-announcer" ...` - This is a Svelte accessibility announcer
- `<!--<Error>-->`
- `<!--<Root>-->`

There's no snackbar component visible on this page since it's a 500 error page. I need to access the actual dashboard. The login page is failing due to `PUBLIC_SITE_URL` missing.

The "GitLight • Log in" tab shows the login page. Let me try clicking on the one with the GitLight login tab - it's another instance of the login page. Let me look at the "GitLight • Log in" tab to see the actual login form.

Let me try navigating to the `localhost:5173/login` tab to see if there's a login form.
[step 19] Action: left_click (608, 33)
[step 19] Reasoning: This login tab also shows 500 Internal Error. The URL is `localhost:5173/login`. The login page is not rendering properly due to a server error.

Let me try to check if there's a way to set the missing environment variable or find another approach. Let me go to the other tab that shows "GitLight • Log in" with a different favicon (it appears as one of the tabs with a small favicon vs the one with the gitlight icon). Let me click on the second "GitLight • Log in" tab.
[step 20] Action: Open url: http://localhost:5173
[step 20] Reasoning: This tab also shows the same 500 Internal Error on the login page. 

The login page has a 500 error likely because of a missing environment variable `PUBLIC_SITE_URL`. The application cannot render the login page.

Let me think about a different approach. The task says to look for a demo mode or check if there are any notification components rendered at the bottom left. Let me try the GitHub source code to understand the structure better.

However, let me also try to use the console to inject a session cookie to bypass authentication and access the dashboard. Let me go to the console and try to set a localStorage value that might bypass auth.

First, let me go back to the main page (index page at localhost:5173) which does render, then use DevTools console to navigate to the dashboard.
[step 21] Action: key: Escape
[step 21] Reasoning: I'm back on the main GitLight page. The translation popup appeared. Let me close it and then try to find the snackbar component. Let me look at the bottom left of the page specifically. The main page renders fine. 

Let me close the translation popup and then open DevTools to look for the snackbar component in the main page's structure.
[step 22] Action: key: F12
[step 22] Reasoning: Good, I can see the main GitLight page now. The page looks fine visually. The bottom-left area of the page appears to be empty (just showing the blurred GitHub notification items). Let me open DevTools and look at the source code to find the snackbar component or try to inject fake auth to access the dashboard.

Let me open the console and try to set localStorage values to bypass authentication, then navigate to the dashboard.
[step 23] Action: left_click (159, 357)
[step 23] Reasoning: DevTools is open showing the Elements and Console tabs. The Elements panel shows the main page structure. I can see at the top-level DOM:
- `<html>`
- `<head>`
- `<body data-sveltekit-preload-data="hover">`
  - `<div id="root" style="display: contents">...</div>`

Let me click on the Console tab and try to use JavaScript to set cookies/localStorage to bypass auth. Actually, let me first check the Sources tab to see the file structure of the application and understand what authentication is required.

Actually, let me try a different approach. The task is to test the snackbar component. Let me look at the sources to understand the application. Let me click on the Sources tab.
[step 24] Action: left_click (16, 374)
[step 24] Reasoning: The Sources tab is open. I can see there's a "Snippets" section on the left, and a script editor on the right. I see that the Sources tab shows the "Snippets" area by default. Let me click on the "Page" tab to see the actual page source files.
[step 25] Action: left_click (25, 509)
[step 25] Reasoning: I can see the source files structure. There's a `src` folder visible. Let me expand it to see the application's source files and look for the snackbar component.
[step 26] Action: left_click (30, 523)
[step 26] Reasoning: I can see the `src` folder is expanded and there's a `lib` subfolder. Let me expand the `lib` folder to find the snackbar component.
[step 27] Action: left_click (44, 523)
[step 27] Reasoning: The `lib` folder is showing but not expanded. Let me click the expand arrow next to `lib`.
[step 28] Action: left_click (40, 541)
[step 28] Reasoning: The lib folder still appears the same. Let me try a different approach - use the Console to directly manipulate the DOM or navigate to test the snackbar. Let me click on the Console tab at the bottom and use it to inject some JavaScript.

Actually, let me try a more direct approach. Let me use the console to set a fake session or authentication token. Let me click on the Console tab.
[step 29] Action: left_click (640, 621)
[step 29] Reasoning: The console shows the previous messages. I can see the console at the bottom with `[vite] connecting...` and `[vite] connected.`. I need to click on the console input at the bottom to type a command. Let me click on the `>` input at the bottom of the console.
[step 30] Action: left_click (114, 357)
[step 30] Reasoning: I see the console area with the `>` prompt at the bottom. Let me click directly on the `>` cursor to start typing in the console. Let me click on the actual input area at the bottom of the console.
[step 31] Action: left_click (640, 437)
[step 31] Reasoning: Now I can see the Console tab is fully open and expanded. I can see the `>` prompt at the bottom of the console. Let me click on the `>` input area to start typing.
[step 32] Action: left_click (200, 437)
[step 32] Reasoning: I can see the console is ready. The console shows "[vite] connecting..." and "[vite] connected." Let me now click on the `>` at the bottom-left and type a JavaScript command to look for the snackbar component.
[step 33] Action: left_click (14, 437)
[step 33] Reasoning: I see the console is showing the same content. The cursor seems to be at the `>` prompt. Let me type a command to look at the DOM and try to find the snackbar component. Let me click directly on the prompt area at the bottom of the console where there's the `>` character.
[step 34] Action: left_click (640, 437)
[step 34] Reasoning: I can see the console is ready with the `>` prompt. The console area appears to have the cursor at the prompt. Let me type a JavaScript command to search for any snackbar-related elements in the DOM. Let me try using `document.querySelectorAll` with snackbar-related selectors.

Let me type a search query into the console.
[step 35] Action: key: ctrl+grave
[step 35] Reasoning: I see the console still showing the same content. I need to click on the console input area at the `>` prompt. Looking at the console, I see the prompt `>` is at the bottom. Let me try to directly click on `>` character at the very bottom of the console.

Let me try pressing keyboard shortcut to focus the console.
[step 36] Action: left_click (640, 437)
[step 37] Action: key: Escape
[step 37] Reasoning: A context menu appeared (right-click context menu). I can see I right-clicked on the console input area and it's showing a menu. I can see the cursor is in the console input now. Let me press Escape to close this context menu and then type my command.
[step 38] Action: left_click (400, 450)
[step 38] Reasoning: The context menu is still showing. Let me click somewhere else to dismiss it.
[step 39] Action: key: Escape
[step 39] Reasoning: A different context menu appeared showing "Clear console", "Clear console history", "Copy console", "Save as...". This is a right-click context menu on the console itself. Let me press Escape to dismiss it.
[step 40] Action: left_click (700, 550)
[step 40] Reasoning: The context menu is still showing. Let me click elsewhere to dismiss it.
[step 41] Action: key: Escape
[step 41] Reasoning: Another context menu appeared in a different position. Let me press Escape to dismiss it.
[step 42] Action: left_click (400, 300)
[step 42] Reasoning: The context menu is still showing. The `>` cursor is at the bottom left of the console (coordinate around 14, 437). I need to click directly on that console input area to focus it. Let me click somewhere in the main page area to close the context menu.

Actually, I see the `>` prompt at coordinate (14, 437) in the console, this seems to be where I should click to input text. But clicking there seems to produce context menus. Let me try clicking on the console area that is to the right of the `>` symbol.
[step 43] Action: key: Escape
[step 43] Reasoning: Another context menu appeared (for an image). Let me press Escape to dismiss it.