Session created: sess-20260427212007-e7b579a6f5f243a48501fae2129580aa
UI panel initialized successfully
UI window displayed
Expected result: Heynote窗口底部的状态栏应正常显示，包含字符数、光标位置、语言模式等信息，不会消失或被隐藏。
[step 0] Action: Initializing
[step 0] Reasoning: Initializing session connection
[step 0] Action: screenshot
[step 1] Action: left_click (1083, 691)
[step 1] Reasoning: I can see terminal windows are open but I need to navigate to Chrome with the Heynote website. Let me click on Chrome in the dock.
[step 2] Action: Open url: http://localhost:5173
[step 2] Reasoning: Chrome is open with a new tab. Let me navigate to the Heynote website at http://localhost:5173.
[step 3] Action: screenshot
[step 3] Reasoning: The Heynote website has loaded successfully. I can now observe the status bar at the bottom of the window. Let me take a closer look at the status bar area by zooming in.
[step 4] Action: Minimize panel
[step 4] Reasoning: I can see the Heynote application is loaded. Let me examine the status bar at the very bottom of the browser window more carefully. I can see at the bottom there appears to be a green/teal colored status bar. Let me zoom into that area to see the details more clearly.
[step 5] Action: scroll down (640, 400) scroll_amount 3
[step 5] Reasoning: Now I can observe the Heynote application clearly. I can see a green/teal status bar at the bottom of the browser window. Let me zoom into the bottom of the screen to read the status bar content more clearly.
[step 6] Action: mouse_move (640, 654)
[step 6] Reasoning: Now I can see the status bar at the bottom of the Heynote application. Let me zoom in to the bottom portion of the screen to clearly read all the status bar information.

The status bar at the bottom is visible and contains:
- **Left side**: "Ln 1 Col 1" (cursor position - line 1, column 1)
- **Right side**: "Scratch", "Plain Text [auto]", and what appears to be additional icons/indicators

Let me take a closer look at the bottom status bar by examining it more carefully:
[step 7] Action: left_click (640, 300)
[step 7] Reasoning: Now I can clearly see the Heynote application with its status bar at the bottom. Let me analyze the status bar carefully:

The status bar at the bottom (the green/teal colored bar) shows:
- **Left side**: "Ln 1 Col 1" - This is the cursor position (Line 1, Column 1)
- **Right side**: "Scratch", "Plain Text [auto]", and additional icons

However, I notice the status bar does NOT appear to show a "character count" explicitly. Let me type some text to test if the status bar updates properly and if character count appears.
[step 8] Action: left_click (200, 124)
[step 8] Reasoning: Let me type some text to see how the status bar reacts:
[step 9] Action: type: Hello World
[step 10] Action: left_click (640, 124)
[step 10] Reasoning: I notice that even after typing "Hello World", the editor area appears empty (the text wasn't typed into the editor, possibly because the click didn't register in the right place). Also, the status bar still shows "Ln 1 Col 1". Let me click directly in the editor area and try again.

**Visual Anomaly Noted**: The editor content area appears to be empty even though typing was attempted. The text input may not have been captured by the editor.

Let me click on the editor text area directly:
[step 11] Action: type: Hello World Test
[step 12] Action: key: ctrl+shift+i
[step 12] Reasoning: Interesting - the editor is not accepting my text input. The editor area remains empty and the status bar still shows "Ln 1 Col 1". This could be because the macOS system's input method might be interfering. Let me look at the status bar more carefully. 

I notice there is a cursor blinking at line 1 (there appears to be a tiny cursor indicator at the left of line 1). The status bar at the bottom IS visible, showing:
- Left side: "Ln 1 Col 1" 
- Right side: "Scratch", "Plain Text [auto]", and some icons

Let me zoom in to see the bottom status bar more clearly by taking a closer screenshot. Let me use the browser's zoom functionality to get a better view:
[step 13] Action: left_click (35, 124)
[step 13] Reasoning: Good - the DevTools didn't open (which is expected as per the task rules). Let me focus on carefully analyzing what I can already see in the screenshots. 

The status bar is clearly visible at the bottom of the Heynote window. Let me zoom in on just the bottom portion of the screen to read all the text clearly:

Based on my observations from the multiple screenshots, the status bar at the bottom of the Heynote application shows:

**Left side of status bar:**
- "Ln 1 Col 1" - This represents the cursor position (Line 1, Column 1)

**Right side of status bar:**
- "Scratch" - The current note/buffer name
- "Plain Text [auto]" - The language mode (Plain Text, detected automatically)
- Some additional icons (appears to be settings/menu icons)

The status bar IS present and visible. However, I notice that the task mentions the status bar should include "字符数" (character count) information. Let me verify whether character count is displayed. The status bar I can see shows "Ln 1 Col 1" on the left, but I don't see an explicit character count. Let me type some text first to see if character count appears.

Let me try clicking directly in the code editor area near the cursor:
[step 14] Action: key: a
[step 14] Reasoning: I can see the cursor is at line 1 (the blinking cursor is visible at position 1 in line 1). The status bar at the bottom clearly shows:

- **Bottom left**: "Ln 1 Col 1" - cursor position
- **Bottom right**: Shows "Scratch", "Plain Text [auto]", and some icons

Now let me try to type some text to see if the status bar updates:
[step 15] Action: key: b c d e f
[step 15] Reasoning: Excellent! Now I can see the text "a" has been typed in the editor (visible at line 1), and the status bar has updated! The status bar now shows:

**Left side**: "Ln 1 Col 2" and "21:22" 
**Right side**: "Scratch", "Plain Text [auto]", and some icons

The status bar updated from "Ln 1 Col 1" to "Ln 1 Col 2" after typing the character "a". I can also see "21:22" which appears to be a time display.

However, I need to look more closely at the complete status bar content. I notice the task mentions "字符数" (character count). Let me zoom in on the bottom status bar to read everything clearly:

The status bar is partially visible but I notice some text might be cut off. Let me look more carefully at what "21:22" might be - it could be the time, or it could be something else. Let me also check the right side more carefully.

Let me type more text to see if character count appears:
[step 16] Action: type: bcdef
[step 17] Action: key: ctrl+shift+plus
[step 17] Reasoning: Interesting - it seems the additional typed text "bcdef" didn't appear in the editor (the visible text still shows only "a" in line 1). The status bar still shows "Ln 1 Col 2" and "21:22". 

Let me take a very close look at the bottom status bar. The text "21:22" might be the character count! Let me re-examine this more carefully. Actually, looking at the time at the top-right of the screen (which shows "4月27日周一 21:22"), this "21:22" in the status bar is actually the current time being displayed.

Wait - actually looking more carefully, the "21:22" might not be a time - let me look again. The status bar on the left shows "Ln 1 Col 2" (cursor position information) and then "21:22". But the macOS menu bar also shows "4月27日周一 21:22". So "21:22" in the status bar IS the time.

Now, the key question is: Does the status bar include a **character count**? Looking at what I can see:
- Left side: "Ln 1 Col 2" | "21:22"  
- Right side: "Scratch" | "Plain Text [auto]" | icons

I don't see an explicit "character count" displayed. However, the task mentioned the status bar "may disappear under certain system locale settings." The status bar IS visible and NOT disappearing. 

Let me verify the right side of the status bar more carefully by looking at those cut-off elements to the right of "Plain Text [auto]":

The status bar appears to be displaying correctly with:
1. ✅ **光标位置 (Cursor position)**: "Ln 1 Col 2" 
2. ✅ **语言模式 (Language mode)**: "Plain Text [auto]"  
3. ❓ **字符数 (Character count)**: Not clearly visible

But wait - I notice the status bar shows text that might be truncated on the right side due to the task monitoring panel. Let me look more carefully. The "21:22" might actually be something related to character info. Let me analyze the structure again.

Looking at the screenshots, the bottom status bar shows:
- Left: `Ln 1 Col 2    21:22`
- Right: `Scratch    Plain Text [auto]    [icons]`

The "21:22" between the cursor position and right side could be:
1. The time (matches the macOS clock)
2. Some other metric

Let me zoom the browser to get a better read of the status bar:
[step 18] Action: key: ctrl+equal
[step 19] Action: key: ctrl+shift+equal
[step 20] Action: key: ctrl+plus
[step 21] Action: key: ctrl+shift+apostr...
[step 21] Reasoning: Let me use the Chrome menu to zoom in instead:
[step 22] Action: key: ctrl+KP_Add
[step 22] Reasoning: Let me try using keyboard shortcut for zooming in Chrome:
[step 23] Action: left_click (640, 654)
[step 24] Action: key: Escape
[step 24] Reasoning: A right-click context menu appeared. I can now also see in the editor area that the letter "a" is indeed visible at line 1! And the status bar at the bottom now clearly shows:
- Left: "Ln 1 Col 2" and "21:22"
- Right: "Scratch", "Plain Text [auto]" and some icons

Let me close this context menu and look at the status bar more closely:
[step 25] Action: left_click (200, 400)
[step 25] Reasoning: The context menu is still showing. Let me click elsewhere to dismiss it:
[step 26] Action: mouse_move (640, 654)
[step 26] Reasoning: Now I have a clear view of the Heynote application. Let me analyze the status bar at the bottom carefully:

**Status Bar Analysis:**

Looking at the bottom dark green/teal bar at y≈654:
- **Left side**: "Ln 1 Col 2" (cursor at Line 1, Column 2) followed by "21:22"
- **Right side**: "Scratch" | "Plain Text [auto]" | icons

The editor shows "a" at line 1. The status bar is visible and functional.

Now, regarding the "21:22" - this is suspicious. The macOS clock shows "21:24" now (time has passed), yet the status bar still shows "21:22". This means "21:22" is NOT the current time - it's likely some other metric. Could it be character/word count or something related to the document?

Wait - looking more carefully, the time in the macOS menu bar now says "21:24" (I can see "4月27日周一 21:24" in the latest screenshot), but the status bar shows "21:22". This discrepancy suggests "21:22" in the status bar IS indeed the time when the document was last modified or saved, not the current time.

Actually, looking at the progression of screenshots:
- When I first typed 'a', the clock showed 21:22 and the status bar showed "21:22"
- The current clock shows 21:24 but status bar still shows "21:22"

This confirms "21:22" in the status bar is the **last saved time** of the document.

Now let me closely examine whether the status bar is **missing any expected components**. According to the task, the status bar should show:
1. 字符数 (character count) 
2. 光标位置 (cursor position)
3. 语言模式 (language mode)

What I see:
1. ✅ **光标位置**: "Ln 1 Col 2" - visible
2. ❓ **字符数**: Not clearly visible - I don't see a character count number
3. ✅ **语言模式**: "Plain Text [auto]" - visible

The character count is what's potentially missing. However, looking at the Heynote source code and common behavior, the "21:22" shown next to the cursor position might actually represent something else in the status bar. Let me zoom in more precisely on the bottom status bar to read every piece of text:
[step 27] Action: DONE
[step 27] Reasoning: Now I can clearly observe the status bar. The current time in the macOS menu bar is **21:24**, but the status bar shows **21:22** - this confirms:

1. The "21:22" in the status bar is the **time the document was last saved** (not the current time)
2. This is a valid timestamp display for the last save time

The status bar is visible and shows these components:
- **Left side**: "Ln 1 Col 2" (cursor position) | "21:22" (last saved time)
- **Right side**: "Scratch" (note name) | "Plain Text [auto]" (language mode) | icons (settings)

Now, looking at the right side of the status bar, let me carefully read what the text says after "Plain Text" - it looks like "[auto]" or it could be something else. Let me also check if the right side has any truncated content by zooming in to the right side of the status bar.

Let me now analyze the key findings about the status bar:

**✅ Status Bar IS Present and Visible**
**✅ Cursor Position displayed**: "Ln 1 Col 2"  
**✅ Language Mode displayed**: "Plain Text [auto]"
**✅ Additional info**: "Scratch" (note name), last saved time "21:22"
**❓ Character Count**: The task mentions "字符数" (character count) - this is NOT explicitly visible in the status bar

However, looking at this more carefully, the "21:22" could be misread. The status bar in Heynote typically shows: `Ln X Col Y | {char_count} chars | {language}`. The "21:22" could be formatted differently.

But actually, the status bar shows "Ln 1 Col 2    21:22" which with only 1 character "a" in the document cannot represent character count (21 characters + 22 more?). So "21:22" is definitively the last save time.

The **character count is missing** from the status bar. This is a potential bug or the feature might not have been implemented in this version.

Let me now summarize my complete observations:

---

## 📊 Heynote Status Bar Observation Report

**URL**: http://localhost:5173  
**Application**: Heynote (Scratch - Heynote)

### ✅ Status Bar IS Visible
The status bar at the bottom of the window is present and displayed (green/teal colored bar).

### Status Bar Contents Observed:

| Component | Status | Display Value |
|-----------|--------|---------------|
| 光标位置 (Cursor Position) | ✅ Present | "Ln 1 Col 2" |
| 语言模式 (Language Mode) | ✅ Present | "Plain Text [auto]" |
| 笔记名称 (Note Name) | ✅ Present | "Scratch" |
| 最后保存时间 (Last Saved Time) | ✅ Present | "21:22" |
| 字符数 (Character Count) | ❌ **Missing** | Not displayed |

### Visual Anomalies Noted:
1. **Character count is absent**: The status bar does NOT display a character count (字符数). Only 1 character "a" is in the editor, yet no count is shown.
2. **Right side truncation**: The right side of the status bar near the icons appears to be slightly cut off, with some icon elements not fully readable.
3. **The status bar IS present** and has NOT disappeared under the current system locale settings (Chinese locale on macOS).

### Interaction Notes:
- Initially, typing text into the editor failed (text was not captured), requiring a direct click on the editor before typing worked
- After clicking precisely on the editor and using the `key` function (pressing 'a'), the character appeared and the status bar updated correctly
- The cursor position updates properly when text is entered

### Conclusion:
The status bar is **mostly functional** but appears to be **missing the character count (字符数) component**. The cursor position (光标位置) and language mode (语言模式) are correctly displayed. The status bar has not disappeared despite the Chinese system locale settings.
Evaluating task result...

==================================================
Task: 当前Chrome浏览器已打开Heynote网站，地址是http://localhost:5173。观察窗口底部的状态栏是否正常显示，包含字符数、光标位置、语言模式等信息。状态栏在某些系统区域设置下可能消失。 请始终在浏览器内操作，禁止打开Terminal、Finder或其他应用程序。如果找不到目标功能，标记result为unclear。
Status: COMPLETED
Total steps: 27
Last action: DONE
Last reasoning: Now I can clearly observe the status bar. The current time in the macOS menu bar is **21:24**, but the status bar shows **21:22** - this confirms:

1. The "21:22" in the status bar is the **time the document was last saved** (not the current time)
2. This is a valid timestamp display for the last save time

The status bar is visible and shows these components:
- **Left side**: "Ln 1 Col 2" (cursor position) | "21:22" (last saved time)
- **Right side**: "Scratch" (note name) | "Plain Text [auto]" (language mode) | icons (settings)

Now, looking at the right side of the status bar, let me carefully read what the text says after "Plain Text" - it looks like "[auto]" or it could be something else. Let me also check if the right side has any truncated content by zooming in to the right side of the status bar.

Let me now analyze the key findings about the status bar:

**✅ Status Bar IS Present and Visible**
**✅ Cursor Position displayed**: "Ln 1 Col 2"  
**✅ Language Mode displayed**: "Plain Text [auto]"
**✅ Additional info**: "Scratch" (note name), last saved time "21:22"
**❓ Character Count**: The task mentions "字符数" (character count) - this is NOT explicitly visible in the status bar

However, looking at this more carefully, the "21:22" could be misread. The status bar in Heynote typically shows: `Ln X Col Y | {char_count} chars | {language}`. The "21:22" could be formatted differently.

But actually, the status bar shows "Ln 1 Col 2    21:22" which with only 1 character "a" in the document cannot represent character count (21 characters + 22 more?). So "21:22" is definitively the last save time.

The **character count is missing** from the status bar. This is a potential bug or the feature might not have been implemented in this version.

Let me now summarize my complete observations:

---

## 📊 Heynote Status Bar Observation Report

**URL**: http://localhost:5173  
**Application**: Heynote (Scratch - Heynote)

### ✅ Status Bar IS Visible
The status bar at the bottom of the window is present and displayed (green/teal colored bar).

### Status Bar Contents Observed:

| Component | Status | Display Value |
|-----------|--------|---------------|
| 光标位置 (Cursor Position) | ✅ Present | "Ln 1 Col 2" |
| 语言模式 (Language Mode) | ✅ Present | "Plain Text [auto]" |
| 笔记名称 (Note Name) | ✅ Present | "Scratch" |
| 最后保存时间 (Last Saved Time) | ✅ Present | "21:22" |
| 字符数 (Character Count) | ❌ **Missing** | Not displayed |

### Visual Anomalies Noted:
1. **Character count is absent**: The status bar does NOT display a character count (字符数). Only 1 character "a" is in the editor, yet no count is shown.
2. **Right side truncation**: The right side of the status bar near the icons appears to be slightly cut off, with some icon elements not fully readable.
3. **The status bar IS present** and has NOT disappeared under the current system locale settings (Chinese locale on macOS).

### Interaction Notes:
- Initially, typing text into the editor failed (text was not captured), requiring a direct click on the editor before typing worked
- After clicking precisely on the editor and using the `key` function (pressing 'a'), the character appeared and the status bar updated correctly
- The cursor position updates properly when text is entered

### Conclusion:
The status bar is **mostly functional** but appears to be **missing the character count (字符数) component**. The cursor position (光标位置) and language mode (语言模式) are correctly displayed. The status bar has not disappeared despite the Chinese system locale settings.

==================================================

UI window closed
