Session created: sess-20260427210711-b7dee18711684cda9f4587602c5ca68e
UI panel initialized successfully
UI window displayed
Expected result: Markdown 块折叠后，末尾的空行应被正确折叠隐藏，不应在折叠视图中显示多余的空白行。折叠后的块应紧凑显示，没有尾部多余空白。
[step 0] Action: Initializing
[step 0] Reasoning: Initializing session connection
[step 0] Action: screenshot
[step 1] Action: left_click (640, 400)
[step 1] Reasoning: I can see the Heynote website is open. There are some notification popups. Let me close them by clicking elsewhere and then proceed with the task.
[step 2] Action: left_click (640, 85)
[step 2] Reasoning: The Heynote editor is showing. I can see there's currently one empty block. I need to create a Markdown block. In Heynote, I can create a new block by pressing `Ctrl+Enter` or by using the menu. Let me first click on the editor area to focus it, then use the keyboard shortcut to add a new block with Markdown language type.

In Heynote, the way to create a new block is typically by pressing `Ctrl+Enter` (or `Cmd+Enter` on Mac) at the end of an existing block. Let me click on the editor and use the menu to change the block type to Markdown.

First, let me click on the editor area to make sure it's focused:
[step 3] Action: key: ctrl+Return
[step 3] Reasoning: The editor is focused (I can see the cursor at line 1). Now I need to change this block to a Markdown block. In Heynote, I can do this by clicking on the block type indicator. Let me look at the bottom of the screen - I can see "Ln 1 Col 1" which might indicate the current position. 

Let me check if there's a language selector. In Heynote, there's usually a block separator at the top showing the language type. The current block appears to be empty. Let me try to use the keyboard shortcut to open the language selector or to change the block to Markdown.

In Heynote, I can create a new block with `Ctrl+Enter` (or `Cmd+Enter` on Mac). Let me try pressing `Ctrl+Enter` to create a new block and see what happens:
[step 4] Action: left_click (640, 85)
[step 4] Reasoning: The shortcut didn't seem to work in the expected way. The editor still shows just line 1. Let me try clicking on the editor area first to make sure the focus is in the Heynote editor, not in the notification area:
[step 5] Action: left_click (135, 33)
[step 5] Reasoning: Good, the notification has closed. The cursor is now in the editor at line 1. I can see the Heynote editor. The current block appears to be empty. Let me look more carefully - in Heynote, there should be a block separator at the top. The interface seems very minimal. 

Let me check if the "Scratch - Heynote" tab is where I should work. Let me click on that tab to make sure I'm on the right page:
[step 6] Action: Minimize panel
[step 6] Reasoning: I'm on the Scratch - Heynote page. The editor appears to be active. I can see there's line 1 with a cursor. The Heynote editor is loaded. There seems to be only one block visible. 

Looking at the Heynote editor more carefully - it seems like the block separator might be at the very top (invisible or very thin). In Heynote, the block separator usually shows the language. Let me scroll to the top to see if there's a block header visible:

Let me try to zoom out on the page to see the full layout, and also check if maybe the notification panel is blocking something:
[step 7] Action: left_click (100, 85)
[step 7] Reasoning: I can see the Heynote editor. The panel didn't minimize visibly, but let me still interact with the editor. The notification popup at the top right corner is still there. Let me click somewhere else to dismiss it and then focus on the editor.

I notice the editor has a very sparse appearance - just "1" at line 1. In Heynote, there should be block separators. Let me look at the very top of the editor area more carefully. The block separator in Heynote typically appears as a thin horizontal line with the language type shown.

Let me click directly on the editor text area (line 1) to make sure the cursor is in the editor:
[step 8] Action: right_click (100, 85)
[step 8] Reasoning: The editor still looks the same. I can see the cursor is in the editor (Ln 1 Col 1). There seems to be a notification popup (top right corner showing "提示" and "隐私与安全性"). Let me dismiss these notifications first by pressing Escape or clicking somewhere:

The Heynote editor shows the content starting from line 1. The block appears to be empty. In Heynote's architecture, the content file starts with a block header like `∞∞∞text-a` or similar. Let me try to work with the current state.

Let me try to change the current block to Markdown. In Heynote, I can right-click to see a context menu, or there might be a keyboard shortcut. Let me try right-clicking in the editor:
[step 9] Action: left_click (640, 85)
[step 9] Reasoning: The right-click didn't show a context menu. The editor seems to be blocking right-clicks. This is typical for Heynote's CodeMirror-based editor.

I notice the Heynote editor seems very minimal - just showing line "1". The issue might be that the notification popups are interfering. Let me try scrolling up to see if there's a block header at the very top of the editor:

Let me look at the very top carefully. In the Heynote source code, the blocks are separated by special markers like `∞∞∞`. The editor seems to be showing only line 1 which means there's already one block.

Let me try using the keyboard shortcut to add a new block. In Heynote, `Ctrl+Enter` on Mac should be `Ctrl+Enter` or `Cmd+Enter`. But let me check the actual Heynote keyboard shortcuts. Let me try `Alt+Enter` or similar.

Actually, looking at the Heynote docs, the shortcut to add a new block below is `Ctrl+Enter`. Let me first make sure the editor is focused by clicking on it and then try typing some content:
[step 10] Action: type: Hello
[step 10] Reasoning: I can see the cursor is at "Ln 1 Col 1" in the editor. The cursor blink is visible at line 1. Now I need to understand the current block structure. In the Heynote editor, the first block is probably a text block.

Let me try typing some text to see if the editor is actually working:
[step 11] Action: left_click (209, 150)
[step 11] Reasoning: Interesting! A clipboard permission dialog appeared (http://localhost:5173 wants to see the text and images in the clipboard). This happened because typing triggered a paste request. Also it seems my text "Hello" didn't appear in the editor - it seems the text might have been directed elsewhere. Let me dismiss this dialog by clicking "屏蔽" (Block) and then try again:
[step 12] Action: left_click (135, 33)
[step 12] Reasoning: The dialog is dismissed. The editor still shows an empty state with line 1. The status bar shows "Ln 1 Col 1". It seems the text "Hello" didn't appear in the editor.

Wait - looking at the status bar at the bottom, it still says "Ln 1 Col 1". This is strange. The text I typed ("Hello") should have moved the cursor to Col 6. 

Actually, looking more carefully at the Heynote interface, I notice the Heynote app at localhost:5173 appears to be a web-based version. The block separator in Heynote appears at the top, and the content section is below it. 

Actually, looking at the clipboard dialog that appeared - it happened because when I typed "H", "e", etc, these keystrokes may have triggered some shortcut that tried to access clipboard. Let me try clicking directly on the editor text area and then type:

Wait - I see! The line "1" on the left is the line number. The cursor is there at line 1. But when I typed "Hello", the text didn't appear. This is very strange.

Let me try a different approach - let me click on the Heynote tab again and try to interact with it directly:
[step 13] Action: left_click (35, 85)
[step 13] Reasoning: I notice the "隐私与安全性" notification is still visible at the top right. Let me look at the Heynote interface more carefully. The notification at top right seems to be a macOS system notification, not part of the Heynote app.

I can see the editor area and the bottom status bar says "Ln 1 Col 1". The editor seems to be focused. Let me click on the actual text area (the main content area) and try typing again. I need to make sure I'm clicking in the right spot:

Let me try clicking directly at the text input area (around line 1):
[step 14] Action: key: a
[step 14] Reasoning: I see the cursor appears to be active in the editor area. The status bar shows "Ln 1 Col 1". Let me try typing a single character now:
[step 15] Action: key: BackSpace
[step 15] Reasoning: Excellent! I can see that the character "a" appeared at line 1, and the cursor is now at "Ln 1 Col 2"! The editor is working. The character "a" is visible at the beginning of line 1. 

Now I need to change this block to a Markdown block. In Heynote, I need to understand how to change the current block type. Let me delete this "a" character first, and then figure out how to create a Markdown block.

Actually, looking at the Heynote interface, I notice there's no visible block separator at the top. In the Heynote source code, the block separators like `∞∞∞text\n` are stored in the file but displayed differently.

Let me now understand the Heynote interface better. The current block appears to be a text block. I need to:
1. Change this block to Markdown type, OR
2. Add a new block below and set it to Markdown

In Heynote, I can use `Ctrl+Enter` to create a new block (this is the Mac keyboard shortcut). But actually for Mac, the correct shortcut is `Ctrl+Enter` (not `Cmd+Enter`).

Wait, looking at the screenshot - I can see "a" appeared in line 1. Now let me:
1. First delete this 'a'
2. Then change the block to Markdown

Let me delete the 'a' first:
[step 16] Action: scroll up (640, 300) scroll_amount 3
[step 16] Reasoning: The 'a' has been deleted. Now I'm back to an empty block at line 1. 

Now I need to figure out how to change the block type to Markdown in Heynote. In Heynote, the block separator is shown as a thin colored bar above each block. Since this is the first block and it's at the very top, the separator might be hidden or above the current view.

Let me try to use the keyboard shortcut to change the block language. In Heynote, you can change the block language by using `Ctrl+L` (or by clicking on the language indicator in the block header). Let me try scrolling up to see if there's a block header:

Actually, looking at the Heynote web app (running in browser), the block separator/header might be visible at the very top of the content area. Let me scroll up to see:
[step 17] Action: mouse_move (640, 75)
[step 17] Reasoning: The editor still shows line 1 at the top. There doesn't seem to be any visible block header above it. In Heynote, the block separator might be rendered invisibly or as part of the content itself.

Looking at the Heynote architecture, this is a web-based version that runs at localhost:5173. The blocks in Heynote are separated by special unicode characters. The block header shows the language and other settings.

Let me try a different approach - let me look at the block header by hovering over the very top of the content area (around y=76, which is just above the line 1 area). The block header in Heynote is typically a thin colored bar:

Wait - looking more carefully at the screenshot, I notice the editor starts at around y=75 (where line "1" appears). But the actual block separator might be rendered just above or at y=75. Let me hover over the top area of the editor to see if there's a hidden block header:
[step 18] Action: mouse_move (640, 79)
[step 18] Reasoning: I don't see any block header visible when hovering at y=75. The block header in Heynote might be a very thin element. Let me look at the Heynote interface more carefully. 

In the Heynote app, the block separator is typically rendered as a thin bar (maybe 3-5 pixels high) above each block. With a fresh editor, there should be one block and it would have a separator at the top. The separator bar is usually displayed at the very top of the content area.

Let me try to zoom in on the very top of the editor area to see if there's a block separator:

Actually, I realize I need to look at the top of the editor content area more carefully. Let me try hovering at different y positions near the very top of the editor content area (just below the URL bar):
[step 19] Action: left_click (640, 77)
[step 19] Reasoning: The Heynote interface appears to be showing just the editor with line 1. I notice that in Heynote's web version, the block separator might be hidden or not shown when there's only one block, or it might be at the very top of the content area above line 1.

The line "1" appears at approximately y=85. Let me try clicking/hovering at y=77 (just above line 1) to see if there's a block separator there:

Actually, wait. I think I need to reconsider. In the Heynote web app (localhost:5173), the interface might be a bit different from the Electron desktop app. Let me try to understand the current state better.

The editor is showing:
- Line 1 (empty, with cursor at Col 1)
- Status bar at bottom: "Ln 1 Col 1"

This suggests the current block is empty and is in some language mode (probably text). 

To create a Markdown block, I should:
1. Use `Ctrl+Enter` to add a new block below the current one
2. Then change the block type to Markdown

But first, let me try the keyboard shortcut to open the language selector. In Heynote, the shortcut to change block language might be triggered by pressing `Ctrl+L` or similar. Let me try:

Actually, in Heynote, the block separator/header has a small "language" button that you can click to change the language. Looking at the Heynote source code, the block header is rendered using a custom widget in CodeMirror. 

Let me try a completely different approach. Let me try clicking on the very top-most part of the editor (where a block separator widget would be rendered by CodeMirror):
[step 20] Action: left_click (640, 85)
[step 20] Reasoning: The editor still looks the same. There's no block separator visible. I think the issue is that the block separator in the current Heynote version might only be visible when there are multiple blocks, or it might be extremely thin.

Let me try a different approach - let me first create a new block using `Ctrl+Enter`, which should create a new block below the current empty one. Then I can see if the block separator becomes visible:

Actually, in Heynote, to add a new block, you need to press `Ctrl+Enter` (on Mac, it might be `Ctrl+Enter` or `Cmd+Enter`). But wait, I recall that in Heynote, `Ctrl+Enter` is the shortcut to add a new block. But this might not work in the browser version the same way.

Let me try `Ctrl+Enter`:
[step 21] Action: key: ctrl+Return
[step 21] Reasoning: Good, I can see the cursor blink at line 1, col 1. Let me now try `Ctrl+Enter` to create a new block:
[step 22] Action: left_click (640, 85)
[step 22] Reasoning: The `Ctrl+Enter` shortcut doesn't seem to be creating a new block. The editor still shows just line 1. 

Wait! I just realized something - the block separator in Heynote might be a tiny element just above the line 1 area. The editor content area starts at y=75, and line "1" appears at around y=85. This means there might be a block separator widget between y=75 and y=85 (approximately 10 pixels high).

Let me zoom in using Chrome's zoom feature to see the editor better. Let me press `Ctrl++` to zoom in:

Actually, rather than zooming in, let me try a completely different approach. Let me try using `Cmd+Enter` instead of `Ctrl+Enter` since this is a Mac:
[step 23] Action: key: super+Return
[step 23] Reasoning: Now I can see the cursor appears to be in the editor area. The status bar still shows "Ln 1 Col 1". Let me now try `Cmd+Enter` (which is the Mac keyboard shortcut for Heynote's "add new block"):
[step 24] Action: mouse_move (640, 93)
[step 24] Reasoning: Excellent! Something happened! I can see:
1. The background color of the main editor area changed to a light green/mint color
2. There's now a second line with a cursor at line 1 
3. It looks like a new block was created!

Wait, looking more carefully:
- Line numbers on the left show "1" twice - one at the very top (y≈84) and one below (y≈106)
- The background color has changed
- The first line "1" appears to be in a different block (the separator block?)
- The second "1" with the cursor appears to be in a new block

This looks like `Cmd+Enter` created a new block! Now I need to check what language the new block is in. The background color change might indicate a different block type.

But actually, looking more carefully, I see:
- The top area shows a line "1" at approximately y=84 (this seems to be a block separator/header)
- The main content area (green tinted) shows "1" at y=106 with the cursor

Wait - looking at the screenshot again, I can see that the editor background has changed from white to a light green color. This might indicate that a new block was created. Let me hover over the area around y=93 (between the two line 1's) to see if that's a block separator:
[step 25] Action: mouse_move (200, 93)
[step 25] Reasoning: Now I can see the editor more clearly. There are TWO lines numbered "1":
- The first "1" at approximately y=84 (this appears to be in the first block)
- The second "1" at approximately y=106 (this appears to be in the second block that was just created)

The background of the entire editor area appears to be a light mint/green color, which is the background for the new block. There's a thin horizontal line/separator between the two "1"s.

This means `Cmd+Enter` worked to create a new block! Now I need to:
1. Change this new block's type to Markdown
2. But first, I should see what the current block type is

Looking at the block separator, there should be a language indicator somewhere. Let me hover over the area between the two line "1"s (around y=93) to see the block separator:
[step 26] Action: left_click (100, 93)
[step 26] Reasoning: I can see there's a very thin line separator between the two blocks. The first "1" is at ~y=84 and the second "1" is at ~y=106. There seems to be a very thin separator at around y=93-95. 

I notice that the new block appears to be in a light mint/green background. This might indicate it's already a Markdown or text-a block. I need to hover over the separator more carefully to see the block type.

Actually, thinking about this differently - in the Heynote interface, the block separator bar is where the language/type information is displayed. Let me try clicking right on the separator line (around y=93) to see if that opens a language selector:
[step 27] Action: key: ctrl+equal
[step 27] Reasoning: I see there are now TWO blocks:
- Block 1: First line "1" at y≈84 (cursor is showing as "|" there)
- Block 2: Second "1" at y≈106 (the second block with green background)

When I clicked at y=93, the cursor moved to the first block (shown by "Ln 1 Col 1" in status bar). This means I clicked in the first block's content area.

Let me now zoom in on the browser to better see the block headers. Let me try `Ctrl+` to zoom in:

Actually, let me first understand the structure better. Looking at the Heynote interface:
- The first block seems to have its content line "1" at y≈84
- The separator between blocks 1 and 2 is at approximately y≈94-98
- The second block has its content line "1" at y≈107

The block header/separator should show the language type. In Heynote, the separator is a thin horizontal element.

Let me try zooming the browser page to see the separators more clearly. I'll press `Ctrl+=` to zoom in:

Actually, let me try a different approach - let me use the browser's zoom feature. I'll press `Cmd+=` (Mac zoom in):
[step 28] Action: key: ctrl+plus
[step 29] Action: key: ctrl+0
[step 30] Action: left_click (640, 107)
[step 30] Reasoning: Good, I can see the two blocks still. The editor has two line "1"s visible, indicating two blocks. Now let me try to undo this second block creation first (to start fresh), and then try a different approach to create a Markdown block specifically.

Actually, let me think about this differently. Looking at the current state:
- There are 2 blocks now
- The second block (with green/mint background at y≈107) appears to be the newly created block
- I need to change one of the blocks to Markdown type

In Heynote, when you hover over the block separator, there should be a language/type indicator. The separator bar between blocks is at approximately y≈94-98. Let me try clicking right on the separator line to see what happens - there might be a language picker there:

Let me undo what I did and start fresh. I'll use `Ctrl+Z`:
[step 31] Action: left_click (100, 96)
[step 31] Reasoning: Now I can see the cursor is in the second block (at y≈107 with cursor visible). The status bar shows "Ln 1 Col 1". The second block has a green/mint background.

I'm now in the second block. I can see there are 2 blocks now. I need to change this current block (second block) to Markdown type.

In Heynote, the block type can be changed by clicking on the language indicator in the block separator. The block separator between block 1 and block 2 is at approximately y≈94-100. Let me try hovering over the separator line to reveal the language type and the change button:

Let me look more carefully. In Heynote, the block separator is usually a thin colored bar with text showing the language on the left side. It might be very small. Let me try zooming into the browser to see the separator better.

Let me try using Chrome's built-in zoom. I'll right-click on an empty area outside the editor:

Actually, let me try a completely different approach. Let me use the keyboard shortcut to change the current block's language. In Heynote, clicking on the block separator should open a language selector. But I need to find the block separator first.

Let me look at the current area between the two blocks more carefully. The area between y=84 (first block's line 1) and y=107 (second block's line 1) is approximately 23 pixels. Part of this space is the separator.

Let me try clicking at various y positions to find the block separator:
[step 32] Action: left_click (640, 107)
[step 32] Reasoning: I can see the cursor moved to line 1 in the first block (at y≈84, "Ln 1 Col 1"). This means clicking at y=96 puts me in the first block, not the separator. The block separator must be very thin (a few pixels) between y≈96 and y≈107.

Wait - looking again, I see:
- Line "1" at y≈84: This is block 1 content (white background)
- The block separator appears to be the thin line at around y≈95-100
- Line "1" at y≈107: This is block 2 content (green background)

But when I click at y=96, the cursor goes to block 1 (first line "1"). This is confusing.

Actually, wait! Looking at the screenshot more carefully, I think:
- y≈84: This is block 1's FIRST separator (which is at the very top of the page, but might not be visible here)
- The second "1" visible: Actually there's only ONE "1" visible at y≈84, and the cursor is there

The green background area starts below y≈85 and the second line "1" is at y≈107. The block separator between block 1 and block 2 must be at y≈94-98.

Let me try clicking in the green area (below y=100 but where I can click in the second block):
[step 33] Action: mouse_move (640, 97)
[step 33] Reasoning: Good - I can see the cursor is now at line 1 in the second block (y≈107). The status bar shows "Ln 1 Col 1". The green background of the second block is visible.

Now, I need to find the block separator/header element between the two blocks. In Heynote's interface, the separator should show the block type. Let me try hovering over the very thin area between y=84 (end of block 1) and y=107 (start of block 2):

Actually, looking at the latest screenshot more carefully:
- There's "1" at y≈84 (leftmost, this is the ONLY visible line number in block 1 - the block 1 is empty and has 1 line)  
- There's "1" at y≈107 (block 2's first line, cursor is here)
- The separator is at y≈95-100 approximately

The block separator should be visible between these positions. The thin gap between y=84 and y=107 includes both the end of block 1's content area and the separator element.

Let me try a completely different approach. Let me use `Ctrl+Z` to undo the second block creation, and then use the keyboard shortcut specifically to add a Markdown block. Or, let me try to find out how to change the block type.

In Heynote, the way to change a block type is by clicking on the "language" indicator in the block separator. The block separator is rendered as a CodeMirror widget. Let me hover at different positions to find it:
[step 34] Action: key: ctrl+z
[step 34] Reasoning: I can now see the cursor is blinking in the second block (at y≈107). The separation between blocks appears to be at around y=95-100.

Looking at the Heynote interface, I think the block separator is very thin and hard to see. The green background area for block 2 starts at approximately y=97 and the content (line 1) is at y=107.

Let me try a totally different approach. Let me undo the second block, change the first block to Markdown using the language selector, then proceed. Let me undo with Ctrl+Z:
[step 35] Action: key: ctrl+z
[step 35] Reasoning: The undo didn't seem to remove the second block (I can still see two "1" line numbers). The background is still green. Let me try undoing more:
[step 36] Action: left_click (383, 9)
[step 36] Reasoning: Still the same. The second block is still there. Ctrl+Z doesn't seem to be undoing the block creation. This is interesting.

OK, let me accept the current state (2 blocks: one empty text block, and one empty block with green background). Now I need to change the second block to Markdown type.

The key question is: How do I change the block type in this version of Heynote? 

Looking at the Heynote source code in my knowledge, the block separator has:
- A language selector button that shows the current language
- A delete block button
- A collapse/expand button

But in the web version, the block separator might behave differently. Let me try clicking on the area between y=95-100 (where the block separator of the SECOND block should be):

Wait, I need to reconsider. In Heynote:
- The separator element appears BEFORE each block's content
- So the second block's separator would be at the TOP of the second block
- The separator for the first block would be at y≈75-78 (before block 1's content area)
- The separator for the second block would be at y≈95-100 (before block 2's content area)

Let me click at the very top of the editor content area (y≈77) to see if the first block's separator is there, and y≈96 for the second block's separator:

Actually wait - I need to rethink. The Heynote app puts a separator ABOVE each block. So:
- First block separator: at y≈75-82 (just below the URL bar, above the first "1")
- First block content: starts at y≈84 (line "1")
- Second block separator: at y≈95-100 (between the two "1"s)
- Second block content: starts at y≈107 (second "1")

When I click at y=84, I click in the first block's content (this is confirmed).
When I click at y=107, I click in the second block's content (this is confirmed).
When I click at y=96, it places the cursor in the first block... This is strange.

Unless the separator is NOT at y=95-100 but actually is BEFORE y=84 (at y=75-82). Let me look more carefully.

Actually - I think I may have been misinterpreting the screenshot. Let me look again:

Looking at the screenshots carefully, I see:
- Line number "1" at y≈84: This is actually the FIRST LINE of the SECOND block (block 2 starts from line 1 in its own local numbering)
- Wait no... There's also "1" at y≈107

This is confusing. Let me zoom into the browser to see more clearly. Let me use Chrome's built-in zoom feature via the menu:
[step 37] Action: key: Escape
[step 37] Reasoning: I accidentally clicked on the "帮助" (Help) menu in the Mac menu bar. I can see a dropdown with "报告问题..." and "Google Chrome 帮助". Let me close this and try the Chrome menu approach via the three-dot menu on the right side of the browser:
[step 38] Action: left_click (640, 107)
[step 38] Reasoning: OK, I can still see two blocks (two "1" line numbers). Looking at the editor, I notice the screen resolution is 1280x720 and the two blocks appear to be at:
- Block 1: line "1" at approximately y=84
- Block 2: line "1" at approximately y=107

The block separator for block 2 is at approximately y=95-100 (a very thin element).

Let me try a different approach - let me zoom the browser to 200% to see the separator more clearly. I'll use the Chrome menu. Let me click the three-dot menu:

Actually, let me try a much simpler approach. Let me think about what I know:

1. I have the Heynote web app running at localhost:5173
2. I have created 2 empty blocks using `Cmd+Enter`
3. I need to change one block to Markdown type

The way to change the block type in Heynote is by clicking the language selector in the block separator. But the separator seems to be very thin. Let me try a completely different approach:

**Let me look at the Heynote source code approach**: Heynote stores content in a format like `∞∞∞text-a\n` for a text block. The language/type is specified in the separator.

**Alternative**: Let me try the keyboard shortcut for changing block language. In Heynote, there might be a keyboard shortcut like `Ctrl+L` or similar to change the block language.

Let me first click in the second block (y≈107) to focus it, then try different keyboard shortcuts:
[step 39] Action: mouse_move (640, 95)
[step 39] Reasoning: Now the cursor is in the second block (line 1, col 1). The status bar says "Ln 1 Col 1". Good.

Wait - I notice something very important! Looking at the screenshot more carefully, I now see:
- Line "1" at y≈84: This is the first block (white background, no background color shown)
- Line "1" at y≈107: This is the second block (has a cursor, status bar shows "Ln 1 Col 1")

But the green background covers MOST of the screen! This means block 2 is the entire green area from y≈97 to the bottom of the screen.

Wait, if the first block starts at y≈75 and its content is at y=84, and the second block separator is at y≈95-97, then the second block content starts at y=107. That's all making sense.

But WHY is the second block showing "1" at y=107 while I can also see "1" at y=84 from the first block? The status bar shows "Ln 1 Col 1" when I click in either location, which makes sense because both blocks start at line 1.

OK, so the current state is:
- Block 1 (top, white background): Empty, cursor at line 1
- Block 2 (green background): Empty, cursor at line 1

The block separator between them is at approximately y=95-100.

Now I need to understand the block separator UI. The block separator in Heynote shows:
1. A colored line/bar
2. Language/type text (e.g., "text", "markdown", "javascript", etc.)
3. A small settings/type button

Since the separator appears to be very thin, maybe it's hidden until hovered. Let me hover over the area at y=95:
[step 40] Action: left_click (640, 400)
[step 40] Reasoning: I can see the cursor is at "Ln 1 Col 1" in the second block. The mouse is hovering at y=95 area. I notice:
- The "1" at y=84 is from block 1
- The "1" at y=107 is from block 2 (where the cursor blink is)
- The green background covers from y≈97 downward

The separator between blocks should be at y≈95-97. But it's very thin or invisible. I'm having trouble finding the separator UI.

Wait, let me reconsider the entire situation. Maybe the separator is the HORIZONTAL LINE visible between the two "1"s. Looking carefully at the screenshots, I can see there IS a thin horizontal line between y=84 and y=107. This thin line IS the block separator, and it might have interactive elements like:
- Language type text on the left side
- Action buttons on the right side

But it's so thin that I can't see any text or buttons. Let me try zooming into the browser page using Chrome's zoom feature:

Let me use the Chrome keyboard shortcut to zoom in. On Mac, it's `Cmd+=`:
[step 41] Action: left_click (155, 9)
[step 41] Reasoning: Good, I can see the cursor is in the editor (the blinking cursor is visible at line 1). The two line "1"s are still visible. Now the cursor appears to be at block 2 (y≈107, with the cursor blink visible, and status bar "Ln 1 Col 1").

Let me try a completely different approach. Let me zoom in to 200% to see the block separators better. I'll use the Chrome menu bar approach:

==================================================
Task: 当前Chrome浏览器已打开Heynote网站，地址是http://localhost:5173。创建一个 Markdown 块，在内容末尾添加多个空行，然后触发折叠（collapse）该 Markdown 块，观察折叠后的显示效果。 请始终在浏览器内操作，禁止打开Terminal、Finder或其他应用程序。如果找不到目标功能，标记result为unclear。
Status: STOPPED_BY_USER
Total steps: 41
Last action: left_click (155, 9)
Last reasoning: Good, I can see the cursor is in the editor (the blinking cursor is visible at line 1). The two line "1"s are still visible. Now the cursor appears to be at block 2 (y≈107, with the cursor blink visible, and status bar "Ln 1 Col 1").

Let me try a completely different approach. Let me zoom in to 200% to see the block separators better. I'll use the Chrome menu bar approach:

==================================================

UI window closed
