Session created: sess-20260427213101-9c45ca235e874737a542fbc04b98e488
UI panel initialized successfully
UI window displayed
Expected result: AnimatedCircularProgressBar应正确渲染环形进度条，WorldMap应渲染点阵世界地图无DottedMap错误，ParticleImage应成功加载并显示粒子化图像效果。
[step 0] Action: Initializing
[step 0] Reasoning: Initializing session connection
[step 0] Action: screenshot
[step 1] Action: left_click (640, 400)
[step 1] Reasoning: The page seems to be loading. Let me navigate to localhost:3000 and also dismiss the notifications.
[step 2] Action: key: Escape
[step 2] Reasoning: A context menu appeared. Let me press Escape and navigate to localhost:3000.
[step 3] Action: Open url: http://localhost:3000
[step 3] Reasoning: The page appears blank. I can see the tab says "Discord Data Package Expl..." but the URL shows localhost:3000. The page content isn't visible. Let me navigate directly to localhost:3000.
[step 4] Action: screenshot
[step 4] Reasoning: A new tab opened but it's still loading and appears blank. The page title says "Discord Data Package Explor..." which seems odd for an Inspira UI docs site. Let me wait for it to load.
[step 5] Action: left_click (640, 61)
[step 5] Reasoning: The page is still blank. The tab title shows "Discord Data Package Explor..." which is confusing. Let me click on the address bar and navigate directly to localhost:3000.
[step 6] Action: key: Return
[step 7] Action: wait
[step 7] Reasoning: The page is still blank. The website seems to be loading but not showing content. Let me wait a moment and take another screenshot.
[step 8] Action: Minimize panel
[step 8] Reasoning: The page at localhost:3000 appears to be completely blank/white. The task status widget might be covering content. Let me minimize the panel and also try to directly navigate to specific component pages. First, let me minimize the panel.
[step 9] Action: Open url: http://localhost:3000/components/animated-circular-progress-bar
[step 9] Reasoning: The page content is still blank. There seems to be a problem with the page rendering. The tab shows "Discord Data Package Explor..." instead of "Inspira UI". However, the URL shows localhost:3000. This might be the Inspira UI docs that are loading slowly or have a rendering issue. Let me try navigating directly to specific component URLs that Inspira UI docs typically uses.

Let me try navigating directly to the AnimatedCircularProgressBar page first:
[step 10] Action: left_click (1152, 443)
[step 10] Reasoning: Now I can see the site is actually a dark-themed site with a navigation bar at the top. It shows "404 Page not found" for the animated-circular-progress-bar URL. The site has a search icon and some kind of logo at the top. Let me click "Back to home" to see the homepage and understand the site structure.
[step 11] Action: wait
[step 11] Reasoning: I can see "Back to home" redirected to `/en/components/animated-circular-progress-bar` which also doesn't exist. But I can see the site structure - it uses `/en/` prefix. Let me wait for this to load, then navigate to the home page with `/en/` prefix.
[step 12] Action: Open url: http://localhost:3000/en
[step 12] Reasoning: The page still shows 404. The site seems to use `/en/` prefix for routing. Let me navigate to the home page first to understand the structure:
[step 13] Action: Open url: http://localhost:3000/en/components/animated-circular-progress-bar
[step 13] Reasoning: Now I can see the Inspira UI home page. It says "Build beautiful websites with Vue & Nuxt" and mentions it uses TailwindCSS, motion-v, GSAP & threejs. The page is showing correctly now. I can see the tab title is "Inspira UI - Inspira UI". 

The site has a dark theme. I can see the navigation bar at the top. The content area shows the homepage with "Components" and "Get Premium" buttons. However, the page content seems to be cut off - the text appears to be right-aligned which is visually unusual.

Let me now navigate to the AnimatedCircularProgressBar component. Let me use the search or navigate to the components section:
[step 14] Action: Open url: http://localhost:3000/en
[step 14] Reasoning: The page for `animated-circular-progress-bar` shows a 404 error. The URL structure `/en/components/animated-circular-progress-bar` doesn't exist. Let me go back to the home page and navigate through the UI to find the correct component URLs. Let me click the "Components" button on the home page.
[step 15] Action: left_click (1104, 517)
[step 15] Reasoning: I can see the home page now. I notice a visual issue - the content appears to be right-aligned and cut off on the left side. The navigation bar also seems incomplete. Let me click on the "Components" button to navigate to the components section:
[step 16] Action: left_click (1027, 99)
[step 16] Reasoning: Excellent! Now I can see the "All Components" page at `localhost:3000/en/components`. I can see:
- There's a navigation with "Getting Started", "Components", "Changelogs" tabs
- Filter buttons: "all", "new", "updated", "background", "button", "card", "cursor", "device mockup", "forms & inp...", "visualization"
- Components listed: "3D Card Effect", "3D Carousel"

I notice a visual anomaly - the left side navigation/sidebar seems to be missing or collapsed. The content appears to be centered/right-aligned. Also there's a "visualization" filter on a second line which seems odd layout-wise.

Let me scroll down to find the AnimatedCircularProgressBar component, or I can search for it. Let me use the search function:
[step 17] Action: type: circular
[step 17] Reasoning: A search dialog appeared. I can see it has a search input and lists various components. Let me type "circular" to search for the AnimatedCircularProgressBar:
[step 18] Action: left_click (1090, 286)
[step 18] Reasoning: The search results show:
1. "Miscellaneous > Animated Circular Progress Bar" - This is the component we're looking for!
2. "Visualization > Bending Gallery..." - circular gallery
3. "Visualization > Orbit..." - circular orbit
4. "Text Animations > Spinning Text..." - circular

Let me click on the "Animated Circular Progress Bar" result:
[step 19] Action: wait
[step 19] Reasoning: Excellent! The page is loading for the "Animated Circular Progress Bar" component. I can see:
- Left sidebar with navigation (Device Mocks, Input And Forms, Miscellaneous sections)
- "Animated Circular Progres..." is highlighted in the left nav
- The main content shows "Animated Circular Progress Bar" with tags: css, tailwind, input, magic-ui
- There are tabs: Preview, Code, Installation, Credits
- An API table showing props like class, max, min, value, gaugePrimaryColor, gaugeSecondaryColor

The page is still loading. Let me wait for it to complete and then check the Preview tab to see the actual rendering:
[step 20] Action: scroll up (1080, 400) scroll_amount 5
[step 20] Reasoning: The page has loaded. I can see the "Animated Circular Progress Bar" page with:
- Left sidebar navigation showing various components
- Main content area showing the component description and API table
- The "Preview" tab is selected but I don't see the actual preview yet - it seems the preview area is not visible in the current view

I notice the preview area should be between the tabs and the API table, but it's not visible. This might be because the preview component is not rendered in the visible area or there's an issue. Let me scroll up to see if there's a preview area above the API table:

Actually, looking at the page again, I can see the tabs (Preview, Code, Installation, Credits) and then directly below is the "API" section. The preview area should appear between these sections. It might be empty or the circular progress bar might be rendered just above the API section but not visible due to the screenshot cutoff.

Let me scroll up to see the full page from the top:
[step 21] Action: left_click (919, 344)
[step 21] Reasoning: I can see the page has the component description and tabs visible. The "Preview" tab is selected but there's NO preview area visible between the tabs and the API section. This is a significant visual anomaly - the preview component is missing or not rendering!

Let me click on the "Preview" tab to make sure it's properly clicked and see if there's any content:
[step 22] Action: left_click (1027, 99)
[step 22] Reasoning: I can clearly see a **critical visual bug**: The "Preview" tab is selected (it's active), but there is NO preview area visible between the tabs section and the "API" section. The preview component (animated circular progress bar) is **not rendering**. The area between the tabs and the API section appears to be completely empty - no preview box, no progress bar animation, nothing.

This is a clear rendering bug - the AnimatedCircularProgressBar preview is missing from the Preview tab.

Now let me look for the WorldMap component. Let me use the search:
[step 23] Action: type: world map
[step 23] Reasoning: The search dialog is open. Let me type "world map" to search for the WorldMap component:
[step 24] Action: left_click (1090, 286)
[step 24] Reasoning: I can see the search result shows "Visualization > World Map" - a component that "Displays a customizable world map w... with animated arcs". Let me click on it:
[step 25] Action: scroll up (1080, 400) scroll_amount 5
[step 25] Reasoning: I can see the World Map component page at `localhost:3000/en/components/visualization/world-map`. The page shows:
- "Visualization" category
- "World Map" title
- Description: "Displays a customizable world map with animated arcs and pulse effe..."
- Tags: css, tailwind, acetemity-ui
- There are navigation arrows and links for "Edit this page", "Report an issue"
- Previous page navigation showing "Spline" component

I notice the page seems to be missing the Preview/Code/Installation/Credits tabs that were present on the Animated Circular Progress Bar page. Also, I don't see a preview of the world map itself. Let me scroll up to check if there are tabs and preview:
[step 26] Action: left_click (1027, 99)
[step 26] Reasoning: Now I can see the World Map page more clearly. I can see:
- Left sidebar with many components, scrolled down to show "Visualization" section with: Bending Gallery, 3D Carousel, File Tree, Github Globe, Globe, Icon Cloud, Infinite Grid, Light Speed, Liquid Glass Effect, Liquid Logo, Animated Logo Cloud, Logo Origami, Orbit, Spline...
- Main content area showing "World Map" with tabs: Preview, Code, Installation, Credits
- **The Preview tab is selected but there's NO preview component visible** - same issue as the Animated Circular Progress Bar!
- The API section shows props like dots, class, lineColor, mapColor

Again, the preview area between the tabs and the API section is completely empty. This is the same bug as before - the WorldMap component is **not rendering** in the preview area.

Now let me search for the ParticleImage component:
[step 27] Action: type: particle image
[step 28] Action: left_click (1090, 286)
[step 28] Reasoning: I can see the search result shows "Special Effects > Particle Image - Visually appealing particle animation applied to i...". Let me click on it:
[step 29] Action: scroll up (1080, 400) scroll_amount 3
[step 29] Reasoning: I can now see the Particle Image component page at `localhost:3000/en/components/special-effects/particle-image`. The page shows:
- "Special Effects" category
- "Particle Image" title
- Description: "Visually appealing particle animation applied to images as seen on Nu..."
- Tags: css, tailwind, canvas, particles
- Tabs: Preview (selected), Code, Installation, Credits
- **Again, the preview area between the tabs and the API section appears to be completely empty!**

The Preview tab shows a very narrow gray/dark bar (around y=395) but there's no actual particle image preview visible. This is the same bug as the other two components - the preview is not rendering.

Let me scroll up to see if there's any content above the current view, or if the preview area is just really small:
[step 30] Action: screenshot
[step 30] Reasoning: The page looks the same - the Particle Image component page with Preview tab active, but there's clearly **no preview content** between the tabs and the API section. There's only a very thin gray/dark horizontal line at approximately y=395, which could be an empty preview container border.

All three components show the same critical bug: **The preview area is completely empty/missing** - no actual component renders in the Preview tab.

Let me go back and revisit each component page to capture a clearer screenshot and make more detailed observations. Let me first revisit the AnimatedCircularProgressBar:

Let me check if there's any content in the thin preview area for the Particle Image by zooming in on that area. The area between the "Preview" tab and the "API" section (y=360 to y=450) seems to have only an empty box outline. Let me look more closely by clicking on the preview area to see if there's anything interactive:

Actually, looking at the three pages:
1. **Animated Circular Progress Bar** - Preview tab active, preview area is EMPTY (no circular progress bar rendered)
2. **World Map** - Preview tab active, preview area is EMPTY (no world map rendered)  
3. **Particle Image** - Preview tab active, preview area is EMPTY (no particle image rendered)

All three components fail to render their preview. This is clearly a systematic rendering bug in the application.

Let me take a final screenshot to confirm the current state of the Particle Image page:
[step 31] Action: DONE
[step 31] Reasoning: The Particle Image page confirms the bug. The preview area between the "Preview" tab button section and the "API" section is completely empty - there is only a very thin, almost invisible line/border around ~y=393, indicating an empty preview container with no content rendered inside it.

Here is my comprehensive observation report:

---

## 测试报告

### 1. AnimatedCircularProgressBar 组件演示页面
**URL**: `http://localhost:3000/en/components/miscellaneous/animated-circular-progressbar`

**状态**: ❌ **预览未正常渲染**

**观察**:
- 页面成功加载，组件描述、标签（css, tailwind, input, magic-ui）、API 表格均正常显示
- "Preview" 标签页被激活，但 **预览区域完全为空**，没有任何环形进度条渲染出来
- 预览容器区域（标签栏和 API 表格之间）几乎不存在或高度为零，完全没有显示任何进度条组件
- **BUG**: AnimatedCircularProgressBar 组件的预览无法正常渲染，预览区域为空

---

### 2. WorldMap 组件演示页面
**URL**: `http://localhost:3000/en/components/visualization/world-map`

**状态**: ❌ **预览未正常渲染**

**观察**:
- 页面成功加载，组件描述、标签（css, tailwind, acetemity-ui）、API 表格均正常显示
- "Preview" 标签页被激活，但 **预览区域完全为空**，没有任何世界地图渲染出来
- 预览容器区域（标签栏和 API 表格之间）仅有一条极细的边框线，内部无内容
- **BUG**: WorldMap 组件的预览无法正常渲染，世界地图没有显示

---

### 3. ParticleImage 组件演示页面
**URL**: `http://localhost:3000/en/components/special-effects/particle-image`

**状态**: ❌ **预览未正常渲染**

**观察**:
- 页面成功加载，组件描述、标签（css, tailwind, canvas, particles）、API 表格均正常显示
- "Preview" 标签页被激活，但 **预览区域完全为空**，没有任何粒子图片效果显示
- 预览容器区域（标签栏和 API 表格之间）仅有一条极细的边框线，内部无内容
- **BUG**: ParticleImage 组件的预览无法正常渲染，粒子图片效果没有显示

---

### 总结
三个组件的演示页面均存在**相同的系统性 Bug**：Preview 标签页虽然可以切换，但预览容器区域完全为空，没有任何组件实际渲染出来。这可能是由于：
1. 组件代码加载失败（JavaScript 错误）
2. 预览容器高度为 0 或 overflow:hidden 设置问题
3. 依赖库未正确加载（如 canvas、threejs、motion-v 等）

所有三个组件的预览均 **未正常渲染（FAIL）**。
Evaluating task result...

==================================================
Task: 当前Chrome浏览器已打开Inspira UI文档站点，地址是http://localhost:3000。1. 访问AnimatedCircularProgressBar组件演示页面，观察环形进度条是否正常渲染。2. 访问WorldMap组件演示页面，观察世界地图是否正常渲染。3. 访问ParticleImage组件演示页面，观察粒子图片效果是否正常显示。 请始终在浏览器内操作，禁止打开Terminal、Finder或其他应用程序。如果找不到目标功能，标记result为unclear。
Status: COMPLETED
Total steps: 31
Last action: DONE
Last reasoning: The Particle Image page confirms the bug. The preview area between the "Preview" tab button section and the "API" section is completely empty - there is only a very thin, almost invisible line/border around ~y=393, indicating an empty preview container with no content rendered inside it.

Here is my comprehensive observation report:

---

## 测试报告

### 1. AnimatedCircularProgressBar 组件演示页面
**URL**: `http://localhost:3000/en/components/miscellaneous/animated-circular-progressbar`

**状态**: ❌ **预览未正常渲染**

**观察**:
- 页面成功加载，组件描述、标签（css, tailwind, input, magic-ui）、API 表格均正常显示
- "Preview" 标签页被激活，但 **预览区域完全为空**，没有任何环形进度条渲染出来
- 预览容器区域（标签栏和 API 表格之间）几乎不存在或高度为零，完全没有显示任何进度条组件
- **BUG**: AnimatedCircularProgressBar 组件的预览无法正常渲染，预览区域为空

---

### 2. WorldMap 组件演示页面
**URL**: `http://localhost:3000/en/components/visualization/world-map`

**状态**: ❌ **预览未正常渲染**

**观察**:
- 页面成功加载，组件描述、标签（css, tailwind, acetemity-ui）、API 表格均正常显示
- "Preview" 标签页被激活，但 **预览区域完全为空**，没有任何世界地图渲染出来
- 预览容器区域（标签栏和 API 表格之间）仅有一条极细的边框线，内部无内容
- **BUG**: WorldMap 组件的预览无法正常渲染，世界地图没有显示

---

### 3. ParticleImage 组件演示页面
**URL**: `http://localhost:3000/en/components/special-effects/particle-image`

**状态**: ❌ **预览未正常渲染**

**观察**:
- 页面成功加载，组件描述、标签（css, tailwind, canvas, particles）、API 表格均正常显示
- "Preview" 标签页被激活，但 **预览区域完全为空**，没有任何粒子图片效果显示
- 预览容器区域（标签栏和 API 表格之间）仅有一条极细的边框线，内部无内容
- **BUG**: ParticleImage 组件的预览无法正常渲染，粒子图片效果没有显示

---

### 总结
三个组件的演示页面均存在**相同的系统性 Bug**：Preview 标签页虽然可以切换，但预览容器区域完全为空，没有任何组件实际渲染出来。这可能是由于：
1. 组件代码加载失败（JavaScript 错误）
2. 预览容器高度为 0 或 overflow:hidden 设置问题
3. 依赖库未正确加载（如 canvas、threejs、motion-v 等）

所有三个组件的预览均 **未正常渲染（FAIL）**。

==================================================

UI window closed
