Session created: sess-20260417150542-346de271d7b7457fbe0b2520051b5e4a
UI panel initialized successfully
UI window displayed
Expected result: 无论当前应用语言设置为何种语言（包括德语），侧边栏中的收藏工具都应正常显示，收藏功能在所有语言下均可正常使用，切换语言后收藏列表不会丢失或消失。
[step 0] Action: Initializing
[step 0] Reasoning: Initializing session connection
[step 0] Action: screenshot
[step 1] Action: left_click (511, 203)
[step 1] Reasoning: I can see the IT-Tools website is open. I can see tool cards with heart/favorite icons. Let me first click on the heart icon for "Token generator" to add it to favorites.
[step 2] Action: key: Escape
[step 2] Reasoning: I see a context menu appeared instead of clicking the heart icon. I accidentally right-clicked or the click triggered a context menu. Let me close this menu and try clicking more precisely on the heart icon for Token generator.
[step 3] Action: left_click (511, 202)
[step 3] Reasoning: I can see the heart icon is now highlighted (showing "Add to favorites" tooltip) for Token generator. The icon appears to be at the top-right of the Token generator card. Let me click the heart icon directly.
[step 4] Action: scroll down (75, 400) scroll_amount 10
[step 4] Reasoning: Excellent! Token generator has been successfully added to favorites! I can see:
1. The heart icon is now filled/green on the Token generator card
2. A "Your favorite tools" section appeared at the top with Token generator listed
3. In the sidebar, "Your favorite tools" section now shows "Token generator"

The tooltip shows "Remove from favorites" confirming it was added. Now I need to find the language settings to switch to German (Deutsch). Let me scroll down in the sidebar to find settings options, or look for a settings button.
[step 5] Action: scroll down (75, 400) scroll_amount 10
[step 5] Reasoning: I can see more tools in the sidebar. I need to scroll down further to find the settings/language options at the bottom of the sidebar.
[step 6] Action: scroll down (75, 400) scroll_amount 10
[step 6] Reasoning: I can see more tools in the sidebar but still haven't found settings/language options. Let me scroll down more to find them.
[step 7] Action: scroll down (75, 400) scroll_amount 10
[step 7] Reasoning: I can see more categories like "Images & Videos" and "Development". Let me continue scrolling down to find settings/language options at the bottom.
[step 8] Action: scroll down (75, 400) scroll_amount 10
[step 8] Reasoning: I can see more categories like "Network", "Math", and "Measurement". Still no language settings visible. Let me continue scrolling to find the bottom of the sidebar where settings/language options typically appear.
[step 9] Action: scroll down (75, 400) scroll_amount 10
[step 9] Reasoning: I can see "Measurement", "Text", and "Data" categories. Still scrolling to find language settings. Let me scroll down more.
[step 10] Action: scroll up (75, 400) scroll_amount 20
[step 10] Reasoning: I've reached the bottom of the sidebar. I can see "IT-Tools v2024.5.13-a0bc346" and "© 2026 Corentin Thomasset" but there are no language settings visible in the sidebar. 

The language settings might be in the top navigation area or accessible through the icons at the top of the sidebar. Let me look at the icons in the top-right area of the page. I noticed earlier there's a moon/sun icon and possibly other settings icons in the header area. Let me scroll back up to check the top of the page.
[step 11] Action: scroll up (640, 103) scroll_amount 20
[step 11] Reasoning: I'm scrolled back up but not to the top. Let me look at the top navigation bar more carefully. I see there are some icons in the top right area of the page. Let me take a screenshot to see the full header area. Let me check for language/settings options in the header/top bar area by looking at the icons there.
[step 12] Action: screenshot
[step 12] Reasoning: I can see the top navigation bar with some icons. I notice there are icons at the top: menu (≡), home icon, and what appears to be other icons. Let me look at the far right of the top navigation bar. I see icons at positions around (1190-1260) in the header area. Let me take a screenshot to see the header icons clearly, particularly the right side of the header.
[step 13] Action: Minimize panel
[step 13] Reasoning: I notice the top navigation bar seems to extend beyond what's visible. The task status panel might be covering the right side icons. Let me minimize the panel to see the full header, then look for language options.
[step 14] Action: mouse_move (220, 103)
[step 14] Reasoning: Good, now I can see the full page. I notice the top navigation bar has icons: menu (≡), home/heart icon, and another icon. The header is quite minimal. I don't see language settings in the top bar. 

Looking at the top header, I can see there are 3 icons visible: hamburger menu (≡), home icon, and what appears to be a filter/settings icon. Let me look at these icons more carefully. The icon that looks like a filter/settings might offer language options.

Also, I notice in the original screenshot there was a search area and some other icon I couldn't see completely. Let me look at the icons at coordinates around (169), (194), (220) in the top bar.

Let me check what icon is at position 220 (the third icon in the header):
[step 15] Action: screenshot
[step 15] Reasoning: I can see the third icon shows "UI Lib" tooltip - that's not a settings icon. Let me look at more of the top area. The header shows (≡), home icon, and "UI Lib" icon. The language settings might not be visible in the current view. Let me check if there are more icons to the right of the visible area. Let me also look for a settings icon or gear icon.

Let me look at what's to the right of the search bar in the header. The task status panel was covering the right side. Now that the panel is minimized, let me look at the right side of the header more carefully.
[step 16] Action: left_click (169, 103)
[step 16] Reasoning: I see the header with the tooltip "UI Lib" visible. The header seems to end after the search bar with nothing more on the right. The browser window is the full width. 

Looking at the top navigation, I see:
- ≡ (hamburger menu)
- Home/heart icon
- UI Lib icon (filter/settings looking icon)
- Search bar (stretches to the right)

There don't appear to be additional language settings in the top bar. The language settings might be available through clicking the hamburger menu or might need to be accessed through a settings page. Let me click on the hamburger menu to see if it has more options.
[step 17] Action: left_click (25, 103)
[step 17] Reasoning: The hamburger menu collapsed the sidebar, giving more space to view the main content. I can see the "Your favorite tools" section with Token generator still favorited. But the sidebar is now hidden, so I need to expand it again to look for language settings. The sidebar was accessible by clicking the hamburger menu. Let me click it again to expand the sidebar.
[step 18] Action: left_click (220, 103)
[step 18] Reasoning: Good, the sidebar is back. I can see the "Your favorite tools" section with Token generator. I can also see the "Favorites" section (heart icon) at the top of the sidebar. Now I need to find the language settings.

Let me look more carefully at the top part of the sidebar. I notice in the left panel there's the IT-TOOLS logo area at the top. The sidebar might have settings at the very bottom. Let me scroll down to the bottom of the sidebar to look for language/settings options. But I noticed earlier that the bottom just shows the version info.

Let me look for a settings button at the bottom of the sidebar by scrolling there. But wait, let me first check if there's a settings icon somewhere I haven't checked. I see a icon that looks like it could be a settings/filter that I saw as "UI Lib". Let me try clicking it to see what it does.
[step 19] Action: left_click (194, 103)
[step 19] Reasoning: That navigated to the "c-lib components" UI Lib page which shows UI components library. That's not what I'm looking for. Let me go back to the home page to look for language settings.
[step 20] Action: key: End
[step 20] Reasoning: I'm back at the home page. I can see the "Your favorite tools" section with Token generator still favorited. Now I need to find the language settings. The header has only 3 icons (hamburger menu, Home, and UI Lib). 

Looking at the sidebar, I can see it has tool categories but I need to scroll to the bottom of the sidebar to look for settings. I scrolled to the bottom of the sidebar earlier and saw the version info but no language settings.

Wait - I notice the sidebar doesn't have a separate settings section. The language toggle might be somewhere else. Let me check if there are any icons in the header that I might have missed on the right side. But looking at the header, after the search bar, the screen is empty on the right side.

Let me look more carefully. Perhaps there's a settings/gear icon or a language selector that's hidden or appears differently. Let me try scrolling the sidebar to its very bottom to see what's there.

Let me scroll the sidebar all the way to the bottom to look for settings/language options:
[step 21] Action: scroll down (640, 400) scroll_amount 10
[step 21] Reasoning: I can see we're now near the bottom of the main page with many tools. The sidebar is showing categories. Let me continue scrolling down to see if there are any more tools or settings at the bottom of the main page and sidebar.
[step 22] Action: scroll down (75, 400) scroll_amount 20
[step 22] Reasoning: I see we're at the same section. I can see more tools here. The page seems to be near the bottom already. Let me check the sidebar - I notice the sidebar still shows the same items. Let me scroll the SIDEBAR to the bottom to look for settings/language options.

Let me look at the sidebar carefully. I need to scroll the sidebar, not the main content. Let me try scrolling while hovering over the sidebar:
[step 23] Action: mouse_move (1200, 103)
[step 23] Reasoning: Now I can see the bottom of the sidebar. At the very bottom, I can see:
- "IT-Tools v2024.5.13-a0bc346"
- "© 2026 Corentin Thomasset"

But there are NO language settings visible in the sidebar! There's no settings icon, no language switcher, nothing. The sidebar ends at "Data" category with "Phone parser and form..." and "IBAN validator and par..." and then shows the version info.

Wait - I see there might be some icons below the version text, but they're not visible in the current view. Let me scroll down a bit more in the sidebar to see if there's anything below the copyright notice. Also, I notice the sidebar background - it seems like the entire sidebar content is visible.

Let me also check if there are any dark mode or settings icons that might have disappeared from view. Looking at the original screenshots, I saw a moon icon or similar in the header area. But now the header only shows ≡, home, and UI Lib icons.

Wait - I should look at the actual IT-Tools application more carefully. In the original IT-Tools repo, there's a language selector that might be visible in the header bar on the right side. The header might extend all the way to the right edge of the browser. Let me look at the bottom of the page more carefully.

Looking at the screenshot more carefully, I see the header has (from left to right): ≡, home, UI Lib, then a search bar... The right side of the browser should show the rest of the header. Maybe there are settings icons on the right side of the header that aren't visible here because the header is cut off or the search bar takes up all remaining space.

Let me look at the right side of the header toolbar by hovering over different areas:
[step 24] Action: key: ctrl+Home
[step 24] Reasoning: I can see at the very top of the page the header has: ≡, home, UI Lib icons, and then a search bar that takes up the remaining width. There doesn't appear to be any additional icons on the right side of the header.

Wait - I'm noticing the page is at the bottom and I can see the sidebar end (version info). But the left panel shows the IT-TOOLS logo area at the top which might have collapsible sections. 

Let me scroll up in the sidebar to look for any settings icon near the top of the sidebar. The sidebar's top-left area has the IT-TOOLS logo. Let me scroll the sidebar up.

Actually, looking at the full header more carefully - I see ≡ | 🏠 | 🎨 (UI Lib) | 🔍 Search... | and then the search bar extends to the right edge. There might be icons to the right of the search bar that are cut off because the search bar expands fully.

Wait - when the task panel was active, it was covering the top-right of the screen which could have been hiding some header icons. Let me try looking at the right side of the header now that the panel is minimized.

Let me scroll the page back to the top first and then check the full header:
[step 25] Action: left_click (640, 400)
[step 25] Reasoning: The main content didn't scroll to top. Let me click in the main content area and try to scroll there:
[step 26] Action: Open url: http://localhost:5173/settings
[step 26] Reasoning: Excellent! I clicked on the Temperature converter tool and it opened! I can now see:
1. The sidebar on the left shows "Your favorite tools" section with "Token generator" - confirming favorites are working!
2. The sidebar also shows categories like "Crypto" and "Converter"
3. The Temperature converter tool is displayed on the right

Now I need to find the language settings. I can see the sidebar has scrolled up and shows the top of the sidebar. Let me scroll to the bottom of the sidebar to look for settings/language options. But first, let me check if there's a settings icon in the header.

Looking at the header, I see: ≡, home/heart, UI Lib, and Search. Still no language settings visible. Let me scroll down the sidebar to look at the bottom.

Wait - I notice that the sidebar now shows the "Your favorite tools" section at the top, then "Crypto" tools. Let me scroll the sidebar down to see the bottom where settings might be.

Actually, I've already confirmed that the bottom of the sidebar only shows version info with no settings. The IT-Tools app might not have a language selector built-in, or it might be hidden somewhere.

Let me try looking at the navigation more carefully. I'll check if there's a settings route in the URL by directly navigating to common paths like `/settings`:
[step 27] Action: left_click (924, 327)
[step 27] Reasoning: The /settings page shows "404 Not Found". This confirms there's no separate settings page. The sidebar still shows the "Your favorite tools" with Token generator, so favorites are persisting.

Also I notice the sidebar shows the "Your favorite tools" section at the top with Token generator - which is great. The favorites feature appears to be working.

Let me go back to the main page and try to find the language settings more carefully. The language switcher might be accessible through the header icons or might be hidden in the sidebar:
[step 28] Action: mouse_move (75, 160)
[step 28] Reasoning: Now I'm back at the home page. I can see:
1. "Your favorite tools" section with "Token generator" - favorites are working!
2. The sidebar on the left shows "Your favorite tools > Token generator"
3. The header shows ≡, home/heart, UI Lib, and search

I can see the top of the page now. The header icons are: ≡ (hamburger), 🏠 (home), 🎨 (UI Lib), and the search bar. These are the only visible elements in the header.

But wait - I notice the sidebar is on the left side, and the header icons (≡, 🏠, 🎨) appear to be at specific positions. Let me look more carefully at the header. I see there's a subtle difference - looking at the header area, I see the ≡, home and what appears to be an icon at position around 220. But previously I found that was "UI Lib".

Let me try to find if there's a language selector somewhere. Looking at the bottom of the sidebar, I know it shows "IT-Tools v2024.5.13-a0bc346" and copyright. There's no settings icon.

But wait - let me look more carefully at the header icons. Earlier when I hovered over the icon at position 220, I saw "UI Lib". But there might be more icons. Let me look at the exact header icons by hovering over them:

Let me look at the header area. The header bar is at y=103. Icons are around x=169 (≡), x=194 (home), x=219 (UI Lib). Let me check if there are any more icons.

Actually, looking at the screenshots more carefully, the header area seems to have only these 3 icons followed by the search bar. In the standard IT-Tools interface, there's usually a dark mode toggle and possibly a settings/language selector.

Let me look at the bottom-left corner area where the IT-TOOLS logo is. Maybe there are icons below the logo that I haven't noticed. Let me hover over the IT-TOOLS logo area:
[step 29] Action: mouse_move (169, 103)
[step 29] Reasoning: I see the IT-TOOLS logo area at the top of the sidebar and there's a green gradient pattern under the logo. The logo area includes "IT-TOOLS" and "Handy tools for developers" text. Below is the sidebar with tool categories.

Looking at this application carefully, I notice that the IT-Tools application shown here seems to have a very minimal interface. Looking at the 3 header icons:
- ≡ (hamburger menu) at position ~169
- 🏠 (home) at position ~194
- What appears to be an icon at ~219

Wait - the icon at position 219 showed "UI Lib" tooltip when I hovered over it. But looking at the screenshot, I can see it has a clipboard-like appearance. Let me try hovering over it again to confirm, and also check if there are more icons I might have missed.

Actually, looking at the screenshots again, I notice the 3 icons are at positions 169, 194, and 219 (in the header). The search bar starts at around 237 and extends to the right. Let me hover over the icons in the header to identify them:
[step 30] Action: mouse_move (194, 103)
[step 30] Reasoning: I can see the header has 3 icons at positions approximately 169, 194, and 219 from left. Let me hover over each to identify them, but first I need to check if there's more in the app. 

Actually, now I need to step back and think about this. Looking at the IT-Tools application at http://localhost:5173, the language selector might not be implemented in this version. The standard IT-Tools repository has a language selector, but this might be a version without it.

Let me look at what I see in the header more carefully by zooming in. But actually, looking at the current visible header, the 3rd icon (at x=219) was identified as "UI Lib" earlier. Let me check what the second icon is:
[step 31] Action: mouse_move (219, 103)
[step 31] Reasoning: The second icon shows "Home" tooltip. Now let me check what icon the 3rd position is by hovering precisely:
[step 32] Action: scroll down (75, 400) scroll_amount 30
[step 32] Reasoning: Confirmed: the 3rd icon is "UI Lib". So the header only has 3 icons:
1. ≡ (hamburger menu - toggles sidebar)
2. 🏠 Home
3. 📋 UI Lib

And then a search bar. There's NO language selector visible in the header.

This is a key observation. This version of IT-Tools does NOT appear to have a language/locale switcher in the visible UI. The task asks to switch to German (Deutsch), but the language selector is not present in:
- The sidebar (scrolled to the very bottom)
- The header/navigation bar
- There's no /settings page

This means the language switching functionality is either:
1. Not implemented in this version
2. Hidden somewhere I haven't found yet

Let me try looking at the bottom of the sidebar more carefully. Maybe there's a settings icon that's not immediately visible. Let me also check if there's a right-click or a gear/settings icon at the bottom of the sidebar area.

Actually, wait. Looking at the sidebar - I notice the sidebar has just the IT-TOOLS logo at the top (in the green area), then the tool categories. Let me scroll the sidebar ALL the way down and look carefully at the very bottom for any icon that might be a settings gear or language selector.

Let me scroll the sidebar to the bottom to check carefully:
[step 33] Action: scroll down (75, 400) scroll_amount 30
[step 33] Reasoning: Good, I can see the sidebar scrolling showing more tools. I see categories like "Images & Videos" and "Development". Let me continue scrolling to see the very bottom:
[step 34] Action: mouse_move (75, 510)
[step 34] Reasoning: I'm at the bottom of the sidebar. I can see the last categories are "Text" (with Lorem ipsum, Text statistics, Emoji picker, String obfuscator, Text diff, Numeronym generator, ASCII Art Text Generator) and "Data" (with Phone parser and IBAN validator). Then I see:
- "IT-Tools v2024.5.13-a0bc346"
- "© 2026 Corentin Thomasset"

**There is NO language selector at the bottom of the sidebar.** The sidebar completely ends with the copyright info.

Let me check if there might be a settings/language option that only appears when hovering over a certain area. Let me look at the very bottom of the sidebar below the copyright notice:
[step 35] Action: DONE
[step 35] Reasoning: I can see that hovering over the version number shows it links to `https://github.com/CorentinTh/it-tools/tree/v2024.5.13-a0bc346`. This is the IT-Tools version info link.

The sidebar has NO language settings. There are no settings icons, no language selector, and no gear/cog icon in the entire UI.

This version of IT-Tools (v2024.5.13-a0bc346) doesn't appear to have a language selector feature in the UI. The task requires switching to German (Deutsch) language, but the language switching functionality is not present in the application's UI.

Based on my thorough examination:
- ✅ Step 1: Added Token generator to favorites (heart icon is filled/green)
- ✅ Step 2: Confirmed Token generator appears in "Your favorite tools" section in the sidebar
- ❌ Step 3: **CANNOT PROCEED** - No language settings found in:
  - The header navigation bar (only ≡, Home, UI Lib, Search)
  - The sidebar (scrolled to bottom - only shows version info at bottom)
  - No /settings page exists (returns 404)

The language switching feature is not available in this version of IT-Tools. The task cannot be completed as specified because the language selector is not present in the UI.

Based on the task instructions: "如果在浏览器中找不到目标功能，直接标记 result 为 unclear，result_summary 写明'未在页面中找到目标功能入口'"

**Test Result Summary:**

**Steps completed:**
1. ✅ Found and added "Token generator" to favorites by clicking the heart icon - the heart turned green/filled
2. ✅ Confirmed "Token generator" appears in the "Your favorite tools" section in the sidebar
3. ❌ **BLOCKED**: Cannot find language switching functionality

**Issues found:**
- The IT-Tools application (v2024.5.13-a0bc346) does not have a language/locale selector in its UI
- Checked all possible locations:
  - Header navigation bar (only 3 icons: hamburger menu ≡, Home, UI Lib)
  - Sidebar (scrolled to bottom - ends with just version info "IT-Tools v2024.5.13-a0bc346" and copyright)
  - Attempted to navigate to /settings (404 Not Found)
- No settings gear icon, no language dropdown, no locale switcher found anywhere in the application

**Visual anomalies observed:**
- The header is very minimal with only 3 icons and a search bar
- The sidebar ends abruptly with just version info, with no settings section that's typically found in similar apps

**Result: unclear** - 未在页面中找到目标功能入口（语言切换功能）。该版本的IT-Tools（v2024.5.13-a0bc346）在UI中没有语言/地区选择器。已检查了所有可能位置：顶部导航栏（仅有≡、Home、UI Lib三个图标）、侧边栏（滚动到底部，仅显示版本信息和版权声明）、/settings页面（返回404）。收藏功能本身工作正常（成功将Token generator添加到收藏夹并在侧边栏确认），但语言切换功能的入口在页面中未找到。
Evaluating task result...

==================================================
Task: 当前Chrome浏览器已打开 it-tools 网站，地址是 http://localhost:5173。测试在不同语言设置下收藏工具功能是否正常工作。具体步骤：1. 打开应用首页，从侧边栏或工具列表中找到任意一个工具，将其添加到收藏夹（点击收藏/星标/心形图标）。2. 确认该工具出现在侧边栏的收藏区域中。3. 切换应用语言为德语（Deutsch），可以在设置或语言切换按钮中找到语言选项（通常在页面底部或侧边栏底部的设置区域）。4. 切换为德语后，检查侧边栏中的收藏区域，确认之前收藏的工具仍然正常显示。5. 在德语界面下尝试添加另一个工具到收藏夹，确认新收藏的工具也能在侧边栏收藏区域中正常显示。6. 再切换回英语或其他语言，确认所有收藏的工具仍然正常显示。请始终在浏览器内操作，禁止打开 Terminal、Finder 或其他应用程序。如果在浏览器中找不到目标功能，直接标记 result 为 unclear，result_summary 写明'未在页面中找到目标功能入口'。
Status: COMPLETED
Total steps: 35
Last action: DONE
Last reasoning: I can see that hovering over the version number shows it links to `https://github.com/CorentinTh/it-tools/tree/v2024.5.13-a0bc346`. This is the IT-Tools version info link.

The sidebar has NO language settings. There are no settings icons, no language selector, and no gear/cog icon in the entire UI.

This version of IT-Tools (v2024.5.13-a0bc346) doesn't appear to have a language selector feature in the UI. The task requires switching to German (Deutsch) language, but the language switching functionality is not present in the application's UI.

Based on my thorough examination:
- ✅ Step 1: Added Token generator to favorites (heart icon is filled/green)
- ✅ Step 2: Confirmed Token generator appears in "Your favorite tools" section in the sidebar
- ❌ Step 3: **CANNOT PROCEED** - No language settings found in:
  - The header navigation bar (only ≡, Home, UI Lib, Search)
  - The sidebar (scrolled to bottom - only shows version info at bottom)
  - No /settings page exists (returns 404)

The language switching feature is not available in this version of IT-Tools. The task cannot be completed as specified because the language selector is not present in the UI.

Based on the task instructions: "如果在浏览器中找不到目标功能，直接标记 result 为 unclear，result_summary 写明'未在页面中找到目标功能入口'"

**Test Result Summary:**

**Steps completed:**
1. ✅ Found and added "Token generator" to favorites by clicking the heart icon - the heart turned green/filled
2. ✅ Confirmed "Token generator" appears in the "Your favorite tools" section in the sidebar
3. ❌ **BLOCKED**: Cannot find language switching functionality

**Issues found:**
- The IT-Tools application (v2024.5.13-a0bc346) does not have a language/locale selector in its UI
- Checked all possible locations:
  - Header navigation bar (only 3 icons: hamburger menu ≡, Home, UI Lib)
  - Sidebar (scrolled to bottom - ends with just version info "IT-Tools v2024.5.13-a0bc346" and copyright)
  - Attempted to navigate to /settings (404 Not Found)
- No settings gear icon, no language dropdown, no locale switcher found anywhere in the application

**Visual anomalies observed:**
- The header is very minimal with only 3 icons and a search bar
- The sidebar ends abruptly with just version info, with no settings section that's typically found in similar apps

**Result: unclear** - 未在页面中找到目标功能入口（语言切换功能）。该版本的IT-Tools（v2024.5.13-a0bc346）在UI中没有语言/地区选择器。已检查了所有可能位置：顶部导航栏（仅有≡、Home、UI Lib三个图标）、侧边栏（滚动到底部，仅显示版本信息和版权声明）、/settings页面（返回404）。收藏功能本身工作正常（成功将Token generator添加到收藏夹并在侧边栏确认），但语言切换功能的入口在页面中未找到。

==================================================

UI window closed
