Session created: sess-20260417152707-f3fc7a02e5a448288ac8be67fc6e0830
UI panel initialized successfully
UI window displayed
Expected result: 点击任意一个表情符号后，应显示复制成功的提示消息，并且通过粘贴操作能够确认剪贴板中的内容确实是刚才所点击的那个 emoji 字符。
[step 0] Action: Initializing
[step 0] Reasoning: Initializing session connection
[step 0] Action: screenshot
[step 1] Action: left_click (220, 283)
[step 1] Reasoning: 我可以看到 Emoji picker 页面已经加载完成，显示了各种表情符号。现在我将点击第一个表情符号"Grinning face"来测试复制功能。
[step 2] Action: left_click (925, 223)
[step 2] Reasoning: 我可以看到页面底部出现了提示消息：**"Emoji 😀 copied to the clipboard"**（Emoji 已复制到剪贴板）。这说明点击表情符号后，复制功能正常工作了。

现在我需要验证粘贴功能——在搜索框中粘贴，看看粘贴的内容是否是刚才点击的"Grinning face"（😀）表情。
[step 3] Action: key: cmd+v
[step 3] Reasoning: 好的，搜索框已经获得了焦点（可以看到蓝色边框高亮）。现在我将使用 Cmd+V 粘贴来验证剪贴板中的内容。
[step 4] Action: triple_click
[step 4] Reasoning: 我注意到粘贴到搜索框中的内容是 **`console.log('Hello World')`**，而不是我期望的 😀（Grinning face）表情符号。

这说明**复制到剪贴板的功能存在问题**——虽然界面显示了 "Emoji 😀 copied to the clipboard" 的提示消息，但实际上剪贴板中的内容并不是该表情符号，而是之前剪贴板中已有的其他内容（`console.log('Hello World')`）。

让我清空搜索框，再试一次，以确认这个问题是否持续存在。
[step 5] Action: key: Delete
[step 5] Reasoning: 搜索框中的内容已全选。我可以看到粘贴的内容确实是 `console.log('Hello World')`。让我删除这个内容，然后重新点击一个表情符号，再次验证。
[step 6] Action: left_click (220, 327)
[step 6] Reasoning: 搜索框已清空，所有的表情符号又显示出来了。现在让我点击另一个表情符号（例如"Rolling on the floor laughing"），然后立即在搜索框中粘贴，来验证第二次复制功能。
[step 7] Action: left_click (925, 223)
[step 7] Reasoning: 我可以再次看到页面底部的提示消息：**"Emoji 🤣 copied to the clipboard"**（ROFL 表情已复制到剪贴板）。但注意消息中显示的是 🤣，而我点击的是"Rolling on the floor laughing"图标。

现在让我点击搜索框并粘贴来验证。
[step 8] Action: key: cmd+v
[step 9] Action: DONE
[step 9] Reasoning: 经过两次测试，结果非常清楚：

## 测试结论

### 测试结果：**FAIL（复制到剪贴板功能异常）**

**测试过程：**
1. **步骤 1**：点击了"Grinning face"（😀）表情符号
   - ✅ 页面底部显示了提示消息：**"Emoji 😀 copied to the clipboard"**（已复制到剪贴板）
   - 提示消息正常出现

2. **步骤 2**：在搜索框中使用 Cmd+V 粘贴
   - ❌ 粘贴结果为：**`console.log('Hello World')`**，而不是 😀 表情符号

3. **第二次测试**：点击了"Rolling on the floor laughing"（🤣）表情符号
   - ✅ 再次显示提示消息：**"Emoji 🤣 copied to the clipboard"**
   - 再次粘贴，结果仍然是：**`console.log('Hello World')`**

### 问题描述

**复制到剪贴板功能存在 Bug**：

- **表现正常的部分**：点击表情符号后，Toast 提示消息正确显示（如"Emoji 😀 copied to the clipboard"），说明 UI 反馈逻辑工作正常。
- **存在问题的部分**：实际上 Emoji 表情符号**并未真正写入系统剪贴板**。粘贴时得到的是剪贴板中之前已有的内容（`console.log('Hello World')`），而不是所点击的表情符号。这说明 `navigator.clipboard.writeText()` 或等效的复制 API 调用失败（可能是权限问题、异步错误或 API 调用错误），但错误被静默忽略，用户仍然看到了成功的提示消息。

**结论**：Emoji picker 的复制到剪贴板功能**无法正常工作**——界面显示复制成功，但实际内容并未写入剪贴板。
Evaluating task result...

==================================================
Task: 当前Chrome浏览器已打开 it-tools 的 Emoji picker 页面，地址是 http://localhost:5173/emoji-picker。测试 Emoji 选择器工具的复制到剪贴板功能。步骤：1. 在 Emoji 选择器页面中，点击任意一个表情符号（emoji），观察是否出现'已复制到剪贴板'或 'Copied' 的提示消息。2. 然后在页面上的搜索框或地址栏中使用 Cmd+V 粘贴，验证粘贴出来的内容是否为刚才点击的那个表情符号。确认点击表情后确实能将对应的 emoji 复制到剪贴板中。请始终在浏览器内操作，禁止打开 Terminal、Finder 或其他应用程序。如果在浏览器中找不到目标功能，直接标记 result 为 unclear。
Status: COMPLETED
Total steps: 9
Last action: DONE
Last reasoning: 经过两次测试，结果非常清楚：

## 测试结论

### 测试结果：**FAIL（复制到剪贴板功能异常）**

**测试过程：**
1. **步骤 1**：点击了"Grinning face"（😀）表情符号
   - ✅ 页面底部显示了提示消息：**"Emoji 😀 copied to the clipboard"**（已复制到剪贴板）
   - 提示消息正常出现

2. **步骤 2**：在搜索框中使用 Cmd+V 粘贴
   - ❌ 粘贴结果为：**`console.log('Hello World')`**，而不是 😀 表情符号

3. **第二次测试**：点击了"Rolling on the floor laughing"（🤣）表情符号
   - ✅ 再次显示提示消息：**"Emoji 🤣 copied to the clipboard"**
   - 再次粘贴，结果仍然是：**`console.log('Hello World')`**

### 问题描述

**复制到剪贴板功能存在 Bug**：

- **表现正常的部分**：点击表情符号后，Toast 提示消息正确显示（如"Emoji 😀 copied to the clipboard"），说明 UI 反馈逻辑工作正常。
- **存在问题的部分**：实际上 Emoji 表情符号**并未真正写入系统剪贴板**。粘贴时得到的是剪贴板中之前已有的内容（`console.log('Hello World')`），而不是所点击的表情符号。这说明 `navigator.clipboard.writeText()` 或等效的复制 API 调用失败（可能是权限问题、异步错误或 API 调用错误），但错误被静默忽略，用户仍然看到了成功的提示消息。

**结论**：Emoji picker 的复制到剪贴板功能**无法正常工作**——界面显示复制成功，但实际内容并未写入剪贴板。

==================================================

UI window closed
