Session created: sess-20260427200551-1ec9399891fa42e1bcb31d34400195e3
UI panel initialized successfully
UI window displayed
Expected result: 粗体/斜体标记与双方括号链接标记能正确组合渲染：文字应以粗体（或斜体）样式显示，同时双方括号内的内容正确渲染为可点击的 Wiki 内部链接，不出现原始标记符号残留或渲染异常。
[step 0] Action: Initializing
[step 0] Reasoning: Initializing session connection
[step 0] Action: screenshot
[step 1] Action: left_click (467, 341)
[step 1] Reasoning: I can see the Jingo wiki website. I need to log in first. Let me click the Login button.
[step 2] Action: left_click (538, 213)
[step 2] Reasoning: The login page is showing. Let me enter the username and password.
[step 3] Action: left_click (544, 246)
[step 3] Reasoning: I can see an autocomplete dropdown. Let me click on "admin" to fill in the username.
[step 4] Action: left_click (538, 246)
[step 4] Reasoning: Username "admin" is filled in. Now let me click on the Password field and enter the password.
[step 5] Action: type: admin
[step 6] Action: left_click (507, 278)
[step 6] Reasoning: Both username and password are filled in. Now let me click the Login button.
[step 7] Action: left_click (1057, 265)
[step 7] Reasoning: I'm now logged in and on the Home page. There's a Chrome password save dialog - I'll dismiss it by clicking "不用了" (No thanks). Then I need to navigate to create/edit a wiki page with the bold and italic markdown with embedded double-bracket links.
[step 8] Action: Open url: http://localhost:6067/wiki/test-bold-italic-links/edit
[step 8] Reasoning: I'm on the Home page of the Jingo wiki. Now I need to create or edit a wiki page to add the markdown content with bold/italic markers and double-bracket links. I'll navigate to create a new page. Let me go to the edit page for a new wiki page. I'll navigate to the edit URL directly.
[step 9] Action: left_click (640, 425)
[step 9] Reasoning: A new page creation editor is open with the title "test bold italic links". Now I need to click on the editor area and type the markdown content with bold markers and double-bracket links: `**[[communication channels]]**`.
[step 10] Action: type: **[[communication...
[step 10] Reasoning: The editor is now focused. Now I'll type the markdown content with bold markers and double-bracket links.
[step 11] Action: scroll down (640, 400) scroll_amount 3
[step 11] Reasoning: I can see the markdown content `**[[communication channels]]**` has been typed in the editor. Now I need to scroll down to find and click the Save button.
[step 12] Action: left_click (438, 595)
[step 12] Reasoning: I can see the Save button. The content `**[[communication channels]]**` is in the editor. Let me click Save.
[step 13] Action: screenshot
[step 13] Reasoning: The page has been saved. I can see the rendered result. The page shows "test bold italic links" as the title and the content shows `*communication channels**` which is displayed in red. Let me analyze what's happening:

**Rendering result observation:**

The content `**[[communication channels]]**` was rendered as `*communication channels**` in red color. This is a significant visual/functional issue:

1. The text is showing in **red** color, which seems to indicate it's a link (possibly to a non-existent wiki page "communication channels"), but it's not properly formatted as bold.
2. The rendering shows `*communication channels**` - the double asterisks `**` for bold are not being properly parsed. The `[[...]]` wiki-link syntax seems to have interfered with the Markdown bold `**` markers.

Let me take a closer look at the rendered output. The issue appears to be:
- The `**[[communication channels]]**` input was processed, but the bold markers (`**`) didn't properly wrap the link. 
- The text appears as `*communication channels**` in red (link color), suggesting the system is treating `*communication channels**` as part of the wiki link text with inconsistent asterisk handling.

This is a **bug**: when bold or italic markers (`**` or `*`) are nested around double-bracket wiki links `[[...]]`, the markdown parser doesn't correctly render the combination. The bold formatting is broken - only one leading asterisk is missing (the first `*` seems to have been consumed), and the remaining content appears as `*communication channels**` as a red link.

Let me zoom in to see the rendered text more clearly.
[step 14] Action: DONE
[step 14] Reasoning: I can clearly see the rendered result. The page has been saved and the rendered output shows:

**`*communication channels**`** displayed in red text (link color).

This is the rendering result of the input `**[[communication channels]]**`. Let me analyze what happened:

**Observed Behavior (Bug):**

The input markdown: `**[[communication channels]]**`

Expected behavior: The text "communication channels" should be rendered as a **bold** link (both bold formatting applied AND a wiki-link created).

Actual behavior: The rendered output shows `*communication channels**` in red color (link). This indicates:
1. The bold markdown (`**`) is NOT correctly rendered — the text should be bold but it's not bold in the rendered output
2. The first `*` seems to have been stripped/consumed, leaving `*communication channels**` as the link text displayed
3. The rendering is broken — the combination of `**` bold markers with `[[...]]` wiki-link syntax causes incorrect parsing

This is a **rendering bug** in the Jingo wiki system. When bold markers (`**`) are placed around double-bracket wiki links (`[[...]]`), the markdown processor fails to correctly parse and render the combination. Instead of showing a bold link, it shows `*communication channels**` as a red link with asterisks inside the link text.

**Summary of findings:**
- ✅ Login with admin/admin: **Successful**
- ✅ Created a wiki page with content `**[[communication channels]]**`: **Successful**
- ❌ Rendered result: **BUG FOUND** - The bold markdown with embedded wiki-link is not correctly rendered. Instead of bold+link, it renders as `*communication channels**` (a link with asterisks in the text, no bold formatting applied)
Evaluating task result...

==================================================
Task: 当前Chrome浏览器已打开Jingo网站，地址是http://localhost:6067。这是一个Wiki系统。请先用用户名 admin 密码 admin 登录。登录后，在 Wiki 页面中编写包含粗体或斜体标记内嵌双方括号链接的 Markdown 内容，例如输入 **[[communication channels]]**，保存后查看页面渲染结果。 请始终在浏览器内操作，禁止打开 Terminal、Finder 或其他应用程序。如果在浏览器中找不到目标功能，直接标记 result 为 unclear，result_summary 写明'未在页面中找到目标功能入口'。
Status: COMPLETED
Total steps: 14
Last action: DONE
Last reasoning: I can clearly see the rendered result. The page has been saved and the rendered output shows:

**`*communication channels**`** displayed in red text (link color).

This is the rendering result of the input `**[[communication channels]]**`. Let me analyze what happened:

**Observed Behavior (Bug):**

The input markdown: `**[[communication channels]]**`

Expected behavior: The text "communication channels" should be rendered as a **bold** link (both bold formatting applied AND a wiki-link created).

Actual behavior: The rendered output shows `*communication channels**` in red color (link). This indicates:
1. The bold markdown (`**`) is NOT correctly rendered — the text should be bold but it's not bold in the rendered output
2. The first `*` seems to have been stripped/consumed, leaving `*communication channels**` as the link text displayed
3. The rendering is broken — the combination of `**` bold markers with `[[...]]` wiki-link syntax causes incorrect parsing

This is a **rendering bug** in the Jingo wiki system. When bold markers (`**`) are placed around double-bracket wiki links (`[[...]]`), the markdown processor fails to correctly parse and render the combination. Instead of showing a bold link, it shows `*communication channels**` as a red link with asterisks inside the link text.

**Summary of findings:**
- ✅ Login with admin/admin: **Successful**
- ✅ Created a wiki page with content `**[[communication channels]]**`: **Successful**
- ❌ Rendered result: **BUG FOUND** - The bold markdown with embedded wiki-link is not correctly rendered. Instead of bold+link, it renders as `*communication channels**` (a link with asterisks in the text, no bold formatting applied)

==================================================

UI window closed
