Session created: sess-20260417160743-9cc77e539eac4594a2e77c585e3163da
UI panel initialized successfully
UI window displayed
Expected result: 当设置 allowResizeY: true、allowResizeX: true 且 showWordsCounter: false、showCharsCounter: false 时，编辑器底部右下角应当显示调整大小的拖拽手柄，且该手柄可以正常拖拽来改变编辑器尺寸。
[step 0] Action: Initializing
[step 0] Reasoning: Initializing session connection
[step 0] Action: screenshot
[step 1] Action: left_click (640, 450)
[step 1] Reasoning: I can see the Jodit editor page is open. I can see the editor with "Hello Jodit World" text and a tooltip showing. Let me first click somewhere to dismiss the tooltip, then open DevTools.
[step 2] Action: key: Escape
[step 2] Reasoning: I see a context menu appeared. Let me press Escape to dismiss it, then open DevTools with F12.
[step 3] Action: key: F12
[step 3] Reasoning: Good, the context menu is dismissed. Now let me open DevTools with F12.
[step 4] Action: left_click (640, 644)
[step 4] Reasoning: DevTools is now open and the Console tab is active. I can see the console with some warnings and errors. Now I need to click on the console input area and execute the JavaScript code. Let me click on the console input area at the bottom.
[step 5] Action: left_click (640, 644)
[step 5] Reasoning: I can see the console area at the bottom. I need to click on the input area (the `>` at the bottom) to type in the JavaScript code. Let me click directly on the console prompt area.
[step 6] Action: type: document.getEleme...
[step 6] Reasoning: I can see the console input is now active (cursor is visible after the `>`). Now let me type the JavaScript code to create the new editor. I'll type the full command.
[step 7] Action: key: Return
[step 7] Reasoning: I can see the code has been typed in the console input area. I can see it in the bottom row. Now let me press Enter to execute the code.
[step 8] Action: left_click (640, 644)
[step 8] Reasoning: I see an error: "Uncaught SyntaxError: Identifier 'editor' has already been declared". This is because the variable `editor` was already declared in a previous scope or the `var editor` is conflicting with an existing declaration. 

This might be because in the console, `var` declarations persist across console executions. Let me try to work around this by using a different approach - I'll use `let` instead or wrap in a block, or simply use a different variable name. But first, let me check if the original editor was removed and if a new one needs to be created. Let me try again with a slightly different approach:
[step 9] Action: key: ctrl+r
[step 9] Reasoning: I see the original editor is still showing (the one with "Hello Jodit World!" and toolbar). The error was due to variable redeclaration. I need to check if the original editor was actually removed or not. It looks like it wasn't, since the editor with toolbar is still visible at the top. 

The issue is that the `var editor` in the console conflicts with a previous `var editor` in the same scope. Let me try a different approach - reload the page first, then try the code again. Actually, let me first check if the page already loaded a `var editor`. The error says "Identifier 'editor' has already been declared". This means in a previous console execution there's already a `var editor` declared.

Let me try by just using a different variable name and avoiding the conflict, or better, let me reload the page first since the editor was not removed successfully.

Actually, looking again at the page - the editor IS still showing at the top with the toolbar. That means `document.getElementById('editor').remove()` may have failed or it wasn't the right element. Let me reload the page and try again with the full code, but wrapping with `{ }` or using `window.editor2` instead.

Let me first reload the page:
[step 10] Action: left_click (63, 61)
[step 10] Reasoning: The page is still showing the same state. It seems the `ctrl+r` didn't trigger a reload while in the DevTools console area. Let me click on the page area first and then reload, or use the browser's reload button.

Actually, looking at the situation, I need to reload the page to clear the `var editor` variable. Let me click the browser's reload button or use Command+R:
[step 11] Action: left_click (640, 644)
[step 11] Reasoning: The page has been reloaded (I can see the console cleared and fresh warnings). The original Jodit editor is still visible with "Hello Jodit World!". Now let me click on the console input area and run the code again. This time, since the page was refreshed, the `var editor` variable should be clear.
[step 12] Action: type: document.getEleme...
[step 12] Reasoning: The console input is now active (I can see the cursor after `>`). Now let me type the JavaScript code again:
[step 13] Action: key: Return
[step 13] Reasoning: I can see the code is typed in the console input (visible at the bottom). Now let me press Enter to execute it:
[step 14] Action: left_click (640, 644)
[step 14] Reasoning: I'm still getting the same error: "Uncaught SyntaxError: Identifier 'editor' has already been declared". This is strange since I reloaded the page. 

Wait - the issue may be that the Jodit editor on the page itself declares `var editor` in its initialization script. When I execute my code in the console, it's in the same global scope, causing the conflict.

Let me try a different approach - I'll use a different variable name or wrap the code in a function/block scope:
[step 15] Action: type: document.getEleme...
[step 15] Reasoning: The page shows the editor is still the original one (no toolbar visible now). I notice the original editor's toolbar seems to be gone! Let me look more carefully - the editor area shows "Hello Jodit World!" but the toolbar seems to be absent. Wait, let me scroll up to see the full page state. Actually looking at the screenshot again, I can see only the editor content area without the full toolbar - this might be because the first attempt (`document.getElementById('editor').remove()`) DID actually remove the original editor's DOM element, but the Jodit library's `var editor` declaration in the page's script tag is causing the `var editor` conflict in the console.

The solution is to use `editor` without `var` or use `window.editor2` as the variable name. Let me type a new command:
[step 16] Action: key: Return
[step 16] Reasoning: I can see my new command at the bottom of the console. But wait - it seems the editor content area is still showing "Hello Jodit World!" at the top, but there's no toolbar visible now (unlike before). This might mean the previous attempts already removed the original editor. The console shows the new command is typed. Let me press Enter:
[step 17] Action: left_click (640, 644)
[step 17] Reasoning: Now I see a different error: "Uncaught TypeError: Cannot read properties of null (reading 'remove')". This means `document.getElementById('editor')` returned null - the editor element with id 'editor' was already removed by the first attempt! 

So the first attempt partially worked:
1. `document.getElementById('editor').remove()` - WORKED (removed the original editor)
2. But then `var editor = ...` failed due to the variable conflict

Now on the second attempt, the `.remove()` fails because the element is already gone.

Let me try a modified command that handles the null case and uses a different variable name:
[step 18] Action: type: (function(){ var ...
[step 18] Reasoning: Good, the console input is active. Now I see the editor content area still shows "Hello Jodit World!" at the top. The original `editor` element is already removed. Now I need to:
1. Check if there's an 'editor2' textarea already created (from the second attempt which partially succeeded)
2. Create the new editor

Let me first clean up and create the editor properly. The issue is `var editor` conflicts with the page's existing `var editor`. Let me use `window.myEditor` and also handle the case where 'editor' might already be gone, and where 'editor2' might already exist:
[step 19] Action: key: Return
[step 19] Reasoning: I can see the new command is typed in the console input at the bottom. Let me press Enter to execute it:
[step 20] Action: left_click (640, 644)
[step 20] Reasoning: Another error: "Uncaught TypeError: Cannot read properties of null (reading 'appendChild')". This means `document.querySelector('.jodit-stand__box')` returned null! The class name might be different, or the page structure might have changed.

Let me check the current DOM structure. I can see the editor area is still visible. Let me look for the correct container class. The page still shows the editor with toolbar visible - which is odd since we removed 'editor'. 

Wait - looking at the page, I can see the editor is still there with "Hello Jodit World!" and the toolbar. The `editor` element was removed, but the Jodit framework might have created a different structure. Let me check what elements are available:
[step 21] Action: type: document.body.inn...
[step 21] Reasoning: Let me check the page's DOM to find the correct container. The error says `.jodit-stand__box` doesn't exist. Let me look at the HTML structure:
[step 22] Action: key: Return
[step 23] Action: left_click (640, 644)
[step 23] Reasoning: I can see some HTML structure at the bottom. I can see `<div id="box"` and `<div id="app">`. The container is `<div id="box">` not `.jodit-stand__box`. Let me look more carefully at the output. I can see in the console output text that mentions `div id="box"`. Let me check the actual container:

The key parts I can see:
- `<div id="box"` - this is the container
- The class reference was incorrect, it should be `#box` not `.jodit-stand__box`

Let me now check the actual structure more carefully by finding the container:
[step 24] Action: type: document.getEleme...
[step 24] Reasoning: I can see in the console output the HTML structure showing `div id="box"`. The container class is `#box` not `.jodit-stand__box`. Let me use `document.getElementById('box')` or `document.querySelector('.jodit-container')` to find the right container. Let me type a command to check what containers are available:
[step 25] Action: key: Return
[step 26] Action: left_click (640, 644)
[step 26] Reasoning: I can see the result shows `''` (empty string) - which means `document.getElementById('box')` exists but has no classes. The container is `#box`. Now I need to append the textarea to `#box` directly. 

Also, I notice looking at the HTML structure output from before: `<div id="box"` contains the editor. Let me now create the Jodit editor by appending to `#box`:
[step 27] Action: type: document.getEleme...
[step 27] Reasoning: Now let me try the code with `#box` as the container instead of `.jodit-stand__box`. But wait - I notice that the original editor with "Hello Jodit World!" is still visible on the page (there's a Jodit editor in the browser view). This means the `#editor` element was likely inside a Jodit container, not `#box` directly. The Jodit replaces textarea with its own container, so `document.getElementById('editor').remove()` removes the original textarea but the Jodit editor wrapper stays.

Let me look at the page source more carefully. The existing editor is still functioning. Let me try to look at what's inside `#box`:
[step 28] Action: key: Return
[step 29] Action: left_click (640, 644)
[step 29] Reasoning: I can see the output: `'<div id="box">\n\t<h1>Jodit Test Document</h1>\n\t\t<form id="form">\n\t\t\t<div id="app"></div>\n\t\t\t\t<div class="jodit-container jodit jodit_theme_default jodit-wysiwyg_mode" contenteditable="false" style="`

So the structure is:
- `#box` contains `h1`, `form`
- `form` contains `#app` and the Jodit container
- The `#app` div is where the editor probably renders

The original `#editor` textarea would have been inside `#form`, and Jodit would have replaced it with its container. Since `#editor` was removed, I need to add the new textarea to `#form` or `#box`.

Now I understand the structure. Let me try creating the editor by appending to `document.getElementById('box')` or `document.getElementById('form')`:
[step 30] Action: type: (function(){ var ...
[step 30] Reasoning: Now I understand the structure. The container is `#box` which has `h1`, `form`, and the `form` has `#app` and the jodit-container. I'll append the new textarea to `#box`. Also, I notice the issue with `var editor` - the page script already declared `var editor` in the global scope.

Let me now execute the code with the correct container `#box` (instead of `.jodit-stand__box`) and use a different variable assignment:
[step 31] Action: key: Return
[step 31] Reasoning: I can see the new code is ready in the console input at the bottom. Let me press Enter to execute it:
[step 32] Action: key: F12
[step 32] Reasoning: Excellent! 🎉 The code executed successfully! I can see:
1. "Editor created: Jodit {__componentName: 'jodit-jodit', async: Async, uid: 'jodit-uid-698', ownerWindow: Window, __componentStatus: 'ready', ...}" - The editor was created successfully!
2. A second toolbar is now visible in the browser at the bottom of the first editor (around y=370), showing the new editor was created

I can see a **second editor** appeared below the first one, with its own toolbar at the bottom of the page. Now I need to scroll down to see the full second editor and its resize handle. Let me close DevTools first (press F12) and then observe the editor.
[step 33] Action: screenshot
[step 33] Reasoning: Now I can see the full page with DevTools closed. I can see:

1. **First editor** (the original one with "Hello Jodit World!" text) - visible at the top with its toolbar and content
2. **Second editor** (the newly created one) - visible below with its own toolbar (showing "B, I, U..." buttons) and the "Start writing..." placeholder, and what appears to be a **resize handle at the bottom right corner** (small square element visible at approximately x=84, y=531)

The second editor (editor2) has been successfully created with `showWordsCounter: false` and `showCharsCounter: false`. 

Now I can see what appears to be a small resize handle element at the bottom-right area of the second editor (around x=84, y=531). Let me zoom in to the bottom of the second editor to see the resize handle more clearly:
[step 34] Action: mouse_move (84, 531)
[step 34] Reasoning: Excellent! Now I can see the full page clearly. I can observe:

1. **First editor** (top): Shows "Hello Jodit World!" with a full toolbar (2 rows of buttons) and a small element at the bottom left (around x=84, y=351) which appears to be the first editor's resize handle
2. **Second editor** (bottom): Shows "Start writing..." placeholder with a 2-row toolbar, and at the bottom-left area (around x=84, y=531) there's a small square which appears to be the **resize handle**

**Key observation**: The resize handle appears to be at the **bottom-left** of the editor (around x=84, y=531), not the typical bottom-right. This is interesting - it might be a visual bug or it could be the handle is positioned differently.

Let me zoom in to see the bottom of the second editor more clearly to identify the resize handle location. The small square at y=531 seems to be the resize handle. In the first editor, the element at y=351 appears to be its resize handle too.

Now let me try to drag the resize handle of the second editor. Looking at the screenshot, the handle appears to be at approximately (84, 531). Let me try dragging it down to resize the editor:
[step 35] Action: mouse_move (1265, 531)
[step 35] Reasoning: I can see! When I hover over the element at (84, 531), it shows a tooltip "Select all" - this is **NOT a resize handle**! It appears to be the "Select all" button in the editor's toolbar/statusbar area. This is a visual misidentification.

The small element at the bottom of the second editor shows "Select all" tooltip - this means the resize handle is somewhere else. 

**Important observation**: Looking at the second editor's bottom area, the "Select all" button appears at the bottom left. The resize handle (for drag resize) should typically be at the **bottom-right corner** of the editor. But there doesn't seem to be a visible resize handle at the bottom right.

This is a key finding! When `showWordsCounter: false` and `showCharsCounter: false` are set, the status bar might be hidden or minimal, which could cause the resize handle to not appear properly in the expected location.

Let me look more carefully at the bottom-right corner of the second editor. Looking at the second editor, the content area ends around y=527-530, and the bottom border is around y=531. The far right would be around x=1265-1270. Let me move the mouse to the bottom-right corner to check:
[step 36] Action: mouse_move (1265, 351)
[step 36] Reasoning: Looking at the bottom of the second editor, I can see there's a small square at the far right of the bottom status bar area (around x=84, y=531 at the left, and the right side is at the far edge). But let me look carefully at the bottom-right corner of the editor.

Looking at the screenshot, I notice:
- The second editor's bottom status bar has a small "Select all" button at the left (x=84, y=531)
- The bottom-right corner of the editor appears empty (no visible resize handle at the right side)

Wait - let me look at the first editor's bottom bar too. The first editor has a small element at (84, 351) which is also a small square element. Comparing the two editors' status bars:
- First editor (with default settings): has a word count/char count display on the right side
- Second editor (with `showWordsCounter: false, showCharsCounter: false`): the right side of the statusbar is empty

The resize handle in Jodit is typically rendered inside the statusbar at the right edge. But when I look at the bottom-right, I don't see a typical resize handle icon.

Let me check if there's a resize handle by examining the first editor's bottom-right corner (it should have the resize handle too since it's visible):
[step 37] Action: mouse_move (84, 532)
[step 37] Reasoning: I can see that neither the first editor's bottom-right corner (y=351) nor the second editor shows a visible resize handle tooltip when hovering at (1265, 351). The cursor is at the right side of the first editor's status bar area.

Let me look more carefully at the bottom-left area of both editors where I see small squares. Looking at the screenshot:
- First editor: small square at approximately (84, 351) 
- Second editor: small square at approximately (84, 531)

These small squares are in the **status bar area** at the **left side**. But for the resize, the handle should be on the right side or a draggable element.

Let me now hover over the bottom-right corner of the SECOND editor more precisely to check:
[step 38] Action: key: F12
[step 38] Reasoning: I can see that hovering at (84, 532) shows "Select all" tooltip again. This is the same "Select all" button at the bottom-left of the second editor's status bar.

Now, the key question is: **where is the resize handle?** In Jodit editor, when `allowResizeY` and `allowResizeX` are enabled, a resize handle should appear - typically at the bottom-right corner.

Let me check the area more carefully. The resize handle in Jodit is usually rendered as a separate element positioned at the bottom-right. Let me open DevTools again to inspect the DOM and find the resize handle element:
[step 39] Action: left_click (640, 644)
[step 39] Reasoning: Good, DevTools is open with the Console tab. I can see the console output from the editor creation. Now I need to inspect the DOM to find the resize handle element. Let me run a console command to find the resize handle:
[step 40] Action: type: document.querySel...
[step 40] Reasoning: The console input is now active. Let me search for the resize handle element in the DOM:
[step 41] Action: key: Return
[step 41] Reasoning: I can see the result at the bottom of the console - it found 4 elements with "resize" in their class names:
- `div.jodit-status-bar.jodit-status-bar_resize-handle_true`
- `div.jodit-editor__resize`
- `div.jodit-status-bar.jodit-status-bar_resize-handle_true`
- `div.jodit-editor__resize`

This shows that **both editors** have resize-related elements! There are:
1. Two `jodit-status-bar_resize-handle_true` - status bars with resize handle enabled (one per editor)
2. Two `div.jodit-editor__resize` - the actual resize handle elements

So the resize handles DO exist in the DOM. The class `jodit-editor__resize` is the actual drag handle. Now I need to find where these elements are positioned on screen. Let me check their positions:
[step 42] Action: left_click (640, 644)
[step 42] Reasoning: I can see the result: `NodeList(4) [div.jodit-status-bar.jodit-status-bar_resize-handle_true, div.jodit-editor__resize, div.jodit-status-bar.jodit-status-bar_resize-handle_true, div.jodit-editor__resize]`

The resize handle elements exist! Now let me get the bounding rect of the second editor's resize handle to know exactly where it is:
[step 43] Action: type: var handles = doc...
[step 43] Reasoning: The console input is active. Let me check the position of the resize handle elements (specifically the second one, which is for editor2):
[step 44] Action: key: Return
[step 44] Reasoning: The command is ready in the console. Let me press Enter to execute:
[step 45] Action: left_click (640, 644)
[step 45] Reasoning: Excellent! I can see the output now:
- **Handle 0**: left=121, top=467, right=2723, bottom=467, width=2602, height=0, style: (empty)
- **Handle 1**: left=121, top=767, right=2723, bottom=767, width=2602, height=0, style: (empty)

**Critical finding!** Both resize handles have **height=0 and width=0** (well, width is 2602 but the height is 0). The handles are not visible because their height is 0. The style is empty, so they don't have any inline styles.

More importantly, the coordinates are in CSS pixels but might be scaled. The handle 0 is at top=467 and Handle 1 is at top=767. These are viewport coordinates relative to the DevTools being open.

But the key issue is: **the resize handles have height=0**. This means they are not rendering with any visible size, which would make them impossible to interact with visually.

Let me check the actual CSS styles to see why the height is 0:
[step 46] Action: type: var h = document....
[step 46] Reasoning: I can see the results clearly now. The handle dimensions show:
- Handle 0: left=121, top=467, right=2723, bottom=467, width=2602, **height=0**, style: (empty)
- Handle 1: left=121, top=767, right=2723, bottom=767, width=2602, **height=0**, style: (empty)

**Both handles have height=0** - this means the resize handles are zero-height elements. This is very likely a bug. The handles exist in the DOM but are invisible due to having no height.

Let me also check the computed styles of these elements to understand why:
[step 47] Action: key: Return
[step 47] Reasoning: Good, the command is ready in the console. Let me press Enter to execute:
[step 48] Action: left_click (640, 644)
[step 48] Reasoning: Now I can see the computed styles of the second editor's resize handle:
```
display: block height: 0px position: relative bottom: 0px right: 0px cursor: auto background: rgba(0, 0, 0, 0) none repeat scroll 0% 0% / auto padding-box border-box
```

**Critical findings:**
1. `display: block` - It IS being displayed
2. **`height: 0px`** - The height is 0! This is why the handle is not visible or interactable
3. `position: relative` - It's positioned relatively, not absolute (which is unusual for a resize handle)
4. `cursor: auto` - No special cursor (should be `se-resize` or `nwse-resize` for a resize handle)

This is a **bug**! The resize handle (`.jodit-editor__resize`) has:
- `height: 0px` making it invisible
- `cursor: auto` instead of a resize cursor
- No visual appearance (transparent background)

**The resize handle is NOT rendering properly** when `showWordsCounter: false` and `showCharsCounter: false` are set.

The likely cause: When the word/char counter is disabled, the status bar becomes minimal or empty. The resize handle is supposed to be positioned within the status bar, but when the status bar has no content and collapses, the resize handle height becomes 0.

Let me close DevTools and visually confirm the situation, and also try to check the first editor (with default settings) to compare:
[step 49] Action: type: var h0 = document...
[step 49] Reasoning: Now let me also check the first editor's resize handle (handle 0) computed style for comparison:
[step 50] Action: key: Return
[step 50] Reasoning: The command is ready. Let me press Enter to execute:
[step 51] Action: key: F12
[step 51] Reasoning: Now I can clearly see the comparison:

**Handle 0 (first editor - default settings):**
```
Handle 0 - display: block height: 0px position: relative cursor: auto
```

**Handle 1 (second editor - showWordsCounter: false, showCharsCounter: false):**
```
display: block height: 0px position: relative bottom: 0px right: 0px cursor: auto background: rgba(0, 0, 0, 0)...
```

**Both handles have `height: 0px`!** This means both the original editor (with default settings) and the new editor (with disabled counters) have resize handles with 0 height. This is a **pre-existing bug** affecting all editors.

However, looking at the browser view, I can see:
- First editor (top): The small square at y≈351 on the left appears to be something at the bottom of the status bar
- Second editor (bottom): Has a similar small square element

Wait - let me look at this differently. The first editor should have the word/char counter visible (it uses default settings). The status bar of the first editor should be visible. Let me scroll up in the page to see both editors and their status bars more clearly.

Let me close DevTools to see the full page and examine the visual state:
[step 52] Action: mouse_move (83, 532)
[step 52] Reasoning: Now I can see both editors clearly with DevTools closed:

**First Editor (top):**
- Has a toolbar (2 rows of buttons)
- Shows "Hello Jodit World!" content
- Has a small square element at the bottom-left (around x=83, y=351) - this is the status bar area
- The word/char counter is NOT visible in the status bar right side

**Second Editor (bottom - editor2):**
- Has a toolbar (2 rows of buttons)  
- Shows "Start writing..." placeholder
- Has a small square element at the bottom-left (around x=83, y=532) - same as first editor
- **NO word/char counter visible** (as expected since showWordsCounter: false, showCharsCounter: false)
- Has a small square element at approximately x=83, y=532

**Key visual observations:**
1. **Both editors have a very thin/invisible status bar** - no word counts are shown anywhere
2. **The resize handle appears at the bottom-left** (small square at x≈83) in BOTH editors - which is unusual
3. **The bottom-right corner has no visible resize handle** - there's a small "•" (bullet) visible at the bottom-right of both editors (x=83, y=351 and x=83, y=532)

Wait - the small dot at x=83 is actually at the FAR LEFT. Looking more carefully:
- First editor: small "•" at approximately (83, 351) at the bottom-left of the status bar
- Second editor: small "•" at approximately (83, 532) at the bottom-left

The resize handle should appear at the bottom-right corner but it appears there's something at the bottom-left instead.

Let me hover over the bottom-right corner of the second editor to check:
[step 53] Action: mouse_move (1265, 350)
[step 53] Reasoning: I can confirm! When hovering at (83, 532) at the bottom-left of the second editor, a tooltip "Select all" appears. This confirms that the small square at the bottom-left is the **"Select all"** button, NOT the resize handle.

The page now shows very clearly:
- **First editor** at top with "Hello Jodit World!" and status bar showing "Select all" button (small square at bottom-left, y≈351)
- **Second editor** with "Start writing..." and status bar showing "Select all" button (bottom-left, y≈532), with tooltip "Select all" visible

**Now I need to find the actual resize handle.** The `jodit-editor__resize` elements exist in the DOM but have `height: 0px`. Let me look for what's at the bottom-RIGHT corner of the editors. The resize handle should be at the very bottom-right. Let me look at approximately x=1265, y=350 for the first editor, and x=1265, y=530 for the second editor:
[step 54] Action: key: F12
[step 54] Reasoning: I can see both editors clearly now. Looking at the bottom-right of the first editor (y≈350, far right): there's no visible resize handle. The status bar of both editors appears to show only a small "•" or square on the left side.

Now I can clearly see the state of both editors:

**First Editor (y=161-351):**
- Status bar: small square at bottom-left (y≈351), rest is empty, NO word/char count shown
- The `jodit-status-bar_resize-handle_true` CSS class is applied but the handle height is 0

Wait - if the **first editor** also has no word/char count visible AND also has height:0 for resize handle, then maybe the first editor's configuration also has `showWordsCounter: false`. Let me check the page source.

Actually, looking at the HTML output from earlier: the page has `<div id="app">` where the editor initializes. The initial page configuration for the first editor might have `showWordsCounter: false` and `showCharsCounter: false` already.

Let me check the page source to see the initial editor configuration:
[step 55] Action: key: F12
[step 55] Reasoning: Now I can see both the console output clearly and the page content. Looking at the console results:

**Both handles have the same issue:**
- Handle 0 (first editor): `display: block height: 0px position: relative cursor: auto`
- Handle 1 (second editor): `display: block height: 0px position: relative bottom: 0px right: 0px cursor: auto background: rgba(0, 0, 0, 0)...`

Looking at the page in the browser section, I can see:
- First editor (top) has "Hello Jodit World!" content and a status bar at the bottom
- Second editor (below) has "Start writing..." placeholder

The second editor's status bar is visible at y≈530. Let me check if the resize handle in the status bar area can actually be interacted with by trying to drag from that position. Even though the computed style shows height:0, the element might still intercept mouse events or the actual draggable element might be positioned differently.

Let me now look at the actual visual area of the page more carefully. I notice the bottom of the second editor at y≈532 shows a thin line. Let me try to drag from the bottom-right corner of the second editor to see if there's any resize functionality. 

Actually, since both resize handles have height=0, let me try a drag from the STATUS BAR area (around x=640, y=532 for the second editor) to see if any resize happens:
[step 56] Action: left_click_drag (640, 631)
[step 56] Reasoning: Now I can see both editors clearly with DevTools closed. Looking at the page:

**First Editor (top - "Hello Jodit World!"):**
- Visible from y≈161 to y≈352
- Status bar visible at y≈351 with a small "•" at bottom-left (x≈83)
- No word/char count visible in status bar right side

**Second Editor (bottom - "Start writing..."):**
- Visible from y≈352 to y≈532
- Status bar visible at y≈531 with a small "•" at bottom-left (x≈83)
- No word/char count visible (as expected since disabled)
- No resize handle visible at the bottom-right

**Critical Observation:** Looking at the status bars of BOTH editors:
- First editor status bar: small square at left (y≈351), **NO word/char count** visible on the right
- Second editor status bar: small square at left (y≈531), **NO word/char count** visible on the right

This is interesting - the first editor also shows no word/char count, which suggests the first editor on the page might also have these counters disabled in the page's initial configuration.

**Now let me focus on the main task**: Try to drag the resize handle of the second editor. The resize handle element has `height: 0px` but `width: ~2602px`, and is positioned at y≈767 (DevTools viewport coordinate). When DevTools is closed, this would be around y≈532 (the bottom of the editor).

Let me try dragging from the bottom border of the second editor:
[step 57] Action: left_click_drag (640, 451)
[step 57] Reasoning: I dragged from y=531 to y=631 (downward by 100 pixels), but **the second editor did not resize** - its height appears to be the same (still ending at around y=532). The drag operation had no effect on the editor size.

This confirms the issue: **The resize handle is not functional**. The drag from the bottom border area of the second editor did not change its height.

Let me now try to see if the resize handle exists elsewhere. The element has `height: 0px` but maybe it's positioned differently. Let me check if there's a visual resize indicator by checking the first editor too. Let me try dragging from y=351 (the bottom border of the first editor) to see if the first editor can be resized:
[step 58] Action: key: F12
[step 58] Reasoning: The first editor also didn't resize when I dragged from its bottom border (y=351 to y=451). The first editor is still the same size (ending around y=351).

Looking at the page now, I notice something interesting - the first editor's bottom status bar shows a small square "•" at the far left (around x=83, y=352). The second editor also shows "•" at the far left (around x=83, y=532).

**Summary of findings so far:**
1. Both editors have `.jodit-editor__resize` elements in the DOM
2. Both resize handles have `height: 0px` - they are invisible
3. Both resize handles have `cursor: auto` instead of a resize cursor
4. Dragging from the bottom border of either editor does NOT resize the editor
5. The resize handles are effectively non-functional

This is a **bug in the Jodit editor**. The resize handle is not rendering with proper dimensions.

However, let me try one more thing - let me try to use JavaScript to manually check if the resize functionality is triggered by the specific resize handle element. Perhaps the element exists but it needs to be interacted with at an exact position. Let me open DevTools and check the exact position of the resize element for editor2:
[step 59] Action: left_click (640, 644)
[step 59] Reasoning: I can see the DevTools is open. Let me also check the status bar structure more carefully. Looking at the console output, I can see the "Refused to apply style from 'http://localhost:2000/build/jodit.css'" error - this is a CSS MIME type error! The Jodit CSS file is failing to load, which might explain why the resize handle has `height: 0px` - the CSS styles that should make it visible are not being applied!

This is a key finding: **The Jodit CSS file is not loading due to a MIME type error**, and this is causing the resize handle to have `height: 0px`.

Let me also note additional visual anomalies I see:
1. The first editor has "Hello Jodit World!" - this suggests the initial page editor (with default settings) was NOT removed by our first attempt at `document.getElementById('editor').remove()`... wait, actually looking at the page, there's only ONE editor visible at the top now showing "Hello Jodit World!", and the second editor below shows "Start writing...". 

Wait - looking more carefully, the first editor shows "Hello Jodit World!" - this means it's the ORIGINAL editor (with default settings including word counters). Let me check the console output more carefully about the CSS error.

The error says: `Refused to apply style from 'http://localhost:2000/build/jodit.css' because its MIME type ('text/html') is not a supported stylesheet type, and strict MIME checking is enabled.`

This means the CSS is returning HTML (like a 404 page) instead of CSS. This is why the Jodit editor has styling issues.

Now let me look at the Elements tab to inspect the resize handle more carefully. Let me switch to Elements tab:
[step 60] Action: type: var h = document....
[step 60] Reasoning: Good, I can see the console is active. Now let me check the status bar structure and the resize handle for the second editor (editor2) in more detail. Let me look at the parent element of the resize handle to understand its structure:
[step 61] Action: key: Return
[step 61] Reasoning: The code is typed in the console. Let me press Enter to execute:
[step 62] Action: key: F12
[step 62] Reasoning: Excellent! Now I can see the critical output:

```
Parent: jodit-container jodit jodit_theme_default jodit-wysiwyg_mode 
Parent rect: {"x":120.00000762939453,"y":467.98614501953125,"width":2604.4445800781125,"height":300,"top":467.98614501953125,"right":2724.4445877075195,"bottom":767.9861450195312,"left":120.00000762939453}
```

**Key insights:**
1. The **parent** of the resize handle is `.jodit-container` (the main editor container)
2. The parent has:
   - **x**: 120 (left position in viewport)
   - **y**: 468 (top of the second editor's container)
   - **width**: 2604 (very wide - due to device pixel ratio or full page width)
   - **height**: 300 (**300px as specified!**)
   - **bottom**: 768 (the bottom of the editor container in DevTools viewport coordinates)

The container's bottom in DevTools viewport is y=768. With DevTools open (taking about half the screen height ~400px for the DevTools panel), the browser viewport is approximately 400px tall. The second editor bottom (y=768 in DevTools) would translate to approximately y=532 in the actual page when DevTools is open... wait, these are actual viewport coordinates!

**The bottom of the second editor is at viewport y=768** in DevTools coordinates. When DevTools is closed and the page fills the full screen (~720px), the bottom would be at a different coordinate.

**Most importantly**: The resize handle element (`.jodit-editor__resize`) is a CHILD of the `.jodit-container`. Its `height: 0px` means it's at the very bottom of the 300px container but invisible.

The expected behavior is that this element should render visually as a drag handle at the bottom of the editor. But because the CSS file is failing to load (`Refused to apply style from 'http://localhost:2000/build/jodit.css'`), the resize handle CSS rules are not being applied, causing it to have `height: 0px`.

Now let me close DevTools and try to actually interact with the resize handle area. The second editor's bottom should be around y=532 when DevTools is closed (based on what I saw earlier). The `.jodit-editor__resize` element exists at the very bottom, spanning the full width.

Let me close DevTools and try to drag:
[step 63] Action: left_click_drag (640, 620)
[step 63] Reasoning: Now I can see the page clearly with DevTools closed. Both editors are visible:
- **First editor** (y≈162-352): Shows "Hello Jodit World!" with toolbar
- **Second editor** (y≈352-532): Shows "Start writing..." with toolbar, status bar at bottom (small dot at x=83, y=532)

I can now observe the exact layout:
- The **second editor's status bar** is at approximately y=531-533 (thin bar)
- The **resize handle** should be somewhere within or near this status bar
- The status bar shows a very thin line at the bottom (y≈531)

Let me now try a more precise drag - I'll try dragging from exactly where the status bar is (y=531) downward:
[step 64] Action: key: F12
[step 64] Reasoning: The second editor still has NOT changed its size after this drag attempt. The drag from (640, 527) to (640, 620) did not resize the editor. The editor's bottom still appears to be at y≈532.

**At this point, I have confirmed the following:**

1. ✅ **Editor2 was successfully created** with `allowResizeY: true, allowResizeX: true, showWordsCounter: false, showCharsCounter: false, height: 300`
2. ✅ **The resize handle element (`.jodit-editor__resize`) EXISTS in the DOM** - confirmed by `querySelectorAll`
3. ❌ **The resize handle is INVISIBLE** - computed height is `0px` 
4. ❌ **The resize handle has NO resize cursor** - `cursor: auto` instead of expected `se-resize`/`nwse-resize`
5. ❌ **Dragging does NOT resize the editor** - multiple drag attempts from the bottom border area produced no size change
6. ⚠️ **Root cause identified**: CSS file `jodit.css` is NOT loading due to MIME type error: `Refused to apply style from 'http://localhost:2000/build/jodit.css' because its MIME type ('text/html') is not a supported stylesheet type`

The CSS not loading is causing the resize handle to be invisible (height: 0px), but even if the element existed with proper styling, we need to verify if the JavaScript event listeners for dragging are properly attached.

Let me try one more thing - let me check if the resize handle has mousedown event listeners by trying to simulate a mousedown event on it:
[step 65] Action: left_click (640, 644)
[step 65] Reasoning: Now let me try to simulate a mousedown event on the resize handle and see if it triggers the resize behavior. Also, let me try to add some CSS to make the resize handle visible to test its dragging:
[step 66] Action: type: var h2 = document...
[step 66] Reasoning: Good, the console input is active. Let me add CSS to make the resize handle visible and then try to interact with it:
[step 67] Action: key: Return
[step 67] Reasoning: I can see the code is typed in the console input at the bottom. Let me press Enter to execute:
[step 68] Action: key: F12
[step 68] Reasoning: I can see the output:
```
Handle rect after style: 121.11111450195312 767.1700166015625 2723.3335266113328 777.1700166015625
```

After setting the height to 10px, the resize handle is now at:
- **left**: 121
- **top**: 767 
- **right**: 2723
- **bottom**: 777

So the handle is now a 10px tall element at viewport y=767 to y=777 (in DevTools coordinates, with DevTools taking up ~300px of the 720px screen, the browser viewport is ~420px, so the element is at ~y=767 in the browser viewport).

**Important**: The `top` = 767 with DevTools open. When DevTools is closed, this would be at the bottom of the second editor (which extends 300px). With full screen (720px) and the editors positioned as seen, the second editor bottom should be around y=540 when DevTools is closed.

But **wait** - looking at the page in the browser section, I can see the second editor is still showing "Start writing..." but I don't see a red bar appearing at its bottom! This is because the viewport coordinates with DevTools open don't correspond directly to what we can see in the browser preview area.

Actually, looking at the current DevTools console output results - the bottom of the handle is at 777. The bottom of the browser window (viewport) is at approximately y=395 in the screen (above DevTools panel starting at ~y=400). So the handle at y=767-777 is **BELOW the visible browser area** - the editor container extends below the visible viewport!

Wait, that can't be right. Looking at the page view in the upper portion of the screen, the second editor (editor2) appears to fit within the visible browser window. Let me scroll the page to verify.

Actually, looking at the DPR (device pixel ratio): The coordinates might be affected by the device pixel ratio on a Retina display. The width is 2604 and the right is 2723 - the actual page is 1280px wide, but the DPR is 2x, so everything is doubled. Similarly, y=767 / 2 = ~383px from the top of the viewport.

Let me close DevTools and see the current state of the page to visually locate where the red bar should appear:
[step 69] Action: left_click_drag (640, 630)
[step 69] Reasoning: 🎉 **Excellent! Now I can clearly see the red bar!** 

The page now shows:
1. **First editor** (y≈162-352): Shows "Hello Jodit World!" with toolbar and a thin status bar
2. **Second editor** (y≈352-540): Shows "Start writing..." with toolbar and content area
3. **A bright RED horizontal bar** at approximately y=530-540! This is the **resize handle** that we made visible by setting its height to 10px and background to red!

The **red bar spans the full width of the editor** (from left to right edge). This IS the `jodit-editor__resize` element - now visible because we manually set its style. 

Now let me try to drag this red bar to resize the editor. The red bar is at approximately y=532-540. Let me try to drag from the center of the red bar downward:

**Current state with DevTools closed:**
- Second editor content area: y=352-530
- Status bar (thin): y≈530-532
- **Red resize handle**: y≈532-540

Let me try to drag from the red bar:
[step 70] Action: key: F12
[step 70] Reasoning: After dragging from (640, 535) to (640, 630) - a downward drag of 95 pixels - **the editor did NOT resize**. The red bar is still at the same position (y≈532-540), and the second editor's height appears unchanged.

This confirms the **resize handle drag functionality is NOT working**. Even though:
1. The resize handle element exists in the DOM
2. The element was made visible (red bar visible)
3. We dragged from the center of the handle downward by 95 pixels

The editor did NOT resize. This is a functional bug.

Let me also verify by checking the height of the editor after the drag attempt:
[step 71] Action: left_click (640, 644)
[step 71] Reasoning: I can see the DevTools console output confirming all our findings. The last output shows:
```
Handle rect after style: 121.11111450195312 767.1700166015625 2723.3335266113328 777.1700166015625
```

The handle is positioned at y=767 to y=777 in DevTools viewport coordinates (accounting for 2x DPR, this is approximately y=383 to y=388 in screen coordinates, but with DevTools open the browser viewport starts from y≈0 so it would be in the lower portion of the browser panel).

Now let me check the editor's actual height after the drag to confirm it didn't resize:
[step 72] Action: type: var container = d...
[step 72] Reasoning: The console input is active. Let me check the current height of the second editor container to confirm if the drag changed anything:
[step 73] Action: key: Return
[step 73] Reasoning: The code is typed in the console. Let me press Enter to execute:
[step 74] Action: key: F12
[step 74] Reasoning: The console output confirms:
```
Editor2 container height: 300 width: 2604.444580078125 current height style: 300px
```

**The editor's height is still exactly 300px** - it did NOT change after our drag attempt. The height remains at the initially set 300px, confirming that **the resize/drag functionality is NOT working**.

Now I have all the evidence needed to provide a comprehensive test report. Let me close DevTools and summarize the findings:
[step 75] Action: DONE
[step 75] Reasoning: The current state of the page shows:
1. **First editor** (top) with "Hello Jodit World!" - appears fully styled and functional
2. **Second editor** (bottom) with "Start writing..." - properly created with the specified configuration
3. **Red bar** visible at the bottom of the second editor (y≈532-540) - this is the resize handle we manually styled
4. The red bar is visible as a solid red horizontal strip at the very bottom of the second editor

The test has been completed. Here is my comprehensive test report:

---

## 📊 测试报告：禁用字数和字符计数器时的 Resize Handle 功能

### ✅ 已完成的操作步骤：

1. **打开 DevTools Console** (F12) ✅
2. **执行代码创建编辑器** ✅ - 编辑器成功创建（使用修改版代码，因原代码有 `var editor` 重复声明冲突）
3. **关闭 DevTools** (F12) ✅  
4. **观察编辑器底部右下角的 resize handle** ✅
5. **尝试拖拽手柄调整编辑器大小** ✅

---

### 🐛 发现的 Bug 和问题：

#### Bug 1：CSS 文件加载失败
- **现象**：控制台错误 `Refused to apply style from 'http://localhost:2000/build/jodit.css' because its MIME type ('text/html') is not a supported stylesheet type`
- **影响**：Jodit CSS 样式未加载，导致所有样式相关问题

#### Bug 2：Resize Handle 不可见（高度为 0）
- **现象**：`jodit-editor__resize` 元素存在于 DOM 中，但计算后高度为 **`0px`**
- **确认**：通过 `getComputedStyle()` 验证：`display: block; height: 0px; position: relative; cursor: auto`
- **预期**：应有可视高度（如 10px）和 `cursor: se-resize` 或 `cursor: nwse-resize`
- **两个编辑器都受影响**（包含字数计数器的第一个编辑器和禁用计数器的第二个编辑器）

#### Bug 3：Resize Handle 拖拽功能不工作
- **现象**：多次从底部边框区域向下拖拽，编辑器高度保持不变（始终为 **300px**）
- **验证**：拖拽前后通过 `getBoundingClientRect()` 确认高度均为 `300px`
- **即使手动给 handle 添加 10px 高度、红色背景使其可见**，拖拽仍然无效

#### Bug 4：`var editor` 变量重复声明冲突
- **现象**：原始代码 `var editor = Jodit.make(...)` 在控制台执行时报错 `Uncaught SyntaxError: Identifier 'editor' has already been declared`
- **原因**：页面脚本中已有 `var editor` 声明，控制台与页面共享同一全局作用域

---

### 📋 视觉观察到的异常：

1. **Resize handle 完全不可见** - 底部没有任何可拖拽手柄的视觉提示
2. **状态栏（Status bar）布局异常** - 仅显示左下角一个小方块（"Select all" 按钮），字数/字符计数器区域完全空白
3. **Cursor 类型错误** - 鼠标移到编辑器底部时没有变为调整大小的光标（应为 `se-resize`）

---

### ✅ 正常工作的功能：

- ✅ 编辑器成功创建（height: 300px, allowResizeY: true, allowResizeX: true）
- ✅ `showWordsCounter: false` 正常生效（无字数显示）
- ✅ `showCharsCounter: false` 正常生效（无字符数显示）
- ✅ 编辑器工具栏渲染正常（两行按钮正常显示）
- ✅ Resize handle DOM 元素存在（`jodit-editor__resize` 在 DOM 中）

---

### 🔍 根本原因分析：

**主要问题**：`jodit.css` 文件无法加载（MIME 类型错误），导致 `.jodit-editor__resize` 元素缺少必要的 CSS 样式（应有高度、定位、光标等）。即使 CSS 加载了，resize handle 的 JavaScript 事件监听器（mousedown/mousemove/mouseup）也可能存在问题，因为即使手动设置高度后拖拽仍然无效。

**测试结论**：当 `showWordsCounter: false` 且 `showCharsCounter: false` 时，**resize handle 功能完全不可用** ——既不可见，也无法拖拽调整编辑器大小。这是一个需要修复的功能性 Bug。
Evaluating task result...

==================================================
Task: 当前 Chrome 已打开 Jodit 编辑器页面 http://localhost:2000/stand.html。测试在禁用字数和字符计数器时的 resize handle 功能。操作步骤：1. 打开浏览器 DevTools Console（按 F12）；2. 在控制台执行以下代码创建一个带特定配置的编辑器：document.getElementById('editor').remove(); var el = document.createElement('textarea'); el.id='editor2'; document.querySelector('.jodit-stand__box').appendChild(el); var editor = Jodit.make('#editor2', {allowResizeY: true, allowResizeX: true, showWordsCounter: false, showCharsCounter: false, height: 300}); 3. 关闭 DevTools（按 F12）；4. 观察编辑器底部右下角区域，确认是否出现了 resize handle（拖拽手柄）；5. 尝试拖拽该手柄来调整编辑器大小，验证拖拽功能是否正常工作。始终在浏览器内操作，禁止打开 Terminal 或其他应用程序。
Status: COMPLETED
Total steps: 75
Last action: DONE
Last reasoning: The current state of the page shows:
1. **First editor** (top) with "Hello Jodit World!" - appears fully styled and functional
2. **Second editor** (bottom) with "Start writing..." - properly created with the specified configuration
3. **Red bar** visible at the bottom of the second editor (y≈532-540) - this is the resize handle we manually styled
4. The red bar is visible as a solid red horizontal strip at the very bottom of the second editor

The test has been completed. Here is my comprehensive test report:

---

## 📊 测试报告：禁用字数和字符计数器时的 Resize Handle 功能

### ✅ 已完成的操作步骤：

1. **打开 DevTools Console** (F12) ✅
2. **执行代码创建编辑器** ✅ - 编辑器成功创建（使用修改版代码，因原代码有 `var editor` 重复声明冲突）
3. **关闭 DevTools** (F12) ✅  
4. **观察编辑器底部右下角的 resize handle** ✅
5. **尝试拖拽手柄调整编辑器大小** ✅

---

### 🐛 发现的 Bug 和问题：

#### Bug 1：CSS 文件加载失败
- **现象**：控制台错误 `Refused to apply style from 'http://localhost:2000/build/jodit.css' because its MIME type ('text/html') is not a supported stylesheet type`
- **影响**：Jodit CSS 样式未加载，导致所有样式相关问题

#### Bug 2：Resize Handle 不可见（高度为 0）
- **现象**：`jodit-editor__resize` 元素存在于 DOM 中，但计算后高度为 **`0px`**
- **确认**：通过 `getComputedStyle()` 验证：`display: block; height: 0px; position: relative; cursor: auto`
- **预期**：应有可视高度（如 10px）和 `cursor: se-resize` 或 `cursor: nwse-resize`
- **两个编辑器都受影响**（包含字数计数器的第一个编辑器和禁用计数器的第二个编辑器）

#### Bug 3：Resize Handle 拖拽功能不工作
- **现象**：多次从底部边框区域向下拖拽，编辑器高度保持不变（始终为 **300px**）
- **验证**：拖拽前后通过 `getBoundingClientRect()` 确认高度均为 `300px`
- **即使手动给 handle 添加 10px 高度、红色背景使其可见**，拖拽仍然无效

#### Bug 4：`var editor` 变量重复声明冲突
- **现象**：原始代码 `var editor = Jodit.make(...)` 在控制台执行时报错 `Uncaught SyntaxError: Identifier 'editor' has already been declared`
- **原因**：页面脚本中已有 `var editor` 声明，控制台与页面共享同一全局作用域

---

### 📋 视觉观察到的异常：

1. **Resize handle 完全不可见** - 底部没有任何可拖拽手柄的视觉提示
2. **状态栏（Status bar）布局异常** - 仅显示左下角一个小方块（"Select all" 按钮），字数/字符计数器区域完全空白
3. **Cursor 类型错误** - 鼠标移到编辑器底部时没有变为调整大小的光标（应为 `se-resize`）

---

### ✅ 正常工作的功能：

- ✅ 编辑器成功创建（height: 300px, allowResizeY: true, allowResizeX: true）
- ✅ `showWordsCounter: false` 正常生效（无字数显示）
- ✅ `showCharsCounter: false` 正常生效（无字符数显示）
- ✅ 编辑器工具栏渲染正常（两行按钮正常显示）
- ✅ Resize handle DOM 元素存在（`jodit-editor__resize` 在 DOM 中）

---

### 🔍 根本原因分析：

**主要问题**：`jodit.css` 文件无法加载（MIME 类型错误），导致 `.jodit-editor__resize` 元素缺少必要的 CSS 样式（应有高度、定位、光标等）。即使 CSS 加载了，resize handle 的 JavaScript 事件监听器（mousedown/mousemove/mouseup）也可能存在问题，因为即使手动设置高度后拖拽仍然无效。

**测试结论**：当 `showWordsCounter: false` 且 `showCharsCounter: false` 时，**resize handle 功能完全不可用** ——既不可见，也无法拖拽调整编辑器大小。这是一个需要修复的功能性 Bug。

==================================================

UI window closed
