Session created: sess-20260419025243-ac80ab68d52249bbafcd99bb408cc829
UI panel initialized successfully
UI window displayed
Expected result: 图片属性对话框中的所有元素布局正常，图片尺寸输入区域排列整齐，锁定宽高比的锁图标大小适当且对齐正确，图片预览区域显示正常，整体对话框无样式错乱或元素错位现象。
[step 0] Action: Initializing
[step 0] Reasoning: Initializing session connection
[step 0] Action: screenshot
[step 1] Action: key: F12
[step 1] Reasoning: I can see the Jodit editor with the "Hello Jodit World!" text and a "Test Image" placeholder image below it. The developer tools are open at the bottom. Let me close the dev tools and then try to double-click on the image to open the image properties dialog.
[step 2] Action: double_click (119, 299)
[step 2] Reasoning: The developer tools are now closed. I can see the Jodit editor with:
- "Hello Jodit World!" text
- A "Test Image" placeholder image (showing as broken image icon with text)
- "Some text after the image." below

Now let me double-click on the image to open the image properties dialog.
[step 3] Action: screenshot
[step 3] Reasoning: The image properties dialog has opened ("Свойства изображения" = "Image Properties" in Russian). Let me take a careful look at the dialog layout. I can see several issues already:

1. The left side of the dialog appears to have an image preview area that seems empty/white
2. The width (300) and height (200) input fields are showing at the bottom left of the dialog
3. There's a lock icon between the width and height fields

Let me take a more detailed screenshot to observe the full dialog layout more carefully.
[step 4] Action: scroll up (640, 375) scroll_amount 3
[step 4] Reasoning: Now I can see the image properties dialog clearly. Let me analyze the layout issues in detail:

**Observations on the dialog layout:**

1. **Left panel (image preview area)**: The left side of the dialog (approximately the area from x=450 to x=590) appears to be a blank/empty white area - this is where the image preview should appear, but it's completely empty/white. This is a visual issue.

2. **Width and Height fields**: I can see "300" and "200" input fields at the bottom left of the dialog (around y=348). However, the positioning of these fields is problematic - they appear to be located at the very bottom of the preview area rather than being clearly labeled as "Width" and "Height" fields. There's no visible label for these fields.

3. **Lock icon**: There's a small lock icon (🔒) between the width (300) and height (200) fields. The lock icon appears to be small and positioned between the two input fields.

4. **Right panel**: Shows properly with src URL, title (Заголовок), alt text (Альтернативный текст), link (Ссылка), and checkbox.

5. **Image preview**: The left section is entirely blank - no image preview is showing despite the image having a valid src URL.

Let me zoom in on the dialog to better observe these issues by taking a closer look at the specific areas.
[step 5] Action: screenshot
[step 5] Reasoning: The dialog remains the same. Let me take a very close look at the specific elements in the dialog. I can now clearly document what I see:

**Dialog Layout Analysis:**

1. **Left panel (image preview area)**: The left half of the dialog (approximately from x=447 to x=590) is completely blank/white - no image preview is displayed. There should be an image preview here.

2. **Width (300) and Height (200) fields**: Located at the bottom-left of the dialog (around y=348). These fields appear to be positioned below/outside the preview area. However, I notice they seem to be floating at the bottom edge of the preview section without clear labels like "Width" or "Height" text visible above them.

3. **Lock icon**: The small lock icon (🔒) between the width and height fields appears quite small and seems to be in the correct position between the two number inputs.

4. **Right panel**: Shows the "Изображение" tab with fields: src URL, Заголовок (title), Альтернативный текст/alt text ("Test Image"), Ссылка (link), and a checkbox.

Let me try to zoom into just the width/height area and the lock icon to better assess their layout issues.
[step 6] Action: screenshot
[step 6] Reasoning: Now I have a comprehensive view of the image properties dialog. Let me provide a detailed analysis of all the visual elements observed:

**Complete Layout Analysis of the Image Properties Dialog ("Свойства изображения"):**

**Dialog Structure:**
- The dialog has a title bar "Свойства изображения" with maximize (⬜) and close (✕) buttons
- Two tabs: "Изображение" (active) and "Расширенные" (disabled/inactive)
- Bottom action buttons: "Отмена" (Cancel), "Удалить" (Delete), and "Применить" (Apply)

**Left Panel (Image Preview Area) - MAJOR VISUAL BUG:**
- The entire left panel (approximately 140px wide) is **completely empty/white**
- There should be an image preview here, but NO preview image is displayed
- The preview area appears to be a blank white rectangle

**Width and Height Controls - LAYOUT ANOMALY:**
- The width input shows "300" and height shows "200"
- These are positioned at the **bottom edge of the left panel** (around y=348)
- They appear to be floating without visible "Width/Height" labels above them in the visible area
- The lock icon (🔒) between the two fields appears **very small** compared to the input fields
- The lock icon and fields appear to be at the bottom-left of the preview section, which seems oddly positioned

**Right Panel:**
- "src" field with URL: "https://via.placeholder.com/300x200/4a9..." (truncated)
- Two buttons next to src field (image and crop icons)
- "Заголовок" (Title) - empty input
- "Альтернативный текст (alt)" - contains "Test Image"
- "Ссылка" (Link) - empty input
- Checkbox "Открывать ссылку в новом окне" (Open link in new window)

**Key Issues Identified:**
1. **No image preview** in the left panel - the preview area is completely blank/empty
2. **Width/Height fields positioned oddly** - they appear at the bottom-left, potentially outside proper layout container
3. **Lock icon appears very small** relative to the input fields
4. The dialog appears to have **unbalanced layout** - large empty left area vs. content-heavy right panel
5. The right panel has lots of empty space at the bottom (around y=440-530 area) despite having space available

Here is the final screenshot documenting the current state of the dialog:
[step 7] Action: DONE
[step 7] Reasoning: I have successfully opened the image properties dialog and observed its layout. Here is my comprehensive report of what I found:

---

## 图片属性对话框（"Свойства изображения"）测试报告

### ✅ 成功操作
- 双击图片后，图片属性对话框成功弹出

### 📋 对话框整体结构
对话框由以下部分组成：
- **标题栏**：显示 "Свойства изображения"（图片属性），有最大化和关闭按钮
- **选项卡**：左侧 "Изображение"（图片，已激活），右侧 "Расширенные"（高级，灰色不可用状态）
- **底部按钮**：Отмена（取消）、Удалить（删除）、Применить（应用）

---

### 🐛 发现的视觉问题 / Bug

#### **严重问题 1：左侧图片预览区域完全空白**
- 对话框左侧约 140px 宽的区域（从 x≈447 到 x≈590）是**完全空白的白色区域**
- 应该显示图片预览，但**没有任何预览图片显示**
- 这是一个明显的视觉/功能缺陷

#### **严重问题 2：宽度和高度输入框位置异常**
- 宽度（300）和高度（200）输入框出现在**左侧面板的底部边缘**（y≈348）
- 这些字段悬浮在预览区域的底部，布局位置不合理
- **没有可见的 "宽度"/"高度" 标签文字**在输入框上方显示

#### **问题 3：锁图标（宽高比锁定）尺寸偏小且可能错位**
- 宽度和高度输入框之间的锁图标（🔒）非常小
- 与两个输入框相比，锁图标的大小比例不合适

#### **问题 4：对话框布局不平衡**
- 左侧：大面积空白（应为预览区+宽高控件）
- 右侧：字段紧凑排列，但下方有大量空白空间（y≈440~530 区域）
- 整体布局显得不对称和不专业

### ✅ 正常显示的元素
- src 输入框（显示图片 URL）
- Заголовок（标题）输入框
- Альтернативный текст（替代文本）输入框，显示 "Test Image"
- Ссылка（链接）输入框
- "在新窗口中打开链接" 复选框
- 底部三个操作按钮
Evaluating task result...

==================================================
Task: 当前 Chrome 浏览器已打开 Jodit 编辑器页面（http://localhost:2000/stand.html）。编辑器中已经有一张图片（蓝色占位图，写着 Test Image）。

你的任务是测试图片属性对话框的布局和样式。

操作步骤：
1. 首先，在编辑器内容区域找到那张蓝色的图片（在 Hello Jodit World! 文字下方）
2. 双击（double_click）这张图片，应该会弹出图片属性对话框
3. 如果双击没有反应，尝试单击选中图片后，在工具栏中找到图片相关按钮（铅笔/编辑图标）
4. 在图片属性对话框中，仔细观察：
   a) 对话框整体布局是否正常
   b) 宽度和高度输入框的排列是否整齐
   c) 锁定宽高比的锁图标大小是否合适、是否与输入框对齐
   d) 图片预览区域显示是否正常
   e) 有没有元素错位、重叠、或样式错乱
5. 截图记录你看到的状态

重要：始终在浏览器内操作，禁止打开 Terminal 或其他应用程序。如果找不到目标功能，直接报告 unclear。
Status: COMPLETED
Total steps: 7
Last action: DONE
Last reasoning: I have successfully opened the image properties dialog and observed its layout. Here is my comprehensive report of what I found:

---

## 图片属性对话框（"Свойства изображения"）测试报告

### ✅ 成功操作
- 双击图片后，图片属性对话框成功弹出

### 📋 对话框整体结构
对话框由以下部分组成：
- **标题栏**：显示 "Свойства изображения"（图片属性），有最大化和关闭按钮
- **选项卡**：左侧 "Изображение"（图片，已激活），右侧 "Расширенные"（高级，灰色不可用状态）
- **底部按钮**：Отмена（取消）、Удалить（删除）、Применить（应用）

---

### 🐛 发现的视觉问题 / Bug

#### **严重问题 1：左侧图片预览区域完全空白**
- 对话框左侧约 140px 宽的区域（从 x≈447 到 x≈590）是**完全空白的白色区域**
- 应该显示图片预览，但**没有任何预览图片显示**
- 这是一个明显的视觉/功能缺陷

#### **严重问题 2：宽度和高度输入框位置异常**
- 宽度（300）和高度（200）输入框出现在**左侧面板的底部边缘**（y≈348）
- 这些字段悬浮在预览区域的底部，布局位置不合理
- **没有可见的 "宽度"/"高度" 标签文字**在输入框上方显示

#### **问题 3：锁图标（宽高比锁定）尺寸偏小且可能错位**
- 宽度和高度输入框之间的锁图标（🔒）非常小
- 与两个输入框相比，锁图标的大小比例不合适

#### **问题 4：对话框布局不平衡**
- 左侧：大面积空白（应为预览区+宽高控件）
- 右侧：字段紧凑排列，但下方有大量空白空间（y≈440~530 区域）
- 整体布局显得不对称和不专业

### ✅ 正常显示的元素
- src 输入框（显示图片 URL）
- Заголовок（标题）输入框
- Альтернативный текст（替代文本）输入框，显示 "Test Image"
- Ссылка（链接）输入框
- "在新窗口中打开链接" 复选框
- 底部三个操作按钮

==================================================

UI window closed
