Session created: sess-20260417013228-f5a37b2f014a49948c8fbe3faffd6768
UI panel initialized successfully
UI window displayed
Expected result: 修改Stroke Color后地图线条颜色应立即更新
[step 0] Action: Initializing
[step 0] Reasoning: Initializing session connection
[step 0] Action: screenshot
[step 1] Action: left_click (778, 93)
[step 1] Reasoning: I can see the kepler.gl website is open with the "Add Data To Map" dialog. There's also a Chrome restore dialog. Let me first dismiss the Chrome restore dialog and then proceed with the task.
[step 2] Action: left_click (405, 438)
[step 2] Reasoning: The Chrome restore dialog is dismissed. Now I can see the "Add Data To Map" dialog with the "browse your files" link. Let me click on it to open the file browser.
[step 3] Action: left_click (251, 318)
[step 3] Reasoning: The file browser is open. I can see the directory structure. I need to navigate to the Desktop folder to find the test-lines.geojson file. I can see "桌面" (Desktop) in the list. Let me click on it.
[step 4] Action: left_click (441, 230)
[step 4] Reasoning: I can see the Desktop folder is selected and the "test-lines.geojson" file is visible in the right panel. Let me click on it to select it.
[step 5] Action: left_click (655, 453)
[step 5] Reasoning: I can see the test-lines.geojson file is selected and a preview of its content is shown. It contains LineString data as expected. Now let me click the "打开" (Open) button to upload the file.
[step 6] Action: left_click (172, 325)
[step 6] Reasoning: Excellent! The file has been uploaded successfully! I can see:
1. The dataset "test-lines.geojson" with 3 rows is now loaded in the Datasets panel
2. A layer called "test-lines" (GeoJson) has been created in the Layers panel
3. The map now shows line data (visible as pinkish/white lines on the map)

Now I need to expand the layer configuration to find the Stroke Color setting. Let me click on the layer to expand its configuration.
[step 7] Action: left_click (48, 494)
[step 7] Reasoning: The layer configuration has expanded and I can clearly see the "Stroke Color" section. It shows a pinkish/red color swatch currently. I need to click on that color swatch to change it to orange. Let me click on the pink color swatch.
[step 8] Action: left_click (120, 517)
[step 8] Reasoning: A color picker has appeared with "Preset Colors" and "Color Picker" tabs. I can see a color gradient. There are two options - I can either use the Color Picker to enter the hex value for orange, or I can try to click directly on the orange area in the gradient. Let me click on "Color Picker" tab to enter the hex value for orange (#FF8000 or #FFA500).
[step 9] Action: scroll down (104, 580) scroll_amount 3
[step 9] Reasoning: I'm now on the "Color Picker" tab and I can see a color gradient showing pink/magenta tones. I need to scroll down to see if there's a hex input field to enter the orange color value. Let me scroll down in the left panel to see if there's a hex input field.
[step 10] Action: triple_click
[step 10] Reasoning: Now I can see the full color picker with a color gradient, a hue slider, and input fields for Hex, R, G, B values. The current color is E79FD5 (pinkish). I need to change it to orange. Let me click on the Hex input field and enter the hex value for orange (FFA500).
[step 11] Action: type: FFA500
[step 11] Reasoning: I can see the hex input field is now selected (the text appears to be highlighted in the Hex field). Now let me type the orange color hex code (FFA500).
[step 12] Action: key: Return
[step 12] Reasoning: Excellent! The color has been successfully changed to orange! I can see:

1. The Hex field now shows "FFA500" (orange)
2. The color swatch in the Stroke Color section now shows orange
3. **Most importantly, the lines on the map have changed from pink/white to orange color!**

The color picker shows the orange gradient and the RGB values are 255, 165, 0 which corresponds to the orange color (#FFA500).

Let me press Enter to confirm the color change and then take a screenshot to verify the final state.
[step 13] Action: DONE
[step 13] Reasoning: The task has been completed successfully! Let me provide a comprehensive summary of what was accomplished:

## 测试结果总结

### 任务完成情况：✅ 成功

### 操作步骤：

1. **文件上传** ✅ - 点击了"browse your files"链接，导航到桌面（桌面文件夹），选择了`test-lines.geojson`文件并点击"打开"上传。

2. **数据加载** ✅ - 文件成功加载，显示"test-lines.geojson (3 rows)"在Datasets面板中，地图上出现了线条数据（粉色线条）。

3. **找到图层** ✅ - 在左侧图层面板中找到了"test-lines" (GeoJson)图层。

4. **展开图层配置** ✅ - 点击展开按钮后，找到了"Stroke Color"设置项。

5. **修改Stroke Color为橙色** ✅ - 点击颜色色块打开颜色选择器，切换到"Color Picker"标签，在Hex输入框中输入`FFA500`（橙色的十六进制值），颜色成功更改为橙色（RGB: 255, 165, 0）。

6. **地图线条颜色更新** ✅ - **地图线条颜色已从原来的粉红色/白色成功更新为橙色**，可以在地图上清楚地看到橙色线条。

### 功能测试结论：
**Stroke Color修改功能工作正常！** 颜色更改即时反映在地图上，没有发现任何功能性或视觉性问题。
Evaluating task result...

==================================================
Task: 当前Chrome浏览器已打开kepler.gl网站，地址是http://localhost:8080。桌面上已有一个test-lines.geojson文件（在Desktop文件夹中），包含LineString数据。请测试修改Stroke Color功能：1. 在Add Data对话框中点击browse your files，选择桌面上的test-lines.geojson文件上传；2. 数据加载后在左侧图层面板找到图层；3. 展开图层配置找到Stroke Color设置项；4. 修改Stroke Color为橙色；5. 观察地图线条颜色是否更新。始终在浏览器内操作，禁止打开Terminal、Finder或其他应用程序。
Status: COMPLETED
Total steps: 13
Last action: DONE
Last reasoning: The task has been completed successfully! Let me provide a comprehensive summary of what was accomplished:

## 测试结果总结

### 任务完成情况：✅ 成功

### 操作步骤：

1. **文件上传** ✅ - 点击了"browse your files"链接，导航到桌面（桌面文件夹），选择了`test-lines.geojson`文件并点击"打开"上传。

2. **数据加载** ✅ - 文件成功加载，显示"test-lines.geojson (3 rows)"在Datasets面板中，地图上出现了线条数据（粉色线条）。

3. **找到图层** ✅ - 在左侧图层面板中找到了"test-lines" (GeoJson)图层。

4. **展开图层配置** ✅ - 点击展开按钮后，找到了"Stroke Color"设置项。

5. **修改Stroke Color为橙色** ✅ - 点击颜色色块打开颜色选择器，切换到"Color Picker"标签，在Hex输入框中输入`FFA500`（橙色的十六进制值），颜色成功更改为橙色（RGB: 255, 165, 0）。

6. **地图线条颜色更新** ✅ - **地图线条颜色已从原来的粉红色/白色成功更新为橙色**，可以在地图上清楚地看到橙色线条。

### 功能测试结论：
**Stroke Color修改功能工作正常！** 颜色更改即时反映在地图上，没有发现任何功能性或视觉性问题。

==================================================

UI window closed
