Session created: sess-20260425014826-b2c7cad7b77e469ca19fb0103e498e56
UI panel initialized successfully
UI window displayed
Expected result: 保存操作应成功完成：要么自动生成一个笔记标题并成功保存笔记，要么显示明确的错误/提示消息告知用户需要输入标题，而不应出现静默失败（即无任何反馈且笔记未保存）的情况。
[step 0] Action: Initializing
[step 0] Reasoning: Initializing session connection
[step 0] Action: screenshot
[step 1] Action: left_click (293, 33)
[step 1] Reasoning: 页面显示为空白，让我等待一下并刷新页面。
[step 2] Action: key: F5
[step 2] Reasoning: 页面仍然是空白的。让我尝试刷新页面。
[step 3] Action: Open url: http://localhost:5173/
[step 3] Reasoning: 页面依然空白。让我尝试使用 `open_url` 工具重新加载页面，并等待几秒钟。
[step 4] Action: wait
[step 4] Reasoning: 页面仍然是空白的，打开了一个新标签页。让我等待几秒后再截图查看加载状态。
[step 5] Action: left_click (293, 33)
[step 5] Reasoning: 页面仍然空白。我注意到当前活跃的是第二个新标签页（Laverna），而第一个标签页（也是Laverna）也是空白的。让我尝试点击第一个标签页，然后进行硬刷新。
[step 6] Action: key: cmd+shift+r
[step 6] Reasoning: 页面仍然是空白的。让我尝试硬刷新（Command+Shift+R）来强制重新加载页面，清除缓存。
[step 7] Action: left_click (640, 62)
[step 7] Reasoning: 页面依然空白。让我尝试等待更长时间，并检查页面是否在加载中（注意标签页上的图标状态）。同时让我也尝试点击地址栏并重新导航。
[step 8] Action: key: Return
[step 8] Reasoning: 好的，地址栏已选中，显示 `localhost:5173`，但页面是空白的。让我按下回车键重新导航到该页面。
[step 9] Action: wait
[step 9] Reasoning: 页面仍然空白。看来该页面就是一个空白页面，或者需要更多时间加载。让我等待5秒后再检查。
[step 10] Action: left_click (293, 33)
[step 10] Reasoning: 等待了5秒，页面仍然空白。注意到页面标题标签显示"Laverna"，这说明页面已连接到该应用，但显示内容为空。这可能是一个应用加载问题或者应用需要某种初始化操作。

让我尝试点击第一个Laverna标签页（可能有不同的状态），并检查页面内容。
[step 11] Action: key: cmd+minus
[step 11] Reasoning: 页面仍然是空白的。我注意到两个标签页都显示 "Laverna" 的标题和图标，地址栏都显示 `localhost:5173`，但内容区域完全空白。

这种情况可能是因为：
1. 页面需要某种特定的浏览器窗口大小
2. 内容区域可能在屏幕外（布局问题）
3. 该版本的应用存在渲染问题

让我尝试缩小页面看看是否有隐藏内容，或者查看页面源码确认是否有内容加载。让我尝试使用 Ctrl+- 缩小页面。
[step 12] Action: key: cmd+0
[step 13] Action: left_click (640, 62)
[step 13] Reasoning: 页面仍然是空白的。让我尝试通过 Chrome 的"查看源代码"功能查看页面结构，但是这不是开发者工具，仅仅是查看源代码。让我通过导航到 view-source: URL 来看看页面内容。

实际上，我注意到任务要求不打开 DevTools。让我改为尝试不同的方法 - 通过 Chrome 菜单查看页面源代码。

让我先最小化右上角的面板，看看是否有遮挡。

实际上，让我重新检查整体情况。两个标签页都显示 "Laverna"，但内容区域空白。这种情况可能是因为 JavaScript 需要一些时间渲染。

让我尝试使用 `view-source:` 协议查看页面是否有内容。
[step 14] Action: type: localhost:5173
[step 15] Action: left_click (640, 89)
[step 15] Reasoning: 好的，现在我在地址栏输入了 `localhost:5173`，并且可以看到下拉建议列表显示 "Laverna - localhost:5173 - 切换到这个标签页"。让我点击这个选项切换到已有的标签页。
[step 16] Action: right_click (640, 400)
[step 16] Reasoning: 页面仍然空白。我现在看到该页面在经过多次尝试后一直保持空白状态。让我通过右键点击页面查看"查看页面源代码"来了解页面内容，这是 Chrome 的内置功能，不算使用开发者工具。
[step 17] Action: left_click (681, 612)
[step 17] Reasoning: 出现了右键菜单，我可以看到"显示网页源代码"选项。让我点击它查看页面内容。
[step 18] Action: left_click (614, 33)
[step 18] Reasoning: 现在我可以看到页面的源代码。页面是有内容的！我可以看到：
- 这是一个完整的 HTML 文档
- 标题是 "Laverna" 
- 它是一个笔记应用程序（"Note taking web app with markdown support"）
- HTML 中有 `class="no-js"` 这可能是问题所在
- 第8行有 `<html class="no-js">` - 这意味着 JavaScript 可能没有正常加载
- 页面有 layout 元素，但内容区域是空的

我注意到 `<body class="-noscroll">` - 这可能表示 JavaScript 控制着布局渲染。

页面结构存在，但渲染可能依赖于 JavaScript 应用初始化。这解释了为什么页面在浏览器中显示为空白，但源代码实际上有内容。

让我关闭这个源码标签，回到 Laverna 页面，尝试直接交互。也许内容存在，只是在背景中。

让我点击第三个 Laverna 标签（最后打开的那个）。
[step 19] Action: left_click (640, 62)
[step 19] Reasoning: 页面依然空白。我注意到从源代码中，HTML 有 `class="no-js"` 说明 JavaScript 没有正常运行，这通常被 Modernizr.js 脚本检测和修改。Laverna 是一个需要 JavaScript 的单页应用（SPA）。

让我检查一下，从源代码中我看到页面引用了一个 Bower 组件文件 `bower_components/modernizr/modernizr.js`。这可能是应用加载失败的原因，依赖文件可能没有正确提供。

但是，任务要求我在浏览器内操作，不使用终端。让我尝试一个不同的方法 - 直接在浏览器中尝试导航到应用的特定功能路由，因为 Laverna 通常使用哈希路由。

让我尝试访问 `localhost:5173/#/notes/new` 来尝试创建新笔记。
[step 20] Action: triple_click
[step 20] Reasoning: 好的，地址栏已选中，显示 `localhost:5173`。让我清除它并输入新的 URL。
[step 21] Action: type: localhost:5173/#/...
[step 22] Action: key: Return
[step 23] Action: left_click (293, 33)
[step 23] Reasoning: 页面仍然空白，即使在导航到 `localhost:5173/#/notes/new` 后。我已经在多次不同的尝试中看到同样的空白页面。

让我尝试点击第二个 Laverna 标签（可能是原始标签，有时应用需要时间初始化）：

让我切换到第二个 Laverna 标签（顺序为第 2 个）并等待更长时间。
[step 24] Action: DONE
[step 24] Reasoning: 页面仍然空白。我已经多次尝试不同的方法，页面始终保持空白。从源代码中，我看到页面有 `class="no-js"` 的 HTML 标签和空的 `layout--content` div，这表明应用的 JavaScript 框架没有正常加载和初始化。

根据任务指令，如果页面空白或无法加载，直接标记 result 为 unclear 并说明。

---

## 测试结果报告

### 结论：**result = unclear**

### 说明

**页面状态：**
页面 `http://localhost:5173/`（Laverna 笔记应用）完全无法正常渲染。尽管经过多次尝试（包括刷新、硬刷新、哈希路由导航 `/#/notes/new`），浏览器页面内容区域始终显示为完全空白（白色页面，无任何可见 UI 元素）。

**诊断信息（通过"显示网页源代码"观察）：**
- 页面服务器响应正常，HTML 文档结构存在（含 `<title>Laverna</title>`、CSS 引用、JS 引用等）。
- `<html>` 标签带有 `class="no-js"`，说明 JavaScript 初始化阶段失败（Modernizr.js 本应移除此 class）。
- 内容区域 `<div id="layout--content" class="layout--content hidden-xs">` 为空，无实际 UI 渲染。
- 应用依赖 `bower_components/modernizr/modernizr.js`，该文件可能未正确提供（导致整个 JavaScript 应用链无法启动）。

**影响：**
由于 Laverna 是一个单页应用（SPA），所有 UI 元素（包括"新建笔记"按钮、标题输入框、正文输入区、保存按钮）都需要 JavaScript 渲染才能显示。JavaScript 未能正常初始化导致页面完全空白，无法完成"创建无标题新笔记并保存"的测试任务。

**结果：unclear** — 页面空白/应用无法加载，无法进行任何笔记操作测试。
Evaluating task result...

==================================================
Task: 当前Chrome浏览器已打开Laverna笔记应用，地址是http://localhost:5173/。创建一条新笔记，不输入任何标题，只在正文中输入一些内容（比如输入'Hello this is a test note without title'），然后点击保存按钮，观察笔记是否保存成功或是否出现相应的提示信息。请始终在浏览器内操作，禁止打开 Terminal、Finder 或其他应用程序。如果页面空白或无法加载，直接标记 result 为 unclear 并说明。
Status: COMPLETED
Total steps: 24
Last action: DONE
Last reasoning: 页面仍然空白。我已经多次尝试不同的方法，页面始终保持空白。从源代码中，我看到页面有 `class="no-js"` 的 HTML 标签和空的 `layout--content` div，这表明应用的 JavaScript 框架没有正常加载和初始化。

根据任务指令，如果页面空白或无法加载，直接标记 result 为 unclear 并说明。

---

## 测试结果报告

### 结论：**result = unclear**

### 说明

**页面状态：**
页面 `http://localhost:5173/`（Laverna 笔记应用）完全无法正常渲染。尽管经过多次尝试（包括刷新、硬刷新、哈希路由导航 `/#/notes/new`），浏览器页面内容区域始终显示为完全空白（白色页面，无任何可见 UI 元素）。

**诊断信息（通过"显示网页源代码"观察）：**
- 页面服务器响应正常，HTML 文档结构存在（含 `<title>Laverna</title>`、CSS 引用、JS 引用等）。
- `<html>` 标签带有 `class="no-js"`，说明 JavaScript 初始化阶段失败（Modernizr.js 本应移除此 class）。
- 内容区域 `<div id="layout--content" class="layout--content hidden-xs">` 为空，无实际 UI 渲染。
- 应用依赖 `bower_components/modernizr/modernizr.js`，该文件可能未正确提供（导致整个 JavaScript 应用链无法启动）。

**影响：**
由于 Laverna 是一个单页应用（SPA），所有 UI 元素（包括"新建笔记"按钮、标题输入框、正文输入区、保存按钮）都需要 JavaScript 渲染才能显示。JavaScript 未能正常初始化导致页面完全空白，无法完成"创建无标题新笔记并保存"的测试任务。

**结果：unclear** — 页面空白/应用无法加载，无法进行任何笔记操作测试。

==================================================

UI window closed
