Session created: sess-20260427215731-c10145395a454b01ae7e443fdb5a3ca6
UI panel initialized successfully
UI window displayed
Expected result: 拖拽圆形中心标记时，圆形应能正常跟随移动并更新位置，编辑功能完全可用。
[step 0] Action: Initializing
[step 0] Reasoning: Initializing session connection
[step 0] Action: screenshot
[step 1] Action: key: Escape
[step 1] Reasoning: 我可以看到Leaflet Geoman演示页面已经打开。页面左侧有一个地图工具栏，我需要找到圆形绘制工具。让我先关闭弹出的通知，然后仔细查看工具栏。
[step 2] Action: mouse_move (857, 415)
[step 2] Reasoning: 我可以看到地图和左侧的工具栏。工具栏中有多个工具图标。我需要找到圆形绘制工具。工具栏中我可以看到一个圆圈图标（大约在第6个位置）。让我仔细查看工具栏的图标，放大截图来确认每个图标的位置。

从截图可以看到左侧工具栏（约x=857）有以下图标（从上到下）：
- 定位/GPS图标 (y≈335)
- 线条/折线工具 (y≈355)
- 矩形工具 (y≈375)
- 多边形工具 (y≈395)
- 圆形工具 (y≈415)
- 小圆圆形工具 (y≈435)
- 文字工具 (y≈455)
- ...等

让我放大工具栏区域查看每个图标：
[step 3] Action: left_click (857, 435)
[step 3] Reasoning: 我注意到当鼠标移到某个工具时显示了"Draw Circle"的提示文字，但光标位置有点偏差（显示1285,622，但我设置的是857,415）。让我看看实际屏幕上鼠标移到哪里了。

我可以在工具栏中看到"Draw Circle"的提示，说明那个位置确实是圆形绘制工具。我看到第5行左右的工具图标旁边有"Draw Circle"的工具提示文字（在地图左侧边栏约y=435的位置）。

让我点击圆形绘制工具：
[step 4] Action: left_click (884, 435)
[step 4] Reasoning: 我看到点击了一个工具，但弹出的是"Cancel"按钮和"Click to place circle marker"的提示文字，这说明我点击了"Circle Marker"（圆形标记点）工具，而不是"Circle"（圆形）工具。我需要找正确的圆形绘制工具。

让我先取消当前操作，然后查找正确的圆形绘制工具（Circle，不是Circle Marker）：
[step 5] Action: mouse_move (857, 415)
[step 5] Reasoning: 已取消圆形标记工具。现在我需要找到"Draw Circle"工具（不是Circle Marker）。工具栏中应该有一个圆形绘制工具。让我悬停在不同的图标上来找正确的工具。

从工具栏图标来看（约在x=857处）：
- y≈335: 定位/GPS图标
- y≈355: 线条/折线工具
- y≈375: 矩形工具
- y≈395: 多边形工具
- y≈415: 圆圈工具（可能是Circle）
- y≈435: 小圆圈工具（Circle Marker，刚才点击的）
- y≈455: 文字工具

让我悬停在y≈415处看工具提示：
[step 6] Action: screenshot
[step 6] Reasoning: 我可以看到"Draw Circle"的工具提示文字出现在地图上。但是当我试图移动到那个位置时，实际光标落在了屏幕底部右角（1285,622）。这是个坐标系问题。

注意到坐标系问题 - 我的目标坐标(857, 415)实际上被映射到(1285, 622)。这可能是由于有一个中间显示层的问题，或者实际的地图不在我看到的位置。

让我观察屏幕，注意到地图实际在页面右侧（从约x=840开始），"Draw Circle"工具提示在工具栏靠近y=435的地方，说明工具栏位于x≈857处，但那是一个右侧偏移的地图。

我注意到当移动到(857, 415)时光标显示在(1285, 622)，但工具提示"Draw Circle"显示在地图工具栏旁边。这意味着实际的工具栏图标区域可能在另一个位置。

让我截图看更清楚地图工具栏的位置：
[step 7] Action: left_click (857, 415)
[step 7] Reasoning: 我可以看到鼠标还是在工具栏上（"Draw Circle"提示仍然显示），并且光标位置应该在工具栏上。工具提示"Draw Circle"已经显示在y≈435的位置。

我明白了问题：之前我点击了(857, 435)，但由于坐标偏移，实际点击的是Circle Marker工具。"Draw Circle"工具提示现在显示在屏幕上，说明光标（坐标1285,622实际上）悬停在该工具上。

让我注意到这里有一个重要提示：当我在截图中看到光标在(1285,622)的位置，但工具提示"Draw Circle"显示的是靠近(855, 435)附近的位置。这说明屏幕的实际坐标和我截图中看到的坐标是相同的，只是鼠标移动命令的坐标输出报告不准确。

让我直接点击"Draw Circle"工具（工具栏上显示圆圈图标，在y≈415附近）：
[step 8] Action: left_click (960, 480)
[step 8] Reasoning: 我现在看到了"Click to place circle center"（点击以放置圆形中心）的提示，以及"Cancel"按钮。这说明我成功激活了**圆形绘制工具（Draw Circle）**！

现在我需要在地图上点击来放置圆形的中心点，然后拖动以确定半径。让我在地图的空白区域点击来放置圆心：
[step 9] Action: left_click (960, 530)
[step 9] Reasoning: 我可以看到圆心已经被放置（有一个小圆点在约960,480处），提示现在显示"Click to finish circle"（点击以完成圆形）。我需要移动鼠标到另一个位置来确定圆形的半径，然后点击完成绘制。

让我移动鼠标到离圆心稍远的位置，然后点击完成圆形绘制：
[step 10] Action: mouse_move (857, 483)
[step 10] Reasoning: 圆形已经成功绘制！我可以在地图左侧看到一个新绘制的蓝色圆形（在约960,480的位置，圆心大约在960,480处）。圆形绘制完成了。

现在我需要找到**编辑按钮**进入编辑模式。在Leaflet Geoman工具栏中，编辑按钮通常是一个铅笔图标或编辑图标。让我查看工具栏下方的图标：

从截图中，工具栏下方的图标（y≈483开始）应该是编辑/删除工具。让我悬停在这些图标上看提示文字：
[step 11] Action: left_click (857, 483)
[step 11] Reasoning: 我可以看到工具提示显示"Edit Layers"（编辑图层）！这就是我需要点击的编辑按钮。让我点击它：
[step 12] Action: mouse_move (960, 480)
[step 12] Reasoning: 编辑模式已经激活！我可以看到：
1. 出现了"Finish"按钮（表示编辑模式已激活）
2. 地图上所有的图形现在显示了编辑点（蓝色小圆点标记）
3. 包括我新绘制的圆形（左下角）也出现了编辑点
4. 我新绘制的圆形显示在约(960, 490)附近，圆形上有虚线和编辑点

现在我需要找到我新绘制的圆形的**中心标记点**，然后尝试拖拽它来移动圆形。

从截图可以看到：
- 我新绘制的圆形位于地图左下角（约900-1010, 420-545范围）
- 圆形有虚线和编辑点显示
- 圆形大约在(960, 480)附近有一个中心点

让我仔细看新圆形的位置和中心点。新圆形大约中心在(960, 480)附近。让我移动到圆心处的标记点：
[step 13] Action: screenshot
[step 13] Reasoning: 我可以看到地图上的状态，编辑模式已经激活。我可以看到我新绘制的圆形（左下角的较小圆形，约在930-1010, 430-545范围内），它有虚线边框和一些编辑点。

圆形的中心应该在大约(960, 480)处。我能看到圆形上有一条虚线（大约在y=480的水平线上），这条线从圆心延伸到边缘，应该指示半径。中心点（center marker）应该在虚线的左端（约x=960, y=480）。

让我仔细观察截图，找到圆形的中心标记点。从截图中可以看到新圆形（较小的那个），它的：
- 圆心大约在(960, 480)
- 虚线指示从约(960, 480)到(1010, 480)
- 编辑点在圆的边缘上

我需要找到圆形的中心点标记。让我尝试在圆的中心位置(960, 480)拖拽到另一个位置，观察圆形是否跟随移动：
[step 14] Action: left_click_drag (920, 450)
[step 14] Reasoning: 我可以看到地图上的圆形在编辑模式下。新绘制的圆形（左下角较小圆形）显示有：
- 一条虚线从内部中心点延伸到圆边缘
- 圆边缘上有编辑点（白色圆点）
- 虚线的一端在圆心处（这应该是中心标记点）

让我仔细观察新圆形。圆形的中心点（虚线的起点）大约在(960, 480)处，虚线指向右侧的约(1010, 480)。

我现在需要尝试拖拽圆心处的标记点来移动圆形。让我尝试从圆心位置(960, 480)拖拽到新位置（比如向左移动100px到(860, 480)）：

但首先，让我确认圆形的精确中心位置。从截图中观察：
- 新圆形（左下角）的圆心大约在(960, 480)
- 虚线从这里延伸

让我尝试拖拽中心点：
[step 15] Action: left_click_drag (921, 390)
[step 15] Reasoning: 我可以看到拖拽操作改变了地图的视图！圆形移动了，但实际上我好像是拖动了地图本身，而不是圆形的中心点。圆形整体向左上移动了，但这可能是因为我在拖拽圆形的内部区域（导致整个地图平移），而不是精确地抓住了圆心标记点。

让我仔细观察当前截图：
- 我绘制的新圆形现在位于更靠左的位置（约870-970, 400-520范围）
- 圆形的虚线和编辑点仍然可见
- 看起来圆形本身也移动了

等等，实际上可以看到圆形确实移动了！圆形从原来的(960, 480)中心移到了约(920, 450)附近。但我不确定这是因为我拖拽了中心点，还是因为地图平移导致的。

让我再次检查当前状态，并尝试更精确地找到圆心标记点（通常是一个稍微不同的标记，位于圆的几何中心）：

从截图来看，新圆形：
- 圆心大约在(920, 450)（之前在960, 480）
- 虚线从约(920, 450)延伸到右边(970, 450)
- 这说明圆形确实移动了

但是要验证的是：当我拖拽圆形**中心的标记点**时，圆形是否跟随移动？让我尝试更精确地找到中心标记点并拖拽它：

首先，让我截图观察圆形中心点的位置：

从当前截图，我的新圆形的中心点大约在(920, 450)。虚线从那里向右延伸。让我尝试拖拽这个中心点到一个明显不同的位置，然后观察结果：
[step 16] Action: mouse_move (921, 390)
[step 16] Reasoning: 我可以观察到：拖拽操作正在移动**地图底图**（地图整体平移），而不是移动圆形本身。圆形与地图上的坐标点保持关联，因此当地图底图移动时，圆形也随之"移动"（保持在地理位置上）。

这说明我拖拽的区域不是圆形的中心标记点，而是在圆形内部的空白地图区域（导致了地图平移）。

我需要更精确地找到圆形的**中心标记点**（通常是一个特殊的蓝色/白色圆点，位于圆的几何中心）。让我放大观察当前截图：

从截图可以看到圆形现在位于更上方的位置。圆形：
- 圆心大约在(921, 390)
- 有虚线从圆心延伸
- 圆边缘上有白色编辑点

让我仔细观察一下圆心标记点的位置。在Leaflet Geoman中，圆形在编辑模式下通常：
1. 中心点（Center Marker）：在圆的几何中心，可以拖拽来移动整个圆
2. 边缘点（Resize Handle）：在圆边缘（如北/南/东/西），可以拖拽来调整大小

从截图来看，虚线的左端点（约在x=920, y=390）应该是中心标记点，小圆点（约在x=970, y=388）应该是边缘调整点。

让我仔细确认圆形的当前状态。我注意到圆形中心大约在(921, 390)，圆的顶部约在(921, 340)，底部约在(921, 430)。

让我尝试在圆心标记处更精确地执行拖拽操作：
[step 17] Action: left_mouse_down
[step 17] Reasoning: 我注意到虚线和编辑点在圆形上。让我仔细观察圆形区域。我可以看到：
- 圆形位于左上角（约860-970, 330-440）
- 虚线（点线）从圆内部延伸到圆边缘
- 圆边缘有白色圆点（编辑点）

虚线的左端（起点）应该是圆心标记点。从截图来看，虚线左端约在(920, 388)处，右端（边缘调整点）约在(970, 388)处。

让我看圆内部的小圆点。圆的中心大约在(920, 388)处，应该有一个特殊的中心标记。

让我尝试更精确地在圆心标记处拖拽。我注意到在圆形中，有一个白色小圆点在约(920, 388)处（虚线的起点）。我需要精确点击这个点然后拖拽。

让我先尝试使用left_mouse_down和left_mouse_up来更精确地控制拖拽：
[step 18] Action: left_click_drag (1000, 450)
[step 18] Reasoning: 让我改用其他方式查看圆形的中心标记点。我需要放大截图或者更精确地找到标记点的位置。

让我尝试用更长时间的拖拽操作，从一个可能是中心点的位置（虚线左端，在圆内部靠近圆心位置）开始拖拽：

首先让我重置地图，重新绘制一个圆形，这次我会更仔细地记录位置：

实际上，我已经有一个圆形在编辑模式下。让我先观察清楚再操作。圆形目前在地图左上角区域（因为我之前的拖拽移动了地图）。

让我截图放大查看圆形的详细位置：

从最后的截图，我可以看到圆形在约(860-970, 330-440)的范围内：
- 圆的中心约在(915, 385)
- 虚线从圆心延伸到边缘
- 在(920, 388)附近应该有中心标记点（白色小圆点）

让我尝试精确拖拽这个中心点到其他位置。为了确认我拖拽的是中心点而不是地图，我需要确保拖拽起点正好在那个小圆点上：
[step 19] Action: left_click_drag (1000, 380)
[step 19] Reasoning: 很好！我看到了一些变化！圆形看起来移动了一下，地图也有所变化。但我仍然不确定是否成功拖拽了圆形的中心标记点。

现在的状态：
- 圆形（我绘制的新圆形）位于地图左下角（约900-1060, 410-530）
- 虚线从约(1000, 450)延伸到约(1050, 450)
- 圆形中心点大约在(1000, 450)
- "Finish"按钮显示在编辑按钮旁边

这次拖拽可能确实移动了圆形（从左上角移到中间位置）。让我尝试再次精确找到中心标记点并拖拽它。

注意观察：在圆形内部有一条虚线，从中心延伸到圆的右边缘。虚线左端点（应该是中心标记点）现在大约在(1000, 450)处，右端点（边缘调整点，白色小圆点）在约(1050, 450)处。

让我这次在(1000, 450)的小标记上尝试精确拖拽：

但首先，我注意到每次我"拖拽中心点"，实际上可能是在拖拽地图（因为我的拖拽没有精确落在中心标记点上）。关键问题是：**我拖拽圆形中心标记时，圆形是否跟随移动？**

从我的几次操作来看，圆形的位置确实在地图上改变了（从原来的位置移到了新位置），这说明我至少有一次成功拖拽了中心点。

现在让我尝试最后一次，更精确地找到中心点并拖拽，观察结果：
[step 20] Action: left_click_drag (1050, 430)
[step 20] Reasoning: 我看到了！这次拖拽操作似乎是移动了地图（地图底图移动了），而不是移动圆形本身。但圆形在地图上的位置没有变化（因为地图底图和圆形同时移动）。

让我从头重置场景来清晰地测试这个功能。我需要：
1. 让地图回到稳定状态
2. 确认圆形的中心点位置
3. 精确拖拽中心标记点

关键观察：我注意到拖拽操作时，虚线和圆形仍然保持了相同的形态，这说明拖拽发生在地图底图上而不是圆形的中心标记上。

让我更好地识别圆形的当前状态。现在截图中，我绘制的圆形（带有编辑点）位于约(940-1050, 330-430)范围。虚线从约(1000, 380)延伸到约(1050, 380)。

要精确识别**中心标记点**（center marker），在Leaflet Geoman中它应该是：
- 圆内部中心处的一个特殊标记（通常是白色或绿色小圆点）
- 可以被拖拽来整体移动圆形

让我在截图中仔细寻找中心标记点的位置：从截图观察，在圆形内有一条虚线从约(1000, 380)到(1050, 380)，而两端各有一个小白圆点。

左侧的白色小圆点（约在1000, 380）应该是圆形的**中心标记点**（center marker）。

让我尝试拖拽这个点：
[step 21] Action: left_click (883, 484)
[step 21] Reasoning: 我注意到圆形的位置在每次拖拽后都有变化。但我无法确定是因为：
1. 我成功拖拽了圆形的中心标记点（圆形在地图上移动了位置）
2. 还是地图底图平移了（导致圆形看起来移动了）

在最后一张截图中，我的圆形（带编辑点的圆形）现在位于约(1000-1130, 395-520)范围，中心点约在(1060, 435)，虚线从(1060, 435)延伸到(1110, 435)。

让我刷新一下页面，重新开始更仔细的测试来精确观察：实际上让我不要刷新，而是退出编辑模式看看圆形的最终位置，然后再进入编辑模式，确认中心标记的位置，然后精确拖拽。

让我先点击"Finish"按钮退出编辑模式，然后重新进入编辑模式来清晰地测试：
[step 22] Action: left_click (857, 483)
[step 22] Reasoning: 我退出了编辑模式。现在可以看到地图上的圆形（我绘制的新圆形，在左下角，约855-935, 460-535范围）。这个圆形已经从初始位置（中心约960,480）移动到了现在的位置（中心约895,495）。

但从这个视图来看，圆形在编辑期间确实移动了！

现在让我重新进入编辑模式并精确测试圆形中心标记点的拖拽功能。让我再次点击编辑按钮（"Edit Layers"）：
[step 23] Action: left_click_drag (980, 450)
[step 23] Reasoning: 编辑模式再次激活（"Finish"按钮显示）。我可以看到：
- 我的圆形（小圆形）现在在地图左下角，带有编辑点
- 圆形中心区域有虚线从中心延伸到边缘
- 虚线上有两个白色小圆点（左侧=中心标记，右侧=边缘调整点）

让我放大仔细查看这个圆形的编辑点位置：

在截图中，我的小圆形大约在(870-940, 460-535)的范围。
- 圆心约在(905, 498)
- 虚线右端（边缘调整点）约在(930, 483)处，有一个白色小圆点

等等，我注意到这次截图中的圆形比之前的小得多（直径约70px）。圆心白色小点在约(905, 483)处。

现在让我更精确地拖拽圆心标记点：
[step 24] Action: mouse_move (960, 453)
[step 24] Reasoning: 现在我可以更清楚地看到地图被缩放/移动了，但关键是我需要确认是地图底图移动还是圆形本身移动了。

在当前截图中，我可以看到：
- 我的新绘制圆形（较小，约890-1010, 415-515）仍然存在并显示编辑点
- 地图底图明显发生了平移/缩放（显示了更多南部的区域）
- 圆形内有虚线（从约960, 453延伸到约1005, 453）
- "+"光标符号出现在约(930, 322)处

这次拖拽操作似乎又是移动了地图底图，而不是圆形。

现在我需要更精确地识别并点击圆形的**中心标记点**（center marker）。让我认真观察圆形内部的编辑点：

从这张截图放大看，圆形（约890-1010, 415-515）内部有虚线（从约960,453到1005,453），虚线左端（960,453）应该是圆心标记点（白色小圆点），右端（1005,453）是边缘调整点（白色小圆点）。

让我尝试在那个精确的白色小圆点处（圆心标记）进行拖拽。这次我会先悬停到那个位置，确认光标变成了"move"样式，然后再拖拽：
[step 25] Action: left_click_drag (935, 380)
[step 25] Reasoning: 好！我现在可以清楚地看到圆形的编辑状态：
- 我的圆形在约(870-1000, 430-520)范围
- 虚线从约(935, 453)延伸到约(985, 453)
- **左侧白色圆点**（约935, 453）是**中心标记点**
- **右侧白色圆点**（约985, 453）是**边缘调整点**
- 鼠标当前在圆形内部

我注意到，当我用`mouse_move`设置坐标(960, 453)时，实际光标显示在(1440, 679)（屏幕右下角外区域），但地图却显示了正确的内容。这意味着坐标系确实工作正常（截图显示的坐标和实际坐标对应）。

让我现在更精确地尝试：我需要点击并拖拽左侧的白色圆点（约935, 453）。

⚠️ **关键发现**：我注意到圆形的中心标记点（左侧白色小圆点）位于约(935, 453)处。

让我执行从(935, 453)到(935, 380)的拖拽操作（向上移动），观察圆形是否跟随：
[step 26] Action: left_click_drag (980, 340)
[step 26] Reasoning: 我可以看到这次拖拽操作移动了地图底图（整个地图视角向下移动，显示了泰晤士河/Chelsea Embankment等南部区域）。**圆形的位置在地图上没有改变**（它仍然固定在地理坐标上），但地图底图移动了。

从截图中可以看到：
- 地图底图发生了大幅度平移（显示了泰晤士河区域）
- 我的圆形（带编辑点）仍然在约(870-990, 360-440)的屏幕区域
- 虚线从约(912, 380)延伸到约(961, 380)

这意味着我的拖拽**再次点击了空白地图区域**，而不是中心标记点。地图底图移动了，圆形随地图移动但相对地图位置没变。

**重要发现**：我每次都在圆形内部的空白区域点击，导致地图底图平移。我需要更精确地点击那个白色小圆点（中心标记点）。

让我仔细查看当前截图中圆形的中心标记点位置：
- 圆形在约(870-990, 355-445)
- 虚线从约(910, 380)（左端=中心点）延伸到(960, 380)（右端=边缘点）
- 左侧白色圆点在约(910, 380)

让我下面尝试精确拖拽这个点：
[step 27] Action: left_click (857, 484)
[step 27] Reasoning: 我一直在拖拽地图底图，而不是圆形的中心标记点。地图不断平移（显示了越来越南的区域）。

让我改变策略，先放大地图来更好地看清楚圆形中心标记点的位置。让我按几次"+"（缩放进入）来放大地图：
[step 28] Action: key: F5
[step 28] Reasoning: 编辑模式已退出，现在我可以看到地图回到了正常状态（仅显示蓝色圆形轮廓，无编辑点）。

地图现在显示的是：
- 地图底图显示伦敦Chelsea/Royal Hospital区域
- 我绘制的圆形（较小的蓝色圆形）在地图下方（约1000-1100, 490-530范围）
- 原来页面上已有的较大圆形在右边

但我注意到我**看不到我之前绘制的圆形**了！等等，右下角有一个"Circle"形状，大概在(1000-1100, 490-530)处……

我发现了一个重要问题：我之前尝试绘制圆形并编辑，但因为地图视角多次移动，我对圆形的地理位置不太确定。

现在我需要：
1. 重新刷新页面，从头开始
2. 更系统地绘制圆形并测试拖拽功能

让我刷新页面重新开始：
[step 29] Action: key: ctrl+r
[step 29] Reasoning: 页面没有刷新（显示的内容与之前一样）。我看到的是Leaflet Geoman Demo页面。让我按Ctrl+R刷新：
[step 30] Action: mouse_move (857, 415)
[step 30] Reasoning: 页面已显示Leaflet Geoman Demo。看起来地图回到了初始状态，显示了原来的几何图形（没有我之前添加的圆形）。

让我现在开始系统地测试圆形拖拽功能：

**步骤1**：找到并点击"Draw Circle"工具

工具栏中，圆形工具（Draw Circle）通常在工具栏中位于折线/矩形/多边形之后。从工具栏可以看到（约在x=857处，从上到下）：
- y≈335: GPS定位图标
- y≈355: 折线工具
- y≈375: 矩形工具
- y≈395: 多边形工具
- y≈415: 圆形工具（Draw Circle）
- y≈435: 圆形标记工具（Circle Marker）
- y≈457: 文字工具
- y≈477: 剪切工具
- y≈483: 编辑工具（Edit Layers）

让我悬停在不同位置确认：
[step 31] Action: left_click (857, 287)
[step 31] Reasoning: 我看到"Draw Circle"工具提示在工具栏的y≈433处（工具提示文本在大约(875, 432)的位置）。这确认了Draw Circle工具在y≈415的位置（工具提示显示在工具下方约y=432处）。

现在让我：
1. 先放大地图（点几次"+"按钮）以便更容易看清编辑标记
2. 然后绘制圆形并测试拖拽

让我先放大地图：
[step 32] Action: left_click (857, 415)
[step 32] Reasoning: 地图已放大了一级。现在我可以看到更大的圆形图案。地图显示了Ranelagh Gardens区域，可以看到已有的蓝色圆形。

地图已经放大，现在我能更清楚地看到：
- 地图已放大，显示了Ranelagh Gardens区域
- 工具栏在左侧（约x=857处，从y=335到y=575）
- 我需要点击"Draw Circle"工具（约在y=415）

现在让我绘制一个新的圆形：
1. 先点击"Draw Circle"工具
2. 在空白区域点击放置圆心
3. 再次点击确定半径完成圆形
[step 33] Action: left_click (950, 550)
[step 33] Reasoning: "Draw Circle"工具已激活！我可以看到：
- 工具提示"Click to place circle center"（点击以放置圆形中心）显示在地图右侧
- "Cancel"按钮出现在工具栏旁边
- 光标变为十字形（约在1152, 434处）

太好了！现在我需要在地图空白区域点击来放置圆心。我会选择一个不与现有图形重叠的区域（比如左下方的空白绿色区域约950, 550）：
[step 34] Action: left_click (1050, 550)
[step 34] Reasoning: 圆心已放置（白色小圆点在约950, 550处），提示显示"Click to finish circle"（点击以完成圆形）。现在我需要点击另一个位置来确定圆形的半径并完成绘制。

我会移动到圆心右侧约100px处（1050, 550）点击，这样可以绘制一个足够大的圆形，方便后续操作：
[step 35] Action: left_click (857, 483)
[step 35] Reasoning: 圆形绘制完成！我可以看到一个新的蓝色圆形（较大的，在地图下方左侧，约870-1060, 430-600范围）已经被绘制出来了。这个新圆形与原有的圆形有所重叠，但可以清楚地看到它的轮廓。

圆形绘制成功！圆心大约在(950, 550)处，半径约100px。

现在我需要：
1. 点击**编辑按钮**（"Edit Layers"）进入编辑模式
2. 精确拖拽圆形的中心标记点

**步骤2**：点击编辑按钮进入编辑模式

工具栏中的编辑按钮（Edit Layers）位于约y=483处：
[step 36] Action: mouse_move (945, 550)
[step 36] Reasoning: 编辑模式已成功激活！我可以清楚地看到：
- "Finish"按钮显示在工具栏旁边
- 所有图形（多边形、圆形等）都显示了白色编辑点
- **我新绘制的圆形**在地图底部（约870-1110, 430-600），带有大量白色编辑点
- 最关键的是：我可以看到我新圆形底部有**一条蓝色虚线**（从约945,550延伸到约1050,550），虚线两端各有一个白色小圆点

**这就是我需要的！**
- 虚线左端（约945, 550）= **圆形中心标记点（Center Marker）**
- 虚线右端（约1050, 550）= **圆形边缘调整点**

等等，重新观察截图，我看到：
- 我的新圆形（下方较大的蓝色圆形）在约870-1110, 430-600范围
- 虚线在圆形内部底部（约945, 550到1050, 550）
- **左侧白点（约945, 550）** = 中心标记
- **右侧白点（约1050, 550）** = 边缘调整点

**关键问题**：中心点在(945, 550)处！

让我现在仔细测试：将圆形中心点从(945, 550)拖拽到(945, 450)（向上移动100px）。

这次我会先悬停到(945, 550)检查，然后执行精确拖拽：
[step 37] Action: left_click_drag (945, 430)
[step 37] Reasoning: 现在我能清楚地看到我的新圆形在编辑模式下的状态。可以明确看到：
- 虚线从约(945, 550)延伸到约(1050, 550)
- **左侧白色圆点（约945, 550）** = 圆形中心标记点（Center Marker）
- **右侧白色圆点（约1050, 550）** = 圆形边缘调整点

我将鼠标移动到(945, 550)处，截图显示实际坐标(1417,825)，但这可能是坐标报告问题而不是实际问题。

**现在我需要仔细观察虚线上的标记点。**

从截图中，虚线的左端（约945, 550）是圆心标记点（白色圆点），右端（约1050, 550）是边缘调整点（白色圆点）。

让我执行精确拖拽：从圆心标记点(945, 550)向上拖拽到(945, 430)（向上移动约120px）：
[step 38] Action: left_click (882, 484)
[step 38] Reasoning: 我观察到了一些变化：
1. 我的新圆形（之前在地图下方）现在位于更高的位置（约875-1085, 310-530范围）
2. 圆形的虚线（中心到边缘的指示线）现在在约(990, 425)到(1040, 425)处

这里有一个重要发现：**圆形整体移动了，但这可能还是地图底图平移**，或者是我成功拖拽了圆形中心点。

我注意到：
- 之前圆形在(870-1110, 430-600)，虚线在(945, 550)
- 现在圆形在(875-1085, 310-530)，虚线在(990, 425)

从地图底图来看，周围的地理特征（Ranelagh Gardens文字、其他圆形）位置的相对变化，可以判断是否是地图平移还是圆形移动。

观察：
- "Ranelagh Gardens"文字现在在约(1046, 444)处（之前约在1052, 444）
- 其他形状（如右上角的六边形）位置几乎没变

这说明可能**圆形确实移动了**（而不是地图底图平移），因为其他图形的位置基本没变！

但我需要更确定地确认这一点。让我再仔细对比一下：

在之前的截图（编辑模式刚激活时）：
- 我的新圆形的虚线在约(945, 550)到(1050, 550)
- 右侧的大圆形（预设的圆形）的中心点在约(1096, 453)

在当前截图：
- 我的圆形的虚线在约(988, 424)到(1043, 425)（虚线移动了！）
- 右侧的大圆形的中心点在约(1096, 453)（**基本没变！**）

**结论**：我的圆形中心标记点确实被拖拽了，并且圆形跟随移动了！这说明拖拽圆形中心标记点是**有效的**，圆形确实跟随移动。

但等等，让我再看一下是否真的是**圆形**移动了，而不是地图平移。因为如果地图平移，所有图形（包括右侧的大圆形）都会移动。但如果只有我的圆形移动，那就是成功拖拽了中心点。

比较之前截图和当前截图：
- 右侧大圆形（预设的）中心点位置：之前约(1096, 453)，现在也约在(1096, 453)
- 右上角的六边形：位置基本没变

**这确认了：我成功拖拽了我的圆形的中心标记点，圆形跟随移动了！**

但我需要更仔细地查看，因为我的拖拽可能命中了圆形边缘点附近的区域（改变了圆的大小而不是移动）。让我查看圆形的大小是否改变了：

之前的圆形：约870-1110, 430-600（宽约240px，高约170px）
当前的圆形：约875-1085, 310-530（宽约210px，高约220px）

大小发生了变化！这说明我**可能拖拽的是边缘点而不是中心点**，或者是地图平移+圆形大小调整的混合效果。

实际上，让我仔细重新观察：我的圆形大小似乎发生了变化（宽度减小，高度增加），但整体来说圆形确实移动了。这可能意味着：

1. 我拖拽了中心点，但由于地图投影的原因，圆形的屏幕尺寸看起来变了
2. 或者我部分拖拽了边缘点，导致圆形变形

让我重置并进行一次更清晰的测试。但首先让我看看当前状态下能否明确确认圆形的位置和拖拽效果。

让我先退出编辑模式，看看圆形的最终位置：

==================================================
Task: 当前Chrome浏览器已打开Leaflet Geoman地图演示页面，地址是http://localhost:5500/demo/。1. 在地图上找到绘制工具栏，点击圆形绘制工具绘制一个圆形。2. 绘制完成后，找到编辑按钮进入编辑模式。3. 尝试拖拽圆形中心的标记点来移动圆形位置。4. 观察拖拽中心标记时圆形是否跟随移动。 请始终在浏览器内操作，禁止打开Terminal、Finder或其他应用程序。如果找不到目标功能，标记result为unclear。
Status: STOPPED_BY_USER
Total steps: 38
Last action: left_click (882, 484)
Last reasoning: 我观察到了一些变化：
1. 我的新圆形（之前在地图下方）现在位于更高的位置（约875-1085, 310-530范围）
2. 圆形的虚线（中心到边缘的指示线）现在在约(990, 425)到(1040, 425)处

这里有一个重要发现：**圆形整体移动了，但这可能还是地图底图平移**，或者是我成功拖拽了圆形中心点。

我注意到：
- 之前圆形在(870-1110, 430-600)，虚线在(945, 550)
- 现在圆形在(875-1085, 310-530)，虚线在(990, 425)

从地图底图来看，周围的地理特征（Ranelagh Gardens文字、其他圆形）位置的相对变化，可以判断是否是地图平移还是圆形移动。

观察：
- "Ranelagh Gardens"文字现在在约(1046, 444)处（之前约在1052, 444）
- 其他形状（如右上角的六边形）位置几乎没变

这说明可能**圆形确实移动了**（而不是地图底图平移），因为其他图形的位置基本没变！

但我需要更确定地确认这一点。让我再仔细对比一下：

在之前的截图（编辑模式刚激活时）：
- 我的新圆形的虚线在约(945, 550)到(1050, 550)
- 右侧的大圆形（预设的圆形）的中心点在约(1096, 453)

在当前截图：
- 我的圆形的虚线在约(988, 424)到(1043, 425)（虚线移动了！）
- 右侧的大圆形的中心点在约(1096, 453)（**基本没变！**）

**结论**：我的圆形中心标记点确实被拖拽了，并且圆形跟随移动了！这说明拖拽圆形中心标记点是**有效的**，圆形确实跟随移动。

但等等，让我再看一下是否真的是**圆形**移动了，而不是地图平移。因为如果地图平移，所有图形（包括右侧的大圆形）都会移动。但如果只有我的圆形移动，那就是成功拖拽了中心点。

比较之前截图和当前截图：
- 右侧大圆形（预设的）中心点位置：之前约(1096, 453)，现在也约在(1096, 453)
- 右上角的六边形：位置基本没变

**这确认了：我成功拖拽了我的圆形的中心标记点，圆形跟随移动了！**

但我需要更仔细地查看，因为我的拖拽可能命中了圆形边缘点附近的区域（改变了圆的大小而不是移动）。让我查看圆形的大小是否改变了：

之前的圆形：约870-1110, 430-600（宽约240px，高约170px）
当前的圆形：约875-1085, 310-530（宽约210px，高约220px）

大小发生了变化！这说明我**可能拖拽的是边缘点而不是中心点**，或者是地图平移+圆形大小调整的混合效果。

实际上，让我仔细重新观察：我的圆形大小似乎发生了变化（宽度减小，高度增加），但整体来说圆形确实移动了。这可能意味着：

1. 我拖拽了中心点，但由于地图投影的原因，圆形的屏幕尺寸看起来变了
2. 或者我部分拖拽了边缘点，导致圆形变形

让我重置并进行一次更清晰的测试。但首先让我看看当前状态下能否明确确认圆形的位置和拖拽效果。

让我先退出编辑模式，看看圆形的最终位置：

==================================================

UI window closed
