Session created: sess-20260423193822-617ccecc57244813bedab61f29cd81a3
UI panel initialized successfully
UI window displayed
Expected result: 在绘制模式激活期间，点击已有的带 Popup 的图层时，Popup 不应弹出，绘制操作应正常继续，不会被打断。
[step 0] Action: Initializing
[step 0] Reasoning: Initializing session connection
[step 0] Action: screenshot
[step 1] Action: scroll down (640, 490) scroll_amount 3
[step 1] Reasoning: I can see the Leaflet Geoman Demo page with a map and drawing toolbar on the left. I can see several shapes on the map including polygons and circles. Let me first look for layers with Popups by clicking on the existing shapes/markers on the map.
[step 2] Action: left_click (620, 490)
[step 2] Reasoning: I can see the map with various shapes. I need to find layers with Popups. Let me try clicking on the existing shapes to see if any have popups. I'll try clicking on the polygon/shape in the center of the map first.
[step 3] Action: left_click (640, 510)
[step 3] Reasoning: No popup appeared when clicking on that area. Let me try clicking on specific shapes - the circle, the triangle shapes, or other elements. Let me try clicking on the circle shape.
[step 4] Action: scroll up (640, 490) scroll_amount 3
[step 4] Reasoning: Still no popup appeared. Let me scroll up to see the initial view of the map and look for the marker point (which often has a popup) that was visible in the first screenshot.
[step 5] Action: left_click (755, 437)
[step 5] Reasoning: Good, I can see the map with various shapes. I can see there's a blue ellipse/oval shape on the right side of the map (around coordinate 755, 437). Let me try clicking on the different shapes to find which one has a popup. Let me try the oval/marker shape at the right side.
[step 6] Action: left_click (530, 440)
[step 6] Reasoning: No popup appeared. Let me try clicking on the triangle shape at around coordinate (530, 440) and the other polygon shapes.
[step 7] Action: left_click (637, 540)
[step 7] Reasoning: No popup appeared. Let me try clicking directly on the blue circle shape.
[step 8] Action: left_click (356, 476)
[step 8] Reasoning: None of the shapes I've clicked so far show a popup. Let me try the marker icon (the pin icon at coordinate 356, 476) which appears to be a Leaflet marker, as it's typically more likely to have a popup. Also, I notice there's a small icon at around coordinate (356, 476) that might be a marker.

Let me try clicking the small marker/icon near "The battery of guns" text area, and also try the teal/green rectangle polygon at the top left.
[step 9] Action: left_click (480, 347)
[step 9] Reasoning: No popup appeared. The shapes on the map don't seem to have popups when clicked. Let me try looking at the page source to understand the structure better. But first, let me try clicking on the teal/green polygon at the top left of the map and the small icon that looks like a marker (the "T" looking icon at coordinate 583, 333).

Let me try clicking on the teal rectangle and the blue shapes more precisely. Let me also try clicking directly on the border of circles.
[step 10] Action: left_click (352, 480)
[step 10] Reasoning: None of the shapes appear to have a popup when clicked. Let me look at this from the page source perspective. I notice there's a marker icon in the toolbar (the pin icon at top of left toolbar). Let me first try using the marker icon in the toolbar to place a marker, and then check what kind of layers already exist. But actually, the task asks me to find existing layers with popups.

Let me try to view the page source to understand the demo's JavaScript code and see which layers might have popups.

Let me look more carefully at what's on the map. I see there might be a marker that I'm missing. Let me check by clicking on the small symbol that looks like a map marker - the small "battery" location marker.

Let me try clicking on the small icon visible near "The battery of guns" text at around (352, 480).
[step 11] Action: left_click (583, 420)
[step 11] Reasoning: None of the shapes seem to have a popup. Let me try looking at the page source to understand what layers exist with popups. I'll use Ctrl+U to view the source.

Actually, the task says I should not open DevTools. Let me try a different approach - I'll first try clicking on the marker tool in the toolbar (the pin icon), then use it to place a marker, and also check what layers already have popups by clicking on different areas.

Wait - I notice the small icon at the top of the left toolbar is the marker icon. Let me try clicking on the blue circle border more precisely to see if there's a popup on it.

Let me try clicking on the outline/border of the circles rather than the interior.
[step 12] Action: left_click (271, 363)
[step 12] Reasoning: I haven't found any popup yet. The issue is that in this demo, the existing layers might not have popups configured, or I need to look more carefully. Let me try to view the page source to understand what layers have popups. I'll use Ctrl+U to view the page source.

Actually, the task mentions I should work within the browser. Let me try using the View Source option from the browser menu to check the page's JavaScript. But first, let me try a different approach - let me look at whether there's an existing marker with a popup icon visible when I first load. Let me try zooming out the map to see if there's a marker elsewhere.

Let me try clicking on the marker icon in the toolbar to check how the marker tool works, and also try zooming out to see the full map.
[step 13] Action: key: Escape
[step 13] Reasoning: I accidentally clicked on the "Draw Polyline" tool button (it's showing a tooltip "Draw Polyline"), which zoomed out the map slightly. I can see the toolbar has more icons now visible. Also, I can see the full map now. Let me click somewhere else to deactivate any drawing mode, and then let me look at the page source to understand the structure.

Let me press Escape first to exit any active drawing mode:
[step 14] Action: left_click (755, 478)
[step 14] Reasoning: Good. Now I can see the full map and all the toolbar buttons. I can see the map has various shapes. Let me now look at the page source to find which layers have popups. Let me use Ctrl+U to view source:

Actually, the task says to work within the browser. Let me try looking at the source through the address bar approach. Let me try `view-source:` URL.

Wait - let me first try clicking on all the visible shapes more carefully. I see:
1. A teal/green polygon at the top left of the map
2. A blue circle outline shape (ellipse) 
3. A triangle
4. Blue intersecting circles
5. A red + marker visible on the right side

Let me try clicking on the red + marker at around (755, 478):
[step 15] Action: Open url: view-source:localhost:5500/demo/index.html
[step 15] Reasoning: I can see the map has a red "+" marker at approximately (755, 478). Let me try clicking on it more precisely. Let me also try to view the page source to understand what layers have popups configured in this demo.

Let me navigate to view-source of the page to check the JavaScript:
No application knows how to open URL view-source:localhost:5500/demo/index.html (Error Domain=NSOSStatusErrorDomain Code=-10814 "kLSApplicationNotFoundErr: E.g. no application claims the file" UserInfo={_LSLine=1973, _LSFunction=runEvaluator, _LSFile=LSBindingEvaluator.mm, _LSErrorMessage=kLSApplicationNotFoundErr}).
[step 16] Action: left_click (640, 61)
[step 16] Reasoning: The view-source didn't open in a new tab - it stayed on the same page. Let me try navigating to the source via the address bar:
[step 17] Action: type: view-source:http:...
[step 18] Action: left_click (235, 89)
[step 18] Reasoning: I can see the view-source URL is ready to open. Let me click on it:
[step 19] Action: scroll down (640, 400) scroll_amount 5
[step 19] Reasoning: I can see the HTML source. I can see:
- There are multiple maps: `example2`, `example3`, `example4`
- The JavaScript files are loaded from `../dist/leaflet-geoman.js`
- There's also a `demo.css` file

I need to find the demo JavaScript file to see how layers are configured. Let me scroll down to find where the JavaScript code is for the demo, or look for a separate JS file:
[step 20] Action: left_click (163, 618)
[step 20] Reasoning: I can see the HTML source. The JavaScript files loaded are:
- `../dist/leaflet-geoman.js`
- `demo.js` (the main demo file)

There's also a reference to `demo.css`. The main demo code is in `demo.js`. Let me navigate to view the demo.js file:
[step 21] Action: scroll down (640, 400) scroll_amount 5
[step 21] Reasoning: I can see the demo.js file. I can see that:
- `map2` is the "Creating A Polygon" map (using 'example2' div)
- `map3` is the "Editing A Polygon" map (using 'example3' div)
- `map4` is the "Editing A Layer Group" map (using 'example4' div)

Now let me scroll down to find where popups are configured in the demo:
[step 22] Action: scroll down (640, 400) scroll_amount 5
[step 22] Reasoning: Excellent! Now I can see the layer configuration. I can see:
- `m1 = L.circleMarker([51.50313, -0.091223], { radius: 10 })` - a circle marker
- `m2 = L.marker([51.50614, -0.0989])` - a regular marker (no popup configured here)
- `m3 = L.marker([51.50915, -0.096112], { pmIgnore: true })` - a marker with pmIgnore (not managed by geoman)
- `mGroup = L.layerGroup([m1, m2, m3]).addTo(map2)` - these are on map2

None of these have `.bindPopup()` calls visible yet. Let me scroll down more to see if there are popup bindings:
[step 23] Action: scroll down (640, 400) scroll_amount 10
[step 23] Reasoning: I can see the map2 controls are configured with `drawPolygon: true`. Let me continue scrolling to see if there are popup bindings:
[step 24] Action: scroll down (640, 400) scroll_amount 10
[step 25] Action: scroll down (640, 400) scroll_amount 10
[step 25] Reasoning: I can see GeoJSON data for circles (with Point features and radius). Let me continue scrolling to find popup configurations:
[step 26] Action: key: ctrl+f
[step 26] Reasoning: I can see GeoJSON data with Polygon features and circle Points. Let me search for "popup" in the file to find if any layers have popup bindings. I'll use Ctrl+F to search:
[step 27] Action: key: cmd+f
[step 27] Reasoning: The find panel didn't appear. Let me try Command+F:
[step 28] Action: triple_click
[step 28] Reasoning: The find panel appeared. I can see a search box with the text "unstyled". Let me search for "popup" in the file:
[step 29] Action: type: popup
[step 30] Action: key: Escape
[step 30] Reasoning: The search shows "0/0" which means there are no occurrences of "popup" in the demo.js file. This confirms that the existing layers on the map do **NOT** have popups configured in the standard demo.js file.

Now let me also check the main index.html file to see if there are any popup bindings there. Let me close the search and navigate to the view-source of index.html:
[step 31] Action: left_click (289, 33)
[step 31] Reasoning: The search confirms there are no "popup" occurrences in demo.js. The task asks about finding "带 Popup 的图层" (layers with Popup). Since the existing demo doesn't have any popups configured in demo.js, I need to think about this differently.

The task is a testing task where I need to:
1. Find existing layers with Popup
2. Click to confirm Popup can pop up
3. Activate drawing mode
4. During drawing, click on the layer with Popup to see if Popup shows and if drawing is interrupted

Since there are no popups configured in the demo, I need to navigate back to the demo page and try adding a popup to a layer programmatically, or I might need to look at the actual demo page more carefully.

Wait - actually, let me re-read the task. It says "找到已有的带 Popup 的图层（如标记点或多边形），先点击确认 Popup 可以弹出". This implies there should already be layers with popups. But from the source code, I don't see any `.bindPopup()` calls.

Let me go back to the demo page and look more carefully. Perhaps some layers were added dynamically or there are popup-enabled layers in a different demo section:

Let me navigate back to the demo page and look for the view-source of index.html to check if there are popup bindings there:
[step 32] Action: key: cmd+f
[step 32] Reasoning: Now I can see the full HTML source of index.html. The page has:
- A header "Leaflet Polygon Management"
- Three examples: "Creating A Polygon" (example2), "Editing A Polygon" (example3), "Editing A Layer Group" (example4)
- Scripts: leaflet.js, ../dist/leaflet-geoman.js, demo.js

The HTML itself doesn't have any popup binding. All the logic is in demo.js, which I already confirmed has no popup bindings.

Now let me search for "popup" in the index.html:
[step 33] Action: key: Escape
[step 33] Reasoning: Confirmed - searching for "popup" in index.html returns "0/0" - there are no popup bindings in the HTML file either.

The search box already shows "popup" and the count is 0/0 in the index.html as well.

Now I need to decide how to proceed. The task asks me to:
1. Find existing layers with Popup
2. Click to confirm Popup pops up
3. Activate drawing mode
4. During drawing, click on the layer with Popup to observe behavior

Since there are no popups in the existing demo, the task is about **testing a specific behavior** of Leaflet Geoman - whether popups can be triggered during drawing mode. I need to **add a popup to an existing layer** programmatically, or test if the demo's layers can be given popups.

The task description says the page "has a Leaflet map and drawing toolbar." The task is a test scenario. Let me go back to the actual demo page and try to add a popup to an existing layer via the browser's address bar (by running JavaScript). But wait - the task says to not use DevTools.

Actually, re-reading the task more carefully: "在地图上找到已有的带 Popup 的图层（如标记点或多边形），先点击确认 Popup 可以弹出". The Chinese text says "find existing layers with Popup on the map (such as marker points or polygons), click to confirm Popup can pop up."

This is a **testing task** - I need to test whether this feature works in this application. Given that:
1. The demo.js has no `.bindPopup()` calls
2. No popups exist in the demo

The demo page doesn't have any layers with popups configured. Since the task asks me to test a specific behavior (popup behavior during drawing mode), I should attempt to use the map's console/JavaScript to add a popup, OR alternatively, I should report that I cannot find existing layers with popups.

Wait - let me reconsider. Perhaps there IS a way the demo creates popups dynamically. Let me go back to demo.js and look more carefully. Maybe popups are added in a section I missed. Let me go back to the demo.js source and look for "Popup" or "bindPopup":
[step 34] Action: left_click (449, 33)
[step 34] Reasoning: I can see the index.html clearly. The demo page has 3 example maps:
1. "Creating A Polygon" - example2
2. "Editing A Polygon" - example3
3. "Editing A Layer Group" - example4

Looking at the source, there are no popups in the HTML or in demo.js. Let me now navigate to the actual demo page to take a closer look at what's rendered:
[step 35] Action: left_click (640, 61)
[step 35] Reasoning: It seems I clicked on the demo.js source tab. Let me navigate to the actual demo page now. I need to navigate to `http://localhost:5500/demo/index.html`:
[step 36] Action: type: http://localhost:...
[step 37] Action: key: Return
[step 37] Reasoning: I can see the autocomplete suggestion for the demo page. Let me press Enter to navigate:
[step 38] Action: left_click (868, 570)
[step 38] Reasoning: Now I can see the full demo page. I can see:
- Title: "Leaflet Polygon Management"
- Subtitle: "An Open Source Leaflet Plugin for editing polygons, specifically made for Leaflet 1.0"
- Section: "Creating A Polygon" with the first map (example2)
- The map has various shapes: a green polygon, a triangle shape, blue circles, an oval/ellipse, etc.
- I can see a red "+" marker at coordinate (~868, 570) which appears to be a standard Leaflet marker
- There's also a small "nurse" looking icon visible on the right side

The task says to find layers with popups. I see the red "+" marker on the right side of the map, which is likely a marker placed on the map. Let me try clicking on it:
[step 39] Action: left_click (749, 437)
[step 39] Reasoning: No popup appeared. The red "+" I thought was a marker might be a hospital marker from the base map tiles, not a Leaflet layer. 

Now I notice there are 3 markers visible in the map:
1. A blue circle marker at around (749, 437)
2. A blue marker circle at around (356, 479) (the one that says "The battery of guns") - this is part of the base map
3. A blue marker/pin visible at around (357, 479)

The visible shapes that are Leaflet layers (not the base map):
1. Green/teal polygon (top left)
2. Triangle polygon
3. Arrow shape
4. Three blue circles (circles that appear to be from the demo)
5. Blue oval/ellipse on the right

Let me try clicking on the blue oval/ellipse more precisely:

==================================================
Task: 当前Chrome浏览器已打开Leaflet Geoman Demo页面，地址是http://localhost:5500/demo/index.html。页面上有一个Leaflet地图和绘图工具栏。请执行以下操作：1. 在地图上找到已有的带 Popup 的图层（如标记点或多边形），先点击确认 Popup 可以弹出。2. 然后激活绘制模式（如点击左侧工具栏的多边形或折线绘制工具）。3. 在绘制过程中点击已有的带 Popup 的图层，观察 Popup 是否弹出以及绘制流程是否被中断。 请始终在浏览器内操作，禁止打开 Terminal、Finder 或其他应用程序。如果在浏览器中找不到目标功能，直接标记 result 为 unclear，result_summary 写明未在页面中找到目标功能入口。
Status: STOPPED_BY_USER
Total steps: 39
Last action: left_click (749, 437)
Last reasoning: No popup appeared. The red "+" I thought was a marker might be a hospital marker from the base map tiles, not a Leaflet layer. 

Now I notice there are 3 markers visible in the map:
1. A blue circle marker at around (749, 437)
2. A blue marker circle at around (356, 479) (the one that says "The battery of guns") - this is part of the base map
3. A blue marker/pin visible at around (357, 479)

The visible shapes that are Leaflet layers (not the base map):
1. Green/teal polygon (top left)
2. Triangle polygon
3. Arrow shape
4. Three blue circles (circles that appear to be from the demo)
5. Blue oval/ellipse on the right

Let me try clicking on the blue oval/ellipse more precisely:

==================================================

UI window closed
