Session created: sess-20260422173956-47d863484403428bb5656b9dc9025991
UI panel initialized successfully
UI window displayed
Expected result: 在高分屏环境下，系统托盘中的 Listen1 图标应显示清晰、无模糊，与其他系统托盘图标保持一致的清晰度，不出现像素化或模糊现象。
[step 0] Action: Initializing
[step 0] Reasoning: Initializing session connection
[step 0] Action: screenshot
[step 1] Action: screenshot
[step 1] Reasoning: I can see the current screen shows a browser with OpenClaw Control and a terminal window. I need to find the Listen1 Desktop application. Let me look for it in the taskbar/dock or switch to it.
[step 2] Action: DONE
[step 2] Reasoning: I can see the current screen. The task mentions that Listen1 Desktop is already open. I need to find it. The task instruction says to always operate within the browser and not open Terminal, Finder, or other applications. However, the Listen1 Desktop is an Electron app (not a browser app). 

The task instruction says: "请始终在浏览器内操作，禁止打开 Terminal、Finder 或其他应用程序。如果在浏览器中找不到目标功能，直接标记 result 为 unclear"

Since the task requires observing the system tray icon of the Listen1 Desktop application in a Linux HiDPI environment, but:
1. The current environment is macOS, not Linux
2. The task says to only operate within the browser
3. The tray icon behavior in Linux HiDPI cannot be verified in the browser

The task itself states that "if you cannot verify the Linux-specific tray icon issue, mark the result as unclear." 

Additionally, the system tray icon behavior on Linux HiDPI is a platform-specific feature that cannot be verified on macOS, and certainly cannot be verified through a browser interface. The task instructions prohibit me from opening Terminal, Finder, or other applications.

Let me check if there's any Listen1 related content visible in the browser or if I can find it through the browser. But given the constraints, I should mark this as unclear.

Based on my analysis:

1. **Current Environment**: The screen shows macOS with Chrome browser (OpenClaw Control) and a terminal window. The Listen1 Desktop Electron app is mentioned as already open, but it's not visible in the current view.

2. **Task Constraints**: The instruction says to always operate within the browser and prohibits opening Terminal, Finder, or other applications.

3. **Target Feature**: The task requires observing the **system tray icon** of Listen1 Desktop in a **Linux HiDPI** environment to check if the icon is clear and sharp.

4. **Why it's unclear**:
   - The current environment is **macOS**, not Linux - Linux HiDPI tray icon behavior cannot be verified here
   - The system tray icon is a **desktop/OS-level feature**, not accessible through the browser
   - The task instruction prohibits accessing the Listen1 Desktop app directly (only browser operations allowed)
   - Even if I could see the Listen1 app on macOS, macOS tray icon behavior differs significantly from Linux HiDPI behavior

**Result: unclear**

The target functionality (Linux HiDPI system tray icon display for Listen1 Desktop) cannot be verified because:
1. The current environment is macOS, not Linux, so Linux-specific HiDPI tray icon behavior cannot be observed
2. The task constraints prohibit operating outside the browser
3. System tray icons are OS-level features not accessible through browser interfaces
4. The tray icon sharpness/clarity in Linux HiDPI is a platform-specific rendering issue that requires a Linux environment with HiDPI display to verify

**result: unclear**  
**result_summary**: 未在浏览器中找到目标功能入口。该任务要求观察 Linux 高分屏（HiDPI）环境下 Listen1 Desktop 系统托盘图标的显示效果，但当前环境为 macOS 而非 Linux，且任务要求禁止打开浏览器以外的应用程序。系统托盘图标是操作系统级别的功能，无法通过浏览器界面访问和验证。Linux 特定的 HiDPI 托盘图标渲染问题需要在 Linux 系统上配合 HiDPI 显示器才能验证，当前 macOS 环境无法复现该场景，因此无法判断图标是否清晰锐利。
Evaluating task result...

==================================================
Task: 当前桌面已打开Listen1 Desktop应用（Electron窗口）。在 Linux 高分屏（HiDPI）环境下运行 Listen1 桌面客户端，观察系统托盘区域的应用图标显示效果，检查图标是否清晰锐利。注意：当前环境是macOS，不是Linux，托盘图标行为可能不同。请观察应用界面是否正常加载，如果无法验证Linux特定的托盘图标问题，请标记result为unclear。 请始终在浏览器内操作，禁止打开 Terminal、Finder 或其他应用程序。如果在浏览器中找不到目标功能，直接标记 result 为 unclear，result_summary 写明未在页面中找到目标功能入口。
Status: COMPLETED
Total steps: 2
Last action: DONE
Last reasoning: I can see the current screen. The task mentions that Listen1 Desktop is already open. I need to find it. The task instruction says to always operate within the browser and not open Terminal, Finder, or other applications. However, the Listen1 Desktop is an Electron app (not a browser app). 

The task instruction says: "请始终在浏览器内操作，禁止打开 Terminal、Finder 或其他应用程序。如果在浏览器中找不到目标功能，直接标记 result 为 unclear"

Since the task requires observing the system tray icon of the Listen1 Desktop application in a Linux HiDPI environment, but:
1. The current environment is macOS, not Linux
2. The task says to only operate within the browser
3. The tray icon behavior in Linux HiDPI cannot be verified in the browser

The task itself states that "if you cannot verify the Linux-specific tray icon issue, mark the result as unclear." 

Additionally, the system tray icon behavior on Linux HiDPI is a platform-specific feature that cannot be verified on macOS, and certainly cannot be verified through a browser interface. The task instructions prohibit me from opening Terminal, Finder, or other applications.

Let me check if there's any Listen1 related content visible in the browser or if I can find it through the browser. But given the constraints, I should mark this as unclear.

Based on my analysis:

1. **Current Environment**: The screen shows macOS with Chrome browser (OpenClaw Control) and a terminal window. The Listen1 Desktop Electron app is mentioned as already open, but it's not visible in the current view.

2. **Task Constraints**: The instruction says to always operate within the browser and prohibits opening Terminal, Finder, or other applications.

3. **Target Feature**: The task requires observing the **system tray icon** of Listen1 Desktop in a **Linux HiDPI** environment to check if the icon is clear and sharp.

4. **Why it's unclear**:
   - The current environment is **macOS**, not Linux - Linux HiDPI tray icon behavior cannot be verified here
   - The system tray icon is a **desktop/OS-level feature**, not accessible through the browser
   - The task instruction prohibits accessing the Listen1 Desktop app directly (only browser operations allowed)
   - Even if I could see the Listen1 app on macOS, macOS tray icon behavior differs significantly from Linux HiDPI behavior

**Result: unclear**

The target functionality (Linux HiDPI system tray icon display for Listen1 Desktop) cannot be verified because:
1. The current environment is macOS, not Linux, so Linux-specific HiDPI tray icon behavior cannot be observed
2. The task constraints prohibit operating outside the browser
3. System tray icons are OS-level features not accessible through browser interfaces
4. The tray icon sharpness/clarity in Linux HiDPI is a platform-specific rendering issue that requires a Linux environment with HiDPI display to verify

**result: unclear**  
**result_summary**: 未在浏览器中找到目标功能入口。该任务要求观察 Linux 高分屏（HiDPI）环境下 Listen1 Desktop 系统托盘图标的显示效果，但当前环境为 macOS 而非 Linux，且任务要求禁止打开浏览器以外的应用程序。系统托盘图标是操作系统级别的功能，无法通过浏览器界面访问和验证。Linux 特定的 HiDPI 托盘图标渲染问题需要在 Linux 系统上配合 HiDPI 显示器才能验证，当前 macOS 环境无法复现该场景，因此无法判断图标是否清晰锐利。

==================================================

UI window closed
__MANO_DONE__
