Session created: sess-20260418163138-0b81600220224b198b1b001bf315571e
UI panel initialized successfully
UI window displayed
Expected result: 编辑搜索内容时，光标应保持在当前编辑位置。如果光标在每次输入后跳到末尾，则说明存在 bug。
[step 0] Action: Initializing
[step 0] Reasoning: Initializing session connection
[step 0] Action: screenshot
[step 1] Action: screenshot
[step 1] Reasoning: I can see the Lumen Notes application with a "Choose a repository" dialog. I need to find the search functionality. Let me first look for the search button/icon in the interface. I can see there's a search icon at the top right area. Let me close this dialog first or look for the search function. Let me check for existing tabs that might have a note loaded.
[step 2] Action: left_click (1048, 115)
[step 2] Reasoning: I can see there's a "Choose a repository" dialog currently displayed. I need to look for the search functionality in the app. I can see a small icon in the top right area of the notes header (near "G..." which might be a search icon). Let me look at other tabs and also check the top-right area for a search button. Let me first click on the search icon that appears to be in the top-right of the Notes header area.
[step 3] Action: left_click (750, 33)
[step 3] Reasoning: The dialog is still showing. I need to look at a different tab that might have the Lumen Notes search functionality visible. Let me check the other Lumen Notes tabs in the browser. I can see there are multiple tabs. Let me click on one of the Lumen Notes tabs to find one where the search feature is accessible.

Let me look at the tabs - I can see there are tabs labeled "Lum..." at positions around 750, 810, 870 in the tab bar. Let me also look at what "G..." in the top right means. Let me zoom in on the top-right area of the Notes header.
[step 4] Action: left_click (74, 143)
[step 4] Reasoning: This is the Settings page. I can see the sidebar has: Notes, Today, This week, Tags, Settings. I need to navigate to the Notes section and find the search functionality. Let me navigate to the main Notes page and look for a search icon.
[step 5] Action: left_click (810, 33)
[step 5] Reasoning: The "Choose a repository" dialog keeps appearing and blocks the main interface. I notice the URL is `localhost:5173/?view=grid`. Let me look at the top-right area of the Notes header - I can see there's a "G..." element which might be a search button. Let me zoom into the top-right area to see the search icon better. Also, I notice from the previous screenshot there was a small element near `1048, 115` that showed "G...". 

Let me try to look at another tab that might have a different view of the app. Let me check the tab at around 810 position.
[step 6] Action: Open url: http://localhost:5173/
[step 6] Reasoning: This tab shows "Page not found". Let me navigate back to the main Lumen Notes page and look for the search function. I need to go to localhost:5173 and find the search feature. Let me navigate directly to the main page.
[step 7] Action: key: Escape
[step 7] Reasoning: I can see the main Lumen Notes page is loaded at localhost:5173/?view=grid and there's a "Choose a repository" dialog. The dialog doesn't have a close/X button visible. I can see the interface behind it - there seems to be something in the top right of the Notes header. 

Let me look at what's in the top right corner of the page around the Notes header area. I see there's a small element that shows "G..." at around (1048, 115). Let me try pressing Escape to close this dialog first.
[step 8] Action: left_click (660, 33)
[step 8] Reasoning: The dialog is still there. The Escape key didn't close it. I notice in the top-right area, there's something partially visible - it looks like a small "G..." icon which is probably the search or something else. Let me look at other tabs from the tab bar. I can see there are multiple "Lumen" tabs in the tab bar. Let me try one of the other Lumen tabs.

Let me look at the tab bar more carefully. There are tabs at different positions. Let me click on the tab labeled "Lumen" at approximately position 660 or 715.
[step 9] Action: key: F12
[step 9] Reasoning: This tab shows "Welcome to Lumen" with a "Sign in with GitHub" button and developer tools are open. This seems to be in a responsive/device mode. I can see the URL is `localhost:5173/repositories`. I need to go back to the main Notes view. Let me close the DevTools and navigate to the main page.

Let me close the developer tools and navigate to the correct page to find the search functionality.
[step 10] Action: left_click (715, 33)
[step 10] Reasoning: DevTools is now closed and I can see the "Welcome to Lumen" page at localhost:5173/repositories. This page asks to "Sign in with GitHub". Let me navigate to the main notes page which should be at localhost:5173/.

Let me look at the Lumen tab at position around 715 in the tab bar.
[step 11] Action: mouse_move (1048, 115)
[step 11] Reasoning: I'm back on the main Lumen Notes page at localhost:5173/?view=grid with the "Choose a repository" modal. I can see the interface behind the modal has the Notes section and a top-right icon. 

Let me check if there's a search functionality accessible via keyboard shortcut. Let me try Ctrl+K or Cmd+K (common search shortcut) or look for a search button.

But first, I notice in the top-right there's something near the Notes header that might be a search button - there's an element that starts with "G" around coordinate (1048, 115). Let me try clicking outside the dialog to dismiss it, or look more carefully at the top-right area.

Let me try clicking on the area near the top of the Notes area, specifically looking at the area to the right of "Notes" header text.
[step 12] Action: left_click (775, 33)
[step 12] Reasoning: I need to see what's in the top-right area of the Notes header. The area around (1048, 115) seems to have some element. Let me try looking at another Lumen tab that might show the search functionality more clearly. Let me look at the tab around 775 in the tab bar (Lumen tab).
[step 13] Action: Open url: http://localhost:5173/?view=grid
[step 13] Reasoning: Another "Page not found" page at `/select-repository`. Let me go back to the main Lumen Notes page and look more carefully. I need to find the search function. Let me navigate to the main app and look at the top-right area more carefully, especially zooming into that area.

Let me navigate to the main page and try to find the search button in the Notes view.
[step 14] Action: Minimize panel
[step 14] Reasoning: I'm still on the main Notes page with the "Choose a repository" dialog. I can see a small icon near the top-right of the Notes content area (around 1048, 115 that shows "G..." partially). Let me look at the full interface by scrolling or try to interact with elements behind the modal. 

Let me try clicking outside the dialog (on the overlay area) to see if it closes. Let me click on the very top-left area of the content area (not on the modal itself).

Actually, looking at the page again - the dialog appears to be a modal, but the sidebar (Notes, Today, This week, Tags, Settings) is still accessible. The key issue is: can I find the search functionality?

Let me look at the top-right area (around x=1048, y=115) more carefully. I see a "G..." element which could be a search button. Let me try clicking it.

Let me minimize the task status panel first to see the full screen.
[step 15] Action: left_click (1204, 88)
[step 15] Reasoning: Now I can see the full interface! There's a translation panel visible in the top right. I can also see "Google Translate" popup. The top-right shows that there's a translate button that appeared. Let me close this translation popup by pressing X and look at the Notes header area more carefully. I can see the Notes header area shows there's likely a search icon in the top right part of the content area.

Let me close the Google Translate popup first.
[step 16] Action: key: super+k
[step 16] Reasoning: Now I can see the full interface more clearly. The top-right of the Notes header shows a "+" button. I can see the "Choose a repository" modal is blocking the main view. The Notes header shows:
- Left: back/forward arrows, a sidebar icon, "Notes" text
- Right: a "+" button (at around 1251, 100)

But I don't see a search button. Let me look more carefully - maybe there should be a search icon somewhere. Let me scroll down or look at other parts of the interface.

Wait - looking at the header, I see the + button. There might be a search button that's hidden behind the modal. Let me try the keyboard shortcut for search: Cmd+K or Cmd+F or Cmd+Shift+F.

Let me try pressing Cmd+K which is a common search shortcut in note-taking apps.
[step 17] Action: type: hello world
[step 17] Reasoning: Excellent! I found the search functionality! The keyboard shortcut Cmd+K opened a search dialog with a "Search or jump to..." input field. I can see it shows a "Jump to" section with: Notes, Today, This week, Tags, Settings.

Now let me type a keyword in the search box to test the search functionality.
[step 18] Action: left_click (316, 167)
[step 18] Reasoning: I've typed "hello world" in the search box. I can see the cursor is at the end of the text. The search box shows "hello world" and below it shows a "Notes" section with 'Create new note "hello world"' option.

Now I need to try to edit the text by clicking in the middle of the text and inserting/deleting characters to test if the cursor stays at the edit position or jumps to the end.

Let me click in the middle of "hello world" - I'll click between "hello" and "world" (approximately at position where the space is, around x=318 in the search box).

Looking at the search box, "hello world" text starts at around x=273 and the text is at y=167. The cursor appears to be at the end (after "d" in "world"). Let me click somewhere in the middle of the text to position the cursor there.

I need to click somewhere in the middle of "hello world" text. The text appears to be at around y=167, and "hello" ends around x=316. Let me click after "hello" (between "hello" and " world").
[step 19] Action: type: X
[step 19] Reasoning: I can see the cursor appears to be positioned after "hello" (between "hello" and " world") - the cursor appears to be at position after "hello" and before the space+world. I can see the cursor position indicated in the text "hello| world".

Now let me type a character to see if the cursor stays at this position or jumps to the end. Let me type a character like "X" and see where it appears.
[step 20] Action: key: BackSpace
[step 20] Reasoning: Excellent! This is a very important observation! I can see that when I typed "X" after clicking at the position after "hello", the text now shows "helloX world" - the "X" was inserted after "hello" at the position where I clicked! This means the cursor stayed at the clicked position (after "hello"), not at the end.

Wait, but let me verify this more carefully. Looking at the text:
- Before clicking: "hello world" (cursor at end after "d")
- After clicking at position after "hello": cursor moved to after "hello"
- After typing "X": text became "helloX world"

This shows the cursor DID stay at the position where I clicked (after "hello"), not at the end. The "X" was inserted at the middle position.

BUT - let me test this again more carefully. The task asks me to observe whether the cursor stays at the edit position or jumps to the end. Let me delete the "X" and test again with a different approach. Let me click at a different position in the middle and type again.

Let me first delete the "X" by pressing Backspace.
[step 21] Action: left_click (350, 167)
[step 21] Reasoning: The text is back to "hello world" with the cursor appearing to be after "hello". The cursor appears to be at the position right after "hello" (the "|" cursor is visible between "hello" and " world"). The backspace successfully deleted the "X" at the current position.

Now let me do a more explicit test. Let me click in the middle of "world" (between "w" and "o") and type a character to see if the cursor jumps to the end or stays at the clicked position.

First, let me zoom into the search text to better see the cursor position. The text "hello world" starts at approximately x=273. Let me estimate:
- "hello" ends at around x=316
- " " space at around x=322
- "world" starts at around x=327, "w" at 327, "o" at 340, "r" at 350...

Let me click in the middle of "world", around x=347 (approximately between 'o' and 'r' in "world").
[step 22] Action: type: Y
[step 22] Reasoning: I can see the cursor appears to be positioned in the middle of "world" - it looks like between 'o' and 'r' in "world". The text shows "hello wo|rld" (cursor appears after "wo"). Now let me type a character "Y" and observe where it appears.
[step 23] Action: key: BackSpace
[step 23] Reasoning: **Very important finding!** 

The text now shows "hello woYrld" with the cursor appearing after "Y". This means "Y" was inserted AFTER "wo" in "world" - so the text went from "hello world" to "hello woYrld". The "Y" was inserted at the exact position where I had clicked (between 'o' and 'r' in "world").

**This indicates the cursor DID stay at the clicked position** rather than jumping to the end! If the cursor had jumped to the end, the text would show "hello worldY" instead of "hello woYrld".

However, let me do one more test to confirm. Let me:
1. Delete the "Y" 
2. Use the Left arrow key to position the cursor specifically
3. Then type a character to confirm

Let me first delete "Y" and then test with arrow key positioning.
[step 24] Action: key: End
[step 24] Reasoning: Good, the text is back to "hello world" with the cursor appearing to be somewhere in the middle. Let me now check the cursor position by using the End key to go to the end, then using arrow keys to move left to position the cursor.

Let me use a more systematic approach. I'll press the End key to go to the end, then press Left arrow multiple times to position the cursor at a specific known position.
[step 25] Action: key: Left Left Left
[step 25] Reasoning: The cursor should now be at the end of "hello world". Now let me press the Left arrow key 3 times to move the cursor back 3 characters (to between "wo" and "rld" in "world").
[step 26] Action: key: Left
[step 27] Action: type: Z
[step 27] Reasoning: I can see the cursor appears to be after "w" in "world" (hello w|orld). But wait - it moved very quickly to the left. The cursor is now at a specific position. Let me look more carefully - the cursor seems to be between "w" and "o" in "world". Now let me type a character to see where it appears.

Wait, looking at the screenshot more carefully, I can see what appears to be a thin vertical cursor line between "w" and "orld" in "world". Let me type a character "Z" to observe where it's inserted.
[step 28] Action: key: Escape
[step 28] Reasoning: **Interesting observation!** 

After pressing Left key once (from the end of "hello world" which would move cursor from after "d" to between "l" and "d"), and then typing "Z", the result is "hello wZorld" - which means "Z" was inserted between "w" and "o" in "world"!

Wait, let me recalculate. "hello world" has these characters:
- h-e-l-l-o- -w-o-r-l-d

After pressing End, cursor is after "d" (position 11).
After pressing Left once, cursor should be before "d" (between "l" and "d"), at position 10.

But the result shows "hello wZorld" - "Z" was inserted between "w" and "o". That's position 7 (after "hello w"). 

Hmm, that doesn't match. Let me re-examine - maybe when I pressed End key, the search box was not focused, or something happened.

Actually, wait. Looking more carefully at the screenshots:
- When I first clicked (at x=350, y=167) - the cursor went between "wo" and "rld"
- Then I deleted with backspace, restoring "hello world"
- Then End key was pressed
- Then Left was pressed once
- Then typed "Z" → "hello wZorld"

This shows the cursor is between "w" and "o", not between "l" and "d". This is very strange behavior. The End key might not have worked as expected.

Actually, looking at what happened: After clicking in the middle and pressing Backspace (which deleted the "Y" and put cursor between "wo" and "rld"), pressing End should move cursor to the end, and Left should move cursor to before the last character.

But the result shows "Z" was inserted at position 7 (between "w" and "o"), which suggests the cursor might have jumped back. 

This is a potential bug - **the cursor might be jumping back to its original clicked position rather than maintaining the arrow key navigation position.**

Let me test this more systematically. Let me close the search and reopen it with a fresh test.
[step 29] Action: left_click (640, 168)
[step 29] Reasoning: The Escape key closed the search panel and returned to the empty search box showing "Search or jump to..." placeholder text. Good - now the search box is visible and I can see it shows "Search or jump to...". The search box is in a focused state (the search panel is now showing the jump to options).

Now let me open the search again with Cmd+K and do a fresh controlled test.

Wait - the search box appears to still be open (I can see the "Jump to" options below "Search or jump to..."). This looks like the search modal is still visible. Let me click in the search box and type my test keyword.
[step 30] Action: type: testing
[step 30] Reasoning: The search box is active (I can see the cursor blinking in the "Search or jump to..." box). Now let me type "testing" as my keyword to do the cursor position test.
[step 31] Action: key: Home
[step 31] Reasoning: I've typed "testing" in the search box. The cursor is at the end (after "g"). Now let me do a precise test:

1. I'll use the Home key to go to the beginning of the text
2. Then use Right arrow key to move to a specific position (e.g., after "test")
3. Then type a character
4. Observe if the character appears at the cursor position or if it jumps to the end

Let me press Home to go to the beginning first.
[step 32] Action: key: Right
[step 32] Reasoning: I can see "testing" is now in the search box, but I can't clearly see the cursor. The cursor should be at the beginning (before "t"). Let me now move Right 4 times to position cursor after "test" (between "test" and "ing").
[step 33] Action: type: A
[step 33] Reasoning: I can see that after pressing the Right arrow key, the cursor appears to have jumped to the END of "testing" - visible as the cursor is showing after "g" at the end! The cursor is showing at position after "g", not after "t" (where pressing Right from Home should put it).

**This is the bug!** When pressing the Right arrow key, the cursor jumped to the end of the text instead of moving just one position to the right.

This is the cursor jumping behavior - every time a key input is registered, the cursor position resets to the end.

Let me verify this bug with one more test. Let me type a character to see where it appears (it should be at the end if the cursor jumped there).
[step 34] Action: key: BackSpace
[step 34] Reasoning: **Bug confirmed!** 

The text now shows "testingA" instead of "tAesting". This conclusively proves the bug:

1. I had "testing" in the search box with cursor at the end
2. I pressed Home key to move cursor to the beginning
3. I pressed Right arrow key once (which should move cursor one position to the right, to after "t")
4. I typed "A"
5. Expected result: "tAesting" (A inserted after "t")
6. Actual result: "testingA" (A appended to the end)

**This is the cursor jumping bug:** After pressing navigation keys (Home/End/Left/Right arrow keys), the cursor jumps to the END of the text input rather than staying at the navigated position. Every key press in the search box causes the cursor to reset to the end of the text.

Let me also test with mouse click to confirm whether mouse-based cursor positioning also suffers from this issue.

Let me delete "A" first and test with mouse click.
[step 35] Action: left_click (305, 167)
[step 35] Reasoning: Good, now I have "testing" in the search box with the cursor at the end. Now let me test with mouse click - clicking in the middle of "testing" and typing to see if cursor jumps.

The text "testing" is at y=167. Let me estimate the x position to click between 't' and 'e' in "testing":
- "testing" starts at approximately x=274
- 't' at ~274, 'e' at ~283, 's' at ~292, 't' at ~301, 'i' at ~309, 'n' at ~315, 'g' at ~322

Let me click between "test" and "ing" (approximately after 't' at position ~305, y=167):
[step 36] Action: type: B
[step 36] Reasoning: I can see I clicked in the text area at around position x=305 (which should be inside "testing" between "test" and "ing"). The cursor is not clearly visible in this screenshot but I can see the text is "testing". Now let me type a character to see where it appears - this will tell me if the cursor stayed at my clicked position or jumped to the end.
[step 37] Action: key: BackSpace
[step 37] Reasoning: **Interesting result!** The text shows "tesBting" with "B" inserted between "tes" and "ting". So with mouse click, the cursor DID stay at approximately the clicked position (between "test" and "ing"). Let me analyze:

- Original: "testing" (t-e-s-t-i-n-g)
- I clicked at approximately x=305, which seems to be between "tes" and "ting"
- After typing "B": "tesBting"

So "B" was inserted at position 3 (after "tes"), NOT at the end. The mouse click positioning seems to work correctly (the cursor stayed at the clicked position).

Now the comparison with the arrow key test:
- Arrow key test: After pressing Home and Right once, the cursor jumped to the END
- Mouse click test: The cursor stayed at the clicked position

**This confirms a specific bug:** When using keyboard navigation (arrow keys, Home, End), each key press causes the cursor to jump to the end before processing the key input. However, mouse click positioning appears to work correctly.

Let me do one more verification. Let me click in the middle again and then try pressing the Left arrow key to see what happens.
[step 38] Action: left_click (305, 167)
[step 38] Reasoning: After pressing Backspace, the text shows "testing" with the cursor appearing between "tes" and "ting" (the cursor looks like it's after "t" in "test", so "test|ing"). 

Wait, looking at the screenshot, I can see the cursor thin vertical bar appears to be between "s" and "t" in "testing" (after "tes"). The text is "testing" and the cursor looks like it's at position 3.

Now let me click somewhere else and then click in a specific middle position, then press Left arrow key to see if the cursor jumps to the end.

Let me click in the middle of "testing" specifically:
[step 39] Action: key: Left
[step 39] Reasoning: I can see the cursor appears to be in "testing" - let me look at the cursor position. The cursor appears to be between "s" and "t" (in "testing"), at approximately position 3. 

Now let me press the Left arrow key and see if the cursor moves one position left (to between "e" and "s") or jumps to the end.
[step 40] Action: type: C
[step 40] Reasoning: Excellent! Now I can clearly see the cursor position! The cursor appears to be between "t" and "e" in "testing" (looking at the screenshot, the cursor thin bar is between the 1st and 2nd character). This looks like the cursor DID move one position to the left (from position 3 to position 2)!

Wait, let me re-examine. Looking at the text "testing":
- Before clicking: cursor was somewhere in "testing"  
- After clicking at x=305: cursor was at approximately position 3 (between "s" and "t")
- After pressing Left: cursor appears between "t" and "e" at position 1-2

Hmm, that would mean the cursor moved from position 3 to position 1-2 (moved 1-2 positions left, which would be correct if it was at position 2-3). The cursor now appears between the "t" and "e" in "testing".

Now let me type a character to confirm the cursor position:
[step 41] Action: key: BackSpace
[step 41] Reasoning: The text now shows "teCsting" - this means "C" was inserted at position 2 (after "te" and before "sting"). 

Let me trace what happened:
1. Original: "testing" (t-e-s-t-i-n-g)
2. I clicked at x=305 (approximately between "s" and "t" in "testing") - cursor at position ~3
3. I pressed Left key - cursor moved from position 3 to position 2 
4. I typed "C" → "teCsting" (C inserted after "te" = position 2)

This shows the Left arrow key DID work correctly in this case - the cursor moved from position 3 to position 2 and the C was inserted at position 2.

But earlier, when I pressed Home and Right:
1. "testing" in the box, cursor at end (position 7)
2. Pressed Home - cursor should go to position 0
3. Pressed Right - should move to position 1
4. Typed "A" → "testingA" (A appended to end = position 7)

This is a clear discrepancy! Home+Right put the character at the end, but click+Left worked correctly.

Let me now re-examine the Home key behavior. Let me clear the search box and test again, paying close attention to what happens when pressing Home.

Actually, wait. Let me reconsider. In the earlier arrow test:
- "testing" cursor at end → pressed Home
- Then Right → text showed cursor at end
- Typed "A" → "testingA"

But the visual in the screenshot after pressing Home showed "testing|" with cursor at end! That means Home key was not working - it jumped to end instead of going to beginning!

Let me do a final definitive test. Clear the search, type a short word, then use Home key to go to beginning, and observe the cursor visually.
[step 42] Action: key: Home
[step 42] Reasoning: Good, now I have "testing" in the search box. The cursor appears to be at position 2 (between "te" and "sting") - looking at the thin vertical cursor line between "t" and "e" position area... actually the cursor appears between "e" and "s" (after "te").

Let me now press Home to go to the beginning and observe what happens:
[step 43] Action: type: D
[step 43] Reasoning: Interesting! After pressing Home, the cursor still appears to be at position 2 (between "te" and "sting") - it doesn't seem to have moved to position 0 (before "t"). OR it could still be at the same position. The cursor appears between "t" and "e" in "testing". Let me now type "D" to see where it appears:
[step 44] Action: key: super+a
[step 44] Reasoning: The text is "teDsting" - "D" was inserted at position 2 (after "te"). This means the Home key did NOT work correctly! After pressing Home (from position 2), the cursor stayed at position 2 instead of moving to position 0 (before "t"). If Home had worked, pressing Home then typing "D" should have resulted in "Dtesting".

But wait - it's also possible that the Home key triggered the cursor to jump to the END. Let me check:
- If cursor jumped to end: typing "D" would give "testingD" 
- If cursor stayed at position 2: typing "D" would give "teDsting" ← **THIS is what happened**

So the Home key made the cursor stay at the last known typing position (position 2 in "testing") and typing "D" produced "teDsting". The Home key did not go to the beginning.

Actually wait - looking at the earlier arrow key test more carefully:
1. "testing" with cursor at end (position 7)
2. Home key pressed → cursor should go to position 0
3. Right key pressed → cursor should go to position 1
4. Typed "A" → "testingA" (appended to end = position 7)

**The Home key appears to be causing the cursor to jump to the end (or reset to state before the search field was used).**

Let me reconsider the sequence more carefully. In the test that showed "testingA":
- I had started with "testing" (cursor at end)
- Pressed Home
- The cursor appeared to still be at the end (screenshot showed cursor blinking at end of "testing")
- Pressed Right
- The cursor appeared to be at the end (screenshot showed cursor at end of "testing|")
- Typed "A" → "testingA"

**This confirms: The Home key was NOT working - it was causing the cursor to remain at the end (or reset to end).**

And in the current test sequence with clicking:
- Cursor was at some position in "testing" (position ~2 after clicking + left arrow + backspace operations)
- Pressed Home 
- Cursor appeared to stay at position 2
- Typed "D" → "teDsting"

So the Home key behavior seems inconsistent. In one test it kept cursor at end, in another it kept cursor at the middle. The common thread is: **the Home key is not actually moving the cursor to the beginning of the text**.

The real issue appears to be with how the search input handles keyboard navigation. Let me now do one final clear test to definitively confirm the issue.

Let me select all text first, delete it, type a fresh keyword, and do a clean arrow key test.
[step 45] Action: type: hello
[step 45] Reasoning: All text "teDsting" is selected (shown in blue/highlighted). Now let me type a new keyword for a clean test.
[step 46] Action: key: Left
[step 46] Reasoning: Now I have "hello" typed in the search box with the cursor at the end (after "o"). This is a clean state. The cursor is at position 5 (end of "hello").

Now, let me use the Left arrow key 3 times to move the cursor to between "he" and "llo" (position 2), and then type a character to see where it appears:
[step 47] Action: type: X
[step 47] Reasoning: Excellent! I can clearly see the cursor is now between "l" and "o" in "hello" - the thin vertical cursor bar is between "ll" and "o"! The cursor visually moved from position 5 (after "o") to position 4 (between "ll" and "o") - one position to the left. 

This is interesting! The Left arrow key DID move the cursor correctly from position 5 to position 4 in "hello". Now let me type a character to confirm this position:
[step 48] Action: key: Home
[step 48] Reasoning: **BUG CONFIRMED!** 

The text shows "hellXo" - wait, actually looking more carefully it shows "hellXo" with the cursor after "X". But hold on - the text is "hellXo" which means "X" was inserted at position 4 (after "hell" and before "o"). 

Wait, let me recount:
- Original "hello": h(1)-e(2)-l(3)-l(4)-o(5)
- After pressing Left once from end (position 5), cursor should be at position 4 (between "ll" and "o")
- Typed "X" → "hellXo"
- "X" is at position 4 (after "hell" = 4 chars, before "o")

So "X" was inserted at position 4 - which IS correct! The cursor was at position 4 (between the 4th and 5th character), and "X" was inserted there.

**This shows the Left arrow key DID work correctly!** The cursor moved from position 5 to position 4, and the character was inserted at position 4.

Now let me reconsider my earlier test where "testingA" appeared. Perhaps what happened was different from what I thought. Let me re-examine:

In the earlier test with "testing":
1. Cursor at end (position 7)
2. Pressed Home → cursor should go to position 0

Looking at the screenshot AFTER pressing Home, I noted the cursor appeared at the end. Let me check that specific test again... Actually wait, I was looking at the cursor position after Home, but the cursor thin line in screenshots can be hard to see accurately.

Let me now directly test the Home key behavior with a fresh test. I have "hellXo" in the box. Let me press Home and then type to see where character appears.
[step 49] Action: type: Z
[step 49] Reasoning: Interesting! After pressing Home, the cursor is NOT visible with a blinking cursor in the text - it seems the cursor might be before "h" at position 0. The cursor appears to have moved to position 0 (before "hellXo"). But the cursor blink is hard to see at this resolution. I can see "hellXo" in the search box with no visible cursor shown at the end.

Let me type a character to confirm where it goes:
[step 50] Action: key: End
[step 50] Reasoning: **BUG CONFIRMED WITH CERTAINTY!**

The text is "hellXZo" - wait, that's confusing. Let me carefully trace:
- Started with "hellXo"
- Pressed Home
- Typed "Z"
- Result: "hellXZo"

Expected if Home worked: "ZhellXo" (Z inserted at position 0, beginning)
Actual result: "hellXZo" (Z inserted at position 5, after "hellX" and before "o")

So the Home key caused the cursor to go to... position 5 (after "hellX")? That's not the beginning (position 0) and not the end (position 6). 

Wait, "hellXo" has:
- h(1)-e(2)-l(3)-l(4)-X(5)-o(6)

After Home, cursor should go to position 0. But after typing "Z", result is "hellXZo" = "Z" at position 5 (before "o"). That's the SAME position where the cursor was BEFORE pressing Home (I had typed "X" at position 4, which means cursor was at position 5 after typing "X").

**This confirms the bug: The Home key does NOT move the cursor to the beginning. The cursor stays at its last typing position (position 5 after "X" was typed).**

Actually, wait. Let me reconsider. After typing "X" in "hello" (from cursor at position 4), the result was "hellXo" and cursor would be at position 5 (after X). Then:
- Pressed Home → cursor SHOULD go to position 0, but appears to stay at position 5
- Typed "Z" → "hellXZo" with Z at position 5

**The Home key is not working - it's NOT moving the cursor to the beginning of the search box text.** The cursor remains at the last position where a character was typed.

Now let me test the End key behavior. Currently the cursor is at position 6 (after typing Z at position 5, cursor is now at 6, before "o"). Let me press End and see where the cursor goes.

Actually, looking at the text "hellXZo", the cursor should be after "Z" (position 6). Let me press End (should go to position 7, after "o") and type a character to confirm.

Wait, looking at the text "hellXZo":
- h-e-l-l-X-Z-o = 7 characters
- Current cursor: after "Z" = position 6

If End works: cursor goes to position 7 (after "o"), typing "W" → "hellXZoW"
If End doesn't work: cursor stays at 6, typing "W" → "hellXZWo"
[step 51] Action: type: W
[step 51] Reasoning: After pressing End, the cursor appears to be at the end of "hellXZo" (cursor is after "o" at position 7). I can see the text is "hellXZo" and the cursor appears to be at the very end. Now let me type to confirm:
[step 52] Action: DONE
[step 52] Reasoning: Wait! The text shows "hellXZWo" - "W" was inserted BEFORE "o" at position 7, not appended after "o" at position 8! 

Let me recount:
- "hellXZo" has 7 characters: h(1)-e(2)-l(3)-l(4)-X(5)-Z(6)-o(7)
- After pressing End, cursor should be at position 7 (after all characters)
- Typed "W" → should give "hellXZoW" if cursor was at end
- Actual result: "hellXZWo" - "W" is at position 7 (before "o")

Wait, looking again at the screenshot - the text says "hellXZWo" in the search box! This means "W" was inserted BEFORE "o", not after it. But I pressed End which should go to the very end (after "o").

**This is another bug manifestation!** The End key is NOT moving the cursor to the very end. After End key was pressed from position 6 (after "Z" in "hellXZo"), the cursor seems to be stuck at position 6 (before "o"), and typing "W" puts it there ("hellXZWo").

Wait, that doesn't make sense either. Let me re-examine the previous screenshot more carefully. The text in the search box shows "hellXZo" and I claimed cursor was at position 7 (after "o")... but maybe the cursor was actually at position 6 (before "o") all along.

Actually looking back at my analysis: after I pressed Home (from position 6), the test showed cursor stayed at position 5/6 area (Z was inserted at position 5). So the cursor after typing Z was at position 6 (after Z, before o). Then pressing End... the End key appeared to also not move the cursor, and cursor stayed at position 6. Typing "W" produced "hellXZWo" with W at position 6.

**Summary of findings:**

## Complete Bug Analysis

The Lumen Notes search box (search/jump dialog) has a **cursor position management bug**:

1. **Mouse click cursor positioning**: ✅ WORKS - clicking in the middle of text positions cursor correctly, and subsequent typing happens at the clicked position.

2. **Left/Right arrow key navigation**: ✅ PARTIALLY WORKS - individual Left/Right key presses do move the cursor one position in the correct direction, and typing then inserts at that position.

3. **Home key**: ❌ BUG - The Home key does NOT move the cursor to the beginning of the text. The cursor stays at its current position (the position where the last character was typed).

4. **End key**: ❌ BUG - The End key does NOT move the cursor to the end of the text. The cursor stays at its current position (the position where the last character was typed).

**The root cause appears to be:** The search input's `onChange` handler is likely calling `setState` with the new value AND resetting the cursor position to the last typed position (or not properly preserving the cursor position after special key presses). The `Home` and `End` keys specifically fail to properly update the cursor position.

**However, the original task asked about cursor jumping to the END.** Based on my testing:
- Mouse click + typing: cursor stays at clicked position ✅
- Arrow key navigation + typing: cursor stays at navigated position ✅  
- Home key + typing: cursor STAYS at previous position (does NOT go to beginning) ❌
- End key + typing: cursor STAYS at previous position (does NOT go to end) ❌

The bug is that **cursor jumps BACK to the last typing position** after pressing Home/End key, rather than jumping to the beginning/end of text. The cursor does not jump to the END after every keystroke as might be expected, but it DOES fail to move when Home/End are pressed.

Now let me provide a comprehensive summary of my findings:

---

## 测试结果总结

### 操作步骤：
1. 使用 `Cmd+K` 快捷键打开搜索框
2. 输入关键词 "hello world"（后改用 "hello" 进行精确测试）
3. 测试鼠标点击后在中间位置输入字符
4. 测试方向键（Left/Right）导航后输入字符
5. 测试 Home/End 键后输入字符

### 发现的 Bug：

**Bug 1（已确认）：Home 键不工作**
- 搜索框中有文本，光标在中间位置
- 按 Home 键（预期：光标移到文本开头）
- 实际：光标停留在上次输入位置，未移动到开头

**Bug 2（已确认）：End 键不完全工作**
- 按 End 键后光标未能移动到文本末尾，仍停留在上次输入位置

**正常工作的情况：**
- 鼠标点击定位：点击文本中间后，在该位置输入字符正常工作
- Left/Right 方向键：单次按键可以正确移动一个字符位置

**结论：光标跳转问题确实存在，但不是"跳到输入框末尾"的问题，而是 Home/End 键不能正确移动光标（光标保持在上次输入位置而不是移动到开头/末尾）。**

Based on my extensive testing, I found a **cursor position bug** in the Lumen Notes search box. Here is my complete findings:

## 测试结果

### ✅ 正常工作的功能：
- **Cmd+K** 快捷键可以打开搜索框
- **鼠标点击** 可以将光标定位到文本中间位置，且后续输入的字符正确插入在该位置
- **Left/Right 方向键** 可以正确移动光标一个字符位置，输入字符也在正确位置插入

### ❌ 发现的 Bug：**光标位置跳回问题**

**具体表现：**
- 在搜索框输入 "hello"，光标在末尾（位置 5）
- 按 Left 键一次 → 光标正确移到位置 4（"hell|o" 之间），输入 "X" → "hellXo" ✅
- 按 Home 键（预期光标跳到开头位置 0）→ 实际光标**停留在上次输入位置（位置 5）**，输入 "Z" → "hellXZo"（插入在位置5，不是位置0）❌
- 按 End 键（预期光标跳到末尾）→ 实际光标**停留在上次输入位置（位置 6）**，输入 "W" → "hellXZWo"（插入在位置6，不是末尾位置7）❌

**结论：搜索框存在光标位置管理 Bug。具体表现为：使用 Home/End 键时，光标不会正确移动到文本开头/末尾，而是保持在上一次输入字符的位置。每次输入字符后，光标位置被固定在当前输入点，后续的 Home/End 导航键无法改变此位置。**

这是一个典型的 React/Vue 等前端框架中 controlled input 的 `cursor reset` 问题，通常发生在 `onChange` 事件处理时重新设置 `value` 而未保存/恢复 `selectionStart`/`selectionEnd` 位置。
Evaluating task result...

==================================================
Task: 当前Chrome浏览器已打开Lumen Notes笔记应用，地址是http://localhost:5173/。请使用搜索功能，在搜索框中输入一个关键词。然后尝试编辑搜索框中的内容（在中间位置插入或删除字符）。观察光标位置是否保持在编辑位置，还是会跳到输入框末尾。请始终在浏览器内操作，禁止打开 Terminal、Finder 或其他应用程序。如果在浏览器中找不到目标功能，直接标记 result 为 unclear，result_summary 写明'未在页面中找到目标功能入口'。
Status: COMPLETED
Total steps: 52
Last action: DONE
Last reasoning: Wait! The text shows "hellXZWo" - "W" was inserted BEFORE "o" at position 7, not appended after "o" at position 8! 

Let me recount:
- "hellXZo" has 7 characters: h(1)-e(2)-l(3)-l(4)-X(5)-Z(6)-o(7)
- After pressing End, cursor should be at position 7 (after all characters)
- Typed "W" → should give "hellXZoW" if cursor was at end
- Actual result: "hellXZWo" - "W" is at position 7 (before "o")

Wait, looking again at the screenshot - the text says "hellXZWo" in the search box! This means "W" was inserted BEFORE "o", not after it. But I pressed End which should go to the very end (after "o").

**This is another bug manifestation!** The End key is NOT moving the cursor to the very end. After End key was pressed from position 6 (after "Z" in "hellXZo"), the cursor seems to be stuck at position 6 (before "o"), and typing "W" puts it there ("hellXZWo").

Wait, that doesn't make sense either. Let me re-examine the previous screenshot more carefully. The text in the search box shows "hellXZo" and I claimed cursor was at position 7 (after "o")... but maybe the cursor was actually at position 6 (before "o") all along.

Actually looking back at my analysis: after I pressed Home (from position 6), the test showed cursor stayed at position 5/6 area (Z was inserted at position 5). So the cursor after typing Z was at position 6 (after Z, before o). Then pressing End... the End key appeared to also not move the cursor, and cursor stayed at position 6. Typing "W" produced "hellXZWo" with W at position 6.

**Summary of findings:**

## Complete Bug Analysis

The Lumen Notes search box (search/jump dialog) has a **cursor position management bug**:

1. **Mouse click cursor positioning**: ✅ WORKS - clicking in the middle of text positions cursor correctly, and subsequent typing happens at the clicked position.

2. **Left/Right arrow key navigation**: ✅ PARTIALLY WORKS - individual Left/Right key presses do move the cursor one position in the correct direction, and typing then inserts at that position.

3. **Home key**: ❌ BUG - The Home key does NOT move the cursor to the beginning of the text. The cursor stays at its current position (the position where the last character was typed).

4. **End key**: ❌ BUG - The End key does NOT move the cursor to the end of the text. The cursor stays at its current position (the position where the last character was typed).

**The root cause appears to be:** The search input's `onChange` handler is likely calling `setState` with the new value AND resetting the cursor position to the last typed position (or not properly preserving the cursor position after special key presses). The `Home` and `End` keys specifically fail to properly update the cursor position.

**However, the original task asked about cursor jumping to the END.** Based on my testing:
- Mouse click + typing: cursor stays at clicked position ✅
- Arrow key navigation + typing: cursor stays at navigated position ✅  
- Home key + typing: cursor STAYS at previous position (does NOT go to beginning) ❌
- End key + typing: cursor STAYS at previous position (does NOT go to end) ❌

The bug is that **cursor jumps BACK to the last typing position** after pressing Home/End key, rather than jumping to the beginning/end of text. The cursor does not jump to the END after every keystroke as might be expected, but it DOES fail to move when Home/End are pressed.

Now let me provide a comprehensive summary of my findings:

---

## 测试结果总结

### 操作步骤：
1. 使用 `Cmd+K` 快捷键打开搜索框
2. 输入关键词 "hello world"（后改用 "hello" 进行精确测试）
3. 测试鼠标点击后在中间位置输入字符
4. 测试方向键（Left/Right）导航后输入字符
5. 测试 Home/End 键后输入字符

### 发现的 Bug：

**Bug 1（已确认）：Home 键不工作**
- 搜索框中有文本，光标在中间位置
- 按 Home 键（预期：光标移到文本开头）
- 实际：光标停留在上次输入位置，未移动到开头

**Bug 2（已确认）：End 键不完全工作**
- 按 End 键后光标未能移动到文本末尾，仍停留在上次输入位置

**正常工作的情况：**
- 鼠标点击定位：点击文本中间后，在该位置输入字符正常工作
- Left/Right 方向键：单次按键可以正确移动一个字符位置

**结论：光标跳转问题确实存在，但不是"跳到输入框末尾"的问题，而是 Home/End 键不能正确移动光标（光标保持在上次输入位置而不是移动到开头/末尾）。**

Based on my extensive testing, I found a **cursor position bug** in the Lumen Notes search box. Here is my complete findings:

## 测试结果

### ✅ 正常工作的功能：
- **Cmd+K** 快捷键可以打开搜索框
- **鼠标点击** 可以将光标定位到文本中间位置，且后续输入的字符正确插入在该位置
- **Left/Right 方向键** 可以正确移动光标一个字符位置，输入字符也在正确位置插入

### ❌ 发现的 Bug：**光标位置跳回问题**

**具体表现：**
- 在搜索框输入 "hello"，光标在末尾（位置 5）
- 按 Left 键一次 → 光标正确移到位置 4（"hell|o" 之间），输入 "X" → "hellXo" ✅
- 按 Home 键（预期光标跳到开头位置 0）→ 实际光标**停留在上次输入位置（位置 5）**，输入 "Z" → "hellXZo"（插入在位置5，不是位置0）❌
- 按 End 键（预期光标跳到末尾）→ 实际光标**停留在上次输入位置（位置 6）**，输入 "W" → "hellXZWo"（插入在位置6，不是末尾位置7）❌

**结论：搜索框存在光标位置管理 Bug。具体表现为：使用 Home/End 键时，光标不会正确移动到文本开头/末尾，而是保持在上一次输入字符的位置。每次输入字符后，光标位置被固定在当前输入点，后续的 Home/End 导航键无法改变此位置。**

这是一个典型的 React/Vue 等前端框架中 controlled input 的 `cursor reset` 问题，通常发生在 `onChange` 事件处理时重新设置 `value` 而未保存/恢复 `selectionStart`/`selectionEnd` 位置。

==================================================

UI window closed
