Session created: sess-20260418000202-bb76ce76c5fc494ca27d03b8800d9bfe
UI panel initialized successfully
UI window displayed
Expected result: 每次切换样式后，地图视图应完全刷新，仅显示当前所选样式的内容，不应出现之前样式的图层或要素残留在地图上的情况。
[step 0] Action: Initializing
[step 0] Reasoning: Initializing session connection
[step 0] Action: screenshot
[step 1] Action: left_click (357, 376)
[step 1] Reasoning: I can see the Maputnik editor is open with a map already loaded. There's a terminal window in the way. Let me close it and then proceed with the testing steps.
[step 2] Action: left_click (359, 395)
[step 2] Reasoning: The terminal window is still showing. Let me click the red X button to close it.
[step 3] Action: left_click (501, 571)
[step 3] Reasoning: A dialog appeared asking if I want to terminate the running process. I should click "取消" (Cancel) since the task says not to close/kill terminal processes - let me reconsider. The task says "禁止打开 Terminal、Finder 或其他应用程序" - I should not open them, but the terminal is already open. The task is to operate in the browser. Let me cancel the dialog and just click somewhere on the browser to bring it to focus instead.

Actually, the task says I need to operate within the browser. I should cancel the dialog and then click the browser to bring it to focus.
[step 4] Action: left_click (944, 691)
[step 4] Reasoning: The terminal window is still open and overlapping the browser. I need to click on the Chrome/browser window to bring it to focus. Let me click on the Chrome browser in the taskbar or click on the browser part that's visible.
[step 5] Action: left_click (97, 33)
[step 5] Reasoning: That opened VS Code instead. I need to click on the Chrome browser. Let me click on the browser part visible in the top, or click the Chrome browser icon in the dock.
[step 6] Action: left_click (830, 400)
[step 6] Reasoning: Now I can see the Chrome browser with Maputnik is in focus. The map is showing a world map. I can see the terminal is gone and now I have a clean view of the Maputnik editor. Now let me proceed with Step 2: Click the "Open" button in the top menu.
[step 7] Action: left_click (157, 91)
[step 7] Reasoning: Good, the browser is now in focus and I can see the Maputnik editor clearly. There's a small popup/tooltip showing "water" on the map. Now let me click somewhere else to dismiss that and then click on the "Open" button in the top menu.
[step 8] Action: scroll down (640, 450) scroll_amount 3
[step 8] Reasoning: The "Open Style" panel is now open. I can see:
- Upload Style section
- Load from URL section
- Gallery Styles section with various style options: OSM Liberty, Maptiler Basic, Dark Matter, Positron, OSM Bright, Toner, Zoomstack Outdoor, Zoomstack Road, Zoomstack Light, Zoomstack Night, Empty Style

Now I need to scroll down to find "Empty Style" and click on it as per step 3. I can already see "Empty Style" at the bottom. Let me scroll down a bit to see it better.
[step 9] Action: left_click (633, 600)
[step 9] Reasoning: I can now see the "Empty Style" at the bottom of the list. Let me click on it to load it.
[step 10] Action: left_click (157, 91)
[step 10] Reasoning: The "Empty Style" has been loaded successfully. The map view now shows a blank/dark canvas with no layers, which is exactly what the Empty Style should look like. The layers panel on the left is empty (no layers listed), confirming the style loaded correctly.

I can see a small "water" tooltip on the map which appears to be from the previous map interaction. 

Now let me proceed with Step 4 and 5: Click the Open button again and this time select "Open URL" to load the external style URL.

**Visual observation**: The map is now showing a completely blank/dark view with just the "MapLibre" attribution at the bottom. The URL has changed to a new layer ID. The left layers panel is empty, which is consistent with the Empty Style.

Now let me click the "Open" button again:
[step 11] Action: left_click (640, 232)
[step 11] Reasoning: The Open Style panel is showing again. I can see the "Load from URL" section. Now I need to enter the URL in the "Enter URL..." field. Let me click on the URL field and enter the URL.
[step 12] Action: type: https://raw.githu...
[step 12] Reasoning: The URL input field is now active (highlighted in blue). Let me type the external style URL.
[step 13] Action: left_click (484, 259)
[step 13] Reasoning: The URL has been entered in the field. I can see "Load from URL" button is now enabled. Let me click on it to load the style.
[step 14] Action: wait
[step 14] Reasoning: Excellent! The IHM.json style has been successfully loaded from the URL. I can see:
1. The left panel now shows many layers (background, area, contour, water, area, water-area-breakwate, trail, layer, casing, water, boundary, aeroway, barrier-cliff, casing, trail, rail, path, track, road, layer1, layer2, layer3, cable_car, goods, barrier, power-line, Terrain, boundary-minefield-ic, barrier, grid)
2. The URL in the browser changed to a new layer ID
3. The map view shows a light yellowish/cream background which matches the IHM style

The map view appears to show a mostly empty light-colored map which is the IHM style background. The style has been loaded with many layers as expected.

Now let me wait a moment for the map to fully load and then take a screenshot to observe the state.
[step 15] Action: left_click (157, 91)
[step 15] Reasoning: The IHM (Israel Hiking Map) style has loaded successfully. The map now shows:
1. A world map with a distinctive cream/beige land color and blue water - this is the IHM style's characteristic appearance
2. The attribution at the bottom shows "MapLibre © IsraelHiking © OpenMapTiles © OpenStreetMap contributors" - confirming the IHM style is active
3. The left panel shows many layers from the IHM style (background, area, contour, water, area, water-area-breakwate, trail, layer, casing, water, boundary, aeroway, barrier-cliff, casing, trail, rail, path, track, road, layer1, layer2, layer3, cable_car, goods, barrier, power-line, Terrain, boundary-minefield-ic, barrier, grid)

The map has updated correctly with the new IHM style. Now I need to proceed with Step 7: Click the "Open" button again and select "OSM Liberty" from the Gallery Styles.
[step 16] Action: left_click (506, 375)
[step 16] Reasoning: The Open Style panel is showing again. I can see the Gallery Styles with "OSM Liberty" at the top left. Let me click on it to load the OSM Liberty style.
[step 17] Action: wait
[step 17] Reasoning: The OSM Liberty style has been successfully loaded. I can observe:

1. **The map view has changed**: The map now shows the OSM Liberty style with a white/light blue background, green forested areas, blue oceans, and the distinctive OSM Liberty color scheme (similar to OpenStreetMap default style).

2. **The layers panel has updated**: The left panel now shows layers from the OSM Liberty style: background, natural_earth, park, landuse_residential, landcover, landuse, waterway, water, landcover_sand, aeroway, tunnel, road, bridge, building, boundary, water, poi, road, place, state, country, continent - these are the OSM Liberty layers.

3. **The attribution at the bottom shows**: "MapLibre © MapTiler © OpenStreetMap contributors" - which is consistent with the OSM Liberty style.

4. **No visual residue from the IHM style**: The map shows only the OSM Liberty style rendering without any leftover elements from the previous IHM style (cream/beige colors and different layer structure).

5. **URL has changed**: The URL shows a new layer ID (3586658076), different from the IHM style ID.

Let me wait a moment and take a final screenshot to confirm the map is displaying the OSM Liberty style correctly.
[step 18] Action: DONE
[step 18] Reasoning: The OSM Liberty style is fully loaded and displaying correctly. The map view shows a complete world map with the OSM Liberty style characteristics:

- Light gray/white background
- Green areas for vegetation/parks
- Blue ocean water
- Country labels (NORTH AMERICA, EUROPE, ASIA, AFRICA, AUSTRALIA, etc.)
- Country boundaries visible
- The attribution at the bottom shows "MapLibre © MapTiler © OpenStreetMap contributors"

**No residual elements** from the previous IHM style (cream/beige colors) are visible. The style switch appears to be working correctly.

## Test Summary

Here is a complete summary of the test results:

### Test Steps Completed:

1. ✅ **Opened Maputnik Application** - The application was already open at http://localhost:5173/

2. ✅ **Clicked Open Button** - The "Open Style" panel appeared correctly with three sections: Upload Style, Load from URL, and Gallery Styles

3. ✅ **Selected Empty Style from Gallery** - The Empty Style was loaded successfully. The map view showed a blank/empty canvas with no layers, and the layers panel was empty.

4. ✅ **Clicked Open Button Again** - The panel reopened correctly

5. ✅ **Loaded IHM Style via URL** - Successfully entered the URL `https://raw.githubusercontent.com/IsraelHikingMap/VectorMap/master/Styles/IHM.json` and clicked "Load from URL". The style loaded with many IHM-specific layers (background, area, contour, water, trail, etc.) and the map showed the characteristic IHM cream/beige land color with blue water.

6. ✅ **Map Updated with IHM Style** - The map view correctly displayed the IHM style with the attribution "MapLibre © IsraelHiking © OpenMapTiles © OpenStreetMap contributors"

7. ✅ **Switched to OSM Liberty** - Clicked Open again and selected OSM Liberty from Gallery Styles

8. ✅ **Map View Correctly Refreshed** - The map view completely updated to show the OSM Liberty style with:
   - New color scheme (light gray background, green areas, blue water)
   - New layer set (background, natural_earth, park, landuse_residential, etc.)
   - New attribution "MapLibre © MapTiler © OpenStreetMap contributors"
   - No residual elements from the previous IHM style

### Test Result: **PASS**

The Maputnik editor correctly refreshes the map view when switching between different map styles. Each style switch resulted in a complete update of both the layers panel and the map rendering, with no visual residue from previous styles. The style switching functionality works as expected.
Evaluating task result...

==================================================
Task: 当前Chrome浏览器已打开maputnik地图样式编辑器，地址是http://localhost:5173/。测试在 Maputnik 编辑器中切换不同地图样式后，地图视图是否正确刷新显示新样式。具体步骤：1. 打开 Maputnik 应用页面。2. 找到顶部菜单栏中的 Open 按钮并点击。3. 在弹出的面板中选择 Gallery Styles，然后选择一个样式（例如 Empty Style）加载。4. 等待地图加载完成后，再次点击 Open 按钮。5. 这次选择 Open URL，输入一个外部样式 URL（如 https://raw.githubusercontent.com/IsraelHikingMap/VectorMap/master/Styles/IHM.json）并加载。6. 等待地图视图更新并确认地图已加载该样式的图层和要素。7. 再次点击 Open 按钮，选择 Gallery Styles，切换到另一个样式（例如 OSM Liberty）。8. 观察地图视图是否完全显示为新选择的样式，确认地图中没有残留之前样式的图层或要素混合显示的情况。请始终在浏览器内操作，禁止打开 Terminal、Finder 或其他应用程序。如果在浏览器中找不到目标功能，直接标记 result 为 unclear，result_summary 写明未在页面中找到目标功能入口。
Status: COMPLETED
Total steps: 18
Last action: DONE
Last reasoning: The OSM Liberty style is fully loaded and displaying correctly. The map view shows a complete world map with the OSM Liberty style characteristics:

- Light gray/white background
- Green areas for vegetation/parks
- Blue ocean water
- Country labels (NORTH AMERICA, EUROPE, ASIA, AFRICA, AUSTRALIA, etc.)
- Country boundaries visible
- The attribution at the bottom shows "MapLibre © MapTiler © OpenStreetMap contributors"

**No residual elements** from the previous IHM style (cream/beige colors) are visible. The style switch appears to be working correctly.

## Test Summary

Here is a complete summary of the test results:

### Test Steps Completed:

1. ✅ **Opened Maputnik Application** - The application was already open at http://localhost:5173/

2. ✅ **Clicked Open Button** - The "Open Style" panel appeared correctly with three sections: Upload Style, Load from URL, and Gallery Styles

3. ✅ **Selected Empty Style from Gallery** - The Empty Style was loaded successfully. The map view showed a blank/empty canvas with no layers, and the layers panel was empty.

4. ✅ **Clicked Open Button Again** - The panel reopened correctly

5. ✅ **Loaded IHM Style via URL** - Successfully entered the URL `https://raw.githubusercontent.com/IsraelHikingMap/VectorMap/master/Styles/IHM.json` and clicked "Load from URL". The style loaded with many IHM-specific layers (background, area, contour, water, trail, etc.) and the map showed the characteristic IHM cream/beige land color with blue water.

6. ✅ **Map Updated with IHM Style** - The map view correctly displayed the IHM style with the attribution "MapLibre © IsraelHiking © OpenMapTiles © OpenStreetMap contributors"

7. ✅ **Switched to OSM Liberty** - Clicked Open again and selected OSM Liberty from Gallery Styles

8. ✅ **Map View Correctly Refreshed** - The map view completely updated to show the OSM Liberty style with:
   - New color scheme (light gray background, green areas, blue water)
   - New layer set (background, natural_earth, park, landuse_residential, etc.)
   - New attribution "MapLibre © MapTiler © OpenStreetMap contributors"
   - No residual elements from the previous IHM style

### Test Result: **PASS**

The Maputnik editor correctly refreshes the map view when switching between different map styles. Each style switch resulted in a complete update of both the layers panel and the map rendering, with no visual residue from previous styles. The style switching functionality works as expected.

==================================================

UI window closed
