Session created: sess-20260417125824-c9a7bb743a5044998b484d4597bd7bd6
UI panel initialized successfully
UI window displayed
Expected result: 在MathField失去焦点后，之前通过菜单设置了颜色的文本字符应保持其设置的颜色，不应变回黑色。
[step 0] Action: Initializing
[step 0] Reasoning: Initializing session connection
[step 0] Action: screenshot
[step 1] Action: Minimize panel
[step 1] Reasoning: I can see the MathLive smoke test page. There's a MathField with "x̂ŷ" (vec x hat y). Let me minimize the panel first and then click on the MathField to give it focus.
[step 2] Action: left_click (1258, 93)
[step 2] Reasoning: There's a Chrome dialog asking to restore pages. Let me close it and then proceed with the test.
[step 3] Action: left_click (440, 215)
[step 3] Reasoning: Good. The dialog is closed. Now I can see the MathField with "x̂ŷ" content. Let me click on the MathField to give it focus first.
[step 4] Action: left_click (434, 218)
[step 4] Reasoning: The MathField now has focus (shown by the blue border). The cursor is at position 3. I can see the formula "x̂ŷ" (vec x hat y). Now I need to select the character "x" to change its color. I need to click on the "x" character in the MathField. Looking at the formula, the "x" with a vector arrow appears to be on the left side.

Let me click directly on the "x" character in the MathField:
[step 5] Action: key: shift+Right
[step 5] Reasoning: The cursor is now at position 0. I can see the MathField with content "x̂ŷ". I need to select the "x" character. Let me use keyboard to select just "x" - I'll press Shift+Right arrow to select from position 0. But first, I need to understand the structure. Looking at the LaTeX: `\vec{x}\hat{y}`, the formula has `x` and `y`. 

Let me try to select the "x" character by pressing Shift+Right to select one character from the current position:
[step 6] Action: right_click (434, 218)
[step 6] Reasoning: I can see that pressing Shift+Right selected the whole `\vec{x}` element (value shows "\vec{x}", start=0, end=3, position=3). The "x̂" part (the x with vector arrow) is now selected - I can see the selection highlight in the MathField. Now let me right-click on the selected character to see the context menu for changing its color.
[step 7] Action: left_click (455, 297)
[step 7] Reasoning: Excellent! A context menu appeared with various options including "Color". I can see the context menu has options like "Insert Matrix", "Insert", "Font Style", "Color", "Background", "Evaluate", "Simplify", "Cut", "Copy", "Paste", "Select All". Let me click on "Color" to see the color options.
[step 8] Action: left_click (549, 308)
[step 8] Reasoning: A color palette has appeared. I can see various colors including red, orange, yellow, green, teal, blue, indigo, purple, pink, black, dark gray, gray, light gray, and white. Let me click on the red color (first in the top row) to change the selected text color to red.
[step 9] Action: screenshot
[step 9] Reasoning: I can see that the color has been applied! The LaTeX now shows `\textcolor{red}{\vec{x}}\hat{y}` which confirms that the red color was applied to the `\vec{x}` element. The ASCII Math also shows `vec color({#d7170b})(x) hat y`.

However, looking at the MathField display, the "x̂" character doesn't appear visibly red in the display - it's hard to tell from the small preview. Let me zoom in to see the MathField more clearly. But first, let me note that the LaTeX confirms color was applied.

Now I need to verify the color is visible in the MathField. Let me take a closer look at the MathField. The formula shows "x̂ŷ" - looking at the preview, it's a small formula. Let me zoom in on the MathField area to check if the x appears red:
[step 10] Action: left_click (640, 640)
[step 10] Reasoning: I can see the MathField still has focus (blue border) and the LaTeX shows `\textcolor{red}{\vec{x}}\hat{y}`. Looking at the MathField display area, the "x̂" appears to still be selected. The LaTeX clearly confirms the red color was applied. 

I can observe a **visual anomaly**: The "x" in the MathField doesn't appear visibly red in the display even though the LaTeX confirms `\textcolor{red}` was applied. This might be because the selection is masking the color, or the rendering hasn't updated properly in the display.

Now let me click outside the MathField to remove focus and see if the colored character retains its color:
[step 11] Action: key: ctrl+shift+equal
[step 11] Reasoning: Now the MathField has lost focus (no blue border). Let me carefully examine the MathField display. Looking at the formula "x̂ŷ", the "x̂" character doesn't appear to be red - it looks the same dark/black color as "ŷ". 

However, the LaTeX still shows `\textcolor{red}{\vec{x}}\hat{y}` which confirms the color was applied in the data. But the visual display in the MathField doesn't seem to show red color for the "x". This could be a rendering bug.

Let me zoom in on the MathField to get a better view of the formula:
[step 12] Action: key: ctrl+shift+plus
[step 13] Action: key: ctrl+equal
[step 14] Action: key: super+plus
[step 14] Reasoning: Let me use Command+= to zoom in on the page in Chrome:
[step 15] Action: key: ctrl+KP_Add
[step 16] Action: key: cmd+equal
[step 16] Reasoning: Let me try using the zoom function via the browser menu. First, let me try the keyboard shortcut for zoom in Chrome on Mac:
[step 17] Action: key: ctrl+shift+z
[step 18] Action: left_click (153, 10)
[step 18] Reasoning: The shortcut didn't zoom. Looking at the MathField, I can observe that the formula "x̂ŷ" doesn't visually show the "x" in red - both characters appear to be the same dark color. However, the LaTeX output clearly shows `\textcolor{red}{\vec{x}}\hat{y}`.

Let me use the Chrome DevTools to zoom in, or use browser zoom. Let me try accessing the Chrome zoom via the View menu:
[step 19] Action: left_click (166, 206)
[step 19] Reasoning: I can see the 显示 (View) menu is open. I can see "放大" (Zoom In) with ⌘+ shortcut. Let me click on "放大":
[step 20] Action: left_click (153, 10)
[step 20] Reasoning: Now the page is zoomed in more. I can see the MathField with "x̂ŷ". Looking closely at the formula, both characters appear to be in the same dark color - the "x" with vector arrow (x̂) doesn't appear visibly red compared to the "ŷ". 

Let me zoom in more to better examine the colors in the MathField:
[step 21] Action: left_click (166, 206)
[step 22] Action: left_click (153, 10)
[step 22] Reasoning: Now I can see the MathField more clearly at a larger zoom level. The formula shows "x̂ŷ" (x with vector arrow and y with hat), but looking at the MathField, both characters appear in the same dark/black color. The "x" doesn't appear to be red even though the LaTeX shows `\textcolor{red}{\vec{x}}\hat{y}`.

This is a **critical visual bug**: The color applied to the "x" character (red) is NOT visible in the MathField display after losing focus. The characters look identical in color (both appear dark/black), even though the LaTeX data correctly shows `\textcolor{red}{\vec{x}}`.

Let me zoom in even more to better see the MathField content:
[step 23] Action: left_click (166, 206)
[step 24] Action: left_click (637, 280)
[step 24] Reasoning: Now I can see the MathField much more clearly at this zoom level. Looking at the formula "x̂ŷ":
- The "x̂" (x with vector arrow) appears to be in **dark/black color** 
- The "ŷ" (y with hat) also appears in dark/black color

Both characters look the same color! But the LaTeX clearly shows `\textcolor{red}{\vec{x}}\hat{y}` - meaning the data indicates the x should be red.

This is very suspicious. Let me click on the MathField to refocus it and see if the color appears when focused:

Let me also look more carefully at the MathField. At this zoom level, the characters are larger. Let me compare: looking at "x̂" and "ŷ" in the MathField, they both appear to be the same dark color.

Let me click on the MathField and then click outside again to see the before/after behavior:
[step 25] Action: left_click (640, 118)
[step 25] Reasoning: Excellent! Now with the MathField **focused** (blue border visible), I can clearly see that the "x̂" (x with vector arrow) is displayed in **RED** color! The "x" is red while the "ŷ" (y with hat) is in dark/black color. This confirms the color was successfully applied.

Now let me click outside the MathField to remove focus and observe if the red color is maintained:
[step 26] Action: left_click (637, 280)
[step 26] Reasoning: This is a **critical bug confirmed!** 

Now that the MathField has **lost focus** (no blue border), looking at the formula "x̂ŷ":
- When **focused**: The "x̂" was clearly displayed in **RED** color
- When **unfocused**: The "x̂" has **reverted to black/dark color** - exactly the same as "ŷ"

The red color is no longer visible after the MathField loses focus! This is a clear **bug in the color persistence functionality** - the colored text loses its visual color styling when the MathField loses focus.

Let me click on the MathField one more time to confirm the behavior and document it clearly:
[step 27] Action: left_click (640, 118)
[step 27] Reasoning: This confirms the bug perfectly. When the MathField is **focused** (blue border visible), I can clearly see:
- "x̂" (x with vector arrow) is displayed in **RED** color
- "ŷ" (y with hat) is displayed in **dark/black** color

Let me click outside one more time to confirm the color disappears:
[step 28] Action: DONE
[step 28] Reasoning: The bug is **conclusively confirmed** and well-documented. Here is the comprehensive test result:

---

## 🧪 测试结果总结

### 测试步骤执行情况：

1. ✅ **点击MathField获得焦点** - 成功，MathField显示蓝色边框表示获得焦点
2. ✅ **选中字符并通过右键菜单更改颜色** - 成功选中 `\vec{x}` 元素，通过右键菜单 → Color 菜单选择红色，颜色已应用
3. ✅ **确认字符颜色已更改** - LaTeX输出确认为 `\textcolor{red}{\vec{x}}\hat{y}`，且在MathField **获得焦点**时，`x̂` 字符显示为**红色**
4. ✅ **点击MathField外部区域使其失去焦点** - 成功，蓝色边框消失
5. ❌ **观察颜色是否保持** - **发现严重Bug！**

### 🐛 发现的Bug

**Bug类型：** 带颜色文本在MathField失去焦点后颜色消失

**现象描述：**
- **MathField有焦点时**：`x̂`（x with vector arrow）显示为**红色**，`ŷ` 显示为黑色 ✅
- **MathField失去焦点时**：`x̂` **变回黑色**，与 `ŷ` 颜色相同，红色完全消失 ❌

**数据层面正常**：LaTeX数据始终保持 `\textcolor{red}{\vec{x}}\hat{y}`，说明颜色信息在数据层面被正确保存了

**渲染层面有Bug**：MathField在失去焦点（blur）后重新渲染时，**没有正确应用 `\textcolor` 的样式**，导致颜色丢失

**结论：** MathLive 存在一个渲染Bug —— 带颜色的字符在MathField失去焦点后会丢失视觉颜色样式（颜色数据保存正确，但视觉渲染错误地将颜色变回了黑色）。这是一个**功能性Bug**，影响用户使用颜色格式化功能。
Evaluating task result...

==================================================
Task: 当前Chrome浏览器已打开mathlive测试页面（http://localhost:9029/test/smoke/），页面中有MathField数学输入框。测试带颜色文本在失去焦点后的颜色保持功能：1. 点击MathField使其获得焦点；2. 选中其中某个字符（如x），通过右键菜单将该字符颜色更改为非黑色（如红色）；3. 确认字符颜色已更改成功；4. 点击MathField外部区域使其失去焦点；5. 观察之前设置了颜色的字符是否仍然保持设置的颜色，还是变回了黑色。始终在浏览器内操作，禁止打开Terminal、Finder或其他应用程序。如果在浏览器中找不到目标功能，直接标记result为unclear。
Status: COMPLETED
Total steps: 28
Last action: DONE
Last reasoning: The bug is **conclusively confirmed** and well-documented. Here is the comprehensive test result:

---

## 🧪 测试结果总结

### 测试步骤执行情况：

1. ✅ **点击MathField获得焦点** - 成功，MathField显示蓝色边框表示获得焦点
2. ✅ **选中字符并通过右键菜单更改颜色** - 成功选中 `\vec{x}` 元素，通过右键菜单 → Color 菜单选择红色，颜色已应用
3. ✅ **确认字符颜色已更改** - LaTeX输出确认为 `\textcolor{red}{\vec{x}}\hat{y}`，且在MathField **获得焦点**时，`x̂` 字符显示为**红色**
4. ✅ **点击MathField外部区域使其失去焦点** - 成功，蓝色边框消失
5. ❌ **观察颜色是否保持** - **发现严重Bug！**

### 🐛 发现的Bug

**Bug类型：** 带颜色文本在MathField失去焦点后颜色消失

**现象描述：**
- **MathField有焦点时**：`x̂`（x with vector arrow）显示为**红色**，`ŷ` 显示为黑色 ✅
- **MathField失去焦点时**：`x̂` **变回黑色**，与 `ŷ` 颜色相同，红色完全消失 ❌

**数据层面正常**：LaTeX数据始终保持 `\textcolor{red}{\vec{x}}\hat{y}`，说明颜色信息在数据层面被正确保存了

**渲染层面有Bug**：MathField在失去焦点（blur）后重新渲染时，**没有正确应用 `\textcolor` 的样式**，导致颜色丢失

**结论：** MathLive 存在一个渲染Bug —— 带颜色的字符在MathField失去焦点后会丢失视觉颜色样式（颜色数据保存正确，但视觉渲染错误地将颜色变回了黑色）。这是一个**功能性Bug**，影响用户使用颜色格式化功能。

==================================================

UI window closed
