Session created: sess-20260417131536-309ea32d33f84528b256b64b27fe1483
UI panel initialized successfully
UI window displayed
Expected result: MathField失去焦点后，带颜色的文本（如红色文本）应继续以其原始颜色正确显示，而不是变成黑色或其他默认颜色。
[step 0] Action: Initializing
[step 0] Reasoning: Initializing session connection
[step 0] Action: screenshot
[step 1] Action: left_click (196, 20)
[step 1] Reasoning: I can see the Smoke Test page with a MathField input. There's a Chrome recovery dialog and a privacy notification. Let me close these first, then proceed with the task.
[step 2] Action: left_click (196, 21)
[step 2] Reasoning: The dialog is still showing. Let me close the Chrome recovery dialog by clicking the X button more precisely.
[step 3] Action: Minimize panel
[step 3] Reasoning: The dialog is still there. Let me minimize the task panel and try clicking more precisely on the X button of the Chrome recovery dialog.
[step 4] Action: left_click (196, 20)
[step 4] Reasoning: Good, the panel is minimized. Now I can see the Chrome recovery dialog is still open. Let me click the X button to close it.
[step 5] Action: left_click (590, 314)
[step 5] Reasoning: The dialog is still showing. The X button appears to be at around coordinate (196, 20). Let me try clicking the "恢复" button to dismiss the dialog, or try a different approach. Actually, the dialog doesn't seem to be closeable with the X. Let me just click on the MathField, which is more important for the task, and the dialog should go away or I can interact with the MathField area directly.

Let me first click on the MathField to focus it (step 1):
[step 6] Action: key: Escape
[step 6] Reasoning: The MathField doesn't seem to have gotten focus - there's no cursor visible. The Chrome recovery dialog appears to be blocking focus. Let me try to press Escape to dismiss it, or click somewhere else first.
[step 7] Action: left_click (285, 314)
[step 7] Reasoning: The dialog is still there. Let me try clicking directly on the MathField again - clicking the "ẋÿ" content in the field. It seems the MathField might work even with the dialog visible since the dialog is positioned on the left side.
[step 8] Action: key: ctrl+a
[step 8] Reasoning: The MathField now has focus - I can see the blue border around it. The Selection panel now shows cursor position info (position: 3, mode: math). The current content shows "ẋÿ" (which is `\vec{x}\hat{y}`). 

Now I need to:
1. Select all content with Ctrl+A
2. Clear/delete it
3. Then type colored LaTeX text

Let me select all and delete:
[step 9] Action: key: ctrl+a
[step 9] Reasoning: I can see the position changed to 0 after Ctrl+A, but it doesn't seem to have selected all the content (start=0, end=0). The content is still showing `\vec{x}\hat{y}`. Let me try a different approach - I'll use the MathField's built-in method to set content via the menu or directly type LaTeX. 

Actually, looking at the MathField more carefully - there's a hamburger menu (三 icon) on the right that might allow me to insert/change content. But first, let me try to use the `executeCommand` approach. 

Actually, the best approach is to:
1. Click on the MathField to focus it
2. Select all with Ctrl+A (which should select all content)
3. Delete with Backspace/Delete
4. Then type LaTeX

Let me try selecting all content first by checking if the content is still there. Looking at the Selection panel, start=0 end=0 which might mean it selected all (from 0 to 0 might mean empty selection at position 0). Let me scroll down to see if LaTeX still shows the original content.

Actually, I notice the LaTeX shows `\vec{x}\hat{y}` still. Let me try pressing Ctrl+A again to select all and see if the content gets highlighted:
[step 10] Action: key: Delete
[step 10] Reasoning: The position is still 0. The content doesn't seem to be selected visually. Let me try a different approach - I'll use the hamburger menu (三 icon) to access additional options, or I'll try right-clicking on the MathField to access a context menu. But first, let me try to use the JavaScript console to programmatically set the MathField value. 

Actually, looking at this differently - the task says to:
1. Clear existing content
2. Input colored LaTeX text 
3. The best approach to insert a red-colored text in MathField might be directly typing LaTeX like `\textcolor{red}{x}` or using the right-click menu to set color.

Let me first try to clear the content by pressing Delete/Backspace after selecting:
[step 11] Action: key: Delete
[step 11] Reasoning: It deleted one character (the `\vec{x}` part). Now the LaTeX shows `\hat{y}`. I need to keep deleting. Let me continue pressing Delete to clear the content:
[step 12] Action: type: x
[step 12] Reasoning: The MathField is now empty - the content is cleared. The LaTeX area below is also empty. Now I need to input colored text. 

The task mentions using the right-click context menu to set color. Let me first type a letter "x" and then try to access the Color option via right-click. But actually, the better approach would be to type the LaTeX command for colored text directly.

In MathLive, I can type `\textcolor{red}{x}` to create red text. Let me try typing this:
[step 13] Action: key: ctrl+a
[step 13] Reasoning: I typed "x" and can see it in the MathField. The LaTeX shows `x`. Now I need to select the "x" and then try to apply red color using the right-click context menu. Let me first select the "x" using Ctrl+A:
[step 14] Action: key: shift+End
[step 14] Reasoning: I see that after Ctrl+A, the selection shows start=0, end=0, position=0. This means the cursor moved to position 0 but there's no visible selection. The "x" is still in the field but it looks like Ctrl+A may have moved the cursor to the beginning rather than selecting all.

Let me try Shift+End to select from current position to end:
[step 15] Action: right_click (285, 314)
[step 15] Reasoning: Now I can see that the "x" is selected (value: "x", start: 0, end: 1, position: 1). The "x" appears visually selected (highlighted) in the MathField. 

Now let me right-click on the MathField to access the context menu with Color options:
[step 16] Action: left_click (321, 302)
[step 16] Reasoning: Excellent! I can see the right-click context menu for the MathField. It has options including:
- Insert Matrix
- Insert
- Font Style
- **Color** (with submenu arrow)
- Background
- Accent
- Decoration
- Evaluate
- Simplify
- Solve for
- Cut
- Copy
- Paste
- Select All

Let me click on "Color" to access the color submenu:
[step 17] Action: left_click (484, 320)
[step 17] Reasoning: I can see the Color submenu with a color palette. I can see red, orange, yellow, green colors and more. Let me click on the red color (top-left circle):
[step 18] Action: scroll down (640, 400) scroll_amount 3
[step 18] Reasoning: I can see that the red color was applied! The LaTeX at the bottom now shows `\textcolor{red}{x}`. However, looking at the MathField content, the "x" appears to be shown but I need to check if it's displaying in red. The "x" in the MathField still looks black/italic. Let me scroll down to see the LaTeX content better and also look more carefully at the MathField.

Wait - the MathField at the top shows `x` in what appears to be a dark italic style. Let me zoom in more or scroll down to see the LaTeX and check if the "x" is displayed in red in the math field. The LaTeX shows `\textcolor{red}{x}` which is correct.

Let me look at the MathField more carefully. The "x" appears to be displayed in the math field - let me check if it's red or black. I notice the "x" in the MathField looks the same as before (dark/black). Let me take a closer look.

Now let me confirm the red text is correctly shown by scrolling down to see the LaTeX, and also visually inspecting the MathField x character:
[step 19] Action: left_click (285, 214)
[step 19] Reasoning: Now I can see:
1. The MathField shows `x` (italic) - but visually it appears dark/black, not red
2. The LaTeX shows `\textcolor{red}{x}` - which confirms the red color was applied
3. The Selection shows value: "x", start: 0, end: 1 (the x is selected)

**Visual observation**: The "x" in the MathField appears to be displayed in dark/black color even though the LaTeX shows `\textcolor{red}{x}`. This could be because:
1. The selected state shows the selection highlight which covers the red color
2. Or the red color is not being rendered properly in the focused state

Let me look more carefully at the MathField. The "x" might be shown in a very small size and it's hard to tell. Looking at the field, the `x` appears dark italic. However, with the selection (start:0, end:1), it may be covered by the selection highlight.

Now let me proceed with step 5 (Ctrl+A to select all) and observe the selected state:

**Actually looking more carefully** - the MathField shows the `x` but it's hard to tell if it's red because it might be overlaid with the selection highlight. The LaTeX confirms it's `\textcolor{red}{x}`.

Let me now check the MathField more closely to see if the `x` is displaying in red. The MathField has a blue border (focused), and the `x` inside appears to be in a dark italic style. Let me click somewhere inside the field to deselect and see the color:
[step 20] Action: key: End
[step 20] Reasoning: The field still shows the x, but selection still shows start:0, end:1 (still selected). Looking at the MathField, the "x" appears to be in dark/italic style. The LaTeX shows `\textcolor{red}{x}` which confirms red color was applied. 

I notice the MathField still has focus (blue border). The "x" character in the MathField appears dark/italic - this might be because the content is selected (highlighted with blue selection color). Let me click at the end of the content to place the cursor without selecting:

Let me check if the `x` is actually showing in red by clicking AFTER the x (to deselect) while keeping focus:
[step 21] Action: key: ctrl+a
[step 21] Reasoning: Excellent! Now I can see clearly that the "x" in the MathField is displayed in **RED** color! The cursor is positioned after the "x" (position:1, start:1, end:1, no selection). The "x" character is now visually showing in red in the MathField with the blue focused border.

The LaTeX confirms `\textcolor{red}{x}` and the "x" is visually red in the field. 

**Step 4 confirmed**: The red text is correctly displayed when the MathField has focus.

Now let me proceed with **Step 5: Ctrl+A to select all text** and observe the selected state:
[step 22] Action: key: shift+End
[step 22] Reasoning: Interesting! After pressing Ctrl+A:
- The Selection shows start:0, end:0, position:0, value:"" - which is unexpected. Ctrl+A moved the cursor to position 0 but didn't select the "x". 
- However, visually the "x" in the MathField appears to be in **RED** color! This is actually good - I can see the x is displayed in red.

Wait, looking at the MathField, the "x" appears to be in red color (I can see it's redder than black). The LaTeX still shows `\textcolor{red}{x}`.

The Ctrl+A behavior is unusual - it moved to position 0 instead of selecting all content. This might be a bug in the MathField where Ctrl+A doesn't properly select all content, but instead just moves cursor to start.

Let me try selecting with Shift+End to get a proper selection and observe the selected state:
[step 23] Action: left_click (640, 650)
[step 23] Reasoning: Now I can see with Shift+End:
- **Selection value: "\textcolor{red}{x}"** - the full LaTeX is selected
- start: 0, end: 1, position: 1
- The "x" in the MathField appears with a selection highlight (appears highlighted/selected in the dark display)

The selection is showing `\textcolor{red}{x}` as the selected value - confirming the complete red text is selected. The MathField shows the `x` in a selected state.

**Visual observation**: Looking at the MathField more carefully, when the text is selected (highlighted), the "x" character in the MathField appears to be shown with a selection overlay, making it hard to distinguish the original color. However, the field clearly shows the character with the selection marker (cursor at position 1, start 0 to end 1).

Now for **Step 6**: Click outside the MathField to lose focus and observe if the red color is maintained:
[step 24] Action: screenshot
[step 24] Reasoning: **Critical observation!** 

After clicking outside the MathField to lose focus:
- The MathField border changed from **blue** (focused) to **gray/light** (unfocused) - showing it has lost focus
- The "x" in the MathField now appears to be **BLACK** (dark) instead of red
- The LaTeX still shows `\textcolor{red}{x}` confirming the color was set

Wait, let me look more carefully. The "x" character in the MathField - let me take a closer screenshot to inspect its color more carefully. The "x" appears to be in a dark/black italic style, NOT red.

This is a **bug** to report: The colored text (`\textcolor{red}{x}`) appears to lose its red color and display as **black** when the MathField loses focus!

Let me take a screenshot to capture this more clearly, focusing on the MathField area:
[step 25] Action: left_click (285, 214)
[step 25] Reasoning: Now I can clearly observe the situation. Let me compare the focused vs unfocused states:

**When MathField had focus (earlier screenshots):**
- The "x" was displayed in **red** color
- The MathField border was **blue**

**When MathField has lost focus (current screenshot):**
- The "x" is displayed in **black** (dark) color
- The MathField border is **gray** (unfocused border)
- The LaTeX still shows `\textcolor{red}{x}` - confirming the color was applied

This is a clear **BUG**: The red-colored text (`\textcolor{red}{x}`) displays correctly in red when the MathField is focused, but reverts to **black** color when the MathField loses focus.

Let me verify this finding by clicking back on the MathField to confirm the red color reappears when focused again:
[step 26] Action: left_click (640, 120)
[step 26] Reasoning: I can now confirm the bug by comparing the two states:

**Focused state (current screenshot):**
- The MathField has a **blue border** (focused)
- The "x" is displayed in **RED** color (visually red italic character)
- The selection shows value `\textcolor{red}{x}` (still selected from before)

**Unfocused state (previous screenshots):**
- The MathField had a **gray border** (unfocused)
- The "x" was displayed in **BLACK** color (dark italic character, not red)
- The LaTeX still showed `\textcolor{red}{x}` - the color data was preserved, but not displayed

Now let me click outside again to confirm one more time the unfocused behavior:
[step 27] Action: DONE
[step 27] Reasoning: This confirms the bug! Looking at the current screenshot after clicking outside (on the "States" tab navigation):

**Unfocused state confirmed:**
- The MathField border is now **light gray/thin** (unfocused)
- The "x" in the MathField is displayed in **BLACK** (not red!)
- The LaTeX still shows `\textcolor{red}{x}` - the color definition is preserved in the data

This is a clear **visual bug** in the MathLive component: When the MathField loses focus, text with `\textcolor{red}{...}` formatting loses its color and displays in black instead of maintaining the red color.

---

## 测试结果总结

以下是完整的测试过程和观察结果：

### ✅ 已完成的步骤：

1. **步骤1 - 点击MathField使其获得焦点** ✅
   - 成功点击MathField，显示蓝色边框表明获得焦点

2. **步骤2 - 清空现有内容** ✅
   - 使用Delete键清除了原有的`\vec{x}\hat{y}`内容

3. **步骤3 - 输入带颜色的LaTeX文本** ✅
   - 输入"x"，然后通过Shift+End选中，右键→Color→红色
   - 成功应用红色，LaTeX显示为`\textcolor{red}{x}`

4. **步骤4 - 确认红色文本已正确显示** ✅
   - 在获得焦点的状态下，"x"字符以**红色**显示

5. **步骤5 - Ctrl+A选中所有文本** ⚠️ 
   - **发现Bug**: Ctrl+A在MathField中行为异常，移动光标到位置0而不是选中所有内容（start=0, end=0），没有正确实现"全选"功能
   - 使用Shift+End才能实现选中（Selection value显示`\textcolor{red}{x}`，start:0, end:1）

6. **步骤6 - 点击MathField外部区域使其失去焦点** ✅
   - 成功点击外部区域，MathField边框变为灰色（失去焦点）

### 🐛 发现的Bug：

**主要Bug：失去焦点后颜色文本变为黑色**

- **现象**: 当MathField失去焦点后，红色文本（`\textcolor{red}{x}`）显示为**黑色**，而不是保持红色
- **聚焦时**: "x"字符以红色显示 ✅
- **失焦后**: "x"字符变为黑色/深色 ❌（应保持红色）
- **LaTeX数据**: `\textcolor{red}{x}` 在两种状态下都正确保留

**次要Bug：Ctrl+A不能正确选中所有内容**

- Ctrl+A将光标移到位置0，但Selection显示start:0, end:0，没有正确选中内容
- 需要使用Shift+End才能正确选中文本

### 📋 结论：

带颜色文本在MathField失去焦点后**变回黑色**，这是一个视觉渲染Bug。MathLive在unfocused状态下没有正确应用`\textcolor`的颜色样式，导致有颜色的数学符号显示为默认黑色。
Evaluating task result...

==================================================
Task: 当前Chrome浏览器已打开mathlive测试页面（http://localhost:9029/test/smoke/），页面中有MathField数学输入框。测试带颜色文本在失去焦点后的显示：1. 点击MathField使其获得焦点；2. 清空现有内容；3. 输入带颜色的LaTeX文本，例如通过右键菜单Color选项设置字符为红色，或直接输入后选中文字通过右键→Color→红色来设置；4. 确认红色文本已正确显示；5. 用Ctrl+A选中所有文本，观察选中状态下文本显示；6. 点击MathField外部区域使其失去焦点；7. 观察失去焦点后带颜色的文本是否仍以红色显示，还是变回黑色。始终在浏览器内操作，禁止打开Terminal、Finder或其他应用程序。如果在浏览器中找不到目标功能，直接标记result为unclear。
Status: COMPLETED
Total steps: 27
Last action: DONE
Last reasoning: This confirms the bug! Looking at the current screenshot after clicking outside (on the "States" tab navigation):

**Unfocused state confirmed:**
- The MathField border is now **light gray/thin** (unfocused)
- The "x" in the MathField is displayed in **BLACK** (not red!)
- The LaTeX still shows `\textcolor{red}{x}` - the color definition is preserved in the data

This is a clear **visual bug** in the MathLive component: When the MathField loses focus, text with `\textcolor{red}{...}` formatting loses its color and displays in black instead of maintaining the red color.

---

## 测试结果总结

以下是完整的测试过程和观察结果：

### ✅ 已完成的步骤：

1. **步骤1 - 点击MathField使其获得焦点** ✅
   - 成功点击MathField，显示蓝色边框表明获得焦点

2. **步骤2 - 清空现有内容** ✅
   - 使用Delete键清除了原有的`\vec{x}\hat{y}`内容

3. **步骤3 - 输入带颜色的LaTeX文本** ✅
   - 输入"x"，然后通过Shift+End选中，右键→Color→红色
   - 成功应用红色，LaTeX显示为`\textcolor{red}{x}`

4. **步骤4 - 确认红色文本已正确显示** ✅
   - 在获得焦点的状态下，"x"字符以**红色**显示

5. **步骤5 - Ctrl+A选中所有文本** ⚠️ 
   - **发现Bug**: Ctrl+A在MathField中行为异常，移动光标到位置0而不是选中所有内容（start=0, end=0），没有正确实现"全选"功能
   - 使用Shift+End才能实现选中（Selection value显示`\textcolor{red}{x}`，start:0, end:1）

6. **步骤6 - 点击MathField外部区域使其失去焦点** ✅
   - 成功点击外部区域，MathField边框变为灰色（失去焦点）

### 🐛 发现的Bug：

**主要Bug：失去焦点后颜色文本变为黑色**

- **现象**: 当MathField失去焦点后，红色文本（`\textcolor{red}{x}`）显示为**黑色**，而不是保持红色
- **聚焦时**: "x"字符以红色显示 ✅
- **失焦后**: "x"字符变为黑色/深色 ❌（应保持红色）
- **LaTeX数据**: `\textcolor{red}{x}` 在两种状态下都正确保留

**次要Bug：Ctrl+A不能正确选中所有内容**

- Ctrl+A将光标移到位置0，但Selection显示start:0, end:0，没有正确选中内容
- 需要使用Shift+End才能正确选中文本

### 📋 结论：

带颜色文本在MathField失去焦点后**变回黑色**，这是一个视觉渲染Bug。MathLive在unfocused状态下没有正确应用`\textcolor`的颜色样式，导致有颜色的数学符号显示为默认黑色。

==================================================

UI window closed
