Session created: sess-20260427201202-1e88e6715cfa4510bea0d0b955583709
UI panel initialized successfully
UI window displayed
Expected result: 每次切换代码高亮样式（Codestyle）后，编辑器预览区域中的代码块应立即应用所选的新样式，无论切换方向和切换次数如何，代码高亮样式都应正确生效并在视觉上呈现对应的配色方案。
[step 0] Action: Initializing
[step 0] Reasoning: Initializing session connection
[step 0] Action: screenshot
[step 1] Action: left_click (400, 550)
[step 1] Reasoning: I can see the mavonEditor page is already open. I need to:
1. First, add some code block content to the editor
2. Find the Codestyle dropdown selector
3. Test switching between different code styles

Let me first look at the editor more carefully and find the Codestyle dropdown. I'll need to scroll down or look for settings. Let me first click on the editor and add some code block content.
[step 2] Action: scroll down (640, 550) scroll_amount 5
[step 2] Reasoning: I can see the mavonEditor is open. I need to find the Codestyle dropdown. Let me first look at the toolbar more carefully - I can see there are some icons on the right side of the toolbar. Let me scroll down to see if there are more controls, and also look at what the toolbar icons do. Let me first look at the right side of the toolbar more carefully.
[step 3] Action: scroll down (640, 550) scroll_amount 10
[step 3] Reasoning: I can see the editor is showing content. The toolbar is still visible at the top. I need to find the Codestyle dropdown. Let me scroll the page down more to see if there are Codestyle options below the editor, or I need to look for them in the toolbar or settings.

Let me scroll down further to see if there are more controls below the editor area.
[step 4] Action: key: End
[step 4] Reasoning: I can see the editor is showing content. The toolbar is still visible. I notice the page doesn't seem to scroll - the editor stays at the same height. I need to look at the controls below the editor or find where the Codestyle dropdown is. 

Looking at the toolbar, I can see various formatting icons. Let me check if the Codestyle selector might be in the page settings area below the editor. Let me try scrolling the main page content (not the editor area) to find Codestyle controls.

Let me first look at the full page layout by scrolling to the bottom of the page.
[step 5] Action: scroll down (640, 400) scroll_amount 15
[step 5] Reasoning: I can see the editor content scrolled. I need to find the Codestyle dropdown. Looking at the current page, I see there's a toolbar with icons. The Codestyle dropdown might be in the page below the editor area. Let me look at the other tab - I see there are two tabs: "md-test" and another "md-test". The first tab seems to be at localhost:9090. 

Let me check the first tab which says "OpenClaw Control" and navigate to the correct mavonEditor page. Actually the current active tab shows "md-test" at localhost:9090. 

Let me scroll down on the main page (outside the editor) to see if there are more settings controls like Codestyle below the editor.

Let me try clicking outside the editor area and then scroll down.
[step 6] Action: scroll up (640, 400) scroll_amount 20
[step 6] Reasoning: I can see the bottom of the editor content with a "GitHub" link at the bottom. The Codestyle dropdown doesn't seem to be visible on this page. 

Looking at the page structure, I can see the editor takes up the full visible area. The Codestyle selector might be accessible via the toolbar buttons at the top right of the editor. Let me scroll back up and carefully examine the toolbar, especially the icons on the right side.

Let me scroll back up to see the toolbar and examine it more carefully.
[step 7] Action: key: ctrl+Home
[step 7] Reasoning: I can see the page is showing the bottom of the editor. I can see the toolbar at the top. Let me look at the two tabs more carefully. The current page shows "md-test" but there might be another tab that has Codestyle settings. Let me check the tabs and also look at the first tab "OpenClaw Control" at localhost:9090.

Actually, looking at the screenshot again, I see there are two "md-test" tabs. Let me click on the main tab "localhost:9090" link in the first tab to go to the main mavonEditor page.

Wait - looking more carefully at the top toolbar icons on the right side, I see icons including what appears to be a settings or help icon. The Codestyle might be accessible through those icons. Let me scroll up to the top and examine the toolbar more carefully.
[step 8] Action: left_click (140, 33)
[step 8] Reasoning: The page is still showing the bottom of the editor. Let me click on the first tab "OpenClaw Control" which might be the main page with more controls, or navigate to localhost:9090 directly.

Let me click on the "OpenClaw Control" tab to see what's there.
[step 9] Action: left_click (452, 33)
[step 9] Reasoning: This is the OpenClaw Control chat interface, not the mavonEditor page. Let me go back to one of the "md-test" tabs to look at the mavonEditor. Let me click on the second "md-test" tab.
[step 10] Action: Open url: http://localhost:9090
[step 10] Reasoning: I'm back on the mavonEditor page. This page shows the editor with content. The toolbar is visible at the top. I can see the editor has content with various markdown examples. 

Now I need to find the Codestyle dropdown. Looking at the current URL (localhost:9090), this appears to be a demo/test page. The Codestyle dropdown might not be on the page by default - it might need to be accessed through specific page settings or controls.

Let me look at the toolbar carefully. I can see icons at the top right of the toolbar. Let me examine those icons more carefully. I can see there are icons including what looks like: navigation, settings, and other control icons on the right side.

Let me also check if the page at localhost:9090 has a different URL path - like /examples or /demo. Let me navigate to the main URL.
[step 11] Action: mouse_move (969, 441)
[step 11] Reasoning: Good, now I can see the mavonEditor main page. I can see the editor with the toolbar. Looking at the toolbar, I need to find the Codestyle dropdown. Let me look at the icons on the right side of the toolbar more carefully. 

I can see icons on the right side around coordinates (970-1110, 440). Let me zoom in on the toolbar to see those icons. But first, let me look at the toolbar buttons more carefully. I can see some icons. Let me hover over the icon that looks like it might be related to settings or code styling.

Looking at the right side toolbar icons, I can see:
- Around x=970: what looks like a hamburger menu
- Around x=990: what might be a settings icon
- Around x=1010: what might be full-screen icon
- And several more icons

Let me look at the icon at position around (1085, 441) - it looks like a code icon `</>`. Let me hover over these icons to see their tooltips.
[step 12] Action: mouse_move (990, 441)
[step 12] Reasoning: I can see a tooltip "开启标题导航 (F8)" appeared. That's the navigation toggle. Let me look at the other icons. Let me hover over each of the right-side toolbar icons to find the Codestyle option.

Let me look at the icon at the position just to the right of the current one.
[step 13] Action: mouse_move (1010, 441)
[step 13] Reasoning: I can see "编辑 (F9)" tooltip. That's the edit mode toggle. Let me continue checking the other icons.
[step 14] Action: mouse_move (1033, 441)
[step 14] Reasoning: I see "全屏编辑 (F10)" - that's the full-screen edit mode. Let me continue checking the other icons.
[step 15] Action: mouse_move (1057, 441)
[step 15] Reasoning: I see "沉浸式阅读 (F11)" - that's the immersive reading mode. Let me check the remaining icons.
[step 16] Action: mouse_move (1085, 441)
[step 16] Reasoning: I see "单栏 (F12)". Let me check the next icon.
[step 17] Action: mouse_move (1106, 441)
[step 17] Reasoning: I see "查看html文本". Let me check the last icon.
[step 18] Action: left_click (295, 33)
[step 18] Reasoning: I see "markdown语法帮助". I've gone through all the toolbar icons. None of them seem to be a "Codestyle" dropdown. 

The current page (localhost:9090) shows the mavonEditor with only basic toolbar controls. The Codestyle dropdown might be available on a different page within the app. This appears to be the main page, but there might be a link or subpage.

Let me check the other "md-test" tabs that were open. Let me click on the second "md-test" tab to see what's there.

Looking at the page more carefully, I see at the top there's a header with "mavonEditor", "View on GitHub", "Download .zip", "Download .tar.gz". Below that are controls: "clear cache", "upload", "imgreplace", and a text input with "delete". Then the editor with its toolbar.

The Codestyle dropdown might be in a different URL. Let me check if there's a demo page or API page within this mavonEditor site. Let me look at the other tabs.
[step 19] Action: left_click (453, 33)
[step 19] Reasoning: I can see that clicking the second "md-test" tab (at position 295, 33) has loaded the same page (localhost:9090). Both tabs seem to be showing the same page. Let me check the third "md-test" tab.
[step 20] Action: left_click (295, 33)
[step 20] Reasoning: I can see this tab shows the editor content page but scrolled to the bottom. I can see the bottom of the editor content. The page URL is still localhost:9090 and I can see the toolbar at the top with the same icons. The content shows more markdown examples. 

Now I can see the GitHub link at the bottom. This appears to be the same page but scrolled to the bottom.

The Codestyle dropdown is not visible in any of the basic toolbar options. This mavonEditor page seems to only have the standard toolbar. 

Looking at the mavonEditor documentation and functionality, the Codestyle dropdown might be available in a specific configuration or demo page. The task says to "find the Codestyle dropdown". Let me scroll back up to see if there's a section below the editor area on the main page that has settings/options.

Let me click on the second "md-test" tab and scroll up to see the full page.
[step 21] Action: scroll down (640, 400) scroll_amount 3
[step 21] Reasoning: Good, I'm back on the main mavonEditor page. I can see the layout. Looking at the page content, I see the main page at localhost:9090. The editor takes up most of the screen. There doesn't appear to be a Codestyle dropdown visible here.

Now, the mavonEditor is a Vue component library. The demo at localhost:9090 might have more pages accessible through routing. Let me try different URL paths to find the Codestyle configuration page.

Looking at the task description again: "找到代码高亮样式（Codestyle）的下拉选择器". This could be:
1. Available at a different URL path like localhost:9090/#/demo or similar
2. A part of the page that I haven't scrolled to yet

Let me scroll down below the editor to check if there are additional controls below the editor.
[step 22] Action: Open url: http://localhost:9090/api
[step 22] Reasoning: I can now see the page is scrolled down to reveal both the header area (View on GitHub, Download .zip, Download .tar.gz) and the editor with the toolbar. I can see the page area below the header and the editor. The controls visible are "clear cache", "upload", "imgreplace", and "delete" - these are the main controls for this page.

The Codestyle dropdown is not visible. The editor content is now visible on the left with markdown text, and the preview on the right. Looking at the page structure, there doesn't seem to be any Codestyle selector.

However, I notice this is localhost:9090 and there might be sub-pages. Let me try other paths. The mavonEditor library is known to have a demo page. Let me check if there's a sub-URL like localhost:9090/api or localhost:9090/example that might have the Codestyle dropdown.

Let me also check the page title or any other navigation options. Let me navigate to some common paths.
[step 23] Action: Open url: http://localhost:9090/#/
[step 23] Reasoning: The URL /api seems to show the same page as the main page. This is a single-page application. Let me look at the page at localhost:9090 more carefully.

Looking at the page, I see there are 4 additional tabs now. Let me look at the other "md-test" tabs with different content. I noticed earlier there's a tab with different scrolled content. Let me look at the 3rd and 4th tabs.

Actually, looking at the content more carefully, all these md-test tabs seem to be part of the same page structure. The page at localhost:9090 appears to be a single-page app that shows the mavonEditor demo.

The Codestyle dropdown might be accessible through a different route. Looking at the mavonEditor GitHub documentation, the Codestyle feature is typically a prop that can be set in the component's configuration. But in the demo page at localhost:9090, there might be controls for this.

Let me look more carefully at the page by trying different sub-URLs that are commonly used in Vue/mavonEditor demos.

Let me try localhost:9090/#/api or localhost:9090/demo.
[step 24] Action: key: ctrl+End
[step 24] Reasoning: Same page again. The URL is now localhost:9090/#/. This is a Vue router-based application. Let me look at what routes are available. The Codestyle dropdown might be on a specific route that I need to navigate to.

Let me look at the page source or try common Vue router paths. Actually, since this is a mavonEditor demo page, I should try the standard routes. Let me try some known routes like /demo, /codestyle, /highlight.

Actually, looking at this more carefully - this is a mavonEditor project that someone has configured and deployed locally. The Codestyle selector might be accessible via the controls I need to look at more carefully.

Wait - let me re-examine the page. Looking at the controls between the header (top hero section) and the editor area, I can see:
- "clear cache" button
- "upload" button  
- "imgreplace" button
- A text input field
- "delete" button

These are the only controls above the editor. The Codestyle dropdown is not there. Let me scroll down below the editor content to see if there are any controls below the editor.

Let me also check if scrolling on the right side panel might reveal Codestyle controls.

Let me use the "page" controls - maybe the page below the editor has more controls. Let me scroll down past the editor to find them.
[step 25] Action: scroll down (1265, 400) scroll_amount 5
[step 25] Reasoning: The page doesn't seem to scroll. The editor area takes up most of the screen. Let me look at the "md-test" tab more carefully - there might be a second page/route. Let me also try looking at the second "md-test" (localhost:9090 without hash).

Looking at the tabs, I have:
- Tab 1: "OpenClaw Control" 
- Tab 2: "md-test" (localhost:9090)
- Tab 3: "md-test" (localhost:9090)
- Tab 4: "md-test" (localhost:9090)
- Tab 5: "md-test" (localhost:9090/#/)

All seem to be the same page. The Codestyle dropdown might not be on the main page - it could be on a different route or maybe it's embedded within the page in a way I haven't found yet.

Let me try the route "/codestyle" or check the other options on the page. Actually, looking at the mavonEditor demo source code that I know from my training data, the Codestyle dropdown is usually available on the demo page as a select control near the editor. Let me look more carefully at the editor area to see if there's a Codestyle select hidden somewhere.

Wait - I notice that the tabs show "md-test" but the second tab (localhost:9090) has a different content than what I see now. Let me click on the second tab (position 295, 33) to compare.

Actually, let me try a completely different approach. Let me look at what the page actually contains by scrolling the editor preview area on the right (the preview panel).

Looking at the current visible area more carefully:
- There's a header with "mavonEditor" title
- Buttons: "View on GitHub", "Download .zip", "Download .tar.gz"  
- Below: "clear cache", "upload", "imgreplace", text input, "delete" buttons
- Then the editor with a 2-column layout (edit | preview)
- Editor toolbar at the top

The Codestyle dropdown should be somewhere on this page. Let me scroll the left (markdown input) editor panel to see if there's content related to it.

Let me scroll down inside the left editor panel to check if the editor has more content below.

Actually, let me try to open a specific URL for the mavonEditor demo page that would show the API options. The mavonEditor website often shows an example page with API options including Codestyle. Let me navigate to localhost:9090 and scroll the page - but the issue is that the editor seems to fill the page.

Let me try scrolling the page outside the editor area using the scrollbar on the right side of the page.
[step 26] Action: left_click (770, 33)
[step 26] Reasoning: Interesting! The page is now scrolled down and I can see the editor content more clearly. The editor has a lot of markdown content. The right side shows the table of contents. I can see the page is scrolling when I scroll at the far right edge (the page scrollbar).

But I don't see any Codestyle dropdown on this page. The page seems to only have the editor and the above controls. 

Let me try other tabs - let me click on tab 4 (md-test) to see what URL it has and if it shows different content.
[step 27] Action: left_click (929, 33)
[step 27] Reasoning: This tab (tab 4) shows the URL localhost:9090/api. This is still the same page. All the tabs seem to be the same page.

Wait - I'm looking at tab 4 (md-test) but the URL shows localhost:9090/api. That's different! Let me check if this is a different page with API-related controls. But looking at the content, it's the same page layout with the mavonEditor editor.

The Codestyle dropdown might be accessible somewhere I haven't looked. Let me think differently.

Looking at the mavonEditor source code from my training data, the mavonEditor demo typically has a second section below the editor that shows the component's API props, including language, theme, codestyle etc. But I'm not seeing any controls below the editor.

Wait - let me look again at the controls row: "clear cache", "upload", "imgreplace", text input, "delete". These are unusual buttons. Maybe there's a row of other controls that I'm missing. Let me scroll the page to reveal any controls that might be below the editor area.

Let me try scrolling below the editor area from a completely different location.

Let me try scrolling the page by placing my cursor outside the editor area (like at the very left or right edge of the page, or below the editor).

Actually, I realize I should look at what's below the editor. When I was on the last "md-test" tab (tab 5 at localhost:9090/#/), the page scrolled and I could see the bottom with a GitHub link. But between the editor and the GitHub link, there might be more controls.

Let me navigate to the correct tab and scroll down past the editor.
[step 28] Action: scroll down (1265, 400) scroll_amount 10
[step 28] Reasoning: I'm on the last "md-test" tab (localhost:9090/#/). The page has scrolled down a bit to show more content. The right panel shows the TOC with items like "代码段落" (code blocks). Now I need to scroll down further on this page to see if there are any controls like the Codestyle dropdown below the editor.

Let me continue scrolling down the page to find any additional controls.
[step 29] Action: left_click (295, 33)
[step 29] Reasoning: Now I can see the bottom of the page clearly. Below the editor, I can see:
- The editor ends with "#### 四级标题 ####" 
- Below the editor, there's a "GitHub" link
- Then nothing else - just empty space

There is NO Codestyle dropdown visible on this page. The page only has:
1. Header section with "mavonEditor" title and buttons
2. Controls row (clear cache, upload, imgreplace, text input, delete)
3. The mavonEditor component (editor + preview)
4. A "GitHub" link at the bottom

The Codestyle dropdown is definitely not on this page. Let me check the second "md-test" tab (localhost:9090) to see if it has different content.

Let me click on the second tab (localhost:9090 without hash).
[step 30] Action: left_click (453, 33)
[step 30] Reasoning: Now I'm on the tab at localhost:9090 (the main page). This looks the same as the other tabs. The page structure is the same - header, controls, editor.

Now I need to think about this differently. The task mentions "找到代码高亮样式（Codestyle）的下拉选择器" (find the code highlight style Codestyle dropdown selector). This could be:

1. A feature within the editor toolbar that I haven't noticed
2. A prop that's normally available but might be in a different UI section

Let me carefully examine the toolbar icons again. There are icons in the toolbar at positions around 967-1107. Let me look at the position of each icon more carefully. 

Looking at the toolbar row: the left side has formatting icons (B, I, H, U, S, etc.) and the right side has icons (at positions ~969, ~991, ~1011, ~1035, ~1057, ~1085, ~1107).

Wait - I notice there's an icon that looks like a code block `</>` icon in the toolbar around position 1085. But looking at the current state of the toolbar, let me count the icons more carefully.

Actually, let me look at the right side toolbar icon at position 1057 and 1085. Those might include a special view option.

Actually, thinking about this more carefully - the mavonEditor demo page at http://localhost:9090 is typically a **gh-pages** site that shows the editor demo. This site often has additional controls below the editor including language selection, theme selection, and codestyle selection. But in this particular deployment, those controls might be absent from the HTML.

However, before concluding they're not there, let me look at one of the other "md-test" tabs that might have the controls. Let me click on tab 3 (the one at position ~453).
[step 31] Action: scroll up (640, 400) scroll_amount 10
[step 31] Reasoning: Now I can see that this tab (tab 3) at localhost:9090 shows the editor scrolled down to the bottom. I can see the bottom of the editor content showing KaTeX formulas and other content. Below the editor I can again see the "GitHub" link at the bottom.

There's NO Codestyle dropdown visible anywhere on this page. The page at localhost:9090 only shows the editor component and some basic control buttons (clear cache, upload, imgreplace, delete). There's no Codestyle dropdown.

Let me try one more approach - check if there's a separate route for an "api" or "demo" page on this local server. Let me check a few more URL paths that could potentially have the Codestyle dropdown.

Wait - looking at this again, let me scroll up to see the top of this tab and check the full URL and see if there's something I missed.
[step 32] Action: Open url: http://localhost:9090/example
[step 32] Reasoning: I can see the bottom of this tab clearly. Below the editor, there's only the "GitHub" link and nothing else. No Codestyle dropdown.

Looking at the page comprehensively, the main page at localhost:9090 does not seem to have a Codestyle dropdown. However, the task asks me to find it. Let me try going to the specific "example" or "test" page that might be specifically designed for testing the Codestyle feature.

Let me try some different URL paths that might be part of this local deployment.
[step 33] Action: scroll up (640, 400) scroll_amount 15
[step 33] Reasoning: The /example path shows the same page. This is a single-page application where all routes go to the same main page.

Now let me think about this more carefully. The mavonEditor is a Vue component. In this deployment at localhost:9090, the page shows the editor with some controls above it (clear cache, upload, imgreplace, delete). The Codestyle dropdown might be something that was supposed to be included in the page but wasn't included in this version of the deployment.

Wait - let me look at the task again: "打开 mavonEditor 编辑器页面". The task says "open the mavonEditor editor page". Maybe there's a different page within this local server that I haven't tried yet - perhaps at a different port or a sub-path.

Actually, I recall the mavonEditor demo has a specific page layout with:
1. The editor on the left side
2. Configuration controls on the right side including language, theme, and codestyle dropdowns

This might be a different version. Let me check if there's a specific demo at a different URL path.

Let me look at the page source to check if there are any Vue router routes defined. But since I can't open DevTools per the task instructions, let me instead try some other paths.

Actually, let me re-read the task more carefully: "当前Chrome浏览器已打开Mavoneditor网站，地址是http://localhost:9090". The task says the website is already opened and at localhost:9090. Let me look at all available pages.

Let me check if there's a route like /test or /codestyle.

Actually, I just realized - I should scroll the page more carefully. The page content area has the editor and before I concluded there's no Codestyle dropdown, I should look at what's below the header (controls row: "clear cache", "upload", "imgreplace", text input, "delete").

Is it possible that the Codestyle dropdown is ABOVE the editor but below those buttons, but I might have missed it? Let me scroll up to see the area just above the editor toolbar.
[step 34] Action: Minimize panel
[step 34] Reasoning: I'm now at the top of the page, with the same layout: header, controls (clear cache, upload, imgreplace, delete), editor. There is NO Codestyle dropdown visible on this page.

Looking at the section between the controls row and the editor toolbar, I can see there's just empty space (around y=400 to y=440 in the current view). This area doesn't contain any Codestyle dropdown.

Let me try a completely different approach and check if there's another URL path that might have the Codestyle feature. The mavonEditor demo site has a specific page that shows API configuration options including language, theme, and codestyle. Let me check some specific paths.

Actually, wait - I should look at the page by minimizing the task panel first and then look more carefully at the area below the toolbar row and above the editor. Let me minimize the panel to get a better view.
[step 35] Action: key: ctrl+u
[step 35] Reasoning: Now I can see the full page more clearly without the overlay. The page structure is:
1. Dark header area with "mavonEditor" title
2. Buttons: "View on GitHub", "Download .zip", "Download .tar.gz"
3. Light gray area
4. Controls: "clear cache", "upload", "imgreplace", text input, "delete"
5. Empty space (y=390 to y=435)
6. Editor toolbar row (B, I, H, U, S, etc. on left; icons on right)
7. Editor content area (left: markdown, right: preview)

There is NO Codestyle dropdown anywhere visible on the page. The area between controls (row 4) and the editor toolbar (row 6) is completely empty.

Let me also look at the top right corner - I notice "简体中文 ▼" at the top right corner. This is a language selector dropdown! Let me look at that area more carefully.

I can see at the top right there are:
- Some browser icons
- "重新启动即可更新 ×" (Restart to update ×) notification 
- "简体中文 ▼" dropdown

The "简体中文 ▼" is a language selector. But that's a language selector, not a Codestyle selector.

Wait! Maybe the Codestyle dropdown is supposed to be part of the page, but this particular page/app has a different variant that includes more controls. Let me check if this application at localhost:9090 has another page/route that includes the Codestyle feature.

Let me think about what routes might be available for a mavonEditor demo site. I know the mavonEditor library often has:
- Main demo page
- API documentation page

Actually, I recall that the mavonEditor demo site has a URL structure like this where the second page (accessible via a link) shows the component with API configuration options including language, theme, and codestyle.

Let me check if the page has any hidden navigation or if there are any links I might have missed. Let me look at the header section more carefully. I can see buttons "View on GitHub", "Download .zip", "Download .tar.gz". These go to external GitHub pages.

Wait - I notice the page at localhost:9090/example is the same as the main page. This confirms it's a single-page app. Let me check if there's a route by looking at the URL bar and trying specific Vue router hash routes.

Let me try some routes like `/#/index` or `/#/test` to see if they load different content.

Actually, instead of guessing routes, let me look at the page source to see what routes are available. But I can't use DevTools per instructions... 

Actually, wait - I CAN look at the page source by using View > Developer > View Page Source (which is a normal browser operation, not DevTools). Let me try that.

Actually, let me try using Ctrl+U to view the page source.
[step 36] Action: Open url: http://localhost:9090/md-test
[step 36] Reasoning: Ctrl+U didn't open the page source. This might be because the page is a local file. Let me try right-clicking on the page to get the context menu with "View Page Source".

Actually, let me try a different approach. Let me check one more potential URL path - the standard mavonEditor demo path `/md-test`. This is a common pattern for Vue CLI projects.
[step 37] Action: screenshot
[step 37] Reasoning: I found a different page! The URL is now `localhost:9090/md-test` and I can see there are now MORE tabs open - 7 "md-test" tabs! But looking at the page content, it's still the same layout.

Actually, wait - looking at the URL in the address bar, this page navigated to `/md-test` as a route. The page title is still "mavonEditor" and shows the same content. 

Now I have many tabs open. Let me close some of the duplicate tabs and focus on the original tabs. But more importantly - let me look at the area between the controls row and the editor toolbar to see if there's anything in the y=400-440 range that might be a Codestyle dropdown.

Looking at the current screenshot, I can see:
- Controls row at y≈376 (clear cache, upload, imgreplace, text input, delete)
- Empty space at y≈400-440
- Editor toolbar at y≈440 (B, I, H, U, etc.)

In the current view at y≈400, I can see the area is indeed empty. But wait - is there something at y≈376-440 that I might be missing?

Let me zoom in on that specific area. Let me take a screenshot and look carefully at the area between the controls and the editor toolbar.

Actually, looking at the screenshot at y≈376, I can see "clear cache", "upload", "imgreplace", text input, "delete". Between that and the editor toolbar (y≈440), there might be additional controls. Let me look at y≈400-440 more carefully.

Actually, I see the empty area between y=376 (controls row) and y=440 (editor toolbar). In the previous screenshots, I've been able to see that this area is empty. There's no Codestyle dropdown in this area.

Let me try a different tab. Looking at the tab bar, I see there are many "md-test" tabs now. Let me check the one that has the URL `localhost:9090` (the base URL without /md-test). Let me navigate to one of the earlier tabs.

Actually, I'm taking a wrong approach. Let me now look at the page more systematically. This is the SAME page for all these tabs. The controls area has:
- clear cache | upload | imgreplace | [text input] | delete

Let me now look at the area between the header buttons ("View on GitHub", "Download .zip", "Download .tar.gz") and the "clear cache" controls. There might be a section there.

Looking at the current screenshot, between y≈220 (buttons) and y≈340 (where the next section starts), there's a large dark/teal section. This is just the hero section background. Then there's a light gray area starting around y=320.

From y=320 to y=376, there's the light gray area. This could contain some controls that are not visible if I'm not looking carefully. Let me look at this area more carefully.

Wait - looking at the controls row at y≈376, I see the buttons "clear cache", "upload", "imgreplace", text input, "delete". But looking carefully at the area around y=350-376, I don't see any other controls. 

Now, could the Codestyle dropdown be hidden or not visible due to a CSS issue? Let me try to use the keyboard Tab key to cycle through all interactive elements and see if I can find a dropdown. But first, let me take a fresh screenshot to see what the current state is.
[step 38] Action: left_click (252, 33)
[step 38] Reasoning: Now I can see the page clearly. Looking at the layout, I'm quite confident there is no Codestyle dropdown on this page. The visible controls are:
1. "clear cache", "upload", "imgreplace", text input, "delete" (at y≈376)
2. The editor toolbar with B, I, H, etc. (at y≈440)
3. The editor content (below y≈455)

There's no Codestyle dropdown.

But wait - looking at the tabs, I see the last tab has the URL `localhost:9090/md-test`. The tabs earlier had different content - specifically I remember seeing different editor content in some tabs (e.g., scrolled to different positions). Let me check if the FIRST few "md-test" tabs have different pages.

Actually, thinking about this from a different angle - the mavonEditor demo site at the public URL (https://hinesboy.github.io/mavonEditor/) shows the editor with a toolbar. The full demo page has a settings panel below or to the side of the editor. This local deployment might have the same structure.

Let me look at the area below the editor (after the editor content ends). Let me scroll down to see if there's anything below the editor, other than just the GitHub link.

Actually, I already saw the bottom of the page in the previous screenshot - it shows the editor content, and below it is just the "GitHub" link. There are no additional controls below the editor.

OK - I've thoroughly checked the page at localhost:9090 and its variations. The Codestyle dropdown is not present on this page. The page structure is:
- Header (mavonEditor + buttons)
- Controls (clear cache, upload, imgreplace, delete)
- mavonEditor component (toolbar + editor area)
- GitHub link at the bottom

Given that I cannot find the Codestyle dropdown on any page at localhost:9090, I need to report this as "未在页面中找到目标功能入口" (the target feature entry point was not found on the page). 

But wait - let me make one more attempt. Let me check the other tabs that were opened before. Some of them might be at localhost:9090 without the /md-test path. Let me check the first "md-test" tab (the second tab in the browser).

Actually, looking at all the tabs now:
- Tab 2: md-test (localhost:9090)
- Tab 3: md-test (localhost:9090)
- Tab 4: md-test (localhost:9090)
- Tab 5: md-test (localhost:9090)
- Tab 6: md-test (localhost:9090)
- Tab 7: md-test (localhost:9090)
- Tab 8 (current): md-test (localhost:9090/md-test)

Let me click on the second tab (the first "md-test" tab) to check if it has a different URL.
[step 39] Action: scroll up (640, 400) scroll_amount 5
[step 39] Reasoning: I'm on the second tab (localhost:9090) and now the page is scrolled down slightly. I can see:
- "View on GitHub", "Download .zip", "Download .tar.gz" buttons at the top
- Below: "clear cache", "upload", "imgreplace", text input, "delete"
- Then the editor with toolbar
- The right panel shows the TOC with "代码段落" (code blocks) visible

But there's something interesting - I can see the area between the control buttons (clear cache, upload, etc. at y≈276) and the editor toolbar (at y≈340). This area seems to have some empty space at y≈300 to y≈330. 

Wait - I can see now at y≈300 there seems to be more space. Let me look more carefully. Could there be a Codestyle dropdown that's somehow not rendering or is invisible?

Let me scroll up a bit to see the full page from the top.
[step 40] Action: left_click (441, 376)
[step 40] Reasoning: Now I can see the full page layout clearly. The structure is:
- Header: "mavonEditor" (y≈155)
- Buttons: "View on GitHub", "Download .zip", "Download .tar.gz" (y≈206)
- Teal/dark area continues to y≈325
- Controls: "clear cache", "upload", "imgreplace", text input, "delete" (y≈376)
- Empty space (y≈395-440)
- Editor toolbar: B, I, H, U, S, etc. (y≈440)
- Editor content area (y≈455+)

I've confirmed there is NO Codestyle dropdown visible anywhere on this page. The area between the controls row and the editor toolbar is completely empty.

At this point, I've thoroughly searched the page and confirmed that the Codestyle dropdown is not present on this page. The task says to find it and test it.

However, wait - I should check if the area between y=390 and y=440 might contain something invisible or non-rendered. Let me try clicking in that area to see if something hidden might be there.

Actually, let me try pressing Tab from the "delete" button to see what the next focusable element is.
[step 41] Action: key: Tab
[step 41] Reasoning: I can see the page clearly now. I clicked on the "delete" button area. The page remains the same. Looking at the area between the controls and the editor toolbar (y≈395-440), I can see it's still empty.

Now let me Tab from the delete button to see what the next focusable element is after the controls row.
[step 42] Action: key: Tab Tab Tab Tab T...
[step 42] Reasoning: The Tab key pressed but no visible change to indicate where the focus moved. Let me look at the area between the controls and editor toolbar more carefully. There might be a select dropdown that's not rendering properly (invisible or with CSS issues).

Let me try pressing Tab multiple more times to see if I can focus on any hidden dropdown.
[step 43] Action: key: Tab
[step 44] Action: scroll up (640, 400) scroll_amount 10
[step 44] Reasoning: Interesting! After pressing Tab, the page has scrolled to the bottom of the editor and the cursor appears to be in the editor text area. I can see the bottom of the editor content and then the "GitHub" link at the bottom of the page.

Now I can clearly see the entire page at this point. Below the editor content (at y≈555), there's only the "GitHub" link at y≈595. There is NO Codestyle dropdown anywhere on this page.

I've now comprehensively searched:
1. The full page at localhost:9090 (scrolled up and down)
2. The area above the editor toolbar
3. The area below the editor
4. The toolbar icons (checked each one for tooltips)
5. The controls row (clear cache, upload, imgreplace, delete)
6. Trying different URL paths (/api, /example, /md-test)
7. All tabs

The Codestyle (code highlight style) dropdown is NOT present on this page.

Based on my thorough investigation, I can confirm that the Codestyle dropdown is not available in the current mavonEditor deployment at localhost:9090. The page shows only the basic editor without any configuration controls for code highlighting styles.

**Conclusion:** The Codestyle dropdown selector is not found on the page at localhost:9090. This is the result - I should report this as "未在页面中找到目标功能入口" (the target feature entry point was not found on the page).

However, let me make one final check - maybe the Codestyle dropdown could be visible below the controls on a different screen resolution. Let me scroll up to the top and look at the entire page one more time.

Actually - wait. Let me re-read the task again carefully. The task says "当前Chrome浏览器已打开Mavoneditor网站，地址是http://localhost:9090。打开 mavonEditor 编辑器页面". 

Maybe the mavonEditor "编辑器页面" (editor page) is a SPECIFIC page on this site, not the homepage. The site might have multiple pages including an "编辑器页面" that's accessible through a link or button. Let me look at the page for any navigation links that might lead to an "editor page" specifically.

Let me scroll back to the top to see the header links and nav more carefully.
[step 45] Action: right_click (640, 640)
[step 45] Reasoning: I can see the editor content near the bottom (showing the hljs-left, hljs-center, hljs-right layout sections, and the "定义" section). Looking at the right side, there's layout content being previewed. Below the editor area, I can see the "GitHub" link at y≈595.

Looking at the right panel, I can see it's showing the preview of the markdown content which includes "hljs-left", "hljs-center", "hljs-right" - these are hljs (highlight.js) related CSS classes. This confirms the editor uses highlight.js for code styling.

Now looking at this final view, I'm 100% confident there is NO Codestyle dropdown on this page. The page only shows the editor content and at the bottom just the "GitHub" link.

Let me try one more approach - maybe there's a second page on the site accessible through a different route. Let me check if there's a page at /api or /options or /settings.

Wait - looking at the area just above the page at y=75, I can see the entire page is visible. The bottom of the editor is at y≈540 and the "GitHub" link is at y≈595. Then the page body background is visible at y≈620. That's the entire page content.

Let me try to navigate to a route like `/codestyle` or `/highlight` or `/props`:

Actually, instead of guessing routes, let me look at the page source via right-click → View Page Source to see what routes are defined.
[step 46] Action: left_click (681, 630)
[step 46] Reasoning: I can see the context menu with "显示网页源代码" (View Page Source) option. Let me click on that to view the page source.
[step 47] Action: Open url: http://localhost:9090/js/index.56695655.js
[step 47] Reasoning: Now I can see the page source. The HTML is very minimal:
```html
<!DOCTYPE html>
<html lang="en">
<head>
  <meta charset="utf-8">
  <title>md-test</title>
  <meta name="viewport" content="...">
  <link href="css/index.css" rel="stylesheet">
</head>
<body>
  <div id="main">
    <div></div>
  </div>
  <script type="text/javascript" src="js/common.d41d8cd9.js"></script>
  <script type="text/javascript" src="js/vue.1fb18165.js"></script>
  <script type="text/javascript" src="js/index.56695655.js"></script>
</body>
</html>
```

This is a Vue CLI-built single-page app. The main content is loaded by `js/index.56695655.js`. The app is rendered into `<div id="main">`. 

The routes and components are all bundled in the JavaScript files. The page doesn't show Codestyle configuration explicitly. Let me close this source view tab and go back to the main page.

Now, the key point is - the page source is very minimal and the actual content is rendered by Vue.js. The content I see on screen is what's rendered. And I've confirmed there is NO Codestyle dropdown visible anywhere on the rendered page.

Let me close the source view tab and go back to check the main page one more time, this time looking at the `js/index.56695655.js` file to see if there are any routes defined that include a Codestyle feature.

Actually, let me instead look at the JavaScript file directly to see if there's a route for a Codestyle feature page.
[step 48] Action: key: ctrl+f
[step 48] Reasoning: I can see the JavaScript bundle. It's minified code. Let me search for "codestyle" or "Codestyle" in this file using Ctrl+F to see if there's any reference to code style configuration.
[step 49] Action: key: ctrl+f
[step 49] Reasoning: I can see the JavaScript source is open. Let me open the Find dialog and search for "codestyle".
[step 50] Action: left_click (640, 400)
[step 50] Reasoning: The Ctrl+F doesn't seem to have opened the search bar. This is a raw JS file in a new browser tab. Let me try clicking in the content area first and then pressing Ctrl+F.
[step 51] Action: key: ctrl+f
[step 51] Reasoning: Let me try pressing Ctrl+F to open the browser search bar to search for "codestyle" in this JavaScript file.
[step 52] Action: left_click (202, 33)
[step 52] Reasoning: The Ctrl+F doesn't seem to open the browser search bar. This is happening because the browser's search bar might already be active somewhere. Let me try a different approach - let me look at the `css/index.css` file to see if there's any mention of codestyle.

Actually, instead of reading the source code, let me go back to the actual mavonEditor page and look at the page more carefully. Maybe the Codestyle dropdown is there but somehow I'm missing it. 

Let me go back to the mavonEditor main page (localhost:9090) and look at the page with fresh eyes. I'll also look at the page to see if there's something I need to scroll horizontally to find.

Let me navigate to a specific "md-test" tab with the main page.
[step 53] Action: scroll up (640, 400) scroll_amount 10
[step 53] Reasoning: I can now see the second "md-test" tab clearly. It shows the mavonEditor with the toolbar at the top and the editor content area showing the bottom of the editor content (with "术语一", "定义一", etc.). Below the editor, I can see the "GitHub" link at y≈595.

The page structure is clear:
- Editor toolbar at y≈94 (B, I, H, U, S, ... and icon buttons on the right)
- Editor area (left: markdown text, right: preview)
- "GitHub" link at y≈595
- Empty space below

There is NO Codestyle dropdown on this page. The page layout is confirmed.

Now let me scroll up to see the top of the page to double check the controls area.
[step 54] Action: scroll up (640, 594) scroll_amount 10
[step 54] Reasoning: The page is still showing the bottom portion of the editor. The editor's left panel shows the end of the markdown content, and the right panel shows the preview with emojis (😀), KaTeX math formulas, and layout sections.

I notice the page doesn't scroll upward beyond this point (the toolbar is at y=94). This is because this tab was opened and scrolled to this position. This editor has its own scroll.

Wait - looking at the editor at the LEFT side, the scroll position of the left panel shows content at the very bottom. And looking at the RIGHT panel, it shows the preview is also at the bottom.

Let me try clicking in the editor's left panel and then pressing Ctrl+Home to scroll the editor content to the top.

Actually, I realize I need to stop trying to scroll the editor content and instead focus on whether there's a Codestyle dropdown somewhere on the page. 

I've been looking at the page content in the editor panels, but the Codestyle dropdown would be OUTSIDE the editor panels - it would be in the page's controls section.

Let me scroll the MAIN PAGE (not the editor panels) to see if there's content above the toolbar (at y=94) that has the Codestyle dropdown. To scroll the main page, I need to scroll in the area outside the editor panels - like in the very narrow margins, or use the scrollbar.

Let me try scrolling the page by clicking on the "GitHub" link area (which is below the editor) and scrolling up from there.
[step 55] Action: left_click (969, 427)
[step 55] Reasoning: Excellent! Now I can see the FULL page layout clearly! The page structure is:
1. Header: "mavonEditor" title (y≈141)
2. Buttons: "View on GitHub", "Download .zip", "Download .tar.gz" (y≈192)
3. Teal/dark gradient background section continues to y≈317
4. Light section starts at y≈317
5. Controls: "clear cache", "upload", "imgreplace", text input, "delete" (y≈363)
6. Empty space (y≈380 to y≈415)
7. Editor toolbar (y≈427 with B, I, H, U, S, etc.)
8. Editor content area (y≈445+)

I can now clearly see that in the area between the controls row (y≈363) and the editor toolbar (y≈427), there is an empty space (y≈380-415) - NO Codestyle dropdown!

The page at localhost:9090 does NOT have a Codestyle dropdown selector. The controls on the page are only the basic ones (clear cache, upload, imgreplace, delete).

Now I'm very confident that this page does NOT have the Codestyle (code highlight style) dropdown selector. The mavonEditor demo at localhost:9090 shows only the editor with basic controls but NO Codestyle configuration dropdown.

However, wait - looking at the area at y≈363, I can see the controls row. But looking more carefully at y≈380 to y≈415 (between the controls and the editor toolbar), there's still white empty space. Let me look more carefully at that area... Let me zoom into that region by looking at pixels in that area.

Actually, let me also check if there might be any element with visibility:hidden or opacity:0 in that area. But I can't use DevTools.

At this point, I've done a thorough investigation and I can conclusively state:

**The Codestyle dropdown is NOT present on the mavonEditor page at localhost:9090.**

Based on my comprehensive investigation:
1. I checked the entire page layout from top to bottom
2. I verified the toolbar icons - none of them is a Codestyle dropdown
3. I checked the controls section (clear cache, upload, imgreplace, delete) - no Codestyle dropdown
4. I viewed the page source and confirmed it's a minimal Vue SPA
5. I tried different URL paths (/api, /example, /md-test, /#/)
6. I confirmed the page ends with a "GitHub" link and no additional controls below the editor

The result should be: `result: unclear`, `result_summary: 未在页面中找到目标功能入口`.

Wait - before I finalize my answer, let me make one last check. Looking at the tabs, I see one tab is specifically at `/localhost:9090/js/index...`. Let me also look for a route that might lead to an "API" demo page. The mavonEditor is known to have a demo where you can configure the component through UI controls including theme, language, and codestyle. 

Let me look at the tabs more carefully. I can now see the tabs showing:
1. "OpenClaw Control" 
2. "md-test" (localhost:9090)
3. "view-source:localhost..." (the source view)
4-10+: Multiple "md-test" tabs

Let me try to find the right route by checking the Tab at position 3 which is "md-test" at localhost:9090 (this might be the second "md-test" tab I was looking at before which was scrolled differently).

Actually, looking at my analysis, there's also one more thing I haven't tried - clicking on the "📖" icon (which might be at position 969 in the toolbar) to see if it reveals a settings panel. Let me go to the mavonEditor page and try clicking on the "≡" icon at position 969, 427.
[step 56] Action: left_click (1101, 458)
[step 56] Reasoning: I clicked on the "≡" (hamburger) icon at the top right of the toolbar, and it opened a "导航目录" (Table of Contents Navigation) panel. This panel shows the TOC of the document with headings like "目录", "Markdown 语法简介", "目录", "粗体", "斜体", "标题", "分割线", "上角下标", "下划线 中划线", "标记".

This is the table of contents navigation panel, NOT a Codestyle dropdown. Let me close this panel and check the other toolbar icons.

Let me close this TOC panel first.
[step 57] Action: DONE
[step 57] Reasoning: The TOC panel has been closed. Now I can see the page clearly. I've thoroughly checked all the interactive elements on this page.

Based on my comprehensive investigation of the mavonEditor page at localhost:9090, I can conclusively confirm:

**The Codestyle (code highlight style) dropdown selector is NOT present on this page.**

The page at localhost:9090 contains:
1. Header section with "mavonEditor" title and GitHub download buttons
2. A controls row with: "clear cache", "upload", "imgreplace", text input, and "delete" buttons
3. The mavonEditor component with a toolbar (formatting buttons and view controls)
4. Editor content area
5. A "GitHub" link at the bottom

None of these elements include a Codestyle dropdown selector.

The task requires finding and testing the Codestyle dropdown, but this feature is not available on this page. Therefore, the result should be marked as `unclear` with the note that the target feature entry point was not found on the page.

---

**Final Assessment:**

After thorough investigation of the mavonEditor page at http://localhost:9090, including:
- Checking all visible controls and buttons on the page
- Scrolling the page up and down to see all content
- Examining all toolbar icons (checking their tooltips)
- Trying different URL paths and tabs
- Viewing the page source

I have confirmed that **the Codestyle (代码高亮样式) dropdown selector is NOT present on this page**. The page only shows the basic editor interface without any code style configuration options.

**Result: unclear**
**Result Summary: 未在页面中找到目标功能入口**

经过对 http://localhost:9090 页面的全面检查，包括：
1. 检查页面上所有可见的控件和按钮（"clear cache"、"upload"、"imgreplace"、"delete"等）
2. 上下滚动页面查看所有内容
3. 检查编辑器工具栏的所有图标（通过悬停查看工具提示）：≡（导航目录）、👁（编辑模式）、⛶（全屏）、📖（沉浸式阅读）、单栏、查看html文本、markdown语法帮助
4. 尝试不同的URL路径（/api, /example, /md-test, /#/）
5. 查看页面源代码确认这是一个最小化的Vue单页应用

**确认：页面上没有 Codestyle（代码高亮样式）下拉选择器。** 该页面仅显示基本的编辑器界面，没有任何代码样式配置选项。
Evaluating task result...

==================================================
Task: 当前Chrome浏览器已打开Mavoneditor网站，地址是http://localhost:9090。打开 mavonEditor 编辑器页面，在编辑器中输入包含代码块的内容，然后找到代码高亮样式（Codestyle）的下拉选择器，依次进行以下操作：1) 选择一种代码样式（如 github），观察代码块样式变化；2) 切换到另一种代码样式（如 vs2015），观察代码块样式变化；3) 再切换回之前的样式（如从 vs2015 切回 github），观察代码块样式是否正常变化；4) 反复多次在不同代码样式之间来回切换，观察每次切换后代码块的高亮样式是否都能正确更新。 请始终在浏览器内操作，禁止打开 Terminal、Finder 或其他应用程序。如果在浏览器中找不到目标功能，直接标记 result 为 unclear，result_summary 写明'未在页面中找到目标功能入口'。
Status: COMPLETED
Total steps: 57
Last action: DONE
Last reasoning: The TOC panel has been closed. Now I can see the page clearly. I've thoroughly checked all the interactive elements on this page.

Based on my comprehensive investigation of the mavonEditor page at localhost:9090, I can conclusively confirm:

**The Codestyle (code highlight style) dropdown selector is NOT present on this page.**

The page at localhost:9090 contains:
1. Header section with "mavonEditor" title and GitHub download buttons
2. A controls row with: "clear cache", "upload", "imgreplace", text input, and "delete" buttons
3. The mavonEditor component with a toolbar (formatting buttons and view controls)
4. Editor content area
5. A "GitHub" link at the bottom

None of these elements include a Codestyle dropdown selector.

The task requires finding and testing the Codestyle dropdown, but this feature is not available on this page. Therefore, the result should be marked as `unclear` with the note that the target feature entry point was not found on the page.

---

**Final Assessment:**

After thorough investigation of the mavonEditor page at http://localhost:9090, including:
- Checking all visible controls and buttons on the page
- Scrolling the page up and down to see all content
- Examining all toolbar icons (checking their tooltips)
- Trying different URL paths and tabs
- Viewing the page source

I have confirmed that **the Codestyle (代码高亮样式) dropdown selector is NOT present on this page**. The page only shows the basic editor interface without any code style configuration options.

**Result: unclear**
**Result Summary: 未在页面中找到目标功能入口**

经过对 http://localhost:9090 页面的全面检查，包括：
1. 检查页面上所有可见的控件和按钮（"clear cache"、"upload"、"imgreplace"、"delete"等）
2. 上下滚动页面查看所有内容
3. 检查编辑器工具栏的所有图标（通过悬停查看工具提示）：≡（导航目录）、👁（编辑模式）、⛶（全屏）、📖（沉浸式阅读）、单栏、查看html文本、markdown语法帮助
4. 尝试不同的URL路径（/api, /example, /md-test, /#/）
5. 查看页面源代码确认这是一个最小化的Vue单页应用

**确认：页面上没有 Codestyle（代码高亮样式）下拉选择器。** 该页面仅显示基本的编辑器界面，没有任何代码样式配置选项。

==================================================

UI window closed
