Session created: sess-20260417141029-e964fb67bf8347a495bff525f8d903b7
UI panel initialized successfully
UI window displayed
Expected result: 在h1标签的可编辑元素上使用MediumEditor时，输入文字、按键操作（包括在内容为空时按键）应正常工作，浏览器控制台不应出现任何错误信息。
[step 0] Action: Initializing
[step 0] Reasoning: Initializing session connection
[step 0] Action: screenshot
[step 1] Action: left_click (480, 254)
[step 1] Reasoning: 我可以看到页面已经正确加载，显示了MediumEditor h1测试页面。现在我将按照测试步骤进行操作。首先让我点击h1编辑区域激活编辑器。
[step 2] Action: key: cmd+a
[step 2] Reasoning: 编辑器已激活，边框变为青色/绿色虚线，光标已定位在文本中。现在我需要全选并删除所有文字。
[step 3] Action: key: Delete
[step 3] Reasoning: 文本已全选（蓝色高亮显示），MediumEditor的工具栏也显示出来了（B/I/U按钮）。现在按Delete键删除选中的文字。
[step 4] Action: key: Return
[step 4] Reasoning: h1元素现在是空的，光标在左侧可见。编辑器框仍然显示（青色虚线边框），h1内容已清空。现在开始测试各种按键：

**步骤3a：按Enter键测试**
[step 5] Action: key: BackSpace
[step 5] Reasoning: **观察到异常！** 按下Enter键后，编辑器区域明显变大了（高度增加），光标移到了下方。这表明在空h1内容中按Enter键创建了一个新行/段落，编辑器高度随之扩展。这是一个潜在的问题——在h1标签中按Enter通常不应该创建新的块级元素或显著改变布局。

现在让我测试Backspace键，先确认当前状态：
[step 6] Action: key: BackSpace
[step 6] Reasoning: Backspace键后，编辑器高度恢复正常大小，Enter键创建的额外行被删除了。编辑器响应正常。

现在让我再次测试在空的h1上按Backspace键：
[step 7] Action: key: Delete
[step 7] Reasoning: 在空h1中再次按Backspace，编辑器外观没有明显变化（仍然是空的编辑区）。没有崩溃。现在让我测试Delete键：
[step 8] Action: type: abc
[step 8] Reasoning: 在空h1中按Delete键，编辑器没有崩溃，外观正常。现在让我输入普通字符"abc"测试：
[step 9] Action: key: F12
[step 9] Reasoning: **观察到视觉异常！** 输入"abc"后，文字显示为普通大小字体（不是h1应有的大号粗体）。h1标题通常应该显示为更大的字体，但这里看起来像是普通文本。注意比较：之前删除内容前，"Click here to edit this h1 heading"显示为大号粗体，但现在输入的"abc"显示较小，没有h1的样式。这可能是一个bug。

现在让我打开DevTools Console来检查JavaScript报错。按F12打开DevTools：
[step 10] Action: left_click (1025, 86)
[step 10] Reasoning: DevTools已打开并自动切换到Console标签。我可以看到：
1. **有一个错误（红色）：** "Failed to load resource: the server responded with a status of 404 (Not Found)" - 这是资源加载失败的错误
2. 编辑区域中"abc"文字显示为普通大小字体，没有h1的大号样式

让我点击Console标签并查看更多详情，特别是展开错误信息：
[step 11] Action: Minimize panel
[step 11] Reasoning: Console已经显示，我可以看到有一个404错误。让我点击展开错误信息（点击错误行旁边的箭头），也让我先看清完整的错误信息。让我最小化任务面板，然后仔细查看Console：
[step 12] Action: left_click (921, 144)
[step 12] Reasoning: 现在我可以清楚地看到Console中的错误信息：

**错误：** `Failed to load resource: the server responded with a status of 404 (Not Found)` - 链接指向 `:3000/favicon.ico:1`

这是一个favicon.ico文件的404错误，这是一个次要问题，不是编辑器的JavaScript运行时错误。

现在我需要更仔细地检查Console中是否有JavaScript运行时错误。让我展开错误详情并滚动Console：
[step 13] Action: left_click (455, 220)
[step 13] Reasoning: 现在我需要对空h1进行更多测试。首先让我清除编辑器内容，然后在空白状态下重新测试按键是否触发错误。让我先全选并删除abc：
[step 14] Action: key: cmd+a
[step 14] Reasoning: 很好，编辑器已激活（青色边框）。现在让我全选并删除abc来测试空状态下的按键：
[step 15] Action: key: Escape
[step 15] Reasoning: 哦，出现了右键菜单（因为cmd+A在Mac上是全选，但弹出了右键菜单）。让我按Escape关闭这个菜单，然后重试：
[step 16] Action: key: Delete
[step 16] Reasoning: 好的，菜单关闭了，"abc"文字已被选中（蓝色高亮）。现在按Delete删除：
[step 17] Action: key: Return
[step 17] Reasoning: h1内容已清空。Console中仍然只有之前的404错误（favicon），没有新的JavaScript错误。现在在空h1状态下按Enter键并查看Console：
[step 18] Action: key: BackSpace
[step 18] Reasoning: **重要观察（BUG）：** 在空h1中按Enter键后，编辑器高度明显增加，光标移到下方位置。这说明在空h1元素中按Enter键创建了一个新的空行（可能是`<div>`或`<br>`），导致编辑器高度增加。Console中没有新的JavaScript错误。这是一个**功能性BUG** - 在h1标签中按Enter时，不应该创建新的行/块级元素，或者如果创建了，应该是适当的内联换行处理。

现在按Backspace测试空状态下的效果，同时检查是否有JS错误：
[step 19] Action: key: BackSpace
[step 19] Reasoning: Backspace正确删除了Enter创建的新行，编辑器回到单行空状态。Console中仍然没有新的JavaScript错误。现在在空h1中连续按多次Backspace测试边界情况：
[step 20] Action: key: Delete
[step 20] Reasoning: 在空h1中再次按Backspace，没有崩溃，没有新的JavaScript错误，编辑器保持正常状态。现在测试Delete键：
[step 21] Action: left_click (1090, 145)
[step 21] Reasoning: 在空h1中按Delete键也没有问题，Console中没有新的JavaScript错误。现在让我检查一下用DevTools检查DOM结构来确认h1元素的状态，同时使用Console输入一些JavaScript来检查编辑器状态：
[step 22] Action: left_click (1090, 645)
[step 22] Reasoning: 看到编辑器高度有所变化（比之前单行空状态更高），这可能意味着仍然有一些空行在h1中。让我在Console中输入JavaScript命令来检查h1的innerHTML：
[step 23] Action: left_click (1090, 160)
[step 23] Reasoning: 我需要找到Console的输入框。让我点击Console底部的输入区域：
[step 24] Action: left_click (921, 144)
[step 24] Reasoning: DevTools console面板很小，我需要扩大它。让我尝试使用Escape键来打开底部Console输入框，或者直接使用键盘快捷键：
[step 25] Action: left_click_drag (1090, 87)
[step 25] Reasoning: DevTools面板很小，不太方便。让我尝试通过拖动顶部的分割条来扩大DevTools，或者尝试用Undock模式。让我尝试拖动DevTools顶边来增加其高度：
[step 26] Action: left_click (1024, 87)
[step 26] Reasoning: 糟糕，误操作导致DevTools切换到了Sources面板的Snippets视图。让我回到Console标签：
[step 27] Action: left_click (1024, 87)
[step 27] Reasoning: 我看到了Sources和Console选项卡。让我点击Console选项卡：
[step 28] Action: left_click (897, 87)
[step 28] Reasoning: 我回到了Console面板。现在我需要增大Console面板的高度。让我尝试拖动DevTools的左边缘（因为DevTools是在右侧边栏）来调整其宽度，或者拖动页面和DevTools之间的分割条。

让我尝试通过DevTools面板的dock-to-bottom选项重新调整布局。点击DevTools右上角的三点菜单（...）或者设置按钮来切换停靠位置：
[step 29] Action: key: Escape
[step 29] Reasoning: 出现了一个设备工具栏的菜单。这不是我想要的，让我关闭这个菜单并找到正确的按钮：
[step 30] Action: left_click (1249, 87)
[step 30] Reasoning: Console很小，只显示了一行错误。让我尝试使用DevTools的三点菜单（竖排三点）来切换停靠位置。我需要点击右上角DevTools工具栏中的三点菜单：
[step 31] Action: left_click (1237, 109)
[step 31] Reasoning: 出现了DevTools菜单，我可以看到"Dock side"选项。让我点击底部停靠选项（第3个图标，看起来像是底部条状）来将DevTools停靠到页面底部，这样会更方便查看：
[step 32] Action: left_click (640, 524)
[step 32] Reasoning: 现在DevTools已经停靠在页面底部，我可以清楚地看到Console面板。Console中显示：
- **1个错误（红色）：** `Failed to load resource: the server responded with a status of 404 (Not Found)` - 链接 `:3000/favicon.ico:1`

这是页面加载时的favicon资源404错误，与MediumEditor功能无关。

现在我可以清楚地看到页面和Console。让我在Console的输入区域输入JavaScript来检查h1的DOM状态。首先点击Console的输入行（">" 符号处）：
[step 33] Action: left_click (20, 524)
[step 33] Reasoning: Console输入行（`>`）看起来在第二行。让我点击那个`>`处：
[step 34] Action: type: document.querySel...
[step 34] Reasoning: Console输入框已激活（可以看到光标在`>`后闪烁）。现在让我输入JavaScript命令来检查h1的innerHTML：
[step 35] Action: left_click (640, 220)
[step 35] Reasoning: **非常重要的发现！**

Console显示了命令的结果：
```
'<p><br></p>'
```

这说明 **h1元素的innerHTML是 `<p><br></p>`** ！

**这是一个严重的BUG！**

当用户删除h1中的内容后，MediumEditor在h1标签内创建了一个`<p>`段落元素（`<p><br></p>`），而不是保持h1为空（应该是空字符串或只有`<br>`）。在h1标签内嵌套`<p>`标签是**非法的HTML**（h1是块级标题元素，不应该包含块级段落元素）。

这个bug的产生原因：当用户按Enter键时，MediumEditor的默认行为是创建`<p>`标签，但当这个操作发生在h1上下文中时，应该使用`<br>`或`<div>`，而不是`<p>`。

让我再进行更多测试，在当前状态下重新激活编辑器并测试：

现在让我在编辑器中激活并输入文字，看看实际的显示效果：
[step 36] Action: key: cmd+r
[step 36] Reasoning: 编辑器已激活（青色虚线边框）。光标在第一行中（注意编辑器高度现在较高，这是因为里面有`<p><br></p>`的内容）。

现在让我再次查看DOM结构，刷新测试从头开始。让我先重新加载页面进行干净的测试：
[step 37] Action: left_click (1205, 88)
[step 37] Reasoning: 页面已重新加载，显示正常状态：
- h1文字 "Click here to edit this h1 heading" 以大号粗体显示 ✓
- Console现在是干净的（没有错误！404错误也消失了）

**注意：重新加载后favicon 404错误也不见了，说明它可能只在第一次加载时出现。**

现在从头开始进行完整的测试流程。关闭Google Translate提示条，然后点击h1区域：
[step 38] Action: left_click (640, 524)
[step 38] Reasoning: 页面干净整洁，h1显示正常。Console中只有上一次操作的命令结果（`'<p><br></p>'`）。让我先清除Console，然后开始新的测试。先按Ctrl+L清除Console：
[step 39] Action: key: ctrl+l
[step 39] Reasoning: 好的，Console输入框已激活（光标在`>`后）。现在按Ctrl+L清除Console历史：
[step 40] Action: left_click (567, 203)
[step 40] Reasoning: Console没有被清除，仍然显示上次的命令结果。这没关系，继续测试。现在让我点击h1区域来激活编辑器，然后进行完整的按键测试序列，同时监控Console：

**步骤1：点击h1区域激活编辑器**
[step 41] Action: key: cmd+a
[step 41] Reasoning: **步骤1成功：** 编辑器已激活（青色虚线边框），光标在文字末尾。Console中没有新的错误，"No Issues"显示绿色。

**步骤2：全选并删除所有文字**
[step 42] Action: key: Escape
[step 42] Reasoning: 出现了一个右键上下文菜单！文字被高亮选中（蓝色），但同时弹出了浏览器的上下文菜单。这是因为当DevTools激活时，`cmd+a`被编辑器和系统同时处理。让我按Escape关闭这个菜单：
[step 43] Action: key: Delete
[step 43] Reasoning: 文字仍然被选中（蓝色高亮），没有看到MediumEditor工具栏。好，现在让我直接按Delete键删除选中的文字：
[step 44] Action: key: Return
[step 44] Reasoning: **步骤2成功！** h1内容已清空，编辑器框显示空状态（青色虚线边框）。Console中没有新的错误，"No Issues"显示。光标在左侧可见。

现在进行按键测试：

**步骤3a：测试Enter键（空h1状态）**
[step 45] Action: key: BackSpace
[step 45] Reasoning: **🐛 BUG确认！Enter键在空h1中产生了问题：**

观察到：
1. **编辑器高度明显增大** - 从单行高度扩展到了约两行的高度
2. 光标移到了下方位置（第二行区域）
3. Console中没有JavaScript错误（"No Issues"）

这表明在空的h1中按Enter键，MediumEditor创建了额外的块级元素（正如之前通过JavaScript检查确认的`<p><br></p>`），导致编辑器区域不应有的高度增加。

**步骤3b：测试Backspace键**
[step 46] Action: key: BackSpace
[step 46] Reasoning: Backspace成功删除了Enter键创建的额外行，编辑器高度恢复正常（单行空状态）。Console中仍然没有错误，"No Issues"。

现在在空h1中测试Backspace键：
[step 47] Action: key: Delete
[step 47] Reasoning: 在空h1中按Backspace键，编辑器没有崩溃，外观正常（单行空状态，青色虚线边框）。Console中没有错误，"No Issues"。

**步骤3c：测试Delete键（空h1状态）**
[step 48] Action: type: abc
[step 48] Reasoning: 在空h1中按Delete键，编辑器响应正常，没有崩溃，没有JavaScript错误。"No Issues"依然显示。

**步骤3d：输入普通字符"abc"**
[step 49] Action: left_click (640, 519)
[step 49] Reasoning: **🐛 视觉BUG观察：** 
输入"abc"后，文字显示为较小的字体（约20px）。这比原始的h1标题文字"Click here to edit this h1 heading"要小得多（原始h1应该显示约32px的大号粗体标题）。

但仔细看，"abc"的字体大小和粗细**比普通`<p>`文本要大**（虽然和初始h1文字看起来差不多），但字体明显**没有初始时那么大**。

Wait - 对比一下：初始的 "Click here to edit this h1 heading" 文字更大，占据了更多高度，而现在的 "abc" 文字较小。这可能就是**BUG的关键所在** - 输入的文字不是在h1上下文中渲染的，而是在内嵌的`<p>`或`<div>`元素中渲染的，从而失去了h1的样式。

Console中仍然没有JavaScript错误，"No Issues"。

现在让我在Console中执行JavaScript来检查当前h1的innerHTML和DOM结构：
[step 50] Action: left_click (640, 535)
[step 50] Reasoning: 编辑器失焦了（虚线边框变为灰色），"abc"文字显示为黑色，**字体大小明显比原始h1文字"Click here to edit this h1 heading"小很多**。这验证了之前的BUG观察。

现在我点击Console的输入区域（">"处）来输入JavaScript检查DOM：
[step 51] Action: left_click (640, 540)
[step 51] Reasoning: 我注意到Console的输入框没有显示光标，需要更精确地点击到">"提示符位置。让我尝试点击Console面板底部区域，靠近">"提示符处：
[step 52] Action: left_click_drag (640, 350)
[step 52] Reasoning: Console面板非常小（底部只显示约2行），需要调整大小。我能看到：
- 上一次的命令：`document.querySelector('h1').innerHTML`
- 结果：`'<p><br></p>'`（确认了之前发现的BUG）

Console的输入行（">"）应该在显示的最后一行下方，可能被切断了。让我尝试拖动DevTools的顶边来增加Console面板的高度：
[step 53] Action: left_click (640, 450)
[step 53] Reasoning: Console面板扩大了一些，现在可以更清楚地看到：
- 命令：`document.querySelector('h1').innerHTML`  
- 结果：`'<p><br></p>'`（上一次检查时的结果，当时h1是空的）

Console的输入区域在白色空白区域，我需要点击该区域来激活输入。现在我注意到页面很重要 - "abc"文字比初始的"Click here to edit this h1 heading"字体小得多，这是明显的视觉BUG。

让我点击Console的空白输入区域（白色区域）来输入新的JavaScript命令：
[step 54] Action: left_click (640, 560)
[step 54] Reasoning: DevTools切换回了右边栏模式（因为我拖动了窗口）。Console面板显示了上次的命令结果：`'<p><br></p>'`。我需要在Console中输入新的JavaScript来检查当前h1中"abc"的状态。

我看到Console中有一个">>"提示符在命令结果下方（但看不到光标）。让我在Console中点击白色空白区域来激活输入，然后输入JavaScript：
[step 55] Action: key: Escape
[step 55] Reasoning: Console的输入框在页面布局中似乎没有显示出来（控制台面板太小/结构不清晰）。让我使用Chrome DevTools的快捷键 `Ctrl+Shift+J`（或者直接按Escape键在DevTools中显示Console输入框）来激活Console REPL：
[step 56] Action: left_click (640, 580)
[step 56] Reasoning: 按Escape键打开了一个Console抽屉面板（分离的面板在底部），它显示了之前的命令结果：`'<p><br></p>'`。但这个面板也没有显示输入行。我需要直接点击Console输入行。

这个新的Console面板打开了，我可以看到更多内容了。但我注意到Console面板空白区域（下方灰色区域）- 应该有一个`>`提示符。让我点击灰色区域激活Console输入：
[step 57] Action: left_click (114, 457)
[step 57] Reasoning: Console面板没有显示输入框（`>`提示符在下方看不到）。这个Console面板布局有问题 - 输入行可能在可视区域之外。让我直接点击Console选项卡来进入完整的Console视图：
[step 58] Action: left_click (20, 515)
[step 58] Reasoning: Console面板显示了之前的查询结果，但底部的输入行（`>`提示符）不可见。Console输入行可能超出了可视区域（在面板底部之外）。这是DevTools的布局问题（可能由于面板大小不足）。

让我尝试直接在Console面板内按`Ctrl+L`清除并显示输入框，或者用键盘快捷键激活Console REPL。让我先点击Console面板的内容区域，然后使用Tab键或者直接开始输入：

让我尝试直接在控制台面板中点击`>`提示符旁边的区域（在第二行 `'<p><br></p>'` 下方），位置在大约 y=515 处：
[step 59] Action: left_click (114, 457)
[step 59] Reasoning: Console面板中输入区域仍然看不清楚。Console的输入行（`>`提示符）应该在面板内部但可能被截断或不可见。注意到这个问题可能是Console面板布局的一个Bug（输入行被截断到可视区域之外）。

让我尝试用鼠标在Console面板的`'<p><br></p>'`文字下方单击，然后直接开始输入JavaScript：

**关键观察：** 我能清楚地从之前的操作截图中确认：
- Console显示 `'<p><br></p>'` 这个结果（h1内容为空时的DOM结构）
- 现在h1内包含"abc"文字

让我换一个方法 - 点击Console 选项卡（不是抽屉Console），然后在那里输入JavaScript：
[step 60] Action: key: cmd+alt+j
[step 60] Reasoning: Console面板的布局看起来有布局问题：输入行（`>`提示符）应该在 `'<p><br></p>'` 结果的下方，但面板高度不够，导致输入行被截断。这是一个**DevTools面板布局观察问题**，但不影响我的主要测试。

让我尝试最后一次通过键盘来激活Console输入。我将点击Console面板内容区域，然后用Up箭头选取上一个命令，修改并执行：

让我通过`Ctrl+Shift+J`（Windows/Linux）或`Cmd+Option+J`（Mac）的方式直接打开全屏Console：

让我改变策略，关闭当前的DevTools并重新以底部停靠方式打开，这样Console面板会更高，便于操作。使用 `Cmd+Option+J` 来直接打开Console：
[step 61] Action: key: F12
[step 61] Reasoning: **🔴 重要的BUG发现！** 现在在全屏模式下，我可以非常清楚地看到：

1. **编辑器中显示 "abc"** - 编辑器处于激活状态（青色虚线边框），光标在abc后面
2. **🐛 字体大小BUG！** "abc" 文字的字体大小明显**远小于**原始的h1标题。"abc" 显示的字体大小约为 24px，而原始的 "Click here to edit this h1 heading" 显示为约 32px 的粗体大字。
   - **原始文字**：使用h1的大号粗体样式（正常h1标题大小）
   - **输入的abc**：字体更小，不像h1样式，更像是在`<p>`或`<div>`元素中

3. **编辑器框架异常大** - 编辑器框架的高度远超需要，显示了很多空白区域（框从约y=215到y=370之间），这说明在h1内部有额外的隐藏元素占据了空间

这就证实了之前的DOM检查结果：**文字"abc"并没有直接在`<h1>`标签中，而是在`<h1>`内的`<p>`元素中**，所以失去了h1的样式并在下方留有大量空白。

DevTools已关闭（Cmd+Alt+J再次按下关闭了DevTools）。让我重新打开DevTools，切换到Console，然后检查当前h1的DOM结构：
[step 62] Action: left_click (640, 491)
[step 62] Reasoning: DevTools重新打开，Console面板现在显示了清洁的状态（"No Issues" - 没有错误！）。

**重要观察：** 
1. Console中**没有任何JavaScript错误** - "No Issues"显示，这意味着所有按键操作（Enter、Backspace、Delete、输入abc）都没有触发JavaScript运行时错误
2. **编辑器高度异常** - 即使只有"abc"文字，编辑器框仍然很高（从约y=183到y=250），这说明h1内有多余的空元素
3. **字体大小异常** - "abc" 字体明显比原始h1标题小（原始h1应该在全宽显示下是大号粗体）

现在Console面板的`>`提示符在左下角（约y=491处），这是Console的输入行。让我点击它来激活输入：
[step 63] Action: type: document.querySel...
[step 63] Reasoning: 现在Console输入行已激活，我可以看到`> |`（光标在`>`后面闪烁）。现在让我输入JavaScript命令来检查h1的当前innerHTML状态：
[step 64] Action: left_click (640, 221)
[step 64] Reasoning: **🔴 严重BUG确认！**

Console的执行结果显示：
```
document.querySelector('h1').innerHTML
'<p>abc</p>'
```

**h1的innerHTML是 `'<p>abc</p>'`！**

这证实了一个**严重的DOM结构BUG**：
- **期望**：`<h1>abc</h1>` 或至少 `<h1>abc</h1>` 直接包含文本节点
- **实际**：`<h1><p>abc</p></h1>` - h1内嵌套了p标签！

这是**非法的HTML**！根据HTML规范，`<h1>`标签（块级标题元素）不能包含块级段落元素`<p>`。这个错误的DOM结构解释了：
1. **为什么"abc"字体比原始h1文字小** - 因为"abc"在`<p>`元素内而不是直接在`<h1>`中，p元素的默认字体大小（16px）比h1（约32px）小
2. **为什么编辑器框高度异常** - `<p>abc</p>`占据了比直接文本节点更多的空间（包括`<p>`的margin）

**这是MediumEditor的一个BUG**：当在h1元素中删除所有内容后，编辑器内部状态混乱，在用户输入或按Enter键时，在h1内部创建了`<p>`元素（因为MediumEditor默认使用`<p>`作为换行容器），这破坏了HTML结构并改变了视觉样式。

现在让我继续测试更多边界情况。让我激活编辑器并测试在 `<p>abc</p>` 状态下继续按Enter和Backspace会发生什么：
[step 65] Action: key: End
[step 65] Reasoning: 编辑器已激活（青色虚线边框）。Console显示 `'<p>abc</p>'` - 确认了BUG。现在让我检查Console是否出现任何新的JavaScript错误。"No Issues"仍然显示（右上角）。

让我进行最后一组测试 - 再次按Enter键，看是否会产生更深层的嵌套问题：
[step 66] Action: key: Return
[step 66] Reasoning: 光标现在在"abc"末尾（可以看到光标在"abc|"后面）。现在按Enter键，看会发生什么：
[step 67] Action: left_click (640, 491)
[step 67] Reasoning: **🐛 BUG再次确认！** 在包含"abc"（已在`<p>abc</p>`中）的状态下按Enter键：
1. 编辑器高度进一步增大（从约y=183到y=295之间的框）
2. 光标移到第二行（空行）
3. Console中没有JavaScript错误（"No Issues"）
4. **第二行的字体大小也比h1应有的样式小**（光标在一个`<p>`元素内）

让我立即检查当前的innerHTML：
[step 68] Action: type: document.querySel...
[step 68] Reasoning: 编辑器失焦了（灰色虚线边框），而"abc"文字仍然可见（小号字体）。编辑框大小仍然比正常h1应有的更大（包含多余的空间，说明内部有多个`<p>`或`<br>`元素）。Console输入框已激活（`> |`）。让我输入命令检查当前innerHTML：
[step 69] Action: key: ctrl+a
[step 69] Reasoning: 我看到Console输入行显示：`document.querySelector('h1').HTMLdocument.querySelector('h1').innerHTML`

这说明文字被附加到了上一条命令后面，而不是新的一行！这说明上次点击Console区域时没有正确将上次命令提交（执行），而是在同一个输入框中继续输入了。

让我先清除这个输入，然后重试：
[step 70] Action: triple_click
[step 70] Reasoning: Console输入行仍然显示 `document.querySelector('h1').HTMLdocument.querySelector('h1').innerHTML`。我需要全选并删除它，然后重新输入。让我用Ctrl+A然后Delete清除输入行：
[step 71] Action: key: Delete
[step 71] Reasoning: 文本已被选中（蓝色高亮）。现在删除选中的文字，然后重新输入正确的命令：
[step 72] Action: type: document.querySel...
[step 72] Reasoning: Console输入行已清空（只有`>`提示符），现在可以输入新命令。注意Console已经清除了之前的命令历史（这是因为删除操作同时清空了console输出！）。

现在让我输入新命令检查h1的innerHTML：
[step 73] Action: left_click (67, 457)
[step 73] Reasoning: **🔴🔴 严重BUG进一步确认！**

Console显示：
```
document.querySelector('h1').innerHTML
'<p>abc</p><p><br></p><br>'
```

**h1的innerHTML是 `'<p>abc</p><p><br></p><br>'`！**

这意味着：
1. 初始文字"abc"在 `<p>abc</p>` 中（非法HTML）
2. 按Enter后创建了第二个 `<p><br></p>`（非法HTML）  
3. 还有一个额外的孤立 `<br>` 标签

这是一个**严重的多层BUG**：
- **BUG 1**：h1内部嵌套了`<p>`元素（非法HTML）
- **BUG 2**：每次按Enter键都创建了新的`<p>`元素（而非适当的`<br>`换行）  
- **BUG 3**：存在游离的`<br>`标签
- **BUG 4**：文字样式错误（abc显示为`<p>`字体大小而非h1字体大小）

Console中没有JavaScript错误（"No Issues"），但DOM结构完全不正确。

让我截取一张清晰的截图来记录这个BUG状态，然后检查Elements面板来查看完整DOM结构：

现在让我点击Elements面板来检查DOM树：
[step 74] Action: left_click (7, 525)
[step 74] Reasoning: **完美！** Elements面板清晰地显示了DOM结构。我可以看到：

**Elements面板关键信息：**
```html
<h1 class="editable-h1" contenteditable="true" spellcheck="true" 
    data-medium-editor-element="true" role="textbox" aria-multiline="true"
    medium-editor-index="0" data-placeholder="Type your heading here..."
    data-medium-focused="true" ···</h1>
```

**右侧Console面板（迷你版）中显示：**
```
document.querySelector('h1').innerHTML
'<p>abc</p><p><br></p><br>'
```

这非常清楚地确认了**BUG的存在**：

1. **h1标签（class="editable-h1"）包含了多个`<p>`元素** - 这是非法HTML，`h1`内不应嵌套块级元素`<p>`
2. 完整的非法DOM结构：`<h1><p>abc</p><p><br></p><br></h1>`

让我点击h1标签前的箭头展开它来查看完整的子元素结构：
[step 75] Action: left_click (45, 381)
[step 75] Reasoning: **重要！** 右键点击打开了上下文菜单，同时页面顶部显示了一个重要信息：
- **`h1.editable-h1 800×210`** - 这个h1元素的尺寸是 **800×210 像素**！

而正常的h1标题通常只有约50-80像素高度（单行文字）。**210像素的高度**是非常异常的，这证实了h1内部有多个块级元素占据了额外空间。

同时可以看到右侧样式：
- `h1.editable-h1` 的样式：`border: 2px dashed #ccc; padding: 10px; min-height: 50px`
- 用户代理样式中：`display: block; font-size: 2em; font-weight: bold`

让我关闭这个右键菜单然后查看"Edit as HTML"来确认DOM：
[step 76] Action: left_click (114, 457)
[step 76] Reasoning: **现在清晰地可以在Elements面板中看到h1的完整HTML内容！**

Elements面板中h1元素的innerHTML显示为：
```html
<h1 class="editable-h1" contenteditable="true" ... data-medium-focused="true">
  <p>abc</p><p><br></p></h1>
```

具体地说，Elements面板第529行显示：
```
data-medium-focused="true"><p>abc</p><p><br></p></h1>
```

这完全确认了之前的Console检查结果。

**同时注意几个关键视觉信息：**
1. 页面上的h1元素显示为**800×210像素**（远超正常h1单行高度）
2. 编辑区域有**蓝色高亮**（DevTools元素检查模式下的高亮）
3. 蓝色区域的高度（内容区）占了大部分空间，橙色部分（padding）也很明显
4. 底部面包屑显示：`html > body > h1.editable-h1`

**右侧Console面板（迷你）显示：**
```
'<p>abc</p><p><br></p><br>'
```

**右侧Styles面板显示：**
```css
h1.editable-h1 {
  border: 2px dashed #ccc;
  padding: 10px;
  min-height: 50px;
}

h1[Attributes Style] {
  -webkit-user-modify: read-write;
  overflow-wrap: break-word;
  -webkit-line-break: after-white-space;
}

h1 {  /* user agent stylesheet */
  display: block;
  font-size: 2em;
  font-weight: bold;
}
```

**这进一步证实了BUG**：h1有`font-size: 2em`的用户代理样式，但"abc"文字显示时并没有应用这个2em的字体大小，因为文字被包含在内部的`<p>`元素中（`<p>`的默认`font-size`是16px/1em，而不是2em）。

现在让我切换回Console面板，查看完整的错误记录，然后汇总测试结果：
[step 77] Action: DONE
[step 77] Reasoning: Console面板现在清晰地显示了完整的测试结果：

```
document.querySelector('h1').innerHTML
'<p>abc</p><p><br></p><br>'
```

**"No Issues"** 仍然显示在右上角 - 没有JavaScript运行时错误。

现在我可以汇总所有的测试结果了。让我截取最终截图来完成测试记录：

---

## 📋 MediumEditor h1测试 - 完整测试报告

### 测试环境
- **URL**: `http://localhost:3000/demo/h1-test.html`
- **浏览器**: Chrome（带DevTools）
- **测试日期**: 2026年4月16日

---

### 测试步骤与结果

#### ✅ 步骤1：点击h1激活编辑器
- **操作**: 点击h1编辑区域（显示"Click here to edit this h1 heading"）
- **结果**: 编辑器成功激活，显示青色（#ccc）虚线边框
- **Console**: 无JavaScript错误（"No Issues"）
- **状态**: ✅ **正常**

---

#### ✅ 步骤2：全选并删除所有文字
- **操作**: `Cmd+A` → `Delete`
- **结果**: h1内容被清空，光标在左侧
- **Console**: 无JavaScript错误
- **状态**: ✅ **正常**

---

#### 🐛 步骤3a：在空h1中按Enter键
- **操作**: 空h1状态下按`Return`键
- **实际行为**: 编辑器高度增大（约从50px增加到更大），光标移到第二行
- **DOM变化**: `<h1><p><br></p></h1>` → h1内创建了`<p>`元素（非法HTML！）
- **Console**: 无JavaScript错误（"No Issues"）
- **🐛 BUG**: MediumEditor在h1空内容按Enter时，在h1内创建了`<p><br></p>`（非法HTML嵌套），导致编辑器高度异常增大

---

#### ✅ 步骤3b：在Enter后按Backspace删除新行
- **操作**: 按`Backspace`删除Enter创建的行
- **实际行为**: 额外行被删除，编辑器恢复单行状态
- **Console**: 无JavaScript错误
- **状态**: ✅ **正常**

---

#### ✅ 步骤3c：在空h1中按Backspace键
- **操作**: 空h1状态下按`Backspace`键
- **实际行为**: 编辑器没有崩溃，保持空状态
- **Console**: 无JavaScript错误（"No Issues"）
- **状态**: ✅ **正常**（无崩溃）

---

#### ✅ 步骤3d：在空h1中按Delete键
- **操作**: 空h1状态下按`Delete`键
- **实际行为**: 编辑器没有崩溃，保持空状态
- **Console**: 无JavaScript错误（"No Issues"）
- **状态**: ✅ **正常**（无崩溃）

---

#### 🐛 步骤3e：在空h1中输入普通字符"abc"
- **操作**: 空h1（内部可能已有`<p><br></p>`）状态下输入`abc`
- **实际行为**: "abc"显示在编辑器中，但字体明显比原始h1标题小
- **DOM结构（Console检查）**: `<h1><p>abc</p></h1>` - abc在`<p>`元素内而非直接在h1中！
- **Console**: 无JavaScript错误（"No Issues"）
- **🐛 BUG 1**: 用户输入的文字"abc"被封装在`<p>abc</p>`内，而不是作为h1的直接文本节点，导致HTML结构非法（`<h1>`内嵌套`<p>`）
- **🐛 BUG 2**: 视觉上"abc"字体大小比原始h1标题小（约20-24px vs 约32px），因为"abc"在`<p>`元素的上下文中渲染，失去了h1的`font-size: 2em`样式

---

#### 🐛 在`<p>abc</p>`状态下再次按Enter键
- **操作**: 在"abc"末尾按`Return`键
- **实际行为**: 编辑器高度进一步增大，创建第二个`<p>`元素
- **DOM结构（Console确认）**: `<h1><p>abc</p><p><br></p><br></h1>`
- **🐛 BUG 3**: 不仅有多个非法嵌套的`<p>`元素，还产生了一个游离的`<br>`标签
- **h1实际尺寸**: 800×210像素（异常大，正常单行h1约50-80px高）

---

### 🔴 发现的BUG汇总

| 编号 | 类型 | 严重程度 | 描述 |
|------|------|----------|------|
| BUG-1 | 功能性BUG | 🔴 严重 | 在空h1中删除内容后，MediumEditor在h1内创建`<p>`元素（非法HTML嵌套）|
| BUG-2 | 视觉BUG | 🟠 中等 | 输入文字字体大小比h1应有的样式小，因文字在`<p>`内而非h1直接子节点 |
| BUG-3 | 功能性BUG | 🟠 中等 | 按Enter键在h1中创建新的`<p>`元素而非`<br>`（不符合h1语义） |
| BUG-4 | 功能性BUG | 🟡 轻微 | 多次操作后产生游离的`<br>`标签，DOM结构累积污染 |
| BUG-5 | 视觉BUG | 🟡 轻微 | 编辑器框高度异常增大（800×210px），远超内容实际需要 |

---

### ✅ 确认正常的功能
- **激活编辑器**: 点击h1区域正常触发编辑状态（青色虚线边框）
- **删除操作**: Backspace和Delete键在非空内容中正常工作
- **无JS崩溃**: 所有测试操作（Enter、Backspace、Delete、输入字符）均未触发JavaScript运行时错误（Console显示"No Issues"）
- **空状态Backspace/Delete**: 不会崩溃，编辑器保持稳定

---

### 🎯 根本原因分析

**核心问题**: MediumEditor的`contentEditable`编辑逻辑在`h1`标签上下文中，使用了与`<p>`标签相同的处理方式：
- MediumEditor默认使用`<p>`作为换行容器（`newLinePasteForce: false`或默认`return`行为）
- 当应用于`h1`时，这个行为导致在`h1`内部嵌套`<p>`元素（非法HTML）
- 应该的修复方式：在`h1`上下文中，换行应该创建`<br>`或使`h1`内容保持为纯文本节点
Evaluating task result...

==================================================
Task: 当前Chrome浏览器已打开MediumEditor h1测试页面（http://localhost:3000/demo/h1-test.html）。页面上有一个使用h1标签初始化的MediumEditor编辑器。测试步骤：1. 点击h1可编辑区域激活编辑器（显示'Click here to edit this h1 heading'）；2. 全选并删除所有文字使h1元素内容为空；3. 在空的h1元素中按各种键测试：按Enter键、按Backspace键、按Delete键、输入普通字符如abc；4. 观察每次按键后编辑器是否正常响应，文字是否正确显示；5. 打开DevTools Console（F12），检查是否有JavaScript报错；6. 特别注意在h1内容为空时按键是否会触发错误。始终在浏览器内操作，禁止打开Terminal、Finder或其他应用程序。
Status: COMPLETED
Total steps: 77
Last action: DONE
Last reasoning: Console面板现在清晰地显示了完整的测试结果：

```
document.querySelector('h1').innerHTML
'<p>abc</p><p><br></p><br>'
```

**"No Issues"** 仍然显示在右上角 - 没有JavaScript运行时错误。

现在我可以汇总所有的测试结果了。让我截取最终截图来完成测试记录：

---

## 📋 MediumEditor h1测试 - 完整测试报告

### 测试环境
- **URL**: `http://localhost:3000/demo/h1-test.html`
- **浏览器**: Chrome（带DevTools）
- **测试日期**: 2026年4月16日

---

### 测试步骤与结果

#### ✅ 步骤1：点击h1激活编辑器
- **操作**: 点击h1编辑区域（显示"Click here to edit this h1 heading"）
- **结果**: 编辑器成功激活，显示青色（#ccc）虚线边框
- **Console**: 无JavaScript错误（"No Issues"）
- **状态**: ✅ **正常**

---

#### ✅ 步骤2：全选并删除所有文字
- **操作**: `Cmd+A` → `Delete`
- **结果**: h1内容被清空，光标在左侧
- **Console**: 无JavaScript错误
- **状态**: ✅ **正常**

---

#### 🐛 步骤3a：在空h1中按Enter键
- **操作**: 空h1状态下按`Return`键
- **实际行为**: 编辑器高度增大（约从50px增加到更大），光标移到第二行
- **DOM变化**: `<h1><p><br></p></h1>` → h1内创建了`<p>`元素（非法HTML！）
- **Console**: 无JavaScript错误（"No Issues"）
- **🐛 BUG**: MediumEditor在h1空内容按Enter时，在h1内创建了`<p><br></p>`（非法HTML嵌套），导致编辑器高度异常增大

---

#### ✅ 步骤3b：在Enter后按Backspace删除新行
- **操作**: 按`Backspace`删除Enter创建的行
- **实际行为**: 额外行被删除，编辑器恢复单行状态
- **Console**: 无JavaScript错误
- **状态**: ✅ **正常**

---

#### ✅ 步骤3c：在空h1中按Backspace键
- **操作**: 空h1状态下按`Backspace`键
- **实际行为**: 编辑器没有崩溃，保持空状态
- **Console**: 无JavaScript错误（"No Issues"）
- **状态**: ✅ **正常**（无崩溃）

---

#### ✅ 步骤3d：在空h1中按Delete键
- **操作**: 空h1状态下按`Delete`键
- **实际行为**: 编辑器没有崩溃，保持空状态
- **Console**: 无JavaScript错误（"No Issues"）
- **状态**: ✅ **正常**（无崩溃）

---

#### 🐛 步骤3e：在空h1中输入普通字符"abc"
- **操作**: 空h1（内部可能已有`<p><br></p>`）状态下输入`abc`
- **实际行为**: "abc"显示在编辑器中，但字体明显比原始h1标题小
- **DOM结构（Console检查）**: `<h1><p>abc</p></h1>` - abc在`<p>`元素内而非直接在h1中！
- **Console**: 无JavaScript错误（"No Issues"）
- **🐛 BUG 1**: 用户输入的文字"abc"被封装在`<p>abc</p>`内，而不是作为h1的直接文本节点，导致HTML结构非法（`<h1>`内嵌套`<p>`）
- **🐛 BUG 2**: 视觉上"abc"字体大小比原始h1标题小（约20-24px vs 约32px），因为"abc"在`<p>`元素的上下文中渲染，失去了h1的`font-size: 2em`样式

---

#### 🐛 在`<p>abc</p>`状态下再次按Enter键
- **操作**: 在"abc"末尾按`Return`键
- **实际行为**: 编辑器高度进一步增大，创建第二个`<p>`元素
- **DOM结构（Console确认）**: `<h1><p>abc</p><p><br></p><br></h1>`
- **🐛 BUG 3**: 不仅有多个非法嵌套的`<p>`元素，还产生了一个游离的`<br>`标签
- **h1实际尺寸**: 800×210像素（异常大，正常单行h1约50-80px高）

---

### 🔴 发现的BUG汇总

| 编号 | 类型 | 严重程度 | 描述 |
|------|------|----------|------|
| BUG-1 | 功能性BUG | 🔴 严重 | 在空h1中删除内容后，MediumEditor在h1内创建`<p>`元素（非法HTML嵌套）|
| BUG-2 | 视觉BUG | 🟠 中等 | 输入文字字体大小比h1应有的样式小，因文字在`<p>`内而非h1直接子节点 |
| BUG-3 | 功能性BUG | 🟠 中等 | 按Enter键在h1中创建新的`<p>`元素而非`<br>`（不符合h1语义） |
| BUG-4 | 功能性BUG | 🟡 轻微 | 多次操作后产生游离的`<br>`标签，DOM结构累积污染 |
| BUG-5 | 视觉BUG | 🟡 轻微 | 编辑器框高度异常增大（800×210px），远超内容实际需要 |

---

### ✅ 确认正常的功能
- **激活编辑器**: 点击h1区域正常触发编辑状态（青色虚线边框）
- **删除操作**: Backspace和Delete键在非空内容中正常工作
- **无JS崩溃**: 所有测试操作（Enter、Backspace、Delete、输入字符）均未触发JavaScript运行时错误（Console显示"No Issues"）
- **空状态Backspace/Delete**: 不会崩溃，编辑器保持稳定

---

### 🎯 根本原因分析

**核心问题**: MediumEditor的`contentEditable`编辑逻辑在`h1`标签上下文中，使用了与`<p>`标签相同的处理方式：
- MediumEditor默认使用`<p>`作为换行容器（`newLinePasteForce: false`或默认`return`行为）
- 当应用于`h1`时，这个行为导致在`h1`内部嵌套`<p>`元素（非法HTML）
- 应该的修复方式：在`h1`上下文中，换行应该创建`<br>`或使`h1`内容保持为纯文本节点

==================================================

UI window closed
