Session created: sess-20260419190130-dfb0b9795805456b93080da4a13909c7
UI panel initialized successfully
UI window displayed
Expected result: disabled 状态的按钮在任何位置被点击时都不应触发 click 事件。如果 disabled 按钮的点击事件被触发了，则说明 bug 已复现。
[step 0] Action: Initializing
[step 0] Reasoning: Initializing session connection
[step 0] Action: screenshot
[step 1] Action: left_click (449, 33)
[step 1] Reasoning: I can see the Chrome browser is open with the Mint UI Button page. Let me click on the Mint UI tab to bring it to focus and see the button examples.
[step 2] Action: Open url: http://192.168.42.101:8790/#/button
[step 2] Reasoning: The page appears to be mostly white/blank. The Mint UI button page content seems to not be visible in the current view. Let me navigate directly to the URL to ensure we're on the right page.
[step 3] Action: left_click (608, 33)
[step 3] Reasoning: A new tab opened with Mint UI. Let me click on the new Mint UI tab to see the content.
[step 4] Action: Minimize panel
[step 4] Reasoning: The page content is still not visible. It seems like the browser window is positioned behind the task status widget and other windows. The content area appears blank/white. Let me try to maximize the Chrome window by clicking on the Chrome icon in the dock or using keyboard shortcut.
[step 5] Action: left_click (450, 280)
[step 5] Reasoning: The panel is minimized. Now I can see the Chrome browser with the Mint UI page but the content area still appears mostly white/blank. I notice there's a Chrome browser window that seems partially obscured by another window (VS Code or similar). Let me click on the Chrome window to bring it to focus and check the content.
[step 6] Action: key: ctrl+cmd+f
[step 6] Reasoning: The Chrome browser window appears to only occupy the upper left portion of the screen, and the content area seems blank. Let me try to maximize the Chrome browser window by double-clicking the title bar or using the maximize button.
[step 7] Action: key: F5
[step 7] Reasoning: The Chrome browser is now in full screen mode and I can see it's on the correct URL (192.168.42.101:8790/#/button), but the content area is still blank/white. The page seems to not have loaded any content. Let me reload the page.
[step 8] Action: wait
[step 8] Reasoning: The page is loading but still blank. Let me wait for it to load completely.
[step 9] Action: left_click (452, 13)
[step 9] Reasoning: The page is still blank. Let me try clicking on the other Mint UI tab (the first one) to see if it has content.
[step 10] Action: key: F12
[step 10] Reasoning: Both Mint UI tabs show the same blank white page at `192.168.42.101:8790/#/button`. The page might be using an iframe to display the buttons. Let me try to open DevTools to inspect the page structure and understand why the content isn't visible.
[step 11] Action: left_click (66, 8)
[step 11] Reasoning: Now I can see the DevTools Console. There's an important error:

**"Uncaught TypeError: Cannot read properties of undefined (reading '_LifecycleHooks')"**

This is why the page content is blank - there's a JavaScript error preventing the Vue application from rendering. The error is in `index.js:20` related to `_LifecycleHooks`.

However, the page might still partially work. Let me close DevTools and check if there's an iframe or if the buttons might be there but hidden. Let me first check the page structure by clicking on the Elements tab.

But wait - I notice there are 2 Mint UI tabs. The one I'm currently on might be the "new" tab that was opened. Let me check the original Mint UI tab. Let me press Escape to exit fullscreen first, then navigate to the correct tab.

Actually, looking at the console error, it shows "Cannot read properties of undefined (reading '_LifecycleHooks')" - this means the Vue app failed to initialize. But let me check the Elements tab to understand the page structure better.
[step 12] Action: key: Escape
[step 12] Reasoning: Now I can see the page structure in the Elements panel. I can see:
- `<body>` with `<div id="app"></div>` - This is the Vue app container
- The div with id="app" appears to be empty (`$` 0 indicator)

The Vue app failed to render because of the TypeError. The `<div id="app">` is empty, which explains why the page shows blank.

This is on the **new tab** that was opened. Let me check if the original Mint UI tab has content. Let me switch to the original Mint UI tab.
[step 13] Action: key: F12
[step 13] Reasoning: I can see that this is the new Mint UI tab that was opened separately. The console at the bottom now shows without the TypeError (those messages scrolled up). The page's `#app` div is empty. 

Let me close DevTools and switch to the original Mint UI tab (the third tab from left).

Wait, looking at the page URL at the top, both show `192.168.42.101:8790/#/button`. Let me close DevTools and navigate properly. But first, let me check what the original tab looks like. Let me close the DevTools panel first.
[step 14] Action: left_click (452, 13)
[step 14] Reasoning: Good, DevTools is closed. I can see there are two Mint UI tabs. Let me click on the first Mint UI tab (4th tab from left) to navigate to it.
[step 15] Action: left_click (640, 42)
[step 15] Reasoning: Both Mint UI tabs show the same blank white page. The first Mint UI tab is also blank. This seems to be a rendering issue - the page was previously visible before I put Chrome in full-screen mode. 

Wait - looking at the initial screenshot more carefully, the page WAS rendering in the partial Chrome window that was visible. The content was appearing in the browser but the Chrome window was only partially visible because other applications (VS Code) were covering it. Now that Chrome is in full-screen mode, the same blank page issue persists.

Let me try to navigate directly to the URL to reload the page properly.
[step 16] Action: key: Return
[step 17] Action: key: F12
[step 17] Reasoning: The page is still blank. I remember from the very first screenshot that the browser was not in full screen mode and was showing some content (though it was mostly blank due to window positioning). 

Wait - actually looking at the first screenshot more carefully, the Chrome window appeared to be showing a blank white page even then. The page content might be rendered inside an iframe that is on a different URL, or the page renders buttons in a simulated phone viewport.

The issue seems to be that the page IS blank (the Vue app crashed with TypeError: Cannot read properties of undefined (reading '_LifecycleHooks')). 

But wait - the task says "当前 Chrome 浏览器已打开 mint-ui 的 Button 组件示例页面" (The current Chrome browser has already opened the mint-ui Button component example page). Let me check if maybe I need to use a different port. The URL that was originally open was `192.168.42.101:8790/#/button`.

Let me open the DevTools to understand the problem better. Perhaps the page is loading inside an iframe and I need to look at a different frame context.
[step 18] Action: left_click (40, 596)
[step 18] Reasoning: I see the same state. The `#app` div is empty. Looking at the console, I can see in the bottom there are some messages. There was a TypeError that prevented Vue from initializing. Let me scroll up in the console to see the full error.

Wait, I notice something - the console in this screenshot only shows:
- `https://github.com/vueis/vue-devtools`
- "You are running Vue in development mode..."
- "[WDS] Hot Module Replacement enabled."
- "Failed to load resource: the server responded with a status of 404 (Not Found)"

The TypeError that I saw earlier was in the **second** Mint UI tab (the one opened with `open_url`). Let me check by clicking on the second Mint UI tab.

But wait - actually looking at the Elements panel, both tabs show the same HTML structure with empty `#app` div. Let me scroll up in the console to see if there are errors hidden above.
[step 19] Action: left_click (40, 596)
[step 19] Reasoning: I can see the Console tab is now selected. The console shows minimal messages. Notice the error count badge shows "2" with a red circle at the top right of DevTools. Let me click on the Console tab to view the console properly and scroll to find the error.
[step 20] Action: left_click (114, 8)
[step 20] Reasoning: I see the Console tab with a cursor prompt at the bottom. There's no TypeError visible here on this tab. The issues shown are:
1. DevTools extension suggestion 
2. Vue development mode warnings
3. [WDS] Hot Module Replacement enabled
4. 404 error for favicon.ico

Now let me click on the Console tab in the DevTools header to switch to the full Console view (not just the bottom panel).
[step 21] Action: screenshot
[step 21] Reasoning: Now I can see the full Console. This is the **second** Mint UI tab (the one opened with `open_url`). I can see:

**Error:** "Uncaught TypeError: Cannot read properties of undefined (reading '_LifecycleHooks')" at `index.js:20`

This explains why the page is blank - this is the **new tab** I inadvertently opened with the `open_url` function. The original Mint UI tab might have been working fine.

Let me switch to the other Mint UI tab to check.

But wait - looking at the tab bar at the top of the browser, I can see there are two Mint UI tabs. Let me look at this more carefully. The DevTools is currently attached to the second Mint UI tab. Let me look at the page area - oh wait, the DevTools is in full screen mode taking the entire browser.

Let me click on the other Mint UI tab (the first one labeled "Mint UI").
[step 22] Action: key: Escape
[step 22] Reasoning: I notice the DevTools is taking up the full width and height with no browser tabs visible. The DevTools appears to be in a detached/full window mode or taking over the entire display. Let me try to close DevTools with Escape or F12, and then check if the browser has tabs by looking at the top area.

Actually, looking at the DevTools structure - I see the tab bar is at the very top (Elements, Console, Sources, etc.) but I don't see the browser tabs or URL bar. This is because DevTools is docked to the bottom but taking up a lot of space.

Wait - the browser is in **fullscreen mode** (I pressed Ctrl+Cmd+F earlier). So the browser is taking up the full screen. DevTools is docked at the bottom and taking up the entire visible area. The actual page content (the blank Mint UI page) would be at the very top but is extremely thin.

Let me try pressing Escape to exit fullscreen mode first.
[step 23] Action: key: ctrl+cmd+f
[step 23] Reasoning: The DevTools is still taking up the entire screen. The browser is in fullscreen mode. Let me try pressing Ctrl+Cmd+F again to exit fullscreen mode or use the keyboard shortcut Cmd+Ctrl+F to toggle fullscreen.
[step 24] Action: left_click (929, 689)
[step 24] Reasoning: Excellent! Now I can see the full desktop. I can see:

1. **DevTools** is a separate window showing "DevTools - 192.168.42.101:8790/" with the Console open, showing the TypeError error
2. **Keynote** is open with a presentation welcome screen
3. **Terminal/other app** is visible in the background
4. The **Chrome browser** itself is not visible in the current view

The DevTools window is showing the error for what appears to be the second Mint UI tab that was opened. But I need to find the original Chrome browser window where the Mint UI page was originally open.

Let me click on the Chrome icon in the Dock to bring the Chrome browser to the front.
[step 25] Action: left_click (608, 13)
[step 25] Reasoning: Now I can see the Chrome browser. Interesting! I can see that:
1. There's a **Responsive Design Mode** toolbar at the top (showing "Dimensions: Responsive 500 x 905 100%")
2. The page content area is showing a white rectangle (like a mobile device simulator)
3. The page appears blank/white inside the mobile viewport

The page is in responsive design mode (mobile view) which explains why the content is constrained to a centered white rectangle. But the page content is still blank.

Let me close the DevTools that's open (the floating DevTools window), then try to reload the page with hard refresh to clear any caching issues.

Wait - actually I see the page IS being rendered now but the Vue app has crashed (as confirmed by the TypeError we saw). The mobile viewport shows a blank white page.

Let me check if perhaps the original Mint UI tab (the one that was pre-opened with content) is different. Let me click on the second "Mint UI" tab.
[step 26] Action: left_click (452, 13)
[step 26] Reasoning: Both Mint UI tabs show blank pages. The second tab (the new one I opened) is also blank. 

Now let me try the first "Mint UI" tab.
[step 27] Action: key: ctrl+shift+r
[step 27] Reasoning: The first Mint UI tab also shows a blank mobile viewport with the responsive design mode toolbar. The page is blank. Both tabs are blank.

Looking at the situation:
1. The DevTools window is showing a TypeError for this tab
2. The page content is blank because Vue failed to initialize

Wait - I notice the **responsive design mode** is active on this tab (I can see the responsive toolbar with "500 x 905"). This is DevTools' device emulation mode. The DevTools must have been active on this tab previously and the page was being viewed in mobile device emulation mode.

Let me try to do a hard refresh (Ctrl+Shift+R) to clear the cache and reload.
[step 28] Action: key: F12
[step 28] Reasoning: The page is still blank. Let me try pressing F12 to open DevTools directly in this tab and see what's happening.
[step 29] Action: left_click (929, 689)
[step 29] Reasoning: The DevTools window already exists and came to the foreground. I can see the DevTools window with Console showing the same TypeError error. The DevTools is a **detached** window, not docked inside the browser.

Now I understand the situation better:
- The DevTools is in a detached window
- The Chrome browser window is behind other windows
- The page has a TypeError that's preventing the Vue app from rendering

The TypeError is: **"Uncaught TypeError: Cannot read properties of undefined (reading '_LifecycleHooks')"** in `index.js:20`

This is a critical error. However, the task asks me to test the button behavior. Let me check if perhaps the page was working before by trying to close the floating DevTools window and reloading.

Actually, wait - looking at the DetTools more carefully, it says "DevTools - 192.168.42.101:8790/" at the title. The important thing here is that the DevTools is detached from the browser, which is why I see it as a separate window.

But the question is: **Why is the page blank?** 

Looking at the error: `exports.install` in `node_modules/vue-hot-reload-api/dist/index.js` at line 2889, calling `_LifecycleHooks`. This seems to be a Vue hot-reload API error.

Let me try to close the detached DevTools, then close the second Mint UI tab (that I created), and then try to reload the original first Mint UI tab. Maybe the issue is that my `open_url` action caused the second tab to break things.

But wait - both tabs were showing blank pages even before I opened the second tab. Looking back at the very first screenshot I took, the page was already blank.

Let me try to close the DevTools window and work directly with the browser.

Actually, let me reconsider my approach. The page might be showing content but with the DevTools' Responsive Mode active, it might be at a location that's hard to see. Let me click on the Chrome browser window and turn off the Responsive Mode by pressing Ctrl+Shift+M.
[step 30] Action: key: ctrl+shift+m
[step 30] Reasoning: OK so I'm on the first Mint UI tab with the responsive design mode active. The page is blank. The issue is the Vue TypeError.

Let me try to close the detached DevTools window so I can open a docked DevTools in the browser, which might help me reload the page properly. Let me try pressing Ctrl+Shift+M to toggle off the responsive mode first.
[step 31] Action: left_click (78, 78)
[step 31] Reasoning: The responsive mode is still showing. Let me try a different approach - I'll try to close the detached DevTools window and then use F12 to get a docked DevTools, then reload the page.

Let me close the DevTools window - I'll click the X button on the DevTools window.
[step 32] Action: key: ctrl+shift+m
[step 32] Reasoning: Interesting! Now the responsive mode shows "2560 x 1292" at 50% and the page is still blank white. I accidentally clicked the left side (the wrong button) instead of the X button on the DevTools. The DevTools window appears to have closed because I can see the viewport changed from 500x905 to 2560x1292.

The page is still blank but now I see the full-width view in responsive mode. The responsive mode toolbar is still active (2560 x 1292 at 50%).

Let me try clicking on the X or the "close responsive mode" button to go back to normal view, and then try to close and reopen DevTools properly. Let me look for the close button for responsive mode.

Actually, looking at the top bar with responsive design toolbar, I need to click on the close/exit button for the responsive design mode. In Chrome, there should be a close button. Let me check by clicking on the "X" visible at the top of the responsive area, but I don't see one clearly. The responsive mode area shows "4K – 2560px" in the header.

Let me try pressing Ctrl+Shift+M again to toggle off responsive mode:
[step 33] Action: key: F12
[step 33] Reasoning: The responsive mode toggle (Ctrl+Shift+M) isn't working without DevTools open. I need to open DevTools first. Let me press F12 to open docked DevTools.
[step 34] Action: left_click (929, 689)
[step 34] Reasoning: The detached DevTools window comes to front again. I can see:
- The DevTools window shows Console with the TypeError error
- Behind it, there's the Keynote window and VS Code/Terminal
- The Chrome browser is behind all other windows

The DevTools is showing an error related to `vue-hot-reload-api`, which is a development hot-reload module. This specific TypeError (`Cannot read properties of undefined (reading '_LifecycleHooks')`) happens in the hot-reload API when trying to install Vue plugins.

Looking at the situation more carefully - the page might have had content initially but after the hot-reload API error, the Vue app crashed. Let me try clicking on "Responsive" in the DevTools toolbar to toggle off device emulation, and then reload.

Actually, I see the DevTools window has a toggle button for responsive mode. Let me look at the DevTools toolbar - I can see the responsive mode toggle button (the phone/tablet icon) at position approximately (78, 114) in the DevTools window.

Wait - I need to think about this differently. The task says the page is already open with the Button examples. But the page shows blank due to a Vue TypeError. However, maybe the page **was working before** and the error happened after some interaction.

Let me try to reload the page by pressing Cmd+R while the Chrome browser is in focus.

First, let me click on the Chrome window in the dock to bring it to front.
[step 35] Action: left_click (640, 42)
[step 35] Reasoning: Good, I'm in the Chrome browser now. The responsive design toolbar shows "2560 x 1292". The page is still blank.

The issue is that the DevTools is detached and the responsive mode is still active. Let me try a different approach - I'll navigate using the address bar to reload the page and clear the responsive mode by directly clicking in the address bar and pressing Enter.

Actually wait - looking more carefully at the issue, the detached DevTools window was opened by the first person who set up the test environment. The DevTools was monitoring the page but the TyperError occurred.

The key question is: Is the page actually loading but blank due to a bug (Vue error), or was it working before?

Looking at the Console message: `[HMR] Waiting for update signal from WDS...` - this means the Hot Module Replacement is waiting. And then we see the TypeError. This suggests the page DID load initially but when the HMR (Hot Module Replacement) tried to update something, it crashed.

The page IS blank due to the Vue TypeError bug. But the task requires me to test the button behavior on the page.

Let me try a completely fresh reload by navigating to the URL again. Let me click in the address bar and reload.
[step 36] Action: key: Return
[step 36] Reasoning: I can see the address bar is now selected with the URL highlighted. Let me press Enter to reload the page.
[step 37] Action: wait
[step 37] Reasoning: Still blank. Let me wait a moment for the page to load and then take a screenshot.
[step 38] Action: key: ctrl+shift+r
[step 38] Reasoning: The page is still blank after waiting 3 seconds. The responsive mode is still at 2560x1292 at 50%. 

I notice that the responsive mode toolbar is showing a dimension of 2560 x 1292, which means the simulated viewport is 2560px wide - that's a very large resolution. The actual content area shown is blank white.

The root issue: The page is blank because of a Vue TypeError. I need to resolve this.

Let me try a completely different approach - open the DevTools (which is detached), close the DevTools, then reload the page properly.

Let me first check - perhaps the issue is related to the Hot Module Replacement (HMR) causing a race condition. Let me try opening the DevTools in a docked mode by pressing F12 and see if that helps reload. But each time I press F12, the detached DevTools window comes to front.

Let me try to use JavaScript in the address bar to check the page state. But first, let me try one more thing - hard refresh with cache bypass.
[step 39] Action: key: F12
[step 39] Reasoning: Still blank after hard refresh. The issue persists. Let me try a completely different approach.

Looking at this situation - the problem is the DevTools is detached and in another window. The responsive mode is still active but showing 2560x1292. The page content is blank because of a Vue TypeError.

Let me try to open the DevTools window (F12), navigate to the Console tab, clear the console, and then reload the page by using the Console to execute `location.reload()`.
[step 40] Action: left_click (280, 361)
[step 40] Reasoning: The DevTools detached window is in front again. I can see the Console with the same TypeError error. Let me click on the Console input area (at the bottom, the `>` prompt) to type a command. I can see there's an input prompt at position approximately (87, 361).

Let me click on the Console input area and type a reload command.
[step 41] Action: left_click (280, 362)
[step 41] Reasoning: I can see the Console prompt (`>` character) at the bottom. Let me try clicking directly on the Console input area at the bottom of the DevTools window.
[step 42] Action: left_click (100, 362)
[step 42] Reasoning: I can see the Console now has the `>` cursor at the bottom input line. Let me now try to close the DevTools and re-dock it to the Chrome window. But first, let me type in the console input area to check if it's active.

I see the `>` prompt at the bottom left of the DevTools. Let me click directly on it.
[step 43] Action: left_click (280, 355)
[step 43] Reasoning: I see the DevTools console but the console input is at position ~`(100, 362)`. Let me try clicking on the very bottom of the DevTools window to get the input cursor:
[step 44] Action: type: location.reload(t...
[step 44] Reasoning: I can see there's a cursor blinking in the console input at the bottom (`> |`). The console input is now active. Let me type a JavaScript command to reload the page without cache.
[step 45] Action: key: Return
[step 45] Reasoning: I can see the console input shows `> location.reload(true)`. Let me press Enter to execute it.
[step 46] Action: left_click (280, 340)
[step 46] Reasoning: The reload was triggered and I can see the console has updated:
- The error count went from "2" to "1" (in the red circle at top of DevTools)
- The console shows:
  - `[HMR] Waiting for update signal from WDS...`
  - `Uncaught TypeError: Cannot read properties of undefined (reading '_LifecycleHooks')`
  - The same Vue messages
  - `[WDS] Hot Module Replacement enabled.`
  - But now the `favicon.ico 404` error is GONE!

The error count is now "1" instead of "2". The favicon 404 error went away. The TypeError is still there.

Wait, looking at the console again - I notice that the TypeError error still has a `>` arrow next to it (which means it's collapsible/expanded), and the console shows the same errors after reload. The page still has the Vue TypeError issue.

Let me now focus on another approach. The page is blank because of the TypeError. But looking at the error stack trace:
- It's happening in `vue-hot-reload-api/dist/index.js` - this is the development server's HMR 
- The error is trying to call `install()` with Vue's lifecycle hooks

This means the Vue application itself is failing because of a mismatch between the vue-hot-reload-api and the Vue version. This is a development environment issue.

Let me try to close the detached DevTools and try to reload the page without the HMR interference. Actually, a simpler approach: let me try to close the extra DevTools window, close the second "Mint UI" tab I created, and see if the first tab is still functional.

But first, let me understand the setup: The DevTools is detached and linked to the first Mint UI tab (original). The second Mint UI tab I created with `open_url` also seems to have the same error.

Let me try a different approach: Let me look at what the page would render if the error wasn't happening. Let me check the page's HTML source to understand the structure.

Actually, wait. I just realized something important. Looking at the console error:
```
> Uncaught TypeError: Cannot read properties of undefined (reading '_LifecycleHooks')
    at exports.install (node_modules/vue-hot-reload-api/dist/index.js:20...)
```

The error is in the HMR (Hot Module Replacement) code. This is the **development hot reload** functionality. This might only affect the hot reload functionality, NOT the initial render.

But the page IS blank, which means the Vue app IS failing to initialize properly.

Let me try to use the Console to inspect the `#app` DOM element and see if there's any content:
[step 47] Action: left_click (280, 343)
[step 47] Reasoning: The console shows the same state - error count "1" and the same messages. Let me try clicking on the console input area at the very bottom (`>`) and type a command to inspect the app DOM element.
[step 48] Action: type: document.querySel...
[step 48] Reasoning: I can see the cursor is at the console input (`> |`). Now let me type a JavaScript command to check the page content:
[step 49] Action: left_click (81, 77)
[step 49] Reasoning: Excellent! I can see:
- The console command `document.querySelector('#app').innerHTML` was executed 
- The result shows `< ''` - which means the `#app` div is **empty** (empty string innerHTML)

This confirms that the Vue app failed to render and the `#app` div is completely empty. The page is truly blank because the Vue application crashed during initialization.

Now let me try to click on the Chrome browser window directly (behind all windows) to try accessing the page. The blank page issue is fundamental - the app is not rendering.

But wait - looking at this more carefully, I notice the DevTools shows the error happened in `index.js:20` which is the webpack dev server's hot reload API. 

Let me try a completely different approach: Let me close the DevTools detached window (click the X in the DevTools window title bar), and then try to reload the page directly in the browser without DevTools.

The DevTools window title bar shows the close button at the top left. Let me click the red X (close) button on the DevTools window.
[step 50] Action: left_click (452, 13)
[step 50] Reasoning: Now I can see the Chrome browser clearly! The DevTools window has been closed. I can see:
1. Chrome has 4 tabs: "Desperate for God's Presen...", "[...]", "Mint UI", "Mint UI"
2. The current tab (the one I'm on - the second Mint UI tab) shows `192.168.42.101:8790/#/button`
3. The page content area is COMPLETELY BLANK (white)

The responsive mode is no longer active since the DevTools was closed! The page is now showing in normal mode.

Now I can clearly see the browser with all tabs. Let me click on the FIRST "Mint UI" tab (which was the original one) to check if it has content.
[step 51] Action: key: F12
[step 51] Reasoning: The first "Mint UI" tab also shows a completely blank page at `192.168.42.101:8790/#/button`. Both Mint UI tabs are blank.

Now I need to figure out why the page is blank. Let me try to open DevTools directly in this tab (not detached) to understand the error and potentially fix it. Let me press F12.
[step 52] Action: key: Escape
[step 52] Reasoning: Now I can see the DevTools is **docked** at the bottom of the Chrome window and I can see the full console. The console shows:

1. **`[HMR] Waiting for update signal from WDS...`**
2. **`Uncaught TypeError: Cannot read properties of undefined (reading '_LifecycleHooks')`** at `index.js:20`
   - Stack trace shows:
     - `at exports.install (app.js:2889:1), <anonymous>:20:18`
     - `at eval at ./example/app.vue (app.js:709:1), <anonymous>:30:10`
     - `at eval at ./example/app.vue (app.js:709:1), <anonymous>:38:3`
     - `at fn (app.js:84:20)`
     - etc.
3. **Vue development mode** messages
4. **`[WDS] Hot Module Replacement enabled.`**

The page is in fullscreen mode (there's a tooltip saying "若要退出全屏模式，请按住 esc"). Let me press Escape to exit fullscreen first.
[step 53] Action: left_click (1236, 57)
[step 53] Reasoning: Now I can see the DevTools is docked at the bottom of the Chrome browser window. The Console tab is showing the error clearly:

**Error:** `Uncaught TypeError: Cannot read properties of undefined (reading '_LifecycleHooks')` at `index.js:20`

The page content area is the white/blank area above the DevTools panel. The page appears to be entirely blank.

Let me look at the error more carefully. The error occurs in:
1. `exports.install` in `vue-hot-reload-api/dist/index.js` 
2. Called from `./example/app.vue`

The key thing I notice is: The error is happening in `app.vue` during the `install` call for the hot-reload API. This means the hot-reload API is trying to install on a Vue instance, but Vue doesn't have `_LifecycleHooks` defined. This could be:
1. A version mismatch between Vue and vue-hot-reload-api
2. A bug in the application setup

Since the page is blank, I cannot test the Button component behavior as described in the task. The Vue application has crashed.

However, let me try one approach: Let me check if perhaps there's a **different port** or URL where the page might work correctly. Let me also try to directly look at what's happening by inspecting the `app.js:709` file link to understand the structure.

But first, let me try clicking on the error link to see what's in the source file that's causing the issue:
[step 54] Action: left_click (40, 596)
[step 54] Reasoning: Now I can see the source code! This is the `vue-hot-reload-api/dist/index.js` file and **line 20** is highlighted in red (the error line).

Looking at the code:
- Line 19: `// compat with < 2.0.0-alpha.7`
- Line 20: `if (Vue.config._lifecycleHooks.indexOf('init') > -1) {` ← **THIS IS THE ERROR LINE**
- Line 21: `initHookName = 'init'`

The error `Cannot read properties of undefined (reading '_LifecycleHooks')` means that `Vue.config._lifecycleHooks` is `undefined`. This happens because:
- The `vue-hot-reload-api` is checking `Vue.config._lifecycleHooks` which is an internal property of Vue
- In newer versions of Vue (or Vue 3), this property doesn't exist

This confirms that there's a version incompatibility between `vue-hot-reload-api` and the Vue version being used.

**However**, looking at lines 15-18:
- Line 15: `Vue = vue.__esModule ? vue.default : vue`
- Line 16: `version = Vue.version.split('.').map(Number)`

If `Vue.config` is undefined, that means Vue itself might not be loading properly. OR `Vue.config._lifecycleHooks` doesn't exist in the Vue version being used.

The key question is: **Did this error cause the app to fail to mount?**

Looking at the call stack:
- The error is in `exports.install` in the hot-reload API
- Called from `./example/app.vue`
- This happens during the webpack module evaluation

Since this is in the initialization code of the hot-reload API, and the error is "Uncaught" (not caught anywhere), it would prevent the app from loading.

Let me go back to Console tab and try to understand if there's a way to get the page working. Let me click on the Console tab.
[step 55] Action: left_click (115, 8)
[step 55] Reasoning: I can see the Console at the bottom with the same errors. The DevTools still shows the Sources panel on top and Console drawer at the bottom.

Let me click the "Console" tab in the DevTools header to switch to the Console panel:
[step 56] Action: left_click (640, 225)
[step 56] Reasoning: Now I can see the Console tab is selected and I have a clear view of the DevTools Console. The console shows:

1. `[HMR] Waiting for update signal from WDS...` (at dev-server.js:49)
2. **`Uncaught TypeError: Cannot read properties of undefined (reading '_LifecycleHooks')`** (at index.js:20)
   - Stack trace showing it's from `vue-hot-reload-api/dist/index.js`
   - Called during `app.vue` evaluation
3. Vue development mode messages
4. `[WDS] Hot Module Replacement enabled.` (at client:38)

The `>` prompt at the bottom is where I can type JavaScript commands.

Let me try to type a JavaScript command to check what Vue version is loaded and if the app mounted:
[step 57] Action: left_click (640, 226)
[step 57] Reasoning: I can see the console but the input cursor seems to not be there yet. Let me click directly on the `>` prompt line to focus the input:
[step 58] Action: type: document.querySel...
[step 58] Reasoning: I can see the cursor is now in the console input area (`> |` - the cursor is blinking). Now let me type a command to check if there's any Vue instance or buttons on the page:
[step 59] Action: left_click (640, 237)
[step 59] Reasoning: The result shows `< 0` - which means there are **ZERO button elements** on the page. The page is completely empty - no Vue components are rendered because the Vue app crashed during initialization.

This confirms that the page is blank due to the Vue initialization error. The page cannot function as expected.

Now let me think about what to do. The task requires testing the Button component's disabled behavior. But the page is not rendering. 

Let me try a different approach: Let me use JavaScript to manually set up a test environment or find a way to get the page working. Let me check if the `app.vue` source code is accessible and what the Button component structure looks like.

Let me look at the app.vue file. From the stack trace, I saw the file is at `./example/app.vue`. Let me also look at the vue-hot-reload-api issue more carefully.

Actually, let me try to check if the `Vue` global is available and what version it is:
[step 60] Action: left_click (640, 237)
[step 60] Reasoning: Good, I can see the console shows `< 0` for the button count query. Now I have a clear view. Let me try a smarter approach to make the Vue app work.

Looking at the error, the issue is in `vue-hot-reload-api` at line 20 which tries to access `Vue.config._lifecycleHooks`. This is an issue with the vue-hot-reload-api version. 

Let me try to **patch the error** using the Console. I can override the `Vue.config._lifecycleHooks` to be an array, which should fix the hot-reload API issue:

Actually, that won't work because the error is uncaught synchronously during module initialization - the damage is already done. The modules never finished loading.

Let me try a different approach: Can I bypass the HMR initialization error by patching `Vue` before the app initializes? No, that won't work either because the app.js is already loaded as a bundle.

Let me look at this from a different angle. The vue-hot-reload-api at line 20 has:
```javascript
if (Vue.config._lifecycleHooks.indexOf('init') > -1) {
```

The error is `Cannot read properties of undefined (reading '_LifecycleHooks')` - which means `Vue.config._lifecycleHooks` is `undefined`. 

In Vue 2.0.0-alpha.7 and later, `_lifecycleHooks` was removed from `Vue.config`. So either:
1. The `vue-hot-reload-api` is too old and expects an older Vue version
2. OR Vue itself isn't loading properly

Let me check if Vue is available in the global scope:
[step 61] Action: type: typeof Vue !== 'u...
[step 61] Reasoning: The console input cursor is at the `>` prompt. Let me type a command to check if Vue is available and what version:
[step 62] Action: key: Escape
[step 62] Reasoning: Interesting! The command I typed appears in the console but the result is not shown yet (the text is `> document.querySelectorAll('button').lengthtype Vue !== 'undefined' ? Vue.version : 'Vue not found globally'`). It seems like my text got appended to the previous command text rather than starting fresh.

But I can also see new errors in the console:
1. **`WebSocket connection to 'ws://192.168.42.101:8790/sockjs-node/846/2kzczeai/websocket' failed:`** - The WebSocket connection failed (at websocket.js:6)
2. **`[WDS] Disconnected!`** - The Webpack Dev Server disconnected (at client:42)

This means the dev server is also having issues. The WebSocket connection was lost.

Let me clear the console and start fresh. Let me press Escape to cancel the current command and try to clear the console.
[step 63] Action: triple_click
[step 63] Reasoning: I can see the console input area shows the concatenated command text that was typed. The WebSocket errors from before are gone (they seem to be transient). 

The console input now shows: `> document.querySelectorAll('button').lengthtype Vue !== 'undefined' ? Vue.version : 'Vue not found globally'`

This is the concatenated text from both my commands. The Escape key cancelled the input. Let me now try pressing Ctrl+A to select all text in the input, then delete it, and type a fresh command.
[step 64] Action: key: ctrl+a
[step 64] Reasoning: I can see the console input still shows the same concatenated command. The triple click might have selected the text in the input. Now let me delete it and type a proper command. Let me press Ctrl+A to select all and then delete:
[step 65] Action: key: Delete
[step 65] Reasoning: Good. The text in the console input `> document.querySelectorAll('button').lengthtype Vue !== 'undefined' ? Vue.version : 'Vue not found globally'` is still there. Looking at it, the text at the bottom is the input prompt text. Let me delete it.
[step 66] Action: key: ctrl+a
[step 66] Reasoning: I see that the text in the console input changed slightly (`d` was deleted from the beginning of `document`, showing `ocument.querySelectorAll...`). The console input text is being modified character by character. 

Let me clear this by pressing Ctrl+A followed by Backspace to delete all text, then type the command fresh. Let me use the keyboard shortcut more efficiently:
[step 67] Action: key: ctrl+k
[step 67] Reasoning: The text in the console input is now selected (I can see the cursor is at the beginning of the input). The text shows `> |ocument.querySelectorAll('button').lengthtypeof Vue !== 'undefined' ? Vue.version : 'Vue not found globally'`. 

Let me try clearing it with Backspace and then pressing Escape to ensure we have a clean console input:
[step 68] Action: left_click (640, 225)
[step 68] Reasoning: The console input is now clean - I can see just the `>` prompt at the bottom left. The Ctrl+K shortcut cleared the line to end. Now I have a clean console input.

Let me now type a command to check the `#app` div's innerHTML:
[step 69] Action: left_click (205, 8)
[step 69] Reasoning: Good. The console shows the `>` prompt is clean and ready for input. Now let me look at the situation more holistically:

**The page is completely blank because:**
1. The Vue application crashed with `TypeError: Cannot read properties of undefined (reading '_LifecycleHooks')`
2. This happened in `vue-hot-reload-api` code which is the HMR (Hot Module Replacement) system
3. The `#app` div is empty (confirmed by `document.querySelectorAll('button').length === 0`)

**The root cause:** The `vue-hot-reload-api` v2.x (which is older) expects `Vue.config._lifecycleHooks` which was an internal API of Vue 2.0.0-alpha versions. In the current Vue version being used, this property doesn't exist.

However, the error in `exports.install` means the entire `vue-hot-reload-api` module failed to initialize, which caused a chain reaction making the entire `app.js` bundle fail to execute properly.

Let me now think about the real task. The task says:
> "当前 Chrome 浏览器已打开 mint-ui 的 Button 组件示例页面" (Chrome has already opened the Mint UI Button component example page)

But when I look at the page, it's blank. This suggests that:
1. Either the page was working before I started (but my screenshots show it was blank from the beginning)
2. OR the page has a bug that prevents it from rendering

Looking at the very first screenshot I took, the Chrome browser was showing... wait, I didn't get a screenshot initially! Let me review the very first screenshot again.

Actually, I don't have the very first screenshot in my memory anymore since I've taken multiple screenshots. But from my initial analysis, the Chrome browser showed a mostly blank white page even at the start.

Let me try a completely different approach - let me try to access the page by clearing the browser's cache for this site and reloading. Let me use the address bar to navigate.

Actually, wait - looking at this problem from a different angle: The task requires testing whether the disabled button fires click events. Even if the page IS blank due to this Vue error, I can still potentially construct a test case manually using JavaScript in the console to create Vue instances with mint-ui buttons.

But that would be a complex task and not what the test is asking for (it's asking to test the actual rendered page).

Let me try one more thing: Let me look at the bundle source code to understand the `vue-hot-reload-api` issue. The error shows `index.js:20` - let me look at the **actual content** of the `app.js` webpack bundle to find the `vue-hot-reload-api` module and understand if we can patch it.

Looking at the error:
```
at exports.install (app.js:2889:1)
```

This is in the webpack bundle at line 2889. Let me try to open the `app.js` file using the Sources tab to look at what's happening.

Actually, let me try a completely different approach. Let me look at the **network source** to see if maybe the app.js bundle is serving from a different location, and if I can access the source files to understand the test setup.

But the most important approach right now: Let me try to look at the Sources tab to understand the bundle structure and see if I can patch the `vue-hot-reload-api` issue.

Actually, wait. Looking at the previous console history:
- `[HMR] Waiting for update signal from WDS...` - WDS means Webpack Dev Server
- `[WDS] Hot Module Replacement enabled.` - HMR is enabled
- `[WDS] Disconnected!` - But then the dev server disconnected

The Webpack Dev Server (WDS) disconnected. This means the development server itself might have stopped running. This would explain why the page is blank - the webpack dev server that serves the `app.js` bundle might be down or having issues.

Let me check the Network tab to see if `app.js` is being loaded successfully:

==================================================
Task: 当前 Chrome 浏览器已打开 mint-ui 的 Button 组件示例页面（http://192.168.42.101:8790/#/button）。

请测试 mint-ui 的 Button 组件在 disabled 状态下的点击行为：

1. 观察页面中的按钮，找到呈现为 disabled（禁用）状态的按钮（通常颜色偏淡/灰色）。
2. 点击该禁用按钮的中心位置和边缘位置，观察是否有任何视觉反馈或事件触发。
3. 打开浏览器 DevTools Console（按 F12 → Console 标签），查看点击禁用按钮时是否在控制台产生了输出（说明 click 事件被触发了）。
4. 对比点击启用（非 disabled）状态的按钮，确认正常按钮的 click 事件是否正常触发。

重点观察：disabled 按钮被点击时是否触发了 click 事件。如果禁用按钮点击后有反应（如控制台输出、视觉反馈），则说明 bug 存在。

始终在浏览器内操作，禁止打开 Terminal、Finder 或其他应用程序。
Status: STOPPED_BY_USER
Total steps: 69
Last action: left_click (205, 8)
Last reasoning: Good. The console shows the `>` prompt is clean and ready for input. Now let me look at the situation more holistically:

**The page is completely blank because:**
1. The Vue application crashed with `TypeError: Cannot read properties of undefined (reading '_LifecycleHooks')`
2. This happened in `vue-hot-reload-api` code which is the HMR (Hot Module Replacement) system
3. The `#app` div is empty (confirmed by `document.querySelectorAll('button').length === 0`)

**The root cause:** The `vue-hot-reload-api` v2.x (which is older) expects `Vue.config._lifecycleHooks` which was an internal API of Vue 2.0.0-alpha versions. In the current Vue version being used, this property doesn't exist.

However, the error in `exports.install` means the entire `vue-hot-reload-api` module failed to initialize, which caused a chain reaction making the entire `app.js` bundle fail to execute properly.

Let me now think about the real task. The task says:
> "当前 Chrome 浏览器已打开 mint-ui 的 Button 组件示例页面" (Chrome has already opened the Mint UI Button component example page)

But when I look at the page, it's blank. This suggests that:
1. Either the page was working before I started (but my screenshots show it was blank from the beginning)
2. OR the page has a bug that prevents it from rendering

Looking at the very first screenshot I took, the Chrome browser was showing... wait, I didn't get a screenshot initially! Let me review the very first screenshot again.

Actually, I don't have the very first screenshot in my memory anymore since I've taken multiple screenshots. But from my initial analysis, the Chrome browser showed a mostly blank white page even at the start.

Let me try a completely different approach - let me try to access the page by clearing the browser's cache for this site and reloading. Let me use the address bar to navigate.

Actually, wait - looking at this problem from a different angle: The task requires testing whether the disabled button fires click events. Even if the page IS blank due to this Vue error, I can still potentially construct a test case manually using JavaScript in the console to create Vue instances with mint-ui buttons.

But that would be a complex task and not what the test is asking for (it's asking to test the actual rendered page).

Let me try one more thing: Let me look at the bundle source code to understand the `vue-hot-reload-api` issue. The error shows `index.js:20` - let me look at the **actual content** of the `app.js` webpack bundle to find the `vue-hot-reload-api` module and understand if we can patch it.

Looking at the error:
```
at exports.install (app.js:2889:1)
```

This is in the webpack bundle at line 2889. Let me try to open the `app.js` file using the Sources tab to look at what's happening.

Actually, let me try a completely different approach. Let me look at the **network source** to see if maybe the app.js bundle is serving from a different location, and if I can access the source files to understand the test setup.

But the most important approach right now: Let me try to look at the Sources tab to understand the bundle structure and see if I can patch the `vue-hot-reload-api` issue.

Actually, wait. Looking at the previous console history:
- `[HMR] Waiting for update signal from WDS...` - WDS means Webpack Dev Server
- `[WDS] Hot Module Replacement enabled.` - HMR is enabled
- `[WDS] Disconnected!` - But then the dev server disconnected

The Webpack Dev Server (WDS) disconnected. This means the development server itself might have stopped running. This would explain why the page is blank - the webpack dev server that serves the `app.js` bundle might be down or having issues.

Let me check the Network tab to see if `app.js` is being loaded successfully:

==================================================

UI window closed
