Session created: sess-20260419195711-329c15fcef634b9f9ed33f2e8fb9e330
UI panel initialized successfully
UI window displayed
Expected result: 正常按钮点击后 Click Log 出现绿色记录。禁用按钮点击后如果 Click Log 出现红色 'BUG: disabled button fired click!' 记录，说明 bug 已复现。
[step 0] Action: Initializing
[step 0] Reasoning: Initializing session connection
[step 0] Action: screenshot
[step 1] Action: left_click (426, 187)
[step 1] Reasoning: I can see the test page clearly. Let me observe the current state:
- **Normal Buttons**: "default (normal)" (gray/white) and "primary (normal)" (blue)
- **Disabled Buttons**: "default (DISABLED)" (gray text, no background), "primary (DISABLED)" (light blue), "danger (DISABLED)" (light red/pink)
- **Click Log**: Shows "0 events" with placeholder text

Now let me proceed with the steps. First, I'll click the 'primary (normal)' blue button.
[step 2] Action: left_click (426, 239)
[step 2] Reasoning: **Step 1 Result**: ✅ Clicking 'primary (normal)' worked correctly. The Click Log now shows "1 events" with the entry "19:57:30 – normal-primary clicked! OK" in green text.

Now let me proceed to Step 2 - clicking the 'default (DISABLED)' gray button.
[step 3] Action: left_click (426, 270)
[step 3] Reasoning: **Step 2 Result**: 🐛 **BUG DETECTED!** Clicking the 'default (DISABLED)' button triggered a click event! The Click Log now shows "2 events":
- A **red** entry: "19:57:38 – DISABLED-default clicked! ⚠ BUG: disabled button fired click!"
- The previous green entry: "19:57:30 – normal-primary clicked! OK"

This is a bug - a disabled button should NOT fire click events.

Now let me proceed to Step 3 - clicking the 'primary (DISABLED)' light blue button.
[step 4] Action: left_click (426, 301)
[step 4] Reasoning: **Step 3 Result**: 🐛 **BUG DETECTED AGAIN!** Clicking the 'primary (DISABLED)' button also triggered a click event! The Click Log now shows "3 events":
- **Red**: "19:57:48 – DISABLED-primary clicked! ⚠ BUG: disabled button fired click!"
- **Red**: "19:57:38 – DISABLED-default clicked! ⚠ BUG: disabled button fired click!"
- **Green**: "19:57:30 – normal-primary clicked! OK"

Both disabled buttons are incorrectly firing click events. Now let me proceed to Step 4 - clicking the 'danger (DISABLED)' light red/pink button.
[step 5] Action: screenshot
[step 5] Reasoning: **Step 4 Result**: 🐛 **BUG DETECTED AGAIN!** The 'danger (DISABLED)' button also fired a click event! The Click Log now shows "4 events":
- **Red**: "19:57:58 – DISABLED-danger clicked! ⚠ BUG: disabled button fired click!"
- **Red**: "19:57:48 – DISABLED-primary clicked! ⚠ BUG: disabled button fired click!"
- **Red**: "19:57:38 – DISABLED-default clicked! ⚠ BUG: disabled button fired click!"
- **Green**: "19:57:30 – normal-primary clicked! OK"

Now let me take a final screenshot to record the complete Click Log state.
[step 6] Action: DONE
[step 6] Reasoning: 以下是测试的完整结果报告：

---

## 测试结果总结

### ✅ 步骤 1：点击 'primary (normal)' 蓝色按钮
- **结果**：正常 ✅
- Click Log 出现**绿色**记录：`19:57:30 – normal-primary clicked! OK`

---

### 🐛 步骤 2：点击 'default (DISABLED)' 灰色禁用按钮
- **结果**：**BUG！** ❌
- Click Log 出现**红色**记录：`19:57:38 – DISABLED-default clicked! ⚠ BUG: disabled button fired click!`
- 禁用按钮不应触发点击事件，但实际上触发了

---

### 🐛 步骤 3：点击 'primary (DISABLED)' 浅蓝色禁用按钮
- **结果**：**BUG！** ❌
- Click Log 出现**红色**记录：`19:57:48 – DISABLED-primary clicked! ⚠ BUG: disabled button fired click!`
- 禁用按钮仍然响应点击事件

---

### 🐛 步骤 4：点击 'danger (DISABLED)' 浅红色禁用按钮
- **结果**：**BUG！** ❌
- Click Log 出现**红色**记录：`19:57:58 – DISABLED-danger clicked! ⚠ BUG: disabled button fired click!`
- 禁用按钮同样响应点击事件

---

### 📊 最终 Click Log 状态（4 events）

| 时间 | 记录 | 颜色 |
|------|------|------|
| 19:57:58 | DISABLED-danger clicked! ⚠ BUG: disabled button fired click! | 🔴 红色 |
| 19:57:48 | DISABLED-primary clicked! ⚠ BUG: disabled button fired click! | 🔴 红色 |
| 19:57:38 | DISABLED-default clicked! ⚠ BUG: disabled button fired click! | 🔴 红色 |
| 19:57:30 | normal-primary clicked! OK | 🟢 绿色 |

---

### 🐛 **结论：发现严重 Bug**
mint-ui Button 组件的 **`disabled` 属性无法阻止点击事件传播**。三个禁用按钮（default、primary、danger）全部在点击时触发了 click 事件，这违反了禁用按钮不应响应用户交互的基本行为规范。这是该 "Buggy Commit" 版本中的核心功能缺陷。
Evaluating task result...

==================================================
Task: Chrome 浏览器已打开 mint-ui Button 禁用点击测试页面 (http://localhost:8790/test-button.html)。

页面上有两组按钮和一个 Click Log 区域：
- 上方：Normal Buttons - default(normal) 和 primary(normal) 两个正常按钮
- 中间：Disabled Buttons - default(DISABLED)、primary(DISABLED)、danger(DISABLED) 三个禁用按钮  
- 下方：Click Log 区域显示点击记录

请按顺序操作：
1. 点击 'primary (normal)' 蓝色按钮 → Click Log 应出现绿色记录
2. 点击 'default (DISABLED)' 灰色禁用按钮 → 观察 Click Log 是否出现红色记录
3. 点击 'primary (DISABLED)' 浅蓝色禁用按钮 → 观察 Click Log
4. 点击 'danger (DISABLED)' 浅红色禁用按钮 → 观察 Click Log
5. 截图记录最终的 Click Log 状态

重要：禁止打开 DevTools、Terminal 或任何其他应用程序。只在浏览器页面内点击按钮。
Status: COMPLETED
Total steps: 6
Last action: DONE
Last reasoning: 以下是测试的完整结果报告：

---

## 测试结果总结

### ✅ 步骤 1：点击 'primary (normal)' 蓝色按钮
- **结果**：正常 ✅
- Click Log 出现**绿色**记录：`19:57:30 – normal-primary clicked! OK`

---

### 🐛 步骤 2：点击 'default (DISABLED)' 灰色禁用按钮
- **结果**：**BUG！** ❌
- Click Log 出现**红色**记录：`19:57:38 – DISABLED-default clicked! ⚠ BUG: disabled button fired click!`
- 禁用按钮不应触发点击事件，但实际上触发了

---

### 🐛 步骤 3：点击 'primary (DISABLED)' 浅蓝色禁用按钮
- **结果**：**BUG！** ❌
- Click Log 出现**红色**记录：`19:57:48 – DISABLED-primary clicked! ⚠ BUG: disabled button fired click!`
- 禁用按钮仍然响应点击事件

---

### 🐛 步骤 4：点击 'danger (DISABLED)' 浅红色禁用按钮
- **结果**：**BUG！** ❌
- Click Log 出现**红色**记录：`19:57:58 – DISABLED-danger clicked! ⚠ BUG: disabled button fired click!`
- 禁用按钮同样响应点击事件

---

### 📊 最终 Click Log 状态（4 events）

| 时间 | 记录 | 颜色 |
|------|------|------|
| 19:57:58 | DISABLED-danger clicked! ⚠ BUG: disabled button fired click! | 🔴 红色 |
| 19:57:48 | DISABLED-primary clicked! ⚠ BUG: disabled button fired click! | 🔴 红色 |
| 19:57:38 | DISABLED-default clicked! ⚠ BUG: disabled button fired click! | 🔴 红色 |
| 19:57:30 | normal-primary clicked! OK | 🟢 绿色 |

---

### 🐛 **结论：发现严重 Bug**
mint-ui Button 组件的 **`disabled` 属性无法阻止点击事件传播**。三个禁用按钮（default、primary、danger）全部在点击时触发了 click 事件，这违反了禁用按钮不应响应用户交互的基本行为规范。这是该 "Buggy Commit" 版本中的核心功能缺陷。

==================================================

UI window closed
