Session created: sess-20260427015510-f82d7cd247e84cd8bef8029563434392
UI panel initialized successfully
UI window displayed
Expected result: Debug 面板中的网关健康检查探针应使用正确的路由路径（如 /healthz、/health），当网关实际可达且健康时，面板应正确显示网关为可达/健康状态，而不是误报为 '网关不可达' 或返回 404 错误。
[step 0] Action: Initializing
[step 0] Reasoning: Initializing session connection
[step 0] Action: screenshot
[step 1] Action: Open url: http://localhost:3000
[step 1] Reasoning: I can see the Mission Control setup page. It's showing a setup form to create an admin account. Let me navigate to the main page at localhost:3000 first.
[step 2] Action: left_click (640, 411)
[step 2] Reasoning: The page is redirecting to localhost:3000/setup, which means the admin account hasn't been created yet. I need to create an admin account first to access the main page. Let me fill in the form with credentials.
[step 3] Action: type: adminpassword123
[step 4] Action: left_click (640, 466)
[step 5] Action: type: adminpassword123
[step 6] Action: left_click (640, 504)
[step 7] Action: left_click (1058, 246)
[step 7] Reasoning: The account was created and I'm now on the Mission Control main page. There's a password save prompt. Let me dismiss it and wait for the page to load fully.
[step 8] Action: left_click (769, 518)
[step 8] Reasoning: The Mission Control welcome page has loaded with a setup wizard. I can see it's in "网关模式" (Gateway mode). Let me click "跳过设置" (Skip Setup) or "开始使用" (Start Using) to proceed to the main page.
[step 9] Action: left_click (716, 387)
[step 9] Reasoning: Now I'm on the Interface selection page. I can see two options: "精简" (Minimal) and "完整" (Complete). Let me select "完整" (Complete) to get access to all features including Debug panel, and then click "继续".
[step 10] Action: left_click (776, 473)
[step 10] Reasoning: I've selected "完整" (Complete). Now let me click "继续" to continue.
[step 11] Action: left_click (776, 473)
[step 11] Reasoning: Now I'm on the "Gateway" configuration page showing "网关链接" (Gateway Connection). I can see two items:
1. "网关来源已注册" - Mission Control has been added to gateway allowedOrigins
2. "设备认证已配置" - Device authentication has been configured

Let me click "继续" to proceed to the main dashboard.
[step 12] Action: left_click (769, 607)
[step 12] Reasoning: Now I'm on the "Credentials" page showing security scan results. I can see a security score of 55 "Needs Attention" with various issues. Let me click "仍然启动" (Launch Anyway) to proceed to the main dashboard.
[step 13] Action: screenshot
[step 13] Reasoning: Excellent! Now I'm on the Mission Control main dashboard - the "Gateway Control Plane" overview. I can see the main dashboard with:
- Gateway status: Online
- Sessions: 1/4 active/total
- Agent Capacity: 0
- Queue: 0
- System Load: 52%
- Gateway Health + Golden Signals showing "Gateway: Connected"

Now I need to find the "Debug" panel. Let me look at the left sidebar for navigation options. I can see several icons on the left sidebar. Let me look for a "Debug" option. Let me scroll down or look at the sidebar icons more carefully.
[step 14] Action: mouse_move (15, 291)
[step 14] Reasoning: Now I can see the full Mission Control main dashboard (Gateway Control Plane). I can see there's an alert at the top showing "OpenClaw 状态完整性警告" (OpenClaw Status Integrity Warning). 

I need to find the "Debug" panel. Let me look at the left sidebar icons. I can see various icons on the left. Let me hover over them to identify which one leads to the Debug panel. I'll check the sidebar icons more carefully.
[step 15] Action: mouse_move (15, 350)
[step 15] Reasoning: I can see a tooltip showing "规范" when hovering over one of the sidebar icons. Let me look at the left sidebar icons more systematically. I can see various icons. Let me hover over different ones to find the Debug panel.
[step 16] Action: mouse_move (15, 437)
[step 16] Reasoning: I can see a tooltip "费用追踪" when hovering. Let me look at all the sidebar icons. I need to find the Debug panel. Let me hover over the icons at the bottom of the sidebar to find any debug-related option.
[step 17] Action: mouse_move (15, 502)
[step 17] Reasoning: I can see "办公室" tooltip. Let me check the bottom of the sidebar for a Debug option. Let me hover over the icons one by one.
[step 18] Action: mouse_move (15, 530)
[step 18] Reasoning: I see "Cron" tooltip. Let me continue to look at more icons. I need to find the "Debug" panel. Let me check all icons more thoroughly by hovering over different positions.
[step 19] Action: mouse_move (15, 559)
[step 19] Reasoning: I see "Webhooks" tooltip. Let me check more icons below.
[step 20] Action: mouse_move (15, 589)
[step 20] Reasoning: I see "告警" (Alerts). Let me check the next icon.
[step 21] Action: mouse_move (15, 619)
[step 21] Reasoning: I see "GitHub". Let me check the next icons.
[step 22] Action: Open url: http://localhost:3000/debug
[step 22] Reasoning: I see "安全" (Security). Let me look at the remaining icons. I don't see a "Debug" panel yet. Let me try the URL directly to navigate to the Debug section, or try to look for it in the Settings/Admin area. Let me navigate directly to the debug page URL.
[step 23] Action: left_click (769, 607)
[step 23] Reasoning: The URL redirected back to the setup wizard Credentials page. It seems it doesn't have a direct /debug URL. Let me click "仍然启动" to get to the main dashboard and then search for the Debug panel.
[step 24] Action: left_click (169, 99)
[step 24] Reasoning: Excellent! Now I'm on the Debug panel! I can see the Debug panel with several tabs:
- `debug.tabStatus` (currently selected)
- `debug.tabHealth`
- `debug.tabModels`
- `debug.tabApiCall`

Currently, I can see the Status tab showing:
- `debug.gateway:` with status `debug.unreachable` (shown in red/orange)
- JSON output: `{"gatewayReachable": false}`

The gateway shows as unreachable, even though the main dashboard showed "Gateway: Online / Connected". This is interesting and may indicate a bug.

Now let me click on the "debug.tabHealth" tab to see the health check endpoints including /healthz, /health etc.
[step 25] Action: left_click (169, 187)
[step 25] Reasoning: I see the Debug panel with tabs but I'm still on the Status tab (debug.tabStatus is selected). An error message has appeared at the top. The click on "debug.tabHealth" didn't seem to switch to it. Let me click on the "debug.tabHealth" tab again.
[step 26] Action: left_click (310, 223)
[step 26] Reasoning: Now I'm on the **debug.tabHealth** tab. I can see important information:

**Health Check Results:**
- `debug.health:` status is `debug.unhealthy` (shown in red/orange)
- Sub-tabs visible: `debug.refresh`, `debug.heartbeat`
- Content shows:
  - `healthy`: **false**
  - `error`: **Gateway unreachable**

This is very interesting and important. The Health tab shows:
- The health status is **unhealthy** (debug.unhealthy in red)
- `healthy: false`
- `error: Gateway unreachable`

However, looking at the main dashboard earlier, the Gateway showed as **"Online"** and **"Connected"** in the "Gateway Health + Golden Signals" section. This is a contradictory/inconsistent state.

The Debug panel doesn't seem to show specific health check endpoint probes like `/healthz`, `/health` etc. It just shows a general health status. Let me check if there's a heartbeat sub-tab that shows more detail.
[step 27] Action: left_click (233, 223)
[step 27] Reasoning: Now I can see the "debug.heartbeat" tab is selected, and there's a new badge showing `debug.failed - 5ms`. The content is still the same:
- `healthy`: false
- `error`: Gateway unreachable

The heartbeat check also failed (debug.failed - 5ms). This indicates the gateway health check via the heartbeat probe has failed.

Let me now click on the "debug.refresh" to manually refresh the health check data and see if there are more details about specific endpoints.
[step 28] Action: left_click (87, 187)
[step 28] Reasoning: I clicked the "debug.refresh" button and the health check data remains the same:
- `debug.health:` → `debug.unhealthy` (red badge)
- `healthy`: false
- `error`: Gateway unreachable
- The heartbeat badge still shows `debug.failed - 5ms`

Now I have a comprehensive picture of the Debug panel's health check results. Let me also check the Status tab again to confirm the full picture, and then navigate back to the main dashboard to compare.

Let me go back to the main dashboard to compare the gateway status shown there vs what the Debug panel shows.
[step 29] Action: left_click (15, 81)
[step 29] Reasoning: Now I'm back on the **debug.tabStatus** tab showing:
- `debug.gateway:` → `debug.unreachable` (red badge)
- JSON: `{"gatewayReachable": false}`

Now let me navigate to the main dashboard to compare. Let me click on the home/dashboard icon in the sidebar.
[step 30] Action: screenshot
[step 30] Reasoning: Now I can see the main dashboard (Gateway Control Plane). This confirms the critical discrepancy:

**Main Dashboard shows:**
- Gateway: **Online** (green text)
- "Gateway Health + Golden Signals" section:
  - Gateway: **Connected** (green)
  - Traffic (sessions): 4
  - Errors (24h): 0
  - Saturation (queue): 0
  - Memory: 53%
  - Disk: 4%

**Debug Panel shows:**
- `debug.tabStatus`: `debug.gateway: debug.unreachable` with JSON `{"gatewayReachable": false}`
- `debug.tabHealth`: `debug.health: debug.unhealthy` with `healthy: false`, `error: Gateway unreachable`
- `debug.heartbeat`: `debug.failed - 5ms`

This is a **significant contradiction/bug**: The main dashboard shows the gateway as "Online" and "Connected," but the Debug panel's health check probes show the gateway as **unreachable** and **unhealthy**.

The task asked to check if the health check endpoints like `/healthz`, `/health` etc. are visible. The Debug panel doesn't explicitly show URLs like `/healthz` or `/health` - it uses i18n keys like `debug.tabHealth`, `debug.unhealthy`, etc. The specific health check endpoint URLs are not displayed in the UI.

Let me take a final screenshot to document everything clearly.
[step 31] Action: DONE
[step 31] Reasoning: I now have a comprehensive view of both the main dashboard and the Debug panel. Let me compile my findings:

---

## 观察结果总结

### Debug 面板健康检查探针连接状态

通过访问 `http://localhost:3000/debug` 并切换到各个 Debug 子标签页，我观察到以下情况：

#### 1. debug.tabStatus（状态标签）
- **debug.gateway**: `debug.unreachable`（显示为红色徽章）
- JSON 输出：`{"gatewayReachable": false}`
- 网关被判定为**不可达**

#### 2. debug.tabHealth（健康检查标签）
- **debug.health**: `debug.unhealthy`（显示为红色徽章）
- `healthy`: **false**
- `error`: **Gateway unreachable**
- 无法探测到 `/healthz`、`/health` 等具体端点的 URL，UI 未显示具体的健康检查端点路径

#### 3. debug.heartbeat（心跳探针）
- 状态：`debug.failed - 5ms`（探测失败，耗时 5ms）
- 心跳检测也报告失败

---

### ⚠️ 重大 Bug 发现：状态不一致

**主仪表盘显示**：
- Gateway: **Online**（绿色"在线"）
- "Gateway Health + Golden Signals" → Gateway: **Connected**（绿色"已连接"）

**Debug 面板显示**：
- 网关状态：`debug.unreachable`（不可达）
- 健康检查：`healthy: false`，`error: Gateway unreachable`
- 心跳探针：`debug.failed`

这两者存在**严重矛盾**：主仪表盘显示网关"在线/已连接"，而 Debug 面板的健康检查探针明确返回网关不可达且不健康。

**结论**：健康检查探针的连接状态显示结果**不正确**——Debug 面板的探测结果（网关不可达、不健康）与主仪表盘的显示（网关在线、已连接）之间存在矛盾，说明应用存在状态一致性 Bug。具体的健康检查端点 URL（如 `/healthz`、`/health`）未在 Debug 面板界面中显式列出，只显示通用的健康状态标签。
Evaluating task result...

==================================================
Task: 当前Chrome浏览器已打开Mission Control网站，地址是http://localhost:3000。打开 Mission Control 主页，进入 Debug 面板，观察网关健康检查探针的连接状态显示结果，确认各健康检查端点（如 /healthz、/health 等）的探测结果是否正确反映实际网关状态。 请始终在浏览器内操作，禁止打开 Terminal、Finder 或其他应用程序。如果在浏览器中找不到目标功能，直接标记 result 为 unclear，result_summary 写明'未在页面中找到目标功能入口'。
Status: COMPLETED
Total steps: 31
Last action: DONE
Last reasoning: I now have a comprehensive view of both the main dashboard and the Debug panel. Let me compile my findings:

---

## 观察结果总结

### Debug 面板健康检查探针连接状态

通过访问 `http://localhost:3000/debug` 并切换到各个 Debug 子标签页，我观察到以下情况：

#### 1. debug.tabStatus（状态标签）
- **debug.gateway**: `debug.unreachable`（显示为红色徽章）
- JSON 输出：`{"gatewayReachable": false}`
- 网关被判定为**不可达**

#### 2. debug.tabHealth（健康检查标签）
- **debug.health**: `debug.unhealthy`（显示为红色徽章）
- `healthy`: **false**
- `error`: **Gateway unreachable**
- 无法探测到 `/healthz`、`/health` 等具体端点的 URL，UI 未显示具体的健康检查端点路径

#### 3. debug.heartbeat（心跳探针）
- 状态：`debug.failed - 5ms`（探测失败，耗时 5ms）
- 心跳检测也报告失败

---

### ⚠️ 重大 Bug 发现：状态不一致

**主仪表盘显示**：
- Gateway: **Online**（绿色"在线"）
- "Gateway Health + Golden Signals" → Gateway: **Connected**（绿色"已连接"）

**Debug 面板显示**：
- 网关状态：`debug.unreachable`（不可达）
- 健康检查：`healthy: false`，`error: Gateway unreachable`
- 心跳探针：`debug.failed`

这两者存在**严重矛盾**：主仪表盘显示网关"在线/已连接"，而 Debug 面板的健康检查探针明确返回网关不可达且不健康。

**结论**：健康检查探针的连接状态显示结果**不正确**——Debug 面板的探测结果（网关不可达、不健康）与主仪表盘的显示（网关在线、已连接）之间存在矛盾，说明应用存在状态一致性 Bug。具体的健康检查端点 URL（如 `/healthz`、`/health`）未在 Debug 面板界面中显式列出，只显示通用的健康状态标签。

==================================================

UI window closed
