Session created: sess-20260422182822-34ebb742b7d14d3f845eec96f5309a6b
UI panel initialized successfully
UI window displayed
Expected result: 页面刷新时应直接以用户之前选择的深色主题渲染，不应出现任何白色/亮色主题的短暂闪烁（flash），主题切换应平滑且在页面加载时立即生效。
[step 0] Action: Initializing
[step 0] Reasoning: Initializing session connection
[step 0] Action: screenshot
[step 1] Action: left_click (400, 400)
[step 1] Reasoning: I can see the Next Themes website is open at localhost:3000. There's a terminal window open in the background. Let me click on the Chrome browser to bring it to focus and interact with the page.
[step 2] Action: left_click (640, 389)
[step 2] Reasoning: Now I can see the Next Themes Example page clearly. The page shows:
- Title: "next-themes Example"
- A dropdown currently set to "Light"
- Links to "Forced Dark Page" and "Forced Light Page"

The current theme is "Light". I need to change it to dark mode using the dropdown. Let me click on the dropdown to change the theme to dark.
[step 3] Action: left_click (632, 362)
[step 3] Reasoning: The dropdown is open and shows three options: "System", "Dark", and "Light" (currently selected). I'll select "Dark" to switch to dark mode.
[step 4] Action: key: F5
[step 4] Reasoning: The theme has been successfully changed to "Dark" mode. The page now shows a dark background (black) with white text. The dropdown shows "Dark" selected. 

Now I need to refresh the page multiple times to observe if there's a brief flash of light color (white flash) during page loading. Let me refresh the page and take screenshots to observe the behavior.
[step 5] Action: key: cmd+r
[step 5] Reasoning: The page appears to have loaded quickly and is still showing dark mode. Let me try to refresh more quickly and capture the intermediate state. Let me use Cmd+R to refresh and quickly take a screenshot to catch any flash during loading.
[step 6] Action: key: cmd+shift+r
[step 6] Reasoning: The page is still in dark mode after the refresh. However, since these screenshots capture only the final state after page load, I need to use browser developer tools to better observe the flash of unstyled content (FOUC) behavior. Let me try refreshing more aggressively with a hard refresh and capture what happens during the loading phase by taking rapid screenshots.

Let me use Cmd+Shift+R (hard refresh) and immediately take screenshots to catch any flash:
[step 7] Action: key: F12
[step 7] Reasoning: The page still appears in dark mode. To properly detect the flash of unstyled content (FOUC - Flash of Unstyled Content), I should use Chrome's DevTools to analyze the page behavior. Let me open the DevTools and check the page source code to understand how the theme is being applied, particularly whether there's a script that prevents the flash.

Let me open Chrome DevTools to inspect the page source and check if there's a potential for FOUC:
[step 8] Action: left_click (67, 499)
[step 8] Reasoning: DevTools is now open. I can see the page in a mobile preview mode with dark theme active. The DevTools shows Console is selected. I notice there's "1 Issue" and "4 hidden" in the console. Let me click on "Elements" tab to inspect the HTML source and understand how the theme is being applied:
[step 9] Action: left_click (20, 536)
[step 9] Reasoning: I can see the Elements panel. I can see the HTML structure:
- `<!DOCTYPE html>`
- `<html data-theme="dark" style="color-scheme: dark;">`
- The `<html>` element has `data-theme="dark"` and `style="color-scheme: dark;"`

This is important! The theme is applied via `data-theme="dark"` attribute on the `<html>` element. For FOUC (Flash of Unstyled Content) prevention, next-themes should inject a script into the `<head>` that reads the theme from localStorage and applies it before the page renders.

Let me look at the `<head>` section to see if there's an inline script that prevents FOUC:
[step 10] Action: left_click (8, 535)
[step 10] Reasoning: I can see the `<head>` is selected and shows `<head> ... </head> == $0`. The head appears to be collapsed. I need to expand the head element to see its contents. Let me click on the triangle/arrow next to `<head>` to expand it:
[step 11] Action: left_click (57, 545)
[step 11] Reasoning: A context menu appeared. I can see options like "Expand recursively". Let me click that to expand the head contents:
[step 12] Action: scroll down (465, 590) scroll_amount 3
[step 12] Reasoning: Now I can see the `<head>` contents expanded. I can see:
- `<meta charset="utf-8">`
- `<meta name="viewport" content="width=device-width">`
- `<meta name="next-head-count" content="2">`
- `<noscript data-n-css></noscript>`
- `<script defer nomodule src="/_next/static/chunks/polyfills.js"></script>`
- Several other script tags with `defer` attribute

**Critical observation**: I need to look for an inline `<script>` tag that would prevent FOUC. The typical `next-themes` anti-FOUC mechanism injects an inline script in the `<head>` that reads the theme from localStorage and applies it immediately before the page renders.

Looking at the visible content, I can see all the script tags have `defer` attribute, which means they're deferred. The key question is whether there's an inline script (without `src` attribute) that handles the theme initialization.

I notice `<noscript data-n-css></noscript>` but I don't see any inline script for theme initialization. Let me scroll down in the elements panel to see if there are more elements, particularly looking for an inline script:
[step 13] Action: scroll down (465, 590) scroll_amount 3
[step 13] Reasoning: Now I can see more of the head content. I can see there's a `<style>` tag with CSS variables:
```css
:root {
  --fg: #000;
  --bg: #fff;
```

This is very interesting! The CSS uses `--fg: #000` (black foreground) and `--bg: #fff` (white background) in the `:root` selector. This suggests that the default CSS is set for light mode. Let me scroll down more to see if there's dark mode CSS:
[step 14] Action: scroll up (465, 590) scroll_amount 5
[step 14] Reasoning: Now I can see the complete CSS structure:

```css
:root {
  --fg: #000;
  --bg: #fff;
}

[data-theme='dark'] {
  --fg: #fff;
  --bg: #000;
}

html,
body {
  padding: 0;
  margin: 0;
```

This is very important! I can see:
1. The default (`:root`) CSS sets `--fg: #000` (black) and `--bg: #fff` (white) - which is the **light** mode
2. The `[data-theme='dark']` selector sets `--fg: #fff` and `--bg: #000` - for dark mode

Now, the critical question is: **Is there an inline script in the `<head>` that applies the dark theme before the page renders?**

Looking at what I saw in the Elements panel earlier, I saw multiple external script tags with `defer` attribute, but I **did NOT see** any inline script tag (without `src` attribute) that would read from localStorage and apply the theme early.

Let me scroll back up in the Elements panel to look for the inline script specifically:
[step 15] Action: left_click (114, 499)
[step 15] Reasoning: Now I can see the complete `<head>` section structure clearly. The head contains:
1. `<meta charset="utf-8">`
2. `<meta name="viewport" content="width=device-width">`
3. `<meta name="next-head-count" content="2">`
4. `<noscript data-n-css></noscript>`
5. `<script defer nomodule src="/_next/static/chunks/polyfills.js"></script>`
6. `<script src="/_next/static/chunks/webpack.js" defer></script>`
7. `<script src="/_next/static/chunks/main.js" defer></script>`
8. `<script src="/_next/static/chunks/pages/_app.js" defer></script>`
9. `<script src="/_next/static/chunks/pages/index.js" defer></script>`
10. `<script src="/_next/static/development/_buildManifest.js" defer></script>`
11. `<script src="/_next/static/development/_ssgManifest.js" defer></script>`
12. `<style>` ... (CSS with theme variables)

**Key finding**: There is **NO inline script** in the `<head>` for theme initialization. All scripts are external and use `defer`. This means the theme is applied only after JavaScript loads and executes, which happens AFTER the initial HTML render.

This is a potential FOUC bug. When the page first loads:
1. The browser renders the HTML/CSS with the default light theme (`:root` has `--bg: #fff`)
2. Later, after JS loads, the `data-theme="dark"` is applied to the `<html>` element
3. This creates a brief flash of the light (white) theme before the dark theme is applied

Let me use the DevTools Console to check the localStorage and verify the theme is stored there, and also use the Performance panel to observe the page load. Let me first check what's in localStorage:
[step 16] Action: left_click (640, 580)
[step 16] Reasoning: I'm now in the Console tab. I notice the page preview at the top has a light/white background area - the page preview seems to have a white background in the upper part while the actual Next Themes content area is dark. Let me use the Console to check localStorage for the theme value and also look at the source code:
[step 17] Action: type: localStorage.getI...
[step 17] Reasoning: The console input is ready. Let me type a command to check the localStorage theme value and also inspect the page's HTML structure related to the theme script injection:
[step 18] Action: key: Return
[step 18] Reasoning: I can see the console shows `localStorage.getItem('theme')` typed in. Let me press Enter to execute it:
[step 19] Action: left_click (640, 567)
[step 19] Reasoning: I can see the console output confirms that `localStorage.getItem('theme')` returns `'dark'`. The dark theme is correctly stored in localStorage.

Now I need to check the page source to see if there's an inline script that would apply the theme before page render. Let me view the page source to check for the theme initialization script:
[step 20] Action: left_click (640, 567)
[step 20] Reasoning: Now let me use the view-source to inspect the actual HTML source to look for the theme initialization script. I'll use the console to check if there's any script tag in the document head that handles theme:
[step 21] Action: type: document.querySel...
[step 21] Reasoning: Good. I can see the console prompt is active. Let me check for inline scripts in the head that might handle the theme (FOUC prevention):
[step 22] Action: left_click (138, 62)
[step 22] Reasoning: **Critical Finding!** The console shows:
- Command: `document.querySelectorAll('head script:not([src])').length`
- Result: **`0`**

This confirms that there are **ZERO inline scripts** in the `<head>` section. This is the key bug: `next-themes` should inject an inline script in the `<head>` to apply the theme from localStorage before the page renders. Without this inline script, the theme is only applied after React hydrates, which causes a **Flash of Unstyled Content (FOUC)** - a brief white/light flash when the page loads in dark mode.

Now let me view the page source to see the raw HTML and confirm this finding. Let me use `view-source:` in the address bar:
[step 23] Action: type: view-source:local...
[step 23] Reasoning: The address bar is active. Let me type the view-source URL to check the page source:
[step 24] Action: key: Return
[step 24] Reasoning: I can see the autocomplete showing `view-source:localhost:3000`. Let me press Enter to navigate to the page source:
[step 25] Action: left_click (640, 280)
[step 25] Reasoning: The page source is loading but appears mostly empty/white. The content seems to be in the preview area. Let me click on the page source area to see the content:
[step 26] Action: key: F12
[step 26] Reasoning: The page source appears empty/white - it seems the view-source is showing content in the mobile preview but it appears blank. This might be because the view-source is opening inside the DevTools mobile preview frame. Let me use Ctrl+F or Cmd+F to search the source, or navigate to the full tab. 

Let me click on the view-source tab to properly view it. I'll first close the DevTools to see the full page:
[step 27] Action: key: cmd+f
[step 27] Reasoning: Excellent! Now I can see the actual page source! This is extremely revealing! The first line of the HTML source shows:

```html
<!DOCTYPE html><html><head><style data-next-hide-fouc="true">body{display:none}</style><noscript data-next-hide-fouc="true"><style>body{display:block}</style>...
```

This is very interesting! I can see:
1. `<style data-next-hide-fouc="true">body{display:none}</style>` - This is the FOUC prevention technique where Next.js hides the body during loading
2. `<noscript data-next-hide-fouc="true"><style>body{display:block}</style>` - Fallback for no-script

The page source is a single long line. Let me zoom in to see the full content better, and specifically look for the inline theme script that should be present:
[step 28] Action: type: localStorage
[step 28] Reasoning: The search field is open but has "createFloatingWindow" text from before. Let me search for "localStorage" to find any theme initialization script:
[step 29] Action: key: Escape
[step 29] Reasoning: **VERY IMPORTANT FINDING!** The search shows `1/1` match for "localStorage" in the page source. I can see the inline script content:

```javascript
.matchMedia("(prefers-color-scheme: dark)").matches?"dark":"light"}if(u)p(u);else try{let a=localStorage.getItem(o)||s,g=l&&a==="system"?c...
```

This is the FOUC prevention inline script! It IS present in the HTML source. The script checks for the `localStorage` theme preference and applies it before the page renders.

Now I understand the full picture. The page source DOES contain an inline script for theme initialization. But the question is whether this script properly prevents the FOUC (white flash) when dark theme is set.

Let me close the search and view more of this script context. Let me escape the search and look at the content around it:
[step 30] Action: scroll left (640, 100) scroll_amount 5
[step 30] Reasoning: Now I can see more of the inline script. The visible part shows:

```javascript
.matchMedia("(prefers-color-scheme: dark)").matches?"dark":"light"}if(u)p(u);else try{let a=localStorage.getItem(o)||s,g=l&&a==="system"?c():a;p(g)}catch({}})("
```

This is the minified FOUC prevention script! The script reads the theme from localStorage and applies it. So the inline script IS present.

Now, the key question remains: **Does this prevent the white/light flash?**

Looking at the earlier console result where `document.querySelectorAll('head script:not([src])').length` returned `0`, this was checking the **current DOM after React hydration**, not the original HTML source. The inline script would have already executed and been parsed - but the DOM might have been modified by React hydration.

Actually wait - the console check showing `0` inline scripts is very significant. It means that the inline script was NOT present in the `<head>` as detected by the DOM query. But the view-source shows `localStorage` reference in the source...

Let me look more carefully at where in the HTML this script appears. Let me scroll to the left in the view-source to see the full beginning context:
[step 31] Action: scroll left (640, 100) scroll_amount 10
[step 31] Reasoning: Now I can see more! The text at the right side shows:
```javascript
...}catch({}})("data-theme","theme","syst...
```

This tells us the script is called with parameters `("data-theme","theme","syst...")` - These are the `attribute`, `storageKey`, and likely themes configuration passed to the IIFE.

Now let me look at the content to the right to see what element this script is in - I need to find if it's in a `<script>` tag:
[step 32] Action: left_click (166, 62)
[step 32] Reasoning: Excellent! Now I can clearly see the end of the inline script:

```javascript
...else try{let a=localStorage.getItem(o)||s,g=l&&a==="system"?c():a;p(g)}catch(a{}}})("data-theme","theme","system",null,["light","dark"],null,true,true)</script><...
```

**KEY FINDING**: The script ends with `</script>` - confirming it IS an inline script tag in the HTML source. And the parameters show:
- `"data-theme"` - the attribute to set on HTML element
- `"theme"` - the localStorage key
- `"system"` - the default theme
- `null` - 
- `["light","dark"]` - the available themes
- `null` - 
- `true` - enableSystem
- `true` - another boolean

The inline script IS present in the HTML source. The important logic:
1. It tries to get theme from localStorage (`localStorage.getItem(o)`)
2. If found, it applies it (`p(g)`)
3. The `p` function likely sets `data-theme` attribute on the HTML element

Now I need to check WHERE in the HTML this script is positioned. Is it at the beginning of `<head>` (before CSS), or does it come after? The position matters for FOUC prevention.

Looking at the earlier view-source, we saw:
```html
<!DOCTYPE html><html><head><style data-next-hide-fouc="true">body{display:none}</style><noscript data-next-hide-fouc="true"><style>body{display:block}</style>
```

This suggests there's a FOUC prevention mechanism using `body{display:none}` and then restoring it with `body{display:block}`. This approach hides the entire body content while the page loads, so there would be no visible flash.

However, the earlier DOM inspection showed `0` inline scripts! This is the contradiction. Let me go back to the main page to run more tests. Let me navigate back to localhost:3000:
[step 33] Action: type: localhost:3000
[step 34] Action: key: Return
[step 35] Action: key: F12
[step 35] Reasoning: The page has loaded and is showing the dark theme correctly. The page shows "next-themes Example" with "Dark" selected in the dropdown. The background is black (dark mode).

Now I need to observe the FOUC (Flash of Unstyled Content) behavior during page refresh. Let me use Chrome's Performance recording to properly detect the flash. But first, let me use the most effective approach: throttle the network and CPU to make the flash more visible, then take rapid screenshots during refresh.

Let me open DevTools and use the Performance tab with CPU throttling to slow things down enough to observe any FOUC:
[step 36] Action: left_click (270, 499)
[step 36] Reasoning: DevTools is open and I can see the mobile preview of the page in dark mode. The page is correctly showing dark mode. Now let me use the Performance tab with CPU throttling to slow things down enough to observe any FOUC. Let me click on "Performance" tab:
[step 37] Action: left_click (371, 517)
[step 37] Reasoning: The Performance tab is now open. I can see:
- **Largest Contentful Paint (LCP): 0.05s** - This is very fast, which suggests the dark theme is being applied early
- **Cumulative Layout Shift (CLS): 0** - No layout shifts
- **Interaction to Next Paint (INP): 8ms** - Good

The LCP of 0.05s (50ms) is very fast. This suggests the dark theme is being applied early via the inline script and the page is loading correctly without FOUC.

Now let me use the CPU throttle to artificially slow down JS execution to see if there's a FOUC. Let me look for throttling options. I can see there's a CPU throttling icon (the timer icon) in the performance toolbar. Let me click on the settings gear icon to access throttling settings:
[step 38] Action: left_click (27, 517)
[step 38] Reasoning: The CPU throttle button (the fire icon) didn't open a separate panel. Let me use the Performance Recorder approach. I'll click the record button and then refresh the page to capture the entire load sequence with screenshots. The "Screenshots" checkbox is already checked!

Let me click the record button (the circular record button) in the Performance tab:
[step 39] Action: key: cmd+r
[step 39] Reasoning: The Performance recording has started. I can see:
- Status: "Waiting for load event (+5s)..."
- Time: 1.8s
- Buffer usage bar

The recording is capturing performance data. Now I need to refresh the page during recording to capture the page load behavior. Let me press Cmd+R to reload:
[step 40] Action: scroll up (600, 570) scroll_amount 3
[step 40] Reasoning: Excellent! The Performance recording has completed and I can see a rich timeline! The page has reloaded successfully in dark mode. I can see:

- The Performance timeline shows the page load from ~0ms to ~5,320ms
- The page preview shows "next-themes Example" in dark mode ✓
- **CLS (Cumulative Layout Shift): 0** - No layout shifts!
- The "Passed insights (18)" section

The timeline shows screenshots (the small thumbnails at the top). Let me look at the frames section more closely. I can see some colored areas in the timeline - let me zoom into the beginning of the timeline where the initial render happens. Let me look at the screenshots thumbnails at the top of the timeline. I can see a dark thumbnail at the start!

Let me scroll up to see the screenshots row better:
[step 41] Action: left_click (175, 531)
[step 41] Reasoning: I can see a screenshot preview! The large preview pane on the right shows the page at a particular moment during recording. The screenshot shows "next-themes Example" with **Dark** selected in the dropdown, and the page has a **dark background** - this is good news!

I can see the timeline now with better detail. The "Range: 562ms – 4.63s" shows what's currently highlighted. Let me look at the beginning of the recording (0ms area) to see what happens at the very start of the page load. Let me look at the thumbnail strip at the top of the timeline. I can see there's a blue/dark thumbnail at around 200ms area.

Let me click on the very beginning of the timeline (0ms area) to see the initial frame:
[step 42] Action: left_click (166, 546)
[step 42] Reasoning: I can see the timeline is showing "4064 ms" for the current position. The thumbnails in the screenshot row show consistently dark mode frames throughout the load sequence. I need to examine the very beginning of the timeline to detect FOUC. Let me hover over the thumbnails to see the frames at the very beginning of the page load (around 0-500ms range).

Let me click on the very first thumbnail (far left) in the timeline:
[step 43] Action: key: Escape
[step 43] Reasoning: It looks like a popup appeared from the browser (possibly the "Always match Chrome's language" notification). The timeline still shows 4064ms. Let me use a different approach to examine the screenshots. Let me use the "Recorder" tab in DevTools instead to use the screenshot-based filmstrip approach. 

Actually, let me close this popup and try using the filmstrip viewer in the Performance panel. Let me look at the small thumbnails row that's visible - I can see them. Let me hover my mouse over the left edge of the screenshot strip to see the initial frames:
[step 44] Action: scroll left (700, 560) scroll_amount 10
[step 44] Reasoning: I notice the sidebar panel is still showing. I can see the screenshots strip in the timeline. Looking at the visible screenshot strip, all the thumbnails appear to be dark colored! This is very promising.

But I need to check the very beginning of the timeline more carefully. The performance panel is showing a range starting from about 1000ms. Let me scroll left in the timeline to see the very beginning of the recording:
[step 45] Action: mouse_move (166, 546)
[step 45] Reasoning: Excellent! Now I can see a much better view of the timeline! The performance panel now shows:

**Critical observation**: The screenshot preview panel on the right shows "next-themes Example" with **Dark** theme and a **dark/black background** - this is at approximately 4065ms mark.

Looking at the screenshots thumbnail strip at the top, I can see the frames starting from around 160ms. Let me look at the thumbnail at around 160ms (at the very beginning). 

I can also see:
- **Range: 86ms – 4.15s** 
- **1st party** scripting: 126ms
- Transfer size: 1,248 kB
- Main thread time: 100.0ms

The screenshot thumbnails appear dark throughout. But I need to look at what happens at the very very beginning (0ms-200ms range). Let me hover over the first visible thumbnail at the very left of the screenshot strip:
[step 46] Action: left_click (214, 499)
[step 46] Reasoning: I see the performance timeline but there's still a side panel visible. The screenshots strip shows mostly dark content throughout the entire recording period (1,000ms to 4,200ms).

I notice something important: the screenshots in the filmstrip appear to be all dark/black colored! This suggests the page is loading consistently in dark mode throughout.

However, the key issue is that I can't see the very beginning of the page load (0-200ms range). Let me try a different approach - use the Console tab to check if the page has a "flash" by examining the inline script more carefully.

Let me close the DevTools and use a slower network throttle approach. Let me click on "Network" tab:
[step 47] Action: left_click (265, 517)
[step 47] Reasoning: The Network tab is open. I can see the network requests. There's "Disable cache" checkbox and "No throttling" dropdown. The network shows only 1 request visible: `_devMiddlewareManifest.json` with status 200.

The bottom status bar shows: "1 / 10 requests | 0.2 kB / 1,248 kB transferred | 0.0 kB / 5,574 kB resources | Finish: 238 ms"

The page loaded in **238ms** total! This is very fast. Now, to properly observe FOUC, I need to throttle the network to make the JavaScript load slowly. Let me change "No throttling" to a slow 3G:
[step 48] Action: left_click (271, 565)
[step 48] Reasoning: A dropdown appeared with network throttling options:
- Presets
- Fast 4G
- Slow 4G
- **3G**
- Offline
- Custom

Let me select "Slow 4G" to make the network slow enough to observe FOUC during page load:
[step 49] Action: left_click (269, 499)
[step 49] Reasoning: "Slow 4G" is now selected as the network throttling setting! I can see "Slow 4G" in both the dropdown and the DPR area shows "Slow 4G". Now I need to:
1. Switch to Performance tab to record while reloading
2. Reload the page to observe FOUC with slow network

Let me first take a screenshot to capture the current state, then switch to Performance tab:
[step 50] Action: left_click (47, 517)
[step 50] Reasoning: I'm now in the Performance tab with the previous recording still visible. I can see the Performance panel is showing from the previous recording. The screenshots strip shows dark thumbnails throughout.

Now I need to take a new recording with Slow 4G throttling to observe FOUC. Let me click the "Record and reload" button (the circular arrow icon) at the top of the Performance toolbar. This will automatically start recording and reload the page:
[step 51] Action: wait
[step 51] Reasoning: **EXCELLENT FINDING!** This is a critical observation! 

Looking at the current screenshot during the page reload (with Slow 4G throttling):

**The page preview shows a COMPLETELY BLACK screen** - the entire preview area is black (no content visible yet). The status shows "Waiting for load event..." and Time: 1.8s.

Wait - I'm looking at this more carefully. The preview area shows a **dark/black** background during the loading process. This means:
1. Either the background is dark (dark mode is being applied correctly) 
2. Or the browser is showing a blank/empty page that happens to look black

The key question is: does the page flash white/light before going dark?

Looking at the current state - the preview area is ALL BLACK with no content. This could mean:
- The FOUC prevention (`body{display:none}`) is working - the body is hidden until the script runs
- But the background is showing as black (from the browser's default body background) or dark theme is applied early

Let me wait for the page to finish loading to see the final result:
[step 52] Action: scroll left (640, 565) scroll_amount 5
[step 52] Reasoning: **VERY IMPORTANT FINDINGS!** The performance recording has completed! Now I can see the new recording (localhost #2) with Slow 4G throttling. Let me analyze what I can see:

1. **Page Preview**: Shows "next-themes Example" with **Dark** theme and dark background ✓ (final state is correct)

2. **Timeline**: Shows from 0ms to ~12,914ms
   - There's an interesting section labeled "Navi..." (Navigation) at the bottom
   - Timeline shows ~572.4ms for navigation
   - **DCL (DOMContentLoaded): ~7,110ms**
   - **LCP (Largest Contentful Paint): at ~8,914ms**

3. **CLS: 0** - No layout shifts!

4. **The screenshot strip** - I need to examine this carefully! Looking at the thumbnails row, I can see the screenshots are appearing as dark throughout.

But I notice something critical: the LCP shows at **~8,914ms** which is very late (because of Slow 4G throttling). The key question is what happens during the initial render phase (0-7,000ms while HTML is loaded but before JS executes).

Let me scroll the timeline to see the beginning and examine the screenshots at the very start (0-1,000ms):
[step 53] Action: mouse_move (175, 548)
[step 53] Reasoning: Now I can see a large screenshot popup showing the page in dark mode! The screenshot is all black (dark background) with no content visible yet. This is the loading state - the body is hidden (`display:none`) while the page loads.

This is the key indicator: **during the page load with Slow 4G, the page shows as ALL BLACK (empty)** - this matches the FOUC prevention technique of `body{display:none}` in the inline style.

Looking at the right side of the timeline, I can see another screenshot (partially visible in the lower right) showing a completely black page again.

The screenshots between 914ms-12,914ms all appear to be dark! This suggests that the FOUC prevention IS working - the page shows dark (or empty black) throughout the load, and then finally shows the dark mode content.

Let me hover over different timestamps in the screenshot strip to see what the page looks like at different points:
[step 54] Action: mouse_move (450, 567)
[step 54] Reasoning: Now I can see the timeline more clearly! Looking at the bottom part of the timeline, I can see:
- The timeline is showing 3,914ms - 12,914ms range
- There are dark thumbnail screenshots visible at the bottom

The most important thing I notice: **the screenshots strip shows dark/black thumbnails throughout the entire recording** - from the beginning to the end.

But I need to verify what happens at the very beginning of the load. The page preview shows "next-themes Example" with Dark theme (final state). Let me hover over specific timestamps. 

Let me try to look at the screenshots more carefully by hovering directly on the screenshot strip at different time positions. Let me hover on the beginning of the screenshots:
[step 55] Action: mouse_move (800, 567)
[step 55] Reasoning: **ANOTHER KEY FINDING!** A large screenshot popup appeared! Looking at this screenshot closely:

**The screenshot shows a COMPLETELY BLACK page** (from approximately 4,500ms mark). The entire content area is black - there's no white flash visible here. The page appears to be using `body{display:none}` so the page content is hidden (body not visible), but the black background is from the browser default or the FOUC prevention script already set the theme.

This is excellent! Let me now hover on the screenshots at different timestamps to see if there's ever a white flash:
[step 56] Action: mouse_move (168, 567)
[step 56] Reasoning: I can see another large screenshot popup in the lower right portion. This screenshot also shows a **completely BLACK page** during the loading phase (around 7,900ms mark). The background is completely dark.

Looking at the screenshots across all timestamps:
1. ~4,500ms: **All black** ✓ (no white flash)
2. ~7,900ms: **All black** ✓ (no white flash)

The page is consistently dark throughout the loading process. Let me now hover on the VERY beginning of the timeline to check what happens at time 0-900ms:
[step 57] Action: left_click (114, 499)
[step 57] Reasoning: The sidebar panel is showing again. Let me try a more direct approach to confirm the FOUC behavior. Let me use the Console tab to run a JavaScript-based test that will simulate the page load behavior.

Let me switch to Console tab and run a comprehensive test:
[step 58] Action: triple_click
[step 58] Reasoning: Now I'm in the Console tab. I notice the console is filtered by "display" text in the filter box. I can see "1 Issue" warning. The console area shows a ">" prompt. I also notice there's a filter "display" in the filter area - let me clear that filter first, then run my test:

**Important observations before running the test:**
- The page preview shows "next-themes Example" with **Dark** dropdown and **dark background** ✓
- The dark theme IS working correctly in the final rendered state

Let me clear the filter and run a console test to inspect what scripts are in the head for theme initialization:
[step 59] Action: key: ctrl+a
[step 59] Reasoning: I can see the filter box shows "display" text (highlighted). Let me clear it and then click the console prompt:
[step 60] Action: left_click (1093, 517)
[step 60] Reasoning: Good. The filter box is selected and the filter is still showing "display". Let me click the "x" button on the right side to clear the filter:
[step 61] Action: left_click (640, 580)
[step 61] Reasoning: The console filter is now cleared and I can see the console content:

```
Download the React DevTools for a better development experience: https://reactjs.org/link/react-devtools    main.js:1827
[HMR] connected    websocket.js:39
```

The console shows:
1. React DevTools recommendation (normal)
2. `[HMR] connected` - Hot Module Replacement is connected (normal for development)

**No errors or warnings** in the console! This is good. 

Now let me click on the console input area and check what scripts are in the head, specifically the theme script:
[step 62] Action: left_click (640, 568)
[step 62] Reasoning: I can see the console is ready. Let me click on the ">" prompt area to focus the input:
[step 63] Action: left_click (640, 568)
[step 63] Reasoning: Good. The console shows the ">" prompt area. Let me click directly on the ">" prompt:
[step 64] Action: type: console.log('HTML...
[step 64] Reasoning: The console input is now focused (I can see the cursor after `> ` at the bottom). Let me now type a comprehensive test to check:
1. The number of inline scripts in the head
2. Whether there's a FOUC prevention script
3. The current HTML theme attribute
[step 65] Action: key: Return
[step 65] Reasoning: I can see the console command is typed. Let me press Enter to execute it:
[step 66] Action: left_click (640, 610)
[step 66] Reasoning: **CRITICAL FINDING CONFIRMED!** The console output clearly shows:

```
HTML theme attr: dark | Inline scripts in head: 0 | localStorage theme: dark
```

This is definitive proof of the bug:

1. ✅ **HTML theme attr: dark** - The theme IS correctly set to dark on the `<html>` element
2. ❌ **Inline scripts in head: 0** - There are **ZERO inline scripts** in the `<head>` element
3. ✅ **localStorage theme: dark** - The theme IS correctly stored in localStorage as "dark"

**THE BUG**: Despite the page source showing an inline script (which I observed in view-source), the DOM shows `0` inline scripts in the head. This means:

The inline script from the page source was executed and then **removed from the DOM** by React during hydration. React removes the inline scripts after they execute. 

Wait - let me reconsider. The inline script from view-source was:
```html
...p(g)}catch(a){}})("data-theme","theme","system",null,["light","dark"],null,true,true)</script>
```

But this script is already executed before React takes over. After React hydrates, the script tag itself might still be in the DOM... unless React cleans it up. Actually, in Next.js, the `_document.js` can inject scripts that React doesn't manage.

Wait - let me look at this more carefully. The inline script WAS in the view-source. But the DOM check shows `0` inline scripts. This is because React's hydration may have caused the script to be removed, OR the script was placed in the `<body>` rather than `<head>`.

Let me check if there's an inline script in the body:
[step 67] Action: left_click (640, 610)
[step 67] Reasoning: The console shows the results clearly:
```
HTML theme attr: dark | Inline scripts in head: 0 | localStorage theme: dark
```

Now let me check the body for inline scripts and also check all inline scripts in the entire document:
[step 68] Action: type: document.querySel...
[step 68] Reasoning: The console cursor is active. Let me check all inline scripts in the entire document (both head and body):
[step 69] Action: key: Return
[step 69] Reasoning: **ANOTHER IMPORTANT FINDING!** The console shows:

```
> document.querySelectorAll('script:not([src])').length
< 2
```

There are **2 inline scripts** in the entire document (head + body combined), but **0 in the head** specifically.

This confirms that the **theme initialization inline script is NOT in the `<head>`** - it's somewhere in the `<body>` instead!

This is a significant finding. For FOUC prevention to work correctly, the theme initialization script MUST be placed in the `<head>` before any CSS or content renders. If it's in the `<body>`, it will execute AFTER the browser has already started rendering the body content with the default light theme, causing a white flash.

Let me now check what those 2 inline scripts contain and where they are:
[step 70] Action: left_click (640, 640)
[step 70] Reasoning: The console shows `2` for inline scripts in the document. Now let me check where those 2 inline scripts are and what they contain - specifically looking for the theme initialization script:
[step 71] Action: left_click (640, 640)
[step 72] Action: type: Array.from(docume...
[step 72] Reasoning: The console input cursor is active. Let me check the innerHTML of those 2 inline scripts:
[step 73] Action: left_click (40, 651)
[step 73] Reasoning: **EXCELLENT!** The console shows the result! I can see:

```
> Array.from(document.querySelectorAll('script:not([src])')).map(s=>({parent:s.parentElement.tagName, preview:s.textContent.slice(0,100)}))
< (2) [{…}, {…}]
```

The result is `(2) [{…}, {…}]` - two objects. Let me click on this result to expand it:
[step 74] Action: left_click (9, 651)
[step 74] Reasoning: The result collapsed back. The console is showing `(2) [{…}, {…}]` which I need to expand. Let me click on the triangle/arrow next to the `(2)` to expand the array:
[step 75] Action: left_click (640, 668)
[step 75] Reasoning: The array is still showing as collapsed `(2) [{…}, {…}]`. The triangle clicking doesn't seem to be expanding it. Let me try using `JSON.stringify` to get the full output instead:
[step 76] Action: left_click (344, 88)
[step 76] Reasoning: Apple Music launched accidentally! The click accidentally hit the Apple Music app in the dock. I can see the Apple Music welcome screen has opened. I need to close this and go back to Chrome. Let me close the Apple Music window by pressing Cmd+W or clicking the red close button:
[step 77] Action: key: cmd+w
[step 77] Reasoning: The Apple Music window is still open. I need to click the red close button which is at the top-left of the Apple Music window. Let me click directly on the red close button:
[step 78] Action: left_click (943, 689)
[step 78] Reasoning: Apple Music is still open because Cmd+W closed the modal dialog but the Apple Music window is still there. The Chrome browser is in the background with DevTools open showing the console output. I can see the console output `(2) [{…}, {…}]` which I need to expand.

Let me click on the Chrome browser in the taskbar to bring it to the front and close Apple Music:
[step 79] Action: left_click (238, 207)
[step 79] Reasoning: The System Settings opened accidentally! I see the System Settings window (系统设置) opened on the left side. I need to close this and go back to Chrome. Let me close the System Settings by clicking the red close button:
[step 80] Action: left_click (1157, 33)
[step 80] Reasoning: System Settings is closed but Apple Music is still open in the background. The Chrome browser with DevTools is visible behind the Apple Music window. I can see the Chrome DevTools console showing the results. The Apple Music window is still showing in the upper part.

Let me click on the Chrome taskbar icon to bring Chrome to the front:
[step 81] Action: left_click (640, 665)
[step 81] Reasoning: Chrome is now in the foreground! The page shows "next-themes Example" with **Dark** mode active (black background). The DevTools console is visible at the bottom showing our previous commands.

Now I can see the console results clearly:
```
HTML theme attr: dark | Inline scripts in head: 0 | localStorage theme: dark
undefined
document.querySelectorAll('script:not([src])').length
2
Array.from(document.querySelectorAll('script:not([src])')).map(s=>({parent:s.parentElement.tagName, preview:s.textContent.slice(0,100)}))
(2) [{…}, {…}]
```

The `(2) [{…}, {…}]` result is collapsed. Let me try a different approach - use JSON.stringify to force the output inline. Let me click on the console input:
[step 82] Action: type: JSON.stringify(Ar...
[step 82] Reasoning: The Apple Music "音乐" tooltip is showing but Chrome is in focus. The console input cursor is now active (I can see the "> " prompt at the bottom of the console). Let me type a JSON.stringify command to get the script details in a readable format:
[step 83] Action: key: Return
[step 83] Reasoning: I can see the JSON.stringify command is typed in the console input. The "音乐" tooltip is showing from Apple Music in the background but Chrome is in focus. Let me press Enter to execute:
[step 84] Action: left_click (640, 645)
[step 84] Reasoning: There's a **SyntaxError: Unexpected identifier 'JSON'** in the console! This is because the command was typed as a continuation of the previous command. The issue is that the previous `Array.from(...)` command and the new `JSON.stringify(...)` got merged together on the same line.

I can see:
```
Array.from(document.querySelectorAll('script:not([src])')).map(s=>({parent:s.parentElement.tagName, preview:s.textContent.slice(0,100)}))JSON.stringify(Array.from...
Uncaught SyntaxError: Unexpected identifier 'JSON'
```

This is a syntax error because the two commands were concatenated. Let me clear this and try again. Let me type the command fresh:
[step 85] Action: type: document.querySel...
[step 85] Reasoning: I can see the console input is now clear (`> ` at the bottom). Let me now type a simpler command to check which parent element contains the inline scripts:
[step 86] Action: left_click (640, 665)
[step 86] Reasoning: **CRITICAL FINDING!** The console now shows:

```
> document.querySelectorAll('script:not([src])')[0].parentElement.tagName
< "DIV"
```

**The first inline script is inside a `<DIV>` element, NOT in `<head>`!**

This is a significant bug! The theme initialization script is inside a `<div>` element (likely in the `<body>`), not in the `<head>`. 

For FOUC prevention to work, the theme initialization script MUST be:
1. An inline script (no `src` attribute) ✓ (it is inline)
2. Located in `<head>` before any body content renders ✗ (it's in a `<div>` in the body!)

Wait, but I saw the `data-next-hide-fouc` technique in the source which hides the body initially. Let me check if the second script is in the head:
[step 87] Action: type: document.querySel...
[step 87] Reasoning: The console input is active (I can see the cursor at the bottom). Let me type the command to check the parent of the second inline script:

==================================================
Task: 当前Chrome浏览器已打开Next Themes网站，地址是http://localhost:3000。在浏览器中打开应用首页，将主题设置为深色模式后刷新页面，观察页面加载过程中主题的渲染表现。反复刷新多次，注意页面是否出现短暂的亮色闪烁。请始终在浏览器内操作，禁止打开Terminal、Finder或其他应用程序。如果在浏览器中找不到目标功能，直接标记result为unclear，result_summary写明未在页面中找到目标功能入口。
Status: STOPPED_BY_USER
Total steps: 87
Last action: type: document.querySel...
Last reasoning: The console input is active (I can see the cursor at the bottom). Let me type the command to check the parent of the second inline script:

==================================================

UI window closed
__MANO_DONE__
