Session created: sess-20260418002118-fc2db6bc4508405aade74d5ec3107e56
UI panel initialized successfully
UI window displayed
Expected result: 在 RTL 布局模式下使用 appendTo=body 的 ng-select 组件，点击展开下拉面板后，下拉面板应与输入框的右侧边缘正确对齐，面板宽度与输入框一致，不出现向左偏移或错位的情况。
[step 0] Action: Initializing
[step 0] Reasoning: Initializing session connection
[step 0] Action: screenshot
[step 1] Action: left_click (214, 281)
[step 1] Reasoning: I can see there's a terminal dialog asking whether to terminate the process. Let me dismiss it by clicking "取消" (Cancel) and then close the terminal window.
[step 2] Action: left_click (916, 691)
[step 2] Reasoning: I can see the terminal window is still visible. I need to bring the Chrome browser to the front and navigate to the page. Let me click on the Chrome browser in the taskbar or click on the browser area in the background.
[step 3] Action: left_click (265, 427)
[step 3] Reasoning: Now I can see the Chrome browser with the ng-select demo page. I can see the navigation menu on the left side with options like "Data sources", "Reactive forms", "Data bindings", "Search and autocomplete", "Tags", "Templates", "Multiselect", "Multiselect checkbox", "Output events", "Virtual scroll", "Dropdown position", "Fixed Placeholder", "Append to element", "Grouping".

I also notice at the top there's a "LTR" dropdown button, which suggests the page supports RTL mode. I need to:
1. First look for RTL-related examples 
2. Navigate to the appropriate section

I can see there's a "LTR" button at the top - this likely allows switching between LTR and RTL modes. Let me also look at the "Dropdown position" section which might contain RTL testing. But first, let me check if clicking "LTR" shows an RTL option.

Let me also check the "Append to element" section since the task mentions `appendTo=body`. Let me first navigate to "Dropdown position" to see if there's an RTL example there.
[step 4] Action: left_click (265, 480)
[step 4] Reasoning: I'm now on the "Dropdown position" page. This shows examples of dropdown positioning, but I need to find the RTL-related example with `appendTo=body`. The task specifically mentions RTL mode and `appendTo=body`. Let me check the "Append to element" section.
[step 5] Action: left_click (296, 103)
[step 5] Reasoning: I'm now on the "Append to element" page. This shows examples of appending the dropdown to the body or other parent elements. However, there's no specific RTL example here. 

The task mentions testing ng-select in RTL mode with `appendTo=body`. I can see there's a "LTR" button at the top of the page that might allow switching to RTL mode. Let me click on that button to see if I can switch to RTL mode.

But first, let me understand the current page - there are 3 ng-select components visible. The second one (with "It can be fixed by appending dropdown to body or other parent element") likely uses `appendTo=body`. 

Now I need to switch to RTL mode using the "LTR" button and then test these components. Let me click on the "LTR" button.
[step 6] Action: left_click (297, 153)
[step 6] Reasoning: A dropdown appeared showing "LTR" and "RTL" options. I can see I need to click on "RTL" to switch to RTL mode.
[step 7] Action: left_click (575, 401)
[step 7] Reasoning: Excellent! The page has switched to RTL mode. I can see:
1. The navigation menu is now on the right side
2. The text is right-aligned (reading from right to left)
3. The "RTL" button at the top indicates we're now in RTL mode
4. The "Append to element" section is currently selected showing 3 ng-select components

The page is now in RTL layout with right-to-left text direction. The three ng-select components are visible:
1. First one (inside a container with fixed height and hidden overflow)
2. Second one - "It can be fixed by appending dropdown to body or other parent element" - this is the `appendTo=body` one
3. Third one - another appended element

Now I need to click on the second ng-select (the `appendTo=body` one) to open its dropdown and observe if the dropdown panel aligns with the right edge of the input box (as expected in RTL mode).

Let me click on the second ng-select to expand the dropdown:
[step 8] Action: screenshot
[step 8] Reasoning: I can see that when I clicked on the second ng-select (the one with `appendTo=body`), a dropdown panel appeared. However, I can observe something:

1. The dropdown panel is showing items (ZOLAR, EXTRAWEAR, ZYTRAX, etc.)
2. The dropdown items appear to be aligned to the LEFT side of the input box (they start from approximately x=302 on the left)
3. In RTL mode, the dropdown should align with the RIGHT side of the input box

Let me take a closer look at the positioning. The input box seems to span from approximately x=302 to x=848. In RTL mode with `appendTo=body`, the dropdown should be positioned with its right edge aligned with the right edge of the input box.

Looking at the current screenshot:
- The input box ("Select item") appears to be positioned from approximately x=302 to x=848 
- The dropdown items appear to start from approximately x=302 (left-aligned)

This seems like the dropdown is using left-aligned positioning (LTR style), not right-aligned (RTL style). In RTL mode, both should align from the right side.

Let me take a more careful screenshot to examine this alignment more closely. Let me first look at what "appendTo=body" means in this context - it would render the dropdown panel directly in the `<body>` element rather than inside the ng-select component.

Let me use browser DevTools to inspect the dropdown panel's position vs the input box. But first, let me take a screenshot to capture the current state clearly.
[step 9] Action: key: Escape
[step 9] Reasoning: Now I can examine the positioning more carefully:

Looking at the screenshot:
- The **input box** for the second ng-select (with `appendTo=body`) has:
  - Left edge: approximately x=302
  - Right edge: approximately x=848

- The **dropdown panel** (showing items like ZOLAR, EXTRAWEAR, ZYTRAX, ELEMANTRA, MIRACLIS, CAXT, MATRIXITY, EZENT, MANTRIX, PORTALINE):
  - Left edge: approximately x=302
  - Right edge: approximately x=848

At first glance, the dropdown panel appears to be aligned with the input box. But I notice something strange - there seem to be TWO dropdown panels overlapping:
1. One panel showing items (ZOLAR, EXTRAWEAR, ZYTRAX) that appears to drop from the second select
2. Another panel that seems to overlap (showing ELEMANTRA, MIRACLIS, CAXT, MATRIXITY, EZENT, MANTRIX, PORTALINE) - which seems to have opened from the third ng-select component (which is partially visible behind the dropdown)

Wait, looking more carefully - this appears to be one continuous dropdown panel from x=302 to x=848, showing all the items. The "ELEMANTRA" appears to be a divider or separator between two sections.

Let me use the browser's DevTools to check the actual CSS positioning of the dropdown panel to see if the `right` property is set correctly for RTL mode. Let me open Chrome DevTools.

Actually, let me first close this dropdown and re-examine by clicking on the second ng-select input specifically. I need to understand which dropdown belongs to which ng-select. Let me first press Escape to close the dropdowns.
[step 10] Action: left_click (575, 401)
[step 10] Reasoning: Good, the dropdowns are now closed. I can see the second ng-select (the one with `appendTo` functionality) is highlighted with a blue border. Now let me click on it to open the dropdown and use the browser's DevTools to inspect the positioning.

Let me open DevTools first to inspect elements. I'll use F12 or right-click and inspect.

Actually, let me first click on the second ng-select to open its dropdown, and then use DevTools to check the positioning.

Let me click on the second ng-select (the one labeled "It can be fixed by appending dropdown to body or other parent element"):
[step 11] Action: key: F12
[step 11] Reasoning: The dropdown is now open. I can see the dropdown panel with items (ZOLAR, EXTRAWEAR, ZYTRAX, ELEMANTRA, MIRACLIS, CAXT, MATRIXITY, EZENT, MANTRIX, PORTALINE). 

Now I need to inspect the actual CSS positioning values to check if the dropdown is properly aligned for RTL. Let me open Chrome DevTools to check the computed styles and position values.

Let me open Chrome DevTools by pressing F12:
[step 12] Action: left_click (15, 567)
[step 12] Reasoning: DevTools is now open and I can see the Console panel at the bottom. The dropdown is still open (showing ZOLAR, EXTRAWEAR, ZYTRAX). Now I'll use the Console to check the dropdown panel's positioning properties. 

Let me switch to the Elements panel to inspect the dropdown panel's styles, or I can use the Console to run JavaScript to check the position of the dropdown panel element.

Let me use the Console to check the position of the dropdown panel:
[step 13] Action: left_click (640, 567)
[step 13] Reasoning: I can see the Console panel is open at the bottom. Let me click on the Console input area and type a query to get the dropdown panel's position. The dropdown panel with `appendTo=body` should be a direct child of the body element.

Let me click on the console input area (the `>` prompt):
[step 14] Action: left_click (575, 401)
[step 14] Reasoning: The dropdown seems to have closed when I clicked on the DevTools area. I need to reopen the dropdown and then use the console to inspect the position. Let me click on the ng-select in the page first, then use the console.

Let me click on the second ng-select to open it:
[step 15] Action: left_click (640, 567)
[step 15] Reasoning: The dropdown is open again. Now let me click on the Console input area and run a JavaScript query to check the dropdown panel's position. I need to click on the console prompt at the bottom.
[step 16] Action: type: var panel = docum...
[step 16] Reasoning: I see the console prompt (`> |`) is now active at the bottom. The dropdown is still open (showing ZOLAR, EXTRAWEAR, ZYTRAX). Now let me type a JavaScript command to inspect the dropdown panel's position. The `appendTo=body` dropdown should be a `ng-dropdown-panel` element that's a direct child of the body element.
[step 17] Action: key: Return
[step 17] Reasoning: I can see the JavaScript code is in the console input. The dropdown is still visible (showing ZOLAR, EXTRAWEAR, ZYTRAX). Now let me press Enter to execute it:
[step 18] Action: left_click (640, 601)
[step 18] Reasoning: Excellent! I can see the result in the console! Let me read it carefully:

```
< {"rect":{"left":454,"right":1266,"top":502,"bottom":742,"width":812},"left":"454px","right":"654px","top":"502px"}
```

This is very interesting! The dropdown panel has:
- `left`: 454px (from the console CSS property)
- `right`: 654px (from the console CSS property) 
- `top`: 502px

Now let me also check the position of the input element (the ng-select component) to compare. Let me run another query to get the ng-select input's position:
[step 19] Action: type: var ngSelects = d...
[step 19] Reasoning: Good, the console shows the result. I need to zoom in to read the result more clearly. Let me zoom in on the console result area to read the exact values:

The result I can see is: `{"rect":{"left":454,"right":1266,"top":502,"bottom":742,"width":812},"left":"454px","right":"654px","top":"502px"}`

Wait, this is very important! Let me analyze this:
- The dropdown panel's `getBoundingClientRect()` shows:
  - `left: 454` (position from left edge of screen)
  - `right: 1266` (position from left edge to right edge)
  - `width: 812` (total width of dropdown)
  
- The computed CSS styles show:
  - `left: 454px` (CSS left property)
  - `right: 654px` (CSS right property)
  - `top: 502px` (CSS top property)

Now I need to check the position of the ng-select input box for comparison. The viewport width is 1280px, so `right: 654px` means the right edge of the dropdown is at 1280 - 654 = 626px from the left? 

Wait, that doesn't seem right. In CSS, `right` property means the distance from the right edge of the containing block (which for `position: fixed` would be the viewport). So if `right: 654px`, the right edge of the element is 654px from the right edge of the viewport, which means it's at position 1280 - 654 = 626px from the left. But `left: 454px` and the width is 812px would put the right edge at 454 + 812 = 1266px from the left.

This seems like there might be a conflict - the CSS has both `left` and `right` set, which could cause issues. The `rect.right: 1266` from getBoundingClientRect shows the actual rendered position.

Let me now get the position of the ng-select input to compare. Let me type another JavaScript query:
[step 20] Action: key: Return
[step 20] Reasoning: I can see the JavaScript query is entered in the console. The dropdown is still visible. Let me press Enter to execute it:
[step 21] Action: left_click (640, 640)
[step 21] Reasoning: I can see the results for all 3 ng-select components! Let me zoom in to read the values more clearly:

The console shows: `[{"index":0,"left":454,"right":1266,"top":302,"bottom":338,"width":812},{"index":1,"left":454,"right":1266,"top":466,"bottom":502,"width":812},{"index":2,"left":454,"right":1266,"top":590,"bottom":626,"width":812}]`

So the three ng-select components have:
- **Index 0** (first, inside overflow container): left=454, right=1266, top=302, bottom=338, width=812
- **Index 1** (second, with appendTo=body): left=454, right=1266, top=466, bottom=502, width=812
- **Index 2** (third): left=454, right=1266, top=590, bottom=626, width=812

And the dropdown panel has:
- left=454, right=1266, top=502, bottom=742, width=812

Now comparing the **second ng-select** (index=1, with appendTo=body) at top=466, bottom=502:
- Input box: left=454, right=1266, top=466, bottom=502, width=812
- Dropdown panel: left=454, right=1266, top=502, width=812

The dropdown panel's left edge (454) matches the input box's left edge (454).
The dropdown panel's right edge (1266) matches the input box's right edge (1266).

So the dropdown panel appears to be properly sized and aligned with the input box - but this is the LTR alignment (using `left` positioning).

Now the key question for RTL is: **should the dropdown be using `right` positioning instead of `left` positioning?**

In RTL mode, the standard behavior is to anchor the dropdown to the **right edge** of the input using CSS `right` property. But looking at the dropdown panel's CSS:
- `left: 454px` and `right: 654px` - both are set!

The fact that `right: 654px` is also set could be problematic. The viewport width is 1280px. So:
- Correct `right` value should be: 1280 - 1266 = 14px (i.e., 14px from the right edge of the viewport)
- But the actual `right` is 654px, which would put the right edge at 1280 - 654 = 626px from the left

This seems like the `right` property may be incorrectly set. However, in CSS, when both `left` and `right` are set, the browser resolves it based on direction. If both are set and the element has a fixed width, typically `left` takes precedence in LTR and `right` takes precedence in RTL.

Let me do a more detailed analysis. Let me check what the `ng-dropdown-panel`'s actual style attribute says and compare the `right` value. The panel `right: 654px` in CSS seems wrong because:
- Viewport width = 1280px
- Panel's actual right edge from bounding rect = 1266px
- So from the right of the viewport, the right edge is at: 1280 - 1266 = 14px

But the CSS says `right: 654px`, which would mean the right edge should be 654px from the right (at position 626px from left). That's way off!

Wait, let me reconsider. Maybe the CSS has `right: 654px` but `left: 454px` and the browser is using `left` to position it. In a fixed-position element with both `left` and `right` set, the browser usually respects both and sizes accordingly. But if there's also a `width` set, then one of them is ignored based on the writing direction.

Actually, wait - this could be the RTL BUG. In RTL mode with `appendTo=body`, the component should:
1. Calculate the position based on the **right** edge of the trigger element
2. Set `right: [viewport_width - trigger_right_edge]` in the CSS
3. NOT set `left`, or set it as "auto"

But instead, it appears the component is setting **both `left`** (454px) **and `right`** (654px), which creates an inconsistency. The `right: 654px` value seems to be incorrectly calculated (should be 14px, not 654px).

This is a clear positioning bug. The `right` value of 654px would mean the dropdown should be positioned 654px from the right edge of the viewport (at ~626px from left), but the actual `left: 454px` causes it to render at 454px from left - creating a conflict between the two CSS values.

Let me check the exact calculated positions more carefully by looking at the inline style on the dropdown panel. Let me get the HTML of the dropdown panel:
[step 22] Action: type: var panel = docum...
[step 22] Reasoning: Good. I can see the results from both JavaScript queries. Now let me check the actual inline style of the dropdown panel to see exactly how it's positioned. Let me type a new query:
[step 23] Action: key: Return
[step 23] Reasoning: I see the console shows `'not found'` for the panel - but this is the new command I just typed. Let me press Enter to execute it. But wait, I need to first click on the ng-select to open it since it closed again. Let me first click on the ng-select to open the dropdown:

Actually, looking more carefully at the screenshot, I can see the dropdown items (ZOLAR, EXTRAWEAR, ZYTRAX) are still visible in the upper part of the page. The dropdown IS still open. Let me press Enter to execute the query:
[step 24] Action: left_click (640, 655)
[step 24] Reasoning: Now I can see the inline style of the dropdown panel! The result shows:
`'left: 454px; width: 812px; min-width: 812px; top: 502px; bottom: auto; opacity: 1;'`

This is very revealing! The inline style of the `ng-dropdown-panel` element has:
- `left: 454px` ✓
- `width: 812px` ✓ 
- `min-width: 812px` ✓
- `top: 502px` ✓
- `bottom: auto` ✓
- `opacity: 1` ✓

**But critically - there is NO `right` property set in the inline style!**

In RTL mode with `appendTo=body`, the component should be using the `right` property for alignment instead of (or in addition to) `left`. This is the critical issue.

The earlier check showed `right: 654px` in the computed style, but that was from the computed styles which might include inherited or CSS class-based styles. The actual **inline style** only has `left: 454px`, which means:
- The component is using LTR-style positioning (left-anchored) even in RTL mode
- The `right: 654px` seen earlier might be from the CSS stylesheet applying `right` value for RTL but conflicting with the inline `left` style

Let me compare the dropdown panel position against the input box to see if there's actual misalignment. Let me check the viewport width and compare:
[step 25] Action: type: var w = window.in...
[step 25] Reasoning: I can now clearly see the inline style of the ng-dropdown-panel: `'left: 454px; width: 812px; min-width: 812px; top: 502px; bottom: auto; opacity: 1;'`

This is the critical finding. Now let me perform a comprehensive analysis.

Let me also check the viewport width and the ng-select input's positions more carefully to understand the alignment. Let me run one more query:
[step 26] Action: key: Return
[step 26] Reasoning: Good, I can see the query was entered. Let me press Enter to execute:
[step 27] Action: scroll down (640, 600) scroll_amount 3
[step 27] Reasoning: I can see the result at the bottom of the console! Let me zoom in to read it clearly. The result appears to say:
`{"viewportWidth":1920,"panel":{"left":454,"right":1266,"width":812},"input":{"left":454,"right":1266,"width":812},"panelStyle":"left: 454px; width: 812px; min-width: 812px; top: 502px; bottom: auto; opacity: 1;","rightAligned":true,"leftAligned":true}`

This is very revealing! Let me zoom in on the console area to confirm:
[step 28] Action: key: F12
[step 28] Reasoning: I can now clearly read the result at the bottom of the console:
`{"viewportWidth":1920,"panel":{"left":454,"right":1266,"width":812},"input":{"left":454,"right":1266,"width":812},"panelStyle":"left: 454px; width: 812px; min-width: 812px; top: 502px; bottom: auto; opacity: 1;","rightAligned":true,"leftAligned":true}`

This is the final analysis:

**Key findings:**
1. **Viewport Width**: 1920px
2. **Panel position**: left=454, right=1266, width=812
3. **Input position**: left=454, right=1266, width=812
4. **Panel inline style**: `left: 454px; width: 812px; min-width: 812px; top: 502px; bottom: auto; opacity: 1;`
5. **rightAligned**: true (panel.right === input.right)
6. **leftAligned**: true (panel.left === input.left)

**Analysis for RTL mode behavior:**
- Both the panel and input box are perfectly aligned (both left and right edges match)
- The panel has width=812 (same as input)
- The panel is positioned using `left: 454px` in the inline style

**However, the critical issue is how the positioning is being done:**

In RTL mode with `appendTo=body`, the panel should ideally use `right` positioning instead of `left` positioning to ensure proper RTL behavior. The current implementation uses:
- Inline style: `left: 454px` (LTR-style anchor)

While the current positioning **accidentally works correctly** because the panel and input happen to have the same width and are the same position, the approach is incorrect for RTL. In RTL mode, the component should anchor to the **right edge**, not the left edge.

The computed style showed `right: 654px`, which would be incorrect if used (1920 - 1266 = 654px — actually this IS correct! 1920 - 654 = 1266px which is the right edge position). Wait, let me recalculate:
- Viewport width: 1920px
- Panel's right edge: 1266px from left
- Distance from right: 1920 - 1266 = 654px
- So CSS `right: 654px` IS actually correct!

So the panel is using BOTH:
- `left: 454px` (in inline style) - this places the left edge correctly
- `right: 654px` (computed style, possibly from CSS class) - this also places the right edge correctly

Given that both values are set correctly and the actual rendering is correct (panel aligns with input), the question is whether this is the correct RTL behavior.

**Conclusion**: In terms of visual alignment, the dropdown panel DOES align correctly with the input box in RTL mode - both left and right edges match. However, the approach used (setting `left` via inline style) is not ideal for RTL. Despite using `left` anchoring in inline style, the visual result appears correct because the panel width matches the input width.

Now let me take a final screenshot to capture the visual state and close DevTools to see the full picture better:
[step 29] Action: screenshot
[step 29] Reasoning: Excellent! DevTools is now closed and I can see the full page in RTL mode. This is very revealing! I can now observe the following:

**Visual observation in RTL mode with `appendTo=body`:**

Looking at the screenshot carefully:

1. **Second ng-select** (with `appendTo=body`): The dropdown is OPEN, showing items ZOLAR, EXTRAWEAR, ZYTRAX in the dropdown below the input field. 

2. **A VISUAL BUG IS CLEARLY VISIBLE!** There appears to be a **THIRD ng-select** that has ALSO opened a dropdown! I can see:
   - The second ng-select's dropdown shows: ZOLAR, EXTRAWEAR, ZYTRAX, then... ELEMANTRA (highlighted)
   - Then another "Select item" text with items: MIRACLIS, CAXT, MATRIXITY, EZENT, MANTRIX, PORTALINE

3. Wait, looking more carefully - the dropdown extends from the second input (top=466) downward and shows ALL items. The ELEMANTRA with a divider line seems to be part of the continuous dropdown list. And then there's a THIRD ng-select component underneath.

4. **Most importantly**: Both dropdown panels appear to be LEFT-aligned with the input boxes. The left edge of all elements appears to align at approximately the same x position (~302px from the left of the visible area).

5. **In RTL mode**, the dropdown should anchor to the **right** edge. Looking at the screenshot:
   - Input box right edge: ~848px from left (the right border of the second ng-select)
   - Dropdown panel right edge: ~848px from left (appears to match)

Actually, wait. Let me look at this more carefully. In RTL mode:
- The input box "Select item" text is RIGHT-ALIGNED (RTL), with the arrow button on the LEFT side
- The dropdown items are also right-aligned... no wait, the items (ZOLAR, EXTRAWEAR, ZYTRAX) appear to be LEFT-aligned within the dropdown panel

This is suspicious. In RTL mode, the text and items in the dropdown should be right-aligned. But the items in the dropdown panel appear to be LEFT-aligned (ZOLAR, EXTRAWEAR, ZYTRAX all start from the left).

However, looking at the actual question - the task is about **the position of the dropdown panel relative to the input box**, not about text alignment within the panel. And based on my JavaScript analysis:
- Panel left: 454, right: 1266
- Input left: 454, right: 1266
- They match perfectly!

The dropdown panel IS correctly aligned with the input box (same left and right edges). The alignment appears to be correct from a positioning perspective.

But wait - there's something else. In RTL mode, the component uses `left: 454px` (CSS left property) rather than `right: 654px` (CSS right property) as the anchor. While this works in this particular case because both elements have the same width and position, the RTL standard is to anchor to the right edge. If the dropdown panel were a different width than the input box, using `left` positioning might cause the right edges to NOT align.

Let me take a screenshot now to see the full visual:
[step 30] Action: key: Escape
[step 30] Reasoning: Now I have a clear view of the page in RTL mode. Let me analyze the visual layout carefully:

**Page Layout in RTL mode:**
- The navigation menu is on the RIGHT side ✓ (RTL)
- The page title "Append to position" is at the top right ✓ (RTL)
- The content text is RIGHT-aligned ✓ (RTL)
- The RTL button at top shows "RTL▼" ✓

**First ng-select (inside fixed height container with overflow):**
- Shows "Select item" with arrow on the left side (RTL: arrow should be on left in RTL)
- Status: CLOSED

**Second ng-select (with appendTo=body):**
- Shows "Select item" with arrow on LEFT (RTL: correct)
- Status: OPEN, showing dropdown items: ZOLAR, EXTRAWEAR, ZYTRAX...

**IMPORTANT VISUAL OBSERVATION:**
Looking at the dropdown panel:
- The dropdown items appear to start from the LEFT edge of the input box (~303px from left of visible content area)
- The text "ZOLAR", "EXTRAWEAR", "ZYTRAX" is LEFT-aligned within the dropdown panel

This raises a question: In RTL mode, should the text within the dropdown items be RIGHT-aligned? Currently they appear LEFT-aligned, which might be a visual inconsistency.

But more importantly for the task question: **Is the dropdown panel RIGHT-edge aligned with the input box?**

Looking at the screenshot:
- Input box RIGHT edge: approximately x=848px (where the input box ends on the right)
- Dropdown panel RIGHT edge: approximately x=848px (where the dropdown ends on the right)

And from the JavaScript measurements:
- Input right: 1266px (measured from actual viewport)
- Panel right: 1266px (measured from actual viewport)

**Both right edges match! ✓**

And:
- Input left: 454px
- Panel left: 454px

**Both left edges also match! ✓**

So the dropdown panel IS correctly aligned with the input box - both left and right edges match. The panel width equals the input width.

However, there's an important implementation concern: The panel uses `left: 454px` in its inline style for positioning. In RTL mode, the standard practice is to use `right` property for anchoring. While this works when the panel width equals the input width, it could fail in edge cases.

But wait - there's another visual anomaly I noticed! Looking at the screenshot again:

There appears to be **TWO dropdown areas**:
1. One from the second ng-select: showing ZOLAR, EXTRAWEAR, ZYTRAX, ELEMANTRA (with a divider line)
2. Another from what appears to be a THIRD ng-select: showing "Select item" label AND items MIRACLIS, CAXT, MATRIXITY, EZENT, MANTRIX, PORTALINE

This is very odd. It looks like the SECOND dropdown panel is actually appearing below the THIRD ng-select component, while the items MIRACLIS through PORTALINE are being shown below the third input. The "ELEMANTRA" row appears between the two panels as a transition.

Wait - actually, I think what I'm seeing is:
- The second ng-select dropdown shows: ZOLAR, EXTRAWEAR, ZYTRAX, ELEMANTRA (first 4 items from top)
- ELEMANTRA appears at the boundary between two dropdown panels
- The third ng-select's VISIBLE INPUT is showing between the two dropdown panels
- The remainder of items (MIRACLIS, CAXT, etc.) are still part of the same dropdown

Actually, this appears to be a classic issue with `appendTo=body`: the dropdown panel extends beyond the viewport and covers the third ng-select, making it appear as if there are two separate dropdowns. But looking at the continuous content, it's actually ONE dropdown from the second ng-select.

Let me close the dropdown by pressing Escape and then re-examine:
[step 31] Action: left_click (575, 401)
[step 31] Reasoning: Now I can see the page clearly with all three ng-select components visible in RTL mode:

**RTL mode - all 3 ng-select components closed:**

1. **First ng-select** (at top, inside overflow container): Shows "Select item" with arrow on LEFT (RTL position)
2. **Second ng-select** (middle, highlighted in blue border - the focused one with `appendTo=body`): Shows "Select item" with arrow on LEFT (RTL position)
3. **Third ng-select** (at bottom): Shows "Select item" with arrow on LEFT (RTL position)

All three ng-select components look consistent in RTL mode. The arrow is on the LEFT side in RTL mode (as expected).

Now let me click on the second ng-select to open the dropdown and take a screenshot to capture the alignment:
[step 32] Action: key: Escape
[step 32] Reasoning: Now I have a clear view of the dropdown opened in RTL mode. Let me analyze the alignment carefully:

**Observation of the opened dropdown panel:**

1. **Input box (second ng-select with appendTo=body)**:
   - Left edge: approximately x=303 (from the left of visible content area, page scroll) 
   - Right edge: approximately x=848
   - The "Select item" text is right-aligned
   - Arrow button is on the LEFT side

2. **Dropdown panel** (showing ZOLAR, EXTRAWEAR, ZYTRAX, ELEMANTRA, MIRACLIS, CAXT, MATRIXITY, EZENT, MANTRIX, PORTALINE):
   - Left edge: approximately x=303 (same as input box)
   - Right edge: approximately x=848 (same as input box)

**Alignment Check:**
- The LEFT edge of the dropdown panel appears to ALIGN with the LEFT edge of the input box ✓
- The RIGHT edge of the dropdown panel appears to ALIGN with the RIGHT edge of the input box ✓

However, there's something visually odd:
- The dropdown items text (ZOLAR, EXTRAWEAR, ZYTRAX, MIRACLIS, etc.) appears to be **LEFT-aligned within the dropdown panel** - this is inconsistent with RTL mode where text should be right-aligned

**Critical visual bug:**
- Looking between rows 3 and 4 in the dropdown:
  - Item 3: ZYTRAX (left-aligned text)
  - Item 4: ELEMANTRA (left-aligned text, with a visual divider line above it)
  - Then comes what appears to be the THIRD ng-select input ("Select item" text on the right) at approximately y=483
  
This appears to show TWO SEPARATE dropdown panels:
1. First panel (from second ng-select's appendTo=body): shows ZOLAR, EXTRAWEAR, ZYTRAX, ELEMANTRA
2. Something that looks like the THIRD ng-select input appears between the dropdown panels (around y=483)
3. Second panel continues with: MIRACLIS, CAXT, MATRIXITY, EZENT, MANTRIX, PORTALINE

Wait, actually I think what's happening is:
- The second ng-select dropdown (appendTo=body) is showing ALL items (ZOLAR through PORTALINE)
- The third ng-select component is BEHIND the dropdown panel
- The "Select item" text visible around y=483 might be the third ng-select that is visible through a gap or transparent area in the dropdown

But actually, looking at the ELEMANTRA row - it has a horizontal divider line above it, which suggests there might be a group separator in the data. 

Actually, the most important observation for the task is:

**The dropdown panel IS aligned with the input box.** Both left and right edges match. From the JavaScript analysis:
- Panel: left=454, right=1266, width=812
- Input[1]: left=454, right=1266, width=812
- rightAligned: true ✓
- leftAligned: true ✓

**However, there IS a potential RTL implementation issue:**

The component uses `left: 454px` as the primary positioning anchor in the inline style, NOT `right` positioning. In RTL mode, the proper approach is to anchor to the right edge. While this works correctly when the panel width equals the input width, the implementation uses LTR-style `left` anchoring.

But in terms of the actual visual result for the user: **the dropdown is correctly positioned and aligned with the input box in RTL mode.**

Let me look at one more thing - whether the `right` CSS property is being correctly set. From earlier analysis:
- Computed style `right: 654px` = 1920 - 1266 = 654px ✓ (this IS correct)
- But it's being overridden by the `left: 454px` inline style

The important thing is the actual visual positioning is correct. The panel aligns with the input box from both left and right edges.

Let me now check if there's a truly visible misalignment by comparing the dropdown with just the second input box:

Looking at the screenshot:
- Second ng-select input: from x≈303 to x≈848 (visible area)
- Dropdown panel: from x≈303 to x≈848 (visible area)

They appear to be perfectly aligned!

**BUT** there's one more thing to verify - the RTL alignment behavior with `appendTo=body` should anchor to the **RIGHT** edge, not just coincidentally match. If I were to change the viewport size or the element position, would the right edges still align?

Based on my complete analysis, here's my final assessment:

**FINDINGS SUMMARY:**

1. ✅ Page has RTL mode - accessed via the "RTL" button in the header
2. ✅ RTL mode is active - navigation is on the right, content is right-aligned
3. ✅ The "Append to element" section shows ng-select with `appendTo=body`
4. ✅ The dropdown panel CAN be opened by clicking the second ng-select
5. ✅ The dropdown panel aligns visually with the input box (both left and right edges match)
6. ⚠️ **Implementation concern**: The dropdown panel uses `left: 454px` positioning (LTR-style anchoring) instead of `right` positioning (RTL-style anchoring). However, due to equal widths, the visual result appears correct.
7. ⚠️ **Potential bug found**: The computed CSS has `right: 654px` set, which IS the correct value (1920-1266=654), but the inline style only sets `left: 454px`. This means the positioning relies on `left` rather than `right` anchoring.
8. ⚠️ **Visual text alignment**: Dropdown items appear LEFT-aligned text within the panel (ZOLAR, EXTRAWEAR etc. start from left), which may be inconsistent with RTL mode.

Let me scroll up to compare the first (non-appendTo) dropdown vs the second (appendTo=body) dropdown:

Actually, let me do one final check - let me close this dropdown and open the FIRST ng-select (without appendTo) and compare its dropdown position to ensure the implementations differ:
[step 33] Action: DONE
[step 33] Reasoning: Now I can see all three ng-select components clearly:

1. **First ng-select** (top, inside overflow container - no appendTo): Arrow on LEFT, "Select item" right-aligned
2. **Second ng-select** (middle, with appendTo=body): Arrow on LEFT, "Select item" right-aligned - this is the focused one
3. **Third ng-select** (bottom): Arrow on LEFT, "Select item" right-aligned

All three look visually consistent in RTL mode.

Now let me click on the second ng-select to open the dropdown once more and carefully examine the alignment from the visual perspective. Then I'll check if `right` alignment is correct by looking at the pixel coordinates:

Based on all my testing and analysis, let me now provide a comprehensive test report.

## Summary of Test Findings:

**Test**: RTL mode with `appendTo=body` - dropdown panel alignment

**Steps Performed**:
1. ✅ Navigated to http://localhost:4200/ (ng-select demo page)
2. ✅ Navigated to "Append to element" section
3. ✅ Switched page to RTL mode using the LTR/RTL toggle button
4. ✅ Identified the ng-select with `appendTo=body` (second component in the section)
5. ✅ Clicked to open the dropdown
6. ✅ Measured positions using JavaScript via DevTools console

**Measurements** (from JavaScript getBoundingClientRect):
- Viewport width: 1920px
- **Second ng-select input** (index=1): left=454, right=1266, width=812
- **Dropdown panel**: left=454, right=1266, top=502, width=812
- Panel inline style: `left: 454px; width: 812px; min-width: 812px; top: 502px; bottom: auto; opacity: 1;`
- Panel computed style right: `654px` (1920 - 1266 = 654 ✓)
- **rightAligned: true** (panel.right === input.right)
- **leftAligned: true** (panel.left === input.left)

**Key Finding - Potential BUG**:
The dropdown panel uses `left: 454px` in its inline style for positioning (LTR-style anchoring), rather than `right: 654px` (RTL-style anchoring). In RTL mode, the component should anchor the dropdown to the **right edge** of the trigger element using the CSS `right` property. 

While the current implementation **happens to produce correct visual alignment** (because the panel width equals the input width), the positioning strategy is LTR-style (`left` anchored), not RTL-style (`right` anchored). If the panel width were different from the input width (e.g., for a narrow input in a wide layout), the right-edge alignment would fail.

**Visual Result**: The dropdown panel IS visually aligned with the input box - both left and right edges match in this test scenario.

**Conclusion**: The alignment appears correct **visually** in the current test scenario, but the underlying implementation uses LTR-style `left` anchoring instead of RTL-style `right` anchoring. This is a **potential RTL positioning bug** in the `appendTo=body` implementation.

Based on the task requirements and the evidence gathered, the test result shows that while the visual alignment is correct in this specific test scenario, the implementation uses LTR-style positioning (`left` property) rather than RTL-style (`right` property). The dropdown panel aligns with both the left and right edges of the input box, so from a user perspective, the alignment appears correct. However, from an implementation perspective, there is a concern about whether the right edge alignment is properly handled for RTL mode.

---

**测试结果总结 (Test Result Summary in Chinese)**:

经过详细测试，以下是发现的情况：

1. **成功找到 RTL 模式**: 通过页面顶部的 LTR/RTL 切换按钮成功切换到 RTL 布局模式
2. **找到了 appendTo=body 的 ng-select 组件**: 在 "Append to element" 页面的第二个 ng-select 组件使用了 appendTo 功能
3. **打开下拉面板并测量位置**: 通过 JavaScript 测量了输入框和下拉面板的精确位置

**关键发现 - 潜在BUG**:
- **下拉面板的 CSS 内联样式**: `left: 454px; width: 812px; min-width: 812px; top: 502px; bottom: auto; opacity: 1;`
- 面板使用 `left: 454px` 作为定位锚点（LTR风格），而非 RTL 模式下应该使用的 `right` 属性
- 在 RTL 模式下，`appendTo=body` 的下拉面板应该使用 CSS `right` 属性来锚定到触发元素的右侧边缘

**视觉对齐情况**:
- 输入框位置: left=454, right=1266, width=812
- 下拉面板位置: left=454, right=1266, width=812
- 两者的左侧边缘完全对齐 ✅
- 两者的右侧边缘完全对齐 ✅

**结论**: 在当前测试场景下，下拉面板与输入框在视觉上对齐（两侧边缘均匹配）。但是，组件使用了 LTR 风格的 `left` 属性定位，而非 RTL 模式下推荐的 `right` 属性定位。这意味着虽然当前视觉效果是正确的（因为面板宽度与输入框宽度相同），但底层实现存在潜在的 RTL 定位问题。

**result: FAIL** (实现使用了 LTR 风格的 `left` 属性定位而非 RTL 风格的 `right` 属性定位，尽管当前视觉效果因宽度一致而看起来正确)
Evaluating task result...

==================================================
Task: 当前Chrome浏览器已打开ng-select组件demo页面，地址是http://localhost:4200/。测试 ng-select 组件在 RTL（从右到左）布局模式下，当设置 appendTo=body 时，下拉面板的对齐位置是否正确。具体步骤：1. 打开应用页面，找到包含 ng-select 下拉选择器的示例区域；2. 确认页面中存在 RTL 布局方向的 ng-select 组件（如果有多个示例，找到与 RTL 相关的示例）；3. 点击该 ng-select 输入框以展开下拉面板；4. 观察下拉面板是否与输入框的右侧边缘对齐（在 RTL 模式下，下拉面板应当与触发元素的右侧对齐，而非左侧）；5. 检查下拉面板的宽度和位置是否与输入框一致，没有出现明显的水平偏移或错位。请始终在浏览器内操作，禁止打开 Terminal、Finder 或其他应用程序。如果在浏览器中找不到目标功能，直接标记 result 为 unclear，result_summary 写明未在页面中找到目标功能入口。
Status: COMPLETED
Total steps: 33
Last action: DONE
Last reasoning: Now I can see all three ng-select components clearly:

1. **First ng-select** (top, inside overflow container - no appendTo): Arrow on LEFT, "Select item" right-aligned
2. **Second ng-select** (middle, with appendTo=body): Arrow on LEFT, "Select item" right-aligned - this is the focused one
3. **Third ng-select** (bottom): Arrow on LEFT, "Select item" right-aligned

All three look visually consistent in RTL mode.

Now let me click on the second ng-select to open the dropdown once more and carefully examine the alignment from the visual perspective. Then I'll check if `right` alignment is correct by looking at the pixel coordinates:

Based on all my testing and analysis, let me now provide a comprehensive test report.

## Summary of Test Findings:

**Test**: RTL mode with `appendTo=body` - dropdown panel alignment

**Steps Performed**:
1. ✅ Navigated to http://localhost:4200/ (ng-select demo page)
2. ✅ Navigated to "Append to element" section
3. ✅ Switched page to RTL mode using the LTR/RTL toggle button
4. ✅ Identified the ng-select with `appendTo=body` (second component in the section)
5. ✅ Clicked to open the dropdown
6. ✅ Measured positions using JavaScript via DevTools console

**Measurements** (from JavaScript getBoundingClientRect):
- Viewport width: 1920px
- **Second ng-select input** (index=1): left=454, right=1266, width=812
- **Dropdown panel**: left=454, right=1266, top=502, width=812
- Panel inline style: `left: 454px; width: 812px; min-width: 812px; top: 502px; bottom: auto; opacity: 1;`
- Panel computed style right: `654px` (1920 - 1266 = 654 ✓)
- **rightAligned: true** (panel.right === input.right)
- **leftAligned: true** (panel.left === input.left)

**Key Finding - Potential BUG**:
The dropdown panel uses `left: 454px` in its inline style for positioning (LTR-style anchoring), rather than `right: 654px` (RTL-style anchoring). In RTL mode, the component should anchor the dropdown to the **right edge** of the trigger element using the CSS `right` property. 

While the current implementation **happens to produce correct visual alignment** (because the panel width equals the input width), the positioning strategy is LTR-style (`left` anchored), not RTL-style (`right` anchored). If the panel width were different from the input width (e.g., for a narrow input in a wide layout), the right-edge alignment would fail.

**Visual Result**: The dropdown panel IS visually aligned with the input box - both left and right edges match in this test scenario.

**Conclusion**: The alignment appears correct **visually** in the current test scenario, but the underlying implementation uses LTR-style `left` anchoring instead of RTL-style `right` anchoring. This is a **potential RTL positioning bug** in the `appendTo=body` implementation.

Based on the task requirements and the evidence gathered, the test result shows that while the visual alignment is correct in this specific test scenario, the implementation uses LTR-style positioning (`left` property) rather than RTL-style (`right` property). The dropdown panel aligns with both the left and right edges of the input box, so from a user perspective, the alignment appears correct. However, from an implementation perspective, there is a concern about whether the right edge alignment is properly handled for RTL mode.

---

**测试结果总结 (Test Result Summary in Chinese)**:

经过详细测试，以下是发现的情况：

1. **成功找到 RTL 模式**: 通过页面顶部的 LTR/RTL 切换按钮成功切换到 RTL 布局模式
2. **找到了 appendTo=body 的 ng-select 组件**: 在 "Append to element" 页面的第二个 ng-select 组件使用了 appendTo 功能
3. **打开下拉面板并测量位置**: 通过 JavaScript 测量了输入框和下拉面板的精确位置

**关键发现 - 潜在BUG**:
- **下拉面板的 CSS 内联样式**: `left: 454px; width: 812px; min-width: 812px; top: 502px; bottom: auto; opacity: 1;`
- 面板使用 `left: 454px` 作为定位锚点（LTR风格），而非 RTL 模式下应该使用的 `right` 属性
- 在 RTL 模式下，`appendTo=body` 的下拉面板应该使用 CSS `right` 属性来锚定到触发元素的右侧边缘

**视觉对齐情况**:
- 输入框位置: left=454, right=1266, width=812
- 下拉面板位置: left=454, right=1266, width=812
- 两者的左侧边缘完全对齐 ✅
- 两者的右侧边缘完全对齐 ✅

**结论**: 在当前测试场景下，下拉面板与输入框在视觉上对齐（两侧边缘均匹配）。但是，组件使用了 LTR 风格的 `left` 属性定位，而非 RTL 模式下推荐的 `right` 属性定位。这意味着虽然当前视觉效果是正确的（因为面板宽度与输入框宽度相同），但底层实现存在潜在的 RTL 定位问题。

**result: FAIL** (实现使用了 LTR 风格的 `left` 属性定位而非 RTL 风格的 `right` 属性定位，尽管当前视觉效果因宽度一致而看起来正确)

==================================================

UI window closed
