Session created: sess-20260419003805-a4b50e2af3a94c7aa9339f89c5dd8cc4
UI panel initialized successfully
UI window displayed
Expected result: 当处于浅色模式时，按钮标签应显示'Dark Mode'；点击切换到深色模式后，按钮标签应动态变为'Light Mode'；再次点击切换回浅色模式后，按钮标签应恢复为'Dark Mode'。按钮标签始终反映点击后将要切换到的模式。
[step 0] Action: Initializing
[step 0] Reasoning: Initializing session connection
[step 0] Action: screenshot
[step 1] Action: Minimize panel
[step 1] Reasoning: I can see the Notpad application is open with a menu bar containing File, Edit, Search, View, and Help menus. Let me first minimize the task panel, then explore the View menu to find the theme toggle button.
[step 2] Action: left_click (1205, 88)
[step 2] Reasoning: Good, the panel is minimized. I can see the Notpad application with the menu bar. There's a Google Translate popup - let me close it first, then check the View menu for theme toggle options.
[step 3] Action: left_click (236, 98)
[step 3] Reasoning: Good, the Google Translate popup is closed. Now I can see the Notpad application clearly with the menu bar. The current theme appears to be light mode (white background). Let me click on the "View" menu to look for theme toggle options.
[step 4] Action: left_click (253, 307)
[step 4] Reasoning: Excellent! I can see the View menu is open and it contains a "Dark Mode" button at the bottom. The current label is **"Dark Mode"**, which is correct since we're currently in light mode (the button should show the mode you can switch TO). 

Now let me take note of the current state:
- **Current mode**: Light Mode (white background)
- **Button label**: "Dark Mode" ✓ (correct - shows the target mode)

Now let me click "Dark Mode" to switch to dark mode:
[step 5] Action: left_click (236, 98)
[step 5] Reasoning: The application has switched to **Dark Mode** - the background is now black/dark. Now I need to open the View menu again to check if the button label has changed to "Light Mode". Let me click on the View menu:
[step 6] Action: left_click (253, 307)
[step 6] Reasoning: **🐛 BUG DETECTED!** 

I can see that after switching to Dark Mode, the button label in the View menu still shows **"Dark Mode"** instead of **"Light Mode"**. This is a bug - the button label is NOT dynamically updating to reflect the current mode.

- **Expected behavior**: After switching to dark mode, the button should show "Light Mode" (indicating the mode you can switch TO)
- **Actual behavior**: The button still shows "Dark Mode" even though the app is now in dark mode

Let me click "Dark Mode" to switch back to light mode and verify:
[step 7] Action: left_click (236, 98)
[step 7] Reasoning: The app has switched back to Light Mode (white background). Now let me open the View menu one more time to confirm the button label in light mode:
[step 8] Action: DONE
[step 8] Reasoning: ## 测试结果报告

### 测试结论：**FAIL** ❌ — 按钮标签不会动态变化

### 详细观测结果：

| 操作步骤 | 当前模式 | 期望按钮标签 | 实际按钮标签 | 是否正确 |
|---------|---------|------------|------------|--------|
| 初始状态 | 浅色模式（Light Mode）| Dark Mode | Dark Mode | ✅ 正确 |
| 点击"Dark Mode"切换到深色模式后再次打开菜单 | 深色模式（Dark Mode）| Light Mode | **Dark Mode** | ❌ **错误** |
| 点击"Dark Mode"切换回浅色模式后再次打开菜单 | 浅色模式（Light Mode）| Dark Mode | Dark Mode | ✅ 正确 |

### Bug 描述：

**在 View 菜单中，主题切换按钮的标签（"Dark Mode"）不会根据当前主题模式动态变化。**

- **预期行为**：当应用处于深色模式时，按钮标签应显示 **"Light Mode"**（表示点击后可切换回浅色模式）；当应用处于浅色模式时，按钮标签应显示 **"Dark Mode"**。
- **实际行为**：无论当前处于何种模式，按钮标签**始终固定显示为 "Dark Mode"**，不会随主题切换而动态更新。
- **功能表现**：主题切换功能本身是正常的（点击确实可以切换深色/浅色模式），但按钮标签没有正确反映当前状态，导致用户体验问题——在深色模式下，按钮仍然显示"Dark Mode"，与当前状态相同而非显示可切换的目标模式。
Evaluating task result...

==================================================
Task: 当前Chrome浏览器已打开Notpad应用，地址是http://localhost:5173/Notpad。测试深色/浅色模式切换按钮的标签是否会根据当前主题模式动态变化。操作步骤：1. 在页面上方找到菜单栏（MenuBar）区域。2. 查找与主题模式切换相关的按钮（可能在View或Format菜单的下拉列表中）。3. 观察当前按钮的标签文本（例如'Dark Mode'或'Light Mode'）。4. 点击该按钮切换到深色模式，然后再次打开菜单，检查按钮标签是否变为'Light Mode'。5. 再次点击切换回浅色模式，检查按钮标签是否变回'Dark Mode'。验证按钮标签始终与可切换的目标模式一致。始终在浏览器内操作，禁止打开Terminal或其他应用程序。如果在浏览器中找不到目标功能，直接报告unclear。
Status: COMPLETED
Total steps: 8
Last action: DONE
Last reasoning: ## 测试结果报告

### 测试结论：**FAIL** ❌ — 按钮标签不会动态变化

### 详细观测结果：

| 操作步骤 | 当前模式 | 期望按钮标签 | 实际按钮标签 | 是否正确 |
|---------|---------|------------|------------|--------|
| 初始状态 | 浅色模式（Light Mode）| Dark Mode | Dark Mode | ✅ 正确 |
| 点击"Dark Mode"切换到深色模式后再次打开菜单 | 深色模式（Dark Mode）| Light Mode | **Dark Mode** | ❌ **错误** |
| 点击"Dark Mode"切换回浅色模式后再次打开菜单 | 浅色模式（Light Mode）| Dark Mode | Dark Mode | ✅ 正确 |

### Bug 描述：

**在 View 菜单中，主题切换按钮的标签（"Dark Mode"）不会根据当前主题模式动态变化。**

- **预期行为**：当应用处于深色模式时，按钮标签应显示 **"Light Mode"**（表示点击后可切换回浅色模式）；当应用处于浅色模式时，按钮标签应显示 **"Dark Mode"**。
- **实际行为**：无论当前处于何种模式，按钮标签**始终固定显示为 "Dark Mode"**，不会随主题切换而动态更新。
- **功能表现**：主题切换功能本身是正常的（点击确实可以切换深色/浅色模式），但按钮标签没有正确反映当前状态，导致用户体验问题——在深色模式下，按钮仍然显示"Dark Mode"，与当前状态相同而非显示可切换的目标模式。

==================================================

UI window closed
