Session created: sess-20260419004146-9a16c618146f4776b8fb4b2008043adb
UI panel initialized successfully
UI window displayed
Expected result: 菜单栏正常显示且可点击展开子菜单，编辑区域可以正常获得焦点并接受文字输入，输入的文字能正确显示在编辑区域中，整体布局（菜单栏在上、编辑区域在下）正常。
[step 0] Action: Initializing
[step 0] Reasoning: Initializing session connection
[step 0] Action: screenshot
[step 1] Action: Open url: http://localhost:5173/Notpad/
[step 1] Reasoning: I can see the page is showing an error message suggesting the correct URL is `/Notpad/` (with trailing slash). Let me navigate to the correct URL.
[step 2] Action: Minimize panel
[step 2] Reasoning: The Notpad application is now loaded. I can see:
1. **MenuBar** at the top with: File, Edit, Search, View, Settings
2. **EditorTabs** showing "Untitled.txt^" with a close (×) button
3. A large empty editing area in the middle
4. A status bar at the bottom showing "Line: 1, Column: 1 | 0 Character | 0 Word | 100%"

There's also a Google Translate bar appearing at the top (this is a browser feature, not the app). Let me dismiss it and proceed with testing. First, let me minimize the task panel to avoid overlap issues.
[step 3] Action: left_click (33, 98)
[step 3] Reasoning: The panel is minimized. Now I can see the Notpad application clearly. Let me observe the current state:

**Visual observations:**
1. **MenuBar**: Visible at top with File, Edit, Search, View, Settings - ✅ displays correctly
2. **EditorTabs**: Shows "Untitled.txt^" tab with × close button - ✅ visible
3. **Editing area**: Large white area below the tabs with a cursor visible at top-left - ✅ visible
4. **Status bar**: Bottom shows "Line: 1, Column: 1 | 0 Character | 0 Word | 100%" - ✅ visible
5. There's a "Download" button on the far right of the menu bar area - this seems like it might be a browser's download button overlapping, or part of the app
6. Google Translate bar is visible (browser feature)

**⚠️ Visual anomaly**: The "Download" text appears in the top-right area of the menu bar row - this seems potentially out of place or a browser download indicator.

**Layout check**: MenuBar is at top, then EditorTabs, then editing area, then status bar at bottom - Layout is correct ✅

Now let me test Step 1: Click on "File" menu to confirm it opens.
[step 4] Action: left_click (92, 98)
[step 4] Reasoning: **File menu opens successfully** ✅. The File menu shows these options:
- New (Ctrl+Alt+N)
- Open... (Ctrl+O)
- Save (Ctrl+S)
- Save as... (Ctrl+Shift+S)
- Print (Ctrl+P)
- Exit (with an icon)

This is well-formed and functional. Now let me close this menu and test the "Edit" menu.
[step 5] Action: left_click (92, 98)
[step 5] Reasoning: Clicking "Edit" menu item closed the File menu but didn't open the Edit menu. It seems clicking Edit just dismissed the File menu. Let me click on Edit again to open the Edit menu.
[step 6] Action: left_click (92, 98)
[step 6] Reasoning: **⚠️ Bug detected**: Clicking "Edit" menu item did NOT open a dropdown menu. The Edit menu appears highlighted/active but no dropdown appeared. Also, the text editor area (with cursor) seems to have disappeared from view. Let me try clicking Edit one more time to confirm this is a bug.
[step 7] Action: left_click (640, 400)
[step 7] Reasoning: **🐛 Bug Confirmed**: The "Edit" menu does NOT open a dropdown when clicked. Multiple attempts show that clicking "Edit" does not produce any dropdown menu. This is a functional bug - the Edit menu button click has no effect (no menu appears).

Now let me test Step 3: Click on the text editing area and type "Hello World".
[step 8] Action: type: Hello World
[step 8] Reasoning: The text editor area appears to have received focus (I can see a cursor at the top-left of the editing area). Now let me type "Hello World".
[step 9] Action: DONE
[step 9] Reasoning: **Text input works correctly** ✅. "Hello World" is now visible in the editing area. The status bar at the bottom also updated correctly:
- Line: 1, Column: 12 (cursor is at position 12 after "Hello World")
- 11 Characters ✅
- 2 Words ✅

Now let me take a final screenshot to do the comprehensive layout assessment, and also take note of the "Download" element on the right side of the menu bar which seems unusual.

Let me now compile the full test results and report:

---

## 📋 Notpad 应用基本编辑功能测试报告

### 测试环境
- URL: http://localhost:5173/Notpad/
- 浏览器: Chrome (macOS)
- 测试时间: 2026年4月18日

---

### ✅ 步骤1：菜单栏（MenuBar）检查

**整体显示**: ✅ **正常**
- 菜单栏显示在页面顶部，包含以下菜单项：**File、Edit、Search、View、Settings**

**File 菜单测试**: ✅ **正常展开**
- 点击 File 菜单后，正常展开下拉菜单，显示以下选项：
  - New (Ctrl+Alt+N)
  - Open... (Ctrl+O)
  - Save (Ctrl+S)
  - Save as... (Ctrl+Shift+S)
  - Print (Ctrl+P)
  - Exit

**Edit 菜单测试**: ❌ **BUG - 菜单无法展开**
- 多次点击 Edit 菜单项，**没有任何下拉菜单出现**
- Edit 按钮点击无效果（仅视觉高亮，不展开子菜单）
- **这是一个功能性缺陷（Functional Bug）**

---

### ✅ 步骤2：编辑器标签栏（EditorTabs）检查

**显示状态**: ✅ **正常**
- 标签栏显示在菜单栏下方
- 当前有一个标签："**Untitled.txt^**"，带有关闭按钮（×）
- 标签栏位置和样式显示正确

---

### ✅ 步骤3：文本编辑区域测试

**点击获焦**: ✅ **正常** - 点击编辑区域后光标出现，编辑器成功获得焦点

**输入"Hello World"**: ✅ **正常** - 文字成功显示在编辑区域

**状态栏更新**: ✅ **正常** - 底部状态栏实时更新：
- Line: 1, Column: 12
- 11 Characters（字符计数正确）
- 2 Words（词数计数正确）

---

### ✅ 步骤4：整体布局验证

**布局顺序（从上到下）**:
1. 🔝 菜单栏（MenuBar）- File | Edit | Search | View | Settings
2. 📑 编辑器标签栏（EditorTabs）- Untitled.txt^
3. 📝 文本编辑区域（主体内容区）
4. 📊 状态栏 - Line/Column/Character/Word 统计

**整体布局**: ✅ **菜单栏在上，编辑区域在下，布局结构正确**

---

### ⚠️ 发现的问题

| # | 类型 | 描述 | 严重程度 |
|---|------|------|----------|
| 1 | **功能Bug** | **Edit 菜单无法展开**：点击 Edit 菜单项无任何响应，不展示下拉菜单 | 🔴 高 |
| 2 | **视觉异常** | 菜单栏右侧出现 "**Download**" 文字，位置突兀，疑似浏览器下载功能与应用菜单栏重叠显示 | 🟡 中 |

---

### 📊 测试结论

- **File 菜单**: ✅ PASS
- **Edit 菜单**: ❌ **FAIL** - 无法展开（功能性Bug）
- **EditorTabs 显示**: ✅ PASS
- **文本输入功能**: ✅ PASS
- **整体布局**: ✅ PASS

**总体评估**: 应用大部分功能正常，但 **Edit 菜单存在功能性缺陷**，点击后没有下拉菜单展开，属于需要修复的 Bug。
Evaluating task result...

==================================================
Task: 当前Chrome浏览器已打开Notpad应用，地址是http://localhost:5173/Notpad。测试notpad应用的基本编辑功能。步骤：1. 检查页面顶部菜单栏（MenuBar）是否正常显示，尝试点击File、Edit等菜单项确认菜单能正常展开。2. 检查编辑器标签栏（EditorTabs）是否正常显示。3. 点击文本编辑区域，确认能获得焦点，输入'Hello World'，确认文字能正常显示。4. 验证菜单栏和编辑区域的整体布局是否正确（菜单栏在上，编辑区域在下）。始终在浏览器内操作，禁止打开Terminal或其他应用程序。如果在浏览器中找不到目标功能，直接报告unclear。
Status: COMPLETED
Total steps: 9
Last action: DONE
Last reasoning: **Text input works correctly** ✅. "Hello World" is now visible in the editing area. The status bar at the bottom also updated correctly:
- Line: 1, Column: 12 (cursor is at position 12 after "Hello World")
- 11 Characters ✅
- 2 Words ✅

Now let me take a final screenshot to do the comprehensive layout assessment, and also take note of the "Download" element on the right side of the menu bar which seems unusual.

Let me now compile the full test results and report:

---

## 📋 Notpad 应用基本编辑功能测试报告

### 测试环境
- URL: http://localhost:5173/Notpad/
- 浏览器: Chrome (macOS)
- 测试时间: 2026年4月18日

---

### ✅ 步骤1：菜单栏（MenuBar）检查

**整体显示**: ✅ **正常**
- 菜单栏显示在页面顶部，包含以下菜单项：**File、Edit、Search、View、Settings**

**File 菜单测试**: ✅ **正常展开**
- 点击 File 菜单后，正常展开下拉菜单，显示以下选项：
  - New (Ctrl+Alt+N)
  - Open... (Ctrl+O)
  - Save (Ctrl+S)
  - Save as... (Ctrl+Shift+S)
  - Print (Ctrl+P)
  - Exit

**Edit 菜单测试**: ❌ **BUG - 菜单无法展开**
- 多次点击 Edit 菜单项，**没有任何下拉菜单出现**
- Edit 按钮点击无效果（仅视觉高亮，不展开子菜单）
- **这是一个功能性缺陷（Functional Bug）**

---

### ✅ 步骤2：编辑器标签栏（EditorTabs）检查

**显示状态**: ✅ **正常**
- 标签栏显示在菜单栏下方
- 当前有一个标签："**Untitled.txt^**"，带有关闭按钮（×）
- 标签栏位置和样式显示正确

---

### ✅ 步骤3：文本编辑区域测试

**点击获焦**: ✅ **正常** - 点击编辑区域后光标出现，编辑器成功获得焦点

**输入"Hello World"**: ✅ **正常** - 文字成功显示在编辑区域

**状态栏更新**: ✅ **正常** - 底部状态栏实时更新：
- Line: 1, Column: 12
- 11 Characters（字符计数正确）
- 2 Words（词数计数正确）

---

### ✅ 步骤4：整体布局验证

**布局顺序（从上到下）**:
1. 🔝 菜单栏（MenuBar）- File | Edit | Search | View | Settings
2. 📑 编辑器标签栏（EditorTabs）- Untitled.txt^
3. 📝 文本编辑区域（主体内容区）
4. 📊 状态栏 - Line/Column/Character/Word 统计

**整体布局**: ✅ **菜单栏在上，编辑区域在下，布局结构正确**

---

### ⚠️ 发现的问题

| # | 类型 | 描述 | 严重程度 |
|---|------|------|----------|
| 1 | **功能Bug** | **Edit 菜单无法展开**：点击 Edit 菜单项无任何响应，不展示下拉菜单 | 🔴 高 |
| 2 | **视觉异常** | 菜单栏右侧出现 "**Download**" 文字，位置突兀，疑似浏览器下载功能与应用菜单栏重叠显示 | 🟡 中 |

---

### 📊 测试结论

- **File 菜单**: ✅ PASS
- **Edit 菜单**: ❌ **FAIL** - 无法展开（功能性Bug）
- **EditorTabs 显示**: ✅ PASS
- **文本输入功能**: ✅ PASS
- **整体布局**: ✅ PASS

**总体评估**: 应用大部分功能正常，但 **Edit 菜单存在功能性缺陷**，点击后没有下拉菜单展开，属于需要修复的 Bug。

==================================================

UI window closed
