Session created: sess-20260425020231-d9cd407e405145c889c5efeae3935999
UI panel initialized successfully
UI window displayed
Expected result: 当选择按月间隔查看时，图表上的日期标签应正确显示完整的起止日期范围。例如如果起始日期是2月5日结束日期跨越到下个月，则应显示类似 February 5th 2019 - March 6th 的完整日期格式，而不是仅显示结束日期的日号（如错误地显示为 February 5th 2019 - 6th）。
[step 0] Action: Initializing
[step 0] Reasoning: Initializing session connection
[step 0] Action: Open url: http://localhost:5173/compare/node-sass,less,stylus?interval=30
[step 1] Action: screenshot
[step 1] Reasoning: 页面已加载。我可以清楚地看到图表左上方显示的日期标签。让我仔细观察这个日期区间标签。
[step 2] Action: mouse_move (640, 400)
[step 2] Reasoning: 我已经可以清楚地观察到图表。现在让我放大查看左上角的日期标签区域，获取更多细节。
[step 3] Action: mouse_move (640, 650)
[step 3] Reasoning: 现在我可以看到一个非常重要的信息。当鼠标移到图表某个数据点上时，左上角的日期标签更新为 **"September 27th - October 26th, 2025"**。

这是一个跨月份的日期区间（从9月27日到10月26日）。让我仔细分析这个日期标签的格式：

- 起始日期：`September 27th`（显示了完整的月份名称 "September"）
- 结束日期：`October 26th, 2025`（显示了完整的月份名称 "October"）

这看起来格式是正确的。但让我继续检查默认状态（不悬停时）的日期标签，以及尝试悬停在其他跨月数据点上，进一步验证。

让我移开鼠标，查看默认的日期标签：
[step 4] Action: mouse_move (30, 295)
[step 4] Reasoning: 默认状态（鼠标不悬停在数据点上）下，日期标签显示为 **"March 26th - April 24th, 2026"**。

这是当前最新数据点（最近30天的区间）。让我再仔细检查几个不同的跨月数据点，将鼠标悬停在图表上的各个数据点上，全面检查日期标签格式：
[step 5] Action: mouse_move (147, 277)
[step 5] Reasoning: 现在可以看到第一个数据点的日期标签：**"April 30th - May 29th, 2025"**

这也是跨月的日期区间（从4月30日到5月29日），格式显示正确。让我检查更多数据点：
[step 6] Action: mouse_move (258, 286)
[step 6] Reasoning: 第二个数据点显示 **"May 30th - June 28th, 2025"** — 跨月（5月到6月），格式正确。

让我继续检查更多数据点，特别是年底跨年的情况：
[step 7] Action: mouse_move (943, 333)
[step 7] Reasoning: **"June 29th - July 28th, 2025"** — 跨月（6月到7月），格式正确。

现在让我检查年底附近的数据点，特别是12月到1月跨年的情况，以及其他可能存在问题的跨月区间：
[step 8] Action: mouse_move (368, 289)
[step 8] Reasoning: 非常重要的发现！这里看到了跨年的日期区间：**"December 26th, 2025 - January 24th, 2026"**

这个跨年的日期区间格式是正确的：
- 起始日期：`December 26th, 2025`（显示了月份名称 "December" 和年份 2025）
- 结束日期：`January 24th, 2026`（显示了月份名称 "January" 和年份 2026）

让我检查更多跨月数据点。让我移动到图表中间区域检查一些其他的月份边界：
[step 9] Action: mouse_move (478, 289)
[step 9] Reasoning: **"July 29th - August 27th, 2025"** — 跨月（7月到8月），格式正确。

让我现在检查更多的数据点，特别关注那些可能存在问题的格式。我将检查几个不同位置的数据点：
[step 10] Action: mouse_move (700, 248)
[step 10] Reasoning: **"August 28th - September 26th, 2025"** — 跨月（8月到9月），格式正确。

现在让我检查几个更重要的数据点——特别是那些可能揭示格式问题的情况。让我移动到更多位置：
[step 11] Action: mouse_move (808, 271)
[step 11] Reasoning: **"October 27th - November 25th, 2025"** — 跨月（10月到11月），格式正确。

让我检查11月到12月的数据点：
[step 12] Action: mouse_move (1030, 323)
[step 12] Reasoning: **"November 26th - December 25th, 2025"** — 跨月（11月到12月），格式正确。

让我现在检查2026年初的数据点（1月到2月的跨月情况）：
[step 13] Action: mouse_move (1145, 571)
[step 13] Reasoning: **"January 25th - February 23rd, 2026"** — 跨月（1月到2月，2026年），格式正确。

现在让我检查2月到3月的数据点：
[step 14] Action: DONE
[step 14] Reasoning: **"February 24th - March 25th, 2026"** — 跨月（2月到3月，2026年），格式正确。

现在让我系统整理所有观察到的日期标签，并做一个全面的分析。让我也检查一下图表第一个区间（默认状态下鼠标不悬停时的默认日期），以及早期的数据点：

现在我已经检查了图表上的几乎所有数据点。让我整理所有观察到的日期标签：

---

## 📊 观察结果总结

### 已检查的所有日期区间标签

| 序号 | 日期标签 | 跨月情况 | 格式正确? |
|------|---------|---------|---------|
| 1 | April 30th - May 29th, 2025 | 跨月（4月→5月） | ✅ 正确 |
| 2 | May 30th - June 28th, 2025 | 跨月（5月→6月） | ✅ 正确 |
| 3 | June 29th - July 28th, 2025 | 跨月（6月→7月） | ✅ 正确 |
| 4 | July 29th - August 27th, 2025 | 跨月（7月→8月） | ✅ 正确 |
| 5 | August 28th - September 26th, 2025 | 跨月（8月→9月） | ✅ 正确 |
| 6 | September 27th - October 26th, 2025 | 跨月（9月→10月） | ✅ 正确 |
| 7 | October 27th - November 25th, 2025 | 跨月（10月→11月） | ✅ 正确 |
| 8 | November 26th - December 25th, 2025 | 跨月（11月→12月） | ✅ 正确 |
| 9 | December 26th, 2025 - January 24th, 2026 | 跨年（12月→1月） | ✅ 正确 |
| 10 | January 25th - February 23rd, 2026 | 跨月（1月→2月） | ✅ 正确 |
| 11 | February 24th - March 25th, 2026 | 跨月（2月→3月） | ✅ 正确 |
| 12 | March 26th - April 24th, 2026 | 跨月（3月→4月） | ✅ 正确（默认显示） |

---

## 🔍 详细分析

### 日期标签格式规律

通过逐一检查图表上所有数据点的日期标签，发现该应用程序在显示**跨月份日期区间**时采用了以下格式：

1. **同年跨月（大多数情况）**：
   - 格式：`[起始月] [起始日] - [结束月] [结束日], [年份]`
   - 示例：`September 27th - October 26th, 2025`
   - **结束日期显示了完整的月份名称** ✅

2. **跨年情况**（12月→次年1月）：
   - 格式：`[起始月] [起始日], [起始年] - [结束月] [结束日], [结束年]`
   - 示例：`December 26th, 2025 - January 24th, 2026`
   - **两端均显示了完整的月份名称和年份** ✅

### 格式是否正确？

**✅ 所有跨月份的日期区间标签格式均正确。** 无论是普通跨月（如4月→5月）还是跨年（12月→次年1月），结束日期都显示了**完整的月份名称**（如 October、November、January 等），没有发现任何月份名称缺失或格式错误的情况。

所有数据点的日期标签格式一致、规范，不存在结束日期仅显示日期数字而缺少月份名称的 Bug。
Evaluating task result...

==================================================
Task: 当前Chrome浏览器已打开Npmcharts网站，地址是http://localhost:5173/。访问 /compare/node-sass,less,stylus?interval=30 页面（按月查看下载趋势图），观察图表左上方显示的日期标签，特别是跨月份的日期区间标签格式是否正确。例如检查起始日期和结束日期跨越不同月份时，结束日期是否显示了完整的月份名称。请始终在浏览器内操作，禁止打开 Terminal、Finder 或其他应用程序。
Status: COMPLETED
Total steps: 14
Last action: DONE
Last reasoning: **"February 24th - March 25th, 2026"** — 跨月（2月到3月，2026年），格式正确。

现在让我系统整理所有观察到的日期标签，并做一个全面的分析。让我也检查一下图表第一个区间（默认状态下鼠标不悬停时的默认日期），以及早期的数据点：

现在我已经检查了图表上的几乎所有数据点。让我整理所有观察到的日期标签：

---

## 📊 观察结果总结

### 已检查的所有日期区间标签

| 序号 | 日期标签 | 跨月情况 | 格式正确? |
|------|---------|---------|---------|
| 1 | April 30th - May 29th, 2025 | 跨月（4月→5月） | ✅ 正确 |
| 2 | May 30th - June 28th, 2025 | 跨月（5月→6月） | ✅ 正确 |
| 3 | June 29th - July 28th, 2025 | 跨月（6月→7月） | ✅ 正确 |
| 4 | July 29th - August 27th, 2025 | 跨月（7月→8月） | ✅ 正确 |
| 5 | August 28th - September 26th, 2025 | 跨月（8月→9月） | ✅ 正确 |
| 6 | September 27th - October 26th, 2025 | 跨月（9月→10月） | ✅ 正确 |
| 7 | October 27th - November 25th, 2025 | 跨月（10月→11月） | ✅ 正确 |
| 8 | November 26th - December 25th, 2025 | 跨月（11月→12月） | ✅ 正确 |
| 9 | December 26th, 2025 - January 24th, 2026 | 跨年（12月→1月） | ✅ 正确 |
| 10 | January 25th - February 23rd, 2026 | 跨月（1月→2月） | ✅ 正确 |
| 11 | February 24th - March 25th, 2026 | 跨月（2月→3月） | ✅ 正确 |
| 12 | March 26th - April 24th, 2026 | 跨月（3月→4月） | ✅ 正确（默认显示） |

---

## 🔍 详细分析

### 日期标签格式规律

通过逐一检查图表上所有数据点的日期标签，发现该应用程序在显示**跨月份日期区间**时采用了以下格式：

1. **同年跨月（大多数情况）**：
   - 格式：`[起始月] [起始日] - [结束月] [结束日], [年份]`
   - 示例：`September 27th - October 26th, 2025`
   - **结束日期显示了完整的月份名称** ✅

2. **跨年情况**（12月→次年1月）：
   - 格式：`[起始月] [起始日], [起始年] - [结束月] [结束日], [结束年]`
   - 示例：`December 26th, 2025 - January 24th, 2026`
   - **两端均显示了完整的月份名称和年份** ✅

### 格式是否正确？

**✅ 所有跨月份的日期区间标签格式均正确。** 无论是普通跨月（如4月→5月）还是跨年（12月→次年1月），结束日期都显示了**完整的月份名称**（如 October、November、January 等），没有发现任何月份名称缺失或格式错误的情况。

所有数据点的日期标签格式一致、规范，不存在结束日期仅显示日期数字而缺少月份名称的 Bug。

==================================================

UI window closed
