Session created: sess-20260425021017-9457dffea0d54c488db3363bf0863152
UI panel initialized successfully
UI window displayed
Expected result: 启用 log scale 后，图表应以对数刻度正确显示所有数据点，数据点位置应与对应的下载量数值在对数刻度上一致，不应出现异常的绘制点。关闭 log scale 后，图表应恢复为线性刻度并正确显示。
[step 0] Action: Initializing
[step 0] Reasoning: Initializing session connection
[step 0] Action: screenshot
[step 1] Action: left_click (63, 137)
[step 1] Reasoning: I can see the Npmcharts website is already open with some packages loaded. I can see the "log scale" checkbox in the top area. Let me first enter "react" as a package name to generate a chart, then test the log scale option.
[step 2] Action: type: react
[step 3] Action: left_click (125, 138)
[step 3] Reasoning: I've typed "react" in the input field. Now let me click "add" to add the react package to the chart.
[step 4] Action: left_click (305, 137)
[step 4] Reasoning: The "react" package has been added and I can see the chart is now displaying download statistics for React. The URL has changed to `localhost:5173/compare/react`, showing the react package download trend. The chart shows data from May to April with values ranging from about 10M to 120M.

I can see the "log scale" checkbox in the top bar. Now let me take note of the current chart state (linear scale) and then click on the "log scale" checkbox to enable it.

**Current state observation:**
- The chart shows React download data in linear scale
- The y-axis goes from about 10M to 120M
- Data points are visible on the curve
- The chart renders correctly in linear scale

Now let me click the "log scale" checkbox:
[step 5] Action: left_click (305, 137)
[step 5] Reasoning: I've enabled the "log scale" option. I can observe:

**Log scale enabled - First check:**
- The URL has changed to `localhost:5173/compare/react?log=true` indicating the log scale parameter is being applied
- The "log scale" checkbox is now checked (visible in the UI)
- The chart has re-rendered with a logarithmic scale
- The y-axis now shows values in logarithmic progression: 7M, 8M, 9M, 10M, 20M, 30M, 40M, 50M, 60M, 70M, 80M, 90M, 100M
- **Visual anomaly detected**: The chart data appears to be clustered in the upper portion of the chart area. The lower portion of the chart (from about 30M down to 7M on the y-axis) is mostly empty space. This seems visually unusual but could be expected since log scale compresses higher values.
- The data points are still visible and connected by a line

However, I notice something potentially buggy - in a proper log scale chart for React downloads (which range from ~30M to ~120M), the data should span more evenly across the logarithmic y-axis. The fact that all data is clustered at the top might indicate an issue.

Let me now toggle the log scale off and on multiple times to check if the chart renders correctly each time:
[step 6] Action: left_click (305, 137)
[step 6] Reasoning: **Log scale disabled - Second check (back to linear):**
- The URL changed to `localhost:5173/compare/react?log=false`
- The "log scale" checkbox is now unchecked
- The chart returned to linear scale, which looks identical to the original view
- Y-axis shows 10M to 120M in linear progression
- Data points and curve are correctly rendered

Let me toggle log scale on again (third toggle):
[step 7] Action: left_click (305, 137)
[step 7] Reasoning: **Log scale enabled again - Third check:**
- URL: `localhost:5173/compare/react?log=true`
- Log scale checkbox is checked
- The chart renders in log scale again, consistent with before

Now let me toggle off one more time for a fourth check:
[step 8] Action: DONE
[step 8] Reasoning: **Summary of all observations:**

After multiple tests of toggling the log scale on and off, here is a comprehensive analysis:

---

## Test Results Summary

### ✅ Functional Behavior:
1. **Package input**: Successfully typed "react" and added it - the chart loaded correctly
2. **Log scale toggle**: The "log scale" checkbox is found and functional
3. **URL parameter**: The URL correctly reflects the state:
   - `?log=true` when log scale is enabled
   - `?log=false` when log scale is disabled

### 🐛 Bug Found - Visual/Rendering Issue with Log Scale:

**When log scale is enabled:**
- The y-axis changes to logarithmic scale (showing values: 7M, 8M, 9M, 10M, 20M, 30M, 40M, 50M, 60M, 70M, 80M, 90M, 100M)
- **Critical Issue**: All the data points are clustered in the **upper portion** of the chart, leaving the entire lower half of the chart area empty/blank
- In a proper log scale with data ranging from ~30M to ~120M (which is roughly a 4x range, not spanning multiple orders of magnitude), the chart should distribute the data more evenly across the available space
- The chart appears to not be utilizing the full logarithmic scale space correctly - it seems the minimum value of the log scale axis (7M) is set too low, causing the data to be pushed to the top

**When log scale is disabled:**
- The chart correctly returns to linear scale with data spanning from ~10M to ~120M
- All toggles consistently work without errors

### Conclusion:
The log scale feature works functionally (checkbox toggles, URL updates, chart re-renders consistently), but there is a **rendering bug** where the log scale chart displays data incorrectly - all data points are crowded into the upper portion of the chart, leaving a large empty area at the bottom. This suggests the log scale y-axis minimum is set incorrectly (much lower than the actual minimum data value), causing poor data visualization in log mode.
Evaluating task result...

==================================================
Task: 当前Chrome浏览器已打开Npmcharts网站，地址是http://localhost:5173/。输入一个npm包名（如react）生成图表，然后勾选 log scale（对数刻度）选项，观察图表中的数据点绘制是否正确。切换 log scale 开关多次，检查图表每次是否正确渲染。请始终在浏览器内操作，禁止打开 Terminal、Finder 或其他应用程序。如果找不到 log scale 选项，标记 result 为 unclear。
Status: COMPLETED
Total steps: 8
Last action: DONE
Last reasoning: **Summary of all observations:**

After multiple tests of toggling the log scale on and off, here is a comprehensive analysis:

---

## Test Results Summary

### ✅ Functional Behavior:
1. **Package input**: Successfully typed "react" and added it - the chart loaded correctly
2. **Log scale toggle**: The "log scale" checkbox is found and functional
3. **URL parameter**: The URL correctly reflects the state:
   - `?log=true` when log scale is enabled
   - `?log=false` when log scale is disabled

### 🐛 Bug Found - Visual/Rendering Issue with Log Scale:

**When log scale is enabled:**
- The y-axis changes to logarithmic scale (showing values: 7M, 8M, 9M, 10M, 20M, 30M, 40M, 50M, 60M, 70M, 80M, 90M, 100M)
- **Critical Issue**: All the data points are clustered in the **upper portion** of the chart, leaving the entire lower half of the chart area empty/blank
- In a proper log scale with data ranging from ~30M to ~120M (which is roughly a 4x range, not spanning multiple orders of magnitude), the chart should distribute the data more evenly across the available space
- The chart appears to not be utilizing the full logarithmic scale space correctly - it seems the minimum value of the log scale axis (7M) is set too low, causing the data to be pushed to the top

**When log scale is disabled:**
- The chart correctly returns to linear scale with data spanning from ~10M to ~120M
- All toggles consistently work without errors

### Conclusion:
The log scale feature works functionally (checkbox toggles, URL updates, chart re-renders consistently), but there is a **rendering bug** where the log scale chart displays data incorrectly - all data points are crowded into the upper portion of the chart, leaving a large empty area at the bottom. This suggests the log scale y-axis minimum is set incorrectly (much lower than the actual minimum data value), causing poor data visualization in log mode.

==================================================

UI window closed
