Session created: sess-20260419031548-6ccb0da373054a60a3de453f33e7992e
UI panel initialized successfully
UI window displayed
Expected result: 每个打开的标签页都应在标签栏中显示其对应的文件名称，标签页名称不应为空白或缺失。
[step 0] Action: Initializing
[step 0] Reasoning: Initializing session connection
[step 0] Action: screenshot
[step 1] Action: Minimize panel
[step 1] Reasoning: 我可以看到Nucleus代码编辑器已经打开，界面显示了一个带有Nucleus logo的黑色启动/欢迎界面。可以看到顶部有菜单栏（File、Edit、View、Run、Help、Untitled Workspace），左侧有一个文件夹图标的侧边栏。当前编辑区域显示的是Nucleus的logo图标，没有打开任何文件，也没有标签栏显示。

让我先最小化任务状态面板，然后尝试通过侧边栏或File菜单打开一个文件来测试标签页名称显示。
[step 2] Action: left_click (15, 115)
[step 2] Reasoning: 现在面板已最小化。我可以看到：
- **界面观察**：Nucleus代码编辑器界面已正常渲染，包含顶部菜单栏（File、Edit、View、Run、Help、Untitled Workspace）、左侧侧边栏（有文件夹图标）和主编辑区域（显示Nucleus logo）。
- **标签栏**：当前没有打开任何文件，因此标签栏区域为空。
- **侧边栏**：左侧只有一个文件夹图标，没有展开的文件树。

让我尝试点击左侧的文件夹图标来打开文件浏览器。
[step 3] Action: left_click (41, 88)
[step 3] Reasoning: 文件浏览器侧边栏已经展开，显示了"Files"面板，并提示"You have not yet opened a folder."（您还未打开文件夹），同时有一个"Open Folder"按钮。

界面已正常渲染：
- 左侧文件浏览器（Files面板）
- 右侧主编辑区域显示Nucleus logo
- 标签栏当前为空

现在我需要尝试通过File菜单来创建或打开一个新文件，以测试标签页名称显示。让我先尝试File菜单中的"New File"选项。
[step 4] Action: left_click (55, 109)
[step 4] Reasoning: File菜单已展开，我可以看到以下选项：
- **New File...** (Ctrl + N)
- **Open File...** (Ctrl + O)
- **Open Folder** (Ctrl + K)
- **Open Recent**
- **Save File** (Ctrl + S)
- **Save File As...** (Ctrl + Shift + S)
- **Save All** (Ctrl + Shift + K)
- **Settings**
- **Exit**

让我点击"New File..."来创建一个新文件，测试标签页名称显示。
[step 5] Action: left_click (41, 88)
[step 5] Reasoning: 点击"New File..."后，没有出现任何对话框或新的标签页。编辑区域仍然显示Nucleus logo，标签栏没有变化。这可能是一个bug——"New File..."功能没有响应或没有按预期工作（没有弹出文件命名对话框，也没有创建新的未命名标签页）。

让我尝试使用键盘快捷键Ctrl+N，或者尝试"Open File..."选项。

**🔍 Bug记录**：点击"New File..."菜单项后，没有任何新文件创建，没有对话框弹出，没有标签页出现。

让我尝试"Open File..."选项来测试是否能打开一个文件：
[step 6] Action: left_click (57, 131)
[step 7] Action: key: ctrl+n
[step 7] Reasoning: "Open File..."也没有任何响应——没有弹出文件选择对话框。这是一个基于Electron/Web的应用，可能是因为运行在浏览器中而非桌面应用，所以文件系统访问受限。

让我尝试键盘快捷键Ctrl+N来创建新文件，看看是否有效：
[step 8] Action: key: F12
[step 8] Reasoning: Ctrl+N也没有效果。让我打开DevTools Console来检查是否有任何错误，以及应用的工作方式。

**🔍 多个Bug记录**：
1. "New File..." 菜单点击无响应
2. "Open File..." 菜单点击无响应  
3. Ctrl+N 快捷键无响应

让我打开DevTools查看控制台错误：
[step 9] Action: left_click (11, 503)
[step 9] Reasoning: DevTools Console已打开，我可以看到关键错误信息：

**Console错误分析：**

1. **警告（黄色）**：
   > "Could not find 'window.__TAURI_METADATA__'. The 'appWindow' value will reference the 'main' window label. Note that this is not an issue if running this frontend on a browser instead of a Tauri app."

2. **严重错误（红色）**：
   > `Uncaught (in promise) TypeError: window.__TAURI_IPC__ is not a function`
   > 
   > 调用栈显示错误发生在 `menu.ts:7` 处的点击事件处理中

**根本原因**：这个应用是一个**Tauri桌面应用**（Rust + Web前端框架），但当前是在**浏览器环境**中运行（localhost:5173）。Tauri的IPC（进程间通信）API（`window.__TAURI_IPC__`）在浏览器环境中不可用，只有在Tauri桌面应用容器中才可用。

这就解释了为什么"New File..."、"Open File..."等需要访问文件系统的功能都无法工作——这些功能依赖Tauri IPC来调用原生文件系统API。

让我展开错误详情查看完整信息：
[step 10] Action: scroll down (640, 560) scroll_amount 3
[step 10] Reasoning: 控制台错误信息已经很清晰。让我截取一个更大的控制台视图来查看所有错误详情：
[step 11] Action: DONE
[step 11] Reasoning: 控制台内容已经完整显示。现在我已经收集到了足够的信息来进行完整的测试报告。让我关闭DevTools并总结测试结果：

---

## 📊 测试报告：Nucleus 代码编辑器 - 标签页名称显示测试

### 步骤1：界面渲染观察

**✅ 正常渲染的部分：**
- 顶部菜单栏（File、Edit、View、Run、Help、Untitled Workspace）✅
- 左侧文件浏览器侧边栏（Files 面板，含"Open Folder"按钮）✅
- 主编辑区域（显示Nucleus Logo）✅
- 整体界面布局结构正常 ✅

**⚠️ 视觉观察：**
- 标签栏区域**完全空白**（无标签页），因为无法打开任何文件
- 侧边栏显示"You have not yet opened a folder."，文件树为空

---

### 步骤2：尝试点击打开文件

**❌ Bug 发现：**

| 操作 | 预期结果 | 实际结果 |
|------|---------|---------|
| File → New File... | 创建新文件/弹出命名对话框 | **无任何响应** |
| File → Open File... | 弹出文件选择对话框 | **无任何响应** |
| Ctrl+N 快捷键 | 创建新文件 | **无任何响应** |
| 侧边栏"Open Folder" | 弹出文件夹选择对话框 | **未测试（预计同样无效）** |

---

### 步骤3-4：标签页名称显示检查

**❌ 无法测试** - 由于所有文件打开功能均失败，无法打开任何文件，因此：
- 标签栏始终为空
- **无法验证标签页是否显示文件名**
- 无法测试多个标签页场景

---

### 步骤5：DevTools Console 错误分析

**发现了根本原因错误：**

```
⚠️ 警告: Could not find 'window.__TAURI_METADATA__'. 
   The 'appWindow' value will reference the 'main' window label.
   Note that this is not an issue if running this frontend 
   on a browser instead of a Tauri app.

❌ 严重错误: Uncaught (in promise) TypeError: 
   window.__TAURI_IPC__ is not a function
   at menu.ts:7  (点击菜单项触发)
```

**根本原因**：
- Nucleus 是一个 **Tauri 桌面应用**（使用 Rust 后端 + Web 前端）
- 所有文件系统操作（新建、打开文件/文件夹）依赖 **Tauri IPC（进程间通信）**
- 当前在 **浏览器环境**（localhost:5173）中运行时，`window.__TAURI_IPC__` 不存在
- 导致所有需要文件系统访问的菜单操作**完全失效**，静默失败无任何提示

---

### 🔴 总结结论

**标签页名称显示功能无法测试**，原因：
1. **核心Bug**：`window.__TAURI_IPC__ is not a function` 错误导致所有文件操作失败
2. 无法通过任何方式打开文件（New File、Open File 均无效）
3. 由于无法打开文件，标签栏始终为空，标签页名称显示功能**无法验证**
4. 应用在浏览器环境下缺少必要的错误处理/用户提示（操作失败时应提示用户，而非静默无响应）
Evaluating task result...

==================================================
Task: 当前Chrome浏览器已打开Nucleus代码编辑器应用，地址是http://localhost:5173/。测试编辑器标签页名称显示。步骤：1. 观察页面是否正常渲染了代码编辑器界面（侧边栏、编辑区域、标签栏等）。2. 如果有文件浏览器/侧边栏，尝试点击打开一个文件。3. 观察编辑器顶部标签栏，检查标签页是否显示了文件名称。4. 如果能打开多个文件，检查每个标签页是否都显示正确的文件名。5. 如果页面空白或出错，打开DevTools Console检查错误。始终在浏览器内操作，禁止打开Terminal。如果找不到目标功能直接报告unclear。
Status: COMPLETED
Total steps: 11
Last action: DONE
Last reasoning: 控制台内容已经完整显示。现在我已经收集到了足够的信息来进行完整的测试报告。让我关闭DevTools并总结测试结果：

---

## 📊 测试报告：Nucleus 代码编辑器 - 标签页名称显示测试

### 步骤1：界面渲染观察

**✅ 正常渲染的部分：**
- 顶部菜单栏（File、Edit、View、Run、Help、Untitled Workspace）✅
- 左侧文件浏览器侧边栏（Files 面板，含"Open Folder"按钮）✅
- 主编辑区域（显示Nucleus Logo）✅
- 整体界面布局结构正常 ✅

**⚠️ 视觉观察：**
- 标签栏区域**完全空白**（无标签页），因为无法打开任何文件
- 侧边栏显示"You have not yet opened a folder."，文件树为空

---

### 步骤2：尝试点击打开文件

**❌ Bug 发现：**

| 操作 | 预期结果 | 实际结果 |
|------|---------|---------|
| File → New File... | 创建新文件/弹出命名对话框 | **无任何响应** |
| File → Open File... | 弹出文件选择对话框 | **无任何响应** |
| Ctrl+N 快捷键 | 创建新文件 | **无任何响应** |
| 侧边栏"Open Folder" | 弹出文件夹选择对话框 | **未测试（预计同样无效）** |

---

### 步骤3-4：标签页名称显示检查

**❌ 无法测试** - 由于所有文件打开功能均失败，无法打开任何文件，因此：
- 标签栏始终为空
- **无法验证标签页是否显示文件名**
- 无法测试多个标签页场景

---

### 步骤5：DevTools Console 错误分析

**发现了根本原因错误：**

```
⚠️ 警告: Could not find 'window.__TAURI_METADATA__'. 
   The 'appWindow' value will reference the 'main' window label.
   Note that this is not an issue if running this frontend 
   on a browser instead of a Tauri app.

❌ 严重错误: Uncaught (in promise) TypeError: 
   window.__TAURI_IPC__ is not a function
   at menu.ts:7  (点击菜单项触发)
```

**根本原因**：
- Nucleus 是一个 **Tauri 桌面应用**（使用 Rust 后端 + Web 前端）
- 所有文件系统操作（新建、打开文件/文件夹）依赖 **Tauri IPC（进程间通信）**
- 当前在 **浏览器环境**（localhost:5173）中运行时，`window.__TAURI_IPC__` 不存在
- 导致所有需要文件系统访问的菜单操作**完全失效**，静默失败无任何提示

---

### 🔴 总结结论

**标签页名称显示功能无法测试**，原因：
1. **核心Bug**：`window.__TAURI_IPC__ is not a function` 错误导致所有文件操作失败
2. 无法通过任何方式打开文件（New File、Open File 均无效）
3. 由于无法打开文件，标签栏始终为空，标签页名称显示功能**无法验证**
4. 应用在浏览器环境下缺少必要的错误处理/用户提示（操作失败时应提示用户，而非静默无响应）

==================================================

UI window closed
