Session created: sess-20260427221949-6dfb84055a0b411aa5e51040c146c3ef
UI panel initialized successfully
UI window displayed
Expected result: 页面正常加载，PWA应用功能可用，无网络错误或白屏。
[step 0] Action: Initializing
[step 0] Reasoning: Initializing session connection
[step 0] Action: screenshot
[step 0] Reasoning: I'll start by taking a screenshot to observe the current state of the Chrome browser and the Nuxt PWA application.
[step 1] Action: key: Escape
[step 1] Reasoning: 我看到Chrome浏览器已打开，地址栏显示 `localhost:3000`，但页面内容区域是**完全白屏**的。我注意到有一个系统通知弹出框。让我先关闭通知，然后点击 `localhost:3000` 标签页来查看页面状态。
[step 2] Action: left_click (600, 400)
[step 2] Reasoning: 通知弹框还在，页面仍然是白屏。我看到标签栏中有两个 `localhost:3000` 标签页（一个在第4个位置，一个在第6个位置）。让我点击页面主体区域关掉通知，再点击正确的 `localhost:3000` 标签页。
[step 3] Action: left_click (609, 33)
[step 3] Reasoning: 页面仍然是白屏，通知弹框还在显示。我看到地址栏显示 `localhost:3000`，页面完全为白色没有任何内容。让我先点击当前活动的 `localhost:3000` 标签页（第4个），然后刷新页面，观察加载情况。让我先点击通知以外的区域来关闭它。
[step 4] Action: left_click (927, 33)
[step 4] Reasoning: 我发现点击第4个标签后，它变成了"Discord Data Package Explo..."，而不是 `localhost:3000`。地址栏仍然显示 `localhost:3000`。标签栏的状态有些混乱。我能看到：
- 标签1: Discord Data Package Explo...
- 标签2: Leaflet Geoman Demo
- 标签3: Leaflet Geoman Demo
- 标签4: Discord Data Package Explo... (现在是活动标签，地址是 localhost:3000?)
- 标签5: localhost:5173
- 标签6: localhost:3000
- 标签7: Pag... (截断)

地址栏显示 `localhost:3000` 但标签显示的是 Discord，这很奇怪。让我直接点击第6个标签 `localhost:3000`。
[step 5] Action: Open url: http://localhost:3000
[step 5] Reasoning: 第6个标签也变成了"Discord Data Package Explo..."，但地址栏仍然显示 `localhost:3000`。页面内容仍然是完全白屏。这表明有一个视觉异常 - 标签标题显示的是"Discord Data Package Explorer"，但地址栏显示的是 `localhost:3000`。

让我直接通过地址栏导航到 `http://localhost:3000`，以确保访问的是正确的页面。
[step 6] Action: key: F5
[step 6] Reasoning: 页面还是白屏。让我尝试刷新页面，并等待其加载完成。
[step 7] Action: triple_click
[step 7] Reasoning: 页面仍然是白屏。我注意到标签标题显示为"Discord Data Package Explo..."但地址栏显示 `localhost:3000`，这是一个明显的视觉异常 - **标签标题与实际URL不匹配**。

让我尝试直接在地址栏输入URL来导航。
[step 8] Action: type: http://localhost:...
[step 8] Reasoning: 地址栏已选中，显示 `localhost:3000`。我注意到有个建议"问问 Google 有关此页面的问题 - localhost"，这表明地址栏已激活。让我输入完整的URL并回车。
[step 9] Action: key: Return
[step 9] Reasoning: 非常有用的信息！我看到地址栏的下拉建议显示：
- **Discord Data Package Explorer - http://localhost:3000** - "切换到这个标签页"

这证实了 `http://localhost:3000` 运行的是 **Discord Data Package Explorer**，而不是 Nuxt PWA 应用！这解释了为什么标签标题显示的是"Discord Data Package Explorer"。

但我的任务是检查 Nuxt PWA 应用。让我按回车进入页面观察，同时也注意到历史记录中有多个 localhost:3000 的不同应用。

**重要观察**：当前 `localhost:3000` 运行的是 **Discord Data Package Explorer**，而不是 Nuxt PWA 应用，但页面是白屏状态。让我按回车导航并查看。
[step 10] Action: wait
[step 10] Reasoning: 页面加载中（可以看到刷新图标），但内容依然是白屏。让我等待一下让页面完成加载。
[step 11] Action: Minimize panel
[step 11] Reasoning: 等待3秒后，页面依然是白屏。标签标题显示"Discord Data Package Explo..."，地址栏显示 `localhost:3000`。页面完全空白，没有任何内容渲染。

让我检查是否有其他标签页可能是Nuxt PWA应用。我注意到在标签栏最右边还有一个被截断的标签"Pag..."。让我查看所有标签页，特别是那个截断的标签。

让我先最小化任务状态面板，以便看清楚标签栏。
[step 12] Action: left_click (1040, 33)
[step 12] Reasoning: 面板已最小化。页面仍然白屏。我看到标签栏有7个标签页，最右边显示的标签被截断为"Pag..."。让我点击那个截断的标签，看看它是否是Nuxt PWA应用。
[step 13] Action: key: ctrl+shift+r
[step 13] Reasoning: 这个标签也是 `localhost:3000`，地址栏显示相同，内容还是白屏。现在有一个通知显示"已阻止 'node' 修改 Mac 上的 App. - 允许..."。这个通知是系统级的，跟应用程序无关。

现在我看到有7个标签页但标签栏中只能看到部分。让我使用标签列表功能来查看所有标签。让我点击右侧的展开箭头（`>>`）查看更多标签。

我注意到目前所有访问 `localhost:3000` 的标签页都是白屏。让我尝试使用硬刷新（Cmd+Shift+R）来清除缓存并重新加载页面。
[step 14] Action: wait
[step 14] Reasoning: 硬刷新后仍然是白屏。让我等待几秒钟再查看。
[step 15] Action: screenshot
[step 15] Reasoning: 页面仍然是完全白屏。现在我注意到一个关键的异常：页面标题标签显示的是 "P..." 并且带有一个叉号图标（关闭按钮），但没有任何Favicon图标，地址栏显示 `localhost:3000`。

我需要检查Chrome的"查看页面源代码"功能，来了解页面实际上返回了什么内容，以判断是否是Nuxt PWA应用。让我使用 `view-source:` 协议。

实际上，让我先检查Chrome地址栏附近的PWA安装图标，看看是否有PWA相关提示。让我仔细查看地址栏右侧。
[step 16] Action: triple_click
[step 16] Reasoning: 页面持续白屏，没有任何内容显示。我需要查看页面源代码来了解实际情况。让我使用 `view-source:` 协议查看。
[step 17] Action: type: view-source:http:...

==================================================
Task: 当前Chrome浏览器已打开Nuxt PWA应用，地址是http://localhost:3000。观察页面是否正常加载，检查页面中PWA相关功能是否可用。注意观察页面加载时是否有任何错误提示或白屏。 请始终在浏览器内操作，禁止打开Terminal、Finder或其他应用程序。如果找不到目标功能，标记result为unclear。
Status: STOPPED_BY_USER
Total steps: 17
Last action: type: view-source:http:...
==================================================

UI window closed
