Session created: sess-20260419201314-b1115b6cbc8b4fc3b24038b4c8e61b4b
UI panel initialized successfully
UI window displayed
Expected result: 如果页面正常加载：应该看到所有 10 个动作（包含 Multiattack, Bite, Claw 等普通动作和 Detect, Tail Attack, Wing Attack 传奇动作）都列在同一个 'Actions' 标题下，没有独立的 'Legendary Actions' 标题。这就是 bug 的表现。如果页面空白：说明 API 数据未能加载到浏览器。
[step 0] Action: Initializing
[step 0] Reasoning: Initializing session connection
[step 0] Action: screenshot
[step 0] Reasoning: I'll start by taking a screenshot to observe the current state of the page.
[step 1] Action: left_click (779, 88)
[step 1] Reasoning: I can see the page is loaded but the main content area appears empty. There's a Google Translate popup and a task status widget. Let me close the translate popup first and then check the page content more carefully.
[step 2] Action: Minimize panel
[step 2] Reasoning: The main content area appears to be empty - I can see only the left navigation bar and breadcrumb navigation, but no monster data in the main content area. There's a red/orange scrollbar on the right side of the content area. Let me minimize the task panel first and then scroll down to check if any content is hidden below.
[step 3] Action: left_click (490, 300)
[step 3] Reasoning: The main content area is still empty. I can see there's an orange/red scrollbar on the right side of the content area, which suggests there might be content that's scrolled. Let me click on the main content area first to focus on it, then scroll down to see if there's any monster data below.
[step 4] Action: scroll down (490, 300) scroll_amount 5
[step 4] Reasoning: The content area is empty. I notice there's a bright orange/red scrollbar on the right side. Let me scroll down in the main content area to check if any content is hidden below the visible area.
[step 5] Action: key: F5
[step 5] Reasoning: The page content area is still empty after scrolling. The scrollbar position didn't change. The content area seems to be truly blank. There might be an issue with the page rendering. Let me try refreshing the page and observe what happens.
[step 6] Action: wait
[step 6] Reasoning: The page still appears empty. Let me wait a moment and check again, as the page might still be loading.
[step 7] Action: left_click (217, 61)
[step 7] Reasoning: The page is still showing blank content. I notice the scrollbar in the content area has an unusual orange/red color. The content area between the breadcrumb and the footer appears completely empty. Let me try navigating directly to the URL again to force a fresh load.
[step 8] Action: key: Return
[step 8] Reasoning: Good, the address bar is now active with the URL selected. Let me press Enter to reload the page.
[step 9] Action: wait
[step 9] Reasoning: The page is loading (I can see "Select Sources ⊙" in the left sidebar, which means the page is refreshing). Let me wait for it to fully load.
[step 10] Action: left_click (490, 300)
[step 10] Reasoning: The page is still showing an empty main content area. I notice the content area has a bright orange scrollbar on the right side, which is unusual. The left sidebar shows navigation items and the breadcrumb shows "ADULT BRONZE DRAGON (SRD)". Let me try scrolling down in the page using the keyboard (Page Down) to see if content is hidden below.

Let me try using the keyboard shortcut Ctrl+End to jump to the bottom of the page to see if there's any content there.
[step 11] Action: key: ctrl+minus
[step 11] Reasoning: The content area is still blank. I notice the scrollbar appears to be on the RIGHT side of the visible area. The orange scrollbar appears at approximately x=857. This is interesting - the scrollbar appears to be in an unusual position that might indicate the content is not inside the visible viewport but could be scrollable horizontally or the layout is broken.

Let me try zooming out the page to see if there's content that might be outside the viewport due to a layout issue.
[step 12] Action: key: ctrl+0
[step 13] Action: key: space
[step 13] Reasoning: The page still shows empty content. I notice the orange scrollbar is positioned very close to the right edge of the content area (around x=855-860) and appears to show it's near the top. 

Looking at the structure: the browser window is partially obscured by the VS Code-like editor on the right side of the screen. The actual content area of the Open5e website extends from about x=130 (after the left nav) to about x=855.

Wait - I'm wondering if the content might be there but the orange element is a scrollbar indicator that's covering the content. Let me try scrolling with keyboard on the main content.
[step 14] Action: key: ctrl+shift+r
[step 14] Reasoning: The content area is still blank. Let me look more carefully at what's happening. The orange scrollbar might be related to the scrollbar position indicator. The content area between the navigation and the browser edge appears completely blank/white. 

Let me try to hard-reload the page with Ctrl+Shift+R (bypassing cache).
[step 15] Action: scroll up (490, 300) scroll_amount 10
[step 15] Reasoning: Still empty. Wait - I notice the page has a scrollbar that looks like it's at the TOP of its range, and the area between the scrollbar appears to be at x=855-860. Looking at the content area carefully, the content is positioned from x=130 to x=855 (roughly). 

I wonder if the scrollable content is hidden because the scrollbar position is at the top, but the actual content might be very long and the scrollbar is visible. The bright orange scrollbar at x=855-860 extending from y=230-390 (roughly) - this looks like it could be showing position within a scrollable container.

Wait, actually looking more carefully - the orange bar appears to be the scrollbar for the content pane of the monster detail page. The content area might be scrolled to show the monster content. Let me try scrolling UP to see if maybe the content is above the current view.
[step 16] Action: Open url: http://localhost:3000/monsters/srd_adult-bronze-dragon
[step 16] Reasoning: The content area is still empty regardless of scrolling direction. The page appears to have a significant rendering issue where the monster content is not displaying. The orange scrollbar element is consistently present.

Let me look at the orange scrollbar element more carefully. It appears at approximately x=855, y=225-390. The entire main content area from x=130 to x=854 is white/blank.

Let me try navigating to a different monster to see if this is a site-wide issue or specific to this monster.
[step 17] Action: left_click (490, 300)
[step 17] Reasoning: A new tab opened with the same URL and same result - empty content. However, I notice the orange scrollbar is STILL there at the same position (x=855, y=225-390). This orange scrollbar element seems to be persisting across page loads.

Wait - actually I realize something. The orange/red scrollbar that I see at x=855-860 from y=228-390 is NOT a browser scrollbar - it looks like it could be a UI element from the application itself, like a colored scroll indicator or a sticky navigation element for the monster detail page. But no content is visible in the main area.

Let me look at this differently. The page seems to load (breadcrumb shows "ADULT BRONZE DRAGON (SRD)") but the content is invisible. This could be a CSS issue where content has white-on-white text, or the content is rendered but positioned outside the viewport.

Let me try using Ctrl+A (Select All) to see if there's any hidden text in the content area.
[step 18] Action: key: ctrl+f
[step 18] Reasoning: Let me try using Ctrl+F to search for text that should be on the page (like "Adult Bronze Dragon") to see if it's there but invisible.
[step 19] Action: left_click (139, 33)
[step 19] Reasoning: Hmm, Ctrl+F didn't open a Find bar, which is strange. It seems the focus is on the content area but Find didn't work. 

Wait - I notice something. Looking at the page more carefully:
1. The breadcrumb shows "ADULT BRONZE DRAGON (SRD)" 
2. The left sidebar is visible with navigation links
3. The content area (from x=130 to x=854) appears completely blank/white
4. There's a distinctive orange scrollbar at approximately x=855

This is consistent behavior across multiple page loads and reloads. The orange scrollbar element on the right side of the content area is the key item here.

I notice the browser window appears to be showing only from x=0 to about x=940 (the rest is obscured by the VS Code editor). The content area appears to be COMPLETELY EMPTY.

Let me try clicking first tab to make it active, then use Ctrl+F.
[step 20] Action: double_click (400, 33)
[step 20] Reasoning: Good - now I'm on the first tab. The content area is still blank. I see that both tabs have the same URL (adult-bronze-dragon). Let me look more carefully.

I notice something important - the VS Code editor in the background shows some code in the right panel, but more importantly, the browser window content area appears to have a scrollbar at approximately x=855. 

Let me zoom the browser window or try making it full screen to get a better view of the full page without any overlap from the VS Code window.

Let me try clicking the Chrome window to maximize it and bring it to front.
[step 21] Action: scroll down (700, 400) scroll_amount 5
[step 21] Reasoning: Excellent! Now I can see the full Chrome window maximized! The page is clearly visible now, and the main content area is **completely blank/white** - no monster data is displayed. The left navigation sidebar shows the usual links (Classes, Races, Monsters, etc.) and the breadcrumb shows "HOME / MONSTERS / ADULT BRONZE DRAGON (SRD)".

The orange scrollbar is no longer visible, which tells me that orange element earlier was part of the VS Code window that was behind the Chrome window.

The content area is truly empty. This is a significant functional bug - the monster detail page shows no content. Let me scroll down to confirm there's no hidden content below.
[step 22] Action: key: ctrl+f
[step 22] Reasoning: The content area remains completely blank even after scrolling down. There is absolutely no monster data visible. The page appears to have loaded (the breadcrumb shows the correct page name, and the left navigation is intact), but the main content area where the monster stats should be displayed is completely empty.

Let me try using Ctrl+F to search for any text that might be present but invisible.
[step 23] Action: left_click (700, 300)
[step 23] Reasoning: Ctrl+F is not opening a find bar, which is unexpected. The browser might not be receiving the keyboard shortcut correctly. Let me try using the Chrome menu to open Find.

Let me try clicking on the Chrome menu button (the three dots) to see if Find is there.

Actually, let me try to use the View menu in the Mac menu bar to trigger Find.
[step 24] Action: left_click (47, 135)
[step 24] Reasoning: The page is definitely showing an empty content area. Let me now check whether this might be a source selection issue - I notice "1 of 24 sources" in the left sidebar. Maybe the SRD source isn't enabled. Let me click on "1 of 24 sources" to see if there's a source selection dropdown.
[step 25] Action: left_click (737, 344)
[step 25] Reasoning: A "Sources" dialog appeared! I can see it has a "System" dropdown and "All" / "None" options. Currently "1 of 24 sources" is selected and the System dropdown appears to be empty/no selection. This might be the issue - only 1 source is selected and the SRD source might not be the one selected.

Let me click "All" to select all sources, then click "Update".
[step 26] Action: left_click (710, 393)
[step 26] Reasoning: I can see "All" and "None" are both now checked (✓ All ✓ None). This seems unusual - both are checked simultaneously. The System dropdown also shows "-". Let me scroll down in the sources dialog to see if there are individual sources to select, and also try clicking just "All" more clearly.

Wait - looking more carefully, both "All" and "None" appear to have checkmarks. This might be a visual bug in the sources dialog. Let me click "Update" to apply the current selection and see what happens.
[step 27] Action: left_click (47, 135)
[step 27] Reasoning: Interesting! After updating sources, the sidebar now shows "Select Sources ✏️" instead of "1 of 24 sources". The sources count has been reset. The content area is still empty. 

Now I notice that it seems the sources selection might have reset to 0 (none selected). This could be why there's no content. Let me click "Select Sources" to re-open the dialog and select the SRD source properly.
[step 28] Action: left_click (628, 357)
[step 28] Reasoning: The Sources dialog is open again. I can see:
- "System" dropdown with a "-" value
- Both "✓ All" and "✓ None" are checked (which is a UI bug - both shouldn't be checked simultaneously)
- The sources list appears to be empty (no individual source checkboxes visible)

This Sources dialog seems to have a very limited UI - I can only see the System dropdown and All/None buttons. The actual list of sources seems to be absent or not visible. 

Wait - the dialog is very small and might just have the System dropdown as the main filtering control. The content is only showing System and the All/None buttons. 

Let me try clicking the System dropdown to see what options are available.
[step 29] Action: left_click (631, 389)
[step 29] Reasoning: The System dropdown shows three options:
- "-" (currently selected, highlighted in blue)
- Advanced 5th Edition
- 5th Edition 2014
- 5th Edition 2024

The SRD content belongs to "5th Edition 2014". Let me select that option, and then click "All" to select all sources for that system.

==================================================
Task: Chrome 浏览器已打开 http://localhost:3000/monsters/srd_adult-bronze-dragon 页面。

这是一个 D&D 5e 怪物详情页（成年青铜龙）。页面可能已加载内容，也可能显示空白。

请执行以下操作：
1. 先截图观察页面当前状态
2. 如果页面内容为空白（只有左侧导航栏和面包屑导航，主内容区为空），请向下滚动检查是否有内容被隐藏在下方
3. 如果看到怪物数据（AC、HP、能力值等），请向下滚动到 Actions（动作）区域
4. 检查页面上是否有独立的 'Legendary Actions'（传奇动作）标题区域，还是所有动作（包括 Detect、Tail Attack、Wing Attack 等传奇动作）都混在普通 'Actions' 标题下
5. 截图记录 Actions 区域的完整状态

重要：禁止打开 DevTools、Terminal 或任何其他应用程序。只在浏览器页面内操作。
Status: STOPPED_BY_USER
Total steps: 29
Last action: left_click (631, 389)
Last reasoning: The System dropdown shows three options:
- "-" (currently selected, highlighted in blue)
- Advanced 5th Edition
- 5th Edition 2014
- 5th Edition 2024

The SRD content belongs to "5th Edition 2014". Let me select that option, and then click "All" to select all sources for that system.

==================================================

UI window closed
