Session created: sess-20260416190250-2a809d33021944fead1f601447d3c27f
UI panel initialized successfully
UI window displayed
Expected result: 怪物详情页中的动作应按类型分组显示，每种动作类型（如Actions、Legendary Actions等）有各自独立的标题，传奇动作不应与普通动作混在一起列出，而是显示在Legendary Actions标题下方。
[step 0] Action: Initializing
[step 0] Reasoning: Initializing session connection
[step 0] Action: screenshot
[step 1] Action: screenshot
[step 1] Reasoning: The page seems to be loading but the content area is empty. Let me wait a moment and then take another screenshot to see if the page has loaded.
[step 2] Action: key: F5
[step 2] Reasoning: The page content area is still empty. This might be a loading issue. Let me try refreshing the page and waiting for it to load properly.
[step 3] Action: wait
[step 3] Reasoning: The page content is still empty. Let me wait a few seconds and try again.
[step 4] Action: Open url: http://localhost:3000/monsters/srd_adult-bronze-dragon
[step 4] Reasoning: The page content area is still empty. The breadcrumb shows "ADULT BRONZE DRAGON (SRD)" which means the page navigation is correct but the content isn't rendering. Let me try clicking on the main content area and then use the URL bar to navigate directly.
[step 5] Action: left_click (169, 32)
[step 5] Reasoning: I can see a Google Translate bar appeared at the top, and the page content is still empty. Let me close the translate bar and wait for the page to load.
[step 6] Action: left_click (295, 32)
[step 6] Reasoning: I see there are two tabs open - the first one was closed. Let me click on the second tab (the one still showing "Adult Bronze Dragon") and wait for content to load.
[step 7] Action: left_click (640, 400)
[step 7] Reasoning: The page content is still not loading. The breadcrumb shows the right page, but the main content area is completely blank. This might be a rendering issue with the application. Let me try scrolling down to see if any content is below the visible area, or try clicking somewhere in the content area.
[step 8] Action: scroll down (640, 400) scroll_amount 5
[step 8] Reasoning: The page is still showing an empty content area. Let me try scrolling down to see if there's any content below.
[step 9] Action: key: ctrl+shift+r
[step 9] Reasoning: The page content area remains empty even after scrolling. This is clearly a rendering issue. The page structure is showing (navigation breadcrumbs, left sidebar) but the main content is not loading. Let me try a hard refresh with Ctrl+Shift+R to force a full reload clearing any cached content.
[step 10] Action: left_click (137, 32)
[step 10] Reasoning: The page is still empty. The breadcrumb is showing the correct page name, and the URL is correct. I notice there are still 2 tabs open. Let me try waiting for a bit longer and check if the page eventually loads. Maybe the application is taking a long time to serve the content.

Let me try clicking on the first tab to see what's there, and also check the second tab more carefully.
[step 11] Action: wait
[step 11] Reasoning: Both tabs are showing empty content. The page is clearly not loading the monster data. This could be a slow API issue. Let me wait for a longer duration to give the application more time to load.
[step 12] Action: key: F12
[step 12] Reasoning: Still empty. The content might be loading very slowly or the page rendering is broken. Let me check the browser console to see if there are any errors. But first, let me try a different approach - let me navigate to the page using the address bar directly with a hard reload by pressing Cmd+Shift+R.

Actually, I realize that I notice a possible issue - the page tab title says "Adult Bronze Dragon – Open5e" which suggests the tab title is correct, but the content isn't rendering. This could be a JavaScript rendering issue. Let me try to use the developer console to check what's happening.

Let me try opening developer tools to check for errors.
[step 13] Action: left_click (1100, 616)
[step 13] Reasoning: Now I can see the developer tools. There's an error in the console:

**"Uncaught (in promise) TypeError: Cannot read properties of undefined (reading 'length')"** at `[id].vue:141`

This is a JavaScript error that's causing the page content to fail to render. The error appears at `[id].vue:141:34` which suggests there's a bug in the monster detail page component where it's trying to read the `length` property of something that's `undefined`.

Let me click on the error to see more details.
[step 14] Action: left_click (1230, 610)
[step 14] Reasoning: I can see the error clearly - "Uncaught (in promise) TypeError: Cannot read properties of undefined (reading 'length')" at [id].vue:141. Let me click on the error link to see more about the error source code.
[step 15] Action: left_click (952, 538)
[step 15] Reasoning: Excellent! Now I can see the source code of the error. Looking at the code around line 141:

- Line 139: `<!-- DAMAGE IMMUNITIES -->`
- Line 141: `<ul v-if="damageImmunities.length>` (this is where the error occurs - it's trying to read `.length` on `damageImmunities` which is `undefined`)
- Line 142: `<label`
- Line 143: `for="dmg-immunities"`
- Line 144: `class="inline font-bold after:`
- Line 147: `Damage Immunities`

So the bug is on line 141 where `damageImmunities` is undefined and the code tries to call `.length` on it without proper null checking. However, this is in the template/rendering section and is causing a page render failure.

But wait - the error occurs in the template rendering. Let me check if this means the entire page fails to render or just this section. Let me look at the content that's visible. The main content area was entirely blank. This suggests the error is propagating and stopping the entire page from rendering.

Let me close the DevTools and try scrolling to see if any content loaded, or check the Console tab for more information.

Let me look at the Console tab for more context on the error.
[step 16] Action: left_click (952, 608)
[step 16] Reasoning: Now let me look at the full console errors. The Console tab shows:
- 1 error
- 3 warnings  
- 2 info

Let me expand the error to understand more about it. Let me click on the "1 error" section to filter for errors.
[step 17] Action: left_click (919, 593)
[step 17] Reasoning: Now I can see the Console clearly showing the error. There's "7 hidden" messages. I can see:
- "Uncaught (in promise) TypeError: Cannot read properties of undefined (reading 'length')" at `[id].vue:141`
- The error is coming from `Proxy._sfc_render` at `[id].vue:141:34`

The error is in `[id].vue` (the monster detail page) at line 141 where it tries to read `.length` on something that is undefined (likely `damageImmunities`).

This is clearly a **bug in the application** - the page fails to render because of this TypeError. Let me expand the error to see the full stack trace.

Let me click on the error to expand it.
[step 18] Action: key: F12
[step 18] Reasoning: I can see the console has expanded to show more details. There are grouped messages including "client 2", "runtime...", "devtool...", and "route-p..." These seem to be the stack trace items. The error is definitely:

**"Uncaught (in promise) TypeError: Cannot read properties of undefined (reading 'length')"** at `[id].vue:141:34`

This is at `Proxy._sfc_render ([id].vue:141:34)`

The page content is completely blank due to this error. However, since the task requires me to test the Actions section specifically, let me try to close the DevTools and see if any content was actually rendered despite the error. Sometimes Vue applications can partially render even with errors.

Let me close the DevTools and scroll through the page.
[step 19] Action: key: ctrl+Home
[step 19] Reasoning: The page content is still empty after closing DevTools. The entire content area is blank white. The page rendering has completely failed due to the JavaScript TypeError. 

However, I notice there might be some content if I scroll. Let me try scrolling to see if any content is hidden below or if perhaps the content area is just off-screen.

Let me try scrolling up first to make sure I'm at the top of the page, then slowly scroll down.
[step 20] Action: Open url: http://localhost:3000/monsters/srd_adult-bronze-dragon
[step 20] Reasoning: The page content is completely blank. This is a critical bug where the entire monster detail page fails to render. The page navigation and breadcrumbs are working (showing "ADULT BRONZE DRAGON (SRD)"), but the content area is empty.

Let me try to check the second tab and see if it also has the same issue. But first, let me try using the API to check if the data is actually being served, which would help me understand if this is a data issue or a rendering issue.

Let me try to access the API directly to understand the data structure.
[step 21] Action: wait
[step 21] Reasoning: A new tab was opened and it also shows the same blank page. There's a Google Translate bar at the top. The page is still completely empty. 

Let me check if perhaps the page requires some time to load. Let me wait a few more seconds and then check if any content appears.
[step 22] Action: left_click (170, 32)
[step 22] Reasoning: Still completely empty. The page is not loading content. Let me try one more approach - let me check the API endpoint directly to see if the monster data is available. Let me try to access the API at the localhost:

Actually, let me look at this from a different angle. The page is showing the correct title "ADULT BRONZE DRAGON (SRD)" in the breadcrumb, which means the routing is working. The JavaScript error at `[id].vue:141` when trying to read `damageImmunities.length` is causing the entire render to fail.

Let me try to check if maybe there's any partial rendering by looking at the page source (Ctrl+U).

Actually, the task is to test the Actions section and its grouping functionality. Given that the page is completely failing to render due to a critical JavaScript bug:

**Bug Found:**
- `TypeError: Cannot read properties of undefined (reading 'length')` at `[id].vue:141:34`
- The error occurs when trying to access `damageImmunities.length` where `damageImmunities` is `undefined`
- This causes the **entire page content to fail to render** - the content area is completely blank

Since the page content is not rendering at all, I cannot test the Actions grouping functionality as the monster details, including Actions, Legendary Actions, etc., are not displayed.

However, let me try one more thing - let me check if the error might be related to the Google Translate bar interfering or if there's another way to access the page. Let me also try to dismiss the Google Translate bar and hard reload.
[step 23] Action: left_click (295, 32)
[step 23] Reasoning: I see a browser tab tooltip showing "Adult Bronze Dragon - Open5e" and "localhost:3000" with memory usage "内存用量: 144 MB". I accidentally hovered over a browser tab. Let me click on the first tab (the one with the page already showing "ADULT BRONZE DRAGON (SRD)") to make sure I'm on the right tab.

Let me click on the second tab (index 1, showing "Adult Bronze Dragon – Open5e").
[step 24] Action: left_click (640, 61)
[step 24] Reasoning: The page is still showing blank content. Let me try a completely different approach - let me use Ctrl+U to view the page source to understand what HTML was generated.

Actually, the error is clear from the console. Let me try a different approach - let me navigate using the address bar to see if the page loads:
[step 25] Action: key: Return
[step 25] Reasoning: I can see the address bar is active with the URL `localhost:3000/monsters/srd_adult-bronze-dragon`. Let me press Enter to reload the page.
[step 26] Action: left_click (30, 272)
[step 26] Reasoning: The page is still showing blank content. The breadcrumb shows the correct "ADULT BRONZE DRAGON (SRD)" title, which means the page routing is correct but the content isn't rendering due to the JavaScript error.

Let me try a completely different approach. Rather than trying to load the page through this tab (which has been failing), let me try to understand the issue better by checking whether this is a client-side rendering issue by looking at what happens if I navigate from the monsters list.

Let me click on "Monsters" in the left navigation to go to the monsters list first.
[step 27] Action: left_click (230, 177)
[step 27] Reasoning: The Monsters list page loaded successfully! This shows the content is working for the list view. The issue is specifically with the monster detail page. Now I can see the list of monsters and search for "Adult Bronze Dragon". Let me search for it.
[step 28] Action: type: Adult Bronze Dragon
[step 28] Reasoning: I can see a search autocomplete is showing "Adult" text. Let me type "Adult Bronze Dragon" to search for the specific monster.
[step 29] Action: left_click (216, 311)
[step 29] Reasoning: Excellent! The search results show 4 "Adult Bronze Dragon" entries with different sources:
1. Adult Bronze Dragon **ASE MM** - Dragon, Huge
2. Adult Bronze Dragon **BFRD** - Dragon, Huge
3. Adult Bronze Dragon **SRD-2024** - Dragon, Huge  
4. Adult Bronze Dragon **SRD-2014** - Dragon, Huge

The task specifically mentions the SRD version (`srd_adult-bronze-dragon`). I can see there are two SRD versions - SRD-2024 and SRD-2014. Looking at the URL format `srd_adult-bronze-dragon`, this likely corresponds to the SRD-2014 version. Let me click on it.

Actually, I can see the 4th entry says "SRD-2014" which matches the URL slug `srd_adult-bronze-dragon`. Let me click on it.
[step 30] Action: wait
[step 30] Reasoning: I can see the URL has changed to `localhost:3000/monsters/srd_adult-bronze-dragon` and the breadcrumb shows "ADULT BRONZE DRAGON (SRD)". The content area below the search (which is still visible from the Monsters list page) shows the 4 results. The page title area shows "Monsters" and the breadcrumb shows the adult bronze dragon page. But the content for the Adult Bronze Dragon detail page is NOT showing.

Wait, I notice the page title still says "Monsters" in the main content area, but the URL and breadcrumb show "ADULT BRONZE DRAGON (SRD)". This is very confusing. Let me wait a moment and then take a screenshot to see if the page loaded.
[step 31] Action: key: F5
[step 31] Reasoning: I notice something very interesting here. The page has:
- URL: `localhost:3000/monsters/srd_adult-bronze-dragon` ✓ (correct)
- Breadcrumb: HOME / MONSTERS / ADULT BRONZE DRAGON (SRD) ✓ (correct)
- BUT the content area still shows "Monsters" heading with the search field and results from the Monsters list

This is a **routing/rendering bug** - when navigating from the Monsters list to a monster detail page, the content area is not updating to show the monster detail. The breadcrumb updates correctly, but the main content stays as the Monsters list.

Let me try reloading the page with F5 to see if it shows the monster detail content correctly.
[step 32] Action: key: ctrl+shift+r
[step 32] Reasoning: The page is still showing the Monsters list view with the search results, but the URL is `localhost:3000/monsters/srd_adult-bronze-dragon` and the breadcrumb shows "ADULT BRONZE DRAGON (SRD)". The content area is stuck showing the Monsters search page. This is clearly a rendering bug.

Wait - I need to look at this more carefully. The page tab at the top still shows "Monsters - Open5e" in the second tab (not "Adult Bronze Dragon - Open5e"). The main content shows the monsters list. But the URL changed to the adult bronze dragon URL.

Let me check - looking at the three browser tabs:
1. First tab: "Adult Bronze Dragon – Open5e" (which was showing blank)
2. Second tab: "Monsters - Open5e" (currently active - showing the monsters search results with adult bronze dragon)
3. Third tab: "Adult Bronze Dragon – Open5e" (another blank page)

Actually wait - looking at the current tab, it says "Monsters - Open5e" in the tab, but the URL bar shows `localhost:3000/monsters/srd_adult-bronze-dragon`. This is very weird.

This must be a client-side routing issue where the URL updates but the page content doesn't re-render for the new route. Let me try using Ctrl+Shift+R for a hard reload.
[step 33] Action: left_click (137, 32)
[step 33] Reasoning: Still the same - the content area shows the Monsters list with the search results. The URL is correct (`localhost:3000/monsters/srd_adult-bronze-dragon`) and the breadcrumb is correct ("ADULT BRONZE DRAGON (SRD)"), but the content area is completely wrong - it's still showing the Monsters search list.

This is a confirmed **routing/rendering bug** in the application. The content area is not updating to show the monster detail page when navigating via client-side routing.

Let me try clicking on the 3rd tab (the one that says "Adult Bronze Dragon – Open5e") which has a different URL.

Wait, actually I should check the first tab (tab 1) which was also showing "Adult Bronze Dragon – Open5e". That tab was loaded by direct URL navigation (not by clicking a link from the list). Let me click on tab 1.
[step 34] Action: key: F12
[step 34] Reasoning: I'm now on tab 1. This tab shows:
- URL: `localhost:3000/monsters/srd_adult-bronze-dragon`
- Breadcrumb: HOME / MONSTERS / ADULT BRONZE DRAGON (SRD)
- Content: **COMPLETELY BLANK** (no content whatsoever)

This is a different failure mode from the monsters list tab (tab 2), where the content area showed the monsters list search. This tab was accessed directly by URL and the content is completely blank.

Let me open DevTools on this tab to check the console error more carefully.
[step 35] Action: left_click (951, 538)
[step 35] Reasoning: Now I can see the DevTools clearly. This is very revealing! I can see:

**In the Sources panel:**
- The source code shows line 141: `<ul v-if="damageImmunities.length` - this is the problematic line!
- Line 141, Column 34: `(From [id].vue)`

**In the Console panel:**
- **"Uncaught (in promise) TypeError: Cannot read properties of undefined (reading 'length')"** at `[id].vue:141` and `[id].vue:141:34`
- The call was `at Proxy._sfc_render ([id].vue:141:34)`
- There are: 1 error, 3 warnings, 2 info messages, "7 hidden"

The source code on line 141 shows:
```
<ul v-if="damageImmunities.length
```

This is in the Vue template where `damageImmunities` is **undefined** (not an empty array), so calling `.length` on it throws a TypeError. This causes the entire Vue component to fail to render.

Looking at the source, the fix would be `damageImmunities?.length` or `damageImmunities && damageImmunities.length`.

Now let me switch to the Console tab to see the full error details.
[step 36] Action: left_click (916, 590)
[step 36] Reasoning: I can still see the DevTools console. The error is clearly shown:

**Error:** `Uncaught (in promise) TypeError: Cannot read properties of undefined (reading 'length')` at `[id].vue:141` and `[id].vue:141:34`

The console shows:
- "1 Issue" 
- **1 error** (the TypeError)
- 3 warnings
- 2 info

Let me expand the error to see the full stack trace. Let me click on the error message.
[step 37] Action: left_click (977, 130)
[step 37] Reasoning: Excellent! Now I can see more of the console output. I can see:

**Console output:**
- `key="default" name="default" ... > at NuxtLayout > at App key=4 > at NuxtRoot >`
- **"Uncaught (in promise) TypeError: Cannot read properties of undefined (reading 'length')"** at `[id].vue:141` (link to `[id].vue:141`)
- `at Proxy._sfc_render ([id].vue:141:34)`

The error is in the `_sfc_render` function at line 141:34 where it tries to read `.length` on something that is `undefined`.

Looking at the source code (visible in the left panel), line 141 shows:
```html
<ul v-if="damageImmunities.length
```

The variable `damageImmunities` is `undefined` instead of an empty array or a string. The `v-if` condition is trying to call `.length` on `undefined` which throws a TypeError, and this crashes the entire Vue render function.

Now I have fully documented the bug. Let me close DevTools and write my test report.

Actually, before I close DevTools, let me check what `damageImmunities` is supposed to be. Looking at the source code visible in the left panel, around line 148-149 I can see `v-for="immunity in damageImmu...` which suggests `damageImmunities` should be an iterable (array or similar). The Adult Bronze Dragon's damage immunities should be "Lightning" (bronze dragons are immune to lightning damage), so the data should be there.

Let me check the Elements tab to see the rendered HTML structure to understand if any content was rendered at all.
[step 38] Action: left_click (929, 229)
[step 38] Reasoning: Now I can see the Elements panel. The DOM structure shows:
- `<!DOCTYPE html>`
- `<html lang="en">`
- `<head>` (collapsed)
- `<body>` with `$0` selected
  - `<div id="__nuxt">` 
  - `<div id="teleports">`
  - `<script>` (application/json with data-nuxt-logs)
  - `<script>` (application/json with nuxt data)
  - `<script>` (collapsed)
  - `<div id="vue-inspector-container">` (collapsed)

The `<body>` element is selected, and the Properties panel shows `baseURI: "http://localhost:3000/monsters/srd_adult-bronze-dragon"` which confirms the URL is correct.

The DOM shows that the main content div (`#__nuxt`) is there but the Vue rendering failed to populate it with the monster detail content due to the TypeError.

Let me try to expand the `#__nuxt` div to see what's inside.
[step 39] Action: left_click (922, 229)
[step 39] Reasoning: Excellent! Now I can see the `div#__nuxt` element is expanded and selected. The breadcrumb at the bottom shows `html > body > div#__nuxt`. The Properties panel shows:

- `childElementCount: 1` - only one child!
- `children: HTMLCollection(1) [div.overflow-hidden.text-darkness]` - ONE child div with class `overflow-hidden text-darkness`
- `baseURI: "http://localhost:3000/monsters/srd_adult-bronze-dragon"` ✓

So the Nuxt container has only ONE child div. Let me expand the `div#__nuxt` in the Elements tree to see the child structure.

Let me click on the expand arrow next to `div id="__nuxt"` to see its children.
[step 40] Action: left_click (951, 538)
[step 40] Reasoning: I can see the `div#__nuxt` is now collapsed (it shows `:::` which means it's truncated). The Properties panel shows `childElementCount: 1` and the children is `HTMLCollection(1) [div.overflow-hidden.text-darkness]`. 

This means the entire page content rendered inside `#__nuxt` is just a SINGLE div with class `overflow-hidden text-darkness`, which is essentially empty or barely has any content. This confirms the page rendering failed completely.

Let me now look at the NUXT data script to understand what data the server provided. Let me try clicking on the NUXT_DATA script element.

Actually, let me take a different approach. Instead of digging through DevTools, let me try to use the browser console to check what data is available for the adult bronze dragon. Let me switch to the Console panel and query the Vue application state.
[step 41] Action: left_click (1090, 660)
[step 41] Reasoning: Now I'm looking at the console. I can see the error at the bottom:

```
Uncaught (in promise) TypeError: Cannot 
read properties of undefined (reading 'length')
[id].vue:141
at Proxy._sfc_render ([id].vue:141:34)
```

Let me click directly in the console input area and type a command to check the monster data. Let me click on the console input at the bottom.
[step 42] Action: left_click (1090, 643)
[step 42] Reasoning: I can see the console input prompt is now active (showing `> |` at the bottom). Let me type a JavaScript command to fetch the monster data from the API to verify what data is returned.
[step 43] Action: type: fetch('/api/v2/mo...
[step 43] Reasoning: Good, the console input is ready. Let me type a fetch command to get the monster data from the API endpoint. Let me type a command to fetch the monster data:
[step 44] Action: key: Return
[step 44] Reasoning: I can see the console input shows the fetch command. Now let me press Enter to execute it.
[step 45] Action: left_click (1090, 643)
[step 45] Reasoning: Interesting! The console is now showing:

- `Promise {<pending>}`
- `GET http://localhost:3000/api/v2/monsters/srd_adult-bronze-dragon/ 404 (Page not found: /api/v2/monsters/srd_adult-bronze-dragon/)`
- `{}` at `VM785:1`

The API endpoint `/api/v2/monsters/srd_adult-bronze-dragon/` returns a **404 error** (Page not found)! This is why the monster data is not loading - the API endpoint doesn't exist or the URL format is wrong.

This means:
1. The API returns 404 for `/api/v2/monsters/srd_adult-bronze-dragon/`
2. The monster data is not being fetched
3. When the Vue component tries to render, `damageImmunities` is `undefined` because the monster data wasn't loaded
4. This causes `TypeError: Cannot read properties of undefined (reading 'length')` at line 141
5. The entire page fails to render

The root cause seems to be either:
- The API endpoint format is wrong (maybe it should be different)
- The monster with that ID doesn't exist in the API
- The API is not running or not configured correctly

Let me try to check the correct API format. Let me try without the trailing slash:
[step 46] Action: type: fetch('/api/v2/mo...
[step 46] Reasoning: I can see the console is now showing the 404 error. The console input is ready for another command. Let me try a different API endpoint - let me check what API format the application is actually using by trying the network tab. But first, let me try to query the API directly to understand the data structure.

Let me try checking the network requests by looking at what the application is actually requesting. Let me type a command to check the correct API URL.
[step 47] Action: key: Return
[step 47] Reasoning: I can see the console is ready with the new fetch command typed in. Let me press Enter to execute it.
[step 48] Action: left_click (1063, 130)
[step 48] Reasoning: The console shows another 404 error for the API endpoint. The response shows:

```
GET /api/v2/monsters/?search=adult+bronze+dragon&limit=1 VM785:1 404
statusCode: 404, statusMessage: "Page not found", message: "Page not found: /api/v2/monsters/?search=adult+bronze+dragon&limit=1", stack: "", data: {"path":"/api/v2/monsters/?search=adult+bronze+dragon&limit=1"}
```

So **all API routes under `/api/v2/monsters/`** are returning 404! This means the API is not set up correctly or the backend service is not running.

Wait - but I successfully saw the list of monsters earlier when I clicked on the "Monsters" nav item. Let me check what API the monsters list page is using. Let me check the Network tab to see what requests are being made.

Let me click on the "Network" tab to inspect the network requests.
[step 49] Action: left_click (1256, 130)
[step 49] Reasoning: Wait - I see something unexpected in the top-left corner. The dock says "Python" instead of showing Chrome. This might be a focus issue. The DevTools are still showing. 

Looking at the DevTools, I'm still on the Console tab (not Network). The task status shows "Step: 48". Let me try to click on the Network tab in the DevTools header bar. The DevTools tabs appear to be: Elements, Console, and possibly more. Let me look for the Network tab.

Looking at the DevTools, I can see:
- `Elements` tab
- `Console` tab  
- But there's no visible "Network" tab in the current view

Let me try to click on the `>>` arrow to see more DevTools tabs.
[step 50] Action: left_click (293, 32)
[step 50] Reasoning: I can see the DevTools is still on the Console tab with the Elements and Console tab visible. The DevTools are docked to the right side. The content I'm seeing in the left panel shows the breadcrumb "HOME / MONSTERS / ADULT BRONZE DRAGON (SRD)" and the content area is blank.

Since the DevTools is currently docked to the right side of the page and is taking up part of the screen, let me try to navigate using the tabs at the top. I can see there are two visible tabs: Elements and Console.

Actually, I realize I need to look at this differently. The DevTools panel is floating over the page. Let me try to click on the page area and reload with the Network tab open. But first, let me try to understand if the Monsters list page is making different API calls.

Let me switch to the second tab (Monsters - Open5e tab) and check the network requests there.
[step 51] Action: left_click (217, 311)
[step 51] Reasoning: Excellent! Now I can see the Monsters list page is loaded and working correctly! I can see:

**Monsters search results for "Adult Bronze Dragon":**
1. Adult Bronze Dragon **ASE MM** - Dragon, Huge
2. Adult Bronze Dragon **BFRD** - Dragon, Huge
3. Adult Bronze Dragon **SRD-2024** - Dragon, Huge
4. Adult Bronze Dragon **SRD-2014** - Dragon, Huge ← This is highlighted/selected

This is the correct monsters list page. I can also see that a tooltip is showing "Monsters - Open5e / localhost:3000" with memory usage "内存用量: 84.8 MB".

I need to click on the **SRD-2014** Adult Bronze Dragon (the 4th entry which corresponds to `srd_adult-bronze-dragon`). But I see the 4th entry is already highlighted. Let me click directly on it.
[step 52] Action: wait
[step 52] Reasoning: I can see that clicking on "Adult Bronze Dragon SRD-2014" entry:
- Updated the URL to `localhost:3000/monsters/srd_adult-bronze-dragon` ✓
- Updated the breadcrumb to "HOME / MONSTERS / ADULT BRONZE DRAGON (SRD)" ✓
- But the **content area STILL shows the Monsters list** with "Monsters" heading and search results!

The status bar at the bottom shows `localhost:3000/monsters/srd_adult-bronze-dragon` and the URL bar also shows this. But the content area hasn't updated to show the monster detail page.

This confirms the **routing/rendering bug** - the page URL updates but the content doesn't change. The Monsters list content is still displayed instead of the Adult Bronze Dragon detail page.

Let me wait a moment to see if the page transitions to the detail view.
[step 53] Action: key: F5
[step 53] Reasoning: After 3 seconds, the content area STILL shows the Monsters list. The content has not transitioned to show the Adult Bronze Dragon detail page, despite:
- URL showing `localhost:3000/monsters/srd_adult-bronze-dragon` ✓
- Breadcrumb showing "HOME / MONSTERS / ADULT BRONZE DRAGON (SRD)" ✓
- Content area showing "Monsters" with search results ✗

This is a confirmed **routing/rendering bug** where the main content area doesn't update when navigating from the monsters list to a monster detail page via client-side routing.

Let me try to press F5 to reload the page while on this URL (since the URL is correct), to force the server to re-render the monster detail page.
[step 54] Action: wait
[step 54] Reasoning: The F5 key press doesn't seem to have refreshed the page (the content is still showing the Monsters list). Let me wait for the refresh to complete.
[step 55] Action: left_click (640, 61)
[step 55] Reasoning: The content area is STILL showing the Monsters list. This is very strange. Even though the URL is `localhost:3000/monsters/srd_adult-bronze-dragon` and the breadcrumb shows "ADULT BRONZE DRAGON (SRD)", the content area is stuck showing the Monsters list.

I notice the breadcrumb has changed slightly - the separators changed from "/" to a different character (looks the same in the screenshot, but it might be a visual difference).

Let me try clicking on the address bar and pressing Enter to force the browser to load the page fresh:
[step 56] Action: key: Return
[step 56] Reasoning: I can see the address bar is now selected (highlighted in blue) with the URL `localhost:3000/monsters/srd_adult-bronze-dragon`. The dropdown also shows "问问 Google 有关此页面的问题 - localhost" (Ask Google about this page - localhost). 

Let me press Enter to reload the page at this URL:
[step 57] Action: wait
[step 57] Reasoning: The page has refreshed and now shows:
- URL: `localhost:3000/monsters/srd_adult-bronze-dragon` ✓
- Breadcrumb: HOME / MONSTERS / ADULT BRONZE DRAGON (SRD) ✓
- Content area: **COMPLETELY BLANK** (white, empty) ✗

This is the same behavior as the first tab - when the monster detail page is loaded by direct URL navigation (not via client-side routing from the list), the content area is **completely blank**.

I see there are now 3 tabs all showing "Adult Bronze Dragon" pages that are blank. Let me wait a moment to see if the content loads after a delay.
[step 58] Action: key: F12
[step 58] Reasoning: After 5 seconds, the content area is STILL completely blank. The page is not loading any monster data or UI elements. The content area between the breadcrumb and the bottom is entirely white/empty.

This confirms the **critical bug** - the Adult Bronze Dragon detail page fails to render its content entirely. The page shows:
- Navigation sidebar (working) ✓
- Breadcrumb (working) ✓ 
- Main content area: **EMPTY** (broken) ✗

Let me try one more approach - let me use the browser console to check what's happening with the data. Let me open DevTools (F12) and check the console.
[step 59] Action: left_click (1157, 617)
[step 59] Reasoning: Now I can clearly see the DevTools opened on this new tab. The Console shows:

**CRITICAL BUG CONFIRMED:**
```
🔴 Uncaught (in promise) TypeError: Cannot read properties of undefined (reading 'length')
   [id].vue:141
   at Proxy._sfc_render ([id].vue:141:34)
```

The console clearly shows:
- **1 error** (the TypeError at `[id].vue:141`)
- 3 warnings
- 2 info
- 2 verbose

The error is:
**"Uncaught (in promise) TypeError: Cannot read properties of undefined (reading 'length')"**
at `[id].vue:141` and at `Proxy._sfc_render ([id].vue:141:34)`

This is the same error I saw before. The `damageImmunities` variable is `undefined` when the component tries to render, causing a TypeError that prevents the entire page from rendering.

Looking at the Elements panel, I can also see:
- `<div id="__nuxt">` → contains sub-elements
- `<div id="teleports">`
- Multiple `<script>` tags
- `<div id="vue-inspector-container">`

The `body` element shows `childElementCount: 7` and `children: HTMLCollection(7)` which includes `div#__nuxt, div#teleports, script, script#__NUXT_DATA_, script__...`

The `baseURI` is confirmed as `http://localhost:3000/monsters/srd_adult-bronze-dragon`.

Now let me click on the error in the console to see what specific line is failing and what the data looks like.
[step 60] Action: left_click (1238, 610)
[step 60] Reasoning: I can see the DevTools is still showing. I notice the console shows the error:

```
🔴 Uncaught (in promise) TypeError: Cannot read properties of undefined (reading 'length')
   [id].vue:141
   at Proxy._sfc_render ([id].vue:141:34)
```

And there's a link `[id].vue:141:34` that I can click to see the source code. Let me click on that link to navigate to the source code.
[step 61] Action: left_click (1006, 148)
[step 61] Reasoning: Excellent! Now I can clearly see the **source code** where the error occurs! The DevTools has navigated to the Sources panel showing the file structure:

**File path:** `top > localhost:3000 > _nuxt > monsters > srd_adult-bronze-dr...`

**Source code around line 141:**
```
139    <!-- DAMAGE IMMUNITIES -->
140    <ul v-if="damageImmunities.length
141  <ul v-if="damageImmunities.length
142    <label
143      for="dmg-immunities"
144      class="inline font-bold after:
145    >
146      Damage Immunities
147    </label>
148    <li
149      v-for="immunity in damageImmu...
```

**Status bar shows:** `Line 141, Column 34` (From `[id].vue`)

**This is the exact line causing the error!**

Line 141: `<ul v-if="damageImmunities.length` - This is checking `damageImmunities.length` but `damageImmunities` is `undefined` instead of an array.

The error happens because:
1. The component tries to access `damageImmunities.length`
2. `damageImmunities` is `undefined` (not an empty array)
3. This throws `TypeError: Cannot read properties of undefined (reading 'length')`
4. Vue's render function crashes, and the entire page fails to render

**Root cause:** The `damageImmunities` computed property or data property is returning `undefined` instead of an array (even if empty). The fix would be to use optional chaining: `damageImmunities?.length` or to ensure `damageImmunities` always returns at least an empty array.

Let me now check if I can see the network requests to understand if the data is actually being fetched. Let me switch to the Network tab.
[step 62] Action: key: Escape
[step 62] Reasoning: I see a dropdown menu appeared with options: "Overrides", "Content scripts", "Snippets". This is not what I wanted. Let me press Escape to close this dropdown and then try to find the Network tab in the DevTools.
[step 63] Action: left_click (1049, 131)
[step 63] Reasoning: Good, the dropdown is closed. Now I can see the DevTools in Sources panel view. I need to switch to the Network tab to check the API calls. The DevTools toolbar shows tabs: "Elements", "Console" and a `>>` for more tabs. The Sources panel is currently active within the "Page" tab.

Let me click on the `>>` (More tabs) button to find the Network tab.
[step 64] Action: left_click (952, 538)
[step 64] Reasoning: I see the DevTools still shows the Sources/Page view and didn't open a new tab dropdown. The DevTools is docked to the right side, so the tab bar is narrow and only shows "Elements" and "Console" plus some other icons.

I can clearly see the source code at the top-right panel:
- Line 139: `<!-- DAMAGE IMMUNITIES -->`
- Line 140: `<ul v-if="damageImmunities.length` (this is where the error happens on line 141 at column 34)
- Line 141: (same line continued)
- Line 142: `<label`
- Line 143: `for="dmg-immunities"`
- Line 144: `class="inline font-bold after:`
- Line 145: `>`
- Line 146: `Damage Immunities`
- Line 147: `</label>`
- Line 148: `<li`
- Line 149: `v-for="immunity in damageImmu...`

The bug is clear. Line 141 (column 34) shows `damageImmunities.length` where `damageImmunities` is `undefined`.

Now I need to check if this is an issue with the data fetching or with the component code itself. Let me use the Console to check what data is available. Let me click on the Console tab.
[step 65] Action: left_click (1025, 131)
[step 65] Reasoning: I can see the DevTools Console panel at the bottom of the DevTools is showing the error, and the Sources panel is still visible at the top. Let me click directly on the "Console" tab in the DevTools header to switch to the Console panel.
[step 66] Action: left_click (1130, 640)
[step 66] Reasoning: Now I can see the full Console panel with detailed error information! This is very revealing:

**Vue Warning and Error stack trace:**

1. **`[Vue warn]:`** `runtime-core.esm-bundler.js?v=ec7332a8c:50` - "Unhandled error during execution of component update"

2. **Error trace:**
   - at `<[id] class="main-content pt-auto mx-0 w-full px-4 py-4 pb-0 text-darkness dark:text-white sm:px-8">` 
   - at `<Default ref=Ref<> > Proxy(Object) > >` 
   - at `<AsyncComponentWrapper ref=Ref<> > Proxy(Object) > >`
   - at `<LayoutLoader key="default" layoutProps= > Object name="default" >`
   - at `<NuxtLayoutProvider layoutProps= > Object key="default" name="default" ... >`
   - at `<NuxtLayout >`
   - at `<App key=4 >`
   - at `<NuxtRoot >`

3. **Second error message:**
   - `<Anonymous key="/monsters/srd_adult-bronze-dragon()" vnode= > Object route= > Object ... > `
   - at `<BaseTransition onAfterLeave= > Array(1) mode="out-in" appear=true ... >`
   - at `<Transition onAfterLeave= > Array(1) name="fade" mode="out-in" >`
   - at `<RouterView name=undefined route=undefined ...>`
   - (many more entries)

4. **Final error:**
   ```
   🔴 Uncaught (in promise) TypeError: Cannot read properties of undefined (reading 'length')  [id].vue:141
      at Proxy._sfc_render ([id].vue:141:34)
   ```

This confirms:
- The error is in the `[id].vue` component (the monster detail page component)
- The component name is `<[id] class="main-content pt-auto mx-0 w-full px-4 py-4 pb-0 text-darkness dark:text-white sm:px-8">`
- The error is at line 141, column 34 where it tries to read `.length` on `damageImmunities` which is `undefined`
- This causes the entire Vue component tree to fail to render

Now let me check what data the monster API returns by querying from the console. Let me click in the console input and type a fetch command to understand what data is being returned.
[step 67] Action: left_click (1130, 625)
[step 67] Reasoning: The Console panel is visible with all the error details. I notice there's a ">" prompt at the bottom of the console (below the error output). Let me try to find the console input and type a command to check the monster data.

Looking at the DevTools, I can see the console output area. Let me click at the very bottom of the console area to focus the input prompt.
[step 68] Action: scroll down (1130, 500) scroll_amount 5
[step 68] Reasoning: I can see the console showing a ">" symbol at the bottom. I can see the bottom of the DevTools panel with the error output. The console prompt `>` should be visible at the bottom. Let me look for the `"Console"` tab at the very bottom and click on it. Actually, I see "Console" tab at the very bottom left of the DevTools panel.

Let me try to use `Ctrl+L` to clear the console and get a fresh prompt, then type my command to check the API data.

Actually, I notice I should be more careful about where to click. The bottom of the DevTools shows:
- "Console" tab 
- "AI assistance" tab
- The bottom area has a `>` prompt

Let me try scrolling down in the console to see the prompt.
[step 69] Action: left_click (1010, 625)
[step 69] Reasoning: I can see the bottom of the DevTools console panel shows "> " at the very bottom (the console input prompt). The console is showing the full error trace. I need to click on this "> " prompt area at the very bottom of the console to type a command.

Looking at the layout, the console prompt ">" appears to be right below the error message at coordinate approximately (1010, 625). Let me click directly on the ">" prompt to focus the console input.
[step 70] Action: left_click (952, 653)
[step 70] Reasoning: I can see the console is still showing the same view. The console input area should be at the bottom. I can see the ">" prompt character at coordinate approximately (1010, 625). Let me try to click below the error message at the very bottom of the console panel.

The console shows `>` at the bottom (line 625). Looking at the layout, I can see the console separator at the very bottom: `_1_`. Let me try to use keyboard shortcut Ctrl+` (backtick) to open the console drawer, or just directly type in the console by clicking properly.

Let me try clicking on the "Console" tab at the very bottom of the DevTools to make sure it's focused.
[step 71] Action: left_click (1140, 625)
[step 71] Reasoning: The DevTools is still showing the same console view. The DevTools panel has:
- Top: Main DevTools toolbar with Elements, Console tabs
- Middle: Error output with the Vue error stack trace
- Bottom: Console tab (at coordinate ~(952, 653)) and "AI assistance" tab

I can see the "> " prompt at the very bottom of the output area. Let me try clicking right on the ">" symbol visible at the very bottom, then type a command. Actually, the ">" symbol I see in the console is at coordinate about (1010, 625).

Let me try a different approach - let me click directly on the console input line that's at the very bottom of the DevTools output area.

Looking at the screenshot more carefully, I can see:
- The error text ends with "at Proxy._sfc_render ([id].vue:141:34)"
- Below that there's a ">" symbol indicating the console input prompt

This ">" symbol appears to be at approximately (1010, 625). Let me try clicking right on that.

Actually, I've been successfully navigating and confirming all the key issues. Let me now try to fetch the data directly via the network to understand what API format is used. Let me try a simpler approach and check the __NUXT_DATA__ script tag that Nuxt includes in the page.

Let me try to query the `__NUXT_DATA__` script to understand what data is being passed.

The DevTools is focused and the console should accept input if I type now. Let me just try typing directly:
[step 72] Action: key: F12
[step 72] Reasoning: I can see the DevTools Console is still showing. Let me try a completely different approach. The console input seems to be at the very bottom but I keep clicking on the output area. Let me try to press Escape to clear the selection, then use Ctrl+L to clear the console, and then type directly.

Actually, looking at the screenshot, I notice there's a `>` symbol at the bottom of the console output area. This is at approximately (1010, 625). Above this prompt, there's the final error message at coordinates (1090, 590-610). 

The console input cursor is at about (1010, 625). Let me try clicking at the very bottom-right of the console output area.

Let me try a different approach and just close the DevTools, then use the browser's address bar to directly check the API endpoint to understand the data structure.
[step 73] Action: left_click (640, 61)
[step 73] Reasoning: DevTools is now closed. The page is showing the Adult Bronze Dragon detail page with:
- URL: `localhost:3000/monsters/srd_adult-bronze-dragon` ✓
- Navigation sidebar (left): Open5e logo, navigation items ✓
- Breadcrumb: HOME / MONSTERS / ADULT BRONZE DRAGON (SRD) ✓
- Content area: **COMPLETELY BLANK** (white, empty) ✗

The main content area is entirely white/blank. No monster data is shown at all. This is a confirmed rendering failure.

Now let me try to check the API directly. Let me open the API URL in the browser to check what data is returned. I'll click on the address bar and navigate to the API endpoint.
[step 74] Action: type: localhost:3000/ap...
[step 74] Reasoning: The address bar is active and showing `localhost:3000/monsters/srd_adult-bronze-dragon`. I can see a dropdown with an option to "问问 Google 有关此页面的问题 - localhost" (Ask Google about this page - localhost). 

Let me try to navigate to the API endpoint to check what data is being returned. I'll type the API endpoint URL directly. Let me try to check the API format by navigating to the `/api/v2/monsters/srd_adult-bronze-dragon` endpoint.
[step 75] Action: key: Return
[step 75] Reasoning: I can see the address bar showing `localhost:3000/api/v2/monsters/srd_adult-bronze-dragon/` with a dropdown showing:
1. `localhost:3000/api/v2/monsters/srd_adult-bronze-dragon/` (browse to URL option)
2. `localhost:3000/api/v2/monsters/srd_adult-bronze-dragon/ - Google 搜索`

Let me press Enter to navigate to this URL to check the API response.
[step 76] Action: left_click (14, 61)
[step 76] Reasoning: **CRITICAL FINDING!** The API endpoint is returning a **404 error!**

The page shows:
- **"Critical Failure!"** (red heading)
- **"Error 404"** 
- **"Page not found: /api/v2/monsters/srd_adult-bronze-dragon/"**
- "Return to Homepage" link
- "Try searching for what you need in the site menu"
- A red icosahedron (D20) icon

This is the Open5e 404 page, which confirms that **the API endpoint `/api/v2/monsters/srd_adult-bronze-dragon/` does NOT exist!**

The API is returning 404 for this specific monster endpoint. This means:
1. The monster data is not available via this URL
2. The frontend tries to fetch monster data but gets 404/undefined
3. When the component tries to render `damageImmunities.length`, `damageImmunities` is `undefined` because the API call failed
4. This throws a `TypeError` at line 141 which crashes the entire Vue component render

This confirms my earlier finding from the console where `fetch('/api/v2/monsters/srd_adult-bronze-dragon/')` returned a 404.

Now I notice this is the second tab (Open5e). The other tab (tab 3 - "Adult Bronze Dragon – Open5e") was the one I was using for the monster detail page. Let me go back to investigate further.

But first, this is an important question - is the API endpoint format correct? The URL slug is `srd_adult-bronze-dragon` (with underscore). Let me check if the API uses a different format. Let me try without the trailing slash.

Actually, I notice the error says "Page not found: /api/v2/monsters/srd_adult-bronze-dragon/" - this means the page is being served by the Nuxt app itself (since it's using the Open5e 404 page, not a server 404). This could mean the Nuxt server-side API routes handle this but the route just doesn't exist in the current build.

Let me go back to the monster detail page and try to understand this better. Let me navigate back.
[step 77] Action: left_click (640, 61)
[step 77] Reasoning: I went back to the Adult Bronze Dragon page (`localhost:3000/monsters/srd_adult-bronze-dragon`) and the content is **completely blank** again. This confirms the rendering issue.

Now I've confirmed both the primary bug (404 API endpoint) and the secondary bug (TypeError causing blank page). 

Let me try one more thing - let me check if maybe the application uses a different API format. Let me look at the page's `__NUXT_DATA__` script to see what data is embedded. Let me check the page source to understand what data might be available.

Actually, let me try to check the API in a different way. Let me navigate to the monsters list API to understand the API structure:
[step 78] Action: triple_click
[step 78] Reasoning: Good, the address bar is active with `localhost:3000/monsters/srd_adult-bronze-dragon`. Let me navigate to the API monsters list to understand the API structure:
[step 79] Action: type: localhost:3000/ap...
[step 79] Reasoning: Good, the address bar text is now selected (highlighted blue). Now let me type the API endpoint to check the monsters list.
[step 80] Action: key: Return
[step 80] Reasoning: Good, the address bar shows `localhost:3000/api/v2/monsters/?search=adult+bronze+dragon&limit=1`. Let me press Enter to check the API response:

==================================================
Task: 当前Chrome浏览器已打开open5e网站的成年青铜龙(Adult Bronze Dragon)详情页，地址是http://localhost:3000/monsters/srd_adult-bronze-dragon。测试怪物详情页中动作（Actions）按类型分组显示的功能。具体步骤：1. 向下滚动到动作（Actions）区域，检查页面上是否将不同类型的动作分别归类显示。2. 确认普通动作（Actions）是否有独立的标题和分组，例如Multiattack、Bite、Claw等应在Actions标题下。3. 确认传奇动作（Legendary Actions）是否显示在单独的Legendary Actions标题下，例如Detect、Wing Attack、Tail Attack应与普通Actions分开。4. 检查是否存在其他动作分组如Bonus Actions、Reactions等，如果该怪物有这些类型，它们也应各自有独立的标题区域。5. 特别注意：传奇动作是否错误地混在普通Actions列表中，还是正确地显示在单独标题下。请始终在浏览器内操作，禁止打开Terminal、Finder或其他应用程序。
Status: STOPPED_BY_USER
Total steps: 80
Last action: key: Return
Last reasoning: Good, the address bar shows `localhost:3000/api/v2/monsters/?search=adult+bronze+dragon&limit=1`. Let me press Enter to check the API response:

==================================================

UI window closed
