
> dev
> nuxt dev

[nuxi] Nuxt 3.15.4 with Nitro 2.10.4

  ➜ Local:    http://localhost:3000/
  ➜ Network:  use --host to expose

[nuxt:tailwindcss] ℹ Using Tailwind CSS from ~/styles/tailwind.css
[vue-query-nuxt] ℹ Adding vue-query-nuxt module...
[vue-query-nuxt] ✔ Added vue-query-nuxt module successfully.
  ➜ DevTools: press Shift + Option + D in the browser (v1.7.0)

[nuxt:tailwindcss] ℹ Tailwind Viewer: http://localhost:3000/_tailwind/
[vue-query-nuxt] ℹ No vue-query.config.ts file found.
✔ Vite client built in 19ms

 WARN  Browserslist: browsers data (caniuse-lite) is 18 months old. Please run:
  npx update-browserslist-db@latest
  Why you should do it regularly: https://github.com/browserslist/update-db#readme

✔ Vite server built in 482ms
[nitro] ✔ Nuxt Nitro server built in 254 ms
ℹ Vite client warmed up in 1ms
ℹ Vite server warmed up in 595ms

 ERROR  [unhandledRejection] read ECONNRESET

    at TCP.onStreamRead (node:internal/stream_base_commons:217:20)

[vue-query-nuxt] ℹ No vue-query.config.ts file found.
ℹ page reload public/test-actions.html
