Session created: sess-20260418235847-d30ca40571c04d378e79828f8d28d346
UI panel initialized successfully
UI window displayed
Expected result: 当最小化推荐内容或启用剧院模式后，视频播放器应自动扩展到窗口的全部宽度，右侧不应留有空白区域；切换回正常模式后，推荐内容和视频播放器恢复为正常并排布局。
[step 0] Action: Initializing
[step 0] Reasoning: Initializing session connection
[step 0] Action: screenshot
[step 1] Action: Open url: http://localhost:5173/preferences
[step 1] Reasoning: I can see the Piped website is already open with a video page loading. Let me first navigate to the preferences page to check the settings.
[step 2] Action: Minimize panel
[step 2] Reasoning: I'm on the Preferences page. I can see it has Player settings. I need to scroll down to find "Minimize Recommendations" and "Theater mode" options. Let me scroll down to see more options.
[step 3] Action: scroll down (634, 400) scroll_amount 5
[step 3] Reasoning: Good, the panel is minimized. Now I can see the preferences page clearly. I need to scroll down to find "Minimize Recommendations" and "Theater mode" options. Let me scroll down.
[step 4] Action: scroll down (634, 400) scroll_amount 3
[step 4] Reasoning: I can see "Minimize Comments by default" option at the bottom. I need to scroll down more to find "Minimize Recommendations" and "Theater mode" options.
[step 5] Action: scroll down (634, 400) scroll_amount 3
[step 5] Reasoning: I can now see "Minimize Recommendations by default" option. I can see:
- **Minimize Comments by default**: unchecked (OFF)
- **Minimize Description by default**: checked (ON) ✓
- **Minimize Recommendations by default**: unchecked (OFF)
- **Minimize Chapters by default**: unchecked (OFF) - partially visible

Let me scroll down a bit more to see if there's a "Theater mode" option as well.
[step 6] Action: scroll down (634, 400) scroll_amount 5
[step 6] Reasoning: Now I can see the preferences clearly. I can observe:
- **Minimize Comments by default**: unchecked (OFF)
- **Minimize Description by default**: checked (ON) ✓ - blue checkbox
- **Minimize Recommendations by default**: unchecked (OFF)
- **Minimize Chapters by default**: unchecked (OFF)

Let me scroll down more to see if there's a "Theater mode" option.
[step 7] Action: scroll down (634, 400) scroll_amount 5
[step 7] Reasoning: I can see more settings now. I can see:
- **Minimize Recommendations by default**: unchecked (OFF)
- **Show Watch on YouTube button**: unchecked (OFF)
- **Show search suggestions**: checked (ON) ✓
- **Store Search History**: unchecked (OFF)
- **Store Watch History**: unchecked (OFF)
- **Enabled Codecs (Multiple)**: showing a dropdown with AV1, VP9, AVC(h264)

I don't see "Theater mode" in the preferences yet. Let me continue scrolling down.
[step 8] Action: scroll down (634, 400) scroll_amount 5
[step 8] Reasoning: I can see more settings. I notice "Theater mode" is not visible in the preferences. Let me continue scrolling down to see if there are more options.
[step 9] Action: scroll down (634, 400) scroll_amount 10
[step 9] Reasoning: I can see the SponsorBlock section now. There doesn't appear to be a "Theater mode" option in the preferences. I've scrolled through all the relevant Player settings. Let me continue to scroll down to see if there are more settings further below.
[step 10] Action: scroll down (634, 400) scroll_amount 10
[step 10] Reasoning: I can see the SponsorBlock section with various skip options. I don't see "Theater mode" here. Let me continue scrolling to see the bottom of the preferences page.
[step 11] Action: Open url: http://localhost:5173/watch?v=dQw4w9WgXcQ
[step 11] Reasoning: I can see more preferences - DeArrow and Instance sections. There's no "Theater mode" option in the preferences. The preferences page does have:
- **Minimize Recommendations by default**: unchecked (OFF)

But no "Theater mode" option.

Now let me navigate to a video page to check the video player for these features. Let me go to the video page.
[step 12] Action: wait
[step 12] Reasoning: The video page is loading. Let me wait for it to fully load.
[step 13] Action: wait
[step 13] Reasoning: The page is still loading. Let me wait a bit more.
[step 14] Action: wait
[step 14] Reasoning: The page is still loading. Let me wait a bit more for it to load.
[step 15] Action: wait
[step 15] Reasoning: The page is still loading. This might be because it's trying to fetch data from the YouTube API. Let me wait more.
[step 16] Action: wait
[step 16] Reasoning: Still loading. The page is spinning and fetching data. Let me wait more.
[step 17] Action: wait
[step 17] Reasoning: The page is still loading with a spinner. The site seems to be fetching video data. Let me wait a bit longer.
[step 18] Action: Open url: http://localhost:5173/
[step 18] Reasoning: The page is still spinning. It seems the watch URL is having issues loading. There may be an issue with fetching data. Let me check the other tabs to see if there's an already loaded video page, or let me try the home page first to click on a video.
[step 19] Action: wait
[step 19] Reasoning: The home page is loading. Let me wait for it to load.
[step 20] Action: wait
[step 20] Reasoning: The home page appears to be loading but showing a blank white page without the app content rendered. This seems like the site might be having some loading issue. Let me look at the existing tabs in the browser - I notice there appear to be many open tabs. Let me check the current tab.

Let me wait more and try to get a screenshot of the current page.
[step 21] Action: left_click (640, 61)
[step 21] Reasoning: The current tab opened the home page but it's showing blank. Let me try clicking on one of the existing tabs that might have the watch page. Let me look at the tabs in the browser. There are many open tabs. Let me try to navigate to the watch page in the currently active tab that has many open tabs.

I can see there are many tabs open - let me look for the one that has the watch page already loaded. Let me click on one of the visible tabs to see if any has the watch page loaded properly.

Let me scroll the tab bar to the right to see if there's a tab with the Piped watch page. Looking at the current state, many tabs seem to be loaded or loading. Let me try to access the watch page by clicking on the address bar and going directly to the URL.
[step 22] Action: type: http://localhost:...
[step 22] Reasoning: I can see the address bar is now showing "localhost:5173" and the page shows a blank white page. This indicates the home page is empty. The app seems not rendering content. Let me navigate to the watch URL directly. I see many tabs are already open. Let me navigate to the watch URL.
[step 23] Action: left_click (640, 89)
[step 23] Reasoning: I can see there's a suggestion "Piped - http://localhost:5173/watch?v=dQw4w9WgXcQ" with an option "切换到这个标签页" (switch to this tab). This means there's already an open tab with this video page. Let me click on "切换到这个标签页" to switch to that existing tab.
[step 24] Action: wait
[step 24] Reasoning: I switched to the existing tab showing the watch page which is still loading. The video data is being fetched. Let me wait for it to finish loading.
[step 25] Action: wait
[step 25] Reasoning: The page is still loading with a spinner. The network activity is still going. Let me wait more time for it to load.
[step 26] Action: left_click (640, 33)
[step 26] Reasoning: The page is still loading. The watch page is continuously showing a spinner. This could be because the video data fetching from the YouTube API is taking very long or failing silently. Let me check if there are other already loaded tabs that might show the video page. Let me look at the tab bar more carefully. I see many tabs.

Let me try looking at the already loaded tabs. I recall from the initial screenshot that there was a video page already loaded. Let me try to look for the other tabs.

Let me click on one of the other tabs to see if any has the Piped watch page fully loaded.
[step 27] Action: left_click (1010, 33)
[step 27] Reasoning: This is a tab showing an error - cannot access localhost:3001 (connection refused). This is not the tab I need. Let me try to navigate back to the Piped watch page. I see there are many tabs. Let me try to look for the tabs with the "P" icon for Piped. Let me look at the tab bar more carefully and try to click on one that seems to be a Piped page.

Looking at the tab bar in the screenshot, I can see many tabs. Some have the "k" favicon which might not be Piped. I notice there are some tabs with the "F" icon on the right side. Let me navigate to the watch page from a Piped tab. Let me go to a Piped tab.
[step 28] Action: left_click (1181, 88)
[step 28] Reasoning: This tab shows localhost:5173 but the page is completely blank (white). This is the Piped home page but not rendering content. Let me close this Google Translate popup and try to navigate to the watch page from this tab.

Let me close the Google Translate popup and navigate to the watch page.
[step 29] Action: left_click (640, 61)
[step 29] Reasoning: The page is blank. Let me navigate to the watch page from this tab. It seems tabs are loading or having issues. Let me try to navigate directly to the watch URL from here.
[step 30] Action: type: http://localhost:...
[step 30] Reasoning: Good, I can see the address bar. Let me type the watch URL directly.
[step 31] Action: left_click (430, 89)
[step 31] Reasoning: I can see the suggestion to switch to the existing tab. Let me click on "切换到这个标签页" option to go to the existing Piped watch tab that shows the video is already loaded.
[step 32] Action: wait
[step 32] Reasoning: The watch page is still showing the loading spinner. It seems the page continues to load. The URL shows "localhost:5173/watch?v=dQw4w9WgXcQ" which is correct. Let me wait longer for it to load.
[step 33] Action: left_click (1113, 33)
[step 33] Reasoning: The page is still loading. The watch page has been loading for a very long time. Looking at the initial screenshot from when I first started the task, I could see there was a video playing already. Let me look at the other tabs more carefully. Let me check if there are other Piped tabs already with a watch page loaded. 

Let me try to look at the tabs more systematically. I see there are tabs with spinners (the circular arrows) which means they're loading. Let me look at the tabs that might be completed loading (with the "F" favicon on the right side of the tab bar, or others).

Actually, looking at the right side of the tab bar, I see some tabs with what seems to be the Piped favicon (F). Let me try to click on those to see if any has the watch page loaded. But the key issue is that the watch page keeps loading and never resolves. This might be because there's an issue with the backend API.

Wait - the task says the video was already loading when I first took the screenshot. Let me look at the initial screenshots carefully. I saw a black background with a spinner in the center of the page - that was the video page loading. Since it's been stuck loading for a long time with the same watch URL, the backend might not have the video data. 

Let me try to check the preferences page first to properly record the preference states, then try to find any other already-loaded video pages in the tabs. Let me look at tabs more carefully.

Actually, let me try to switch to an already-loaded Piped watch page by looking at what's available. I see many tabs. Let me try clicking on specific tabs to find one that has the watch page loaded.

Let me try clicking on some of the right-side tabs which might have loaded watch pages.
[step 34] Action: scroll up (634, 400) scroll_amount 15
[step 34] Reasoning: I found the Preferences page tab that's already loaded! I can see I'm at the bottom of the preferences page with DeArrow and Instance sections. I can see "Show markers in progress bar" is checked (blue checkbox). Let me scroll up to find "Minimize Recommendations" and "Theater mode" options.
[step 35] Action: scroll up (634, 400) scroll_amount 10
[step 35] Reasoning: I can see the preferences page clearly now with:
- **Store Watch History**: unchecked
- **Enabled Codecs (Multiple)**: AV1, VP9, AVC(h264) selected
- **Disable LBRY for Streaming**: unchecked
- **Enable Proxy for LBRY**: unchecked
- **Concurrent Stream Prefetch Limit**: 2
- **SponsorBlock** section: Enable Sponsorblock is checked

I need to scroll up more to find the "Minimize Recommendations" setting.
[step 36] Action: scroll up (634, 400) scroll_amount 15
[step 36] Reasoning: Excellent! Now I can clearly see the relevant preferences. I can record the states:

1. **Minimize Comments by default**: ☐ unchecked (OFF)
2. **Minimize Description by default**: ☑ checked (ON) - blue checkbox
3. **Minimize Recommendations by default**: ☐ unchecked (OFF)
4. **Minimize Chapters by default**: ☐ unchecked (OFF)
5. **Show Watch on YouTube button**: ☐ unchecked (OFF)
6. **Show search suggestions**: ☑ checked (ON) - blue checkbox
7. **Store Search History**: ☐ unchecked (OFF)
8. **Store Watch History**: ☐ unchecked (OFF)

I can see "Minimize Recommendations by default" is currently **OFF** (unchecked). I don't see a "Theater mode" in the preferences. Let me scroll up to check if there's a "Theater mode" option at the top of the preferences.
[step 37] Action: scroll up (634, 400) scroll_amount 5
[step 37] Reasoning: Now I can see the full Preferences page. I can see the Player section clearly. Let me scroll up a bit more to see if there's any "Theater mode" option at the top of the preferences or within the Player section.
[step 38] Action: left_click (1147, 33)
[step 38] Reasoning: Now I can see the full Preferences page from the top. The page starts with:
- **Preferences** title
- **Theme**: Dark
- **Language**: English
- **Country/Region**: United States of America
- **Default Homepage**: Trending
- **Player** section:
  - **Autoplay Video**: ☑ checked (ON)
  - **Auto-display Captions**: ☐ unchecked (OFF)
  - **Default Countdown until next video (in seconds)**: 5
  - **Audio Only**: ☐ unchecked (OFF)
  - **Prefer HLS over DASH**: ☐ unchecked (OFF)
  - (and more below...)

I can confirm there is **NO "Theater mode"** option in the Preferences page. The preferences page only has "Minimize Recommendations by default" (which is unchecked/OFF). There is no "Theater mode" preference option at the top level.

Now let me go to the watch page to look for the toggle buttons in the video player UI. The watch page is still loading. Let me try to check if there's another already-loaded watch page in the tabs. Let me look at other tabs.

Let me try looking at what tabs are available in the tab bar by scrolling to find the already-loaded Piped watch tab.

Looking at the tabs, I see many tabs. Let me try to click on the other Piped tabs (the "F" icon ones on the right side).
[step 39] Action: left_click (1181, 33)
[step 39] Reasoning: This is another watch tab that is also still loading. The watch page continues to spin. The video content is being fetched from the API which seems to be taking very long. 

Let me check the other tabs. Let me look at the last tab on the right.
[step 40] Action: wait
[step 40] Reasoning: All the watch tabs are showing the loading spinner. The video pages are not loading. The API seems to be very slow or failing. Let me try to wait on this current tab and see if the page eventually loads.

Actually, wait - looking at the initial screenshot when I first started the task, the page was already showing a spinner on the watch page. This suggests the API might be slow or not responding. Let me wait a longer time to see if the page loads.

Let me wait for 30 more seconds.
[step 41] Action: key: ctrl+shift+a
[step 41] Reasoning: The watch page is still loading. After waiting more than 2 minutes total on watch page, it's still spinning. The API doesn't seem to be responding. The page at localhost:5173/watch?v=dQw4w9WgXcQ is stuck in the loading state.

Let me now try a different approach. Let me look at the tabs to see if there's one with a different video that might have loaded. The leftmost tabs have different favicons that might be loaded watch pages. Let me scroll the tab bar to the left to look for other tabs.

Let me try pressing Ctrl+1 or use the tab bar scrolling to see leftmost tabs.

Let me try looking at tabs using keyboard shortcuts:
[step 42] Action: key: Escape
[step 42] Reasoning: The tabs search didn't open. The watch page is still loading. Let me try cmd+shift+a on macOS.
[step 43] Action: left_click (71, 33)
[step 43] Reasoning: The watch page is still loading. I've been waiting for over 5 minutes now and the video page never loads. The API clearly is not responding. However, looking at the tab bar, I see tabs with what appear to be "h" letters (they might be loaded pages). Let me try to click on a tab that appears to be a loaded Piped page from the left side of the tab bar. Let me look at tab icons more carefully.

Actually, looking at the tabs in the tab bar, I can see there are many tabs. Some appear to have loading spinners (the circular icons), and some appear to be static. Let me try to find a tab that's already fully loaded. Let me try clicking on various tabs.

Let me try the leftmost tabs first to see what's there.
[step 44] Action: left_click (975, 33)
[step 44] Reasoning: I see this tab is showing localhost:3000 which is the Piped backend API - and it shows "ERR_CONNECTION_REFUSED". This is interesting - the backend API at port 3000 is not running! This explains why the watch page at localhost:5173 keeps loading - it's trying to fetch video data from the backend API (localhost:3000) but the API is down.

Wait, actually Piped frontend might use a different API. Let me look for the tab that has the watch page fully loaded. Let me try looking at the tabs more systematically.

Let me try looking for a tab that has already loaded content. Looking at the tab bar, I see some static (loaded) tabs. Let me scroll through the tabs. I notice there are many watch page tabs still loading. But there might be previously loaded tabs. Let me try clicking on the rightmost tabs visible in the bar.

Actually, I need to try a completely different approach. Since the API backend seems to be unreachable, let me try to see if there are any already loaded watch pages in the other tabs (that might have loaded before the API went down). Let me systematically check more tabs.

Let me try to look at the tabs with simpler icons (not spinners) which might be loaded pages. Actually looking at the tab bar more carefully, I can see most tabs appear to be showing loading spinners. But some might have content. Let me check the tab with "T" label.
[step 45] Action: left_click (158, 347)
[step 45] Reasoning: Excellent! I found the Trending page with loaded video thumbnails! This means the API IS working for some content (trending videos). The videos are visible with thumbnails. Now let me click on one of these videos to open a watch page.

Let me click on the first video to open the watch page.
[step 46] Action: wait
[step 46] Reasoning: I clicked on the first video and it navigated to a watch page (localhost:5173/watch?v=K8QYuG8Qb44), but the page is still loading (showing a spinner). The network is showing active traffic (5.9KB/s, 41.4KB/s in the top bar), which means data is being fetched. Let me wait for the page to load.
[step 47] Action: wait
[step 47] Reasoning: The page is still loading. Let me wait more.
[step 48] Action: left_click (660, 33)
[step 48] Reasoning: The page is still loading. Let me wait more. I notice that the other tabs in the tab bar all seem to be loading (showing "L" type loading indicators). Let me try to look at the tabs with already loaded content. I noticed earlier there was a tab labeled "h" that might be a loaded Piped page. Let me try one of those different-looking tabs.

Let me try a different approach - let me look at other tabs that might have the watch page already loaded. I can see in the tab bar there are tabs labeled "h" (which might be "home page" loaded). Let me look at some of those tabs.

Actually, let me look at the tab bar more carefully. Looking at the tab bar in the current screenshot, I see:
- Left: "k" tab (the connection refused one)
- Then several tabs with various icons
- "T" tab - Trending (already loaded, we were just there)
- Then more tabs on the right

The problem is that most "watch" page tabs are still loading because the backend API seems to be timing out on individual video data requests (though it works for trending videos).

Let me try clicking on one of the "h" tabs near the middle of the tab bar - those might be previously loaded watch pages that might have cached content.

Looking at the tab positions, let me try different tabs. I'll try clicking a tab that's around position 660, 33 which might be one that's already loaded.
[step 49] Action: left_click (730, 33)
[step 49] Reasoning: This is a "Lumen" tab - a different application. Not Piped. Let me look for the loaded Piped watch pages. Let me try looking at different tabs systematically. Let me look at one of the "h" labelled tabs which should be Piped's watch page (h might stand for "http..." being truncated).

Let me try the tabs near positions 700, 730, etc.
[step 50] Action: left_click (640, 62)
[step 50] Reasoning: This is another application (localhost:5173 but it's a Notes app). Not the Piped application. Let me navigate directly to the Piped watch page from the address bar.
[step 51] Action: triple_click
[step 51] Reasoning: I'm on a Notes app at localhost:5173/?view=grid. This is NOT the Piped application. I'm currently on a wrong tab. Let me look for the Piped watch page tab. Let me click on the address bar to type the correct URL.
[step 52] Action: Open url: http://localhost:5173/watch?v=K8QYuG8Qb44
[step 52] Reasoning: I can see the address bar is selected. There's also a Google translate popup at the top that might interfere. Let me use the open_url tool to navigate to the correct Piped URL. But wait, I realize this tab shows localhost:5173 with a completely different application (a Notes app). This means there are multiple applications running on different ports. 

Looking at the URL shown (localhost:5173/?view=grid), this is NOT the Piped app! Piped must be on a different port or the browser has multiple instances. Let me look more carefully. From the initial screenshot and the Trending page tab, I confirmed the Piped app is at localhost:5173. But this Notes app is also at localhost:5173?! This is confusing.

Wait - looking more carefully at the URL "localhost:5173/?view=grid" - this could be a different localhost port that I'm not seeing correctly. Or this could be the same port but a different route. Let me try clicking on the address bar to see the full URL.

Actually, looking at the task description again, it says "当前Chrome浏览器已打开piped网站，地址是http://localhost:5173". So Piped IS at localhost:5173. But there seem to be other tabs with other applications at possibly the same port. This is odd. 

Let me try using the Piped watch tab that was showing the loading spinner. I saw a tab labeled "T" which was the Trending page at localhost:5173/trending. Let me go back to find that tab and use it to navigate to a watch page.

Let me try using the open_url function to navigate to the Piped watch page in a new context.
[step 53] Action: left_click (169, 32)
[step 53] Reasoning: Good - I can see I'm on the Piped watch page (I can see the Piped logo with the red "P" and the navigation menu). The URL shows "...ch?v=K8QYuG8Qb44" in the title bar. The page is loading. There's also a Google Translate bar at the top. Let me close that and wait for the page to load.

Let me close the Google Translate bar first.
[step 54] Action: key: Escape
[step 54] Reasoning: I see an address bar dropdown appeared showing "localhost" and "localhost:3000". The page is still showing the Piped spinner. I accidentally clicked on the address bar. Let me press Escape to close the dropdown and go back to the watch page.
[step 55] Action: wait
[step 55] Reasoning: I'm on the Piped watch page at localhost:5173/watch?v=K8QYuG8Qb44. The page is still loading (showing the spinner). The network shows 1928N/73.0KB which means network activity is ongoing. Let me wait for the page to fully load.
[step 56] Action: left_click (1047, 33)
[step 56] Reasoning: The page is still loading. It's been loading for a very long time. I've been waiting for about 10+ minutes total, and all watch page loads are just spinning. 

Looking at the tab bar more carefully, I notice many tabs appear to be loading (they show "C" or spinner icons), while others seem to have been loaded previously. The network tabs appear to be cycling through loading states.

Wait - looking at the already-open tabs from earlier, I found the "F" labelled tab on the right side of the tab bar. Let me try clicking on those "F" tabs to see if they are Piped pages that have already fully loaded.

Let me click on the rightmost "F" tabs to check.
[step 57] Action: wait
[step 57] Reasoning: Another Piped watch page at dQw4w9WgXcQ - still loading! I've been trying for a very long time and the watch pages just won't load. All the watch page tabs are stuck loading. 

Let me wait more time since there's active network traffic happening. The fact that the trending page loaded successfully suggests the API is partially working. Let me wait a long time for any of these watch pages to load.
[step 58] Action: left_click (1115, 33)
[step 58] Reasoning: After waiting a full 60 seconds more, the watch page is STILL loading (showing the spinner). The watch page has been in this loading state for a very long time. There are many tabs visible in the tab bar but all the watch page tabs seem to be loading.

Looking at the tab bar more carefully, I notice some tabs further to the right that might be the "F" favicon ones from the earlier screenshot. Let me check those - they might be Piped pages that loaded successfully. Let me try some of the "F" tabs on the right side.

Let me try to scroll to see more of the right side tabs. I see there are "F" labeled tabs on the far right.
[step 59] Action: left_click (1183, 33)
[step 59] Reasoning: This is another Piped watch page (localhost:5173/watch?v=dQw4w9WgXcQ) that is still loading. Let me check the "F" tabs on the far right which might be loaded Piped pages. I need to scroll the tab bar to the right to see those tabs.

Let me try scrolling the tab bar. But first let me check the visible tabs. Looking at the far right of the tab bar, I see there are some "F" looking tabs. Let me try the "F" tabs at positions that are more to the right.
[step 60] Action: key: ctrl+t
[step 60] Reasoning: This is yet another Piped watch page (localhost:5173/watch?v=K8QYuG8Qb44) still loading! All the watch page tabs are stuck in an infinite loading state. 

The issue is clear: the Piped backend API for fetching individual video data is not responding/timing out, causing all watch pages to stay in the loading state indefinitely. However, the trending page API seems to work (we saw videos there).

Let me try a completely different approach. The backend API might be working now but very slow. Let me try to wait a much longer time. But before that, let me try to look at one of the tabs that's already "F" (fully loaded) - the tabs with "F" labels that I saw earlier on the far right.

Looking at the current tab bar, I see there are tabs with "F" label on the right side. One of the "F" tabs was the Preferences page that was fully loaded. Let me look at the "F" labeled tabs to the right of the current tab.

Wait - looking at the task timeline, the initial screenshot showed a video page was already loading from the very beginning. This was at the very start of the task when I took the first screenshot. But I never actually saw that initial screenshot output. Let me look at the current state more carefully.

Actually, looking at the tab at position around 1150 on the tab bar, I see there's a tab labeled "F" visible. Let me check that one more carefully. Let me also look at other areas of the tab bar.

Let me try a completely different approach. Let me look at if there's an "F" tab that's NOT a watch page. Looking at the tab bar right now:
- Tab labeled "F" at position ~1150 - that's the current tab (watching K8QYuG8Qb44)
- "F" tab at the far right - Let me click on the far right "F" tab

Wait, I notice on the right side of the tab bar there are two "F" labeled tabs near positions 1115 and 1150. Let me check the tab around 1080 which might be the preferences tab.

Let me look at the preferences tab. Let me navigate to the preferences page to record the settings again, and then try to get a video page to load.

Actually, let me try a new approach: Instead of trying existing tabs, let me open a completely NEW tab and navigate to the Piped watch page. This might help avoid any stale state.
[step 61] Action: key: cmd+t
[step 61] Reasoning: I see ctrl+t didn't open a new tab (it might have been Cmd+T on macOS). The page is still loading. Also I notice the time is now 09:09 - I've been trying for quite some time. Let me try Cmd+T to open a new tab.
[step 62] Action: type: http://localhost:...
[step 62] Reasoning: A new tab opened successfully. I can see the Chrome new tab page with quick access links including "Piped" link. I also see the memory is showing "100 MB". Let me navigate to the Piped watch page using the address bar. Also interestingly, I can see "localhost:5173" quick link - let me click on "Piped" to go to the Piped home page.

Actually, let me navigate directly to the watch page:
[step 63] Action: wait
[step 63] Reasoning: I can see the autocomplete suggestion showing "Piped - http://localhost:5173/watch?v=dQw4w9WgXcQ" with the option "切换到这个标签页" (switch to this tab). This means the page exists in another tab. But since it's always in loading state, let me navigate to it directly in this new tab (press Enter to navigate here) instead of switching to the existing tab.

The Enter key was already pressed (from my type command). Let me wait to see if the page loads in this new tab.
[step 64] Action: key: Escape
[step 64] Reasoning: The page is still showing the Google new tab with the address bar active and the autocomplete suggestion. The Enter key press didn't navigate the page - the autocomplete suggestion is still showing. It seems the Enter key triggered the navigation but then the Chrome showed the address bar again (the tab is showing loading activity in the tab bar icons above). Let me click elsewhere to dismiss this dropdown first, and wait for the page to load.

Let me press Escape to dismiss the dropdown first and then see if the page loaded.
[step 65] Action: key: Return
[step 65] Reasoning: I can see the address bar shows "http://localhost:5173/watch?v=dQw4w9WgXcQ" but the page content is still the Google new tab page. This means the page hasn't navigated yet. The tab bar shows various loading spinner icons. Let me press Enter to navigate to this URL.
[step 66] Action: left_click (1181, 88)
[step 66] Reasoning: Good - the Piped watch page is loading in this new tab at localhost:5173/watch?v=dQw4w9WgXcQ. There's a Google Translate bar showing "英语 | 中文（简体）" in the top right corner. The spinner is showing. Let me wait for the page to load.
[step 67] Action: wait
[step 67] Reasoning: The page is still loading. The tab bar shows several loading tabs. The page at localhost:5173/watch?v=dQw4w9WgXcQ is still in the loading state. Let me wait more.
[step 68] Action: wait
[step 68] Reasoning: The page is still loading (the time is now 09:10 and we've been at this for over 10 minutes). The watch page is consistently stuck in loading state. The spinner keeps spinning but no content appears.

The problem is clearly that the Piped backend API is not returning data for individual video requests. The watch page never loads. Since I've tried this same URL twice, waited a total of several minutes, and the page still shows only a spinner, I need to try a different approach.

Let me wait more - perhaps the backend is very slow.
[step 69] Action: left_click (880, 33)
[step 69] Reasoning: Still loading at 09:10. The page has been loading for over 15 minutes and still shows only the spinner with no content. This is clearly a functional issue with the Piped backend API failing to load video data. Multiple tabs with the same watch URL are all stuck loading.

However, I notice that from the right side of the tab bar, there appear to be some tabs that show different content. I noticed earlier that there was a "Trending" tab that WAS loaded with video content. 

Let me try to check if there's any already-loaded watch page in the existing tabs that I haven't checked yet. Let me look at the tab bar more systematically. Looking at the tab bar in the screenshot, I can count the tabs - there are many of them. Some show loading spinners (C icon in the tabs), and some appear to be loaded (no spinner).

The time is 09:10. I've been trying for about 15 minutes. The watch pages consistently fail to load. Given the behavior:
1. The Trending page loads successfully (confirming the app is running)
2. All watch pages (/watch?v=...) fail to load after extended waiting
3. This is a consistent pattern across multiple tabs and multiple video IDs

This appears to be a backend API issue where the video streaming/info endpoint is not responding. Since the task requires me to test the "Minimize Recommendations" and "Theater mode" features on the video watch page, and the watch page never loads, I should check if there are any already-loaded watch pages in the many open tabs.

Let me carefully look through the tab bar for any loaded Piped watch page. Let me try a few more tabs I haven't checked yet.

Looking at the tab bar, I see tabs with various icons. Let me try clicking on some tabs that appear to be near the middle of the tab bar and might have loaded content.

Let me try clicking on a tab around position 880.
[step 70] Action: left_click (918, 33)
[step 70] Reasoning: I found the Playlists page at localhost:5173/playlists which is fully loaded. This shows Playlists and Bookmarks sections, but this is not the watch page. However, I notice the playlists show "0 Videos" with broken thumbnail images. Let me try other tabs to find an already-loaded watch page. Let me look at tabs around position 915.
[step 71] Action: left_click (850, 33)
[step 71] Reasoning: Another watch page tab (localhost:5173/watch?v=K8QYuG8Qb44) still loading. Let me try the tabs around position 850 - maybe I'll find one that's already loaded.
[step 72] Action: key: F12
[step 72] Reasoning: This is a different application (localhost:5173/notes/... which is a Note-taking app) with Chrome DevTools open at the bottom. The Developer Tools console shows interesting information - it mentions "The navigation route /playlists is not being used, since the URL being navigated to doesn't match the allowlist." This is a different app entirely.

Let me close this DevTools and go back to the Piped watch page. But first, let me try to look at what the console says.

Actually, I noticed something important in the console: this is at localhost:5173 which is supposed to be the Piped app, but this is showing a Notes application. This means there might be a port conflict or the Piped app is NOT at localhost:5173.

Wait - looking more carefully at the URL: `localhost:5173/notes/1776501904268?mode=write&view=grid` - this is the same port 5173 but showing a Notes application. And the Piped logo appeared at the same port. This seems contradictory unless there's a routing issue.

Actually, looking at the browsing history, I know:
- localhost:5173 (Piped home) - shows blank
- localhost:5173/watch?v=... - shows Piped spinner (loading indefinitely)
- localhost:5173/preferences - shows Piped preferences
- localhost:5173/trending - shows Piped trending videos
- localhost:5173/playlists - shows Piped playlists
- localhost:5173/notes/... - shows a Notes application?!

This is very strange. Different routes at the same port show different applications! This might be a dev environment with multiple apps running at localhost:5173 (using different path prefixes), or this tab was loaded from a different port that got confused.

Let me close DevTools and navigate properly. Let me find the Piped watch page.

Let me close DevTools and try to navigate to the Piped watch page from this tab.
[step 73] Action: left_click (240, 62)
[step 73] Reasoning: I can now see the Notes application clearly. This is NOT Piped. The DevTools is closed now. This is a different application (a Notes application) running at localhost:5173. This confirms there are multiple applications at localhost:5173 (they share the same port but have different path routing).

Wait, this is very confusing. Let me navigate from this tab to the Piped watch page directly.
[step 74] Action: key: Escape
[step 74] Reasoning: I can see the address bar is now showing the URL. The page is reloading. Let me clear the address bar and type the Piped watch URL.
[step 75] Action: left_click (975, 33)
[step 75] Reasoning: The Notes app is loading at localhost:5173. Looking at the tab bar, I can see many tabs with various states. Let me navigate to a Piped watch page from the address bar. Let me look at the tab that shows the Piped Trending page which was already loaded. Let me look for the "T" labeled tab from earlier.

Looking at the tab bar, I need to find the right tab. From my earlier search, there was a Trending page at around position 975. Let me try to find it.
[step 76] Action: left_click (1181, 88)
[step 76] Reasoning: This tab shows localhost:5173 but the page is completely blank (white). The tab bar has shifted significantly. Many tabs show loading spinners. Let me try to click on the Piped "P" icon in the new tab's quick links. Wait, I see the tab bar has shifted - many of the tabs that were visible before are now different. The tab positions have changed because there are now too many tabs to display.

Let me look at the tabs more systematically. There's a Google Translate bar. Let me close that first, and then look for the Trending tab.
[step 77] Action: Open url: http://localhost:5173/trending
[step 77] Reasoning: The page is completely blank (white page at localhost:5173). The Piped home page is not rendering. There's a reload icon spinning in the browser. Let me wait for it to load.

Actually, I've been trying to navigate to many different pages for a while now. Let me try a fresh approach and navigate to the Trending page from this blank home page (localhost:5173). Let me navigate to the Piped trending page which loaded before.
[step 78] Action: left_click (169, 33)
[step 78] Reasoning: The Trending page is loading (showing the "Trending" title with spinner). The Piped app is functional (showing the header with Preferences, Login, Register, Playlists, Feed navigation). Let me wait for it to load the trending videos. 

Also, I notice the time is 09:12. The tab bar shows many tabs still loading. Let me close the Google Translate bar and wait for the trending videos to load.
[step 79] Action: key: Escape
[step 79] Reasoning: I accidentally clicked on the address bar. I can see a dropdown showing "localhost" and "localhost:3000" as suggestions. The memory shows 7.3 MB. Let me press Escape to dismiss this dropdown and wait for the trending page to load.
[step 80] Action: wait
[step 80] Reasoning: Good. Now I can see the Trending page is loading at localhost:5173/trending. The spinner is still showing. The API is working but slowly. Let me wait for the trending videos to load, then I can click on one.
[step 81] Action: wait
[step 81] Reasoning: The Trending page is still loading (showing the spinner). The API is slow. Let me wait more.
[step 82] Action: key: ctrl+Tab
[step 82] Reasoning: The trending page is still loading. The time is 09:12, and the trending page is now also stuck in a loading state. Earlier I found the trending page loaded with videos (in a different tab), but now this fresh navigation to the trending page is also stuck loading.

The API seems to be intermittently available - sometimes it responds (the trending page loaded once earlier), but most of the time it's not responding. The many open tabs with loading states might be consuming API connections.

Let me try a completely different approach. Let me look at the existing tabs more carefully to find any tab that has a fully loaded watch page. I noticed there were many tabs in the tab bar. Let me scroll through the tab bar.

Actually, looking at the earlier loaded Trending tab, there was a "T" label tab. Let me look for that tab again. Earlier it was at around position 975, but the tab positions have shifted as new tabs were created.

Let me try looking at what the tab that originally showed trending videos looks like now. The tab bar has shifted significantly due to many new tabs being opened. Let me try to use keyboard navigation to look through tabs.

Let me try pressing Ctrl+Tab to cycle through tabs.
[step 83] Action: key: ctrl+Tab
[step 83] Reasoning: I'm now on the localhost:3000 error page. This confirms that the Piped backend API at localhost:3000 is NOT running (ERR_CONNECTION_REFUSED). This explains why all watch pages keep loading indefinitely! The frontend at localhost:5173 is running, but it needs to call the backend API (at localhost:3000 or another port) to get video data, and that backend is not responding.

Given that:
1. The Piped backend API at localhost:3000 is NOT running (ERR_CONNECTION_REFUSED)
2. All watch page tabs are stuck in loading state indefinitely
3. The video player never loads, so I cannot test "Minimize Recommendations" or "Theater mode" features in the video player UI

However, I DID find earlier that:
- The **Trending** page loaded successfully (with videos visible) - meaning some API calls work
- The **Preferences** page loaded and showed "Minimize Recommendations by default" option (unchecked/OFF)
- There is NO "Theater mode" option in the Preferences page

Wait - maybe the API the frontend calls is NOT at localhost:3000 but somewhere else. The Trending page DID load with videos earlier. Let me try to wait for the trending page to finish loading in this current session, and then click on a video from there.

Let me keep cycling through tabs to find the one with loaded trending videos.
[step 84] Action: key: ctrl+Tab
[step 84] Reasoning: Another localhost:3000/demo/ page with ERR_CONNECTION_REFUSED. The time is now 09:13. Let me continue cycling through tabs to find any loaded Piped watch page.
[step 85] Action: key: ctrl+Tab
[step 85] Reasoning: This is a different application (localhost:3000/advices.html) with DevTools open. The console shows network errors to localhost:3000 which confirms the backend at localhost:3000 is down. Let me continue cycling through tabs.
[step 86] Action: key: ctrl+Tab
[step 86] Reasoning: Another localhost:3000 error page (HTTP ERROR 404 for file.png). Let me continue cycling through to find the Piped pages.
[step 87] Action: key: ctrl+Tab
[step 87] Reasoning: Same error page. Let me continue cycling more quickly through the tabs.
[step 88] Action: Open url: http://localhost:5173/trending
[step 88] Reasoning: This is a CSS file from localhost:3000 (not the Piped app). Let me continue cycling through tabs. Let me try to use keyboard shortcut to search through tabs or navigate to a Piped watch page directly.

Actually, let me take a completely different approach. Instead of cycling through tabs, let me navigate directly to the Piped watch page and wait. Given the mixed results earlier (trending page worked once, watch pages don't seem to work), let me try to wait longer on the trending page that was loading.

Let me navigate to the trending page in this current tab.
[step 89] Action: left_click (168, 32)
[step 89] Reasoning: The Trending page is loading again with the spinner. The Google Translate bar is showing. Let me close it and wait for the trending page to load.
[step 90] Action: key: Escape
[step 90] Reasoning: I accidentally clicked on the address bar again. I can see the address bar shows "localhost" suggestions. The memory is 7.4 MB which is low. The page is loading the Trending page. Let me press Escape to close this dropdown and wait for the page to load.
[step 91] Action: wait
[step 91] Reasoning: Good. The Trending page is at localhost:5173/trending and is loading. The spinner shows "( )" which indicates it's still fetching data. The time is 09:14. Let me wait for the trending videos to load.
[step 92] Action: wait
[step 92] Reasoning: The Trending page is still loading at 09:14. The spinner is still animating. The API is taking a very long time to respond. Looking at the tab bar, I see many "C" tabs (circular arrow icon - loading) and some other tabs. The API seems to be very slow.

Let me try waiting another 60 seconds.
[step 93] Action: left_click (285, 33)
[step 93] Reasoning: The Trending page is still loading at 09:14. The spinner continues to animate. The tab bar shows many loading tabs (with "C" icons). 

I've now been trying for close to 20 minutes total and:
1. The Trending page earlier loaded once showing video thumbnails (so the API DID work at that point)
2. Now the Trending page is also stuck loading
3. All watch pages (/watch?v=...) consistently fail to load

The API appears to be intermittent. Since the task requires me to test the video watch page features, and the video pages are consistently failing to load, let me try to look at the previously-found Trending page tab (with loaded videos) to navigate from there.

Looking at the tab bar in the current screenshot, I can see tabs with various icons. Let me try to find the tab that had the trending page loaded earlier. Looking at the tab bar: I see some "C" tabs (loading), and some "." tabs (which might be loaded pages). Let me try clicking on some of the "." tabs.

Actually, looking at the tab bar positions more carefully, the "." tabs might be Piped watch pages or other pages that have already loaded. Let me try clicking on one.
[step 94] Action: Open url: http://localhost:5173/watch?v=dQw4w9WgXcQ
[step 94] Reasoning: This is the Lumen (note-taking app) at localhost:5173 - not Piped! Interesting - this confirms multiple apps are running on localhost:5173. Actually wait, this IS localhost:5173 but it's showing Lumen! Let me look at the URL more carefully. The address bar shows "localhost:5173" without any path - which should be the root. But it's showing "Welcome to Lumen" instead of Piped!

Wait - this doesn't make sense. Unless the Lumen app has priority routing at the root and Piped is at a different path or... Actually, this might mean the Piped app uses HTML5 routing and when you first load localhost:5173, you see blank or Lumen, but when you add /watch or /trending path, it shows the correct Piped page. But they can't both run on the same port unless they're the same app with different routes.

Actually - wait. I think I understand now. Lumen might be the same app as Piped OR they might be completely different apps. But the address bar BOTH show localhost:5173. Let me check by looking at the tab title and the page content again.

Looking at the screenshot:
- URL: localhost:5173
- Page: "Welcome to Lumen" with "Sign in with GitHub" button
- Tab icon: A simple person/silhouette icon (Lumen logo)

This is DEFINITELY NOT the same app as Piped. But how can both be at localhost:5173?

Wait! I think I misread the port. Let me look at the URL more carefully. The address bar shows "localhost:5173" but the tab might have been at a different port. 

Actually - looking again more carefully at the address bar - it says "localhost:5173" which IS the same port as Piped. This is very confusing. Maybe there's a single page app (SPA) or server that serves multiple applications at different routes?

Actually - I think what's happening is: The browser has multiple tabs at different ports (like localhost:3000, localhost:5173, etc.), and when I click on various tabs, some are different apps. This tab that shows Lumen happens to be at localhost:5173 at the root path.

Wait, but I also saw the Piped homepage at localhost:5173 (it showed the Piped logo with navigation). So there must be some routing happening. 

Actually, this is simpler than I think - it's possible that Lumen was serving at localhost:5173 BEFORE Piped was started, and this particular tab was opened when Lumen was the server. After Piped started on the same port, new navigations to localhost:5173 would show Piped, but cached tabs might show Lumen.

OR - and this is more likely - there's some browser caching issue and the page was cached when Lumen was running. Let me just navigate directly to the Piped watch page.

Let me navigate from this tab directly to the Piped watch page.
[step 95] Action: wait
[step 95] Reasoning: Now I understand! The watch page at localhost:5173/watch?v=dQw4w9WgXcQ is showing **ERR_CONNECTION_REFUSED** - the Piped frontend server at port 5173 is **DOWN**! 

Wait - this is very important. The Piped frontend server (localhost:5173) is NOT running now (at 09:15). But earlier (at 09:13 - 09:14) it WAS running when I could see the Piped trending page loading with the spinner. How did it suddenly stop?

Actually, looking at the time progression: The task started at around 09:00, the Piped app was running at 09:13-09:14, and now at 09:15 it's giving ERR_CONNECTION_REFUSED. This means the Piped dev server STOPPED running! 

This is very concerning. The Piped frontend server went down. But wait - looking at the tab bar, I can see many tabs still showing loading spinners (the circular "C" icons). 

Actually wait - looking at this more carefully. I think the connection to localhost:5173 was INTERMITTENT all along. The Piped frontend server might be crashing and restarting. The app was showing a blank page or the Piped app intermittently.

Hmm, but earlier I successfully navigated to /preferences and /trending (though trending data didn't load). So the frontend was running. Now it's connection refused.

Actually, I think I understand what's happening: The task status panel said "Running" at the bottom right of the screen. The Piped development server (Vite) might be running as part of a test environment that keeps restarting. The dev server might have crashed.

Since I cannot open Terminal and the Piped server is now down (connection refused), I need to wait for it to come back up, or try a different approach.

Let me wait a bit and try refreshing.
[step 96] Action: wait
[step 96] Reasoning: The connection is still refused at 09:15. The Piped server is down. The tab bar shows many loading tabs. Let me wait more for the server to come back up.
[step 97] Action: wait
[step 97] Reasoning: Still connection refused. The time is 09:15 and the server is still down. Let me wait more.
[step 98] Action: left_click (1178, 88)
[step 98] Reasoning: Excellent! The Piped server is back up! The watch page at localhost:5173/watch?v=dQw4w9WgXcQ is now loading again (showing the Piped header with the spinner). The server restarted! Now I need to wait for the watch page to fully load with the video content.

The Google Translate popup is showing. Let me close it and wait for the video to load.
[step 99] Action: wait
[step 99] Reasoning: The Piped watch page is loading. The server came back up and the page is fetching the video data. The "( )" spinner is showing, meaning it's loading. Let me wait for the video content to load.

==================================================
Task: 当前Chrome浏览器已打开piped网站，地址是http://localhost:5173。测试 Piped 视频播放页面的「最小化推荐」功能以及「剧院模式」功能。操作步骤：1. 首先进入偏好设置页面（/preferences），查看是否有与「Minimize Recommendations」或「Theater mode」相关的选项，记录这些选项的状态；2. 打开任意一个视频页面（可以在首页点击任意视频，或直接访问 /watch?v=dQw4w9WgXcQ 等视频地址）；3. 在视频播放页面中，找到「最小化推荐」或「剧院模式」的切换按钮并点击；4. 观察当推荐内容被最小化或隐藏后，视频播放器是否会自动扩展占满窗口的全部宽度，而不是在右侧留下空白区域；5. 再次切换回显示推荐的状态，确认推荐内容和视频播放器的布局恢复正常。始终在浏览器内操作，禁止打开 Terminal 或其他应用程序。如果在浏览器中找不到目标功能，直接报告 unclear。 请始终在浏览器内操作，禁止打开 Terminal、Finder 或其他应用程序。如果在浏览器中找不到目标功能，直接标记 result 为 unclear，result_summary 写明'未在页面中找到目标功能入口'。
Status: STOPPED_BY_USER
Total steps: 99
Last action: wait
Last reasoning: The Piped watch page is loading. The server came back up and the page is fetching the video data. The "( )" spinner is showing, meaning it's loading. Let me wait for the video content to load.

==================================================

UI window closed
