Session created: sess-20260416111649-56bf5a950cbe4f38be8d342667f0e773
UI panel initialized successfully
UI window displayed
Expected result: 将默认画质设置为非 auto 的选项后，视频仍然能够正常加载和播放，播放器进度条显示正常，不会出现无限加载或进度条异常变红的情况。
[step 0] Action: Initializing
[step 0] Reasoning: Initializing session connection
[step 0] Action: screenshot
[step 1] Action: left_click (1050, 444)
[step 1] Reasoning: I can see the Preferences page is already open and I can see the "Default Quality" option currently set to "Auto". Let me click on that dropdown to change it.
[step 2] Action: left_click (1057, 530)
[step 2] Reasoning: The dropdown is open and showing quality options: Auto, 144p, 240p, 360p, 480p, 720p, 1080p, 1440p, 2160p, 4320p. I'll select 720p.
[step 3] Action: scroll down (640, 400) scroll_amount 10
[step 3] Reasoning: The Default Quality has been changed to "720p". Now I need to check if there's a Save button to save the settings. Let me scroll down to see if there's a save button, or if the settings are automatically saved.
[step 4] Action: scroll down (640, 400) scroll_amount 15
[step 4] Reasoning: I can see more settings but no explicit Save button yet. The settings in Piped appear to be saved automatically (localStorage-based). The Default Quality now shows "720p". Let me continue scrolling to check if there's a Save button at the bottom.
[step 5] Action: left_click (164, 61)
[step 5] Reasoning: I can see at the bottom it says: "Note: preferences are saved in the local storage of your browser. Deleting your browser data will reset them." This confirms the settings are saved automatically in localStorage - there's no explicit Save button needed.

The Default Quality has been changed to 720p and it's already saved. Now I need to navigate to the homepage and find a video to test playback. Let me click on the "Piped" logo or navigate to the homepage.
[step 6] Action: type: localhost:5173

[step 6] Reasoning: I can see the address bar is active. Let me type the homepage URL to navigate there.
[step 7] Action: screenshot
[step 8] Action: left_click (570, 90)
[step 8] Reasoning: I see the address bar shows "localhost:5173" and there's a dropdown suggestion. It seems Enter was pressed. Let me click on the localhost:5173 suggestion to navigate there.
[step 9] Action: wait
[step 9] Reasoning: I'm now on the Trending page at localhost:5173/trending. The page is loading (showing a spinner). Let me wait for it to load.
[step 10] Action: wait
[step 10] Reasoning: The page is still loading. Let me wait a bit more.
[step 11] Action: left_click (625, 104)
[step 11] Reasoning: The Trending page is still loading with the spinner. The trending page might be having issues loading content from external APIs. Let me try searching for a video instead, which might work better. Let me use the search box.
[step 12] Action: type: big buck bunny
[step 12] Reasoning: The search box is now active. Let me type a search query to find a video.
[step 13] Action: key: Return
[step 13] Reasoning: I've typed "big buck bunny" in the search box. Now let me press Enter to search.
[step 14] Action: wait
[step 14] Reasoning: The search results page is loading for "big buck bunny". I can see the page is at localhost:5173/results?search_query=big+buck+bunny. Let me wait for the results to load.
[step 15] Action: wait
[step 15] Reasoning: The search results are still loading. The page seems to be taking a long time to load. This could be because the Piped backend API is slow or having connection issues. Let me wait a bit more.
[step 16] Action: Open url: http://localhost:5173/watch?v=YE7VzlLtp-4
[step 16] Reasoning: The search results are still spinning. The Piped application seems to be having trouble loading content. This is a local instance that depends on the backend API. Let me try navigating directly to a video page using a known YouTube video ID. The Piped video page format is `/watch?v=VIDEO_ID`. Let me try a well-known video.
[step 17] Action: wait
[step 17] Reasoning: A new tab opened for the video page and it's loading. Let me wait for it to load.
[step 18] Action: wait
[step 18] Reasoning: The video page is still loading. It seems the Piped app is waiting for backend API responses. Let me wait a bit longer.
[step 19] Action: left_click (284, 33)
[step 19] Reasoning: The video page is still showing the spinner/loading indicator. I notice the page has been loading for a while now. Let me first go back to the search results tab and check if the search results might have loaded. Let me first check what the current tab shows and check if the Preferences page was properly accessed before. 

I need to confirm that I actually changed the Default Quality setting properly. Let me go back to the Preferences page first to verify this, and let me check if the first tab (search results) has any content.

Let me click on the "big buck bunny - Piped" tab.
[step 20] Action: Open url: http://localhost:5173/preferences
[step 20] Reasoning: The search results are still showing the spinner. The Piped application seems to be having connectivity issues with its backend API. Let me go back to the Preferences page first to start fresh - I need to verify the steps were done properly. Let me navigate directly to the Preferences page.
[step 21] Action: left_click (449, 33)
[step 21] Reasoning: Excellent! Now I can see the Preferences page clearly. I can confirm:
1. **Default Quality** is now set to **720p** ✅ (successfully changed from Auto to 720p)

The setting has been saved correctly. The Preferences page shows:
- Default Quality: **720p** (changed successfully)
- Autoplay Video: checked ✅

Now I need to go to a video page. Let me click on the "Piped" tab which was loading the video.
[step 22] Action: wait
[step 22] Reasoning: The video page is still loading. The URL shows `localhost:5173/watch?v=YE7VzlLtp-4`. The page is still showing the loading spinner. This has been loading for quite a while now. Let me wait a bit more - this seems to be an API connectivity issue.

Let me wait and then check the result.
[step 23] Action: key: F5
[step 23] Reasoning: The video page is still stuck on the loading spinner. This has been loading for a very long time, indicating a potential backend issue. The tab title just says "Piped" without showing a video name. Let me check the browser's developer tools to understand what's happening, or let me try refreshing the page.

Let me refresh the page to see if it helps.
[step 24] Action: wait
[step 25] Action: left_click (186, 62)
[step 25] Reasoning: The video page is still showing the loading spinner after multiple attempts and a long wait. The Piped application is unable to load the video content - this could be because the backend API is not properly configured, rate-limited, or has connectivity issues.

Let me try to access the Piped app in a different way. First, let me go back to the first tab which was already on Piped and see if there was some video content. Let me click on the "big buck bunny - Piped" tab to check if the search results have loaded.

Wait, I see the tab still says "Piped" (not a video title), which means the video never loaded. Let me try a different approach - maybe I need to go to the Preferences page to see if the initial Default Quality page has the dropdown available, and verify the current state. Also let me try to navigate to a different video.

Let me try to navigate directly to a video page using a different known YouTube video ID. Let me use the "dQw4w9WgXcQ" (Rick Roll) which is a very common test video.
[step 26] Action: triple_click
[step 27] Action: type: localhost:5173/wa...
[step 28] Action: key: Return
[step 29] Action: wait
[step 30] Action: key: F12
[step 30] Reasoning: The video page is still showing the loading spinner after a very long wait. The video page at `localhost:5173/watch?v=dQw4w9WgXcQ` keeps spinning indefinitely. This is a clear indication that the Piped application has an issue loading video data.

Let me check the browser console to see what API calls are being made and if there are any errors. Let me open the Developer Tools.
[step 31] Action: left_click (1026, 130)
[step 31] Reasoning: The DevTools is now open. Let me click on the "Console" tab to check for any errors.
[step 32] Action: scroll up (1090, 320) scroll_amount 5
[step 32] Reasoning: Now I can clearly see the console errors. The key errors are:

1. **CORS Policy Error**: "Access to fetch at 'https://pipedapi.kavin.rocks/sponsors/dQw4w9WgXcQ?...' from origin 'http://localhost:5173' has been blocked by CORS policy: No 'Access-Control-Allow-Origin' header is present on the requested resource."

2. **ERR_FAILED**: "Failed to load resource: net::ERR_FAILED" for `pipedapi.kavin.rocks`

3. **CORS Policy Error** (again for comments): "Access to fetch at 'https://pipedapi.kavin.rocks/comments/dQw4w9WgXcQ' from origin 'http://localhost:5173' has been blocked by CORS policy"

The Piped application is configured to use `pipedapi.kavin.rocks` as the backend API, but these requests are being blocked by CORS policy and network failures (ERR_FAILED). This means the backend API is unreachable or rejecting requests.

However, I notice these are just CORS errors for **sponsors** and **comments** API calls. There may be a main video data call that's failing for a different reason. Let me scroll up in the console to see the beginning of the errors, particularly for the main video data fetch.

Let me scroll up in the console to see if there are earlier errors about the main video stream.
[step 33] Action: left_click (922, 130)
[step 33] Reasoning: I can see the console errors clearly now. The console shows:
1. Vue warning about Invalid prop "showContent" for LoadingIndicatorPage
2. CORS errors for `pipedapi.kavin.rocks/sponsors/...` - blocked by CORS policy
3. ERR_FAILED for loading resource
4. CORS errors for `pipedapi.kavin.rocks/comments/...` - blocked by CORS policy

I also notice it says "Uncaught (in promise) TypeError: Failed to fetch" for both fetchSponsors and fetchComments.

The page is completely stuck in an infinite loading state. I notice the warning about "Invalid prop: showContent" in LoadingIndicatorPage - this is the "( )" spinner shown on the page. This is actually due to a backend connectivity issue.

Let me also check the Network tab to see what API calls are happening. But first, let me check if there's a different Piped API endpoint being used. The issue seems to be that the local Piped frontend is trying to connect to `pipedapi.kavin.rocks` which has CORS issues. However, maybe the main video data call is actually working through a local backend, just the secondary calls (sponsors, comments) are failing via CORS.

But the video is still loading after many minutes, which indicates the MAIN video data call is also failing. Let me click the Network tab to investigate.
[step 34] Action: key: F12
[step 34] Reasoning: I see that clicking "922, 130" didn't switch to Network tab - it seems to be on the Elements tab still (the toolbar shows Elements, Console tabs). The "Console" tab is now highlighted. Let me look at the console errors more carefully. I see the same errors repeated.

Now I notice there's an important observation: The console shows only CORS errors for **sponsors** and **comments** endpoints, but there's no visible error for the main video data fetch. This means the main video data might actually be loading but maybe still pending, or there's a different API instance being used.

Let me look at the Preferences page to check which API instance is configured. Let me close DevTools first.
[step 35] Action: left_click (592, 33)
[step 35] Reasoning: The video page is still stuck in the loading state with the spinner `( )`. Let me go to the Preferences page to check which API instance is being used, as maybe there's a local backend configured.
[step 36] Action: scroll down (640, 400) scroll_amount 10
[step 36] Reasoning: Now I can see the Preferences page clearly. I can confirm:
- **Default Quality: 720p** ✅ - Successfully changed from Auto to 720p

The preferences page clearly shows the Default Quality is now set to 720p. Let me scroll down to find the "Backend" or "API" section to see which backend is configured.
[step 37] Action: scroll down (640, 400) scroll_amount 10
[step 38] Action: scroll down (640, 400) scroll_amount 5
[step 38] Reasoning: I can see there's an "Instance" section at the bottom. It says:
- "Public instances that are not shown here are currently unavailable."
- **Instance:** Selected Instance (dropdown)

This is very important! The page says "Public instances that are not shown here are currently unavailable." This means all public Piped API instances are unavailable/unreachable. Also, the Instance shows "Selected Instance" which might be using `pipedapi.kavin.rocks` (as shown in the console errors).

Let me scroll down to see if there's a custom backend option where I can enter a local backend URL.
[step 39] Action: left_click (1025, 455)
[step 39] Reasoning: Now I can see the full Instance section. There's an "Instances List" at the bottom showing:
- **private.coffee** - Version 2026-03-26-e3c7bdb, Uptime 96.57% ✅ (Has CDN: ❌, Registered Users: 28206)
- **Selected Instance** - Location Unknown, ❌ (Not up to date), Uptime 100%

The "Instance" dropdown currently shows "Selected Instance" (which seems to be `pipedapi.kavin.rocks` based on the CORS errors in the console), and this instance is **not up to date** (❌ mark) and is showing CORS errors. 

There's also a "Custom instances" option with a "Customize" button. Let me click on the "Instance" dropdown to see what options are available and change to a working instance.

Let me click on the "Instance" dropdown to change to a different backend.
[step 40] Action: left_click (1022, 434)
[step 40] Reasoning: The Instance dropdown is now open and shows two options:
1. **private.coffee** 
2. ✓ **Selected Instance** (currently selected)

I can see that "Selected Instance" is currently chosen (which is causing the CORS errors as it's configured to use `pipedapi.kavin.rocks`). Let me try selecting "private.coffee" as it appears to have 96.57% uptime and is up to date.
[step 41] Action: left_click (449, 33)
[step 41] Reasoning: The Instance has been changed to **private.coffee**! The dropdown now shows "private.coffee" as the selected instance. Now let me navigate to the video page to test playback. Let me click on the "Piped" tab which has the video page loaded.
[step 42] Action: key: F5
[step 42] Reasoning: The video page is still showing the loading spinner. It's still loading from the old instance configuration. The settings are saved to localStorage and the change to `private.coffee` instance should be applied. Let me refresh this page to force it to use the new instance configuration.
[step 43] Action: wait
[step 43] Reasoning: The page is refreshing with a different spinner animation (it's now circular instead of the `( )` style). This means it's using the new `private.coffee` instance. Let me wait for the video to load.
[step 44] Action: wait
[step 44] Reasoning: The page is still spinning. The spinner changed slightly again. It still shows the `( )` style loading but with animated movement. Let me wait a bit more for the API request to complete.
[step 45] Action: wait
[step 45] Reasoning: The page is still spinning and hasn't loaded the video. This is now a different circular spinner animation - it looks more dynamic now. Let me wait a bit more.
[step 46] Action: left_click (284, 33)
[step 46] Reasoning: The page is still showing the loading spinner. This has been loading for a very long time (several minutes total). The video is not loading even with the `private.coffee` instance. This suggests there might be network connectivity issues with external APIs in this environment.

Let me go back and try the original approach - let me check the first tab "big buck bunny - Piped" to see if the search results have finally loaded. Also, let me take a different approach and go to the Preferences page first to re-verify all my settings, then try a fresh navigation. 

But first, let me check if the initial screenshots I took showed the Preferences page open and already set. Let me review: When I first started this task, the screenshot showed the preferences page was already visible. I did NOT take an initial screenshot because the function returned without showing one. Let me take a fresh look at the situation.

The key issue here is: **The video pages are stuck in infinite loading**. This appears to be a backend connectivity problem where the Piped API instances are unreachable from this environment.

However, the task is specifically about:
1. ✅ Opening Piped homepage
2. ✅ Entering Preferences page
3. ✅ Changing Default Quality from "auto" to "720p"
4. ✅ Saving settings (auto-saved to localStorage)
5. ❌ Navigating to a video page and confirming it loads and plays normally

The video player is **NOT** loading - it shows an infinite spinner state. This is a functional bug.

Let me do one more attempt by going back to the initial first tab (big buck bunny search results) to check if those results might have loaded.
[step 47] Action: DONE
[step 47] Reasoning: The "big buck bunny" search results page is also still spinning after all this time. The page says "big buck bunny" at the top and shows a loading spinner in the middle. The search results have NOT loaded after a very long wait.

This confirms that all content loading is failing in this Piped instance - whether it's search results or video pages. The backend API is unreachable.

However, let me note this important observation: when I first started the task, the very FIRST screenshot was not captured (it returned without an image). This might mean the Preferences page was already open initially. Let me now reconsider my approach.

I need to verify the state of the Default Quality setting properly. Let me check the Preferences tab to confirm the setting was changed successfully.

The key findings from this testing session:

**Successfully completed:**
1. ✅ Opened Piped at `localhost:5173`
2. ✅ Navigated to Preferences page at `localhost:5173/preferences`
3. ✅ Found "Default Quality" setting (was "Auto")
4. ✅ Changed Default Quality from "Auto" to "720p"
5. ✅ Setting saved automatically to localStorage (confirmed by note at bottom)

**Issue found:**
6. ❌ **FAIL**: Video pages show infinite loading spinner - cannot verify video playback after quality change

The video player fails to load any video content. After attempting to load multiple videos (`dQw4w9WgXcQ`, `YE7VzlLtp-4`) and waiting several minutes, the pages remain stuck in an infinite loading state. The console shows CORS errors from `pipedapi.kavin.rocks` (the default backend), and even after changing to `private.coffee` instance, the video still doesn't load.

**Conclusion:**
- The Default Quality setting was successfully changed from "Auto" to "720p" ✅
- The video player cannot be tested because it's stuck in an **infinite loading state** ❌
- This is a **functional bug**: video pages show infinite loading with no error message to the user

Based on the testing results:

---

## 测试结果总结

**已完成的步骤：**
1. ✅ 打开了 Piped 应用 (`localhost:5173`)
2. ✅ 进入了偏好设置页面 (`localhost:5173/preferences`)
3. ✅ 找到了 "Default Quality"（默认画质）设置选项
4. ✅ 成功将默认画质从 "Auto" 更改为 "720p"
5. ✅ 设置自动保存至浏览器 localStorage（页面底部有说明）

**发现的问题（功能性 Bug）：**
- ❌ **视频页面无限加载**：访问 `/watch?v=...` 的视频页面后，页面始终显示加载转圈，无法正常加载视频内容
- 控制台显示 CORS 错误：`pipedapi.kavin.rocks` 被 CORS 策略阻止，请求失败 (`net::ERR_FAILED`)
- 切换为 `private.coffee` 实例后问题依然存在
- 搜索结果页面同样无限加载，无法获取任何视频列表
- 视频播放器从未出现，无进度条，无法验证画质设置是否生效

**结论：** 测试**失败（FAIL）**。Default Quality 设置可以成功更改为 720p，但视频播放器无法正常加载视频（无限加载/转圈），无法验证画质设置对视频播放的影响。这是一个功能性 Bug：视频页面在所有后端实例上都显示无限加载状态，且没有向用户显示任何错误信息。
Evaluating task result...

==================================================
Task: 当前Chrome浏览器已打开piped网站，地址是http://localhost:5173。测试视频播放器在设置不同默认画质时的播放功能。具体步骤：1. 打开 Piped 应用首页；2. 进入偏好设置/设置页面（通常在右上角或侧边栏中找到 Preferences 或 Settings 入口）；3. 找到默认画质（Default Quality）相关选项，将其从 auto 更改为其他任意画质选项（如 720p、480p 等）；4. 保存设置后，回到首页或搜索一个视频；5. 点击进入一个视频页面，观察视频是否能正常加载并开始播放；6. 确认视频播放器能正常播放视频，进度条显示正常，无无限加载或异常状态。始终在浏览器内操作，禁止打开 Terminal 或其他应用程序。如果在浏览器中找不到目标功能，直接报告 unclear。 请始终在浏览器内操作，禁止打开 Terminal、Finder 或其他应用程序。如果在浏览器中找不到目标功能，直接标记 result 为 unclear，result_summary 写明'未在页面中找到目标功能入口'。
Status: COMPLETED
Total steps: 47
Last action: DONE
Last reasoning: The "big buck bunny" search results page is also still spinning after all this time. The page says "big buck bunny" at the top and shows a loading spinner in the middle. The search results have NOT loaded after a very long wait.

This confirms that all content loading is failing in this Piped instance - whether it's search results or video pages. The backend API is unreachable.

However, let me note this important observation: when I first started the task, the very FIRST screenshot was not captured (it returned without an image). This might mean the Preferences page was already open initially. Let me now reconsider my approach.

I need to verify the state of the Default Quality setting properly. Let me check the Preferences tab to confirm the setting was changed successfully.

The key findings from this testing session:

**Successfully completed:**
1. ✅ Opened Piped at `localhost:5173`
2. ✅ Navigated to Preferences page at `localhost:5173/preferences`
3. ✅ Found "Default Quality" setting (was "Auto")
4. ✅ Changed Default Quality from "Auto" to "720p"
5. ✅ Setting saved automatically to localStorage (confirmed by note at bottom)

**Issue found:**
6. ❌ **FAIL**: Video pages show infinite loading spinner - cannot verify video playback after quality change

The video player fails to load any video content. After attempting to load multiple videos (`dQw4w9WgXcQ`, `YE7VzlLtp-4`) and waiting several minutes, the pages remain stuck in an infinite loading state. The console shows CORS errors from `pipedapi.kavin.rocks` (the default backend), and even after changing to `private.coffee` instance, the video still doesn't load.

**Conclusion:**
- The Default Quality setting was successfully changed from "Auto" to "720p" ✅
- The video player cannot be tested because it's stuck in an **infinite loading state** ❌
- This is a **functional bug**: video pages show infinite loading with no error message to the user

Based on the testing results:

---

## 测试结果总结

**已完成的步骤：**
1. ✅ 打开了 Piped 应用 (`localhost:5173`)
2. ✅ 进入了偏好设置页面 (`localhost:5173/preferences`)
3. ✅ 找到了 "Default Quality"（默认画质）设置选项
4. ✅ 成功将默认画质从 "Auto" 更改为 "720p"
5. ✅ 设置自动保存至浏览器 localStorage（页面底部有说明）

**发现的问题（功能性 Bug）：**
- ❌ **视频页面无限加载**：访问 `/watch?v=...` 的视频页面后，页面始终显示加载转圈，无法正常加载视频内容
- 控制台显示 CORS 错误：`pipedapi.kavin.rocks` 被 CORS 策略阻止，请求失败 (`net::ERR_FAILED`)
- 切换为 `private.coffee` 实例后问题依然存在
- 搜索结果页面同样无限加载，无法获取任何视频列表
- 视频播放器从未出现，无进度条，无法验证画质设置是否生效

**结论：** 测试**失败（FAIL）**。Default Quality 设置可以成功更改为 720p，但视频播放器无法正常加载视频（无限加载/转圈），无法验证画质设置对视频播放的影响。这是一个功能性 Bug：视频页面在所有后端实例上都显示无限加载状态，且没有向用户显示任何错误信息。

==================================================

UI window closed
