Session created: sess-20260424155910-3411ad75669c46338a2dc7e6f80bd397
UI panel initialized successfully
UI window displayed
Expected result: 已登录状态下文件上传应成功完成，服务器正确验证会话，上传的文件能在页面上正确显示，不会因会话验证失败而报错。
[step 0] Action: Initializing
[step 0] Reasoning: Initializing session connection
[step 0] Action: Open url: http://localhost:5173
[step 1] Action: left_click (1038, 74)
[step 1] Reasoning: 页面已打开，这是一个名为 "Test Pump" 的社交平台。我可以看到右上角有 "Register" 和 "Login" 按钮。让我先点击 "Register" 进行注册。
[step 2] Action: left_click (393, 171)
[step 2] Reasoning: 注册页面已打开。需要填写 Nickname（昵称）、Password（密码）和 Repeat（确认密码）。让我填写这些信息。
[step 3] Action: type: testuser01
[step 3] Reasoning: 自动完成下拉框显示了之前的用户名建议。让我输入一个新的用户名。
[step 4] Action: left_click (393, 213)
[step 4] Reasoning: 用户名已填写为 "testuser01"。现在点击密码字段并填写密码。
[step 5] Action: type: Test1234!
[step 6] Action: left_click (393, 255)
[step 6] Reasoning: 密码已填写。现在点击 Repeat 字段并输入相同的密码。
[step 7] Action: type: Test1234!
[step 8] Action: left_click (334, 297)
[step 8] Reasoning: 所有字段已填写完毕。现在点击 "Register" 按钮提交注册表单。
[step 9] Action: left_click (1080, 74)
[step 9] Reasoning: 注册成功并自动登录！现在我已经以 "testuser01" 身份登录。页面显示了欢迎信息，右上角显示用户名。

现在需要尝试上传文件。我看到页面上有一个头像区域（左侧有一个默认的用户头像），让我尝试点击用户的 profile 链接来访问个人资料页面，在那里应该可以上传头像。
[step 10] Action: left_click (1031, 253)
[step 10] Reasoning: 下拉菜单显示了用户选项。我看到有 "Account" 和 "Settings" 选项。让我点击 "Account" 来访问账户设置页面，那里应该有上传头像的功能。
[step 11] Action: left_click (1080, 74)
[step 11] Reasoning: Account 页面只显示用户名和密码修改选项，没有头像上传功能。让我尝试 "Settings" 页面，那里可能有头像上传功能。
[step 12] Action: left_click (1031, 232)
[step 13] Action: Open url: http://localhost:5173/testuser01
[step 13] Reasoning: Settings 页面显示了 "About you" 设置（Real name、Hometown、Bio），但没有头像上传功能。让我访问用户的 profile 页面，那里应该有头像上传功能。让我导航到 profile 页面。
[step 14] Action: left_click (206, 174)
[step 14] Reasoning: 我看到了用户的 profile 页面，左边有一个默认头像（灰色人像）。让我尝试点击头像，看是否可以上传新的头像图片。
[step 15] Action: left_click (268, 74)
[step 15] Reasoning: 点击头像没有反应。让我尝试发帖功能，通过上传附件图片的方式来测试文件上传功能。我看到顶部有 "Note ✏" 按钮，让我点击它看看是否有图片上传选项。
[step 16] Action: left_click (657, 191)
[step 16] Reasoning: 出现了 "Post a note" 弹窗，有编辑器工具栏，但我看到工具栏中有一个分享图标（最右边的图标），让我仔细查看工具栏的最右侧按钮，看是否有文件/图片上传按钮。工具栏中有 B、I、—、列表样式、和一个分享图标。

让我仔细观察工具栏按钮。最右边那个类似分享的图标可能是上传图片的按钮。让我点击它。
[step 17] Action: left_click (757, 237)
[step 17] Reasoning: 这是一个 "Insert link" 弹窗，不是文件上传。让我取消并检查其他按钮。
[step 18] Action: left_click (857, 144)
[step 18] Reasoning: 我回到了 "Post a note" 弹窗。工具栏里有几个按钮，让我仔细检查每个按钮。我看到最右边的按钮（分享图标）是插入链接，其他按钮是格式化（Bold、Italic、分割线、列表等）。

看起来这个"Post a note"编辑器中并没有直接的图片上传按钮。让我关闭这个弹窗，并搜索其他可能的上传入口。也许在 profile 页面的头像区域有上传功能，或者需要通过其他方式访问。让我检查一下 profile 页面中的 `cover` 或头像区域是否有上传功能，比如悬停时显示上传按钮。
[step 19] Action: mouse_move (206, 174)
[step 19] Reasoning: 让我尝试将鼠标悬停在头像上，看是否有上传提示或悬停效果出现。
[step 20] Action: double_click (206, 174)
[step 20] Reasoning: 头像悬停时没有显示上传按钮。让我尝试导航到 `localhost:5173/main/profile` 或者通过用户名的设置页面查找头像上传功能。实际上，这个平台是基于 pump.io 的，应该有头像上传功能，可能在某个特定的 URL 中。让我尝试访问用户的 profile 页面，可能是 `/testuser01/profile` 或通过双击头像。

让我尝试双击头像：
[step 21] Action: Open url: http://localhost:5173/main
[step 21] Reasoning: 头像区域点击和双击都没有触发上传功能。让我尝试访问 `localhost:5173/main/profile` 或其他可能的 URL。实际上 pump.io 是通过 API 上传文件的，让我尝试导航到 profile 编辑页面。

让我看看 "Activity" 页面的帖子流，那里可能有一个可以上传图片的选项：
[step 22] Action: Open url: http://localhost:5173/testuser01
[step 22] Reasoning: `/main` 页面返回 404 错误。让我导航回主页，并查找上传功能入口。在 pump.io 中，头像通常可以在 profile 页面通过悬停显示上传按钮来更改。让我返回 testuser01 的 profile 并检查 Activity 选项卡的内容。
[step 23] Action: Open app: Terminal
[step 23] Reasoning: 现在我在 testuser01 的 profile 页面。让我尝试通过 "Note" 按钮发帖时上传图片的方式来测试文件上传。在 pump.io 中，发帖时通常可以上传图片作为附件。让我重新打开 "Post a note" 弹窗，并尝试查找 "upload" 或 "attach" 功能。

让我先在终端中创建一个测试用图片文件，以便上传测试：
[step 24] Action: left_click (640, 403)
[step 24] Reasoning: 我看到 Terminal 已打开（日志窗口）以及 Apple Music 弹窗。让我关闭 Apple Music 弹窗，然后找到终端窗口。
[step 25] Action: left_click (1071, 689)
[step 25] Reasoning: Apple Music 变成了一个侧边栏。让我通过点击 Dock 中的终端图标来打开终端。
