Session created: sess-20260424151151-8392046cb1c346a0a1cc52dccae122cd
UI panel initialized successfully
UI window displayed
Expected result: 点击用户下拉菜单中的链接后，页面应正常跳转，同时下拉菜单应自动关闭，不应残留在页面上保持打开状态。
[step 0] Action: Initializing
[step 0] Reasoning: Initializing session connection
[step 0] Action: Open url: http://localhost:5173
[step 0] Reasoning: 我来帮你完成这个测试任务。首先打开浏览器访问指定地址。
[step 1] Action: Minimize panel
[step 1] Reasoning: 页面已打开，我看到 Test Pump 网站。现在需要注册账号。我看到右上角有 "Register" 按钮，点击它。
[step 2] Action: left_click (1039, 94)
[step 2] Reasoning: 现在可以清楚地看到页面了。点击右上角的 "Register" 按钮进行注册。
[step 3] Action: left_click (392, 191)
[step 3] Reasoning: 注册页面已打开。我需要填写用户名（Nickname）、密码和确认密码。现在填写注册信息：
[step 4] Action: type: testuser2026
[step 4] Reasoning: 我看到有自动补全建议。我将输入一个新的用户名：
[step 5] Action: left_click (392, 233)
[step 5] Reasoning: 用户名已输入。现在点击密码框并输入密码：
[step 6] Action: left_click (392, 233)
[step 7] Action: type: Test1234!
[step 7] Reasoning: 密码框已获得焦点。输入密码：
[step 8] Action: left_click (392, 274)
[step 8] Reasoning: 密码已输入。现在点击 Repeat 字段输入确认密码：
[step 9] Action: type: Test1234!
[step 10] Action: left_click (333, 316)
[step 10] Reasoning: 所有注册信息已填写完成：
- Nickname: testuser2026
- Password: Test1234!
- Repeat: Test1234!

现在点击 "Register" 按钮：
[step 11] Action: left_click (1065, 94)
[step 11] Reasoning: 注册成功并已自动登录！页面显示 "Welcome to Test Pump"，右上角显示用户名 "testuser2026"。现在我需要点击右上角的用户下拉菜单来打开它：
[step 12] Action: left_click (1030, 251)
[step 12] Reasoning: 用户下拉菜单已成功打开，显示了以下选项：
- Activity（活动）
- Favorites（收藏）
- Followers（粉丝）
- Following（关注）
- Lists（列表）
- Settings（设置）
- Account（账户）
- Log out（登出）

现在我将点击 "Settings"（设置）链接，观察下拉菜单是否自动关闭：
[step 13] Action: left_click (500, 400)
[step 13] Reasoning: **🐛 发现了一个 Bug！**

点击 "Settings" 链接后，页面确实导航到了设置页面（URL 已变为 `localhost:5173/main/settings`，页面显示了 "About you" 设置表单），但**下拉菜单没有自动关闭**！

可以清楚地看到：
- 页面已成功跳转到 Settings 页面（显示 "About you"、Real name、Hometown、Bio 等字段）
- 然而右上角的用户下拉菜单**仍然保持打开状态**，且 "Settings" 选项还高亮显示（蓝色背景）

这是一个明显的交互 Bug：**点击下拉菜单中的链接后，下拉菜单应该自动关闭，但实际上并没有关闭**。

让我点击页面其他地方来关闭菜单，然后再次测试验证这个问题：
[step 14] Action: left_click (188, 94)
[step 14] Reasoning: 点击页面其他地方后，下拉菜单关闭了。现在回到主页再次验证这个 Bug，打开下拉菜单并点击另一个链接测试：
[step 15] Action: left_click (1065, 94)
[step 15] Reasoning: 已返回主页。现在再次打开用户下拉菜单，这次点击 "Activity" 来进一步验证这个 Bug：
[step 16] Action: left_click (1028, 127)
[step 16] Reasoning: 下拉菜单再次打开。现在点击 "Activity" 链接进行验证：
[step 17] Action: DONE
[step 17] Reasoning: Bug 再次被确认！点击 "Activity" 链接后：
- 页面导航到了用户个人资料页面（URL 变为 `localhost:5173/testuser2026`）
- 但**下拉菜单依然保持打开状态**，"Activity" 选项被高亮显示（蓝色背景）

---

## 📋 测试结果报告

### 测试任务
在 `http://localhost:5173` 注册账号并登录，打开用户下拉菜单，点击其中的链接，观察下拉菜单是否自动关闭。

### 测试步骤
1. ✅ 访问 `http://localhost:5173` —— 成功
2. ✅ 注册账号（Nickname: `testuser2026`，Password: `Test1234!`）—— 注册成功并自动登录
3. ✅ 点击右上角用户名 `testuser2026▾` 打开下拉菜单 —— 下拉菜单正常展开，显示 Activity、Favorites、Followers、Following、Lists、Settings、Account、Log out 等选项
4. ✅ 点击下拉菜单中的 **Settings** 链接 —— 页面成功导航到 `/main/settings`
5. ❌ **下拉菜单未自动关闭** —— Settings 选项仍高亮显示，菜单保持展开状态
6. 再次测试点击 **Activity** 链接 —— 页面导航成功，但菜单**仍未关闭**

### 🐛 发现的 Bug
**下拉菜单点击链接后不会自动关闭（Bug）**

- **现象**：用户点击下拉菜单中的任意导航链接（如 Settings、Activity 等）后，页面虽然正确跳转到目标页面，但顶部导航栏的用户下拉菜单**没有自动收起/关闭**，仍然保持展开状态并遮挡页面内容。
- **预期行为**：点击下拉菜单中的链接后，菜单应自动关闭。
- **实际行为**：菜单保持打开，直到用户手动点击菜单外部区域才会关闭。
- **影响**：用户体验受损，菜单覆盖了新页面的部分内容区域。
Evaluating task result...

==================================================
Task: 在浏览器中打开 http://localhost:5173 ，注册账号后登录。打开页面顶部的用户下拉菜单，然后点击下拉菜单中的某个链接（如个人资料、设置等），观察下拉菜单是否自动关闭。
Status: COMPLETED
Total steps: 17
Last action: DONE
Last reasoning: Bug 再次被确认！点击 "Activity" 链接后：
- 页面导航到了用户个人资料页面（URL 变为 `localhost:5173/testuser2026`）
- 但**下拉菜单依然保持打开状态**，"Activity" 选项被高亮显示（蓝色背景）

---

## 📋 测试结果报告

### 测试任务
在 `http://localhost:5173` 注册账号并登录，打开用户下拉菜单，点击其中的链接，观察下拉菜单是否自动关闭。

### 测试步骤
1. ✅ 访问 `http://localhost:5173` —— 成功
2. ✅ 注册账号（Nickname: `testuser2026`，Password: `Test1234!`）—— 注册成功并自动登录
3. ✅ 点击右上角用户名 `testuser2026▾` 打开下拉菜单 —— 下拉菜单正常展开，显示 Activity、Favorites、Followers、Following、Lists、Settings、Account、Log out 等选项
4. ✅ 点击下拉菜单中的 **Settings** 链接 —— 页面成功导航到 `/main/settings`
5. ❌ **下拉菜单未自动关闭** —— Settings 选项仍高亮显示，菜单保持展开状态
6. 再次测试点击 **Activity** 链接 —— 页面导航成功，但菜单**仍未关闭**

### 🐛 发现的 Bug
**下拉菜单点击链接后不会自动关闭（Bug）**

- **现象**：用户点击下拉菜单中的任意导航链接（如 Settings、Activity 等）后，页面虽然正确跳转到目标页面，但顶部导航栏的用户下拉菜单**没有自动收起/关闭**，仍然保持展开状态并遮挡页面内容。
- **预期行为**：点击下拉菜单中的链接后，菜单应自动关闭。
- **实际行为**：菜单保持打开，直到用户手动点击菜单外部区域才会关闭。
- **影响**：用户体验受损，菜单覆盖了新页面的部分内容区域。

==================================================

UI window closed
__MANO_DONE__
