Session created: sess-20260424161719-ab1e58b375dc48d6b1cf2ac81d950a45
UI panel initialized successfully
UI window displayed
Expected result: Lightbox灯箱弹出后图片应居中显示在屏幕中央，图片说明文字应显示图片标题(displayName)而非完整内容，说明文字样式正确排版美观。
[step 0] Action: Initializing
[step 0] Reasoning: Initializing session connection
[step 0] Action: Open url: http://localhost:5173
[step 1] Action: left_click (1038, 75)
[step 1] Reasoning: I can see the Test Pump application. Let me click on "Register" to create an account.
[step 2] Action: left_click (392, 171)
[step 2] Reasoning: I'm on the registration page. Let me fill in the registration form.
[step 3] Action: type: testuser2026
[step 3] Reasoning: I can see autocomplete suggestions. Let me type a new username.
[step 4] Action: left_click (392, 213)
[step 4] Reasoning: I see the autocomplete showing "testuser2026". Let me click on the password field and fill in the details.
[step 5] Action: type: Test1234pass
[step 6] Action: triple_click
[step 6] Reasoning: It seems the text was typed into the Nickname field instead of the Password field. Let me clear the nickname field and start over.
[step 7] Action: type: testuser2026
[step 8] Action: left_click (392, 213)
[step 8] Reasoning: Now let me click on the Password field and type the password:
[step 9] Action: type: Test1234pass
[step 9] Reasoning: The password field is now focused. Let me type the password:
[step 10] Action: triple_click
[step 10] Reasoning: The text is still going into the Nickname field. It seems pressing Tab doesn't work for moving to the Password field. Let me try using Tab to navigate between fields. First, let me clear the nickname and try a different approach.

Let me clear the nickname field first and type only the username there:
[step 11] Action: type: testuser2026
[step 11] Reasoning: I see the nickname field still has text. Let me type the correct nickname:
[step 12] Action: key: Tab
[step 12] Reasoning: Good, the nickname shows "testuser2026". Now let me press Tab to move to the password field:
[step 13] Action: type: Test1234pass
[step 13] Reasoning: The cursor is now on the Password field. Let me type the password:
[step 14] Action: key: Tab
[step 14] Reasoning: The password is entered. Now let me tab to the Repeat field and type the same password:
[step 15] Action: type: Test1234pass
[step 15] Reasoning: The Repeat field is now focused. Let me type the same password:
[step 16] Action: left_click (334, 297)
[step 16] Reasoning: All fields are filled in. Now let me click the Register button:
[step 17] Action: left_click (267, 75)
[step 17] Reasoning: I've successfully registered and I'm now logged in as testuser2026. I can see the home page with a welcome message. Now I need to create a post with an image. I can see there's a "Note ✏" button in the top navigation. Let me click on it to create a new post:
[step 18] Action: left_click (657, 191)
[step 18] Reasoning: A "Post a note" dialog has appeared. I can see various formatting options, including what looks like an icon for adding an image (the last button with a share icon). Let me look at the toolbar more carefully. I can see buttons: Bold, Italic, Strike, lists, indent, and a last button that might be for uploading images/files. Let me click on the last icon (the share/chain icon) to see if it allows image insertion:
[step 19] Action: left_click (757, 237)
[step 19] Reasoning: That opened an "Insert link" dialog. Let me cancel that and look for an image upload option:
[step 20] Action: left_click (857, 144)
[step 20] Reasoning: I see the "Post a note" dialog. The toolbar has several buttons but I need to find an image upload option. I don't see a dedicated image button. Let me try pasting an image into the text area. First, I need to get an image. Let me try to close this dialog and look for another way to post with an image, such as posting a "picture" type. Let me close this:
[step 21] Action: screenshot
[step 21] Reasoning: I see the home page. Let me look at the Note button more carefully - it might have a dropdown with other post types. Let me check the dropdown arrow on the Note button:
[step 22] Action: left_click (267, 75)
[step 22] Reasoning: I see the "Note ✏" button. The note posting dialog didn't show an obvious image upload button. Let me try a different approach - I'll try to paste an image into the post editor. First, let me create a simple image using Python/screenshots and try to paste it. 

Actually, let me try another approach. Let me open the Note dialog again and try to paste an image directly into the text area. First, I'll take a screenshot and copy it to clipboard:
[step 23] Action: left_click (857, 144)
[step 23] Reasoning: I need to look more carefully at the toolbar buttons. Let me zoom into the toolbar to see what the buttons are. I see 7 buttons in the toolbar: B, I, (strikethrough?), and then list buttons, and a chain/link icon. There doesn't seem to be an image upload button directly visible.

Let me try a different approach - I'll try to drag and drop an image file onto the text area. First, let me create an image file and save it to the desktop. Let me use a terminal for this:
[step 24] Action: Open app: Terminal
[step 24] Reasoning: Let me first create a simple image file using a terminal. Let me open a terminal:
[step 25] Action: left_click (390, 390)
[step 25] Reasoning: I can see the terminal is open. Let me click on the terminal window and create a simple test image:
[step 26] Action: left_click (490, 275)
[step 26] Reasoning: I can see the terminal is open. Let me create a simple PNG image using Python:
[step 27] Action: left_click (490, 275)
