Session created: sess-20260416125512-f4efea094012400d9921ab7351c6141b
UI panel initialized successfully
UI window displayed
Expected result: 自定义 Tab 布局中的每个 Tab 导航项都可以通过键盘 Tab 键获得焦点，按空格或回车键可以选中未选中的 Tab，使用方向键可以在 Tab 之间切换选中状态，内容面板随之正确更新。
[step 0] Action: Initializing
[step 0] Reasoning: Initializing session connection
[step 0] Action: screenshot
[step 1] Action: left_click (221, 99)
[step 1] Reasoning: I can see the React Bootstrap website is open. I need to navigate to the Tabs component documentation. Let me click on "Components" in the navigation.
[step 2] Action: scroll down (105, 500) scroll_amount 5
[step 2] Reasoning: I can see the Components page with a sidebar. I need to scroll down to find "Tabs" in the sidebar. Let me scroll down in the left sidebar to find the Tabs component.
[step 3] Action: scroll down (105, 500) scroll_amount 3
[step 3] Reasoning: I can see the sidebar is showing more items now. I can see "Table" partially at the bottom. Let me scroll down a bit more to find "Tabs".
[step 4] Action: left_click (29, 571)
[step 4] Reasoning: I can see "Tabs" in the sidebar. Let me click on it.
[step 5] Action: left_click (1133, 228)
[step 5] Reasoning: I'm now on the Tabs documentation page. I can see in the right sidebar there's a "Custom Tab Layout" link. I need to scroll down to find the "Custom tab layout" section. Let me click on "Custom Tab Layout" in the right sidebar to navigate to that section.
[step 6] Action: left_click (354, 316)
[step 6] Reasoning: I can now see the "Custom Tab Layout" section. I can see there's a tab layout example with "Tab 1" and "Tab 2". Tab 1 is currently selected (shown in blue) and its content is displayed on the right. 

Now I need to test the keyboard accessibility of this custom tab layout. Let me first click on the tab area to ensure the page focus is near the tabs, then use Tab key to navigate to the tab items.

Let me first click on the "Tab 1" to focus the area, then use keyboard navigation.
[step 7] Action: key: Tab
[step 7] Reasoning: Good, I've clicked on Tab 1. Now I need to use the keyboard Tab key to navigate to the Tab 2 item and test keyboard accessibility. Let me press Tab key to move focus from Tab 1 to Tab 2. First, let me take a screenshot to see the current state clearly.

Let me now press the Tab key to navigate between elements and observe the focus behavior. I'll press Tab and take a screenshot to see where focus moves.
[step 8] Action: left_click (640, 238)
[step 8] Reasoning: I can see that pressing Tab moved the focus to the code block (showing "Press enter or type a key to enable tab-to-indent" message). The focus jumped from Tab 1 directly to the code block, bypassing Tab 2. This indicates that Tab 2 may not be reachable via the Tab key from Tab 1. 

Let me try a different approach - I'll click somewhere before the tab area and then tab through to see if I can reach Tab 2. Let me click on the description text above the tab example, then use Tab to navigate.
[step 9] Action: left_click (292, 342)
[step 9] Reasoning: Let me try pressing Tab from the current position in the page to see if focus reaches Tab 1 or Tab 2. First, let me click on the "Tab 2" link to focus it and test keyboard interaction from there.
[step 10] Action: left_click (345, 144)
[step 10] Reasoning: Clicking on Tab 2 switched the content to show Tab 2's content (different poem text). Tab 2 is now selected (shown in blue). 

Now I need to test keyboard navigation systematically. Let me:
1. First test if Tab key can move focus to Tab 1 and Tab 2 items
2. Test if Space/Enter selects a tab
3. Test if arrow keys navigate between tabs

Let me click on Tab 1 first to reset, and then use Tab key navigation to test keyboard accessibility. I need to focus somewhere before the tabs first.

Let me click on the page content area before the tabs example, then tab to reach the Tab items.
[step 11] Action: key: Tab
[step 11] Reasoning: Good, I clicked on the "Custom Tab Layout" heading. Now let me press Tab multiple times to navigate through the interactive elements and see if Tab 1 and Tab 2 can receive focus. Let me press Tab to move through the page elements.
[step 12] Action: key: Tab
[step 12] Reasoning: I can see the status bar shows "localhost:3000/components/tabs/#rb-docs-content" which suggests focus may be on the content area. The focus is not visually apparent on the tabs. Let me press Tab again to see if it moves to the Tab 1 item.
[step 13] Action: key: Tab
[step 13] Reasoning: I can see the focus has moved to the React Bootstrap logo icon in the top-left (it appears to have focus ring). The status bar shows "localhost:3000". This means the Tab key is cycling through all focusable elements on the page but I need to track more carefully when focus reaches the tab items in the example. Let me try a more systematic approach.

Let me use Tab key multiple times and carefully observe if focus reaches Tab 1. I'll look for visual focus indicators on the tab items. Let me press Tab more times.
[step 14] Action: key: Tab Tab Tab Tab Tab
[step 14] Reasoning: Now I can see "Home" navigation item has a focus ring. Focus is moving through the top navigation. Let me continue pressing Tab to navigate through all elements until the focus reaches the Tab 1 and Tab 2 items in the Custom Tab Layout example.

Let me press Tab multiple times and check when focus reaches the tabs section.
[step 15] Action: key: Tab
[step 16] Action: key: Tab
[step 16] Reasoning: "Getting Started" now has focus. The focus is moving through the top navigation. Let me continue pressing Tab to move past the navigation and reach the tab example. I'll press Tab several more times.
[step 17] Action: key: Tab
[step 17] Reasoning: "Components" has focus now. Let me continue pressing Tab to move through the sidebar items to reach the custom tab layout example. I need to track focus carefully. Let me press Tab many more times to get through the sidebar navigation links.

Since there are many sidebar items to navigate through, let me try a more efficient approach. I'll use Shift+Tab to navigate backwards, which might be quicker to find the tabs. But actually, let me try pressing Tab multiple times to navigate forward. Let me keep pressing Tab until focus reaches the tab items.
[step 18] Action: left_click (292, 316)
[step 18] Reasoning: I see the version number element has focus now. Let me keep pressing Tab. There are many sidebar links. Let me try a different strategy - instead of Tab key navigation, let me try to click on Tab 1 first, then use keyboard Tab key to navigate from Tab 1. I need to understand the keyboard traversal order within the tab widget itself.

Let me click directly on Tab 1 and then use keyboard navigation.
[step 19] Action: key: Tab
[step 19] Reasoning: I've clicked on Tab 1. It's now selected (blue background, bold text). Tab 2 is shown below it without selection. Now let me test Tab key navigation from Tab 1. I'll press Tab and see where focus goes.
[step 20] Action: left_click (292, 316)
[step 20] Reasoning: Interesting! After clicking Tab 1 and pressing Tab key, the focus moved directly to the code block (I can see a cursor/text input indicator at the beginning of the code block). The focus skipped Tab 2 entirely! 

This is a critical observation: **Tab 2 was skipped when pressing Tab from Tab 1**. The Tab key did not move focus to Tab 2 (the unselected tab). Instead, it jumped to the code block below.

This is actually by design in ARIA tab patterns - only the active tab should be in the Tab key sequence, and inactive tabs should be navigable via arrow keys. But let me verify this behavior:

1. First, let me check if Tab 2 can be focused via Tab key (it should not be, per ARIA standards, only the active tab is focusable)
2. Then test arrow keys while Tab 1 has focus

Let me click on Tab 1 again to regain focus on it, then test arrow keys.
[step 21] Action: key: Down
[step 21] Reasoning: Tab 1 is now selected again. Now let me test the arrow keys from Tab 1 to see if I can navigate to Tab 2 using arrow keys. First, I need to ensure Tab 1 link has focus. Let me press the Down arrow key to see if it navigates to Tab 2.
[step 22] Action: key: Up
[step 22] Reasoning: Excellent! **The Down arrow key navigated from Tab 1 to Tab 2!** I can see that:
- Tab 2 is now selected (blue background)
- The content panel has changed to show Tab 2's poem content

This is the expected ARIA tab pattern behavior - arrow keys navigate between tabs and also activate them. Let me verify more keyboard behaviors:

1. Let me test the Up arrow key to go back to Tab 1
2. Test Enter/Space key behavior

First, let me go back to Tab 1 using the Up arrow key to verify bidirectional arrow navigation.
[step 23] Action: key: Right
[step 23] Reasoning: **The Up arrow key navigated back from Tab 2 to Tab 1!** I can see:
- Tab 1 is now selected (blue background)
- The content panel shows Tab 1's poem content ("The little Love-god lying once asleep...")

Now let me also test left/right arrow keys. Let me press Right arrow to navigate from Tab 1.
[step 24] Action: key: Left
[step 24] Reasoning: **The Right arrow key also navigates between tabs!** Tab 2 is now selected (blue background) with Tab 2's poem content displayed. 

Now let me test the Left arrow key to go back to Tab 1.
[step 25] Action: key: Down
[step 25] Reasoning: **The Left arrow key navigated back from Tab 2 to Tab 1!** Tab 1 is now selected (blue background) with Tab 1's poem content displayed.

Now I need to test the behavior of **Tab key on Tab 2** (the unselected tab). I observed that Tab 2 cannot be focused via Tab key when Tab 1 is active - focus jumped from Tab 1 directly to the code block. Let me verify this is the correct ARIA implementation. Let me now test if pressing Enter or Space activates a tab.

Let me first navigate to Tab 2 using the Down arrow key, and then try pressing Space to verify it's activated.
[step 26] Action: key: Return
[step 26] Reasoning: Tab 2 is now selected (I can see it's blue). Now let me test if pressing Space key on the already-focused Tab 2 activates it. I noticed the Tab key skipped Tab 2 when Tab 1 was focused. This means the keyboard navigation in the custom tab layout uses the "roving tabindex" pattern - only the active/selected tab is included in Tab key traversal, and inactive tabs are navigated with arrow keys.

Now let me test the Tab key for "Tab 2" - I need to check if Tab 2 can receive focus via Tab key when Tab 2 itself is active (selected).

Let me also check the Space and Enter key behavior. The current focus should be on Tab 2. Let me press Enter key to test.
[step 27] Action: key: Up
[step 27] Reasoning: Tab 2 is still selected after pressing Enter. Good - the Enter key on the currently active tab keeps it active (it activates the already active tab, keeping the same state). 

Now let me navigate to Tab 1 using Up arrow and test if pressing Enter on Tab 1 would activate it.

Wait - I realize I need to check an important behavior. In the ARIA tabs pattern, arrow keys should move focus AND activate tabs. Let me now navigate to Tab 1 via Up arrow key and check if Tab 1 gets both focus AND selected state.

Let me also test the **Space key** explicitly. First let me go to Tab 2 using Up arrow to navigate to Tab 1 first.
[step 28] Action: key: Down
[step 28] Reasoning: Tab 1 is now selected (blue background) and its poem content is shown. Now let me test the Space key. First, let me navigate to Tab 2 using Down arrow without activating it (but in the ARIA pattern they use, arrow keys seem to auto-activate). Let me check if Space key still works.

Let me now test pressing Space when the focus is on Tab 1 (which is already active):

Actually, I realize I should now do the final check - testing if Tab key can be used to reach Tab 2 when Tab 2 is selected/active. According to ARIA patterns, when Tab 2 is the active tab, Tab 2 should have tabindex=0 (meaning Tab key will bring focus to it), and Tab 1 should have tabindex=-1 (not in Tab sequence).

Let me navigate to Tab 2 using Down arrow, then press Shift+Tab to see where focus goes, and then Tab to continue forward.
[step 29] Action: key: Tab
[step 29] Reasoning: Good, Tab 2 is now selected. Now let me verify the Tab key behavior - when Tab 2 is the active tab, pressing Tab should move focus to the next element (code block), and pressing Shift+Tab should go back to the PREVIOUS element in the page (Tab 2 should be in the Tab sequence since it's active). Let me test pressing Tab to see where focus goes when Tab 2 is active.
[step 30] Action: left_click (292, 342)
[step 30] Reasoning: Tab key from Tab 2 moved focus to the code block (I can see the cursor at the beginning of the code block). The Tab key correctly exits the tab list widget to the next focusable element. This is the expected ARIA behavior.

Now let me also test the Space key. I'll click directly on Tab 2 to give it focus (since currently focus is in the code block), and then navigate to Tab 1 area to test Space key.

Actually, let me now do a comprehensive test by inspecting the DOM to understand if there's a `tabindex` attribute issue. But first, let me check if pressing Tab from Tab 2 would show Tab 1 in the Tab key sequence when Tab 2 is selected.

Let me verify the focus behavior by clicking on Tab 1 and then pressing Tab to see where it goes (bypassing Tab 2 or not).

Let me first click on Tab 2 to make it active, then press Shift+Tab to check if focus comes from Tab 2 when going backwards.
[step 31] Action: left_click (344, 144)
[step 31] Reasoning: Good, Tab 2 is selected (blue). I can see the cursor on Tab 2 itself is focused. Now let me test the Tab key to move focus when Tab 2 is selected. I'll test pressing Tab from Tab 2 and observe if focus moves forward correctly.

Now let me also verify if Tab 1 is visible via keyboard when Tab 2 is active. Let me check by using the browser developer tools to inspect the tabindex values. I'll open DevTools.

Actually, let me take a more practical approach and use browser's focus inspection. Let me check if Tab 1 can get keyboard focus by doing a Tab key navigation sequence starting from before the tab list widget.

Let me scroll up and click somewhere before the tab example to set focus there, then Tab through the tab example widget. Let me click on the "Custom Tab Layout" heading.
[step 32] Action: key: Tab
[step 32] Reasoning: Good. I can see Tab 2 is still selected (blue). The heading "Custom Tab Layout" has an anchor link (#) showing. I notice Tab 2 is selected but I'm about to test Tab key navigation from the heading area. 

Let me press Tab to navigate forward from the heading, and see if focus reaches Tab 2 (which is the active tab).
[step 33] Action: key: Tab
[step 33] Reasoning: I can see the status bar shows "localhost:3000/components/tabs/#rb-docs-content" - this means the Tab key moved focus to the main content area anchor link (the skip-to-content type element). The Tab 2 is still visible and selected, but I need to keep pressing Tab to navigate to the actual Tab 2 item. Let me press Tab again.
[step 34] Action: left_click (292, 316)
[step 34] Reasoning: Good, the focus moved to the "React Bootstrap" logo (I can see the status bar shows "localhost:3000"). The focus is now cycling through all page navigation. Let me use a more efficient approach - I'll use the browser DevTools to inspect the keyboard accessibility directly. Let me open the DevTools to check the ARIA attributes and tabindex values.

Actually, let me take a more targeted approach. Let me use DevTools to inspect the tab elements. I'll open DevTools with Cmd+Option+I.

Wait - I shouldn't open other applications. Let me use the keyboard shortcut within Chrome browser. Let me open DevTools by pressing F12 or Cmd+Option+I.

Actually, let me take a different approach. Let me try to directly check the tabindex values through the browser by inspecting the element. Let me right-click on Tab 2 to inspect it.

Actually, this might be complex. Let me instead do a comprehensive direct test. Let me click on Tab 2 (already selected) and then check the Space key behavior.

Let me now summarize what I've observed so far and perform one final test - the Space key test on Tab 2 (when navigated via arrow keys to Tab 2 which starts unselected):

1. **First, let me reset state**: Click on Tab 1 to make it active, then use Down arrow to navigate to Tab 2 (which will become active), and test Space key.

Actually based on my observations so far - when pressing Down arrow on Tab 1, it immediately activated Tab 2 without needing Space or Enter. The arrow keys in this implementation use "automatic activation" (selection follows focus). Let me now directly test if the Space key independently activates a tab.

Let me click Tab 1 to make it active:
[step 35] Action: key: F12
[step 35] Reasoning: Tab 1 is now selected (blue background) with Tab 1's poem content shown. Now I need to test the Space key. The ARIA pattern says I should be able to press Space to activate a focused tab. Let me test this:

1. Navigate to Tab 2 by pressing Down arrow (which currently auto-activates it)
2. Then press Space to see if it also activates

But since arrow keys already auto-activate, let me test Space key differently - let me test if pressing Space when Tab 1 has focus (but should navigate to an unactivated state) works. Actually, the current implementation auto-activates on arrow key press.

Let me now try to use DevTools to inspect the element directly. I'll open Chrome DevTools with Cmd+Option+I.
[step 36] Action: left_click (1025, 130)
[step 36] Reasoning: Chrome DevTools is now open. I can see the Elements panel. I can see the Custom Tab Layout example with Tab 1 (selected/blue) and Tab 2. 

Now I need to inspect the Tab 1 and Tab 2 elements to check their `tabindex` and ARIA attributes. Let me use the DevTools to inspect Tab 2 (the unselected tab). I'll click on the "Inspect element" icon (the cursor icon at the top left of DevTools) and then click on Tab 2 in the page.

Actually, let me use the DevTools Console to directly inspect the elements. Let me click on "Console" tab.
[step 37] Action: left_click (1090, 377)
[step 37] Reasoning: The Console panel is now open. I can see Tab 1 is still selected (blue) and Tab 2 is unselected. Let me use the Console to inspect the tabindex and ARIA attributes of the Tab 1 and Tab 2 nav links. I'll type a JavaScript query to get this information.
[step 38] Action: left_click (1090, 377)
[step 38] Reasoning: I can see the Console is now active (there's a `>` cursor at the bottom). Let me type a JavaScript command to inspect the tab nav items in the Custom Tab Layout example. I'll look for the nav links inside the left-tabs-example element.
[step 39] Action: left_click (1090, 377)
[step 39] Reasoning: Let me type in the console to inspect the Tab nav links. I'll click on the console input area and type the JavaScript command.
[step 40] Action: type: Array.from(docume...
[step 40] Reasoning: Good, I can see the console input area (the `>` with the cursor). Let me type a JavaScript command to inspect the tabindex and ARIA attributes of the nav links in the custom tab layout. I'll check the `#left-tabs-example` container.
[step 41] Action: key: ctrl+a
[step 41] Reasoning: I can see there's a Chrome warning about pasting code in the DevTools console (it says "Don't paste code..."). I need to type "allow pasting" in the console first. Let me also notice that there's a warning shown: "Warning: Don't paste code into the DevTools Console..." 

I need to type "allow pasting" first to enable pasting. Let me clear and type "allow pasting".
[step 42] Action: left_click (1090, 416)
[step 42] Reasoning: I see the Chrome DevTools security warning. I need to type "allow pasting" to unlock it. Let me click on the console input area and type "allow pasting".
[step 43] Action: type: allow pasting
[step 44] Action: key: Return
[step 44] Reasoning: I can see the text "allow pasting" was typed in the console. Now let me press Enter to submit this, which will unlock the pasting feature.
[step 45] Action: left_click (1090, 416)
[step 45] Reasoning: Good. The console now shows we need to scroll down to see if the "allow pasting" was accepted. Let me scroll down in the console area or look for the new prompt. Let me click in the console area and type the inspection command.
[step 46] Action: type: Array.from(docume...
[step 46] Reasoning: I can see the console has a prompt `>` at the bottom. The warning is still showing but the "allow pasting" should have been accepted. Now let me type a simpler JavaScript command to inspect the nav links. Let me type the command directly.
[step 47] Action: key: Return
[step 47] Reasoning: The command has been typed in the console. Now let me press Enter to execute it.
[step 48] Action: scroll down (1090, 390) scroll_amount 3
[step 48] Reasoning: I can see the console still shows the warning. The console output isn't visible in the screenshot. Let me scroll down in the console area to see the result, or let me close the DevTools and take a different approach. Let me scroll the console area to see the results.

Let me scroll the DevTools console area down to see the results.
[step 49] Action: left_click (1090, 416)
[step 49] Reasoning: I see the console still shows the warning and the console prompt `>` is at the bottom but the result is not visible. It seems the command may not have executed (the DevTools warning prevented it). 

Let me try clicking on the console input area directly and try to run a simpler command. Let me click on the console prompt area.
[step 50] Action: type: document.querySel...
[step 50] Reasoning: I can see the console is active (I can see the `>` prompt at the bottom). Let me try to type a simpler command that will allow me to check the tabindex values.
[step 51] Action: key: Return
[step 51] Reasoning: I can see the command is typed in the console. The task status widget mentions the step but the key detail is in the console. Let me press Enter to execute this simpler command.
[step 52] Action: Minimize panel
[step 52] Reasoning: The console is still showing the same state - I can see `>` with a cursor at `>|` which means it seems the console might still be blocked. I notice the warning says "Warning: Don't paste code...". It appears the "allow pasting" may not have worked properly, or the command I typed was treated as pasted text.

Let me try a different approach. Let me use the Elements panel to directly inspect the Tab 1 and Tab 2 elements instead of the Console. Let me switch to the Elements tab.

Let me also minimize the task panel first since it's blocking part of the DevTools.
[step 53] Action: left_click (1090, 416)
[step 53] Reasoning: The task panel is now minimized. I can now see the DevTools more clearly. I can see in the console:
1. The DevTools is showing a warning about "Don't paste code into the DevTools Console"
2. It says "Please type 'allow pasting' below and press Enter to allow pasting"
3. The `>` prompt is at the bottom and there appears to be a cursor

It seems the `allow pasting` command was already entered. Now let me click on the console input area and try again.

Actually, looking at the console output more carefully, I notice the warning still says "Please type 'allow pasting' below and press Enter to allow pasting." This means the `allow pasting` command may not have been properly submitted.

Let me click on the console input and try again.
[step 54] Action: type: allow pasting
[step 54] Reasoning: I can see the console is focused (the `>` cursor is visible at the bottom). The warning still shows "Please type 'allow pasting'...". Let me look more carefully at the console - I can see `> |` at the bottom. The console IS ready for input. Let me type `allow pasting` to unlock pasting.
[step 55] Action: key: Return
[step 55] Reasoning: The text was typed but I don't see it visually in the console. The console prompt line doesn't seem to show what I typed. Let me look at the `>` area at the bottom. I notice the console `>` at the bottom doesn't show the typed text, which is unusual. This might be because the console is not properly receiving my keyboard input. 

Let me press Enter and see what happens.
[step 56] Action: left_click (978, 131)
[step 56] Reasoning: The console still shows the same state - the warning is still visible and the console prompt `>` is at the bottom. It seems the "allow pasting" text is not being typed into the console properly. 

Let me try a completely different approach. Instead of using the console, let me use the Elements panel in DevTools to inspect the Tab 1 and Tab 2 elements directly. I'll click on "Elements" tab.
[step 57] Action: left_click (920, 131)
[step 57] Reasoning: Now I can see the Elements panel. I can see the HTML structure of the page. I can see the `<body>` and the `gatsby-portal` elements. I need to navigate to the `#left-tabs-example` element. 

I can use the inspect element functionality - I'll use Ctrl+F in the Elements panel to search for the element ID. Let me click on the Elements panel search button or use Ctrl+F to find the element.

Actually, let me use the element inspector (the cursor icon) to click on the Tab 2 element in the page and inspect it directly. I'll click on the inspector icon in the DevTools toolbar.
[step 58] Action: left_click (232, 374)
[step 58] Reasoning: The inspector icon is now active (it's highlighted/selected - the cursor icon at the top left of the DevTools). Now I can click on Tab 2 in the page to inspect its element. Let me click on "Tab 2" in the page.
[step 59] Action: left_click (920, 131)
[step 59] Reasoning: Excellent! Now I can see the Elements panel has highlighted the Tab 2 element. Looking at the HTML structure, I can see the Tab 2 `<a>` element in the Elements panel:

```
<a role="tab" data-rr-ui-event-key="second" id="left-abs-example-tab-second" aria-controls="left-tabs-example-tabpane-second" aria-selected="false" tabindex="-1" class="nav-link" href="#"> Tab 2 </a>
```

This is very important! I can see:
- **`aria-selected="false"`** - Tab 2 is NOT selected
- **`tabindex="-1"`** - Tab 2 has tabindex of -1, which means it is **NOT** in the Tab key focus order

This confirms the ARIA tab pattern is being implemented. When Tab 1 is active:
- Tab 1 has `tabindex="0"` (in Tab key sequence)
- Tab 2 has `tabindex="-1"` (not in Tab key sequence, only navigable via arrow keys)

This is the correct ARIA implementation! Non-selected tabs should have `tabindex="-1"` and should only be reachable via arrow keys, not Tab key.

Now let me look at the Styles panel in the bottom to check what CSS is applied. But more importantly, I need to look at the element structure more carefully. Let me read the highlighted element in the Elements panel to get all the attributes.

Looking at the Elements panel, I can read:
- `role="tab"` ✅
- `aria-selected="false"` ✅ (Tab 2 is not selected)
- `tabindex="-1"` ✅ (excluded from Tab key sequence)
- `aria-controls="left-tabs-example-tabpane-second"` ✅

Now let me also inspect Tab 1 to verify it has `tabindex="0"` and `aria-selected="true"`. Let me click on Tab 1 in the page to inspect it.
[step 60] Action: left_click (231, 348)
[step 60] Reasoning: The inspector icon was toggled but I can see the Elements panel still shows the Tab 2 structure. Now let me click on Tab 1 in the page to inspect it.
[step 61] Action: key: F12
[step 61] Reasoning: Now I can clearly see both Tab 1 and Tab 2 elements in the Elements panel. This is very informative! Looking at the highlighted elements:

**Tab 1 (`<a>` element, highlighted in blue):**
- `role="tab"`
- `aria-controls="left-tabs-example-tabpane-first"`  
- `aria-selected="true"` ✅
- `tabindex="0"` ✅ (in Tab key sequence)
- class includes `nav-link active`

**Tab 2 (`<a>` element):**
- `role="tab"`
- `aria-controls="left-tabs-example-tab-second"` and `aria-controls="left-tabs-example-tabpane-second"`
- `aria-selected="false"` ✅
- `tabindex="-1"` ✅ (NOT in Tab key sequence)

I can see in the breadcrumb at the bottom: `a#left-tabs-example-tab-first.nav-link.active`

This confirms the ARIA tab pattern implementation is correct:
- **Tab 1** (active): `aria-selected="true"`, `tabindex="0"` 
- **Tab 2** (inactive): `aria-selected="false"`, `tabindex="-1"`

Also, the CSS styles shown confirm that the active tab has `background-color` and `color` styles applied.

Now let me close the DevTools and do a final comprehensive keyboard test summary. Let me close the DevTools by pressing F12.
[step 62] Action: left_click (356, 316)
[step 62] Reasoning: DevTools is now closed. I can see the Custom Tab Layout example clearly with:
- **Tab 1** (selected, blue background) on the left
- **Tab 2** (unselected) below it
- The Tab 1 content (poem text) displayed on the right

Now let me perform the final comprehensive keyboard test. Let me click on Tab 1 to make sure it's focused, then test all keyboard interactions systematically.

**Summary of tests performed:**

**Test 1: Tab key focus navigation**
- Clicking Tab 1 and pressing Tab key → Focus moves to code block (NOT to Tab 2) ✅
- This is correct behavior because Tab 2 has `tabindex="-1"` (only active tab is in Tab sequence)

**Test 2: Space/Enter key activation**
- When Tab 2 is selected (via arrow key), pressing Enter → Tab 2 remains selected ✅
- The arrow keys use "automatic activation" (selection follows focus)

**Test 3: Arrow key navigation**
- When Tab 1 is selected, pressing Down arrow → Tab 2 becomes selected ✅
- When Tab 2 is selected, pressing Up arrow → Tab 1 becomes selected ✅
- When Tab 1 is selected, pressing Right arrow → Tab 2 becomes selected ✅
- When Tab 2 is selected, pressing Left arrow → Tab 1 becomes selected ✅

Now let me do one final test - I need to verify if pressing Space key can activate a tab when a tab has focus via Tab key navigation. Let me test by first pressing Tab to navigate to Tab 1 (when it's the active tab), and then pressing Space.

Let me click on Tab 1 to ensure it's active and has focus:
[step 63] Action: key: space
[step 63] Reasoning: I can see Tab 1 is selected (blue background) and the status bar shows "localhost:3000/components/tabs/#" - which means clicking on Tab 1 shows it was selected/clicked. Tab 1 now has focus.

Now let me test pressing Space key on Tab 1. First let me press Space to see the behavior.

Actually, I notice I need to be more careful about what "focus" means here. When I click on Tab 1, it receives mouse click focus. But for keyboard accessibility testing, I need to verify the Tab key navigation to the Tab items themselves.

Let me now press Tab from Tab 1's current focused state:
[step 64] Action: key: Down
[step 64] Reasoning: The Space key was pressed on Tab 1 and Tab 1 remains selected (blue background). The status bar still shows "localhost:3000/components/tabs/#" - the Space key did not change the active tab (Tab 1 was already selected, so pressing Space on it keeps it selected). 

Now let me test the most important case: **Pressing Space on an unselected tab that has focus via Tab key navigation** (but as we confirmed, unselected tabs have `tabindex="-1"`, so they can't receive focus via Tab key).

Wait - I should test the scenario from the task instructions:
> "当某个未选中的 Tab 获得焦点后，按空格键或回车键，验证是否能选中该 Tab 并切换对应的内容面板"

The task asks: when an unselected Tab gets focus, press Space/Enter, verify if it can be selected.

In the ARIA tab pattern being implemented here, unselected tabs have `tabindex="-1"` and use "auto-activation" (arrow keys both move focus AND activate). So the unselected tab can only get focus via arrow keys, and when it does, it's automatically activated.

Let me now test pressing Space when navigating to Tab 2 via arrow keys. First, let me navigate to Tab 2 via Down arrow from Tab 1 (which is currently focused from my click):
[step 65] Action: key: space
[step 65] Reasoning: Tab 2 is now selected (blue background) and I can see the Tab 2 content (poem text: "Look in thy glass and tell the face thou viewest Now is the time that face should form another..."). The Down arrow key successfully:
1. Moved focus to Tab 2
2. Activated Tab 2 (content panel changed to Tab 2 content)

This is "automatic activation" ARIA tab behavior. Now let me press Space to test if Space also activates the tab when it already has focus.
[step 66] Action: DONE
[step 66] Reasoning: Tab 2 is still selected after pressing Space. The Space key didn't cause any issues - Tab 2 remains selected. The Space key on an already-active tab keeps it active.

Now let me compile the complete test results.

Based on all my testing, here is a comprehensive summary of the keyboard accessibility test results for the Custom Tab Layout in the react-bootstrap documentation:

---

## 测试结果报告

### 测试页面
- URL: `http://localhost:3000/components/tabs/#custom-tab-layout`
- 组件: Custom Tab Layout（左侧 Tab 导航 + 右侧内容面板）

### 测试结果

#### ✅ 测试1: Tab 键焦点导航（每个 Tab 项是否可以通过 Tab 键获得焦点）

**结果：部分通过（符合 ARIA 规范）**

通过 DevTools 检查 DOM 属性发现：
- **Tab 1（激活状态）**: `role="tab"`, `aria-selected="true"`, `tabindex="0"` → 可通过 Tab 键获得焦点 ✅
- **Tab 2（未激活状态）**: `role="tab"`, `aria-selected="false"`, `tabindex="-1"` → **不能**通过 Tab 键获得焦点 ✅（这是正确的 ARIA tabs 模式 - "roving tabindex" 设计）

当 Tab 1 激活时，按 Tab 键：焦点直接跳过 Tab 2，移动到代码块区域（这是符合 ARIA 规范的正确行为）。

**注意**: 这与任务描述中预期的"每个 Tab 项可以通过 Tab 键获得焦点"有出入。在 ARIA 规范的 tabs 模式中，只有当前激活的 Tab 才有 `tabindex="0"`，未激活的 Tab 使用 `tabindex="-1"`，只能通过方向键访问。这是**符合规范**的实现，不是 bug。

#### ⚠️ 测试2: 空格键/回车键激活 Tab

**结果：受限通过**

由于 Tab 2 使用 `tabindex="-1"`，无法通过 Tab 键导航到 Tab 2 并测试空格键/回车键激活。当 Tab 2 通过方向键导航获得焦点时，它**已经自动被激活**（"automatic activation" 模式），因此额外按 Space/Enter 保持已激活状态不变。

- 当 Tab 1 激活（通过点击），按 Space → Tab 1 保持激活 ✅
- 当 Tab 2 通过方向键导航激活，按 Space → Tab 2 保持激活 ✅
- 当 Tab 2 通过方向键导航激活，按 Enter → Tab 2 保持激活 ✅

该实现采用"自动激活"模式（selection follows focus），即方向键导航同时切换选中状态，不需要额外按 Space/Enter 来激活。

#### ✅ 测试3: 方向键导航

**结果：完全通过**

- Tab 1 激活时，按 **↓（下方向键）** → Tab 2 被选中，内容面板切换 ✅
- Tab 2 激活时，按 **↑（上方向键）** → Tab 1 被选中，内容面板切换 ✅
- Tab 1 激活时，按 **→（右方向键）** → Tab 2 被选中，内容面板切换 ✅
- Tab 2 激活时，按 **←（左方向键）** → Tab 1 被选中，内容面板切换 ✅

方向键导航完全正常，支持上下和左右方向键切换。

### ARIA 属性验证（通过 DevTools 确认）

| 属性 | Tab 1 (激活) | Tab 2 (未激活) |
|------|-------------|---------------|
| `role` | `tab` | `tab` |
| `aria-selected` | `"true"` | `"false"` |
| `tabindex` | `"0"` | `"-1"` |
| `aria-controls` | 正确指向对应 tabpane | 正确指向对应 tabpane |
| class | `nav-link active` | `nav-link` |

### 总结

Custom Tab Layout 的键盘可访问性整体**符合 WAI-ARIA Tabs 设计模式**：
1. ✅ 使用 "roving tabindex" 模式（仅激活 Tab 有 `tabindex="0"`）
2. ✅ 方向键（上/下/左/右）均可在 Tab 之间导航并自动切换内容面板
3. ✅ 正确的 ARIA 角色、属性设置
4. ⚠️ 使用"自动激活"而非"手动激活"模式 - 不需要 Space/Enter 额外激活
5. ⚠️ 未激活的 Tab 不能通过 Tab 键单独获得焦点（这是规范行为，但任务期望每个 Tab 都可通过 Tab 键访问）

**测试结论：**
- 方向键导航：**PASS** ✅
- Tab 键导航到未激活 Tab：**不适用**（该实现遵循 ARIA roving tabindex 模式，未激活 tab 无法通过 Tab 键访问，只能通过方向键）
- Space/Enter 激活 Tab：**部分适用**（实现使用自动激活，方向键即触发激活）
Evaluating task result...

==================================================
Task: 当前Chrome浏览器已打开react-bootstrap网站，地址是http://localhost:3000。测试 react-bootstrap 文档网站中自定义 Tab 布局（Custom Tab Layout）的键盘可访问性。具体步骤：1. 打开页面后，找到 Tabs 相关的文档区域，定位到自定义 Tab 布局的示例（Custom tab layout 部分）。2. 使用键盘 Tab 键尝试将焦点移动到各个 Tab 导航项上（如 Tab 1、Tab 2），验证每个 Tab 项是否可以通过 Tab 键获得焦点。3. 当某个未选中的 Tab 获得焦点后，按空格键或回车键，验证是否能选中该 Tab 并切换对应的内容面板。4. 当 Tab 列表获得焦点时，使用上下或左右方向键，验证是否能在不同 Tab 之间切换选中状态。始终在浏览器内操作，禁止打开 Terminal 或其他应用程序。如果在浏览器中找不到目标功能，直接报告 unclear。 请始终在浏览器内操作，禁止打开 Terminal、Finder 或其他应用程序。如果在浏览器中找不到目标功能，直接标记 result 为 unclear，result_summary 写明'未在页面中找到目标功能入口'。
Status: COMPLETED
Total steps: 66
Last action: DONE
Last reasoning: Tab 2 is still selected after pressing Space. The Space key didn't cause any issues - Tab 2 remains selected. The Space key on an already-active tab keeps it active.

Now let me compile the complete test results.

Based on all my testing, here is a comprehensive summary of the keyboard accessibility test results for the Custom Tab Layout in the react-bootstrap documentation:

---

## 测试结果报告

### 测试页面
- URL: `http://localhost:3000/components/tabs/#custom-tab-layout`
- 组件: Custom Tab Layout（左侧 Tab 导航 + 右侧内容面板）

### 测试结果

#### ✅ 测试1: Tab 键焦点导航（每个 Tab 项是否可以通过 Tab 键获得焦点）

**结果：部分通过（符合 ARIA 规范）**

通过 DevTools 检查 DOM 属性发现：
- **Tab 1（激活状态）**: `role="tab"`, `aria-selected="true"`, `tabindex="0"` → 可通过 Tab 键获得焦点 ✅
- **Tab 2（未激活状态）**: `role="tab"`, `aria-selected="false"`, `tabindex="-1"` → **不能**通过 Tab 键获得焦点 ✅（这是正确的 ARIA tabs 模式 - "roving tabindex" 设计）

当 Tab 1 激活时，按 Tab 键：焦点直接跳过 Tab 2，移动到代码块区域（这是符合 ARIA 规范的正确行为）。

**注意**: 这与任务描述中预期的"每个 Tab 项可以通过 Tab 键获得焦点"有出入。在 ARIA 规范的 tabs 模式中，只有当前激活的 Tab 才有 `tabindex="0"`，未激活的 Tab 使用 `tabindex="-1"`，只能通过方向键访问。这是**符合规范**的实现，不是 bug。

#### ⚠️ 测试2: 空格键/回车键激活 Tab

**结果：受限通过**

由于 Tab 2 使用 `tabindex="-1"`，无法通过 Tab 键导航到 Tab 2 并测试空格键/回车键激活。当 Tab 2 通过方向键导航获得焦点时，它**已经自动被激活**（"automatic activation" 模式），因此额外按 Space/Enter 保持已激活状态不变。

- 当 Tab 1 激活（通过点击），按 Space → Tab 1 保持激活 ✅
- 当 Tab 2 通过方向键导航激活，按 Space → Tab 2 保持激活 ✅
- 当 Tab 2 通过方向键导航激活，按 Enter → Tab 2 保持激活 ✅

该实现采用"自动激活"模式（selection follows focus），即方向键导航同时切换选中状态，不需要额外按 Space/Enter 来激活。

#### ✅ 测试3: 方向键导航

**结果：完全通过**

- Tab 1 激活时，按 **↓（下方向键）** → Tab 2 被选中，内容面板切换 ✅
- Tab 2 激活时，按 **↑（上方向键）** → Tab 1 被选中，内容面板切换 ✅
- Tab 1 激活时，按 **→（右方向键）** → Tab 2 被选中，内容面板切换 ✅
- Tab 2 激活时，按 **←（左方向键）** → Tab 1 被选中，内容面板切换 ✅

方向键导航完全正常，支持上下和左右方向键切换。

### ARIA 属性验证（通过 DevTools 确认）

| 属性 | Tab 1 (激活) | Tab 2 (未激活) |
|------|-------------|---------------|
| `role` | `tab` | `tab` |
| `aria-selected` | `"true"` | `"false"` |
| `tabindex` | `"0"` | `"-1"` |
| `aria-controls` | 正确指向对应 tabpane | 正确指向对应 tabpane |
| class | `nav-link active` | `nav-link` |

### 总结

Custom Tab Layout 的键盘可访问性整体**符合 WAI-ARIA Tabs 设计模式**：
1. ✅ 使用 "roving tabindex" 模式（仅激活 Tab 有 `tabindex="0"`）
2. ✅ 方向键（上/下/左/右）均可在 Tab 之间导航并自动切换内容面板
3. ✅ 正确的 ARIA 角色、属性设置
4. ⚠️ 使用"自动激活"而非"手动激活"模式 - 不需要 Space/Enter 额外激活
5. ⚠️ 未激活的 Tab 不能通过 Tab 键单独获得焦点（这是规范行为，但任务期望每个 Tab 都可通过 Tab 键访问）

**测试结论：**
- 方向键导航：**PASS** ✅
- Tab 键导航到未激活 Tab：**不适用**（该实现遵循 ARIA roving tabindex 模式，未激活 tab 无法通过 Tab 键访问，只能通过方向键）
- Space/Enter 激活 Tab：**部分适用**（实现使用自动激活，方向键即触发激活）

==================================================

UI window closed
