Session created: sess-20260417024802-ea7fc9c75f5441c4bcf80ed286704efd
UI panel initialized successfully
UI window displayed
Expected result: 在移动端视口尺寸下，toast通知的border-radius应为0，即没有圆角，呈现直角矩形样式。
[step 0] Action: Initializing
[step 0] Reasoning: Initializing session connection
[step 0] Action: screenshot
[step 1] Action: Minimize panel
[step 1] Reasoning: I can see the React-toastify Playground page is open. I can see a security notification popup in the top right corner. Let me first check if there are any translation or restore page popups to close. I'll also minimize the task panel first to have a clearer view.
[step 2] Action: left_click (1205, 89)
[step 2] Reasoning: I can see a translation popup (Google Translate) has appeared. I need to close it by clicking the X button. Let me close it.
[step 3] Action: left_click (1261, 93)
[step 3] Reasoning: The translation popup closed but now there's a "要恢复复页面吗?" (Do you want to restore the page?) popup. I need to close it by clicking the X button.
[step 4] Action: key: F12
[step 4] Reasoning: Both popups are now closed. The page looks clean. Now I need to open DevTools by pressing F12.
[step 5] Action: scroll down (455, 400) scroll_amount 5
[step 5] Reasoning: DevTools is now open and it seems that the device toolbar is already showing with the mobile view (375 x 790 dimensions). The page is already in mobile mode with 375 width shown. I can see the device toolbar at the top showing "Dimensions: Responsive" and "375" width. 

Now I need to verify the width is 375. Looking at the toolbar, I can see it shows "375" x "790". The width seems correct. But let me verify by checking if the Toggle device toolbar is active - it appears the mobile mode is already activated since we can see the device toolbar.

Let me now scroll down in the mobile view to find the "Show Toast" button and the "Disable auto-close" option.
[step 6] Action: scroll down (455, 400) scroll_amount 5
[step 6] Reasoning: I can see the "Options" section with Position, Type, Toast Container panels. I need to scroll down more to find the "Disable auto-close" checkbox and the "Show Toast" button.
[step 7] Action: left_click (350, 524)
[step 7] Reasoning: I can now see the "Disable auto-close" checkbox. I need to click it to enable it (check it). Let me click on the "Disable auto-close" checkbox.
[step 8] Action: scroll down (455, 400) scroll_amount 5
[step 8] Reasoning: I can see that the "Disable auto-close" checkbox is now checked (blue checkmark). The Toast Emitter code also shows `autoClose: false` which confirms this. Now I need to scroll down further to find the "Show Toast" button and click it.
[step 9] Action: left_click (383, 598)
[step 9] Reasoning: I can now see the "Show Toast" button and the "Disable auto-close" checkbox which is already checked (blue checkmark). I can also see the "Update", "Clear A..." buttons. The "Disable auto-close" checkbox shows a blue checkmark, which is good. Now let me click the "Show Toast" button.
[step 10] Action: scroll up (455, 400) scroll_amount 10
[step 10] Reasoning: The toast didn't appear in the visible area. The toast notification position is set to "top-right", so I need to scroll up to see if the toast appeared at the top of the mobile view. Let me scroll up to see the toast.
[step 11] Action: screenshot
[step 11] Reasoning: Excellent! I can now see the toast notification has appeared at the top of the mobile view! The toast shows "🎉 Wow so easy!" text. 

Now I need to carefully observe the toast's border-radius. Looking at the toast notification at the top of the screen, I can see it appears to have some curved corners. Let me take a closer look by zooming in on the toast area. 

The toast notification is visible at coordinates approximately (455, 140). I can see it has a close button (X) on the right side. Let me zoom in to get a better look at the corners of the toast to observe whether they have rounded corners or are sharp (straight angles).

Let me take a screenshot to better analyze the toast appearance, and I'll also use DevTools to inspect the border-radius CSS property of the toast element.
[step 12] Action: left_click (920, 87)
[step 12] Reasoning: The toast notification is visible at the top of the mobile view. I can see it shows "🎉 Wow so easy!" text with a close (X) button on the right side. 

Looking at the toast, it appears to have a white/light background and I need to examine its corners carefully to determine if it has rounded corners (border-radius > 0) or straight corners (border-radius = 0).

From the visual, the toast notification appears to have slightly visible corners - it's a bit hard to tell from the current view. Let me use the DevTools Elements panel to inspect the toast's CSS properties to check the border-radius value. I'll click on the toast element to inspect it.

Let me use the DevTools inspector to click on the toast and check its CSS properties. I'll use the element picker in DevTools.

First, let me click on the Elements tab in DevTools to use the inspector, then I'll try to use the element picker to select the toast notification element.

Let me try clicking on the toast notification itself to inspect it in DevTools. I'll use the element picker (the cursor icon in DevTools).
[step 13] Action: left_click (455, 143)
[step 13] Reasoning: The element picker is now active. Now I need to click on the toast notification in the mobile view to inspect its CSS properties. The toast is at the top of the mobile view, approximately at coordinates (455, 143).
[step 14] Action: left_click (929, 455)
[step 14] Reasoning: I can see that the element inspector has selected the toast element. In the DevTools Elements panel, I can see the selected element is a div with class "Toastify__toast Toastify__toast--default". The Computed tab is showing the CSS properties of the selected element.

I can see in the DevTools:
- The selected element is a toast notification div
- Background color is rgb(255, 255, 255) - white
- There's a box model shown at 359x48

Now I need to scroll down in the Computed panel to find the "border-radius" property to check its value. Let me scroll down in the Styles/Computed pane on the right side of DevTools.

Let me first click on the "Styles" tab to see the CSS styles and look for border-radius.
[step 15] Action: scroll down (1090, 580) scroll_amount 3
[step 15] Reasoning: I'm now in the Styles tab and can see some CSS properties for the toast element. I can see:
- `.Toastify__toast` styles with `position: relative`, `min-height: 64px`, `box-sizing: border-box`, `margin-bottom: 1rem`, `padding: 8px`, and there seems to be a `border-radius` property at the bottom that's cut off.

I can also see:
- `@media only screen and (max-width: 480px) { .Toastify__toast { margin-bottom: 0; } }` - This shows that in mobile (max-width 480px), the margin-bottom is 0.

I need to scroll down in the Styles panel to see the full CSS properties including border-radius. Let me scroll down in the DevTools Styles panel.
[step 16] Action: scroll up (1090, 580) scroll_amount 3
[step 16] Reasoning: Now I can see the CSS properties of the `.Toastify__toast` element more clearly. I can see:
- `border-radius: 4px;` - This is the border-radius value!

This is important! The toast has `border-radius: 4px` which means it has rounded corners. 

Now I need to check if there's a media query override for mobile (max-width: 480px) that would set border-radius to 0. Looking at the styles, I can see:
- `@media only screen and (max-width: 480px) { .Toastify__toast { margin-bottom: 0; } }` - This media query only changes margin-bottom to 0, but does NOT reset the border-radius to 0.

This is the key finding! In mobile view (width ≤ 480px), the toast should have `border-radius: 0` according to the expected behavior described in the task. However, the current implementation keeps `border-radius: 4px` even in mobile mode.

Let me scroll up in the Styles panel to see the media query for mobile view and confirm there's no border-radius: 0 override.
[step 17] Action: left_click (974, 455)
[step 17] Reasoning: Now I can see the Styles panel more clearly. I can see:

1. `@media only screen and (max-width: 480px) { .Toastify__toast { margin-bottom: 0; } }` - This media query only changes `margin-bottom` to 0, but does **NOT** set `border-radius: 0`.

2. The `.Toastify__toast--default` class has `background: #fff` and `color: #aaa`.

3. The `.Toastify__toast` class (at the bottom) shows the beginning of its properties including `min-height: 64px`, `box-sizing: border-box`, `padding: 8px`, and `border-radius` (cut off at the bottom).

This is a clear finding: **The mobile media query (@media only screen and (max-width: 480px)) does NOT set border-radius to 0 for the toast**. The regular `.Toastify__toast` class has `border-radius: 4px`, and this is NOT overridden in mobile view.

Let me now also visually inspect the toast in the browser to confirm the rounded corners are visible. Let me zoom in on the toast notification.

Let me use the Computed tab to see the actual computed border-radius value for the currently selected toast element.
[step 18] Action: left_click (1047, 599)
[step 18] Reasoning: I'm in the Computed tab. I need to search for "border-radius" in the filter box to find the computed value. Let me type "border-radius" in the filter field.
[step 19] Action: type: border-radius
[step 20] Action: left_click (1193, 599)
[step 20] Reasoning: Interesting! After typing "border-radius" in the filter, the Computed panel shows **"No matching property"**. This means that for the selected element (the toast div), there is no computed `border-radius` property visible through this filter.

Wait, this is strange. Earlier in the Styles tab, I saw `border-radius: 4px` applied to `.Toastify__toast`. But the Computed tab shows "No matching property". Let me check if the "Show all" checkbox needs to be checked to see inherited/all properties.

Actually, looking more carefully at the Computed panel output "No matching property" - this might mean the filter is correct but the selected element might not be the toast div itself. Or maybe the element that has border-radius is a child element.

Let me check by enabling "Show all" to see all computed properties.
[step 21] Action: left_click (929, 455)
[step 21] Reasoning: Even with "Show all" enabled, the Computed tab still shows "No matching property" for border-radius. This is strange given that the Styles tab showed border-radius: 4px.

Wait, I need to reconsider - the selected element in the Elements tree shows "div#omySaehe2.Toastify__toast.Toastify__toast--default" which is the toast notification element. But the Computed tab shows "No matching property" for border-radius when "Show all" is checked.

This might mean that the current computed border-radius IS 0px (which would be the default). It's possible that in the mobile view (375px width), the media query IS working and setting border-radius to 0. But wait, the Styles panel DID show border-radius: 4px...

Let me go back to the Styles tab and look more carefully. Maybe the media query for mobile IS overriding the border-radius to 0, but I need to confirm this. Let me look at the Styles tab again carefully.
[step 22] Action: scroll down (1090, 580) scroll_amount 3
[step 22] Reasoning: Now I can see the Styles tab clearly. I can see:

1. `@media only screen and (max-width: 480px) { .Toastify__toast { margin-bottom: 0; } }` - This is an active media query rule (since our width is 375px < 480px). It only changes `margin-bottom: 0`. There is NO `border-radius: 0` in this media query.

2. `.Toastify__toast--default { background: #fff; color: #aaa; }` - No border-radius here.

3. `.Toastify__toast { position: relative; min-height: 64px; box-sizing: border-box; padding: 8px; border-radius: ... }` - The border-radius is set here, but cut off.

I need to scroll down in the Styles panel to see the full border-radius value. Let me scroll down in the Styles panel to see the border-radius property value.
[step 23] Action: scroll up (455, 300) scroll_amount 5
[step 23] Reasoning: Excellent! Now I can clearly see the CSS properties of the `.Toastify__toast` element in the Styles panel. I can now read the following important information:

**`border-radius: ▶ 4px;`**

This clearly shows that the toast has `border-radius: 4px` applied to it. This means the toast has **rounded corners with 4px radius**.

Now looking at the full picture:
- The device is simulated at 375px width (mobile mode)
- The media query `@media only screen and (max-width: 480px)` is active, but it only changes `margin-bottom: 0` and does NOT override `border-radius` to 0
- The `.Toastify__toast` class has `border-radius: 4px` which is still applied in mobile view

**CONCLUSION: There is a BUG! 🐛**

In mobile mode (width ≤ 480px), the toast notification still has `border-radius: 4px`, which means it shows **rounded corners** instead of the expected **straight corners (border-radius: 0)**. 

The expected behavior according to the react-toastify documentation/specification is that in mobile view, the toast should span the full width with no border-radius (sharp/straight corners), but the current implementation keeps the 4px rounded corners even on mobile devices.

Let me also visually verify by looking at the toast notification itself. Let me scroll up to see the toast notification and compare its appearance.
[step 24] Action: scroll up (455, 300) scroll_amount 3
[step 24] Reasoning: Now I can see the full page. The toast notification is visible at the top of the mobile view (showing "🎉 Wow so easy!"). I can also see the full `.Toastify__toast` CSS properties in the Styles panel:

- `position: relative;`
- `min-height: 64px;`
- `box-sizing: border-box;`
- `margin-bottom: 1rem;` (struck through, overridden by media query to 0)
- `padding: 8px;`
- **`border-radius: ▶ 4px;`** ← This is the key finding!
- `box-shadow: ▶ 0 1px 10px 0 rgba(0, 0, 0, 0.1), ▶ 0 2px 15px 0 rgba(0, 0, 0, 0.05);`
- `display: flex;`
- `justify-content: space-between;`
- `max-height: 800px;`
- `overflow: hidden;`
- `font-family: sans-serif;`
- `cursor: pointer;`
- `direction: ltr;`

Now let me look at the toast notification visually. The toast at the top of the mobile view shows "🎉 Wow so easy!" and looking at its corners...

Let me scroll up more to see the toast notification.
[step 25] Action: left_click (1025, 87)
[step 25] Reasoning: I can see the toast notification at the top of the mobile view. Let me zoom in to clearly see the toast corners. The toast appears at coordinates approximately (335-580, 130-160) in the screenshot. Let me take a close look by examining the toast corners visually.

Looking at the screenshot, I can see the toast notification at the top shows "🎉 Wow so easy!" and has a close (X) button. To better examine the corners, let me look at the toast more carefully.

Looking at the toast element visually in the mobile frame - I can see:
- The toast appears white/light colored
- It's positioned at the top of the mobile viewport

The CSS from DevTools clearly confirms: **`border-radius: 4px`** is applied to the toast element, and there is NO override in the mobile media query to set it to 0.

Let me use the Console to run a JavaScript command to get the exact computed border-radius of the toast element for confirmation.
[step 26] Action: left_click (1090, 400)
[step 26] Reasoning: I'm now in the Console tab. I can see the console is showing a message about React DevTools. Let me type a JavaScript command to get the computed border-radius of the toast element.
[step 27] Action: left_click (1090, 155)
[step 27] Reasoning: The Console is ready. Let me type a JavaScript command to get the computed border-radius of the toast element.
[step 28] Action: left_click (1090, 155)
[step 28] Reasoning: I see the cursor is in the Console input. Let me type the JavaScript command to get the border-radius of the toast element.
[step 29] Action: left_click (1090, 155)
[step 29] Reasoning: I can see the console input prompt at the bottom (`>`). Let me click on it to make sure I'm in the input area and then type the JavaScript command.
[step 30] Action: type: getComputedStyle(...
[step 30] Reasoning: I can see the Console input cursor is ready (`> |`). Let me type the JavaScript command to check the computed border-radius of the toast element.
[step 31] Action: DONE
[step 31] Reasoning: The JavaScript command has already been executed and I can see the result! The Console shows:

```
> getComputedStyle(document.querySelector('.Toastify__toast')).borderRadius
< '4px'
```

This is the definitive confirmation! The **computed border-radius of the toast is `'4px'`** even in mobile mode (375px width).

This is a **BUG** in the react-toastify implementation:

## Summary of Findings

**Test Environment:**
- Mobile device simulation with width: 375px (< 480px mobile breakpoint)
- Toast notification triggered with `autoClose: false`

**CSS Analysis:**
1. The `.Toastify__toast` class has `border-radius: 4px` defined
2. The mobile media query `@media only screen and (max-width: 480px)` only overrides `margin-bottom: 0` but **does NOT override `border-radius` to `0`**
3. JavaScript confirmation via `getComputedStyle()` returns `'4px'` for `borderRadius`

**Expected Behavior:**
In mobile mode (width ≤ 480px), the toast should display as a flat rectangular element with `border-radius: 0` (no rounded corners), as toast notifications on mobile typically span the full width and should look like a flat banner without rounded corners.

**Actual Behavior:**
The toast has `border-radius: 4px` in mobile mode, showing **rounded corners** instead of **straight corners (border-radius: 0)**.

**🐛 BUG CONFIRMED:** The `@media only screen and (max-width: 480px)` media query in the react-toastify CSS is missing the `border-radius: 0` rule for `.Toastify__toast`. The mobile toast incorrectly displays with `4px` rounded corners instead of the expected `0` (no border-radius / straight corners).
Evaluating task result...

==================================================
Task: 当前Chrome浏览器已打开react-toastify Playground示例页面（http://localhost:1234）。页面上可能有翻译弹窗和恢复页面弹窗，请先关闭它们。然后测试移动端toast的border-radius：1. 打开DevTools（按F12），点击Toggle device toolbar按钮（DevTools工具栏左侧第二个图标，快捷键Cmd+Shift+M）切换到移动端模式；2. 在设备工具栏中将宽度设置为375；3. 滚动页面找到Show Toast按钮，先勾选Disable auto-close选项，再点击Show Toast触发toast；4. 仔细观察toast通知的四个角是否有圆角——在移动端下toast应该是直角矩形（border-radius为0）。始终在浏览器内操作，禁止打开Terminal或其他应用程序。
Status: COMPLETED
Total steps: 31
Last action: DONE
Last reasoning: The JavaScript command has already been executed and I can see the result! The Console shows:

```
> getComputedStyle(document.querySelector('.Toastify__toast')).borderRadius
< '4px'
```

This is the definitive confirmation! The **computed border-radius of the toast is `'4px'`** even in mobile mode (375px width).

This is a **BUG** in the react-toastify implementation:

## Summary of Findings

**Test Environment:**
- Mobile device simulation with width: 375px (< 480px mobile breakpoint)
- Toast notification triggered with `autoClose: false`

**CSS Analysis:**
1. The `.Toastify__toast` class has `border-radius: 4px` defined
2. The mobile media query `@media only screen and (max-width: 480px)` only overrides `margin-bottom: 0` but **does NOT override `border-radius` to `0`**
3. JavaScript confirmation via `getComputedStyle()` returns `'4px'` for `borderRadius`

**Expected Behavior:**
In mobile mode (width ≤ 480px), the toast should display as a flat rectangular element with `border-radius: 0` (no rounded corners), as toast notifications on mobile typically span the full width and should look like a flat banner without rounded corners.

**Actual Behavior:**
The toast has `border-radius: 4px` in mobile mode, showing **rounded corners** instead of **straight corners (border-radius: 0)**.

**🐛 BUG CONFIRMED:** The `@media only screen and (max-width: 480px)` media query in the react-toastify CSS is missing the `border-radius: 0` rule for `.Toastify__toast`. The mobile toast incorrectly displays with `4px` rounded corners instead of the expected `0` (no border-radius / straight corners).

==================================================

UI window closed
