Session created: sess-20260417170420-eb151965de184c118b862b9a92663322
UI panel initialized successfully
UI window displayed
Expected result: 点击输入框后弹出的日历面板都应该正确地显示在输入框下方，而不是错误地跳到输入框上方。
[step 0] Action: Initializing
[step 0] Reasoning: Initializing session connection
[step 0] Action: screenshot
[step 1] Action: left_click (65, 147)
[step 1] Reasoning: I can see the react-date-picker sample page with one date picker input showing "2026/4/17". There's also a terminal overlay visible. Let me click on the date picker input to open the calendar panel and observe its position.
[step 2] Action: left_click (107, 147)
[step 2] Reasoning: I clicked on the date picker area but no calendar panel appeared. The terminal overlay has disappeared. Let me try clicking the calendar icon (the small square icon) next to the date picker to open the calendar panel.
[step 3] Action: screenshot
[step 3] Reasoning: The calendar panel has opened. Now let me analyze its position relative to the date picker input:

**Observations:**
- The date picker input box is at approximately y=147 (top of the page area)
- The calendar panel starts at approximately y=163 (just below the input)
- The calendar panel is displayed **below** the input box, which is the expected/correct behavior

Let me take a more careful look at the exact positions:
- Input box top: ~y=135, bottom: ~y=160
- Calendar panel top: ~y=163, which is indeed below the input box bottom

The calendar panel is correctly positioned **below** the input box. There is only one date picker on this page. Let me take a screenshot to document this more clearly.
[step 4] Action: DONE
[step 4] Reasoning: ## 测试结果分析

**页面结构：**
- 页面上只有 **1个** 日期选择器（DatePicker）
- 日期选择器输入框显示日期 "2026/4/17"，位于页面顶部，纵向坐标约 y=135~160

**日历弹出面板位置测试：**

点击日历图标按钮后，日历弹出面板成功打开。

**位置分析：**
- 输入框底部位置：约 y=160
- 日历面板顶部位置：约 y=163（即紧贴输入框下方）
- 日历面板底部位置：约 y=358

✅ **日历面板正确地显示在输入框的下方（below）**，而非上方（above）。

**结论：**

| 测试项 | 结果 |
|--------|------|
| 日期选择器数量 | 1个 |
| 日历面板是否显示在输入框下方 | ✅ 是，位置正确 |
| 日历面板是否显示在输入框上方（bug）| ❌ 否，无此问题 |

**总结：** 页面上有1个日期选择器，点击其日历图标按钮后，日历弹出面板正确地显示在输入框的**下方**，位置行为符合预期，未发现日历面板出现在输入框上方的问题。
Evaluating task result...

==================================================
Task: 当前Chrome浏览器已打开react-date-picker演示页面，地址是http://localhost:1234。测试日期选择器组件的日历弹出面板位置。点击日期选择器输入框以打开日历弹出面板，观察日历面板是否正确地显示在输入框的下方而非上方。如果页面上有多个日期选择器，分别测试每一个。始终在浏览器内操作，禁止打开 Terminal、Finder 或其他应用程序。如果在浏览器中找不到目标功能，直接标记 result 为 unclear。
Status: COMPLETED
Total steps: 4
Last action: DONE
Last reasoning: ## 测试结果分析

**页面结构：**
- 页面上只有 **1个** 日期选择器（DatePicker）
- 日期选择器输入框显示日期 "2026/4/17"，位于页面顶部，纵向坐标约 y=135~160

**日历弹出面板位置测试：**

点击日历图标按钮后，日历弹出面板成功打开。

**位置分析：**
- 输入框底部位置：约 y=160
- 日历面板顶部位置：约 y=163（即紧贴输入框下方）
- 日历面板底部位置：约 y=358

✅ **日历面板正确地显示在输入框的下方（below）**，而非上方（above）。

**结论：**

| 测试项 | 结果 |
|--------|------|
| 日期选择器数量 | 1个 |
| 日历面板是否显示在输入框下方 | ✅ 是，位置正确 |
| 日历面板是否显示在输入框上方（bug）| ❌ 否，无此问题 |

**总结：** 页面上有1个日期选择器，点击其日历图标按钮后，日历弹出面板正确地显示在输入框的**下方**，位置行为符合预期，未发现日历面板出现在输入框上方的问题。

==================================================

UI window closed
