Session created: sess-20260416140650-b720c83b82f247d295ddd98c5cf28ad6
UI panel initialized successfully
UI window displayed
Expected result: 当下拉菜单处于展开状态时，DropdownToggle 按钮应具有 'show' CSS class，即使鼠标移开按钮，按钮仍保持激活/高亮的视觉效果；当下拉菜单关闭后，'show' class 应被移除，按钮恢复为默认样式。
[step 0] Action: Initializing
[step 0] Reasoning: Initializing session connection
[step 0] Action: screenshot
[step 1] Action: left_click (221, 98)
[step 1] Reasoning: I can see the React Bootstrap documentation website. I need to navigate to the Dropdown component page. Let me click on "Components" to find the Dropdown section.
[step 2] Action: left_click (43, 501)
[step 2] Reasoning: I can see the Components page with the sidebar. I can see "Dropdowns" in the left sidebar. Let me click on it.
[step 3] Action: scroll down (640, 400) scroll_amount 4
[step 3] Reasoning: I'm on the Dropdowns page and I can see "Single button dropdowns" section. I need to scroll down to find the actual dropdown button examples. Let me scroll down to see the Single button dropdowns section.
[step 4] Action: left_click (322, 591)
[step 4] Reasoning: I can see the "Single button dropdowns" section with a "Dropdown Button" visible. Now I need to click on this Dropdown Button to open the dropdown menu. Let me click on it.
[step 5] Action: mouse_move (700, 400)
[step 5] Reasoning: The dropdown menu is now open, showing "Action", "Another action", and "Something else" items. I can see the "Dropdown Button" is now showing as active/highlighted with the dropdown open. Now I need to:
1. Move the mouse away from the button to a blank area of the page
2. Observe if the button still has 'show' CSS class and maintains its highlighted style

Let me move the mouse to a blank area of the page (away from the button and dropdown menu).
[step 6] Action: right_click (322, 591)
[step 6] Reasoning: I can see the dropdown menu is still open, with the "Dropdown Button" still visible and the dropdown expanded. The button appears to maintain its active/highlighted appearance. Now I need to use the browser's DevTools to inspect the CSS class on the button to verify if it has the 'show' class. Let me right-click on the Dropdown Button to inspect it.

Let me first take a closer look at the button's current state. I'll use Chrome DevTools to inspect the button. Let me right-click on the "Dropdown Button" to open the context menu and select "Inspect".
[step 7] Action: left_click (340, 647)
[step 7] Reasoning: A context menu appeared with Chinese options. I can see "检查" (Inspect) at the bottom. Let me click on it to open DevTools.
[step 8] Action: left_click (977, 131)
[step 8] Reasoning: Excellent! DevTools is now open and I can see important information. Looking at the DevTools panel on the right:

1. The dropdown menu is still visible on the page (showing "Action" and "Another action" items)
2. In the DevTools, I can see the element being inspected
3. In the Properties panel, I can see **`classList: DOMTokenList(3) ['dropdown-toggle', 'btn', 'btn-success', value: 'dropdown-toggle btn btn-success']`**

This is crucial! The button currently has the classes `dropdown-toggle`, `btn`, and `btn-success` - but I need to verify if the `show` class is present. Looking at the classList, it shows 3 items: `dropdown-toggle`, `btn`, `btn-success` - there is **NO 'show' class** on the button itself.

Wait, let me look more carefully. The dropdown menu is still open (showing "Action", "Another action"), and the button should have 'show' class when dropdown is open. Let me scroll up in the DevTools to see the full element HTML and classes.

Let me look at the Elements panel more carefully to see the full HTML structure.
[step 9] Action: screenshot
[step 9] Reasoning: I can now see the current state clearly:

1. The dropdown menu is still open (showing "Action", "Another action", "Something else")
2. The "Dropdown Button" is visible at the bottom of the visible area
3. In the DevTools Properties panel, I can see: `classList: DOMTokenList(3) ['dropdown-toggle', 'btn', 'btn-success', value: 'dropdown-toggle btn btn-success']`

The classList shows only 3 items (dropdown-toggle, btn, btn-success) - **there is NO 'show' class** on the button when the dropdown is expanded. This is the key observation.

However, let me look at the HTML in the Elements panel to see the full element structure. Let me look at the element HTML more carefully - I can see a `<button` element with `class="dropdown-toggle btn btn-success"`. Let me check the parent div as well.

Let me click on the Elements tab to see the HTML structure more clearly and look for the 'show' class.
[step 10] Action: left_click (1025, 131)
[step 10] Reasoning: Let me zoom into the DevTools panel to see the details better. I need to examine the HTML elements and particularly check if the button has the 'show' class. Let me look at the Elements panel HTML tree more carefully.

Looking at what I can see in the Elements panel:
- There's a `<button` element with `class="dropdown-toggle btn btn-success"`
- In the Properties area: `classList: DOMTokenList(3) ['dropdown-toggle', 'btn', 'btn-success', value: 'dropdown-toggle btn btn-success']`

The classList shows only 3 classes: `dropdown-toggle`, `btn`, `btn-success`. There is **no 'show' class** on the button element.

However, I notice in the Elements panel HTML tree there's a `<div class="dropdown-menu show"` - the 'show' class seems to be on the dropdown menu container, not the button itself. But I need to check the parent div wrapper too.

Let me use the Console to directly check the button's classList when the dropdown is open.
[step 11] Action: left_click (1090, 680)
[step 11] Reasoning: I'm now on the Console tab. The dropdown menu is still open (showing "Action", "Another action", "Something else"). Let me use the Console to check the button's classList when the dropdown is open. I'll type a JavaScript command to check the button's CSS classes.
[step 12] Action: left_click (1090, 448)
[step 12] Reasoning: I can see the Console tab is active and there's a console input area at the bottom. The dropdown menu is still open. Let me type a JavaScript command to check the Dropdown Toggle button's classList when the menu is expanded.
[step 13] Action: left_click (1090, 448)
[step 13] Reasoning: I need to click on the console input area (the `>` prompt at the bottom of the console). Let me click on that `>` input area.
[step 14] Action: left_click (1090, 448)
[step 14] Reasoning: I notice the dropdown is still open. The console input area might be the `>` symbol at the bottom. I notice the dropdown menu is still showing. I need to get focus on the console to type a command. Let me try clicking directly at the `>` prompt cursor position at the very bottom of the console.
[step 15] Action: Minimize panel
[step 15] Reasoning: I can see the console is open. The `>` prompt is visible. I need to click on the console input area and type a command. Let me scroll the DevTools console area down to see the prompt, and then click on it. Let me try clicking on the `>` symbol that I see at the bottom of the console output.
[step 16] Action: left_click (1090, 448)
[step 16] Reasoning: Now the task panel is minimized. I can see the console is open and the dropdown is still showing. I can see the `>` console input at the bottom. The dropdown menu is still open with "Action", "Another action", "Something else" items visible. Let me click on the `>` prompt area at the bottom of the console to type a JavaScript command.
[step 17] Action: type: document.querySel...
[step 17] Reasoning: I can see the console `>` prompt at the bottom of the DevTools panel. The dropdown is still open. Let me type the JavaScript command to check the button's classList. I'll type a command to find the dropdown toggle button and check its classes.
[step 18] Action: key: Return
[step 18] Reasoning: I can see there's a warning in the Chrome DevTools console about pasting code. I need to type 'allow pasting' to allow pasting. But I'm typing, not pasting, so the command should still be visible. Let me check the console - I can see the text has been typed. Now let me press Enter to execute the command.
[step 19] Action: type: allow pasting
[step 19] Reasoning: I see the Chrome DevTools is showing a warning: "Warning: Don't paste code into the DevTools Console that you don't understand or haven't reviewed yourself. This could allow attackers to steal your identity or take control of your computer. Please type 'allow pasting' below and press Enter to allow pasting."

This warning appeared because Chrome detected the typed code as a potential paste. I need to type "allow pasting" first to enable this. Let me do that.
[step 20] Action: key: Return
[step 20] Reasoning: I see the warning is still there. The console prompt `>` is at the bottom. I can see the warning turned into a red error icon (the warning icon changed). Let me press Enter to confirm "allow pasting".
[step 21] Action: left_click (1090, 486)
[step 21] Reasoning: I can see the warning message is still there and the `>` prompt appeared at the bottom right side with a `>` `|` cursor. The dropdown menu on the page is still open. Now pasting is allowed. Let me type the JavaScript command to check the button's classList.

But first, I notice the dropdown is closed - the "Action", "Another action", "Something else" menu items are still visible in the page. Let me check the current state by looking at the page. The dropdown appears to still be open (Action, Another action, Something else are visible).

Let me type the command in the console now:
[step 22] Action: left_click (1090, 486)
[step 22] Reasoning: I see the console warning message is still showing. I notice the `>` prompt is visible. The dropdown on the page is still showing open. Let me try clicking on the `>` area at the bottom of the console and type my command.
[step 23] Action: type: document.querySel...
[step 23] Reasoning: I can see the `>` prompt cursor at the bottom of the console. The dropdown is still open. Let me type the JavaScript command to check the button's classList:
[step 24] Action: key: Return
[step 24] Reasoning: I notice the text doesn't appear to be showing in the console input area - the `>` prompt is still just showing as `>`. The warning message is still present. The dropdown on the page is still open. Let me press Enter to see if the command gets executed.
[step 25] Action: left_click (978, 131)
[step 25] Reasoning: I see the same state. The console warning is still showing. The `>` prompt is visible. The dropdown is still open on the page. It seems like the typed text is not going into the console input. Let me try a different approach - I'll use the Elements panel to inspect the button element instead. Let me switch to the Elements tab.
[step 26] Action: scroll down (1090, 400) scroll_amount 2
[step 26] Reasoning: Excellent! Now I can see the Elements panel and the Properties panel. This is very revealing! I can see:

1. **The dropdown is still open** (showing "Action", "Another action", "Something else" in the page)
2. In the Elements panel, I can see: `<div class="show dropdown">` - the parent div has the `show` class
3. I can see `<button type="button" id="dropdown-basic" aria-expanded="tr...` 
4. In the Properties panel (right side), I can see: **`classList: DOMTokenList(3) ['dropdown-toggle', 'btn', 'btn-success', value: 'drop...`**

The classList shows only 3 items: `dropdown-toggle`, `btn`, `btn-success`. Let me look more carefully at the breadcrumb at the bottom: `div.show.dropdown > button#dropdown-basic.dropdown-toggle.btn.btn-success`

This confirms that:
- The **parent div** has the `show` class: `div.show.dropdown`
- The **button itself** has classes: `dropdown-toggle`, `btn`, `btn-success` - **NO 'show' class on the button**

Let me zoom in to see the Properties more clearly, especially the classList value.
[step 27] Action: left_click (929, 321)
[step 27] Reasoning: Now I can see very clearly in the Properties panel:

**Key findings when the dropdown is open:**
- `classList: DOMTokenList(3) ['dropdown-toggle', 'btn', 'btn-success', value: 'dro...`
- `className: "dropdown-toggle btn btn-success"`

The button's className is **`"dropdown-toggle btn btn-success"`** - there is **NO 'show' class** on the DropdownToggle button itself when the dropdown is open!

Looking at the Elements HTML panel, I can also see:
- `<div class="show dropdown">` - the parent div has the `show` class
- The button itself: `<button type="button" id="dropdown-basic" aria-expanded="tr...` with class `"dropdown-toggle btn btn-success"`

The breadcrumb at bottom shows: `div.show.dropdown > button#dropdown-basic.dropdown-toggle.btn.btn-success`

This confirms that:
1. The `show` class is on the **parent wrapper div** (`div.show.dropdown`), NOT on the button itself
2. The DropdownToggle button does NOT have the `show` class when dropdown is open
3. The button has `aria-expanded="true"` (visible in the HTML panel)

Now let me also check the visual styling of the button to see if it appears highlighted/active. Looking at the page, the "Dropdown Button" is still showing with the dropdown menu open. Let me take a screenshot to observe the button's visual style.

Let me also use the Computed styles panel to see if the button has any active/hover styles applied.

Let me zoom into the button area to see if it has a visual highlight when the dropdown is open:
[step 28] Action: scroll down (1090, 430) scroll_amount 3
[step 28] Reasoning: Now I'm on the **Styles** tab. I can see:
1. `.btn-success` styles are showing with CSS variables like `--bs-btn-color: #fff`, `--bs-btn-bg: #198754`, etc.
2. The dropdown is still open on the page (Action, Another action, Something else visible)

I can see the Styles panel showing the CSS for the button. I notice `.btn-success` class properties. Let me scroll down to see if there are any `:active` or `.show` state styles that might be applied or overriding the normal styles.

Let me scroll down in the Styles panel to see all the applied styles:
[step 29] Action: scroll down (1090, 430) scroll_amount 3
[step 29] Reasoning: Now I can see more styles in the Styles panel. I can see `.btn-success` class with various CSS custom properties:
- `--bs-btn-color: #fff`
- `--bs-btn-bg: #198754`
- `--bs-btn-border-color: #198754`
- `--bs-btn-hover-bg: #157347`
- `--bs-btn-hover-color: #fff`
- `--bs-btn-hover-border-color: #146c43`
- `--bs-btn-focus-shadow-rgb: 60, 153, 110`
- `--bs-btn-active-color: #fff`
- `--bs-btn-active-bg: #146353f` (truncated)
- `--bs-btn-active-border-color: #146c43`
- `--bs-btn-active-shadow: inset 0 3px 5px rgba(0, 0, 0, 0.125)`
- `--bs-btn-disabled-color: #fff`
- `--bs-btn-disabled-bg: #198754`
- `--bs-btn-disabled-border-color: #198754`

I can see these are the CSS variable definitions. Let me continue scrolling to see the actual button styles and check if there's any `.show` class or `:active` state applied.
[step 30] Action: scroll down (1090, 430) scroll_amount 3
[step 30] Reasoning: I can see more `.btn` styles. The dropdown is still open. Let me continue scrolling to find any `.show` related styles or `:active` state.
[step 31] Action: scroll down (1090, 430) scroll_amount 3
[step 31] Reasoning: I can see more button styles. Let me continue scrolling to see if there are any `.show` or active state styles.
[step 32] Action: scroll down (1090, 430) scroll_amount 3
[step 32] Reasoning: I can see more button styles including `color: var(--bs-btn-color)`, `background-color: var(--bs-btn-bg)`, `border: var(--bs-btn-border-width) solid var(--bs-btn-border-color)`, `border-radius: var(--bs-btn-border-radius)`, `transition: color .15s ease-in-out, background-color .15s ease-in-out...`. Let me continue scrolling to look for `.show` or active states.
[step 33] Action: left_click (1025, 131)
[step 33] Reasoning: I can see more styles. The dropdown is still open. Let me use a different approach - let me use the Console to directly check the button's className since the "allow pasting" should now be enabled. Let me switch to the Console tab and try typing the command again.

Actually, looking at the breadcrumb in the Elements panel: `div.show.dropdown > button#dropdown-basic.dropdown-toggle.btn.btn-success`

This confirms:
- The **parent div** has class `show dropdown` → has the `show` class
- The **button** has classes `dropdown-toggle btn btn-success` → does NOT have `show` class

The `show` class is on the parent div, not on the button itself. But the question asks whether the button has the `show` class. Let me now also look at the button's visual appearance - looking at the page, "Dropdown Button" is visible with a green button appearance.

Let me now use the Console tab to query the button's class and also check the button's visual appearance. Let me switch to Console:
[step 34] Action: left_click (1090, 486)
[step 34] Reasoning: I can see the Console tab is active. The `>` prompt is visible at the bottom. The dropdown is still open on the page (Action, Another action, Something else are visible). The warning message is still showing but pasting should be allowed now. Let me click on the console input area and type the command.
[step 35] Action: scroll down (1090, 450) scroll_amount 3
[step 35] Reasoning: The console is still showing the warning. The `>` prompt at line 9:3 is visible. The dropdown is still open. I notice there is a `>` symbol at position 9:3 at the bottom. Let me click directly on that `>` area to get the cursor there and then type.

Let me scroll the console down to see the input area better:
[step 36] Action: scroll down (400, 400) scroll_amount 3
[step 36] Reasoning: I see the same state. The console input `>` is visible. I need to use a different approach. Let me try using the keyboard shortcut to open the console input area. Let me try pressing Ctrl+L to focus the console filter, or just use Tab to navigate to the input area.

Actually, let me go back to the Elements panel approach. I already have all the key information from the Elements panel. I can clearly see from the breadcrumb `div.show.dropdown > button#dropdown-basic.dropdown-toggle.btn.btn-success` that:

1. **Parent div** has `show` class: `div.show.dropdown`
2. **Button** does NOT have `show` class: `dropdown-toggle btn btn-success`

Now let me check the visual button style. Looking at the page view, the "Dropdown Button" is visible at the bottom of the page. The button appears to have the same green color as normal, and I need to zoom in to see if it appears "active/highlighted" vs normal state.

Let me also verify what happens when I close the dropdown. Let me click on the "Dropdown Button" to close it (or click on a blank area). But first, let me look at the button's visual appearance more carefully.

Let me zoom in to the Dropdown Button area:
[step 37] Action: left_click (500, 490)
[step 37] Reasoning: Excellent! Now I can see the "Dropdown Button" more clearly. The dropdown is still open (showing "Action", "Another action", "Something else"). 

**Key visual observation:** Looking at the "Dropdown Button" button, it appears to have a **normal green background color** (not a darker/highlighted active state). The button does not appear to have a visually distinct "active/pressed" state compared to its normal state - it just looks like a regular green button.

In standard Bootstrap behavior, when a dropdown is open:
1. The toggle button should have the `show` class AND
2. The button should appear visually active (darker background, indicating it's been clicked/activated)

From what I've observed:
1. **The button does NOT have the `show` class** - only the parent div has `show`
2. **The button visually appears normal** - no darker background indicating active state

Now let me close the dropdown by clicking somewhere on the page away from it to confirm that the `show` class is removed from the parent div.

Let me click on a blank area of the page (not the dropdown menu):
[step 38] Action: left_click (977, 131)
[step 38] Reasoning: The dropdown is now closed! The "Dropdown Button" is now showing in its normal state without the dropdown menu open. The button still looks the same green color as before.

Now let me switch to the Elements tab to verify the `show` class is removed from the parent div. Let me click on the Elements tab and inspect the button/div:
[step 39] Action: left_click (263, 555)
[step 39] Reasoning: Now I can see the Elements panel with the dropdown closed. Looking at the HTML structure:

**After dropdown is closed:**
- `<div class="dropdown">` - The parent div now has ONLY `dropdown` class, the `show` class is **REMOVED**!
- The breadcrumb at the bottom shows: `div div.dropdown > button#dropdown-basic.dropdown-toggle.btn.btn-success`
- Button still has: `dropdown-toggle btn btn-success` (no `show` class)

This confirms that:
1. When dropdown is **open**: `<div class="show dropdown">` - parent div has `show` class
2. When dropdown is **closed**: `<div class="dropdown">` - parent div has only `dropdown` class (no `show`)

**Summary of Findings:**

Let me now take a final screenshot to confirm the state of the dropdown button and its visual appearance. Let me scroll up the Styles panel to see the full picture:

Now let me consolidate my observations. I need to click on the "Dropdown Button" to open it again and directly observe the button's visual appearance with the DevTools Elements panel open to confirm the button's CSS classes. Let me use the "Inspect element" approach to verify the button directly.

Let me use the DevTools element picker to click on the Dropdown Button:
[step 40] Action: mouse_move (500, 350)
[step 40] Reasoning: Now I can see both:
1. **The dropdown is open** (Action, Another action, Something else visible)
2. **In Elements panel**: `<div class="show dropdown">` - parent has `show` class
3. **Breadcrumb**: `div div.show.dropdown > button#dropdown-basic.dropdown-toggle.btn.btn-success`
4. **Button classes**: `dropdown-toggle btn btn-success` - **NO 'show' class on the button**

Looking at the button visually on the page, the "Dropdown Button" appears to have its normal green background color. The button does NOT appear to have any visually distinct "active/pressed/highlighted" state despite the dropdown being open.

Let me now move the mouse away from the button to a blank area and take a screenshot to observe the button's visual style:
[step 41] Action: left_click (1222, 321)
[step 41] Reasoning: Now I can see the current state clearly with the mouse moved away from the button:

1. **Dropdown is still open** (Action, Another action, Something else visible)
2. **Mouse is moved away** from the button (currently hovering over text area)
3. **Button "Dropdown Button"** is visible with the green background
4. **In Elements panel**: `<div class="show dropdown">` - confirmed the parent div has `show` class
5. **Breadcrumb**: `div div.show.dropdown > button#dropdown-basic.dropdown-toggle.btn.btn-success`

**Visual observation of the "Dropdown Button"**: The button appears to have its **normal green background color** (same as a non-active state). There is no visible difference in the button's appearance compared to when the dropdown is closed. The button does NOT appear to have a visually distinct active/pressed/highlighted style.

**Key findings summary:**
1. **`show` CSS class on button when dropdown is open**: **NO** - The `show` class is on the **parent `<div class="show dropdown">`**, NOT on the `<button>` element
2. **Button visual appearance when dropdown is open (mouse moved away)**: The button appears to have its **normal** visual style - no distinct highlighted/active appearance
3. **After closing dropdown**: The parent div's `show` class is removed, confirming proper toggle behavior

Now let me also verify with the Properties tab to double-check the button's className. Let me click on the Properties tab:
[step 42] Action: scroll up (1090, 420) scroll_amount 2
[step 42] Reasoning: Now I can see the **Properties panel** which shows the full details of the button element. The dropdown is still open (Action, Another action, Something else visible). I can now clearly read:

**Button Properties when dropdown is OPEN:**
- `classList: DOMTokenList(3) ['dropdown-toggle', 'btn', 'btn-success', value: 'dro...`
- **`className: "dropdown-toggle btn btn-success"`**

This is the definitive confirmation! The button's `className` is `"dropdown-toggle btn btn-success"` - there is **NO 'show' class** on the DropdownToggle button itself.

Also visible in the properties:
- `aria-expanded: "true"` (visible in the attributes as `aria-expanded: 3: aria-expanded...`)
- `children: HTMLCollection []`

**Visual observation**: The "Dropdown Button" on the page appears with its normal green style - no visually distinct active/highlighted appearance when the dropdown is open (after mouse has moved away).

Let me now take a final check by scrolling the Properties panel up to see the classList more clearly:
[step 43] Action: left_click (500, 350)
[step 43] Reasoning: Now I can clearly see in the Properties panel with the **dropdown still open** (Action, Another action, Something else visible):

**Key confirmed properties:**
- **`ariaExpanded: "true"`** - the button's aria-expanded is "true" (dropdown is open)
- **`classList: DOMTokenList(3) ['dropdown-toggle', 'btn', 'btn-success', value: 'dro...`** - Only 3 classes
- In the Elements HTML: `<div class="show dropdown">` - parent div has `show` class

The `ariaExpanded: "true"` confirms the dropdown IS open, but the button only has 3 CSS classes: `dropdown-toggle`, `btn`, `btn-success` - **NO 'show' class on the button**.

Now let me close the dropdown by clicking on a blank area and check the Properties panel again:
[step 44] Action: DONE
[step 44] Reasoning: Now the dropdown is closed! I can see:

**After clicking outside (dropdown closed):**
1. **Dropdown menu is closed** - "Action", "Another action", "Something else" are no longer visible
2. **In Elements panel HTML**: `<div class="dropdown">` - the `show` class has been **removed** from the parent div
3. **Properties panel**: `ariaExpanded: "false"` - confirmed the button's aria-expanded is now "false"
4. **`classList: DOMTokenList(3) ['dropdown-toggle', 'btn', 'btn-success', value: 'dro...`** - still 3 classes (unchanged)
5. **Breadcrumb**: `div div.dropdown > button#dropdown-basic.dropdown-toggle.btn.btn-success`

This confirms that:
- When dropdown is **closed**: Parent div class is `dropdown` (no `show`), button `ariaExpanded: "false"`
- When dropdown was **open**: Parent div class was `show dropdown`, button `ariaExpanded: "true"`, but button itself had NO `show` class

**Complete Test Results Summary:**

## Test Results

### Test: DropdownToggle button behavior when dropdown is expanded

**Step 1 - Found the "Single button dropdowns" section**: ✅ Found at `http://localhost:3000/components/dropdowns/`

**Step 2 - Clicked the Dropdown Button to open**: ✅ Dropdown opened successfully showing "Action", "Another action", "Something else"

**Step 3 - Mouse moved away from button**: ✅ Mouse moved to blank area while dropdown remained open

**Step 4 - Button CSS class observation (when dropdown is OPEN, mouse moved away)**:
- **`show` CSS class on button**: ❌ **NOT present** on the button element
  - The `show` class is on the **parent `<div class="show dropdown">`**, NOT on the `<button>` element
  - Button className: `"dropdown-toggle btn btn-success"` (only 3 classes)
  - Button `ariaExpanded: "true"` (correct accessibility attribute)
- **Visual appearance**: The button maintains its **normal green appearance** - no distinct highlighted/active visual style (like a darker background that would indicate the "hover" or "active" state)

**Step 5 - Closing dropdown and verifying `show` class removal**:
- ✅ Clicking outside closes the dropdown
- ✅ Parent div `show` class removed: `<div class="dropdown">` (no `show`)
- ✅ Button `ariaExpanded` changed to `"false"`
- ✅ Button visual style returned to normal (was already normal when open too)

**Bug Finding**: 
- The `show` CSS class is placed on the **parent wrapper `<div>`** instead of the DropdownToggle `<button>` element itself
- This means CSS selectors like `.dropdown-toggle.show` or `.btn.show` would NOT target the toggle button correctly
- In standard Bootstrap CSS, `.btn-success.show` would apply active/highlighted styles to the button. Since the `show` class is not on the button, the button does NOT appear highlighted/active when the dropdown is open after the mouse is moved away - there is no visual indication that the dropdown is currently expanded from the button's appearance alone (except for the caret/arrow direction which changes in some implementations)
- **This is a potential CSS class placement bug**: The `show` class should be on the toggle button for proper Bootstrap styling behavior
Evaluating task result...

==================================================
Task: 当前Chrome浏览器已打开react-bootstrap文档网站，地址是http://localhost:3000。测试 Dropdown 组件的 DropdownToggle 按钮在下拉菜单展开时的样式表现。具体步骤：1. 打开页面后找到 Dropdown 相关的示例区域（Single button dropdowns 部分）。2. 点击一个 Dropdown 按钮，使下拉菜单展开。3. 将鼠标移开按钮区域（移到页面空白处）。4. 观察下拉菜单仍然展开的状态下，DropdownToggle 按钮是否带有 'show' CSS class，按钮是否保持激活/高亮的视觉样式（类似悬停效果）。5. 再次点击按钮或点击其他区域关闭下拉菜单，确认按钮上的 'show' class 被移除，视觉样式恢复正常。请始终在浏览器内操作，禁止打开 Terminal、Finder 或其他应用程序。如果在浏览器中找不到目标功能，直接标记 result 为 unclear，result_summary 写明'未在页面中找到目标功能入口'。
Status: COMPLETED
Total steps: 44
Last action: DONE
Last reasoning: Now the dropdown is closed! I can see:

**After clicking outside (dropdown closed):**
1. **Dropdown menu is closed** - "Action", "Another action", "Something else" are no longer visible
2. **In Elements panel HTML**: `<div class="dropdown">` - the `show` class has been **removed** from the parent div
3. **Properties panel**: `ariaExpanded: "false"` - confirmed the button's aria-expanded is now "false"
4. **`classList: DOMTokenList(3) ['dropdown-toggle', 'btn', 'btn-success', value: 'dro...`** - still 3 classes (unchanged)
5. **Breadcrumb**: `div div.dropdown > button#dropdown-basic.dropdown-toggle.btn.btn-success`

This confirms that:
- When dropdown is **closed**: Parent div class is `dropdown` (no `show`), button `ariaExpanded: "false"`
- When dropdown was **open**: Parent div class was `show dropdown`, button `ariaExpanded: "true"`, but button itself had NO `show` class

**Complete Test Results Summary:**

## Test Results

### Test: DropdownToggle button behavior when dropdown is expanded

**Step 1 - Found the "Single button dropdowns" section**: ✅ Found at `http://localhost:3000/components/dropdowns/`

**Step 2 - Clicked the Dropdown Button to open**: ✅ Dropdown opened successfully showing "Action", "Another action", "Something else"

**Step 3 - Mouse moved away from button**: ✅ Mouse moved to blank area while dropdown remained open

**Step 4 - Button CSS class observation (when dropdown is OPEN, mouse moved away)**:
- **`show` CSS class on button**: ❌ **NOT present** on the button element
  - The `show` class is on the **parent `<div class="show dropdown">`**, NOT on the `<button>` element
  - Button className: `"dropdown-toggle btn btn-success"` (only 3 classes)
  - Button `ariaExpanded: "true"` (correct accessibility attribute)
- **Visual appearance**: The button maintains its **normal green appearance** - no distinct highlighted/active visual style (like a darker background that would indicate the "hover" or "active" state)

**Step 5 - Closing dropdown and verifying `show` class removal**:
- ✅ Clicking outside closes the dropdown
- ✅ Parent div `show` class removed: `<div class="dropdown">` (no `show`)
- ✅ Button `ariaExpanded` changed to `"false"`
- ✅ Button visual style returned to normal (was already normal when open too)

**Bug Finding**: 
- The `show` CSS class is placed on the **parent wrapper `<div>`** instead of the DropdownToggle `<button>` element itself
- This means CSS selectors like `.dropdown-toggle.show` or `.btn.show` would NOT target the toggle button correctly
- In standard Bootstrap CSS, `.btn-success.show` would apply active/highlighted styles to the button. Since the `show` class is not on the button, the button does NOT appear highlighted/active when the dropdown is open after the mouse is moved away - there is no visual indication that the dropdown is currently expanded from the button's appearance alone (except for the caret/arrow direction which changes in some implementations)
- **This is a potential CSS class placement bug**: The `show` class should be on the toggle button for proper Bootstrap styling behavior

==================================================

UI window closed
