Session created: sess-20260427220631-0d2d21ca539d4da983f0641d8c0bb9ee
UI panel initialized successfully
UI window displayed
Expected result: 在fade为true且infinite为false的配置下，点击next按钮应能从第一张依次切换到最后一张，点击previous按钮应能从当前依次切换回第一张，所有幻灯片切换均正常响应，不会出现点击无反应或卡住的情况。
[step 0] Action: Initializing
[step 0] Reasoning: Initializing session connection
[step 0] Action: screenshot
[step 1] Action: scroll down (640, 400) scroll_amount 10
[step 1] Reasoning: 我可以看到页面已经打开，显示了 React Slick 的 demo 页面。我需要向下滚动找到 "Fade" 轮播示例。让我先滚动查找。
[step 2] Action: scroll down (640, 400) scroll_amount 10
[step 2] Reasoning: 还没有找到 Fade 示例，继续向下滚动。
[step 3] Action: scroll down (640, 400) scroll_amount 10
[step 3] Reasoning: 还没找到 Fade 示例，继续向下滚动。
[step 4] Action: scroll down (640, 400) scroll_amount 10
[step 4] Reasoning: 看到了 "Uneven sets (infinite)"、"Uneven sets (finite)"、"Center Mode" 和 "FocusOnSelect" 等示例，但还没找到 "Fade"。继续向下滚动。
[step 5] Action: scroll down (640, 400) scroll_amount 10
[step 5] Reasoning: 看到 "Center Mode"、"FocusOnSelect"、"Auto Play"、"Auto Play & Pause with buttons" 等，继续滚动寻找 "Fade"。
[step 6] Action: scroll down (640, 400) scroll_amount 10
[step 6] Reasoning: 看到了 "Auto Play"、"Auto Play & Pause with buttons"、"Pause On Hover"，继续滚动寻找 "Fade"。
[step 7] Action: scroll down (640, 400) scroll_amount 10
[step 7] Reasoning: 看到 "Pause On Hover"、"Right to Left"、"Variable width"，继续向下滚动寻找 "Fade"。
[step 8] Action: scroll down (640, 400) scroll_amount 10
[step 8] Reasoning: 看到 "Variable width"、"Adaptive height"、"Lazy Load"，继续向下滚动。
[step 9] Action: scroll down (640, 400) scroll_amount 3
[step 9] Reasoning: 我找到了 **Fade** 轮播示例！它出现在屏幕底部。可以看到标题 "Fade" 和第一张图片（山峰图片）。让我继续滚动一点，以便能完整看到 Fade 轮播组件的全貌，包括 next 和 previous 箭头。
[step 10] Action: left_click (1159, 530)
[step 10] Reasoning: 现在我可以清楚地看到 **Fade** 轮播示例。我能看到：
- 标题 "Fade"
- 第一张图片（沙漠/山峰图片）正在显示 - 这是第1张幻灯片
- 左箭头（previous）在左侧
- 右箭头（next）在右侧
- 底部有4个点（dots），说明共有4张幻灯片
- 第一个点被选中（当前在第1张）

**视觉观察**：Fade 轮播组件的 `infinite=false` 设置意味着当到达最后一张或第一张时，对应方向的箭头应该被禁用。当前显示第1张，所以左箭头（previous）看起来应该是禁用状态（颜色较浅）。

现在开始测试：点击 next 按钮（右箭头），从第1张切换到第2张。
[step 11] Action: left_click (1159, 530)
[step 11] Reasoning: ✅ **第1次点击 next 成功！** 幻灯片从第1张（沙漠/山峰图片）切换到了第2张（红色枫叶图片）。底部的点也显示第2个点被激活（当前在第2张）。

现在继续点击 next 按钮，切换到第3张。
[step 12] Action: left_click (1159, 530)
[step 12] Reasoning: ⚠️ **第2次点击 next 没有反应！** 图片仍然显示第2张（红色枫叶图片），底部的点仍然显示第2个点被激活。幻灯片没有切换到第3张。

这可能是一个 bug。让我再次点击 next 按钮尝试一次，确认是否真的无法切换。
[step 13] Action: scroll down (640, 400) scroll_amount 2
[step 13] Reasoning: 🐛 **确认发现 Bug！** 第3次点击 next 按钮仍然没有反应，幻灯片还停留在第2张（红色枫叶图片），底部点指示器仍然显示第2个点被激活。

幻灯片卡在了第2张，无法继续向前浏览。让我滚动查看底部的点指示器情况，以及确认当前到达了多少张。

让我尝试通过点击底部的 dots（点指示器）来直接导航到其他幻灯片，先看看底部有多少个点，并验证 Fade 轮播共有几张幻灯片。
[step 14] Action: left_click (1159, 463)
[step 14] Reasoning: 现在我可以清楚地看到 **Fade** 轮播组件的全貌：
- 当前显示第2张（红色枫叶图片）
- 底部有4个点指示器，第2个点被激活（当前在第2/4张）
- 右侧有 next 箭头（>）
- 左侧有 previous 箭头（<）

**重要发现**：从这个角度我注意到 Fade 组件底部的点是 4 个，所以共有 4 张幻灯片。而 next 按钮（右箭头）依然可见，说明还有更多幻灯片可以查看。但之前点击了 2 次都没有反应。

让我再次尝试点击 next 按钮（右箭头）看看是否能切换。
[step 15] Action: left_click (649, 579)
[step 15] Reasoning: 🐛 **再次确认 Bug！** 又一次点击 next 按钮，幻灯片仍然停留在第2张（红色枫叶图片），底部指示点仍然是第2个被激活。next 按钮点击没有任何反应。

让我尝试通过点击底部的第3个和第4个点来直接导航，看看是否可以到达第3、4张幻灯片。
[step 16] Action: left_click (669, 579)
[step 16] Reasoning: 我点击了第3个点（dot），图片切换到了第3张（黑色蝙蝠图片，看起来和 Lazy Load 中的蝙蝠图片一样）。底部指示点现在显示第3个被激活。这说明 dots 导航是可以工作的，但 next 按钮在第2张时无法切换。

让我继续点击第4个点，看看第4张幻灯片是什么，并验证所有4张幻灯片都能通过点击 dots 访问。
[step 17] Action: left_click (122, 463)
[step 17] Reasoning: ✅ 现在通过点击第4个点，成功显示了第4张幻灯片（蓝色天鹅/鸟图片）。底部显示第4个点被激活，且右侧 next 按钮（>）仍然可见（但因为是 `infinite=false`，在最后一张时应该被禁用）。

**重要观察**：
1. 共有4张幻灯片：1-山峰图、2-枫叶图、3-蝙蝠图、4-天鹅图
2. next 按钮从第2张开始就无法正常工作（卡住了）
3. 通过点击 dots 可以正常导航

现在我需要从第4张（最后一张）开始，测试 previous 按钮（左箭头）。先点击 previous 按钮从第4张返回第3张。
[step 18] Action: left_click (122, 463)
[step 18] Reasoning: ⚠️ **第1次点击 previous 按钮没有反应！** 仍然停留在第4张（天鹅图片），底部第4个点仍然被激活。

让我再次尝试点击 previous 按钮。
[step 19] Action: left_click (649, 579)
[step 19] Reasoning: 🐛 **再次确认 Bug！** 第2次点击 previous 按钮也没有反应。幻灯片仍然停留在第4张（天鹅图片），底部第4个点仍然被激活。

这意味着在使用 dots 跳转到第4张后，previous 按钮也失效了。让我再通过 dots 跳转到第3张，然后测试 previous 按钮是否能从第3张退回到第2张、第1张。

先通过点击第3个点跳到第3张：
[step 20] Action: left_click (122, 463)
[step 20] Reasoning: 通过点击第3个点，成功跳转到了第3张（蝙蝠图片），底部第3个点被激活。现在我在第3张，测试 previous 按钮是否能回到第2张：
[step 21] Action: left_click (609, 579)
[step 21] Reasoning: ⚠️ **previous 按钮在第3张也失效了！** 幻灯片仍然停留在第3张（蝙蝠图片），底部第3个点仍然被激活，没有回到第2张。

这是非常一致的 Bug 行为。让我再进行一次测试，回到第1张，然后重新从第1张开始，看看正常的 next 操作是否只能从第1张走到第2张后就卡住。

先通过 dots 跳到第1张：
[step 22] Action: left_click (1159, 463)
[step 22] Reasoning: ✅ 通过点击第1个点，成功跳转到了第1张（沙漠/山峰图片），底部第1个点被激活。

现在我从第1张开始，再次系统地测试 next 按钮：

**第1次 next（从第1张→第2张）：**
[step 23] Action: left_click (1159, 463)
[step 23] Reasoning: ✅ **第1次 next 成功！** 从第1张（山峰图）切换到了第2张（枫叶图），底部第2个点被激活。

**第2次 next（从第2张→第3张）：**
[step 24] Action: left_click (122, 463)
[step 24] Reasoning: 🐛 **Bug 再次复现！** 第2次点击 next（从第2张→第3张）没有反应，图片仍停留在第2张（枫叶图），底部第2个点仍被激活。

这个 Bug 是**一致且可重复**的：**当 Fade 轮播从第1张切换到第2张后，next 按钮就完全失效了，无法继续向后浏览**。

现在让我测试 previous 按钮：从第2张点击 previous 是否能返回第1张。
[step 25] Action: left_click (122, 463)
[step 25] Reasoning: 🐛 **previous 按钮从第2张也失效了！** 幻灯片仍然停留在第2张（枫叶图），没有回到第1张。底部第2个点仍然被激活。

至此，测试已经非常全面。让我再尝试一次 previous 来最终确认：
[step 26] Action: DONE
[step 26] Reasoning: 🐛 **最终确认！** previous 按钮从第2张也完全失效了。幻灯片仍然卡在第2张（枫叶图），底部第2个点仍然被激活，没有任何响应。

---

## 📋 测试报告总结

### Fade 轮播组件（`fade=true, infinite=false`）测试结果

**测试环境**：http://localhost:8080，React Slick 轮播 Demo 页面

**幻灯片结构**：共 4 张
- 第1张：沙漠/山峰图片
- 第2张：红色枫叶图片  
- 第3张：黑色蝙蝠图片
- 第4张：蓝色天鹅图片

---

### 🐛 发现的关键 Bug

**Bug 描述**：**Next（下一张）和 Previous（上一张）箭头按钮在 Fade 轮播中从第2张起完全失效**

**具体表现**：

| 操作 | 期望行为 | 实际行为 |
|------|---------|---------|
| 从第1张点击 next → 第2张 | ✅ 切换到第2张 | ✅ **正常切换成功** |
| 从第2张点击 next → 第3张 | 切换到第3张 | 🐛 **完全无反应，卡在第2张** |
| 从第3张点击 previous → 第2张 | 切换到第2张 | 🐛 **完全无反应，卡在第3张** |
| 从第4张点击 previous → 第3张 | 切换到第3张 | 🐛 **完全无反应，卡在第4张** |
| 从第2张点击 previous → 第1张 | 切换到第1张 | 🐛 **完全无反应，卡在第2张** |

**规律**：next 和 previous 箭头按钮只有在第1张时有效（next 可以从第1张→第2张），一旦通过任何方式（箭头或 dots）到达第2张或更后面的幻灯片，**两个箭头按钮都完全失去功能**，点击无任何响应。

**可正常工作的功能**：底部点（dots）导航正常，可以通过点击 dots 直接跳转到任意幻灯片。

**结论**：这是一个**严重的功能性 Bug**——Fade 轮播的箭头导航（next/previous）在 `infinite=false` 和 `fade=true` 组合下，从第2张起完全失效，导致用户无法通过箭头依次浏览所有幻灯片。
Evaluating task result...

==================================================
Task: 当前Chrome浏览器已打开react-slick轮播组件demo页面，地址是http://localhost:8080。请找到页面中的Fade轮播示例（标题为Fade）。这个Fade轮播设置了fade=true且infinite=false。请测试：1）点击next按钮（右箭头），依次浏览所有幻灯片直到最后一张；2）然后点击previous按钮（左箭头），依次返回到第一张。观察每次点击是否能正常切换幻灯片，是否有点击无反应或卡住的情况。请始终在浏览器内操作，禁止打开 Terminal、Finder 或其他应用程序。
Status: COMPLETED
Total steps: 26
Last action: DONE
Last reasoning: 🐛 **最终确认！** previous 按钮从第2张也完全失效了。幻灯片仍然卡在第2张（枫叶图），底部第2个点仍然被激活，没有任何响应。

---

## 📋 测试报告总结

### Fade 轮播组件（`fade=true, infinite=false`）测试结果

**测试环境**：http://localhost:8080，React Slick 轮播 Demo 页面

**幻灯片结构**：共 4 张
- 第1张：沙漠/山峰图片
- 第2张：红色枫叶图片  
- 第3张：黑色蝙蝠图片
- 第4张：蓝色天鹅图片

---

### 🐛 发现的关键 Bug

**Bug 描述**：**Next（下一张）和 Previous（上一张）箭头按钮在 Fade 轮播中从第2张起完全失效**

**具体表现**：

| 操作 | 期望行为 | 实际行为 |
|------|---------|---------|
| 从第1张点击 next → 第2张 | ✅ 切换到第2张 | ✅ **正常切换成功** |
| 从第2张点击 next → 第3张 | 切换到第3张 | 🐛 **完全无反应，卡在第2张** |
| 从第3张点击 previous → 第2张 | 切换到第2张 | 🐛 **完全无反应，卡在第3张** |
| 从第4张点击 previous → 第3张 | 切换到第3张 | 🐛 **完全无反应，卡在第4张** |
| 从第2张点击 previous → 第1张 | 切换到第1张 | 🐛 **完全无反应，卡在第2张** |

**规律**：next 和 previous 箭头按钮只有在第1张时有效（next 可以从第1张→第2张），一旦通过任何方式（箭头或 dots）到达第2张或更后面的幻灯片，**两个箭头按钮都完全失去功能**，点击无任何响应。

**可正常工作的功能**：底部点（dots）导航正常，可以通过点击 dots 直接跳转到任意幻灯片。

**结论**：这是一个**严重的功能性 Bug**——Fade 轮播的箭头导航（next/previous）在 `infinite=false` 和 `fade=true` 组合下，从第2张起完全失效，导致用户无法通过箭头依次浏览所有幻灯片。

==================================================

UI window closed
