Session created: sess-20260427214231-b8590848a74f43b3b18f34befba2f7b7
UI panel initialized successfully
UI window displayed
Expected result: 第三方CSS库中定义的全局样式类名能够正常生效，页面元素正确显示第三方库的样式效果（如布局、颜色、字体等），不会因CSS Modules处理而导致类名被哈希化或样式丢失。
[step 0] Action: Initializing
[step 0] Reasoning: Initializing session connection
[step 0] Action: screenshot
[step 1] Action: Minimize panel
[step 1] Reasoning: 页面内容区域是空白的，但标签页显示"React.js Boilerplate"。让我先最小化任务面板，然后刷新页面查看实际内容。
[step 2] Action: Open url: http://localhost:3000
[step 2] Reasoning: 页面是完全空白的。让我导航到 localhost:3000 并刷新页面，查看内容是否能加载。
[step 3] Action: left_click (291, 33)
[step 3] Reasoning: 新标签页已打开但内容仍然是空白的。页面标题显示"React.js Boilerplate"，说明服务器是运行的，但是内容区域全白。让我切换到原来的标签页（第二个标签页），并等待内容加载。
[step 4] Action: key: ctrl+shift+r
[step 4] Reasoning: 两个标签页都显示空白页面，但标题是"React.js Boilerplate"。这说明React应用正在运行，但页面内容是空白的。让我强制刷新页面，看是否能加载内容。
[step 5] Action: wait
[step 5] Reasoning: 页面仍然是空白。让我等待几秒钟后再次查看，可能是应用正在加载中。
[step 6] Action: left_click (640, 62)
[step 6] Reasoning: 页面持续空白。这非常不正常。页面标题是"React.js Boilerplate"说明HTML已经加载，但内容区域是空的。这可能是React应用渲染问题。让我通过查看页面源代码来了解HTML结构，以及通过Chrome的"查看页面源代码"来了解问题所在。让我使用Chrome的View Source功能。
[step 7] Action: type: view-source:http:...
[step 7] Reasoning: 我点击了地址栏，现在可以输入查看源代码的URL。让我输入 `view-source:http://localhost:3000` 来查看页面的HTML源代码。
[step 8] Action: screenshot
[step 9] Action: left_click (608, 89)
[step 9] Reasoning: 我看到下拉建议已出现，地址栏里显示"view-source:http://localhost:3000"。它已经按了回车键（从之前的输入中）。现在让我点击第一个建议来查看源代码。
[step 10] Action: left_click (449, 33)
[step 10] Reasoning: 现在我可以看到页面的HTML源代码。这是一个标准的React SPA（单页应用）结构。我注意到：

1. `<body>` 中有一个空的 `<div id="app"></div>` - 这是React的挂载点
2. 有两个script标签：`/common.js` 和 `/main.js`
3. Google字体链接 (Open Sans)
4. 页面标题是 "React.js Boilerplate"

HTML结构是正常的，但页面显示空白，可能是JavaScript出错导致React没有正确渲染。让我现在切换到React.js Boilerplate标签，并使用Chrome的审查工具（通过URL）来检查网络请求和错误。让我先导航到实际应用页面，并查看是否有任何加载问题。

让我回到主应用页面，然后通过右键菜单检查 "检查" (Inspect) 以了解更多情况。但任务要求我只在浏览器内操作，禁止打开DevTools... 不，实际上任务说"禁止打开 Terminal、Finder 或其他应用程序"，没有说禁止DevTools。但BROWSER RULES说不能打开DevTools除非明确需要。

让我先通过导航到不同的子路径来了解更多信息。让我访问 `/providers/google` 或 `/demo/` 路径，这些在历史记录中可以看到。
[step 11] Action: left_click (640, 400)
[step 11] Reasoning: 我切换到了React.js Boilerplate标签页，但内容仍然是空白的。我注意到这个应用已知问题：页面是空白的，这可能是一个严重的视觉/功能异常。

让我检查是否有内容但只是颜色是白色导致看不见（比如白色文字在白色背景上）。让我尝试按 Ctrl+A 全选页面来查看是否有隐藏内容。
[step 12] Action: Open url: http://localhost:3000/main.js
[step 12] Reasoning: 页面确实是完全空白的。从源代码来看，HTML结构是正确的，有 `<div id="app"></div>` 作为React的挂载点，以及 `/common.js` 和 `/main.js` 脚本。然而，React没有渲染任何内容到这个 div 中。

这是一个严重的视觉和功能问题。为了更好地诊断问题，我需要检查网络请求和JavaScript错误。由于任务的性质是测试应用，我需要使用Chrome DevTools来查看CSS样式。这是测试任务，明确要求检查CSS Modules和sanitize.css的样式，需要通过DevTools检查样式。

让我访问主应用页面的CSS文件，首先查看 `/main.js` 文件中的内容是否存在CSS样式。让我先访问 main.css 或者通过查看加载的样式来了解sanitize.css的处理情况。

让我通过访问查看main.js来了解应用。
[step 13] Action: Open url: http://localhost:3000/main.css
[step 13] Reasoning: main.js 文件存在，是webpack打包的文件。我看到这是webpack开发服务器（WDS）的代码。这个文件主要是webpack开发服务器的热重载代码。让我查看主应用的CSS/样式是如何加载的。

现在让我返回到主应用页面（React.js Boilerplate）并尝试查看加载的CSS。让我访问 `/main.css` 看是否有单独的CSS文件。
[step 14] Action: left_click (449, 33)
[step 14] Reasoning: `/main.css` 不存在（返回 "Cannot GET /main.css"）。这说明CSS是被webpack打包到JS文件中的（内联CSS），或者CSS是通过 `style-loader` 动态注入到页面的。这在开发模式下是常见的做法。

现在让我导航到 React.js Boilerplate 页面，并通过 Chrome DevTools 检查页面的实际DOM状态和CSS。由于任务明确要求检查CSS Modules和sanitize.css是否正确工作，这需要开发者工具来诊断。

让我先切换到主应用标签页，然后使用Ctrl+Shift+I（在Mac上是Cmd+Opt+I）打开DevTools。这个测试任务需要DevTools来验证CSS。
[step 15] Action: key: F12
[step 15] Reasoning: 我现在在React.js Boilerplate标签页（localhost:3000）。页面内容依然空白。这是一个严重异常。

现在我需要使用Chrome DevTools来检查DOM结构和CSS。根据测试任务的性质，需要用DevTools来检查样式是否正常工作。让我按 F12 或 Cmd+Option+I 打开DevTools。
[step 16] Action: left_click (93, 485)
[step 16] Reasoning: 现在我可以看到 DevTools 已经打开，Console 标签显示了**严重的错误信息**！

我看到了关键错误：

```
Module not found: Error: Cannot resolve 'file' or 'directory' ../node_modules/sanitize.css/dist/sanitize.min.css in /Users/worker02/.openclaw/workspace/react-boilerplate-126/app
resolve file
  /Users/worker02/.openclaw/workspace/react-boilerplate-126/node_modules/sanitize.css/dist/sanitize.min.css doesn't exist
  /Users/worker02/.openclaw/workspace/react-boilerplate-126/node_modules/sanitize.css/dist/sanitize.min.css.js doesn't exist
  /Users/worker02/.openclaw/workspace/react-boilerplate-126/node_modules/sanitize.css/dist/sanitize.min.css.react.js doesn't exist
  /Users/worker02/.openclaw/workspace/react-boilerplate-126/node_modules/sanitize.css/dist/sanitize.min.css.jsx doesn't exist
  /Users/worker02/.openclaw/workspace/react-boilerplate-126/node_modules/sanitize.css/dist/sanitize.min.css.jsx doesn't exist
```

这是一个**严重的bug**！`sanitize.css/dist/sanitize.min.css` 文件找不到。让我进一步查看这些错误的详情。

让我展开错误信息查看完整的错误堆栈，并查看是否有其他相关信息。
[step 17] Action: scroll down (640, 540) scroll_amount 3
[step 17] Reasoning: 我看到控制台中有清晰的错误信息。让我仔细阅读。主要错误是：

**Module not found: Error: Cannot resolve 'file' or 'directory' `../node_modules/sanitize.css/dist/sanitize.min.css`**

这意味着代码尝试导入 `sanitize.css/dist/sanitize.min.css` 但这个路径在 `node_modules/sanitize.css/dist/` 目录下不存在。

让我滚动查看更多错误信息并点击展开错误的详情部分：
[step 18] Action: left_click (65, 417)
[step 18] Reasoning: 我能看到完整的错误信息。让我切换到 Elements 标签来查看DOM结构，以了解页面渲染情况：
[step 19] Action: left_click (65, 417)
[step 19] Reasoning: 现在我可以看到 Elements 标签的内容！这非常有价值。我注意到：

1. **DOM结构**: `<body>` 包含 `<div id="app"></div>` - 这个div是**空的**，React没有渲染任何内容！
2. **CSS样式**: 右侧 Styles 面板显示 `body { font-family: Helvetica Neue, Helvetica, Arial, sans-serif; }` - 这来自 `styles.css:9`
3. **错误**: Console 下方仍然显示关于 sanitize.css 的错误
4. **网站在移动视图模式下** (iPhone 12 Pro尺寸)

关键发现：
- `<div id="app"></div>` 是空的，这意味着 React 应用程序没有成功渲染
- 这是因为 webpack 编译失败（`sanitize.css/dist/sanitize.min.css` 模块找不到）
- 右侧 Styles 面板显示只有 `body { font-family: ... }` 样式，**没有 sanitize.css 的全局样式**

让我检查 Styles 面板中的 `styles.css:9` 是什么：

从右侧样式面板可以看到：
- `element.style {}` (内联样式)
- `body { font-family: Helvetica Neue, Helvetica, Arial, sans-serif; }` 来自 `styles.css:9`

这说明只有一个基本的字体样式在生效，而 `sanitize.css` 的全局重置样式（如 `box-sizing: border-box`、`margin: 0`、`padding: 0` 等）都没有生效。

让我展开 Elements 标签，看 HTML 的结构：
[step 20] Action: left_click (1253, 492)
[step 20] Reasoning: 现在我可以清楚地看到 Elements 标签中的 DOM 结构：

- `<body>` 
  - `<!-- The app hooks into this div -->`
  - `<div id="app"></div>` ← **这个 div 是空的！React 未渲染任何内容**
  - `<!-- Open Sans Font -->`
  - `<link href="https://fonts.googleapis.com/css?family=Open+Sans:400,700" rel="stylesheet">`
  - 注释: "A lot of magic happens in this file..."
  - `<script type="text/javascript" src="/common.js"></script>`

右侧 Styles 面板显示：
- `element.style {}` (空)
- `body { font-family: Helvetica Neue, Helvetica, Arial, sans-serif; }` ← 这来自 `styles.css:9`

这很关键！`styles.css` 中的样式是来自哪里的？它是通过 CSS Modules 处理的吗？让我点击右侧 `styles.css:9` 链接查看：
[step 21] Action: scroll up (640, 480) scroll_amount 3
[step 21] Reasoning: 现在我可以看到 Sources 标签，并且 `styles.css` 文件的内容是可见的！这非常重要。

从 Sources 标签我可以看到：

1. **styles.css 文件内容**（显示从第9行开始）：
   ```css
   body {
     font-family: Helvetica Neue, Helvetica, Arial, sans-serif;
   }
   
   body.fontLoaded {
     font-family: 'Open Sans', Helvetica Neue, Helvetica, Arial, sans-serif;
   }
   ```

2. **左侧文件树** 中有多个 `styles.css` 文件，以及 `sagas` 和 `selectors` 文件夹

这个 `styles.css` 是项目自己的全局样式文件，包含基本的字体设置。这是从 `app/styles.css` 或类似路径加载的。

现在我注意到几个关键点：
- 左侧有三个 `styles.css` 文件
- 这些样式来自一个 hash 为 `4d1fb81c-bc10-496c-b2fb-e7247ccb8a0c` 的来源

让我向上滚动查看更多 styles.css 的内容：
[step 22] Action: left_click (204, 417)
[step 22] Reasoning: 现在我可以看到 `styles.css` 的全部内容（从第1行开始）：

```css
/* Global styles */

html,
body {
  height: 100%;
  width: 100%;
```

这是应用的全局样式文件。让我查看完整的内容。文件内容包含：
- `/* Global styles */`
- `html, body { height: 100%; width: 100%; }`
- 从第9行: `body { font-family: Helvetica Neue, ... }`
- 第13行: `body.fontLoaded { font-family: 'Open Sans', ... }`

这个是项目的 `app/styles.css`，**不是** sanitize.css。

重要的观察：
1. **页面完全空白** - React 未渲染任何内容
2. **sanitize.css 加载失败** - 控制台显示 "Module not found: Cannot resolve '../node_modules/sanitize.css/dist/sanitize.min.css'"
3. **只有项目自己的 styles.css 中的基本样式在生效** - 没有 sanitize.css 的全局重置样式
4. **由于 webpack 编译错误，应用无法正常运行**

让我进一步检查，通过查看 Network 标签来看所有加载的 CSS 资源：
[step 23] Action: left_click (578, 453)
[step 23] Reasoning: 我在 Network 标签中已经选择了 "CSS" 过滤器。我可以看到网络请求面板是空的（没有任何 CSS 请求记录），这意味着页面没有单独加载 CSS 文件 - CSS 是被 webpack 内联到 JS 中的（通过 style-loader），或者 JS 加载失败导致没有 CSS 注入。

让我切换到 "All" 过滤器来查看所有网络请求：
[step 24] Action: key: F5
[step 24] Reasoning: Network 标签显示完全空白，没有任何请求记录！这是因为 DevTools 是刚打开的，已经错过了初始页面加载的请求。让我刷新页面来重新记录所有网络请求：
[step 25] Action: wait
[step 25] Reasoning: 刷新后网络面板仍然空白。这很奇怪。让我等待片刻再截图：
[step 26] Action: left_click (365, 417)
[step 26] Reasoning: Network 标签依然空白。这是一个关键问题 - 网络请求没有被记录。这可能是因为页面已经加载完了，或者 DevTools 是在移动端模拟器模式下（iPhone 12 Pro），可能影响了记录。

让我通过 Application 标签查看加载的样式和资源：
[step 27] Action: left_click (65, 417)
[step 27] Reasoning: Application 标签展示了 Manifest、Service workers 和 Storage（Local storage）。这些是标准的 PWA 资源。

现在我已经收集了足够的信息。让我回到 Elements 标签来详细检查页面的 DOM 和 CSS 样式。特别是要查看是否有 `<style>` 标签被注入了（这是 style-loader 工作时的方式）：
[step 28] Action: left_click (15, 454)
[step 28] Reasoning: 非常好！现在我在 Elements 标签中可以清楚地看到整个 DOM 结构：

**DOM 结构：**
```html
<!DOCTYPE html>
<html lang="en">
  <head> ... </head>
  <body> == $0
    <!-- The app hooks into this div -->
    <div id="app"></div>  ← 空的！React 未渲染
    <!-- Open Sans Font -->
    <link href="https://fonts.googleapis.com/css?family=Open+Sans:400,700" rel="stylesheet">
```

**右侧 Styles 面板显示：**
- `element.style { }` (空)
- `body { font-family: Helvetica Neue, Helvetica, Arial, sans-serif; }` ← 来自 `styles.css:9`

**关键发现：**
1. `<div id="app"></div>` 是空的 - React 没有渲染任何内容
2. 右侧样式只显示来自 `styles.css` 的一个 font-family 样式
3. **没有 sanitize.css 的样式** - 没有任何 CSS 重置样式（如 `box-sizing: border-box`、`margin: 0` 等）
4. 在 `<body>` 中没有 `<style>` 标签被注入（这意味着 style-loader 没有工作，或者只部分工作了）

现在让我展开 `<head>` 来查看是否有 `<style>` 标签或其他 CSS 相关内容：
[step 29] Action: scroll down (530, 480) scroll_amount 3
[step 29] Reasoning: 现在我展开了 `<head>` 元素，可以看到：

**`<head>` 内容：**
```html
<head> == $0
  <!-- The first thing in any HTML file should be the charset -->
  <meta charset="utf-8">
  <!-- Make the page mobile compatible -->
  <meta name="viewport" content="width=device-width, initial-scale=1">
  <!-- Allow installing the app to the homescreen -->
  ...
```

**右侧 Styles 面板（`head` 元素）：**
- `element.style { }` (空)
- `head { display: none; }` ← **user agent stylesheet** (浏览器默认样式！)

**这是一个关键发现！** `head` 元素的 `display: none` 样式只来自 user agent stylesheet（浏览器默认样式），而没有 sanitize.css 的重置样式。

更重要的是，在 `<head>` 中我没有看到任何 `<style>` 标签被注入！这意味着 **CSS 没有被通过 style-loader 注入到页面中**。

让我向下滚动查看更多 `<head>` 内容，特别是是否有 `<style>` 标签：
[step 30] Action: left_click (300, 449)
[step 30] Reasoning: 非常重要的发现！现在我可以看到更多内容：

**`<head>` 内容（更多）：**
```html
<meta name="mobile-web-app-capable" content="yes">
<title>React.js Boilerplate</title>
<link rel="stylesheet" href="blob:http://localhost:3000/4d1fb81c-bc10-496c-b2fb-e7247ccb8a0c">
</head>
<body>
  <!-- The app hooks into this div -->
  <div id="app"></div>
  <!-- Open Sans Font -->
```

**关键发现：** 在 `<head>` 中有一个 `<link rel="stylesheet" href="blob:http://localhost:3000/4d1fb81c-bc10-496c-b2fb-e7247ccb8a0c">` 标签！

这是一个 **blob URL** 的 CSS 样式表链接！这意味着 CSS 是通过 JavaScript 动态创建的一个 blob 对象（来自 style-loader 的工作方式），然后作为一个 stylesheet 链接注入到 `<head>` 中。

这个 blob URL 就是我之前在 Sources 标签中看到的 `styles.css` 文件（包含 `/* Global styles */` 的那个文件）。

让我点击这个 blob stylesheet 链接来查看其内容，以便确认这是项目的 `app/styles.css` 文件：
[step 31] Action: left_click (159, 417)
[step 31] Reasoning: 我选中了 `<link>` 元素，右侧显示了这个 link 元素的样式：

```
link {
  display: none;
}
← user agent stylesheet
```

这只是浏览器默认的 `display: none` 样式，这是正确的（link 元素默认不显示）。

现在让我查看这个 blob CSS 文件的实际内容，看看是否包含 sanitize.css 的样式。我需要在 Sources 标签中找到这个 blob URL。让我前往 Sources 标签，然后查找这个 blob URL：
[step 32] Action: left_click (85, 456)
[step 32] Reasoning: 我在 Sources 标签中，看到了之前打开的 `styles.css` 文件。这个文件内容是：
```css
/* Global styles */

html,
body {
  height: 100%;
  width: 100%;
```

底部状态栏显示 `(From 4d1fb81c-bc10-496c-b2fb-e7247ccb8a0c)` - 这就是 blob URL 的哈希部分，证实了这是注入的 CSS 文件。

现在让我查看其他 `styles.css` 文件（左侧文件树中有 3 个 styles.css 文件）。让我点击第一个（最顶部的）：
[step 33] Action: left_click (40, 537)
[step 33] Reasoning: 这非常有价值！我点击了第一个 `styles.css` 文件，现在看到的是一个 **JavaScript 文件**（不是纯 CSS），显示：

```javascript
// module
exports.push([module.id, "/* Global styles */\n\nhtml,\nbody {\n  height: 100%;\n  width: 100%;\n}\n\nbody {\n  font-family: Helvetica Neue, Helvetica, Arial, sans-serif;\n\n}\n\nbody._G0j8P69Xljrf9Mvl4eE {\n  font-family: 'Open Sans', ..."
// exports
```

**这是关键证据！** 这个文件来自 `(From main.js)`，是 webpack 打包后的 JavaScript 版本的 CSS 文件。

**最重要的发现是：** `body.fontLoaded { ... }` 已经变成了 `body._G0j8P69Xljrf9Mvl4eE { ... }` ！

这就是 CSS Modules 的哈希化效果！类名 `.fontLoaded` 被哈希化成了 `._G0j8P69Xljrf9Mvl4eE`。

这说明 **`app/styles.css` 这个全局样式文件被 CSS Modules 处理了！** 这意味着其中的类名（如 `.fontLoaded`）会被哈希化，导致 JavaScript 代码中使用 `styles.fontLoaded` 的地方无法找到正确的哈希后的类名（或反过来，哈希后的类名无法与 DOM 中的实际类名匹配）。

现在让我检查 Console 中的详细错误信息：
[step 34] Action: left_click (114, 417)
[step 34] Reasoning: 控制台没有变化。让我直接点击 Console 标签：
[step 35] Action: scroll up (640, 540) scroll_amount 3
[step 35] Reasoning: 现在我可以完整地看到 Console 标签的内容！这里有非常重要的错误信息：

**Console 显示的错误（完整）：**

1. **❌ `./app/app.js`** - `client:75`
   ```
   Module not found: Error: Cannot resolve 'file' or 'directory' ../node_modules/sanitize.css/dist/sanitize.min.css in /Users/worker02/.openclaw/workspace/react-boilerplate-126/app
   resolve file
     /Users/worker02/.openclaw/workspace/react-boilerplate-126/node_modules/sanitize.css/dist/sanitize.min.css doesn't exist
     /Users/worker02/.openclaw/workspace/react-boilerplate-126/node_modules/sanitize.css/dist/sanitize.min.css.js doesn't exist
     /Users/worker02/.openclaw/workspace/react-boilerplate-126/node_modules/sanitize.css/dist/sanitize.min.css.react.js doesn't exist
     /Users/worker02/.openclaw/workspace/react-boilerplate-126/node_modules/sanitize.css/dist/sanitize.min.css.jsx doesn't exist
     /Users/worker02/.openclaw/workspace/react-boilerplate-126/node_modules/sanitize.css/dist/sanitize.min.css.jsx doesn't exist
   resolve directory
     /Users/worker02/.openclaw/workspace/react-boilerplate-126/node_modules/sanitize.css/dist/sanitize.min.css doesn't exist (directory default file)
     /Users/worker02/.openclaw/workspace/react-boilerplate-126/node_modules/sanitize.css/dist/package.json doesn't exist (directory description file)
     [/Users/worker02/.openclaw/workspace/react-boilerplate-126/node_modules/sanitize.css/dist/sanitize.min.css]
     [/Users/worker02/.openclaw/workspace/react-boilerplate-126/node_modules/sanitize.css/dist/sanitize.min.css.js]
     [/Users/worker02/.openclaw/workspace/react-boilerplate-126/node_modules/sanitize.css/dist/sanitize.min.css.react.js]
     [/Users/worker02/.openclaw/workspace/react-boilerplate-126/node_modules/sanitize.css/dist/sanitize.min.css.jsx]
     @ ./app/app.js 43:0-61
   ```

2. **❌ Failed to load resource**: the server responded with a status of 404 (Not Found) - `:3000/favicon.png:1`

**这是应用程序中的一个严重 bug！**

**根本原因分析：**

代码（`app/app.js` 第43行）尝试导入 `sanitize.css/dist/sanitize.min.css`，但这个文件不存在。这说明 sanitize.css 的安装版本**没有 `dist/` 目录**或**没有 `sanitize.min.css` 文件**。

较新版本的 sanitize.css（v10+）把主文件直接放在包的根目录（`sanitize.css/sanitize.css`），而不是 `dist/` 目录下。代码中引用了一个错误的路径。

**影响：**
- Webpack 编译失败（模块找不到）
- React 应用无法渲染（`<div id="app"></div>` 为空）
- sanitize.css 的全局 CSS 重置样式完全丢失
- 页面显示默认浏览器样式
- 页面完全空白，无任何内容

让我向上滚动查看是否有更多错误：
[step 36] Action: DONE
[step 36] Reasoning: 现在我可以看到完整的错误信息！让我截图仔细阅读：

**Console 中显示的完整错误：**

1. **Uncaught Error: Cannot find module "../node_modules/sanitize.css/dist/sanitize.min.css"** - `app.js:41`
   - at webpackMissingModule (`app.js:41:1`)
   - at Object.<anonymous> (`app.js:41:1`)
   - at `__webpack_require__` (`bootstrap_b025e6f.:587:1`)
   - at Object.<anonymous> (`main.js:7:19`)
   - at `__webpack_require__` (`bootstrap_b025e6f.:587:1`)
   - at fn (`bootstrap_b025e6f.:111:1`)
   - at Object.<anonymous> (`main.js:7:19`)
   - at `__webpack_require__` (`bootstrap_b025e6f.:587:1`)
   - at webpackJsonpCallback (`bootstrap_b025e6f.:23:1`)
   - at `main.js:1:1`

2. **❌ Failed to load resource**: the server responded with a status of 404 (Not Found) - `:3000/favicon.png:1`

3. **❌ `./app/app.js`** (Module not found error, details as before)

**这个错误的关键点：**

错误发生在 `app.js:41` 行，是一个 `Uncaught Error`，webpack 无法找到 `../node_modules/sanitize.css/dist/sanitize.min.css` 模块。这导致了整个 React 应用崩溃，无法渲染。

**错误的堆栈跟踪** 显示错误链：`main.js → webpack_require → app.js:41 → webpackMissingModule`

现在我已经收集了足够的信息来做出完整的分析报告。

---

## 📊 完整的页面样式观察报告

以下是对 React Boilerplate 应用（http://localhost:3000）的完整样式检查报告：

---

### 🚨 严重 Bug：页面完全空白

**现象：**
- 页面内容区域完全空白，React 应用无法渲染
- `<div id="app"></div>` 是空的，没有任何子元素

---

### 🔴 Bug 1：sanitize.css 模块路径错误（致命错误）

**错误信息：**
```
Uncaught Error: Cannot find module "../node_modules/sanitize.css/dist/sanitize.min.css"
at webpackMissingModule (app.js:41)
```

**详细说明：**
- **位置**：`app/app.js` 第 41 行
- **原因**：代码中引用的路径 `sanitize.css/dist/sanitize.min.css` 不存在
- **实际情况**：安装的 sanitize.css 版本没有 `dist/` 目录，或文件名不是 `sanitize.min.css`
- **Webpack 尝试解析的路径（均不存在）**：
  - `.../node_modules/sanitize.css/dist/sanitize.min.css`
  - `.../node_modules/sanitize.css/dist/sanitize.min.css.js`
  - `.../node_modules/sanitize.css/dist/sanitize.min.css.react.js`
  - `.../node_modules/sanitize.css/dist/sanitize.min.css.jsx`

**影响：**
- Webpack 编译失败，整个 JavaScript bundle 无法正常执行
- React 应用完全崩溃，页面显示空白
- **sanitize.css 的全局样式（CSS 重置）完全未生效**

---

### 🟡 Bug 2：sanitize.css 全局样式未生效

**现象：**
- 页面上没有任何 sanitize.css 的样式规则
- 只有 `app/styles.css` 中的一条基本样式在生效：`body { font-family: Helvetica Neue, Helvetica, Arial, sans-serif; }`
- **缺失的 sanitize.css 样式包括**：
  - `box-sizing: border-box`（盒模型重置）
  - `margin: 0`（外边距重置）
  - `padding: 0`（内边距重置）
  - 各种 HTML 元素的默认浏览器样式重置

---

### 🟡 Bug 3：CSS Modules 处理了全局样式（潜在问题）

**现象：**
- Sources 标签中查看 `styles.css` 的 JS 版本，发现 CSS 中的类名被哈希化：
  - `body.fontLoaded` → `body._G0j8P69Xljrf9Mvl4eE`
- 这说明 `app/styles.css` 被 CSS Modules 处理了
- 这意味着如果有任何 JavaScript 代码使用 `styles['fontLoaded']` 引用这个类名，在运行时需要使用哈希化的类名才能正确匹配

**注意**：这个文件（`app/styles.css`）本身包含的类名（`.fontLoaded`）被 CSS Modules 处理后会哈希化，但由于 JavaScript 代码是通过 CSS Modules 导出对象访问这些类名的（`import styles from './styles.css'`），所以这个机制应该是正常工作的。

---

### 🔴 Bug 4：favicon.png 404 错误

**错误信息：**
```
Failed to load resource: the server responded with a status of 404 (Not Found) :3000/favicon.png
```
- 网站图标文件 `favicon.png` 不存在

---

### 📋 总结

| 问题 | 严重程度 | 状态 |
|------|---------|------|
| sanitize.css 路径错误（`dist/sanitize.min.css` 不存在） | 🔴 致命 | ❌ Bug |
| 页面完全空白（React 未渲染） | 🔴 致命 | ❌ Bug |
| sanitize.css 全局 CSS 重置未生效 | 🔴 严重 | ❌ Bug |
| favicon.png 404 | 🟡 轻微 | ❌ Bug |

**根本原因**：`app/app.js` 中引用了错误的 sanitize.css 文件路径（`sanitize.css/dist/sanitize.min.css`），导致 webpack 编译失败，整个应用崩溃。正确的路径应该是 `sanitize.css/sanitize.css`（或其他该版本实际存在的路径）。
Evaluating task result...

==================================================
Task: 当前Chrome浏览器已打开React Boilerplate应用，地址是http://localhost:3000。这个应用使用CSS Modules处理CSS。请观察页面样式是否正常：检查页面布局、字体、间距、颜色等是否有明显异常。特别注意第三方CSS库sanitize.css的全局样式是否生效——如果sanitize.css被CSS Modules处理，全局样式类名会被哈希化导致样式丢失，页面可能出现样式异常（如默认浏览器样式残留、布局错乱等）。请始终在浏览器内操作，禁止打开 Terminal、Finder 或其他应用程序。
Status: COMPLETED
Total steps: 36
Last action: DONE
Last reasoning: 现在我可以看到完整的错误信息！让我截图仔细阅读：

**Console 中显示的完整错误：**

1. **Uncaught Error: Cannot find module "../node_modules/sanitize.css/dist/sanitize.min.css"** - `app.js:41`
   - at webpackMissingModule (`app.js:41:1`)
   - at Object.<anonymous> (`app.js:41:1`)
   - at `__webpack_require__` (`bootstrap_b025e6f.:587:1`)
   - at Object.<anonymous> (`main.js:7:19`)
   - at `__webpack_require__` (`bootstrap_b025e6f.:587:1`)
   - at fn (`bootstrap_b025e6f.:111:1`)
   - at Object.<anonymous> (`main.js:7:19`)
   - at `__webpack_require__` (`bootstrap_b025e6f.:587:1`)
   - at webpackJsonpCallback (`bootstrap_b025e6f.:23:1`)
   - at `main.js:1:1`

2. **❌ Failed to load resource**: the server responded with a status of 404 (Not Found) - `:3000/favicon.png:1`

3. **❌ `./app/app.js`** (Module not found error, details as before)

**这个错误的关键点：**

错误发生在 `app.js:41` 行，是一个 `Uncaught Error`，webpack 无法找到 `../node_modules/sanitize.css/dist/sanitize.min.css` 模块。这导致了整个 React 应用崩溃，无法渲染。

**错误的堆栈跟踪** 显示错误链：`main.js → webpack_require → app.js:41 → webpackMissingModule`

现在我已经收集了足够的信息来做出完整的分析报告。

---

## 📊 完整的页面样式观察报告

以下是对 React Boilerplate 应用（http://localhost:3000）的完整样式检查报告：

---

### 🚨 严重 Bug：页面完全空白

**现象：**
- 页面内容区域完全空白，React 应用无法渲染
- `<div id="app"></div>` 是空的，没有任何子元素

---

### 🔴 Bug 1：sanitize.css 模块路径错误（致命错误）

**错误信息：**
```
Uncaught Error: Cannot find module "../node_modules/sanitize.css/dist/sanitize.min.css"
at webpackMissingModule (app.js:41)
```

**详细说明：**
- **位置**：`app/app.js` 第 41 行
- **原因**：代码中引用的路径 `sanitize.css/dist/sanitize.min.css` 不存在
- **实际情况**：安装的 sanitize.css 版本没有 `dist/` 目录，或文件名不是 `sanitize.min.css`
- **Webpack 尝试解析的路径（均不存在）**：
  - `.../node_modules/sanitize.css/dist/sanitize.min.css`
  - `.../node_modules/sanitize.css/dist/sanitize.min.css.js`
  - `.../node_modules/sanitize.css/dist/sanitize.min.css.react.js`
  - `.../node_modules/sanitize.css/dist/sanitize.min.css.jsx`

**影响：**
- Webpack 编译失败，整个 JavaScript bundle 无法正常执行
- React 应用完全崩溃，页面显示空白
- **sanitize.css 的全局样式（CSS 重置）完全未生效**

---

### 🟡 Bug 2：sanitize.css 全局样式未生效

**现象：**
- 页面上没有任何 sanitize.css 的样式规则
- 只有 `app/styles.css` 中的一条基本样式在生效：`body { font-family: Helvetica Neue, Helvetica, Arial, sans-serif; }`
- **缺失的 sanitize.css 样式包括**：
  - `box-sizing: border-box`（盒模型重置）
  - `margin: 0`（外边距重置）
  - `padding: 0`（内边距重置）
  - 各种 HTML 元素的默认浏览器样式重置

---

### 🟡 Bug 3：CSS Modules 处理了全局样式（潜在问题）

**现象：**
- Sources 标签中查看 `styles.css` 的 JS 版本，发现 CSS 中的类名被哈希化：
  - `body.fontLoaded` → `body._G0j8P69Xljrf9Mvl4eE`
- 这说明 `app/styles.css` 被 CSS Modules 处理了
- 这意味着如果有任何 JavaScript 代码使用 `styles['fontLoaded']` 引用这个类名，在运行时需要使用哈希化的类名才能正确匹配

**注意**：这个文件（`app/styles.css`）本身包含的类名（`.fontLoaded`）被 CSS Modules 处理后会哈希化，但由于 JavaScript 代码是通过 CSS Modules 导出对象访问这些类名的（`import styles from './styles.css'`），所以这个机制应该是正常工作的。

---

### 🔴 Bug 4：favicon.png 404 错误

**错误信息：**
```
Failed to load resource: the server responded with a status of 404 (Not Found) :3000/favicon.png
```
- 网站图标文件 `favicon.png` 不存在

---

### 📋 总结

| 问题 | 严重程度 | 状态 |
|------|---------|------|
| sanitize.css 路径错误（`dist/sanitize.min.css` 不存在） | 🔴 致命 | ❌ Bug |
| 页面完全空白（React 未渲染） | 🔴 致命 | ❌ Bug |
| sanitize.css 全局 CSS 重置未生效 | 🔴 严重 | ❌ Bug |
| favicon.png 404 | 🟡 轻微 | ❌ Bug |

**根本原因**：`app/app.js` 中引用了错误的 sanitize.css 文件路径（`sanitize.css/dist/sanitize.min.css`），导致 webpack 编译失败，整个应用崩溃。正确的路径应该是 `sanitize.css/sanitize.css`（或其他该版本实际存在的路径）。

==================================================

UI window closed
