Session created: sess-20260416123949-591c42574f50466cae1f1074006497e6
UI panel initialized successfully
UI window displayed
Expected result: Popover 在反复点击开关后，每次弹出的位置应保持稳定一致，不会出现位置跳动或每次打开时位置不同的情况。
[step 0] Action: Initializing
[step 0] Reasoning: Initializing session connection
[step 0] Action: screenshot
[step 1] Action: Open url: http://localhost:3000/components/overlays/
[step 1] Reasoning: I can see the browser is showing a 404 page at localhost:3000/close. I need to navigate to the correct URL and find the Overlay/Popover/OverlayTrigger section. Let me navigate to the root and then find the overlays page.
[step 2] Action: left_click (1121, 278)
[step 2] Reasoning: I can see the Overlays page is now open. I can see in the right sidebar that there are sections for Tooltips, Popovers, and OverlayTrigger. I need to scroll down to find the Popover examples with OverlayTrigger and placement attributes. Let me scroll down to the Popovers section.
[step 3] Action: Minimize panel
[step 3] Reasoning: I can see the Popovers Examples section. I can see:
1. A "Click me to see" button that uses `OverlayTrigger` with `placement="right"` 
2. Below that, there are placement-specific tabs: "Popover on top", "Popover on right", "Popover on bottom", "Popover on left"

I can see the code shows `placement="right"`. Let me first scroll down a bit to see if there's a `placement='auto'` example, but first let me test the available button. Let me also look at the "Popover on top/right/bottom/left" tabs which have specific placement values. 

Let me first minimize the panel to have a better view, and then test the first button "Click me to see":
[step 4] Action: left_click (314, 184)
[step 4] Reasoning: Good. Now I can see the page clearly. I can see:
1. A "Click me to see" button that uses `OverlayTrigger` with `placement="right"`
2. Tabs for "Popover on top", "Popover on right", "Popover on bottom", "Popover on left"

Let me also scroll down to check if there's a `placement='auto'` example. But first, let me test the "Click me to see" button which has `placement="right"`.

Let me click the "Click me to see" button to open the Popover for the first time:
[step 5] Action: left_click (314, 184)
[step 5] Reasoning: The Popover appeared when I clicked the "Click me to see" button. I can observe:
- The Popover appeared with the title "Popover right" and content "And here's some **amazing** content. It's very engaging. right?"
- The Popover appeared to the **right** side of the button (placement="right"), but it appears to be positioned to the right and slightly above the button

Let me note the position carefully:
- **First open**: The Popover appeared to the right of the "Click me to see" button, approximately at coordinates (457, 180) for the popover box

Now let me close the Popover by clicking the button again:
[step 6] Action: left_click (314, 184)
[step 6] Reasoning: The Popover is closed. Now let me open it again (second time) to check if the position is the same:
[step 7] Action: left_click (314, 184)
[step 7] Reasoning: The Popover opened again at the same position - to the right of the "Click me to see" button, at the same location. The position appears to be consistent. Let me close it and open it a third time to confirm:
[step 8] Action: left_click (314, 184)
[step 8] Reasoning: The Popover closed. Let me open it again (third time):
[step 9] Action: left_click (314, 184)
[step 9] Reasoning: The Popover opened for the third time at the exact same position. The position is consistent - to the right of the "Click me to see" button. Let me now also check if there are more placement examples below. Let me close this and scroll down to look for a `placement='auto'` example or the "Popover on top/right/bottom/left" buttons I saw earlier:
[step 10] Action: scroll down (640, 400) scroll_amount 3
[step 10] Reasoning: Good. Now let me scroll down to see the tabbed placement example with "Popover on top", "Popover on right", "Popover on bottom", "Popover on left" buttons. I need to scroll down to see the actual buttons (not just the tabs):
[step 11] Action: scroll down (640, 400) scroll_amount 5
[step 11] Reasoning: I can see the placement example with tabs "Popover on top", "Popover on right", "Popover on bottom", "Popover on left" and the code shows `['top', 'right', 'bottom', 'left'].map(placement => (<OverlayTrigger trigger="click"`. This is a great example to test with multiple placements. However, I need to see the actual interactive buttons. Let me scroll down more to find the buttons:
[step 12] Action: scroll up (640, 400) scroll_amount 3
[step 12] Reasoning: I can see the code for the placement example. The code shows `OverlayTrigger` with `placement={placement}` and a `<Button variant="secondary">Popover on {placement}</Button>`. I can see the tabs "Popover on top", "Popover on right", "Popover on bottom", "Popover on left". The tabs appear to be showing the code, not the actual interactive demo. Let me scroll up a bit to find the actual interactive buttons:
[step 13] Action: left_click (314, 431)
[step 13] Reasoning: I can see the tabs "Popover on top", "Popover on right", "Popover on bottom", "Popover on left" - these appear to be navigation tabs. But I don't see interactive buttons yet - just a code snippet below. The tabs themselves seem to be showing code examples rather than interactive demos.

Wait - looking more carefully at the page structure, the tabs ("Popover on top", "Popover on right", etc.) seem to be the interactive buttons themselves wrapped in OverlayTrigger! Let me click on "Popover on top" to check:

Actually, looking at the code snippet, I can see the buttons in the code as `<Button variant="secondary">Popover on {placement}</Button>`. The tabs above may actually be the live demo. Let me click "Popover on top" to see if it opens a popover:
[step 14] Action: left_click (314, 431)
[step 14] Reasoning: Excellent! The "Popover on top" button triggered a Popover! The Popover appeared above the button with:
- Title: "Popover top"
- Content: "**Holy guacamole!** Check this info."

This is a great example - the Popover appeared **above** the "Popover on top" button. Now let me note the position and close it, then reopen to test stability. Let me close it by clicking the button again:
[step 15] Action: left_click (314, 431)
[step 15] Reasoning: Good, the Popover is closed. Now let me open it again (second time) to check position stability:
[step 16] Action: left_click (314, 431)
[step 16] Reasoning: The Popover appeared again at the **same position** - above the "Popover on top" button. The position is consistent. Let me close and open one more time to confirm:
[step 17] Action: left_click (314, 431)
[step 17] Reasoning: Closed. Now open for the third time:
[step 18] Action: left_click (314, 431)
[step 18] Reasoning: The Popover appeared for the third time at exactly the same position - above the "Popover on top" button. The position is very consistent:
- **First open**: Popover appeared above "Popover on top" button, titled "Popover top"
- **Second open**: Same position - above the button, titled "Popover top"
- **Third open**: Same position - above the button, titled "Popover top"

The Popover position is completely stable! Let me also test the "Popover on right" button to test with another placement. First let me close the current popover:
[step 19] Action: left_click (407, 431)
[step 19] Reasoning: Now let me test the "Popover on right" button - clicking it three times (open, close, open, close, open) to verify position stability:
[step 20] Action: left_click (407, 431)
[step 20] Reasoning: Excellent! The "Popover on right" button triggered a Popover that appeared to the **right** of the button with:
- Title: "Popover right"
- Content: "**Holy guacamole!** Check this info."

The Popover is positioned correctly to the right of the "Popover on right" button. Now let me close and reopen multiple times to check stability:
[step 21] Action: left_click (407, 431)
[step 21] Reasoning: Good, the Popover is closed. Now let me open "Popover on right" again (second time):
[step 22] Action: left_click (407, 431)
[step 22] Reasoning: The "Popover on right" appeared at the **same position** as the first time - to the right of the button, titled "Popover right". Let me close and open one more time:
[step 23] Action: scroll up (640, 400) scroll_amount 5
[step 23] Reasoning: Good, closed. Now let me also look for any `placement='auto'` example. I need to scroll up to see the first "Click me to see" button. Let me scroll up to the top of the Popovers section and also look at the original first button I tested. But first, let me also scroll down to look for more examples after this section:

Let me scroll up to see the first example with the "Click me to see" button that we found at the beginning and also verify if there's any `placement='auto'` example:
[step 24] Action: left_click (314, 184)
[step 24] Reasoning: Now I can see the full page with both examples visible:
1. The "Click me to see" button with `placement="right"` (the green button)
2. The "Popover on top", "Popover on right", "Popover on bottom", "Popover on left" buttons with `placement={placement}` (the tabs below)

I can see from the code that the first example uses `placement="right"`. The tabs use `placement={placement}` which is mapped from `['top', 'right', 'bottom', 'left']`. 

I don't see a `placement='auto'` example specifically. However, I have tested thoroughly the positioned popover examples. Let me now also click the "Click me to see" button one more time to do more thorough testing on the first example:
[step 25] Action: DONE
[step 25] Reasoning: The Popover "Popover right" appeared again at the same consistent position to the right of the "Click me to see" button. The Popover is positioned to the right with the title "Popover right" and the content "And here's some **amazing** content. It's very engaging. right?". The position is completely stable and consistent.

Based on all my testing, I can now provide a comprehensive summary:

**Test Results Summary:**

1. **Example 1**: "Click me to see" button with `OverlayTrigger` using `placement="right"`
   - Opened/closed 3+ times
   - Popover consistently appeared to the **right** of the button each time
   - Position was **stable** - no jumping or position changes

2. **Example 2**: "Popover on top" button with `OverlayTrigger` using `placement="top"` (from the mapped placement example)
   - Opened/closed 3 times
   - Popover consistently appeared **above** the button each time
   - Position was **stable** - no jumping or position changes

3. **Example 3**: "Popover on right" button with `OverlayTrigger` using `placement="right"`
   - Opened/closed 2 times
   - Popover consistently appeared to the **right** of the button each time
   - Position was **stable** - no jumping or position changes

**No `placement='auto'` example was found** on this page - only explicit placements (`top`, `right`, `bottom`, `left`).

**Conclusion**: The Popover position is **stable and consistent** across multiple open/close cycles. No position jumping or instability was observed. The OverlayTrigger + Popover combination works correctly with `placement` props.

---

**测试结论报告：**

**测试环境**: localhost:3000/components/overlays/#examples-1

**找到的相关组件**：
- 在 Popovers > Examples 区域找到了 `OverlayTrigger` 包裹 `Popover` 的示例
- 使用了明确的 placement 属性（`placement="right"`, `placement="top"`, `placement="right"`, `placement="bottom"`, `placement="left"`）
- 未找到 `placement='auto'` 的示例

**测试过程**：

**按钮1：** "Click me to see"（`placement="right"`）
- 第1次点击：Popover 出现在按钮右侧，标题 "Popover right"
- 关闭后第2次点击：Popover 出现在相同位置（右侧）
- 关闭后第3次点击：Popover 出现在相同位置（右侧）
- ✅ 位置稳定，无跳动

**按钮2：** "Popover on top"（`placement="top"`）
- 第1次点击：Popover 出现在按钮上方，标题 "Popover top"
- 关闭后第2次点击：Popover 出现在相同位置（上方）
- 关闭后第3次点击：Popover 出现在相同位置（上方）
- ✅ 位置稳定，无跳动

**按钮3：** "Popover on right"（`placement="right"`）
- 第1次点击：Popover 出现在按钮右侧，标题 "Popover right"
- 关闭后第2次点击：Popover 出现在相同位置（右侧）
- ✅ 位置稳定，无跳动

**结论**：OverlayTrigger 与 Popover 组合使用时，Popover 的弹出位置在反复开关过程中保持**稳定一致**，没有发生位置跳动或变化。功能表现正常。
Evaluating task result...

==================================================
Task: 当前Chrome浏览器已打开react-bootstrap网站，地址是http://localhost:3000。测试 OverlayTrigger 与 Popover 组合使用时的弹出位置稳定性。打开浏览器后，找到页面上与 Overlay、Popover 或 OverlayTrigger 相关的示例区域。找到一个使用 placement='auto' 或其他 placement 属性的 OverlayTrigger 包裹的 Popover 示例，点击触发按钮打开 Popover，观察其弹出位置。然后关闭该 Popover，再次点击触发按钮重新打开，观察 Popover 的弹出位置是否与第一次一致。重复多次开关操作，确认 Popover 每次弹出时的位置保持稳定一致，不会在反复开关过程中发生位置跳动或变化。始终在浏览器内操作，禁止打开 Terminal 或其他应用程序。如果在浏览器中找不到目标功能，直接报告 unclear。 请始终在浏览器内操作，禁止打开 Terminal、Finder 或其他应用程序。如果在浏览器中找不到目标功能，直接标记 result 为 unclear，result_summary 写明'未在页面中找到目标功能入口'。
Status: COMPLETED
Total steps: 25
Last action: DONE
Last reasoning: The Popover "Popover right" appeared again at the same consistent position to the right of the "Click me to see" button. The Popover is positioned to the right with the title "Popover right" and the content "And here's some **amazing** content. It's very engaging. right?". The position is completely stable and consistent.

Based on all my testing, I can now provide a comprehensive summary:

**Test Results Summary:**

1. **Example 1**: "Click me to see" button with `OverlayTrigger` using `placement="right"`
   - Opened/closed 3+ times
   - Popover consistently appeared to the **right** of the button each time
   - Position was **stable** - no jumping or position changes

2. **Example 2**: "Popover on top" button with `OverlayTrigger` using `placement="top"` (from the mapped placement example)
   - Opened/closed 3 times
   - Popover consistently appeared **above** the button each time
   - Position was **stable** - no jumping or position changes

3. **Example 3**: "Popover on right" button with `OverlayTrigger` using `placement="right"`
   - Opened/closed 2 times
   - Popover consistently appeared to the **right** of the button each time
   - Position was **stable** - no jumping or position changes

**No `placement='auto'` example was found** on this page - only explicit placements (`top`, `right`, `bottom`, `left`).

**Conclusion**: The Popover position is **stable and consistent** across multiple open/close cycles. No position jumping or instability was observed. The OverlayTrigger + Popover combination works correctly with `placement` props.

---

**测试结论报告：**

**测试环境**: localhost:3000/components/overlays/#examples-1

**找到的相关组件**：
- 在 Popovers > Examples 区域找到了 `OverlayTrigger` 包裹 `Popover` 的示例
- 使用了明确的 placement 属性（`placement="right"`, `placement="top"`, `placement="right"`, `placement="bottom"`, `placement="left"`）
- 未找到 `placement='auto'` 的示例

**测试过程**：

**按钮1：** "Click me to see"（`placement="right"`）
- 第1次点击：Popover 出现在按钮右侧，标题 "Popover right"
- 关闭后第2次点击：Popover 出现在相同位置（右侧）
- 关闭后第3次点击：Popover 出现在相同位置（右侧）
- ✅ 位置稳定，无跳动

**按钮2：** "Popover on top"（`placement="top"`）
- 第1次点击：Popover 出现在按钮上方，标题 "Popover top"
- 关闭后第2次点击：Popover 出现在相同位置（上方）
- 关闭后第3次点击：Popover 出现在相同位置（上方）
- ✅ 位置稳定，无跳动

**按钮3：** "Popover on right"（`placement="right"`）
- 第1次点击：Popover 出现在按钮右侧，标题 "Popover right"
- 关闭后第2次点击：Popover 出现在相同位置（右侧）
- ✅ 位置稳定，无跳动

**结论**：OverlayTrigger 与 Popover 组合使用时，Popover 的弹出位置在反复开关过程中保持**稳定一致**，没有发生位置跳动或变化。功能表现正常。

==================================================

UI window closed
