Session created: sess-20260428183813-770b74fb5454403985f3fb7beb6d8d99
UI panel initialized successfully
UI window displayed
Expected result: PDF 文档应正常渲染，不出现 Cannot read property layout of null 错误，页面正确显示文档内容。
[step 0] Action: Initializing
[step 0] Reasoning: Initializing session connection
[step 0] Action: screenshot
[step 1] Action: key: Escape
[step 1] Reasoning: I can see the Chrome browser is open with the React PDF Test website at localhost:5173. There's an error overlay showing some issues. Let me close this terminal popup and look at the actual website. Let me click on the React PDF Test tab and dismiss the error overlay.
[step 2] Action: left_click (750, 340)
[step 2] Reasoning: The terminal popup is still showing. Let me click somewhere outside of it to dismiss it, and then interact with the browser.
[step 3] Action: left_click (291, 33)
[step 3] Reasoning: The terminal popup is still visible. I need to click on the Chrome browser window directly. Let me click on the React PDF Test tab in the browser to bring focus to it, then dismiss the vite error overlay.
[step 4] Action: key: Escape
[step 4] Reasoning: Now I can see the Chrome browser is showing the React PDF Test page at localhost:5173. There's a Vite error overlay showing:
- `[plugin:vite:import-analysis] Failed to parse source for import analysis because the content contains invalid JS syntax. If you are using JSX, make sure to name the file with the .jsx or .tsx extension.`
- The error is at: `/Users/worker06/.openclaw/workspace/bughunt/react-pdf-284/packages/renderer/src/dom/PDFDownloadLink.js:44:9`

The error shows there's a syntax issue with a JS file in the react-pdf library. The overlay shows "Click outside, press Esc key, or fix the code to dismiss."

Let me close the browser popup showing tab info first and then look at the error more carefully.
[step 5] Action: screenshot
[step 5] Reasoning: The Vite error overlay has been dismissed and now I can see a mostly blank white page. The page seems to have loaded but there's nothing visible. Let me wait a moment and then take another screenshot to see if anything loads.
[step 6] Action: key: F5
[step 6] Reasoning: The page is still blank. The Vite error overlay was dismissed, but the page seems empty. This is because the application encountered an error. Let me reload the page to try again and see what happens.
[step 7] Action: wait
[step 7] Reasoning: The page still appears blank. Let me wait a moment for it to fully load.
[step 8] Action: key: ctrl+shift+r
[step 8] Reasoning: The page is still blank. The React PDF Test application at localhost:5173 seems to have an error that's preventing the page from rendering. Previously I saw a Vite error saying:
- `[plugin:vite:import-analysis] Failed to parse source for import analysis because the content contains invalid JS syntax. If you are using JSX, make sure to name the file with the .jsx or .tsx extension.`
- The error was in: `/Users/worker06/.openclaw/workspace/bughunt/react-pdf-284/packages/renderer/src/dom/PDFDownloadLink.js:44:9`

Let me try to reload the page and see if the Vite error overlay appears again so I can capture more information.
[step 9] Action: wait
[step 9] Reasoning: The page is still blank. Let me wait for it to load and then take a screenshot.
[step 10] Action: Open url: http://localhost:5173
[step 10] Reasoning: The page is still completely blank. This is unusual - the page should have some content or at least show an error. The Vite error overlay showed a critical JavaScript syntax error in the react-pdf library. Let me try to navigate directly to the URL to reload the page.
[step 11] Action: screenshot
[step 11] Reasoning: Now I can clearly see the Vite error overlay again in the new tab. The error message says:

**`[plugin:vite:import-analysis] Failed to parse source for import analysis because the content contains invalid JS syntax. If you are using JSX, make sure to name the file with the .jsx or .tsx extension.`**

The error is at:
**`/Users/worker06/.openclaw/workspace/bughunt/react-pdf-284/packages/renderer/src/dom/PDFDownloadLink.js:44:9`**

The code shown is:
```
42 |   >
43 |     {typeof children === 'function' ? children(instance) : children}
44 |   </a>
     |   ^
45 |   );
46 | };
```

The error indicates that the `PDFDownloadLink.js` file contains JSX syntax (the `</a>` tag at line 44), but the file has a `.js` extension instead of `.jsx`. This is a bug in the react-pdf library - the file should have a `.jsx` extension since it contains JSX code.

This Vite error is preventing the entire application from loading. The page renders nothing because the build process fails due to this syntax error in the react-pdf renderer package.

Let me look at the error more carefully and try to understand the full context of what's happening.
[step 12] Action: DONE
[step 12] Reasoning: I can now clearly observe the issue. The React PDF application at localhost:5173 is failing to render due to a critical error in the react-pdf library itself. Let me analyze the full error:

**Error Details:**
- **Error type**: `[plugin:vite:import-analysis] Failed to parse source for import analysis because the content contains invalid JS syntax. If you are using JSX, make sure to name the file with the .jsx or .tsx extension.`
- **Location**: `/Users/worker06/.openclaw/workspace/bughunt/react-pdf-284/packages/renderer/src/dom/PDFDownloadLink.js:44:9`

**Code context shown:**
```
42 |   >
43 |     {typeof children === 'function' ? children(instance) : children}
44 |   </a>
     |   ^
45 |   );
46 | };
```

**Root cause**: The file `PDFDownloadLink.js` in the react-pdf renderer package contains JSX syntax (specifically JSX tags like `</a>`), but the file has a `.js` extension instead of `.jsx`. Vite cannot parse JSX in regular `.js` files without special configuration.

**Impact**: This error prevents the entire React PDF application from loading. The page shows a blank white screen with only the Vite error overlay.

This is a **functional bug** in the react-pdf library. The `PDFDownloadLink.js` file uses JSX syntax but has a `.js` extension, causing a build failure that prevents the PDF from rendering at all.

Based on my observation:

**结论 (Conclusion)**:

使用 react-pdf 渲染基本 PDF 文档时，应用程序**无法正常渲染**。存在以下问题：

1. **致命错误**: Vite 构建分析插件报告错误 `[plugin:vite:import-analysis] Failed to parse source for import analysis because the content contains invalid JS syntax`

2. **错误位置**: `/Users/worker06/.openclaw/workspace/bughunt/react-pdf-284/packages/renderer/src/dom/PDFDownloadLink.js:44:9`

3. **根本原因**: react-pdf 库中的 `PDFDownloadLink.js` 文件包含 JSX 语法（如 `</a>` 标签），但文件扩展名是 `.js` 而不是 `.jsx`。Vite 无法解析普通 `.js` 文件中的 JSX 语法，导致构建失败。

4. **影响**: 整个应用程序无法加载，页面显示空白，PDF 文档完全无法渲染。

**这是 react-pdf 库中的一个 Bug**: `PDFDownloadLink.js` 文件应该被重命名为 `PDFDownloadLink.jsx`，或者需要在 Vite 配置中添加相应的 JSX 解析支持来处理 `.js` 文件中的 JSX 语法。

**PDF 文档渲染结果**: ❌ **无法正常渲染** - 应用程序因 react-pdf 库文件扩展名错误导致构建失败，页面完全空白，无任何 PDF 输出。
Evaluating task result...

==================================================
Task: 当前Chrome浏览器已打开React Pdf网站，地址是http://localhost:5173。使用 react-pdf 渲染一个基本的 PDF 文档（不设置任何自定义字体），观察文档是否能正常渲染输出。 请始终在浏览器内操作，禁止打开 Terminal、Finder 或其他应用程序。如果在浏览器中找不到目标功能，直接标记 result 为 unclear，result_summary 写明'未在页面中找到目标功能入口'。
Status: COMPLETED
Total steps: 12
Last action: DONE
Last reasoning: I can now clearly observe the issue. The React PDF application at localhost:5173 is failing to render due to a critical error in the react-pdf library itself. Let me analyze the full error:

**Error Details:**
- **Error type**: `[plugin:vite:import-analysis] Failed to parse source for import analysis because the content contains invalid JS syntax. If you are using JSX, make sure to name the file with the .jsx or .tsx extension.`
- **Location**: `/Users/worker06/.openclaw/workspace/bughunt/react-pdf-284/packages/renderer/src/dom/PDFDownloadLink.js:44:9`

**Code context shown:**
```
42 |   >
43 |     {typeof children === 'function' ? children(instance) : children}
44 |   </a>
     |   ^
45 |   );
46 | };
```

**Root cause**: The file `PDFDownloadLink.js` in the react-pdf renderer package contains JSX syntax (specifically JSX tags like `</a>`), but the file has a `.js` extension instead of `.jsx`. Vite cannot parse JSX in regular `.js` files without special configuration.

**Impact**: This error prevents the entire React PDF application from loading. The page shows a blank white screen with only the Vite error overlay.

This is a **functional bug** in the react-pdf library. The `PDFDownloadLink.js` file uses JSX syntax but has a `.js` extension, causing a build failure that prevents the PDF from rendering at all.

Based on my observation:

**结论 (Conclusion)**:

使用 react-pdf 渲染基本 PDF 文档时，应用程序**无法正常渲染**。存在以下问题：

1. **致命错误**: Vite 构建分析插件报告错误 `[plugin:vite:import-analysis] Failed to parse source for import analysis because the content contains invalid JS syntax`

2. **错误位置**: `/Users/worker06/.openclaw/workspace/bughunt/react-pdf-284/packages/renderer/src/dom/PDFDownloadLink.js:44:9`

3. **根本原因**: react-pdf 库中的 `PDFDownloadLink.js` 文件包含 JSX 语法（如 `</a>` 标签），但文件扩展名是 `.js` 而不是 `.jsx`。Vite 无法解析普通 `.js` 文件中的 JSX 语法，导致构建失败。

4. **影响**: 整个应用程序无法加载，页面显示空白，PDF 文档完全无法渲染。

**这是 react-pdf 库中的一个 Bug**: `PDFDownloadLink.js` 文件应该被重命名为 `PDFDownloadLink.jsx`，或者需要在 Vite 配置中添加相应的 JSX 解析支持来处理 `.js` 文件中的 JSX 语法。

**PDF 文档渲染结果**: ❌ **无法正常渲染** - 应用程序因 react-pdf 库文件扩展名错误导致构建失败，页面完全空白，无任何 PDF 输出。

==================================================

UI window closed
__MANO_DONE__
