Session created: sess-20260419052929-5b4cf8c2490142be82898cd783bb8d83
UI panel initialized successfully
UI window displayed
Expected result: 当日期选择器弹窗因靠近窗口边界而自动调整位置时，箭头指示器应始终正确指向对应的输入框，不应出现箭头位置偏移或错位的情况。
[step 0] Action: Initializing
[step 0] Reasoning: Initializing session connection
[step 0] Action: screenshot
[step 1] Action: left_click (286, 33)
[step 1] Reasoning: I see there's a terminal window visible. Let me click on the Chrome browser tab that shows the React Modern Datepicker website.
[step 2] Action: left_click (640, 300)
[step 2] Reasoning: I can see the React Modern Datepicker tab. The page shows a "Select..." input box in the center. Let me click somewhere else to dismiss the tooltip, and then navigate to localhost:3001.
[step 3] Action: left_click (640, 146)
[step 3] Reasoning: I can see the React Modern Datepicker page with a "Select..." input field in the center of the page. The page appears to be quite minimal - just showing one datepicker input. Let me first check the other tab (the first one) to see what's there, and also navigate to the main page. Let me look at the current page more carefully and click the "Select..." input to open the calendar.

First, let me take a closer look at this page and click the "Select..." input field to open the calendar popup.
[step 4] Action: screenshot
[step 4] Reasoning: The calendar popup has opened. I can see the calendar for April 2026 is displayed. Now I need to observe the arrow indicator (small triangle) that should be pointing toward the input field. Let me examine the area between the input field and the calendar popup more closely.

Looking at the current state:
- The "Select..." input field is at approximately y=146
- The calendar popup starts at approximately y=170

I need to check if there's an arrow/triangle indicator between the input and the calendar. Let me zoom in on that area by taking a closer screenshot.

Let me also look at the other tab first to see if there's a different/more comprehensive demo page.
[step 5] Action: left_click (127, 33)
[step 5] Reasoning: I can see the calendar popup is showing. Now I need to carefully examine the area between the input box and the calendar popup to look for an arrow/triangle indicator. Looking at the current screenshot, the calendar appears to start directly below the input field without a visible arrow indicator between them.

Let me zoom in on the area between the input field and the calendar to see if there's an arrow indicator.

I notice the calendar popup sits right below the input field, but I need to check more carefully if there's an arrow indicator. Let me first check the first tab which might be a more comprehensive demo page.
[step 6] Action: left_click (286, 33)
[step 6] Reasoning: The first tab also shows the same page with "Select..." input. Both tabs appear to be the same localhost:3001 page. The page looks very minimal - just one datepicker in the center of the page. This appears to be a simple test page for the datepicker component.

Now, let me go back to the second tab and look more carefully at the calendar. I need to inspect if there's an arrow indicator between the input and calendar popup. Let me click on the second tab and then look more closely.
[step 7] Action: key: ctrl+shift+i
[step 7] Reasoning: Good, the calendar is still open in the second tab. Now let me look very carefully at the area between the input box (y≈146) and the calendar popup (y≈168). I need to check if there's an arrow indicator.

Looking at the screenshot, I can see:
1. The "Select..." input field is at approximately y=146
2. The calendar popup begins at approximately y=168

The gap between the input field bottom and the calendar top is very small. Let me zoom in using browser zoom to get a better look at this area.

Let me use Ctrl+Shift+I to open developer tools or zoom in to see the arrow indicator more clearly.

Actually, let me zoom in using the browser's built-in zoom to examine the area between the input and calendar.
[step 8] Action: key: super+alt+i
[step 8] Reasoning: The developer tools didn't open with Ctrl+Shift+I (it's macOS, so I need to use Command+Option+I). Let me try the correct shortcut.
[step 9] Action: left_click (1265, 476)
[step 9] Reasoning: The Developer Tools opened. I can see the calendar closed when dev tools opened. Now I need to switch to the Elements panel to inspect the DOM. But first, let me close dev tools and instead use browser zoom to better examine the arrow indicator. 

Let me close the DevTools and zoom into the datepicker area to see the arrow.
[step 10] Action: left_click (66, 472)
[step 10] Reasoning: Good. The DevTools is still showing, but I switched to Elements panel. Now let me click on the Elements tab to inspect the DOM, and also click on the input field to open the calendar popup so I can inspect the arrow indicator.

First, let me click on Elements tab to access the HTML structure.
[step 11] Action: left_click (640, 146)
[step 11] Reasoning: I can see the Elements panel is now open, showing the HTML structure. Now I need to click on the "Select..." input field to open the calendar, and then I can inspect the arrow indicator in the DOM. Let me click on the input field in the page.
[step 12] Action: left_click (11, 500)
[step 12] Reasoning: The calendar is now open. I can see the calendar popup is showing, but I notice there's no visible arrow/triangle indicator between the input field and the calendar popup. The calendar popup appears to have no arrow connector.

Let me now use the DevTools element inspector to look at the area between the input and the calendar more carefully. Let me click the "Inspect element" button (the mouse pointer icon) and then hover over the area between the input and calendar.

Let me use the element picker in DevTools to inspect the calendar container.
[step 13] Action: left_click (640, 146)
[step 13] Reasoning: The calendar closed when I clicked on the DevTools. Let me take a different approach. Let me open the datepicker and use the DevTools search to look for any arrow-related elements. First let me open the calendar again and then try to use the DevTools element inspector to inspect the calendar popup.

Let me click the input field to open the calendar again.
[step 14] Action: left_click (19, 519)
[step 14] Reasoning: The calendar is now open. I can see the calendar popup. Now let me look carefully at the area between the input field (y≈146-157) and the calendar popup (y≈168). Looking at the current screenshot:

- The input field bottom is at approximately y=157
- The calendar popup top is at approximately y=168

The gap appears very small - there could be an arrow indicator there but it's very thin and hard to see. Let me look at the DOM structure to find the arrow element. Let me expand the body element in DevTools to see the DOM structure.
[step 15] Action: left_click (114, 472)
[step 15] Reasoning: I can see the body element is highlighted and the element inspector is showing. I can see the "Select..." input. The calendar seems to have been closed again because clicking on the body element in the DOM tree caused focus to move away.

Let me try a different approach - let me use the DevTools console to look for the arrow element in the DOM. Let me click the Console tab.
[step 16] Action: left_click (640, 630)
[step 16] Reasoning: Good, I'm in the Console tab now. Let me use JavaScript to open the datepicker (by simulating a click on the input) and then search for any arrow-related elements. Let me click in the console input and run some JavaScript.
[step 17] Action: left_click (640, 509)
[step 17] Reasoning: Good, I can see the console cursor is now active. Let me type a JavaScript command to click the input field and then inspect the DOM for arrow elements.
[step 18] Action: left_click (640, 509)
[step 18] Reasoning: I need to type a JavaScript command to inspect the DOM. Let me click directly in the console input area and type a command to find arrow elements.
[step 19] Action: type: document.querySel...
[step 19] Reasoning: I see the console cursor. I need to type a command to click the input and then search for arrow elements. Let me type a JavaScript command.
[step 20] Action: key: Return
[step 20] Reasoning: I can see the command is typed in the console. Let me press Enter to execute it.
[step 21] Action: left_click (640, 540)
[step 21] Reasoning: The command returned "undefined" which means it executed but the calendar didn't open. This is because the input element may be hidden and the datepicker is using a button or span element. Let me try clicking directly on the "Select..." button/span. Let me look at the DOM and find what element is being used. Let me run another JavaScript command.
[step 22] Action: left_click (640, 540)
[step 22] Reasoning: I need to find the console input. Let me look for the console's input prompt (the ">" symbol) and click right next to it to activate it.
[step 23] Action: type: document.querySel...
[step 23] Reasoning: I can see the console cursor is now active at the "> |" prompt. Now let me type a command to find what element the datepicker uses for its button and look for arrow elements.
[step 24] Action: left_click (640, 560)
[step 24] Reasoning: The result shows 137, which means there's a DatePicker element with 137 characters of innerHTML. The calendar is closed currently. Let me now try to open the calendar via a button click and then inspect the arrow element. Let me try clicking on the button element directly.
[step 25] Action: left_click (640, 580)
[step 25] Reasoning: I need to type a new command to click the DatePicker input button and then inspect the arrow. Let me click below the last console output to get a new prompt.
[step 26] Action: key: F12
[step 26] Reasoning: I need to find a way to type in the console. Let me take a different approach. Instead of using the console, let me close the DevTools and directly interact with the page. I'll then use a zoom or screenshot to carefully examine the area between the input and the calendar popup.

Let me close DevTools first.
[step 27] Action: key: super+plus
[step 27] Reasoning: Excellent! Now I can clearly see the page with:
1. The "Select..." input field at the top
2. The calendar popup showing April 2026

Looking very carefully at the area between the input field and the calendar popup:
- The input field is at approximately y=135-157
- The calendar popup appears to start at approximately y=168

Looking at this screenshot, I can see:
- **There is NO visible arrow/triangle indicator between the input field and the calendar popup**
- The calendar popup appears directly below the input field, but with a small gap

Let me zoom in using browser zoom (Command +) to see the area between the input and calendar more clearly, especially to verify if there's an arrow.

Actually, let me first zoom into the specific area using browser zoom to examine the small gap between the input and calendar top. Let me zoom in on the browser.

Actually, looking at the screenshot more carefully, I can see:
- The input field bottom edge is at y≈157
- The calendar popup top (the rounded container) starts at y≈168
- There's about 11 pixels of gap

In this gap, there should be an arrow/triangle indicator if this library has that feature. Looking at the current screenshot, the area between y=157 and y=168 appears to be empty/white with no visible arrow.

Let me zoom in to get a better view using browser zoom.

Actually I need to be very precise here. Let me zoom into the page at 200% to see the area more clearly.
[step 28] Action: key: super+equal
[step 29] Action: key: ctrl+equal
[step 30] Action: scroll up (640, 150) scroll_amount 3
[step 30] Reasoning: Let me try a different approach to zoom - use Ctrl + scroll:
[step 31] Action: left_click (127, 33)
[step 31] Reasoning: The zoom didn't work, the page still looks the same. Now I can clearly see the calendar popup with:
- The input field "Select..." at approximately y=147
- The calendar popup at approximately y=168

Looking very carefully at the area between y=157 (input bottom) and y=168 (calendar top), I can see there's a **very small gap** but **NO visible arrow/triangle indicator**.

The key observation here is: **There is NO arrow indicator visible between the input field and the calendar popup**. The calendar simply appears below the input without any arrow pointer.

Now, let me verify by checking the actual demo website documentation for this component to understand what the expected behavior should be. But first, let me look at the first tab (which is the original documentation website).

Let me click the first tab to check if it's a different page (the full documentation website).
[step 32] Action: key: Escape
[step 32] Reasoning: I accidentally right-clicked, triggering a context menu. Let me close the context menu and left click on the first tab.
[step 33] Action: left_click (640, 450)
[step 33] Reasoning: The context menu is still showing. Let me click elsewhere to close it and then click the first tab.
[step 34] Action: left_click (127, 33)
[step 34] Reasoning: I can see the page has both tabs showing "React Modern Datepicker" and the calendar is still open. I notice the calendar is on tab 2 (currently active tab 2 at position 286). Both tabs appear to be the same page at localhost:3001.

Looking at the current state, I can clearly see:
1. **Input field**: "Select..." at y≈147
2. **Calendar popup**: Starting at y≈168

Now I need to look carefully at the area between the input and calendar. Looking at the screenshot:
- The bottom of the input field is at approximately y≈157
- The top of the calendar popup (rounded box) is at approximately y≈168

The gap is approximately 11 pixels. **I cannot see any arrow/triangle indicator in this gap**. The calendar popup appears to connect directly below the input without an arrow.

Let me now open the DevTools again to inspect the CSS and find the arrow element. Let me open DevTools using keyboard shortcut.

Actually, let me take a more careful approach. Let me open the DevTools and use the element inspector to click on the area between the input and calendar to see if there's a hidden arrow element.

But first, let me check the first tab to see if it has different content. Let me click on the first tab.
[step 35] Action: key: Escape
[step 35] Reasoning: Another context menu appeared. I see I'm right-clicking on the first tab "React Modern Datepicker". Let me close this context menu and try to left-click more precisely on the tab text.
[step 36] Action: left_click (640, 500)
[step 36] Reasoning: The context menu is still showing. Let me click somewhere on the page to close it.
[step 37] Action: key: ctrl+shift+j
[step 37] Reasoning: I see the context menu is closed and I'm on the same tab. Both tabs show the same "React Modern Datepicker" page at localhost:3001. The calendar is open showing April 2026.

Now I need to carefully examine the area between the input field and the calendar popup. Looking at the screenshot:
- Input field "Select..." is at approximately y=135-157
- Calendar popup (rounded rectangle) starts at approximately y=168

The area between y=157 and y=168 - **I need to zoom in to see this area more clearly**. Let me try using DevTools to inspect the DOM and look for the arrow element.

Let me open DevTools with Command+Option+I.
[step 38] Action: left_click (1265, 62)
[step 38] Reasoning: The DevTools didn't open. The calendar is still showing. Let me focus on examining what I can see directly. Looking at the current screenshot, I can see the calendar popup area. Let me now try to zoom in more carefully on the area between the input and calendar. 

Now let me approach this differently. Let me open DevTools using the Chrome menu (the three dots in the top right corner).

Actually, I realized I should look more carefully at what I can see RIGHT NOW. Looking at the screenshot of the calendar popup:

Between the input field (y≈135-157) and the calendar popup (y≈168), there's a gap of approximately 11 pixels. In this gap, looking very carefully... I can see the area is light/white colored. 

The area around y=160-168 between the input box and the calendar - it LOOKS like there might be a very tiny triangle/arrow there but it's hard to tell at this resolution. 

Let me try to use keyboard zoom to zoom in on the browser. Let me use the menu at the top.

Actually, let me try a completely different approach. Let me open DevTools using the Chrome menu (three dots). I'll click on the three dots icon.
[step 39] Action: left_click (1228, 328)
[step 39] Reasoning: I can see the Chrome menu is open. I can see a "缩放" (Zoom) option with a "+" button. Let me click the "+" button to zoom in on the page so I can see the arrow indicator more clearly.
[step 40] Action: left_click (1228, 328)
[step 40] Reasoning: The zoom is now at 110%. I can see the calendar is larger and I can see more clearly now. The page zoomed to 110%. Let me click the "+" button a few more times to zoom more and better see the area between the input and calendar. Let me zoom more.
[step 41] Action: left_click (1228, 328)
[step 41] Reasoning: Now at 125% zoom. Looking at the area between the input field (y≈162-179) and the calendar popup (y≈187+), I can now see the area more clearly. 

Looking at the screenshot very carefully:
- Input field "Select..." ends at approximately y≈179
- The calendar popup top starts at approximately y≈187

**I can see there's a small gap/area around y=180-187. Let me zoom in more to see if there's an arrow/triangle there.**

Let me zoom in more.
[step 42] Action: key: Escape
[step 42] Reasoning: Excellent! Now at 150% zoom, I can clearly see:
1. The input field "Select..." at approximately y=165-195
2. The calendar popup starts at approximately y=210

Looking at the area between the input field bottom (y≈195) and the calendar popup top (y≈210), I can see a **small gap area of about 15 pixels**. But **I still cannot see any arrow/triangle indicator** in this area. The calendar popup appears to sit directly below the input without any visible arrow connector.

Wait - looking more carefully at y≈205-212, the area just above the calendar's rounded top edge - I can see what appears to be a **very subtle gray/shadow area** there. Let me close the Chrome menu and zoom in even more on that specific area.
[step 43] Action: key: ctrl+shift+i
[step 43] Reasoning: Now I can see the page at 150% zoom with the calendar still open. Looking very carefully at the area between the input field (y≈165-193) and the calendar popup (y≈218):

- Input field "Select..." bottom: approximately y≈193
- Calendar popup top: approximately y≈218

**The gap between the input and calendar is approximately 25 pixels**. In this gap, I'm looking very carefully... and I can see there might be a very faint/subtle element. But at this resolution, it's still hard to tell definitively.

Let me now open DevTools to inspect the DOM. I'll try using the keyboard shortcut Command+Option+I (macOS).
[step 44] Action: key: F12
[step 44] Reasoning: DevTools still didn't open. Let me try the F12 key which is a universal shortcut:
[step 45] Action: left_click (153, 9)
[step 45] Reasoning: DevTools still won't open. The calendar remains visible. Let me look very carefully at the current state:

At 150% zoom, looking at the area between the input "Select..." (bottom edge ≈ y=193) and the calendar popup (top edge ≈ y=217):

**I can see a small gap, but there is NO visible arrow/triangle indicator between the input field and the calendar popup.** The calendar popup just appears below the input without any connecting arrow.

Now let me try to open DevTools using the Chrome 显示 (View) menu from the macOS menu bar.
[step 46] Action: left_click (238, 268)
[step 46] Reasoning: I can see the View menu is open in macOS. I can see "开发者" (Developer) option at the bottom. Let me hover over it to expand the developer submenu.
[step 47] Action: left_click (374, 285)
[step 47] Reasoning: I can see the developer submenu has appeared. I can see options like:
- 显示源代码 (View Source Code) - Ctrl+U
- 开发者工具 (Developer Tools) - Alt+Cmd+I
- 检查元素 (Inspect Element) - Alt+Cmd+C
- JavaScript 控制台 (JavaScript Console) - Alt+Cmd+J

Let me click on "开发者工具" (Developer Tools):
[step 48] Action: left_click (67, 499)
[step 48] Reasoning: DevTools is now open at the bottom of the page. I can see the Console tab is active. The calendar closed when DevTools opened. Now I can see:
- The "Select..." input is visible at y≈179
- DevTools is at the bottom
- I can see the Console tab is active

Now I need to:
1. Click the Elements tab to see the DOM structure
2. Click on the input to open the calendar
3. Inspect the arrow element

Let me first click on the Elements tab to inspect the DOM, and then I'll click the input to open the calendar.

Let me click on "Elements" tab:
[step 49] Action: left_click (18, 568)
[step 49] Reasoning: I can see the Elements panel is now active. I can see the DOM structure:
- `<html lang="en">`
- `<body>` (highlighted in blue at bottom)
- `<div id="root">` (collapsed)
- `<script type="text/javascript" src="main.js"></script>`
- `</body>`

I can see `<div id="root">` is collapsed. Let me expand it to see the datepicker component. But first, let me try a more efficient approach - let me use the element inspector (the cursor icon) to click on the area between the input and where the calendar would be. 

But first, let me click on the "Select..." input field in the page to open the calendar, and then immediately use the element inspector to inspect the area.

Actually, let me first expand the `<div id="root">` to see the DOM structure. Let me click the expand arrow next to it.
[step 50] Action: left_click (114, 499)
[step 50] Reasoning: I can see the DOM inspection revealed that the `div#root` element is highlighted in the page. I can see it has dimensions of 153.19 × 26.92 pixels. Now I can see the DOM structure showing `<div id="root"> ... </div>`.

Let me try a different approach. Let me use the element inspector tool (the cursor icon in the top left of DevTools) to directly inspect the page. Let me click on the element inspector icon (the cursor icon) and then click on the area between the input and where the calendar popup would appear.

Actually, let me use the Console to inspect the DOM more efficiently. Let me click on the Console tab.
[step 51] Action: left_click (640, 645)
[step 51] Reasoning: I'm in the Console tab now. I can see the "Select..." input field in the page. I can see there are console messages showing "2 messages", "2 user messages", "No errors", "No warnings", "2 info". 

Now let me click the console input area and use JavaScript to:
1. Open the calendar by clicking the input
2. Search for any arrow-related elements in the DOM

Let me click on the console input at the bottom (where it shows "> |").
[step 52] Action: left_click (640, 534)
[step 52] Reasoning: I can see the console input cursor is now active at "> |". The console is ready for input. Let me type a JavaScript command to find the datepicker input and click it, then inspect the DOM structure.
[step 53] Action: type: document.querySel...
[step 53] Reasoning: I can see the console cursor is at the "> |" prompt. Let me type a JavaScript command to inspect the DOM and find arrow-related elements.
[step 54] Action: left_click (640, 179)
[step 54] Reasoning: The result is `null` - the calendar container is not found because the calendar popup is not currently open. I need to first open the calendar, then inspect the DOM. The calendar only appears when the input is clicked.

Let me try a different approach. Let me:
1. Click the "Select..." input to open the calendar
2. Then quickly use JavaScript in the console to inspect the DOM

Let me first click on the input to open the calendar, then quickly use the console to check the DOM.
[step 55] Action: left_click (640, 613)
[step 55] Reasoning: Excellent! The calendar is now open! I can see:
- The "Select..." input field at approximately y=163-192
- The calendar popup starting at approximately y=215

Looking at the area between the input field (bottom ≈ y=192) and the calendar popup (top ≈ y=215):
**I can see a gap of approximately 23 pixels. Looking carefully at this gap - I can see the area appears to be blank/white with NO visible arrow/triangle indicator.**

The calendar popup has a slightly rounded top edge (visible at y≈215) and a shadow/border. But between the input bottom (y≈192) and the calendar top (y≈215), there appears to be **NO arrow indicator**.

Now let me use the console to check for the arrow element. The console is still visible at the bottom. Let me click on the console input area and type a command to look for the arrow.
[step 56] Action: left_click (640, 645)
[step 56] Reasoning: The calendar closed when I clicked on the DevTools console area. The calendar only remains open when focused on the input. This is a challenge - the calendar closes when focus moves to DevTools.

Let me try a different approach: I'll use the console to open the calendar programmatically AND then inspect the DOM quickly. Let me click on the console area and type a compound command.
[step 57] Action: type: document.querySel...
[step 57] Reasoning: Good, the console input is now active (I can see the cursor at "> |"). Now let me type a JavaScript command that will:
1. Click the input to open the calendar
2. Wait a bit
3. Then inspect the DOM for any arrow elements

Let me use `setTimeout` to give the calendar time to open and then inspect the DOM.
[step 58] Action: key: Return
[step 58] Reasoning: I can see my JavaScript command is typed in the console. Let me press Enter to execute it.
[step 59] Action: left_click (640, 573)
[step 59] Reasoning: There's a syntax error: "Uncaught SyntaxError: Unexpected identifier 'document'". This is because my command was split across two lines due to the existing previous command in the input. Let me try again with a simpler command. Let me click on the console input and try again.
[step 60] Action: type: document.querySel...
[step 60] Reasoning: The cursor is now in the console input area. I can see there's a new "> |" prompt at the bottom. Let me type a simpler command to click the input and then check the DOM.
[step 61] Action: key: Return
[step 61] Reasoning: I can see the command is typed. Let me press Enter to execute it.
[step 62] Action: left_click (640, 601)
[step 62] Reasoning: The command returned "undefined" (which is the return value of `click()`). But the calendar doesn't appear to be open in the page - the calendar should be visible. The issue is that clicking the element via JavaScript might have opened the calendar, but since the DevTools has focus, the calendar closes again.

Let me now try a different approach. Let me use JavaScript to open the calendar and immediately check the DOM before it closes. Let me type a command that opens the calendar and immediately reads the DOM.
[step 63] Action: type: var inp = documen...
[step 63] Reasoning: Good, I'm now in the console input "> |". Let me type a JavaScript command that opens the calendar and simultaneously checks the DOM in one synchronous operation. The key insight is that `click()` triggers a synchronous event handler, so the calendar should open synchronously, and we can check the DOM immediately after.
[step 64] Action: key: Return
[step 64] Reasoning: I can see my command is typed in the console. I can see the previous commands in the console. Let me press Enter to execute.
[step 65] Action: left_click (640, 630)
[step 65] Reasoning: Excellent! Now I can see the result! The console returned the outerHTML of the DatePicker element:

```html
'<div class="DatePicker " role="presentation"><input data-testid="datepicker-input" readonly="" placeholder="Select..." class="DatePicker__input -en " aria-label="Select..." value=""></div>'
```

This is very important! The DatePicker element when the calendar is **not open** contains only:
1. The `div.DatePicker` container
2. The `input.DatePicker__input` element

**There is no calendar popup or arrow element in this DOM structure!**

This confirms that when I clicked the input via JavaScript from the console, the calendar didn't open (or it opened and the DOM snapshot was taken before the calendar rendered, or the calendar is rendered elsewhere).

Wait - but I observed earlier that when I manually clicked the input, the calendar DID open and show. So the click() from the console must have opened the calendar momentarily, but the calendar DOM was captured before it could render, OR the calendar renders in a way that immediately closes because DevTools had focus.

Let me try a more direct approach. Let me use a `setTimeout` command to delay the DOM inspection, giving the calendar time to render. Let me click in the console and type a new command.
[step 66] Action: type: document.querySel...
[step 66] Reasoning: Good, I'm now in the new console prompt. From the DOM structure I captured, I can see:
- The DatePicker element is `<div class="DatePicker " role="presentation">`
- It has `class="DatePicker "` (note the trailing space - this could be significant, suggesting it might add a class when open like `DatePicker__isOpen` or similar)

The HTML shows that the calendar is NOT rendered in the DOM when closed. When the calendar opens, it likely adds the calendar popup as a child element of this `div.DatePicker`.

Let me now try a timed approach - open the calendar and use setTimeout to capture the open state's DOM.
[step 67] Action: key: Return
[step 67] Reasoning: I can see my command is typed. Let me press Enter.
[step 68] Action: scroll down (640, 580) scroll_amount 3
[step 68] Reasoning: The setTimeout command returned `7` (the timeout ID). The console shows:
- `document.querySelector('.DatePicker__input').click()` → `undefined`
- Another previous result: `<div class="DatePicker " ...>`
- The new setTimeout command → `7`

Now I need to wait 100ms for the setTimeout callback to fire. But looking at the console, it shows "3 info" messages now (was 2 before), which means the setTimeout callback might have already fired. Let me scroll down in the console to see the output.

Wait, I can see in the lower area it shows "7" as the result of setTimeout. Let me wait for the console to log the DatePicker HTML and scroll down to see it.

Let me scroll down in the console to see if the callback has logged anything.
[step 69] Action: key: F12
[step 69] Reasoning: The console shows:
- Previous command `document.querySelector('.DatePicker__input').click()` → `undefined`
- `var inp = ...` → `'<div class="DatePicker " role="presentation">...</div>'` (showing the closed state)
- `document.querySelector('.DatePicker__input').click(); setTimeout(...)` → `7` (timeout ID)

I can see "3 info" in the filter (was 2 before). The setTimeout with 100ms delay should have already fired. But I don't see any new console output below the "7". 

This suggests that the calendar popup DOM was empty/closed state when the setTimeout fired (100ms later), likely because:
1. The click() opened the calendar momentarily
2. But the calendar's onBlur handler (blur event) fired because DevTools had focus, closing the calendar
3. So when the setTimeout fired 100ms later, the calendar was already closed

The key observation from this approach: **The DatePicker uses an `input` element with `class="DatePicker__input"`. When the calendar is open, it must add additional elements to the DOM.**

Let me try a smarter approach: Let me modify the behavior of the datepicker by overriding the blur handler, then inspect the DOM. Or better yet, let me use the Elements panel to look at what happens when the input is focused.

Let me close DevTools and take a screenshot while the calendar is open, then inspect the exact area between the input and calendar.
[step 70] Action: right_click (640, 200)
[step 70] Reasoning: Now I can clearly see the calendar popup is open at the full 150% zoom level (since I zoomed in earlier). Let me carefully examine the area between the input field and the calendar popup:

**Input field**: Located at approximately y=163-193 (the "Select..." button with blue border)
**Calendar popup**: Located at approximately y=213-590 (the large calendar box)

Looking at the area between y=193 (input bottom) and y=213 (calendar top):
- The gap is approximately 20 pixels
- Looking very carefully... **I can see the area between the input and calendar appears to be blank/white**

**There is NO visible arrow/triangle indicator between the input field and the calendar popup.**

Now let me look even more carefully. The calendar popup has:
- A rounded white box starting at y≈213
- The area between the input bottom (y≈193) and the calendar top (y≈213) appears empty

Looking at the visual inspection:
1. **No arrow indicator is visible between the input and the calendar popup**
2. The calendar just appears below the input with a gap but no connecting arrow

This is a **significant observation** for the test. The `react-modern-calendar-datepicker` library is supposed to show an arrow/triangle indicator. Let me verify this by checking the component's documentation or the source code.

Actually wait - I need to look even more carefully. The calendar box starts at about y=215 and has a slight shadow. The area at y=205-215 is interesting - let me zoom in much more.

Let me zoom in using the browser at an extreme level to see that area between y=193 and y=215.

Actually, let me try a completely different approach. Let me open the DevTools and use the "Freeze" technique: I'll right-click on the calendar area and use "Inspect" to freeze the state.

But first, let me carefully right-click on the area just above the calendar popup (the area where the arrow should be, between y=195-215) to see if there's an element there.
[step 71] Action: left_click (659, 428)
[step 71] Reasoning: I can see the context menu appeared and the calendar closed (as expected because right-clicking moves focus). The context menu shows "检查" (Inspect) at the bottom. But the calendar already closed. Let me try a different strategy.

I'll now click "检查" (Inspect) from this context menu to open DevTools, then try to use the element inspector on the calendar area. Let me click "检查":
[step 72] Action: left_click (16, 546)
[step 72] Reasoning: Excellent! DevTools opened with the Elements panel showing the DOM structure. I can see:
- `<!DOCTYPE html>`
- `<html lang="en">` == $0 (highlighted)
- `<head>...</head>`
- `<body>...</body>` with "flex" badge
- `</html>`

The page is now showing in the top portion. I can see the "Select..." input at y≈179. 

Now I need to:
1. Click the input to open the calendar
2. Quickly inspect the DOM to see the calendar structure

But the problem remains that clicking the input and the DevTools are incompatible. The calendar closes when DevTools has focus.

Let me try to undock DevTools and open them in a separate window so the calendar can remain open. Let me click the "undock" button in DevTools.

Actually, a better approach: Let me look at the DevTools Elements panel and expand the `<body>` element to see the DOM structure when the calendar is closed, and then try to infer what the calendar DOM would look like when open.

Let me expand the body element:
[step 73] Action: left_click (22, 567)
[step 73] Reasoning: I can now see the expanded body DOM structure:
- `<body>` (flex) → highlighted as currently selected
  - `<noscript>You need to enable JavaScript to run this app.</noscript>`
  - `<div id="root">` → collapsed (shows `-: </div>` meaning it's collapsed)
  - `<script type="text/javascript" src="main.js"></script>`
- `</body>`
- `</html>`

The CSS for `body` shows:
- `background: #FBFBFB`
- `font-family: 'Open Sans'`
- `display: flex`
- `justify-content: center`
- `padding-top: 10rem`
- `height: 100%`

I can see `<div id="root">` is collapsed. Let me expand it to see the DatePicker DOM structure.
[step 74] Action: left_click (27, 578)
[step 74] Reasoning: I can now see the expanded DOM structure:
- `<div id="root">` == $0
  - `<div class="DatePicker " role="presentation">` → collapsed
  - `</div>`
- `<script type="text/javascript" src="main.js"></script>`
- `</body>`
- `</html>`

Now I can see the DatePicker is a `<div class="DatePicker " role="presentation">`. Let me expand this to see its children. Let me click on the expand arrow next to the DatePicker div.
[step 75] Action: right_click (50, 599)
[step 75] Reasoning: Now I can see the expanded DatePicker DOM when the calendar is **CLOSED**:
```html
<div class="DatePicker " role="presentation">
  <input data-testid="datepicker-input" readonly placeholder="Select..." class="DatePicker__input -en " aria-label="Select..." value="">
  <div>
  </div>
</div>
```

Key observations:
1. The DatePicker has class `"DatePicker "` (with a trailing space)
2. There's an `<input>` element with class `DatePicker__input -en`
3. There's an **empty `<div>`** after the input

The CSS for `.DatePicker` shows:
- `position: relative`
- `display: inline-block`
- `z-index: 10`

The **empty `<div>`** is very interesting! This is likely where the calendar popup gets rendered when the calendar is open. Let me inspect this empty div more carefully.

Now I understand the structure. When the calendar opens, the empty `<div>` likely gets populated with the calendar popup content including the arrow indicator.

Let me now use a technique to keep the DevTools open while the calendar is open. I'll use the Console to add an event listener that freezes the DOM when the calendar opens.

Actually, let me try a much better approach: Let me use the DevTools' "Preserve log" and the Network throttling to slow down the rendering, or better yet, let me use the "Break on subtree modifications" feature in the Elements panel to freeze the DOM when the calendar opens.

Let me right-click on the empty `<div>` inside the DatePicker to access DOM breakpoints.
[step 76] Action: left_click (79, 522)
[step 76] Reasoning: I can see the context menu with DOM-related options. I can see "Break on" option with an arrow, which will allow me to set DOM breakpoints. Let me hover over "Break on" to see the breakpoint options.
[step 77] Action: left_click (245, 522)
[step 77] Reasoning: I can see the "Break on" submenu with:
- **subtree modifications** (this is what I want!)
- attribute modifications
- node removal

Let me click on "subtree modifications" to set a DOM breakpoint on the empty `<div>` inside DatePicker. This will pause JavaScript execution when the calendar popup is added to that div.
[step 78] Action: left_click (640, 179)
[step 78] Reasoning: Excellent! I can see the "subtree modifications" breakpoint has been set! I can see:
- There's a **blue dot** (●) on the left side next to `<div> == $0` (the empty div inside DatePicker)
- This blue dot indicates a DOM breakpoint has been set on this element

The DOM structure now shows:
```
<div class="DatePicker " role="presentation">
  <input data-testid="datepicker-input" ... class="DatePicker__input -en " ... value="">
  <div> == $0  ← DOM breakpoint set here (blue dot)
  </div>
```

Now when I click the "Select..." input in the page, the JavaScript will try to modify this empty `<div>` (to add the calendar popup), which will trigger the breakpoint and pause JavaScript execution. This will freeze the DOM at the exact moment the calendar is about to be shown.

Let me now click on the "Select..." input to trigger the breakpoint:
[step 79] Action: left_click (27, 599)
[step 79] Reasoning: This is a **CRITICAL FINDING**! The DOM breakpoint fired when the calendar opened, but instead of pausing the JavaScript (the breakpoint may not have triggered as a debugger pause), the DOM has been updated to show the calendar content. I can now see the live DOM structure while the calendar is open!

Looking at the Elements panel, I can now see:
```html
<div class="DatePicker " role="presentation">
  <input data-testid="datepicker-input" readonly placeholder="Select..." class="DatePicker__input -en " ... value=""> == $0
  <div class="DatePicker__calendarContainer" data-testid="calendar-container" role="presentation"> → collapsed </div>
</div>
```

The empty `<div>` is now populated with:
- `<div class="DatePicker__calendarContainer" data-testid="calendar-container" role="presentation">`

And looking at the calendar popup in the page, it appears open and visible!

Also looking at the CSS panel on the right, I can see the CSS for `.DatePicker__input`:
```css
DatePicker__input {
  background: #fff;
  border: 1px solid #ddd;
  padding: 0.4em 0.8em;
  font-family: inherit;
  text-align: center;
  font-size: 12px;
}
```

Now let me expand the `<div class="DatePicker__calendarContainer">` to see its children, which should include the arrow indicator.
[step 80] Action: left_click (114, 499)
[step 80] Reasoning: The calendar has closed again! Looking at the DOM, I can see:
- `<div class="DatePicker " role="presentation">`
  - `<input ... class="DatePicker__input -en " ... value=""> == $0`
  - `<div>` (empty again)
  - `</div>`
- `</div>`

The calendar closed when I clicked on the DOM element in DevTools. 

But I notice something important: The `<input>` is now highlighted as `$0` (the currently selected element in the DOM inspector). This means when I click the input element in the DOM tree, it clicked on the input element in the page and the input gained focus, which then opened the calendar. But then the calendar closed again.

Wait - but I did see the calendar open earlier. The key issue is that the calendar closes as soon as focus moves to DevTools.

Let me try a completely different approach. I'll use JavaScript to add CSS that permanently shows the arrow in a visible color, making it easy to see. Or better yet, let me use the console to query the DOM RIGHT after the click.

Let me click on the Console tab and try a script that:
1. Clicks the input
2. Stores the innerHTML in a variable right after
3. Logs it after a short delay

Actually, I have a better idea. Let me use the console to click the input and then use `document.querySelector('.DatePicker').innerHTML` immediately synchronously in the same expression. Since React renders synchronously in some cases (or at least microtasks, not macrotasks), the DOM might be updated before the next event loop tick.

Let me switch to Console: