No application knows how to open URL localhost:8080/webpack-dev-server (Error Domain=NSOSStatusErrorDomain Code=-10814 "kLSApplicationNotFoundErr: E.g. no application claims the file" UserInfo={_LSLine=1973, _LSFunction=runEvaluator, _LSFile=LSBindingEvaluator.mm, _LSErrorMessage=kLSApplicationNotFoundErr}).
Session created: sess-20260424134230-a87656cb25e64f64b14db88e4cbddce7
UI panel initialized successfully
UI window displayed
Expected result: 拖拽符合 application/ld+json MIME 类型的文件到拖放区域时，isDragReject 应为 false，拖放区域应显示为接受状态（如绿色边框或正常样式），而不是拒绝状态。
[step 0] Action: Initializing
[step 0] Reasoning: Initializing session connection
[step 0] Action: screenshot
[step 1] Action: left_click (107, 414)
[step 1] Reasoning: I can see the React Dropzone website. I need to navigate to "Accepting specific file types" section which likely has the `accept` prop configuration. Let me click on that link.
[step 2] Action: scroll down (640, 400) scroll_amount 3
[step 2] Reasoning: I can see the "Accepting specific file types" section. The current example shows `image/png` and `text/html` types with a drag and drop zone that only accepts `*.jpeg` and `*.png` images. 

I need to change the `accept` setting to `application/ld+json`. However, this is a demo/documentation page and I need to find a way to interact with the code example or find an editable demo. Let me look at this page more carefully. The dropzone currently only accepts `.jpeg` and `.png` images. 

I need to check if there's an interactive code editor or if I need to modify the code somehow. Let me scroll down to see more of the page and look for any interactive elements.
[step 3] Action: scroll down (640, 400) scroll_amount 3
[step 3] Reasoning: I can see the dropzone area and a "VIEW CODE" section. The dropzone currently accepts only `.jpeg` and `.png` images. I need to test the `application/ld+json` MIME type. 

The task requires me to:
1. Set `accept` to `application/ld+json`
2. Drag a `.jsonld` file to the dropzone
3. Observe the reject state

Since this is a documentation page with a live demo, I need to find the source code of this demo and modify it. Let me scroll down to see the full code and look for an editable version.
[step 4] Action: Minimize panel
[step 4] Reasoning: I can see the live dropzone demo and a "VIEW CODE" section. The dropzone currently only accepts `.jpeg` and `.png` images. The task requires me to modify the `accept` setting to `application/ld+json` and test dragging a `.jsonld` file.

Since this is a local development environment (localhost:8080), I need to find the source files and modify them. However, the task says to operate only within the browser. Let me think about this differently.

The task says I should set `accept` to `application/ld+json` and drag a `.jsonld` file to the dropzone. Since I cannot modify the source code through the browser (no terminal), I need to:

1. Look at the source code of the page to understand the structure
2. Try to find if there's any way to modify the demo in the browser
3. Alternatively, simulate the drag operation with a `.jsonld` file

Let me first minimize the panel and then look at the source code of the page to understand the structure. Since this is a localhost development environment, perhaps I can navigate directly to the source files.

Let me try to use the browser's URL bar to navigate to the source directory, or try to find the source through the page.

Actually, since this is a localhost React app, I should look for ways to:
1. Edit the source code through the browser's development server
2. Or check if there's an interactive playground

Let me first minimize the task panel and scroll down to see the full code in the "VIEW CODE" section.
[step 5] Action: Open url: localhost:8080/webpack-dev-server
[step 5] Reasoning: I can see the page with the dropzone. The task requires me to:
1. Set `accept` to `application/ld+json`
2. Drag a `.jsonld` file to the dropzone
3. Observe the rejection state

Since I can only work in the browser and cannot open terminals or file managers, I need to find the source file to modify. This is a local development server, so let me try to access the source files through the browser. Let me navigate to see if there are source files accessible.

Let me first try to view the page source to understand the structure of the app, and then navigate to find if there are any accessible source files through webpack dev server.
[step 6] Action: left_click (640, 61)
[step 6] Reasoning: The URL didn't change. Let me try to navigate to the webpack-dev-server page properly through the address bar.
[step 7] Action: triple_click
[step 8] Action: type: http://localhost:...
[step 9] Action: key: Return
[step 10] Action: left_click (14, 61)
[step 10] Reasoning: I can see the webpack dev server file listing. There are only compiled bundles (main.bundle.js and main.bundle) and index.html - no source files are accessible. 

Let me think of a different approach. Since I can only work in the browser, I need to:
1. Use the browser's JavaScript console to modify the React component's state/props (but the task says NOT to use DevTools)
2. Try to simulate a drag-and-drop operation using browser automation

Wait - looking at this more carefully, the task says I cannot open Terminal, Finder, or other applications. But I can use the browser console? Actually, the task says to stay in the browser and the BROWSER RULES section says "Do NOT open browser DevTools, Inspect Element, or the JavaScript Console unless the user's task explicitly requires developer tools."

Let me reconsider the approach. The task is asking me to:
1. Set accept to `application/ld+json` - this requires modifying the source code
2. Drag a `.jsonld` file to the dropzone
3. Observe the rejection state

Since the task explicitly says to operate only within the browser, and I cannot access the source files through the browser (only compiled bundles are available), and I cannot use DevTools/console, the question is: can I perform this task at all?

Actually, wait - let me re-read the task. The task says "在 react-dropzone 中设置 accept 为 application/ld+json 类型，拖拽一个 .jsonld 文件到拖放区域" - this might mean I need to modify the source code, but since the task explicitly says "禁止打开 Terminal、Finder 或其他应用程序" (forbidden to open Terminal, Finder, or other applications), I might need to find another way.

Let me think about this differently - the current dropzone in "Accepting specific file types" accepts only `image/png` and `text/html`. A `.jsonld` file would be rejected by this dropzone already. If I can simulate a drag operation of a `.jsonld` file to the current dropzone (even with different accept settings), I might be able to observe the rejection behavior.

But first, let me look at the current demo more carefully. The current demo accepts only `image/png` and `text/html`. A `.jsonld` file (which is `application/ld+json`) would already be rejected.

However, the task specifically says to set accept to `application/ld+json`. This requires modifying the source code.

Since I cannot modify source files through the browser directly, let me think about whether there's a way to create a test file and simulate the drag. Actually, I could try to:
1. Create a `.jsonld` file in a new browser tab (as a data URL or blob)
2. Try to drag that to the dropzone

But creating a file that can be dragged from within the browser is complex and would likely require DevTools.

Given the constraints:
- Cannot open Terminal
- Cannot open Finder
- Cannot use DevTools

This task as specified is not feasible within the browser-only constraint for actually creating and dragging a real `.jsonld` file.

However, let me reconsider - maybe I can navigate to a demo sandbox or online playground that allows modifying the accept prop. Or maybe the local dev server has some other pages with interactive code editors.

Let me go back to the main page and check if there's any way to edit the examples interactively.
[step 11] Action: scroll down (640, 400) scroll_amount 5
[step 11] Reasoning: I'm back on the accepting specific file types page. Let me look at the full source code in the VIEW CODE section by scrolling down. I need to find what source files are available and see if I can somehow interact with them.

Let me scroll down to see the full code example.
[step 12] Action: scroll up (640, 400) scroll_amount 3
[step 12] Reasoning: Now I can see the source code in the VIEW CODE section. The accept configuration in the actual demo is:
```javascript
accept: {
    'image/jpeg': [],
    'image/png': []
}
```

This is a read-only code display. The page shows the demo with the dropzone that accepts only `image/jpeg` and `image/png`.

Now I need to think about how to accomplish this task within the browser constraints:

1. The task requires setting `accept` to `application/ld+json`
2. The task requires dragging a `.jsonld` file to the dropzone
3. The task forbids opening Terminal, Finder, or other applications

Since I cannot modify the source code from the browser (no DevTools allowed, no terminal access), and I cannot create/access a `.jsonld` file from the browser without DevTools, this task seems infeasible within the stated constraints.

However, let me reconsider. The task says to:
- Set accept to `application/ld+json` 
- Drag a `.jsonld` file to the dropzone
- Observe the rejection state

Actually, looking at this from another angle - the current dropzone already doesn't accept `.jsonld` files (it only accepts `image/jpeg` and `image/png`). If I could simulate dragging a `.jsonld` file to it, the rejection state would still be visible. But the task specifically asks to set accept to `application/ld+json`.

Wait - let me reconsider the intent. Maybe the task is asking me to:
1. Find a way to modify the accept parameter in the demo to be `application/ld+json`
2. Then test dragging a `.jsonld` file

Since the demo is a static compiled React app, the only way to modify the accept parameter without DevTools/Terminal would be impossible within the browser-only constraint.

However, let me check if there's possibly a way to configure or interact with the demo. Let me look more carefully at the dropzone area - maybe there are configuration fields I can interact with.

Let me scroll back up to see the full dropzone demo.
[step 13] Action: left_click (92, 494)
[step 13] Reasoning: I can see the dropzone demo area. The dropzone only accepts `.jpeg` and `.png` images. I need to assess if there's any way to:
1. Modify the `accept` prop to `application/ld+json` through the browser only
2. Create/access a `.jsonld` file to drag

Looking at the constraints:
- **Cannot use DevTools/Console** (BROWSER RULES)
- **Cannot open Terminal** (task constraint)
- **Cannot open Finder** (task constraint)
- **No other applications** allowed

The task requires modifying the `accept` prop to `application/ld+json` AND creating/dragging a `.jsonld` file. Both of these require either:
- Access to the source code files (via terminal/editor)
- JavaScript console access (DevTools)
- A file manager (Finder) to create/access the `.jsonld` file

Since all of these are prohibited, and there's no interactive code editor or configuration panel on this page, this task cannot be completed within the given browser-only constraint.

However, let me check if there are any other pages or tools available through the app that might allow interactive configuration. Let me also check the "Custom validation" section - maybe there's something there that allows dynamic configuration.

Actually, let me re-read the original task more carefully: "在 react-dropzone 中设置 accept 为 application/ld+json 类型，拖拽一个 .jsonld 文件到拖放区域，观察拖放区域的拒绝状态指示（如颜色变化或 isDragReject 状态）"

The task says to observe the "rejection state indication" - meaning observe what happens when a rejected file is dragged. This implies the dropzone is already set to `application/ld+json` and we drag a `.jsonld` file to see if it gets rejected (or accepted).

Wait, actually if accept is `application/ld+json`, then a `.jsonld` file SHOULD be accepted, not rejected. Maybe the task is testing whether `application/ld+json` with `.jsonld` extension gets properly accepted or incorrectly rejected (which would be the bug being tested).

Let me look at this from the testing perspective - maybe the current dropzone (which accepts `image/jpeg` and `image/png`) can be used to test rejection of `.jsonld` files. But that wouldn't test the specific scenario of `accept: application/ld+json`.

Let me check the "Custom validation" section to see if there's more interactive configuration available.
[step 14] Action: DONE
[step 14] Reasoning: The "Custom validation" section is about a `validator` prop for custom validation based on file names, not about `accept` types. There's no interactive code editor here either.

Since all sections are read-only demos, there's no way to modify the `accept` prop to `application/ld+json` without:
1. Using the browser console (DevTools - prohibited)
2. Editing source files via Terminal (prohibited)

Furthermore, to drag a `.jsonld` file, I would need to:
1. Have such a file available on the filesystem (requires Finder or Terminal to create one - prohibited)
2. Or simulate the drag via JavaScript (requires DevTools - prohibited)

Given these constraints, this task cannot be completed within the browser-only limitation specified. The page doesn't provide any UI control for changing the `accept` type, and all demos are pre-configured read-only examples.

Based on my thorough investigation:

**结论 (Conclusion):**

本任务无法在纯浏览器环境中完成，原因如下：

1. **无法修改 `accept` 属性为 `application/ld+json`**：该网站（localhost:8080）是预编译的静态 React 应用，所有示例代码均为只读显示，没有提供任何 UI 控件或交互式代码编辑器来动态修改 `accept` 属性。修改 `accept` 属性需要编辑源代码（需要 Terminal）或使用浏览器控制台（DevTools，被任务规则禁止）。

2. **无法拖拽 `.jsonld` 文件**：在不使用 Finder（被禁止）创建或定位文件、不使用 Terminal（被禁止）创建文件，也不使用 DevTools/JS Console（被 BROWSER RULES 禁止）模拟拖拽事件的情况下，无法从浏览器内部生成并拖拽一个真实的 `.jsonld` 文件到拖放区域。

3. **webpack dev server** 只暴露了编译后的 bundle 文件，没有可编辑的源文件。

**result: unclear**  
**result_summary**: 未在页面中找到可以动态修改 `accept` 属性为 `application/ld+json` 的功能入口。所有示例均为只读的预编译 React 演示，没有提供交互式代码编辑器或配置面板。同时，在不使用 Terminal/Finder/DevTools 的纯浏览器环境下，也无法创建或访问 `.jsonld` 文件进行拖拽测试。
Evaluating task result...

==================================================
Task: 当前Chrome浏览器已打开React Dropzone网站，地址是http://localhost:8080。在 react-dropzone 中设置 accept 为 application/ld+json 类型，拖拽一个 .jsonld 文件到拖放区域，观察拖放区域的拒绝状态指示（如颜色变化或 isDragReject 状态）。请始终在浏览器内操作，禁止打开 Terminal、Finder 或其他应用程序。如果在浏览器中找不到目标功能，直接标记 result 为 unclear，result_summary 写明未在页面中找到目标功能入口。
Status: COMPLETED
Total steps: 14
Last action: DONE
Last reasoning: The "Custom validation" section is about a `validator` prop for custom validation based on file names, not about `accept` types. There's no interactive code editor here either.

Since all sections are read-only demos, there's no way to modify the `accept` prop to `application/ld+json` without:
1. Using the browser console (DevTools - prohibited)
2. Editing source files via Terminal (prohibited)

Furthermore, to drag a `.jsonld` file, I would need to:
1. Have such a file available on the filesystem (requires Finder or Terminal to create one - prohibited)
2. Or simulate the drag via JavaScript (requires DevTools - prohibited)

Given these constraints, this task cannot be completed within the browser-only limitation specified. The page doesn't provide any UI control for changing the `accept` type, and all demos are pre-configured read-only examples.

Based on my thorough investigation:

**结论 (Conclusion):**

本任务无法在纯浏览器环境中完成，原因如下：

1. **无法修改 `accept` 属性为 `application/ld+json`**：该网站（localhost:8080）是预编译的静态 React 应用，所有示例代码均为只读显示，没有提供任何 UI 控件或交互式代码编辑器来动态修改 `accept` 属性。修改 `accept` 属性需要编辑源代码（需要 Terminal）或使用浏览器控制台（DevTools，被任务规则禁止）。

2. **无法拖拽 `.jsonld` 文件**：在不使用 Finder（被禁止）创建或定位文件、不使用 Terminal（被禁止）创建文件，也不使用 DevTools/JS Console（被 BROWSER RULES 禁止）模拟拖拽事件的情况下，无法从浏览器内部生成并拖拽一个真实的 `.jsonld` 文件到拖放区域。

3. **webpack dev server** 只暴露了编译后的 bundle 文件，没有可编辑的源文件。

**result: unclear**  
**result_summary**: 未在页面中找到可以动态修改 `accept` 属性为 `application/ld+json` 的功能入口。所有示例均为只读的预编译 React 演示，没有提供交互式代码编辑器或配置面板。同时，在不使用 Terminal/Finder/DevTools 的纯浏览器环境下，也无法创建或访问 `.jsonld` 文件进行拖拽测试。

==================================================

UI window closed
