Session created: sess-20260417020333-e908c3d6d7db4e9e82ca0dd86169fcc5
UI panel initialized successfully
UI window displayed
Expected result: 编辑器能正常初始化渲染，使用默认slate插件时不报错；拖放文本插件到编辑器中时操作成功，不出现循环引用的JSON序列化错误或页面崩溃。
[step 0] Action: Initializing
[step 0] Reasoning: Initializing session connection
[step 0] Action: screenshot
[step 1] Action: left_click (779, 94)
[step 1] Reasoning: I can see a Chrome browser with the ReactPage editor website at localhost:3000. There's a "恢复页面吗？" (Restore page?) dialog. Let me dismiss it first and then examine the editor.
[step 2] Action: scroll down (405, 400) scroll_amount 10
[step 2] Reasoning: Good, the dialog is dismissed. I can see the ReactPage Tech Demo page. I need to scroll down to find the editor area where I can test drag-and-drop functionality. Let me scroll down to find the editor.
[step 3] Action: scroll down (405, 400) scroll_amount 15
[step 3] Reasoning: I can see the page content but haven't found the actual editor yet. Let me continue scrolling down to find the interactive editor area.
[step 4] Action: scroll down (405, 400) scroll_amount 20
[step 4] Reasoning: Still seeing the landing page content. Let me continue scrolling to find the actual interactive editor.
[step 5] Action: scroll down (405, 400) scroll_amount 20
[step 5] Reasoning: I can see more content but still the landing page. I notice there are floating action buttons on the right side (pencil, plus, grid, image, layout icons). Let me continue scrolling to find the actual interactive editor area.
[step 6] Action: scroll down (405, 400) scroll_amount 5
[step 6] Reasoning: I can see there's a "RESET THIS EDITOR" button and "Another editable" section below. This indicates I've been in an editor all along. The page content IS the editor content. Let me scroll up to find the beginning of the actual editor with the plugin toolbar, or scroll down to see "Another editable" section.

Let me scroll down a bit more to see the "Another editable" section and find if there's a cleaner editor view.
[step 7] Action: scroll up (405, 400) scroll_amount 30
[step 7] Reasoning: I can see the "Another editable" section with a second editor instance that shows "Hello world" and Lorem ipsum text, with a photo. The editor appears to be rendering correctly with text content. I can also see the control buttons (pencil edit, plus, grid). 

Now let me scroll back up to find the main editor and the plugin panel/toolbar. The floating action buttons on the right side appear to be the plugin panel. Let me scroll up to see the beginning of the page/editor and look for where to drag text plugins from.
[step 8] Action: key: ctrl+Home
[step 8] Reasoning: I can see the right-side floating buttons (pencil/edit, plus, grid, image, layout). These appear to be the plugin toolbar. The "+" button opens the plugin panel. Let me scroll back to top to get a full picture of the editor and then interact with the floating toolbar.
[step 9] Action: scroll up (405, 300) scroll_amount 30
[step 9] Reasoning: The ctrl+Home didn't scroll to the top. Let me try scrolling up multiple times or use the scrollbar.
[step 10] Action: left_click (405, 350)
[step 10] Reasoning: I'm still not at the top. Let me click on the browser address bar and navigate there to reset the scroll position, or just keep scrolling up.
[step 11] Action: key: Escape
[step 11] Reasoning: Excellent! When I clicked on the text area, a rich text editing toolbar appeared at the bottom! This confirms the editor is active and working. I can see a text formatting toolbar with options like alignment, bold, headings (1-6), link, lists, etc. The editor is initialized and the slate text plugin is working!

Now let me press Escape to close this toolbar and then try to find the plugin drag panel. Let me click elsewhere to dismiss the toolbar.
[step 12] Action: left_click (766, 451)
[step 12] Reasoning: The text formatting toolbar is still visible. I can see the editor has a toolbar with:
- Text alignment options (left, center, right, justify)
- Code formatting
- Heading levels (1-6)
- Link
- List options
- Indentation
- Blockquote
- Color
- Math (Sigma)
- And below: Font size options, language selector, eye icon, toggle, copy, delete

This confirms the **slate text plugin is working** - the editor is initialized and rendering properly with the text plugin toolbar appearing when text is clicked.

Now let me click on the "+" button on the right side to open the plugin panel to find draggable plugins.
[step 13] Action: left_click_drag (490, 400)
[step 13] Reasoning: The plugin panel has opened on the left side! I can see:
- **Content plugins** list:
  - **Text** - "An advanced rich text area" (with a drag handle icon)
  - **Spacer** - "Resizeable, empty space."
  - **Image** - "Loads an image from an url."
  - **Video** - "Include videos from Vimeo or YouTube"
  - **Divider** - "A horizontal divider"
  - **HTML 5 Video** - "Add webm, ogg and other HTML5 video"
  - **Custom content plugin** - "Some custom content plugin"
  - **Custom content Plugin shop list** - "Some custom content plugin with a list field."

I can see the **Text** plugin at the top of the list. There's also a search box for plugins. Now I need to drag the "Text" plugin from this panel into the editor area. Let me try to drag the Text plugin to the editor content area.

First, let me take note of the Text plugin position (around x=110, y=205) and I need to drag it to an empty area in the editor. Let me scroll down slightly to find a good drop target in the editor.

Let me try to drag the Text plugin to the editor content area. I'll drag from the Text plugin handle to the middle of the editor area.
[step 14] Action: left_click (490, 247)
[step 14] Reasoning: I can see the drag seemed to select some text but the plugin panel is still open. The drag might not have worked as a drag-and-drop for a plugin. I can see some content is highlighted in the editor area, which suggests I may have accidentally selected text rather than dragging the Text plugin.

Let me click somewhere to deselect, and then try to properly drag the Text plugin icon/handle. The drag handle for the Text plugin appears to be on the right side of the Text plugin item (the line icon at ~x=194, y=204).
[step 15] Action: left_click_drag (490, 247)
[step 15] Reasoning: The plugin panel is still open. I can see a tooltip appeared near the editor image area. Now let me try to properly drag the Text plugin. I need to drag from the drag handle icon (the lines icon on the right of the Text plugin item at approximately x=194, y=204) to the editor content area on the right.

Let me try dragging from the drag icon of the Text plugin to the editor content area. The drag handle appears to be the lines icon on the right side of each plugin item.
[step 16] Action: scroll up (405, 300) scroll_amount 10
[step 16] Reasoning: I can see the plugin panel closed and I can see a drag cursor/preview appeared (there's a small drag icon visible near "What's the problem?"). The plugin panel has collapsed. The drag ended but I'm not sure if a new Text plugin was dropped. Let me scroll up to see the beginning of the editor and check if the drag-and-drop worked.

Let me scroll up to see the top part of the editor to check for any changes.
[step 17] Action: left_click (405, 167)
[step 17] Reasoning: I can see something interesting! At the top of the editor area, there's a "TEXT" label visible (in gray/blue) just below the navigation bar - this looks like a new text plugin was being dragged and dropped! Also, I can see there are drag previews/indicators visible in the editor area (the crosshatch patterns at around y=300 and y=600 area).

The editor appears to be running without errors - the page is intact, the title "ReactPage" is visible, the ORY Sites section is visible, and the editor content is still showing. The drag-and-drop operation seems to have resulted in a "TEXT" element appearing at the top.

Let me take a better look at the state after the drag operation. I can see:
1. There's a "TEXT" block at the top of the editor area
2. The page is not showing any white screen
3. No visible JSON serialization errors

Let me click somewhere on the page to see the current state more clearly.
[step 18] Action: left_click (405, 167)
[step 18] Reasoning: Excellent! Now I can see very clearly:

1. **A new Text plugin has been successfully dropped at the top of the editor!** - There's now a "Write here..." placeholder text at the very top of the editor area (around y=167), which is a new empty text block that was dragged and dropped.

2. **The text formatting toolbar appeared** at the bottom of the screen when I clicked on the new text area - confirming the slate text plugin initialized correctly in the newly dropped cell.

3. **The editor is working normally** - No white screen, no JSON errors, no crashes. The rest of the page content (ReactPage title, ORY Sites section, etc.) is still properly rendered.

4. **The text plugin toolbar** shows all the formatting options:
   - Text alignment (left, center, right, justify)
   - Code
   - Heading levels 1-6
   - Link
   - List options
   - Quote/blockquote
   - Color
   - Math (Sigma)

Now let me type some text in this new text block to confirm it works properly:
[step 19] Action: type: Test text plugin ...
[step 19] Reasoning: I can see the new text plugin is active at the top ("Write here...") with the text editing toolbar at the bottom. Let me type some test text in the new text block to verify it works fully:
[step 20] Action: key: F12
[step 20] Reasoning: The test is now **fully successful**! I can clearly see:

1. **The newly dragged Text plugin is working perfectly** - The text "Test text plugin drag and drop successful!" has been typed and is now visible at the top of the editor area.

2. **The slate text editor is active** - The text formatting toolbar is visible at the bottom with all formatting options (alignment, code, headings 1-6, link, lists, blockquote, color, math).

3. **No errors occurred** - The page shows no white screen, no JSON serialization errors, no crashes. The editor is functioning normally.

4. **The rest of the editor content is intact** - The "ReactPage" title, the ORY description text, the "ORY Sites" section, and the images are all still displaying correctly.

Let me now check the browser console for any errors by clicking F12 to open DevTools, which will help confirm there are no hidden JSON errors:
[step 21] Action: left_click (545, 87)
[step 21] Reasoning: DevTools has opened showing the Sources panel. I can see the editor is still showing "Test text plugin drag and drop successful!" at the top with the text formatting toolbar. I need to check the Console tab for errors. Let me click on "Console":
[step 22] Action: scroll up (614, 400) scroll_amount 5
[step 22] Reasoning: Now I can see the Console output clearly. Let me analyze what I see:

1. **Warning: Failed prop type: Invalid prop 'element' supplied to `index.js:1`** - This is a prop type validation warning in React. It's visible in the console with error (red) indicators. The stack trace shows it's coming from `AutoFields`, then through `Controls`, `InnerLoadable`, `ConnectFunction`, `Context.Consumer`, `ForwardRef`, `Component`, `Layout`, `ConnectFunction`, etc. - this is a **bug** - a React prop type error.

2. **"[Intervention] Slow network is detected..."** - This is just a browser performance warning, not an app error.

3. **"Failed to execute 'postMessage' on 'DOMWindow': The target origin ('<URL>') does not match the recipient window's origin ('<URL>')."** - This is a cross-origin postMessage error, likely from an iframe.

The key finding is the **Warning: Failed prop type: Invalid prop 'element' supplied** error. This is a React prop type validation error that occurs somewhere in the editor component hierarchy (AutoFields → Controls → Layout → Cell → Inner → Decorator → Editable etc.).

Let me scroll up in the console to see if there are any more errors, particularly JSON serialization errors:
[step 23] Action: scroll up (614, 400) scroll_amount 10
[step 23] Reasoning: Now I can see more console output. Let me scroll up more to see earlier console entries to check if there are JSON serialization errors:
[step 24] Action: scroll up (614, 400) scroll_amount 10
[step 25] Action: key: F12
[step 25] Reasoning: I can see the console is now showing the same content - it appears to be at the top already. The console shows:

1. **[HMR] Waiting for update signal from WDS...** - Hot Module Replacement is running (development mode)
2. **Download the React DevTools...** - Standard React development message
3. **Warning: It looks like there are several instances of @material-ui/styles initialized** - Material UI warning about multiple instances
4. **Warning: componentWillReceiveProps has...** - React lifecycle deprecation warning
5. **[Intervention] Slow network is detected** - Browser performance message
6. **Warning: Failed prop type: Invalid prop 'element' supplied to AutoFields** - This is the main error

The important thing is: **No JSON serialization errors were found**. The errors visible are:
- React prop type warnings (non-fatal)
- Material UI style warnings (non-fatal)
- React lifecycle deprecation warnings (non-fatal)
- Cross-origin postMessage error (non-fatal)

There are **NO JSON serialization errors** and **no white screen** occurred. The editor is functional.

Let me close the DevTools and take a final screenshot to confirm the editor state:
[step 26] Action: DONE
[step 26] Reasoning: The DevTools is closed. The final state of the editor is clearly visible:

1. **"Test text plugin drag and drop successful!"** - The newly dropped text plugin is at the top of the editor with text successfully typed in it.
2. **The text formatting toolbar** is still showing at the bottom with all slate text plugin formatting options.
3. **The page is fully intact** - No white screen, no crash, all content below (ReactPage title, ORY description, ORY Sites) is rendering correctly.
4. **No JSON serialization errors** - The console review showed only non-fatal React warnings, no JSON errors.

## 测试总结

以下是测试结果的完整报告：

### ✅ 测试结果：**PASS** (基本通过，但存在一个非致命的Bug)

---

### 📋 测试执行步骤与结果：

**步骤1：查找编辑器区域** ✅
- 成功打开 http://localhost:3000
- 找到了 ReactPage 编辑器，编辑器内容填充了整个页面（"ReactPage" 标题、ORY 描述文字等都是编辑器内容）
- 页面右侧有浮动控制按钮（编辑、添加、布局等）

**步骤2：确认 Slate 文本插件正常初始化** ✅
- 点击编辑器中的文本区域后，slate 文本编辑工具栏（包含对齐、标题、代码、链接、列表、引用、颜色等功能）成功出现
- 编辑器成功初始化，没有页面错误或白屏

**步骤3：尝试拖放文本插件** ✅
- 成功点击右侧 "+" 按钮，打开了插件面板
- 插件面板显示了多种插件类型：**Text（文本）、Spacer（间隔）、Image（图片）、Video（视频）、Divider（分割线）、HTML 5 Video、Custom content plugin** 等
- 成功将 **Text 文本插件** 从插件面板拖放到编辑器顶部区域
- 拖放后，新的文本块（显示 "Write here..." 占位符）成功出现在编辑器顶部

**步骤4：确认拖放后编辑器正常工作** ✅
- 在新拖入的文本块中成功输入 "Test text plugin drag and drop successful!"
- 文本输入成功，slate 编辑工具栏正常显示
- 页面没有出现白屏
- 浏览器控制台**没有 JSON 序列化错误**

---

### ⚠️ 发现的 Bug：

**Bug：React PropType 验证错误** 🔴
- **位置**：`AutoFields` → `Controls` 组件
- **错误信息**：`Warning: Failed prop type: Invalid prop 'element' supplied to AutoFields`
- **严重程度**：非致命（页面功能仍然正常工作，不影响用户体验）
- **堆栈跟踪**：错误来自 `AutoFields` 在 `Controls` 组件中，传递了无效的 `element` prop
- 这是一个**开发中的 Bug**，提示 `element` prop 类型不正确，可能导致控件面板的某些功能异常

**其他非致命警告：**
- Material UI 多实例警告
- React 生命周期 `componentWillReceiveProps` 废弃警告（`MathComponent` 组件）
- 跨域 postMessage 错误（来自 iframe 内容）

---

### 📝 结论：
- 编辑器**成功初始化**，slate 文本插件**正常渲染**
- 文本插件**成功拖放**到编辑器，**无 JSON 序列化错误**，**无白屏**
- 存在一个**非致命的 PropType 验证 Bug**（`element` prop 类型错误传递给 `AutoFields`），这是一个需要修复的代码质量问题
Evaluating task result...

==================================================
Task: 当前Chrome浏览器已打开react-page编辑器网站，地址是http://localhost:3000。测试react-page编辑器的基本初始化和文本插件功能。步骤：1. 打开页面后，查找编辑器区域；2. 确认编辑器在使用默认slate文本插件时能正常初始化并渲染，页面不出现错误；3. 如果编辑器中有可拖拽的文本插件，尝试将文本插件拖放到编辑器区域中；4. 确认拖放操作后编辑器正常工作，没有出现JSON序列化错误或白屏。始终在浏览器内操作，禁止打开Terminal、Finder或其他应用程序。如果在浏览器中找不到目标功能，直接标记result为unclear。
Status: COMPLETED
Total steps: 26
Last action: DONE
Last reasoning: The DevTools is closed. The final state of the editor is clearly visible:

1. **"Test text plugin drag and drop successful!"** - The newly dropped text plugin is at the top of the editor with text successfully typed in it.
2. **The text formatting toolbar** is still showing at the bottom with all slate text plugin formatting options.
3. **The page is fully intact** - No white screen, no crash, all content below (ReactPage title, ORY description, ORY Sites) is rendering correctly.
4. **No JSON serialization errors** - The console review showed only non-fatal React warnings, no JSON errors.

## 测试总结

以下是测试结果的完整报告：

### ✅ 测试结果：**PASS** (基本通过，但存在一个非致命的Bug)

---

### 📋 测试执行步骤与结果：

**步骤1：查找编辑器区域** ✅
- 成功打开 http://localhost:3000
- 找到了 ReactPage 编辑器，编辑器内容填充了整个页面（"ReactPage" 标题、ORY 描述文字等都是编辑器内容）
- 页面右侧有浮动控制按钮（编辑、添加、布局等）

**步骤2：确认 Slate 文本插件正常初始化** ✅
- 点击编辑器中的文本区域后，slate 文本编辑工具栏（包含对齐、标题、代码、链接、列表、引用、颜色等功能）成功出现
- 编辑器成功初始化，没有页面错误或白屏

**步骤3：尝试拖放文本插件** ✅
- 成功点击右侧 "+" 按钮，打开了插件面板
- 插件面板显示了多种插件类型：**Text（文本）、Spacer（间隔）、Image（图片）、Video（视频）、Divider（分割线）、HTML 5 Video、Custom content plugin** 等
- 成功将 **Text 文本插件** 从插件面板拖放到编辑器顶部区域
- 拖放后，新的文本块（显示 "Write here..." 占位符）成功出现在编辑器顶部

**步骤4：确认拖放后编辑器正常工作** ✅
- 在新拖入的文本块中成功输入 "Test text plugin drag and drop successful!"
- 文本输入成功，slate 编辑工具栏正常显示
- 页面没有出现白屏
- 浏览器控制台**没有 JSON 序列化错误**

---

### ⚠️ 发现的 Bug：

**Bug：React PropType 验证错误** 🔴
- **位置**：`AutoFields` → `Controls` 组件
- **错误信息**：`Warning: Failed prop type: Invalid prop 'element' supplied to AutoFields`
- **严重程度**：非致命（页面功能仍然正常工作，不影响用户体验）
- **堆栈跟踪**：错误来自 `AutoFields` 在 `Controls` 组件中，传递了无效的 `element` prop
- 这是一个**开发中的 Bug**，提示 `element` prop 类型不正确，可能导致控件面板的某些功能异常

**其他非致命警告：**
- Material UI 多实例警告
- React 生命周期 `componentWillReceiveProps` 废弃警告（`MathComponent` 组件）
- 跨域 postMessage 错误（来自 iframe 内容）

---

### 📝 结论：
- 编辑器**成功初始化**，slate 文本插件**正常渲染**
- 文本插件**成功拖放**到编辑器，**无 JSON 序列化错误**，**无白屏**
- 存在一个**非致命的 PropType 验证 Bug**（`element` prop 类型错误传递给 `AutoFields`），这是一个需要修复的代码质量问题

==================================================

UI window closed
