Session created: sess-20260424142045-bace974f8fdf420b99b89ea6fc9850fb
UI panel initialized successfully
UI window displayed
Expected result: 目录（TOC）组件应完整显示页面中所有标题，包括位于 Notion 分栏布局（column_list / column）内部的 H1、H2、H3 标题，不应有遗漏。点击目录中的对应条目应能正确跳转到相应标题位置。
[step 0] Action: Initializing
[step 0] Reasoning: Initializing session connection
[step 0] Action: screenshot
[step 1] Action: left_click (291, 33)
[step 1] Reasoning: I can see the React Notion X website at localhost:3000, but it shows a message that the public demo has been disabled. Let me check the other tab at localhost:3000 and also look at the OpenClaw Control tab to understand what's available.
[step 2] Action: Open url: http://localhost:3000/
[step 2] Reasoning: Both tabs show the same page. The main page at localhost:3000 shows a message that the public demo has been disabled. Let me check if there are any specific routes or pages in this React Notion X application. Let me look at the source code approach - since the task says I must operate within the browser only, let me try navigating to some known React Notion X demo pages or check if there's a test page available.

Let me try some common routes to find a demo page with content:
[step 3] Action: Open url: http://localhost:3000/test
[step 3] Reasoning: The page shows "Hey 👋 I've disabled the public demo for react-notion-x for now because my Vercel bill keeps increasing due to people abusing the demo." This is the main page message. 

The task asks me to work within the browser-based React Notion X application. Since the public demo is disabled, I need to look for another way to access content. Let me check if there are any local demo pages or test pages by trying different routes. The React Notion X demo typically has a specific page ID in the URL.

Let me try some common paths that might exist in a local development setup:
[step 4] Action: left_click (113, 33)
[step 4] Reasoning: The same message appears. The React Notion X demo site locally is showing the disabled message for all routes. Let me check the other tab that was already open to see if there was a different page. Let me look at the "OpenClaw Control" tab and also try to find any existing content by checking other demo page IDs commonly used in React Notion X:
[step 5] Action: Open url: http://localhost:3000/078d4a882b1845b5a594e279b5736c5e
[step 5] Reasoning: This is the OpenClaw Control interface, which is an AI agent control panel. Now let me go back to the localhost:3000 tab and try different approaches to access the React Notion X content. The task requires me to test the Table of Contents component with column layout.

Let me check the React Notion X demo page IDs that are commonly used. The React Notion X GitHub repository uses specific Notion page IDs for their demo. Let me try a known page ID:
[step 6] Action: Open url: http://localhost:3000/api
[step 6] Reasoning: Still the same disabled message. The application is showing the same "disabled" message for all routes. This is a local development instance that appears to be serving only this message for all URLs.

The task requires me to:
1. Create content in a Notion page with column layout (column_list/column blocks)
2. Place H1, H2, H3 headings inside the columns
3. View the Table of Contents component
4. Check if all headings including those inside columns are listed

Since this is a React Notion X application that renders Notion pages, and it appears to be serving the same disabled message for all routes, let me check if there's any specific endpoint or API that might provide test pages. Let me look at the source page of the application by viewing the page source.

Wait - the task says I must stay in the browser and cannot use terminal or other applications. The application at localhost:3000 is only showing the disabled message. The task mentions creating content in a Notion page - this implies there should be some Notion page editing interface or the app should have specific test pages with this content.

Let me check if there might be a different port or path. The React Notion X library is a renderer - it doesn't have its own content editor. To test it, you typically need a Notion page ID in the URL. Let me look more carefully at the source of the page to understand the app structure:
[step 7] Action: left_click (640, 62)
[step 7] Reasoning: Every route returns the same disabled message. This React Notion X demo application is returning the same "disabled" message for all URL paths. Let me look at the page source to understand the application structure better and see if there's a way to access demo content:
[step 8] Action: type: view-source:local...
[step 9] Action: key: Return
[step 9] Reasoning: I can see there's a cached URL: `view-source:localhost:3000/species/srd_elf`. This suggests the app might have some content routes! Let me navigate to view the page source to understand the app:
[step 10] Action: Open url: http://localhost:3000/species/srd_elf
[step 10] Reasoning: Now I can see the HTML source of the React Notion X app. It's a Next.js application. I can see from the source that:
1. The page props contain `"__N_SSG":true,"page":"/"` - it's a static page
2. The main content is just the "Hey 👋 I've disabled the public demo for react-notion-x" message

The application appears to be a Next.js app. Let me check if there are any cached pages with specific Notion page IDs. I noticed the browser cache had a route `view-source:localhost:3000/species/srd_elf`. Let me try to navigate to that specific path:
[step 11] Action: Open url: http://localhost:3000/_next/static/chunks/pages/
[step 11] Reasoning: That's a 404. So the application has a catch-all route that redirects everything to the disabled message, except for this specific path. Let me try looking at what Next.js pages might be available by checking the `_next/static` content. The React Notion X demo app usually supports URL patterns like `/<notion-page-id>`. 

Looking at the source, I can see it's a Next.js app. Let me check the `_next/static` directory structure to understand what pages are available:
[step 12] Action: Open url: http://localhost:3000/_next/static/development/_buildManifest.js
[step 12] Reasoning: That's also 404. Let me check the source page again more carefully - I remember it mentioned the page has a build path. Let me look at the page source we already loaded and check for any manifest or page data that could tell us what routes are available. 

Let me view the build manifest to understand the available pages:
[step 13] Action: Open url: http://localhost:3000/_next/static/chunks/pages/%5BpageId%5D.js
[step 13] Reasoning: Excellent! Now I can see the build manifest! The app has two routes:
1. `/` (index page)
2. `/[pageId]` (dynamic route for Notion page IDs)

So the app supports `/[pageId]` URLs! The app has a dynamic route for Notion pages. The issue is that when I navigate to a pageId, it needs to fetch from Notion API which may be disabled. 

But the main page shows the "disabled" message. Let me look more carefully at the code to understand the app structure. The app is a standard React Notion X demo that renders Notion pages. I need to check if the local app has access to a Notion database.

Let me look at what the `_next/static/chunks/pages/[pageId].js` page bundle contains to understand if there's any local content or test data:
[step 14] Action: Open url: http://localhost:3000/067dd719a912471ea9a3ac10710e7fdf
[step 14] Reasoning: I can see the Next.js page bundle. The file path shows: `%2FUsers%2Fworker01%2Fbughunt%2Fprojects%2Freact-notion-x-677%2Fexamples%2Fminimal%2Fpages%2F%5BpageId%5D.tsx`

So the project is at: `/Users/worker01/bughunt/projects/react-notion-x-677/examples/minimal/pages/[pageId].tsx`

This is a local development environment. The app has a dynamic route that accepts a page ID. The main page is disabled but the `[pageId]` route exists.

Let me try a known Notion demo page ID from the React Notion X repository. The react-notion-x repo typically uses page IDs like `067dd719a912471ea9a3ac10710e7fdf` (the main demo page) or similar. Let me try navigating to a valid page ID to see if the local dev app can render it:
[step 15] Action: Open url: http://localhost:3000/api/notion-page
[step 15] Reasoning: The same disabled message shows for page IDs too. The app is configured to show this message for all routes. 

Looking at the page bundle source code, I can see it's from `/Users/worker01/bughunt/projects/react-notion-x-677/examples/minimal/pages/[pageId].tsx`. This is a bug-hunting project. The application is intentionally set up this way for testing.

Let me look at the `[pageId].tsx` code more carefully from the bundle to understand the full app logic, particularly to check if there might be an environment variable or API endpoint involved. But let me think about this differently...

The task is asking me to:
1. Create content in a Notion page with columns
2. Place H1, H2, H3 headings inside columns 
3. Check the Table of Contents component

Since this is a React Notion X renderer (not Notion itself), and the app shows the "disabled" message for all routes, I need to look for another approach. 

The task mentions "在 Notion 页面中创建" - create in a Notion page. But this is a renderer - it renders existing Notion pages. The app at localhost:3000 doesn't provide a way to create or edit Notion pages - it only renders them.

Perhaps there's a way to interact with the API directly or there might be a mock data mode. Let me check if there's an API endpoint:
[step 16] Action: Open url: http://localhost:3000/_next/static/chunks/pages/index.js
[step 16] Reasoning: Let me look at the JavaScript bundle source more carefully. From the buildManifest, I know the app has two pages: `/` and `/[pageId]`. The `[pageId].tsx` page fetches from Notion. But the main index route just shows the disabled message.

Let me carefully look at the source code in the JS bundle I previously loaded to understand the `[pageId]` page structure, specifically how it handles disabling:

The key observation from the build manifest is that the app is configured with `"fallback":[]` for the `[pageId]` route, which means it's using ISR (Incremental Static Regeneration). The page must make API calls to Notion.

Since the task requires me to work strictly within the browser and the React Notion X app does not provide any interface to create or edit Notion pages (it's just a renderer), and all routes show the same disabled message, this is fundamentally a limitation of the application.

However, wait - let me re-read the task carefully. The task says:
- "在 Notion 页面中创建包含分栏布局的内容" - Create content with column layout in a Notion page
- "然后查看页面渲染的目录（Table of Contents）组件" - Then check the Table of Contents component in the rendered page
- "检查目录中是否完整列出了所有标题，包括分栏内部的标题" - Check if all headings including those inside columns are listed

This is a bug-hunting task for the react-notion-x library. The task is checking if the Table of Contents correctly includes headings inside column blocks. This is a known behavior issue.

The app needs a Notion page with this specific content to test. Since the app is disabled for public demo, I need to look at the source code more carefully, or maybe the app has been pre-configured with some test page.

Let me look at the source page bundle again, specifically the `index.js` page to understand the main page logic:
[step 17] Action: Open url: http://localhost:3000/_next/static/chunks/main.js
[step 17] Reasoning: I can see this is the index page bundle. The source shows it comes from `pages/index.tsx`. Let me scroll down in this page to look for more content related to the disabled state or any configuration:

Let me try a different approach - look at the `main.js` chunk which usually contains the application logic:
[step 18] Action: Open url: http://localhost:3001
[step 18] Reasoning: This is a minified/obfuscated JS file. Let me try a completely different approach. Since this is a React Notion X project at `/Users/worker01/bughunt/projects/react-notion-x-677/examples/minimal`, let me check if there's a specific route pattern I'm missing.

Looking at the build manifest again: the routes are `/` and `/[pageId]`. Since the `[pageId]` page is catching all page IDs, maybe the issue is that the API call is being intercepted and returning the disabled message.

Let me look for the `lib/config.ts` or similar configuration file. Looking at the URL pattern in the source: the project root is `react-notion-x-677`, meaning this could be version 6.7.7 or branch 677 of the react-notion-x package.

Actually, looking at the task description more carefully, this is about testing a specific behavior of the Table of Contents component in react-notion-x with column blocks. The task is asking me to test whether the TOC properly includes headings that are inside column blocks.

Since this is a browser-only task and the app shows the disabled message, let me check if there's any storybook or test environment running on a different port:
[step 19] Action: Open url: http://localhost:3002
[step 19] Reasoning: Port 3001 shows "Internal Server Error". There are multiple services running. Let me check other ports:
[step 20] Action: Open url: view-source:http://localhost:3000/
[step 20] Reasoning: Port 3002 is not running. The available services are:
- localhost:3000: React Notion X demo (disabled public demo)
- localhost:3001: Internal Server Error

Let me check the source code bundle for the `[pageId].tsx` to understand the data fetching logic. I need to look for how it gets its page ID and where the disabled flag is set. Let me look at the page source more carefully to understand the app configuration:

Let me go back to the original localhost:3000 and look at the page source more carefully. I'll look for environment variable names or configuration that might help:
No application knows how to open URL view-source:http://localhost:3000/ (Error Domain=NSOSStatusErrorDomain Code=-10814 "kLSApplicationNotFoundErr: E.g. no application claims the file" UserInfo={_LSLine=1973, _LSFunction=runEvaluator, _LSFile=LSBindingEvaluator.mm, _LSErrorMessage=kLSApplicationNotFoundErr}).
[step 21] Action: left_click (640, 62)
[step 22] Action: type: view-source:http:...
[step 23] Action: key: Escape
[step 23] Reasoning: Interesting! I can see in the browser history that there's a cached URL for `view-source:http://localhost:3000/feats/srd-2024_alert`. This is very helpful! It means there are actual pages in the app! Let me try to navigate to this path:
[step 24] Action: Open url: http://localhost:3000/feats/srd-2024_alert
[step 24] Reasoning: Wait, I'm still seeing the localhost:3002 error page. The URL bar shows `view-source:http://localhost:3000/`. I notice the browser history has a path for `feats/srd-2024_alert` which might be from this React Notion X project! But this path has slashes, meaning it could be a nested route. Let me navigate to it:
[step 25] Action: left_click (640, 62)
[step 25] Reasoning: That's 404 because the app only accepts `/` and `/[pageId]` routes (single segment). Let me look at the view-source of localhost:3000 properly:
[step 26] Action: key: ctrl+a
[step 27] Action: key: Escape
[step 27] Reasoning: I see that the browser history includes `localhost:3000/feats/srd-2024_alert`. This is actually a different app, probably an OpenClaw Control Panel app which would be accessed from another application context. Let me look at the available tabs again more carefully.

Now let me look at the OpenClaw Control tab which was already open at startup:
[step 28] Action: left_click (88, 33)
[step 28] Reasoning: Let me look at all the tabs by clicking through them to understand the full context of what's open:
[step 29] Action: left_click (152, 33)
[step 29] Reasoning: I can see the OpenClaw Control Panel. Looking at the chat messages, I can see important context:

The message says: "pr677 已启动 mano-cua，执行中" - This confirms that the project at localhost:3000 is react-notion-x-677 (pr677), which is a bug-hunting project.

Also I can see reference to "SSR渲染崩溃（uuidTold收到undefined），Notion页面返回500" - SSR rendering crash, Notion page returns 500.

And the previous pr591 status: "react-notion-x-pr591 | deploy_failed | SSR渲染崩溃（uuidTold收到undefined），Notion页面返回500，commit级别断（仅此1张用此commit）"

This is critical information. The app at localhost:3000 is a development instance of react-notion-x that is intended to be tested. The main page shows "disabled" but there might be specific page IDs that can be loaded.

Let me now navigate back to the localhost:3000 tab and look at the first "local" tab more carefully:
[step 30] Action: left_click (216, 33)
[step 30] Reasoning: Good, this is the main localhost:3000 tab showing the disabled message. Now let me look at all the remaining local tabs to see what other pages have been loaded:
[step 31] Action: left_click (279, 33)
[step 32] Action: left_click (341, 33)
[step 33] Action: left_click (408, 33)
[step 34] Action: left_click (660, 33)
[step 34] Reasoning: I can see that this tab has a Notion page ID: `078d4a882b1845b5a594e279b5736c5e` - but it still shows the disabled message. Let me look at some of the other tabs with different page IDs:
[step 35] Action: left_click (724, 33)
[step 35] Reasoning: This is the build manifest tab. The manifest confirms:
- Routes available: `/` (index), `/_error` (error), `/[pageId]` (dynamic)
- Sorted pages: `["\u002F", "\u002F_app", "\u002F_error", "\u002F[pageId]"]`

So the app only has two user-facing routes: `/` and `/[pageId]`. The `/[pageId]` route should accept Notion page IDs. 

The issue is that the app is showing the same "disabled" message for both `/` and all pageId routes. This is because the entire demo has been disabled - the `[pageId].tsx` file likely checks a condition and shows the disabled message.

Now let me look at the source code of the `[pageId].tsx` bundle to understand if there's a way to bypass the disabled check. Let me check the `[pageId].js` bundle:
[step 36] Action: key: ctrl+f
[step 36] Reasoning: Excellent! This is the `[pageId].js` bundle! The source code references are from `/Users/worker01/bughunt/projects/react-notion-x-677/examples/minimal/pages/[pageId].tsx`. I can see it's a webpack bundle. Let me scroll down to find the `isPreviewImageSupportEnabled` or any disabled check:

Let me use Cmd+F to search for important patterns in this source:
[step 37] Action: key: Escape
[step 37] Reasoning: The Ctrl+F didn't open a find bar in this page because it's a very long JavaScript file. Let me try using Cmd+F:
[step 38] Action: left_click (787, 33)
[step 38] Reasoning: The `[pageId].js` bundle is a webpack bundle with obfuscated code. The code is very long and hard to read. Let me check the other tabs with page IDs. Let me look through more tabs systematically to find any tab that has rendered content:
[step 39] Action: left_click (913, 33)
[step 39] Reasoning: Page ID `067dd719a912471ea9a3ac10710e7fdf` - this is the known React Notion X demo page! Still showing disabled. Let me check the remaining tabs:
[step 40] Action: scroll down (640, 400) scroll_amount 20
[step 40] Reasoning: This is the `index.js` bundle source. I can see from the code that it's referencing `pages/index.tsx` from the project directory. Let me scroll down to find the content of the index page component:
[step 41] Action: left_click (978, 33)
[step 41] Reasoning: I can see from this source code the text "keeps increasing due to people abusing the demo." which is clearly the disabled message from the index page. The code confirms this is a Next.js app with the demo disabled. 

Let me now take a completely different approach. Since this is a bug-hunting project and the app is configured to use Notion API for rendering, I need to look for a way to use the existing React Notion X rendering functionality. 

Let me look at the remaining tabs to check if there are any tabs that might have rendered content:
[step 42] Action: left_click (1042, 33)
[step 43] Action: left_click (1104, 33)
[step 44] Action: left_click (1168, 33)
[step 44] Reasoning: This tab is trying to load `view-source:http://localhost:3000/` but it's showing a connection refused error - this is interesting. This might mean that the view-source was loaded previously when the server was running differently.

Let me look at the last tab:
[step 45] Action: Open url: http://localhost:3000/api/page/067dd719a912471ea9a3ac10710e7fdf
[step 45] Reasoning: The last tab is `localhost:3000/feats/srd-2024_alert` which returns 404. This confirms that the app only accepts single-segment pageId routes like `/[pageId]`.

Now let me summarize what I know:
1. The React Notion X app at localhost:3000 is running in development mode
2. The index route (`/`) shows the "demo disabled" message
3. The `[pageId]` route also shows the "demo disabled" message for any page ID
4. The app has no built-in content editor - it's a renderer

Let me now look at what might be in the source code of the `[pageId].tsx` bundle to understand how to access real content. Let me revisit the `[pageId].js` tab and look for the actual page data fetching logic:

I notice from the source bundle path: `absolutePagePath=%2FUsers%2Fworker01%2Fbughunt%2Fprojects%2Freact-notion-x-677%2Fexamples%2Fminimal%2Fpages%2F%5BpageId%5D.tsx`

The project is at: `/Users/worker01/bughunt/projects/react-notion-x-677/examples/minimal/`

This is a bug-hunting environment. Let me now try to directly access the Next.js API routes that might be used to serve Notion page data. The Next.js Notion demo typically has a route like `/api/page` or similar. Let me check:
[step 46] Action: left_click (750, 33)
[step 46] Reasoning: The `/api/page/...` route returns 404. No API routes available. Let me now look at the `[pageId].js` bundle source code more carefully to understand the server-side logic. The key is to understand what condition makes the app show the "disabled" message. 

Looking at the source I've already seen from the index.js bundle, I saw the text "I've disabled the public demo for react-notion-x for now because my Vercel bill keeps increasing due to people abusing the demo." This suggests there's a configuration flag.

Let me look at what env variables the app uses by checking the bundle. Let me go to the `[pageId].js` tab and search for "disabled" or "enabled" or "NOTION":

Let me look at the `[pageId]` bundle source tab more carefully. I'll go to the tab that has this URL:
`localhost:3000/_next/static/chunks/pages/%5BpageId%5D.js`
[step 47] Action: Open url: view-source:http://localhost:3000/067dd719a912471ea9a3ac10710e7fdf
[step 47] Reasoning: This is the tab with page ID `067dd719a912471ea9a3ac10710e7fdf`. Let me look at the source of this page to understand how the disabled message is being served:
No application knows how to open URL view-source:http://localhost:3000/067dd719a912471ea9a3ac10710e7fdf (Error Domain=NSOSStatusErrorDomain Code=-10814 "kLSApplicationNotFoundErr: E.g. no application claims the file" UserInfo={_LSLine=1973, _LSFunction=runEvaluator, _LSFile=LSBindingEvaluator.mm, _LSErrorMessage=kLSApplicationNotFoundErr}).
[step 48] Action: Open url: http://localhost:3000/_next/static/chunks/
[step 48] Reasoning: The view-source:// navigation didn't open a new tab - it seems the existing tab remains on the page. Let me try with Chrome's view-source protocol. But looking at the page, the HTML source will just be the HTML with the disabled message.

Let me check the page source by opening a new tab and using view-source:

Let me take a fundamentally different approach. The application is showing a disabled message. Based on the source code I can see in the bundle, the config has `isPreviewImageSupportEnabled`, `isSearchEnabled`, etc. Let me look at the webpack chunks that contain the actual `react-notion-x` library rendering code to understand what the TableOfContents component does.

Let me look at the actual react-notion-x library bundle file:
[step 49] Action: Open url: http://localhost:6006
[step 49] Reasoning: The chunks directory listing returns 404. But I can see from the tab titles there are many `localhost` tabs. Let me look at the `_next/static/chunks` files by their hash. I previously accessed the `[pageId].js` file - that was a page bundle. Let me try to find the framework chunk that might contain the react-notion-x code:

Since I can't list the directory, let me think about what I know about React Notion X's bundle structure. The main library code would be in one of the numbered chunk files. But I don't know the exact filename without the directory listing.

Let me try a different approach entirely. Let me look at if there's a Storybook or test runner on other ports. I already checked 3001 (internal error) and 3002 (connection refused). Let me check some more:
[step 50] Action: left_click (88, 33)
[step 50] Reasoning: Port 6006 (Storybook) is not running (connection refused).

Now let me take a step back and think about what the task is really asking:

1. The task says "在 Notion 页面中创建包含分栏布局（column_list / column）的内容" - Create content with column layout in a Notion page

React Notion X is a **renderer** - it renders existing Notion pages fetched from the Notion API. The user cannot "create" content in a Notion page through the React Notion X demo app. The demo app just renders existing Notion page content.

2. The task then says to "查看页面渲染的目录（Table of Contents）组件" - view the rendered Table of Contents component

3. "检查目录中是否完整列出了所有标题，包括分栏内部的标题" - Check if all headings including those inside columns are listed

This is a **code inspection / bug finding task**. The task is asking me to:
- Find if the react-notion-x Table of Contents (TOC) component properly includes headings that are inside column blocks
- This is likely a known bug in this version of react-notion-x

Since the app at localhost:3000 is disabled for all page routes, and the app has no way to create content (it's a renderer, not an editor), I need to look at this from the source code perspective. 

However, the task explicitly says "始终在浏览器内操作" (always operate within the browser) and "禁止打开 Terminal、Finder 或其他应用程序" (forbidden to open Terminal, Finder, or other applications). And if "找不到目标功能，直接标记 result 为 unclear" (can't find the target function, mark result as unclear).

Since:
1. The React Notion X demo app at localhost:3000 is fully disabled - it shows the same "disabled" message for all routes
2. There is no content editing interface (it's a renderer, not an editor)
3. There is no way to render any Notion page with column layout through the browser interface
4. The task requires creating Notion page content with columns and then viewing the TOC component - neither of which can be done through the disabled app

However, I still have one approach - maybe I can look at the source code through the browser to understand the TOC component behavior. Let me look at the webpack chunks that contain the react-notion-x library code:

Let me look at what tab is for the `_next/static/chunks/pages/[pageId].js`:
[step 51] Action: left_click (684, 33)
[step 51] Reasoning: I can now see the OpenClaw Control Panel clearly. The chat shows:
- "react-notion-x-pr591 | deploy_failed | SSR渲染崩溃（uuidTold收到undefined），Notion页面返回500，commit级断（仅此1张用此commit）"
- "pr677 已启动 mano-cua，执行中。"

The OpenClaw system is running tests against the react-notion-x pr677. The app at localhost:3000 is a specific version of react-notion-x. The "pr677" suggests this is testing pull request #677 of react-notion-x.

The key issue here is:
1. The app at localhost:3000 shows "disabled" for all routes
2. There's no way within the browser to create Notion page content with columns
3. There's no way within the browser to view the TOC component with column headings

Let me now look at the source code of the `[pageId].js` bundle to understand what the app actually renders when it gets a valid page:

Let me try yet another approach - looking for the `[pageId].js` tab in the browser and searching for "tableofcontents" or "column" in the source:
[step 52] Action: Open url: http://localhost:3000/_next/static/chunks/pages/%5BpageId%5D.js
[step 52] Reasoning: I can see that this is the `localhost:3000/067dd719a912471ea9a3ac10710e7fdf` tab showing the disabled message. 

Now, I need to approach this task from the source code analysis angle. The bundle file for `[pageId].js` contains the react-notion-x library code. Let me access that bundle and search for the TableOfContents component logic.

Let me navigate to the `[pageId].js` bundle:
[step 53] Action: left_click (640, 400)
[step 53] Reasoning: Now I can see the `[pageId].js` bundle! It's loading properly. I can see:
- It comes from `pages/[pageId].tsx` 
- The source path is `%2FUsers%2Fworker01%2Fbughunt%2Fprojects%2Freact-notion-x-677%2Fexamples%2Fminimal%2Fpages%2F%5BpageId%5D.tsx`

But wait - the URL shows 404 in the tooltip! Yet the content is loading... No, I see now - the tooltip is from a previous page. The `[pageId].js` bundle IS loading. I can see the webpack bundle code.

Let me now use Cmd+F to search for "tableofcontents" or "column" in this bundle:
[step 54] Action: key: ctrl+f
[step 55] Action: key: super+f
[step 55] Reasoning: Ctrl+F didn't open a search bar. Let me try Cmd+F:
[step 56] Action: triple_click
[step 56] Reasoning: The search bar opened. Now let me search for "TableOfContents" or "table_of_contents" in the bundle:
[step 57] Action: type: TableOfContents
[step 57] Reasoning: The search is showing "0/0" meaning the current search term "popup" doesn't match. Let me type "tableofcontents":
[step 58] Action: key: Escape
[step 58] Reasoning: The search shows "TableOfContents: 0/0" - no results found in this `[pageId].js` bundle. This is because the TableOfContents component is part of the `react-notion-x` library which is loaded as a separate chunk, not directly in the `[pageId].js` bundle. 

Let me look for the main react-notion-x library chunk. In Next.js development mode, all chunks are split. Let me close this search and check the main.js or other chunks:
[step 59] Action: screenshot
[step 59] Reasoning: The `[pageId].js` bundle doesn't contain the TableOfContents component - it imports it from the react-notion-x library which would be in a separate webpack chunk. 

Now let me think about this differently. The task is specifically about testing the React Notion X application. The key question is: **does the Table of Contents component include headings that are inside column blocks?**

This is a well-known behavior in React Notion X. The `getPageTableOfContents` utility function in react-notion-x extracts heading blocks from the page. If it doesn't traverse into `column_list` and `column` blocks to find headings, then headings inside columns would be missing from the TOC.

Since the app at localhost:3000 is completely disabled and I cannot:
1. Create Notion page content with columns
2. View any rendered page with a Table of Contents
3. Test any functionality through the browser UI

And the task explicitly says to mark as "unclear" if I can't find the target functionality, let me now make my determination.

Let me take a final screenshot of the current state and then look for any possibility I might have missed:
[step 60] Action: Open url: http://localhost:3000/_next/static/development/_ssgManifest.js
[step 60] Reasoning: Now let me look at the react-notion-x source code that would be in the separate webpack chunk. In development mode, the library is typically imported as a module and would be in the `_next/static/chunks/` directory. Let me try to find the react-notion-x specific chunk by looking at the webpack's chunk manifest. 

Actually, the most important thing is to look at the source of the `getPageTableOfContents` function. This function is in the `react-notion-x` package. Let me look for chunks that might contain this function. In Next.js development, the chunks are usually numbered. Let me try to access them:

Let me look at the `_next/static/development` folder first which typically has some mapping files:
[step 61] Action: Open url: view-source:http://localhost:3000
[step 61] Reasoning: Good, the SSG manifest is empty - just `self.__SSG_MANIFEST_CB&&self.__SSG_MANIFEST_CB()`. This confirms that no pages have been statically generated. The app is in development mode and uses SSR (or shows the disabled message).

Now I've confirmed that:
1. The React Notion X demo at localhost:3000 is completely disabled for all page routes
2. All pages (including Notion page routes) show the "Hey 👋 I've disabled the public demo" message
3. There are no pre-generated static pages
4. The app has no content creation interface (it's a renderer, not an editor)
5. There is no way to create Notion page content with columns through the browser
6. There is no way to view the Table of Contents component

Since I cannot access the actual functionality from within the browser (the app is disabled, no content can be created or viewed), and the task requires me to:
1. Create column layout content in a Notion page - **Not possible through this browser-based app**
2. View the rendered Table of Contents - **Not possible as the app is disabled**
3. Check if headings inside columns appear in TOC - **Not possible to test**

However, let me look at the source code of react-notion-x from the webpack chunks to analyze the `getPageTableOfContents` function behavior. This is a code inspection approach within the browser.

The react-notion-x library code would be in one of the numbered webpack chunks. Let me try to find it by looking at what chunks are loaded when visiting a page. Let me look at the page's script tags:

Let me navigate to the main page and inspect what scripts are loaded:
No application knows how to open URL view-source:http://localhost:3000 (Error Domain=NSOSStatusErrorDomain Code=-10814 "kLSApplicationNotFoundErr: E.g. no application claims the file" UserInfo={_LSLine=1973, _LSFunction=runEvaluator, _LSFile=LSBindingEvaluator.mm, _LSErrorMessage=kLSApplicationNotFoundErr}).
[step 62] Action: left_click (640, 62)
[step 62] Reasoning: Hmm, this showed the _ssgManifest.js instead of the view-source. The view-source URL was opened but Chrome redirected to the manifest file. Let me try directly:
[step 63] Action: triple_click
[step 63] Reasoning: I can see the URL bar is editable. Let me type the correct URL to view the source of the main page:
[step 64] Action: type: http://localhost:...
[step 65] Action: key: Escape
[step 65] Reasoning: Excellent! The browser history shows some very interesting URLs! I can see:
1. `http://localhost:3000/spells/druidcraft` - From "Open5e" website
2. `http://localhost:3000/mux-player-test.html` - From "<mux-elements> Web Components"
3. `http://localhost:3000/modules/modal` - From "Modal - Semantic UI React"

These history entries from localhost:3000 are from **different local development servers** that have run on this machine at different times. The current localhost:3000 is the React Notion X app, but these history entries are from other projects that previously ran on port 3000.

Wait - this is very important! These are BROWSER HISTORY entries, not current routes. The browser remembers that `localhost:3000` previously served Open5e, mux-player test, and Semantic UI React. These are from different development sessions.

This confirms that localhost:3000 currently serves ONLY the React Notion X application, which has the disabled demo.

Let me press Escape and think about what to do next:
[step 66] Action: key: Return
[step 66] Reasoning: Interesting - the current page still shows the `_ssgManifest.js` content but the URL bar shows `http://localhost:3000`. This is the SSG Manifest tab. Let me look at the actual source by going to the `localhost:3000` route properly. Let me click Return to navigate:
[step 67] Action: Open url: http://localhost:3000/_next/static/webpack/
[step 67] Reasoning: I can confirm that `localhost:3000` shows the disabled message: "Hey 👋 I've disabled the public demo for react-notion-x for now because my Vercel bill keeps increasing due to people abusing the demo."

Now I have all the information I need to make a determination. The React Notion X application at localhost:3000 is completely disabled. All routes show the same disabled message. There is no way to:
1. Create or view Notion page content with column layouts through the browser
2. View the rendered Table of Contents (TOC) component
3. Test whether headings inside column blocks appear in the TOC

However, there's one more thing I should check - let me look at the source code of the `react-notion-x` library through the webpack chunks to analyze the `getPageTableOfContents` function. This function determines which blocks appear in the TOC.

Let me try to find and access the react-notion-x library source code chunk. In development mode, Next.js creates chunks for each module. Let me check for chunks that contain the react-notion-x package:

Looking at the `[pageId].js` bundle, it imports from react-notion-x. The library itself would be in a separate chunk. Let me look at the webpack chunk manifest or try to find chunks by their IDs. 

But actually, since I've been through this extensively, let me now try to access the source code through the `_next/static/webpack/` directory which might have source maps or chunk files:
[step 68] Action: left_click (1124, 33)
[step 68] Reasoning: The webpack directory listing returns 404 too. The Next.js static file serving doesn't support directory listing. 

Let me now take a comprehensive look at what's available. I notice the tab count has grown - I now have even more tabs. Let me look at the current tab count and try to find any tab that has rendered content. I can see from the tab bar that there seem to be many tabs. Let me look at the rightmost tab that might have new content:
[step 69] Action: DONE
[step 69] Reasoning: This is the same disabled message from localhost:3000. The React Notion X application at localhost:3000 consistently shows the disabled message for all routes.

After extensive investigation, I have confirmed that:

1. **The React Notion X app at localhost:3000 is completely disabled** - it shows "Hey 👋 I've disabled the public demo for react-notion-x for now because my Vercel bill keeps increasing due to people abusing the demo." for ALL routes (/, /[any-page-id], /test, etc.)

2. **The app is a renderer, not an editor** - React Notion X is a library that renders Notion pages. It does NOT have a content creation interface. Users cannot create Notion pages through this web interface.

3. **No Notion page content can be accessed** - Since the app fetches from Notion API and the demo is disabled, no actual Notion page content is rendered.

4. **The Table of Contents component cannot be tested** - Without any rendered Notion page content, there is no TOC to inspect.

5. **The target functionality (creating column layouts and viewing TOC) cannot be accessed** through the browser-only interface at localhost:3000.

Based on the task instructions: "如果在浏览器中找不到目标功能，直接标记 result 为 unclear，result_summary 写明未在页面中找到目标功能入口。"

**Result: unclear**

**Result Summary**: 在 localhost:3000 的 React Notion X 应用中，无法找到目标功能的入口。具体原因如下：

1. **应用已禁用**：所有路由（包括 `/` 主页和 `/[pageId]` 动态路由）均显示相同的禁用提示："Hey 👋 I've disabled the public demo for react-notion-x for now because my Vercel bill keeps increasing due to people abusing the demo."

2. **React Notion X 是渲染器，不是编辑器**：该应用只能渲染来自 Notion API 的页面内容，没有任何内容创建或编辑界面，无法在浏览器中"创建包含分栏布局的 Notion 页面"。

3. **无法查看 Table of Contents 组件**：由于应用禁用，没有任何 Notion 页面内容被渲染，因此无法查看页面中的目录（TOC）组件。

4. **无法测试分栏内标题是否出现在目录中**：由于以上限制，核心测试目标（分栏布局内的 H1/H2/H3 标题是否列入 TOC）无法在浏览器内通过正常 UI 操作进行验证。
Evaluating task result...

==================================================
Task: 当前Chrome浏览器已打开React Notion X网站，地址是http://localhost:3000/。在 Notion 页面中创建包含分栏布局（column_list / column）的内容，在分栏内放置 H1、H2、H3 级别的标题块，然后查看页面渲染的目录（Table of Contents）组件，检查目录中是否完整列出了所有标题，包括分栏内部的标题。 请始终在浏览器内操作，禁止打开 Terminal、Finder 或其他应用程序。如果在浏览器中找不到目标功能，直接标记 result 为 unclear，result_summary 写明未在页面中找到目标功能入口。
Status: COMPLETED
Total steps: 69
Last action: DONE
Last reasoning: This is the same disabled message from localhost:3000. The React Notion X application at localhost:3000 consistently shows the disabled message for all routes.

After extensive investigation, I have confirmed that:

1. **The React Notion X app at localhost:3000 is completely disabled** - it shows "Hey 👋 I've disabled the public demo for react-notion-x for now because my Vercel bill keeps increasing due to people abusing the demo." for ALL routes (/, /[any-page-id], /test, etc.)

2. **The app is a renderer, not an editor** - React Notion X is a library that renders Notion pages. It does NOT have a content creation interface. Users cannot create Notion pages through this web interface.

3. **No Notion page content can be accessed** - Since the app fetches from Notion API and the demo is disabled, no actual Notion page content is rendered.

4. **The Table of Contents component cannot be tested** - Without any rendered Notion page content, there is no TOC to inspect.

5. **The target functionality (creating column layouts and viewing TOC) cannot be accessed** through the browser-only interface at localhost:3000.

Based on the task instructions: "如果在浏览器中找不到目标功能，直接标记 result 为 unclear，result_summary 写明未在页面中找到目标功能入口。"

**Result: unclear**

**Result Summary**: 在 localhost:3000 的 React Notion X 应用中，无法找到目标功能的入口。具体原因如下：

1. **应用已禁用**：所有路由（包括 `/` 主页和 `/[pageId]` 动态路由）均显示相同的禁用提示："Hey 👋 I've disabled the public demo for react-notion-x for now because my Vercel bill keeps increasing due to people abusing the demo."

2. **React Notion X 是渲染器，不是编辑器**：该应用只能渲染来自 Notion API 的页面内容，没有任何内容创建或编辑界面，无法在浏览器中"创建包含分栏布局的 Notion 页面"。

3. **无法查看 Table of Contents 组件**：由于应用禁用，没有任何 Notion 页面内容被渲染，因此无法查看页面中的目录（TOC）组件。

4. **无法测试分栏内标题是否出现在目录中**：由于以上限制，核心测试目标（分栏布局内的 H1/H2/H3 标题是否列入 TOC）无法在浏览器内通过正常 UI 操作进行验证。

==================================================

UI window closed
