Session created: sess-20260427221306-08ecdea40634467a9f417b4072b7cd77
UI panel initialized successfully
UI window displayed
Expected result: 点击轮播中的图片或幻灯片元素时，绑定的click事件处理函数应正常被调用，事件对象（event）参数应正确传递。如果click事件不触发、事件参数缺失或点击后无任何响应则为bug。
[step 0] Action: Initializing
[step 0] Reasoning: Initializing session connection
[step 0] Action: screenshot
[step 1] Action: Minimize panel
[step 1] Reasoning: I can see the React Slick carousel demo page is open. I can see multiple carousel examples: "Single Item", "Multiple Items", and "Multiple Rows". Let me first minimize the task panel so it doesn't overlap, then open Chrome DevTools Console to monitor click events.
[step 2] Action: key: F12
[step 2] Reasoning: Good, the panel is minimized. Now I can see the page clearly. I can see:
1. "Single Item" carousel with slide "1" 
2. "Multiple items" carousel showing slides 1, 2, 3
3. "Multiple Rows" carousel

Let me open Chrome DevTools Console first to monitor any click events or console outputs.
[step 3] Action: left_click (114, 417)
[step 3] Reasoning: DevTools opened but it seems to have opened in mobile device emulation mode. I can see the Console tab at the bottom. Let me click on the Console tab to focus on it and also switch back to normal desktop view. First, let me click on the Console tab.
[step 4] Action: left_click (11, 417)
[step 4] Reasoning: I can see DevTools is open and showing the Console area. The page appears to be in mobile emulation mode. Let me first turn off the mobile device emulation by clicking the device icon in the toolbar, then switch to the Console tab properly. Let me first click on the device emulation toggle icon to disable it.
[step 5] Action: left_click (30, 417)
[step 5] Reasoning: The page still shows in mobile mode. Let me try clicking the device toggle icon at the top-left of the DevTools panel to disable device emulation.
[step 6] Action: left_click (40, 537)
[step 6] Reasoning: The page is back to normal desktop view with DevTools open at the bottom. I can see the Console tab is selected. The console shows:
1. `[HMR] Waiting for update signal from WDS...` 
2. A React DevTools suggestion
3. `[Intervention] Slow network is detected...` warning

Now let me click on the "Console" tab at the bottom to make sure it's the active tab and clear the console before testing clicks.
[step 7] Action: left_click (640, 500)
[step 7] Reasoning: Good, now I can see the Console tab is active and the console shows the existing messages. Let me first clear the console to have a clean state before testing, then click on the carousel slides.

Let me clear the console first using Ctrl+L:
[step 8] Action: left_click (640, 499)
[step 8] Reasoning: Good. Now I can see the console and the page. Let me first use the console to add a global click event listener to monitor all clicks on the carousel, and then click on the carousel slides. Let me click in the console input area at the bottom and type a command to set up event monitoring.

Let me click on the console input area (the `>` prompt at the bottom):
[step 9] Action: type: document.querySel...
[step 9] Reasoning: I can see the cursor is now at the `>` prompt in the console. Now let me type a JavaScript command to add a click event listener to all slider elements so we can monitor click events:
[step 10] Action: key: Return
[step 10] Reasoning: I can see the command has been typed in the console. Now let me press Enter to execute it:
[step 11] Action: left_click (640, 225)
[step 11] Reasoning: Excellent! The script executed successfully. I can see:
- **"Click listeners added to 407 slides"** - This means the page has 407 slide elements (`.slick-slide` elements), and we've added click listeners to all of them.

Now let me click on the "Single Item" carousel slide (slide with number "1") to see if any click event is captured:
[step 12] Action: left_click (40, 537)
[step 12] Reasoning: Interesting! When I clicked on the slide, the DevTools switched to the **Elements** tab and highlighted the element I clicked on. I can see the element structure in the Elements panel:
- It shows `h3` element inside the slide
- The breadcrumb at the bottom shows: `html > body > div#rapp > div > div > div > div.content > div > div > div.slick-slide.slick-active.slick-current > div > h3`

But I notice the console tab wasn't shown to capture the click event. Let me click on the Console tab to see if our click listener logged anything:
[step 13] Action: left_click (114, 417)
[step 13] Reasoning: I can see the Console tab is selected. The console shows the earlier messages but no "Slide clicked!" log message. This is likely because clicking inside the DevTools inspector triggered the element inspection instead of a real click on the slide. Let me close the element inspector view and click properly on the slide again. Let me click on the "Console" tab to focus the console properly:
[step 14] Action: left_click (640, 225)
[step 14] Reasoning: Good, now the Console tab is selected and I can see the console output. The console shows "Click listeners added to 407 slides". Now let me click on the slide (the blue area with "1" in the Single Item carousel) to see if the click event fires:
[step 15] Action: left_click (159, 417)
[step 15] Reasoning: **Excellent! The click event was captured!** I can see in the console:

```
Slide clicked! Index: 1 Element: <h3>1</h3>     Target class:
```

This confirms that:
1. **The click event fired** on the slide
2. The clicked element is an `h3` element containing "1" 
3. The **Target class is empty** (no specific CSS class on the h3 element)
4. The slide index is **1** (0-indexed would be the second slide element)

The click was received by our manually added listener. However, the key question is: **does the React app itself have any click handlers on the slides?** The fact that only our manually added listener fired and there was no app-defined console output suggests the React app's carousel slides don't have their own click handlers.

Let me now check if the page source has any `onClick` handlers defined for the slides. Let me scroll down to see if there are more carousel examples with specific click handlers, and also check the source code. First, let me scroll down to see all the carousel examples:
[step 16] Action: left_click (62, 514)
[step 16] Reasoning: I clicked on the "Sources" tab. I can see the file structure:
- `top`
  - `localhost:8080`
    - `fonts`
    - `img/react-slick`
    - `(index)`

I can also see in the console at the bottom:
- **"Click listeners added to 407 slides"**
- **"Slide clicked! Index: 1 Element: `<h3>1</h3>` Target class:"**

The click event was captured successfully. Let me click on `(index)` to look at the source file to find if there are any onClick handlers:
[step 17] Action: left_click (22, 469)
[step 17] Reasoning: I can see the `(index)` file is now open showing the HTML source. This is the HTML file. I need to find the JavaScript source files that contain the React component code. Let me expand the file tree to find JS files. Let me look for more files in the sources tree:
[step 18] Action: left_click (114, 417)
[step 18] Reasoning: I can see the file structure and there seems to be a `docs.js` file that was hidden. Let me scroll down in the file tree to see more files. But first, let me switch to the console tab to check what's happening with the click events and also use the console to check if there's any `onSwipe`, `onClick` or related handler in the React props. Let me switch to Console tab:
[step 19] Action: left_click (640, 563)
[step 19] Reasoning: I can clearly see the console output shows:
- **"Slide clicked! Index: 1 Element: `<h3>1</h3>` Target class:"**

The click was successfully captured. Now let me check if the React Slick component itself has any built-in click handlers. Let me use the console to inspect the React fiber nodes to check for any React `onClick` props on the slide components. Let me type in the console:
[step 20] Action: type: // Check if slick...
[step 20] Reasoning: Good, the console prompt is active. Now let me check if the react-slick component has any `onClickHandler` or built-in click handler by examining the React fiber. Let me also check if the page source has any onClick handlers. Let me type a command to check the existing click handlers:
[step 21] Action: key: Return
[step 21] Reasoning: Good, the code has been entered in the console. Now let me press Enter to execute it:
[step 22] Action: left_click (640, 623)
[step 22] Reasoning: **Very interesting discovery!** The console output reveals:

1. **"Fiber key: `__reactInternalInstance$iyhuj2cgt8`"** - The React fiber key was found
2. **"onClick in fiber props: `f (t){p.props&&p.props.onClick&&(t,e.focusOnSelect&&e.focusOnSelect(d)}`"** - There IS an **`onClick` handler** in the React fiber's pending props!
3. **"onMouseDown in fiber props: `undefined`"** - No mouse down handler

This is a crucial finding! The `slick-slide` element has a built-in React `onClick` handler from the react-slick library itself: `f (t){p.props&&p.props.onClick&&(t,e.focusOnSelect&&e.focusOnSelect(d)}`.

This means the react-slick component:
1. **Does capture click events** on slides
2. Calls `p.props.onClick` if it's defined (in this demo, no user-defined onClick is passed)
3. Also calls `e.focusOnSelect` if `focusOnSelect` option is enabled

Let me now investigate further - I want to check if there are any examples that have a `clickHandler` set up. Let me scroll down on the page to look at all the carousel examples and check if any have click handlers defined. First, let me close the DevTools and scroll through the page:
[step 23] Action: left_click (640, 623)
[step 23] Reasoning: Let me now check if there are examples with `focusOnSelect` enabled by looking at the page source more carefully. I'll search for "onClick" in the source code. Let me use the console to look for this in the page source (checking the actual JS bundle). Let me try a different approach - use the console to examine the React component props more thoroughly by looking at the top-level React component:
[step 24] Action: type: // Find all carou...
[step 24] Reasoning: Good, the console prompt is active. Now let me scroll down the page to look for more carousel examples that might have click handlers or links. But first, let me check if there's a specific example with `onClickHandler` in the docs. Let me scroll the page to find all examples:

Let me type a command to scroll the page and look for all carousel section headings:
[step 25] Action: key: Return
[step 25] Reasoning: Good, the command has been entered. Let me press Enter to execute it:
[step 26] Action: scroll up (640, 530) scroll_amount 3
[step 26] Reasoning: I can see the headings list. Let me scroll up in the console to see more headings. I can see:
- H3: 3, 4, 5, 6
- **H2: Multiple items**
- H3: 7, 8, 9, 1, 2

These are slide number labels. Let me scroll up to see more from the beginning of the list:
[step 27] Action: scroll up (640, 530) scroll_amount 3
[step 28] Action: left_click (640, 623)
[step 28] Reasoning: Now I can see:
- **"Headings found: 423"** - There are 423 heading elements on the page
- The first ones are:
  - **H2: Single Item** - The first carousel section
  - **H3: 6** (slide 6 from single item)
  - H3: 1, 2, 3, 4, 5, 6, 1, 2... (slide numbers)

The page has many carousel examples. Let me now use the console to find all the section H2 headings to understand which carousels are on the page:
[step 29] Action: scroll down (640, 530) scroll_amount 5
[step 29] Reasoning: I notice the console input isn't showing the `>` prompt. Let me click at the bottom of the console panel to get the prompt:
[step 30] Action: left_click (640, 625)
[step 30] Reasoning: Now I can see the console is showing the end of the output with the `>` prompt visible at the bottom. I can see the headings found are:
- H2: Single Item
- H3: 6, 1, 2, 3, 4, 5, 6 (slides from Single Item carousel)
- **H2: Multiple items** (appears!)
- H3: 7, 8, 9, 1, 2 (more slides)

But the list was truncated to 20 items. Let me now get all H2 headings to understand all the carousel types available. Let me click on the prompt and type a command:
[step 31] Action: left_click (640, 625)
[step 32] Action: type: Array.from(docume...
[step 32] Reasoning: Good, the console prompt is active (`> |`). Now let me type a command to get all H2 headings (section titles) to see all carousel types:
[step 33] Action: key: Return
[step 33] Reasoning: Good, the command is ready. Let me press Enter to execute:
[step 34] Action: scroll up (640, 530) scroll_amount 5
[step 34] Reasoning: Excellent! I can see the list of all carousel section headings from 18 to 28:
- 18: Slick Go To
- 19: Custom Paging
- 20: Custom Arrows
- 21: Custom Slides
- **22: Previous and Next methods**
- 23: Dynamic slides
- 24: Vertical Mode
- 25: Swipe To Slide
- 26: Vertical Mode with Swipe To Slide
- 27: Slider Syncing (AsNavFor)
- 28: Append Dots

Let me scroll up to see from the beginning:
[step 35] Action: scroll up (640, 530) scroll_amount 5
[step 36] Action: scroll down (640, 530) scroll_amount 5
[step 36] Reasoning: Now I can see the complete list of H2 carousel sections (numbered 0-7 visible here):
- **0: Single Item**
- **1: Multiple items**
- **2: Multiple Rows**
- **3: Responsive**
- **4: Resizable Collapsible**
- **5: Uneven sets (infinite)**
- **6: Uneven sets (finite)**
- **7: Center Mode**

And from the previous view, there were more:
- 8, 9, 10... Auto Play, Pause On Hover, Right to Left, etc.
- 21: **Custom Slides** - This is interesting! It might have custom click handlers

Let me now look for the "Custom Slides" carousel example, which might have custom click handling. Let me use the console to find and test the click handler in a more targeted approach. Let me now test a key feature: using the console to simulate a click on the slide and monitor what React does:

Let me scroll the console to the bottom and then type the test:
[step 37] Action: scroll down (640, 530) scroll_amount 5
[step 38] Action: left_click (640, 225)
[step 38] Reasoning: Now I can see the complete list of all carousel sections (29 total, numbered 0-28):
- 0: Single Item
- 1: Multiple items
- 2: Multiple Rows
- 3: Responsive
- 4: Resizable Collapsible
- 5: Uneven sets (infinite)
- 6: Uneven sets (finite)
- 7: Center Mode
- 8: (not visible)
- 9: Auto Play
- 10: Auto Play & Pause with buttons
- 11: Pause On Hover
- 12: Right to Left
- 13: Variable width
- 14: Adaptive height
- 15: Lazy Load
- 16: Fade
- 17: beforeChange and afterChange hooks
- 18: Slick Go To
- 19: Custom Paging
- 20: Custom Arrows
- **21: Custom Slides** - This is interesting!
- 22: Previous and Next methods
- 23: Dynamic slides
- 24: Vertical Mode
- 25: Swipe To Slide
- 26: Vertical Mode with Swipe To Slide
- 27: Slider Syncing (AsNavFor)
- 28: Append Dots

The "Custom Slides" example (21) is particularly interesting for testing click events. Let me now test the click interaction on the visible slide in the Single Item carousel. First, let me click on the slide (the big blue area) to see if any console output is generated:

Now let me click on the current slide in the Single Item carousel (the blue slide with "1"):
[step 39] Action: left_click (640, 625)
[step 39] Reasoning: **🎉 Excellent! A click event was captured!** I can see at the bottom of the console:

```
Slide clicked! Index: 1 Element: <h3>1</h3>    Target class:
```

This confirms that our manually added click listener on the `.slick-slide` elements is successfully capturing click events. The click on the slide content triggered our event listener.

Key observations:
1. ✅ **The click event fires** - Our DOM click listener captures the event on `h3` element with content "1"
2. ✅ **The slide index is 1** (the second `.slick-slide` element in DOM, as the first might be a cloned/hidden slide)
3. ⚠️ **No built-in app click handler visible** - The demo doesn't show any visual feedback (no alert, no console.log from the app itself)
4. The **target class is empty** - The h3 element has no CSS class

Now let me test the React Slick's built-in `onClick` handler more thoroughly. The React fiber check earlier showed the component has an internal `onClick` handler. Let me now try testing by scrolling the page to find the "Custom Slides" section and see if it has any link elements. Let me scroll the page viewport (not the console) to find the Custom Slides example:

Let me close the DevTools first to scroll through the page more easily, and then reopen it for the final click test on a custom slides section:

Actually, let me scroll the page while keeping DevTools open. Let me scroll the page viewport by clicking on the page area and then using Page Down:

Let me use the console to check if any slick slide has a link (`<a>`) element inside it that could trigger navigation:
[step 40] Action: left_click (640, 625)
[step 40] Reasoning: Good, I can see the console with the latest output:
- `Slide clicked! Index: 1 Element: <h3>1</h3>    Target class:`

Now I need to investigate whether the `onClick` event handler in the React fiber actually does anything useful. Let me use the console to check the React fiber's `onClick` handler in detail, and also check if any slides contain links or have specific click handlers. Let me click on the console prompt and type:
[step 41] Action: left_click (640, 640)
[step 41] Reasoning: Good. I can see the console shows the click log. Now let me type a comprehensive test command to check if any slick slides have links inside them, and also to test the React-Slick's own click handling mechanism by adding a link to a slide and testing it:
[step 42] Action: key: ctrl+l
[step 42] Reasoning: I see the console prompt isn't visible. Let me scroll the console to the bottom to access the input prompt:
[step 43] Action: left_click (640, 452)
[step 43] Reasoning: Good, the console has been cleared and is now showing an empty console with just the `>` prompt. Now I can clearly see the console is ready. Let me click in the console input area and type a comprehensive test to:

1. Check if any slides contain links
2. Test the built-in React-Slick click handler
3. Add a link to the current slide and test clicking it

Let me type the test:
[step 44] Action: type: // Test 1: Check ...
[step 44] Reasoning: Good, I can see the console is now empty (cleared) with just `> ` prompt. Now let me type a comprehensive test to:
1. Check if any slick-slide elements have link elements
2. Test the react-slick internal onClick handler
3. Add a comprehensive click test

Let me type the test:
[step 45] Action: key: Return
[step 45] Reasoning: I can see the code has been typed in the console. Now let me press Enter to execute:
[step 46] Action: left_click (640, 624)
[step 46] Reasoning: **🎯 Critical test results revealed!** The console output shows:

1. **"Slides with links: 0"** - None of the 407 slides in the demo contain `<a>` link elements inside them. This means there's no built-in link-based navigation in this demo.

2. **"Active slide found: true"** - The active current slide was successfully found.

3. **"Active slide onClick from React: function"** - ✅ The React-Slick component does attach an `onClick` handler to the slide element! It is a **function** type.

4. **"Active slide onMouseDown from React: undefined"** - No `onMouseDown` handler.

5. **"Active slide tabIndex: -1"** - The non-current slides have `tabIndex: -1` (making them non-focusable by keyboard).

The key finding is that React-Slick **does attach an onClick function** to each slide via React's internal mechanism. This is the library's built-in click handler. Let me now test by clicking on the actual slide to see what this built-in onClick handler does. But first, let me check if the current Single Item carousel has `focusOnSelect` enabled, which would trigger slide selection on click:

Let me now physically click on the slide in the viewport (the blue slide showing "1") to test the click interaction in real-time. Let me click directly on the slide:

Now I need to confirm: Does clicking on the active slide result in any visual change or console output from the React app itself (not our custom listener)? Let me first clear the console and add a global console log interceptor to catch any output:
[step 47] Action: left_click (640, 225)
[step 47] Reasoning: Good. I can see the console output with all our test results. Now I need to test the actual clicking behavior with a real mouse click on the slide. The key task requires: **clicking on a carousel slide and observing the response**. Let me now:

1. Click on the active slide (the "1" slide in Single Item carousel)
2. After clicking, look at what happens in the console

Let me click directly on the big blue slide:
[step 48] Action: left_click (640, 390)
[step 48] Reasoning: **🎯 Excellent! The click was captured again!** I can see in the console:

```
Slide clicked! Index: 1 Element: <h3>1</h3>    Target class:
```

This confirms that our manually added click listener is working. The slide was clicked and the click event was captured. The slide showing "1" in the Single Item carousel was successfully clicked.

**Key observations so far:**
- ✅ Click events DO fire on slick slides
- ✅ The React fiber shows `onClick: function` is attached to the slide
- ⚠️ But there's **NO visible response** in the page (no alert, no visual change, no carousel position change)
- ⚠️ The app's own code (not our test code) produces NO console output when clicking

This suggests that in the **Single Item** carousel demo, clicking the active slide has no user-visible effect because:
- No user-defined `onClick` prop is passed to the `<Slider>` component
- The slide is already the current/active slide, so there's nothing to navigate to

Let me now test clicking on a **non-active slide** in the Multiple Items carousel. For the Multiple Items section, there should be multiple visible slides, and clicking on a non-active one might trigger the `focusOnSelect` behavior or slide change. Let me scroll down to see the Multiple Items carousel and click on one of the side slides:

Let me look at the Multiple Items carousel visible at the bottom of the viewport. I can see slides "1", "2", "3" in the Multiple Items section. Let me click on slide "2" or "3" to see if it triggers navigation:
[step 49] Action: left_click (640, 200)
[step 49] Reasoning: **🎯 Another click captured!** I can see in the console:

```
Slide clicked! Index: 1 Element: <h3>1</h3>    Target class:
Slide clicked! Index: 17 Element: <h3>2</h3>   Target class:
```

The second click was on `<h3>2</h3>` (the slide "2" in the Multiple Items carousel), at index 17. The click was captured! But again, **no visual change** occurred in the "Multiple Items" carousel - the slides didn't scroll or change.

Let me also check if the "Multiple items" carousel has `focusOnSelect` option enabled, which would allow selecting a slide by clicking it. Let me use the console to examine this. But first, let me test by clicking on a partially visible slide in the Multiple Items carousel. Let me scroll down to see the full Multiple Items carousel:

Let me now try a more systematic approach. Let me directly look at the demo's source code to understand what click handlers are registered. Let me use the Sources tab to view the docs.js file:

Let me also try to quickly check: after I click a non-active slide in the "Multiple Items" carousel, does anything happen? I need to scroll the viewport (the page above the DevTools) to see the full Multiple Items carousel. Let me click on the page area above the DevTools and then use keyboard to scroll:
[step 50] Action: left_click (640, 624)
[step 50] Reasoning: **🎯 Three click events captured!** The console now shows:
- `Slide clicked! Index: 1 Element: <h3>1</h3>    Target class:` (first click on Single Item slide "1")
- `Slide clicked! Index: 17 Element: <h3>2</h3>    Target class:` (click on Multiple Items slide "2")  
- `Slide clicked! Index: 1 Element: <h3>1</h3>    Target class:` (third click on slide "1" when I tried to click on the page viewport)

The click events are being captured successfully. Now I notice something important:

**The last click on the Single Item carousel (index 1) still has the same index as before, meaning it's the same slide.** The carousel DID NOT navigate to a new slide even when clicking.

Let me now test the **navigation arrow clicks** and also test by using the console to call the React-Slick's `onClick` handler directly to understand what it does. Let me click the console input and run this test:
[step 51] Action: type: // Get the onClic...
[step 51] Reasoning: Good. The console input is ready (`> |`). Now let me examine the **onClick function** attached to the slide by React to understand what it does. Let me retrieve the function's source code:
[step 52] Action: key: Return
[step 52] Reasoning: Good. I can see the code has been typed in the console. I can also see the previous results more clearly now in the console:
- **"Slides with links: 0"** - No slides with links
- **"Active slide found: true"** - Active slide found
- **"Active slide onClick from React: function"** - Has onClick handler
- **"Active slide onMouseDown from React: undefined"** - No mousedown handler
- **"Active slide tabIndex: -1"** - tabIndex is -1
- Three "Slide clicked!" messages from our custom listener

Now let me press Enter to execute the function source code check:
[step 53] Action: left_click (640, 624)
[step 53] Reasoning: **🔑 Critical discovery! The onClick function source code is revealed:**

```
onClick function source: function(t){p.props&&p.props.onClick&&p.props.onClick(t),e.focusOnSelect&&e.focusOnSelect(d)}
```

This is the **complete onClick handler** from the React-Slick library. It shows:
1. **`p.props && p.props.onClick && p.props.onClick(t)`** - If the slide content (child component) has an `onClick` prop, it calls it
2. **`e.focusOnSelect && e.focusOnSelect(d)`** - If the carousel has `focusOnSelect: true`, it calls `focusOnSelect` to move focus to the clicked slide

**This is very important!** The handler:
- ✅ Calls the child's `onClick` if provided
- ✅ Handles `focusOnSelect` option

**In this demo:**
- `p.props.onClick` is likely undefined (no onClick passed to the slide content `<h3>` elements)
- `e.focusOnSelect` depends on whether the carousel has `focusOnSelect: true` in its settings

Now let me check the `e.focusOnSelect` to see if any of the carousels have this enabled:
[step 54] Action: type: // Find all slick...
[step 54] Reasoning: Good, the console prompt is ready at the bottom (`> |`). Now let me check if there's a carousel on the page that has `focusOnSelect` enabled - the react-slick demo might have such an example. Also, let me look at the source code to find carousels with custom click handlers. Let me look at the page's demo source for any carousel that uses `onClickHandler`:
[step 55] Action: key: Return
[step 55] Reasoning: Good, the code was typed. Now let me execute it:
[step 56] Action: left_click (640, 624)
[step 56] Reasoning: **🔍 Excellent! Important findings!** The console output shows:

1. **"Total sliders found: 30"** - There are **30 carousel instances** on the page!
2. **"Found focusOnSelect at depth: 1 : false"** - The **first slider (Single Item)** has `focusOnSelect: false`

This means the Single Item carousel has `focusOnSelect` **disabled**, which is why clicking on a slide doesn't select/navigate to it.

Now let me check ALL 30 sliders to find which ones have `focusOnSelect: true` - those are the ones that should respond to click events by selecting the clicked slide:
[step 57] Action: type: // Check ALL slid...
[step 57] Reasoning: Good, the console prompt is ready. Now let me check all 30 sliders to see which ones have `focusOnSelect: true`. This will help identify which carousel examples support click-to-select functionality:
[step 58] Action: key: Return
[step 58] Reasoning: Good. The code is ready. Let me press Enter to execute:
[step 59] Action: left_click (640, 624)
[step 59] Reasoning: **🎯 CRITICAL DISCOVERY! Two carousels with `focusOnSelect: true` found!**

The console output reveals:
1. **"Slider 8 has focusOnSelect: TRUE - section: FocusOnSelect"** 
2. **"Slider 28 has focusOnSelect: TRUE - section: Append Dots"**
3. **"Done checking all sliders"**

This means:
- **Slider 8** (the "FocusOnSelect" carousel example) has `focusOnSelect: true` - clicking on a slide should navigate/select it
- **Slider 28** (the "Append Dots" section) also has `focusOnSelect: true`

The **"FocusOnSelect"** carousel is specifically designed to respond to click events! This is the most relevant carousel for testing click behavior. Let me scroll down on the page to find and test the "FocusOnSelect" example. Let me scroll the page to the FocusOnSelect example by using the console to find its position:
[step 60] Action: type: // Scroll to Focu...
[step 60] Reasoning: Good, I can clearly see the console output:
- **"Slider 8 has focusOnSelect: TRUE - section: FocusOnSelect"**
- **"Slider 28 has focusOnSelect: TRUE - section: Append Dots"**
- **"Done checking all sliders"**

Now let me scroll the page to find the "FocusOnSelect" carousel and test clicking on its slides. Let me use the console to scroll to the FocusOnSelect section:
[step 61] Action: key: Return
[step 61] Reasoning: I can see there are some network errors: `ERR_CONNECTION_REFUSED` for `sockjs-node` connections. These are WebSocket/Hot Module Reload connection errors, which are normal when the dev server connections are dropped temporarily - they don't affect the page functionality.

I also notice the code has been typed in the console. Let me press Enter to execute it:
[step 62] Action: left_click (978, 194)
[step 62] Reasoning: **🎉 PERFECT! The page has scrolled to the "FocusOnSelect" section!** I can now see:

1. **"FocusOnSelect"** - The section heading
2. **"Click on any slide to select and make it current slide"** - The description clearly says clicking should select a slide!
3. Three slides are visible: **"1"**, **"2"**, **"3"** in a multiple-items carousel

The console output shows:
- **"FocusOnSelect h2 found: true"** ✅
- **"Scrolled to FocusOnSelect section"** ✅
- **"Next sibling element:"** (empty - the `nextElementSibling` was null, but the page did scroll)

I can also see below it the "Auto Play" section with slides "3", "4", "5".

Now this is the most important test! Let me click on **slide "3"** (the rightmost one in the FocusOnSelect carousel) to see if it becomes the current/selected slide. This should test the `focusOnSelect` functionality:

Before clicking, let me look at the current state:
- **Slide "1"** is on the left
- **Slide "2"** is in the middle 
- **Slide "3"** is on the right

Let me click on **slide "3"** to test if it becomes selected:
[step 63] Action: scroll down (640, 535) scroll_amount 2
[step 63] Reasoning: **🎯 EXCELLENT! THE CLICK EVENT WORKED! CRITICAL FINDINGS!**

When I clicked on **slide "3"** in the FocusOnSelect carousel, multiple things happened:

**Visual response:**
- The carousel **navigated/scrolled** - the slides now show **"3"**, **"4"**, **"5"** instead of "1", "2", "3"!
- This confirms that clicking on a non-current slide in the **FocusOnSelect** carousel **DOES trigger navigation!**

**Console output:**
1. **"Slide clicked! Index: 112 Element: `<h3>3</h3>` Target class:"** - Our custom listener captured the click
2. ⚠️ **Accessibility Warning**: `"Blocked aria-hidden on an element because its descendant retained focus. The focus must not be hidden from assistive technology users. Avoid using aria-hidden on a focused element or its ancestor..."`
   - This is an **ARIA accessibility bug/warning** in the react-slick library
   - It points to: `https://w3c.github.io/aria/#aria-hidden`
   - **This is a real accessibility issue!** When a slide is focused (clicked), the `aria-hidden="true"` attribute is applied to its parent `.slick-slide` container, which violates ARIA specification

**Bug found:**
⚠️ **Accessibility Bug**: After clicking a slide in the FocusOnSelect carousel, the carousel correctly navigates to show the clicked slide, but it triggers an ARIA accessibility warning: **"Blocked aria-hidden on an element because its descendant retained focus"**. The element that had focus (`<h3>3</h3>` inside the slide) ends up inside a container with `aria-hidden="true"`, which is a violation of WAI-ARIA specification.

Let me take a closer look at the console warning to fully understand the issue:
[step 64] Action: left_click (978, 194)
[step 64] Reasoning: Now I can see the full picture clearly:

**The FocusOnSelect carousel successfully navigated!** The slides now show **"3"**, **"4"**, **"5"** - confirming that clicking on slide "3" made it the current slide and scrolled accordingly.

**Console output analysis:**
1. **"Slide clicked! Index: 112 Element: `<h3>3</h3>` Target class:"** - Our custom listener captured the click on slide 3
2. ⚠️ **ARIA Warning**: `"Blocked aria-hidden on an element because its descendant retained focus..."` - This is an accessibility bug!
   - **Element with focus**: `<div class="slick-slide">`
   - **Ancestor with aria-hidden**: `<div data-index="0" class="slick-slide" tabindex="-1" aria-hidden="true" style="outline: none; width: 508px;">` - the slide wrapper!

Let me also click on slide "5" (the rightmost one) in the FocusOnSelect carousel to further test the click behavior:
[step 65] Action: screenshot
[step 65] Reasoning: **🎉 CONFIRMED! The FocusOnSelect carousel is working correctly for click navigation!**

After clicking on slide "5" (which was the rightmost visible slide), the carousel navigated again - now showing slides **"5"**, **"6"**, **"1"**! The clicked slide "5" is now the leftmost (first) visible slide, confirming the click-to-select behavior is working.

**Console output shows:**
1. **"Slide clicked! Index: 112 Element: `<h3>3</h3>` Target class:"** - Previous click on "3"
2. ⚠️ **ARIA Warning** (first occurrence): `"Blocked aria-hidden on an element because its descendant retained focus..."` - Ancestor: `data-index="0" class="slick-slide" tabindex="-1" aria-hidden="true"`
3. **"Slide clicked! Index: 114 Element: `<h3>5</h3>` Target class:"** - Second click on "5" ✅
4. ⚠️ **ARIA Warning** (second occurrence): Same error but with `data-index="2" class="slick-slide"` ancestor

**The ARIA warnings are repeating with each click on a new slide**, confirming this is a **consistent accessibility bug** in the react-slick library.

Now let me take a screenshot to capture the final state clearly and then summarize my findings:
[step 66] Action: DONE
[step 66] Reasoning: I have a clear view of the test results. Let me now provide a comprehensive summary of all my findings from the click event testing of the react-slick carousel demo page.

---

## 📊 测试报告：React-Slick 轮播组件点击事件功能测试

### 测试环境
- **页面**: http://localhost:8080 (React Slick 轮播组件 Demo)
- **浏览器**: Google Chrome (DevTools Console 已开启)
- **测试日期**: 2026-04-27

---

### 🔍 测试过程

#### 步骤 1：发现页面结构
- 页面包含 **30 个轮播示例** (`.slick-slider` 共 30 个)
- 共有 **407 个 `.slick-slide` 元素**（包含克隆幻灯片）
- 共 **29 个轮播区段**（H2 标题），如 Single Item, Multiple items, FocusOnSelect, Auto Play, etc.

#### 步骤 2：添加全局点击监听器（Console）
```javascript
document.querySelectorAll('.slick-slide').forEach((slide, index) => {
  slide.addEventListener('click', (e) => {
    console.log('Slide clicked! Index:', index, 'Element:', e.target, 'Target class:', e.target.className);
  });
});
// 输出：Click listeners added to 407 slides
```

#### 步骤 3：检查 React Fiber 中的 onClick 处理器
```javascript
// 提取 active slide 的 React fiber onClick 函数：
// function(t){ p.props && p.props.onClick && p.props.onClick(t), e.focusOnSelect && e.focusOnSelect(d) }
```
- ✅ **React-Slick 内部确实为每个 slide 注册了 `onClick` 函数**
- 该函数：① 调用子组件的 `onClick`（如果定义了）；② 调用 `focusOnSelect`（如果启用）

#### 步骤 4：检查所有轮播的 `focusOnSelect` 设置
```
Slider 0 (Single Item): focusOnSelect = false
...
Slider 8 (FocusOnSelect): focusOnSelect = TRUE ✅
...
Slider 28 (Append Dots): focusOnSelect = TRUE ✅
```

#### 步骤 5：在 Single Item 轮播上点击
- ✅ 自定义监听器捕获到 click 事件：`Slide clicked! Index: 1 Element: <h3>1</h3>`
- ⚠️ **无视觉响应**（因为 `focusOnSelect: false`，且没有用户自定义 `onClick`）

#### 步骤 6：在 FocusOnSelect 轮播上点击（关键测试）

**点击 Slide "3"（初始状态显示 1, 2, 3）：**
- ✅ **轮播正确导航**：滑动到显示 3, 4, 5 → 点击生效！
- ✅ Console 输出：`Slide clicked! Index: 112 Element: <h3>3</h3>`
- ⚠️ **ARIA 无障碍性警告**（BUG！）

**点击 Slide "5"（状态变为显示 3, 4, 5）：**
- ✅ **轮播再次正确导航**：滑动到显示 5, 6, 1 → 点击生效！
- ✅ Console 输出：`Slide clicked! Index: 114 Element: <h3>5</h3>`
- ⚠️ **ARIA 无障碍性警告再次出现**（BUG！）

---

### ✅ 测试结果：功能正常

| 功能 | 结果 |
|------|------|
| 点击事件能否触发 | ✅ **能**，DOM click 事件正确触发 |
| React 是否注册了内部 onClick 处理器 | ✅ **是**，每个 slide 都有 React fiber onClick |
| `focusOnSelect: false` 的轮播点击是否有响应 | ⚠️ **无视觉响应**（符合预期，未配置 onClick） |
| `focusOnSelect: true` 的轮播点击是否正确处理 | ✅ **是**，点击非当前 slide 会触发轮播导航 |
| Demo 页面本身是否有 console 输出 | ❌ **无**，App 代码本身没有 console.log |
| 幻灯片中是否有链接元素 | ❌ **无**（`Slides with links: 0`） |

---

### 🐛 发现的 Bug：ARIA 无障碍性警告

**Bug 描述**：在 `FocusOnSelect` 轮播中点击非当前 slide 后，每次都会触发以下 ARIA 无障碍性警告：

```
⚠️ [Index]:1 Blocked aria-hidden on an element because its descendant retained focus. 
The focus must not be hidden from assistive technology users. 
Avoid using aria-hidden on a focused element or its ancestor. 
For more details, see the aria-hidden section of the WAI-ARIA specification.

Element with focus: <div class="slick-slide">
Ancestor with aria-hidden: <div data-index="0" class="slick-slide" tabindex="-1" 
  aria-hidden="true" style="outline: none; width: 508px;">...</div>
```

**Bug 根因**：
- 当用户点击一个 slide 后，焦点（focus）停留在该 slide 的 `<h3>` 子元素上
- React-Slick 在轮播后对非当前 slide 设置 `aria-hidden="true"`
- 但被焦点的元素（`<h3>`）已经在 `aria-hidden="true"` 的祖先容器中
- 这违反了 WAI-ARIA 规范（不能对有焦点后代的元素设置 `aria-hidden="true"`）

**影响**：
- 对使用屏幕阅读器的无障碍用户有影响
- 每次点击 FocusOnSelect 轮播的 slide 都会触发此警告
- 浏览器会自动"阻止"（block）这个 `aria-hidden` 设置以保护无障碍性

**严重程度**：中（无障碍性 Bug，不影响视觉正常用户，但影响 a11y 合规性）
Evaluating task result...

==================================================
Task: 当前Chrome浏览器已打开react-slick轮播组件demo页面，地址是http://localhost:8080。请测试轮播组件的点击事件功能：1）找到页面中任意一个轮播示例；2）点击轮播中的图片或幻灯片内容；3）观察点击是否有正常的交互响应（如弹窗、跳转、console输出等），或者点击是否被正确处理。如果没有明确的click handler，请打开Chrome DevTools Console，在console中观察点击后是否有事件相关的输出或错误。也可以尝试在轮播图片上添加链接后点击测试。请始终在浏览器内操作，禁止打开 Terminal、Finder 或其他应用程序。
Status: COMPLETED
Total steps: 66
Last action: DONE
Last reasoning: I have a clear view of the test results. Let me now provide a comprehensive summary of all my findings from the click event testing of the react-slick carousel demo page.

---

## 📊 测试报告：React-Slick 轮播组件点击事件功能测试

### 测试环境
- **页面**: http://localhost:8080 (React Slick 轮播组件 Demo)
- **浏览器**: Google Chrome (DevTools Console 已开启)
- **测试日期**: 2026-04-27

---

### 🔍 测试过程

#### 步骤 1：发现页面结构
- 页面包含 **30 个轮播示例** (`.slick-slider` 共 30 个)
- 共有 **407 个 `.slick-slide` 元素**（包含克隆幻灯片）
- 共 **29 个轮播区段**（H2 标题），如 Single Item, Multiple items, FocusOnSelect, Auto Play, etc.

#### 步骤 2：添加全局点击监听器（Console）
```javascript
document.querySelectorAll('.slick-slide').forEach((slide, index) => {
  slide.addEventListener('click', (e) => {
    console.log('Slide clicked! Index:', index, 'Element:', e.target, 'Target class:', e.target.className);
  });
});
// 输出：Click listeners added to 407 slides
```

#### 步骤 3：检查 React Fiber 中的 onClick 处理器
```javascript
// 提取 active slide 的 React fiber onClick 函数：
// function(t){ p.props && p.props.onClick && p.props.onClick(t), e.focusOnSelect && e.focusOnSelect(d) }
```
- ✅ **React-Slick 内部确实为每个 slide 注册了 `onClick` 函数**
- 该函数：① 调用子组件的 `onClick`（如果定义了）；② 调用 `focusOnSelect`（如果启用）

#### 步骤 4：检查所有轮播的 `focusOnSelect` 设置
```
Slider 0 (Single Item): focusOnSelect = false
...
Slider 8 (FocusOnSelect): focusOnSelect = TRUE ✅
...
Slider 28 (Append Dots): focusOnSelect = TRUE ✅
```

#### 步骤 5：在 Single Item 轮播上点击
- ✅ 自定义监听器捕获到 click 事件：`Slide clicked! Index: 1 Element: <h3>1</h3>`
- ⚠️ **无视觉响应**（因为 `focusOnSelect: false`，且没有用户自定义 `onClick`）

#### 步骤 6：在 FocusOnSelect 轮播上点击（关键测试）

**点击 Slide "3"（初始状态显示 1, 2, 3）：**
- ✅ **轮播正确导航**：滑动到显示 3, 4, 5 → 点击生效！
- ✅ Console 输出：`Slide clicked! Index: 112 Element: <h3>3</h3>`
- ⚠️ **ARIA 无障碍性警告**（BUG！）

**点击 Slide "5"（状态变为显示 3, 4, 5）：**
- ✅ **轮播再次正确导航**：滑动到显示 5, 6, 1 → 点击生效！
- ✅ Console 输出：`Slide clicked! Index: 114 Element: <h3>5</h3>`
- ⚠️ **ARIA 无障碍性警告再次出现**（BUG！）

---

### ✅ 测试结果：功能正常

| 功能 | 结果 |
|------|------|
| 点击事件能否触发 | ✅ **能**，DOM click 事件正确触发 |
| React 是否注册了内部 onClick 处理器 | ✅ **是**，每个 slide 都有 React fiber onClick |
| `focusOnSelect: false` 的轮播点击是否有响应 | ⚠️ **无视觉响应**（符合预期，未配置 onClick） |
| `focusOnSelect: true` 的轮播点击是否正确处理 | ✅ **是**，点击非当前 slide 会触发轮播导航 |
| Demo 页面本身是否有 console 输出 | ❌ **无**，App 代码本身没有 console.log |
| 幻灯片中是否有链接元素 | ❌ **无**（`Slides with links: 0`） |

---

### 🐛 发现的 Bug：ARIA 无障碍性警告

**Bug 描述**：在 `FocusOnSelect` 轮播中点击非当前 slide 后，每次都会触发以下 ARIA 无障碍性警告：

```
⚠️ [Index]:1 Blocked aria-hidden on an element because its descendant retained focus. 
The focus must not be hidden from assistive technology users. 
Avoid using aria-hidden on a focused element or its ancestor. 
For more details, see the aria-hidden section of the WAI-ARIA specification.

Element with focus: <div class="slick-slide">
Ancestor with aria-hidden: <div data-index="0" class="slick-slide" tabindex="-1" 
  aria-hidden="true" style="outline: none; width: 508px;">...</div>
```

**Bug 根因**：
- 当用户点击一个 slide 后，焦点（focus）停留在该 slide 的 `<h3>` 子元素上
- React-Slick 在轮播后对非当前 slide 设置 `aria-hidden="true"`
- 但被焦点的元素（`<h3>`）已经在 `aria-hidden="true"` 的祖先容器中
- 这违反了 WAI-ARIA 规范（不能对有焦点后代的元素设置 `aria-hidden="true"`）

**影响**：
- 对使用屏幕阅读器的无障碍用户有影响
- 每次点击 FocusOnSelect 轮播的 slide 都会触发此警告
- 浏览器会自动"阻止"（block）这个 `aria-hidden` 设置以保护无障碍性

**严重程度**：中（无障碍性 Bug，不影响视觉正常用户，但影响 a11y 合规性）

==================================================

UI window closed
