Session created: sess-20260424131231-4703a6e071444c108be3576ced72fa25
UI panel initialized successfully
UI window displayed
Expected result: 点击文件上传区域后，系统文件选择对话框应正常弹出，用户可以浏览并选择文件进行上传。
[step 0] Action: Initializing
[step 0] Reasoning: Initializing session connection
[step 0] Action: screenshot
[step 1] Action: left_click (640, 400)
[step 1] Reasoning: I can see the React Dropzone website is open at localhost:8080. There are some terminal windows overlapping. Let me click on the Chrome browser window to bring it to focus and dismiss the terminal windows.
[step 2] Action: left_click (293, 33)
[step 2] Reasoning: The terminal windows are still showing. Let me click on the Chrome browser in the dock to bring it to the foreground, or click directly on the browser's title bar area.
[step 3] Action: left_click (81, 302)
[step 3] Reasoning: Now I can see the React Dropzone website clearly. The terminal windows are gone. I can see the page with the react-dropzone documentation. I need to find the file upload area (dropzone). I can see in the left sidebar there are examples like "Basic example", "Event Propagation", etc. Let me click on "Basic example" to find the dropzone area.
[step 4] Action: left_click (740, 323)
[step 4] Reasoning: I can see the "Basic example" page with the dropzone area that says "Drag 'n' drop some files here, or click to select files". This is the file upload area I need to click on. Let me click on this dropzone area to see if a file selection dialog opens.
[step 5] Action: left_click (843, 470)
[step 5] Reasoning: The file selection dialog (系统文件选择对话框) has successfully opened when I clicked on the dropzone area. I can see the dialog titled "选择允许此网站读取的文件" (Select files to allow this website to read) with the standard macOS file picker interface showing:
- Navigation options at the top
- Left sidebar with locations: 最近使用, 共享, 个人收藏 (应用程序, 桌面, 文稿, 下载), 位置 (iCloud云盘, worker05, Macintosh HD), 标签 (红色)
- File browser area in the main panel
- "取消" (Cancel) and "打开" (Open) buttons at the bottom

The system file selection dialog opened correctly and is functioning as expected. Let me dismiss this dialog by clicking "取消" (Cancel).
[step 6] Action: DONE
[step 6] Reasoning: The file selection dialog has been dismissed and we're back to the "Basic example" page. The dropzone area now shows a blue dashed border (indicating it was activated/focused). 

**测试结果总结：**

✅ **测试通过** - 文件选择对话框正常弹出

**详细观察：**

1. **页面位置**：在 `localhost:8080/#section-basic-example` 页面找到了 react-dropzone 的文件上传区域（Basic example 部分）。

2. **上传区域描述**：该区域显示文字 "Drag 'n' drop some files here, or click to select files"，是一个带有虚线边框的矩形拖放区域。

3. **点击行为**：点击该区域后，**系统文件选择对话框正常弹出**，标题为"选择允许此网站读取的文件"，显示了标准的 macOS 文件选择器界面，包含：
   - 左侧导航栏（最近使用、共享、个人收藏、位置、标签等）
   - 右侧文件浏览区域
   - "取消"和"打开"按钮

4. **视觉观察**：页面布局正常，没有发现明显的视觉异常。取消对话框后，dropzone 区域显示蓝色虚线边框，表示功能正常响应。

**结论：`result = pass`** — react-dropzone 的文件上传区域点击后能正常弹出系统文件选择对话框，功能运作正常。
Evaluating task result...

==================================================
Task: 当前Chrome浏览器已打开React Dropzone网站，地址是http://localhost:8080。在页面上找到使用 react-dropzone 的文件上传区域，点击该区域（或点击触发文件选择的按钮），观察是否能正常弹出系统文件选择对话框（Finder/文件资源管理器）。请始终在浏览器内操作，禁止打开 Terminal、Finder 或其他应用程序。如果在浏览器中找不到目标功能，直接标记 result 为 unclear，result_summary 写明未在页面中找到目标功能入口。
Status: COMPLETED
Total steps: 6
Last action: DONE
Last reasoning: The file selection dialog has been dismissed and we're back to the "Basic example" page. The dropzone area now shows a blue dashed border (indicating it was activated/focused). 

**测试结果总结：**

✅ **测试通过** - 文件选择对话框正常弹出

**详细观察：**

1. **页面位置**：在 `localhost:8080/#section-basic-example` 页面找到了 react-dropzone 的文件上传区域（Basic example 部分）。

2. **上传区域描述**：该区域显示文字 "Drag 'n' drop some files here, or click to select files"，是一个带有虚线边框的矩形拖放区域。

3. **点击行为**：点击该区域后，**系统文件选择对话框正常弹出**，标题为"选择允许此网站读取的文件"，显示了标准的 macOS 文件选择器界面，包含：
   - 左侧导航栏（最近使用、共享、个人收藏、位置、标签等）
   - 右侧文件浏览区域
   - "取消"和"打开"按钮

4. **视觉观察**：页面布局正常，没有发现明显的视觉异常。取消对话框后，dropzone 区域显示蓝色虚线边框，表示功能正常响应。

**结论：`result = pass`** — react-dropzone 的文件上传区域点击后能正常弹出系统文件选择对话框，功能运作正常。

==================================================

UI window closed
