No application knows how to open URL view-source:http://localhost:55556 (Error Domain=NSOSStatusErrorDomain Code=-10814 "kLSApplicationNotFoundErr: E.g. no application claims the file" UserInfo={_LSLine=1973, _LSFunction=runEvaluator, _LSFile=LSBindingEvaluator.mm, _LSErrorMessage=kLSApplicationNotFoundErr}).
Session created: sess-20260416171827-152134ec7a6248ff8d2ab48e96f3c47d
UI panel initialized successfully
UI window displayed
Expected result: 输入包含多个下划线的标识符（如 hello_test_hello）时，无论是否用反引号包裹，文本都应正确显示，下划线之间的部分不会被错误地转换为斜体格式。使用反引号时应显示为行内代码样式。
[step 0] Action: Initializing
[step 0] Reasoning: Initializing session connection
[step 0] Action: screenshot
[step 1] Action: left_click (664, 195)
[step 1] Reasoning: I can see the rich-markdown-editor is already open at localhost:55556. I need to click on the editor area and start typing. Let me first click on the editor content area to position my cursor there.
[step 2] Action: key: End
[step 2] Reasoning: The cursor is now positioned in the editor. I can see the cursor is at the end of the existing text. I need to go to a new line and start typing. Let me press Enter to create a new line, then type the backtick-wrapped identifier.
[step 3] Action: key: Return
[step 3] Reasoning: Good. Now let me press Enter to create a new line and then type the backtick-wrapped identifier.
[step 4] Action: type: `hello_test_hello`
[step 4] Reasoning: It seems the new line didn't appear visually but the cursor might have moved. The editor seems to only show the original content. Let me scroll down to see if a new line was created, and then type the backtick text. Let me type the backtick-wrapped identifier now.
[step 5] Action: scroll down (640, 300) scroll_amount 3
[step 5] Reasoning: It seems the text was typed but I can't see it in the editor. The editor seems to not be showing new content or the cursor might not be properly positioned in the editor. The content area seems unchanged. Let me take a closer look at the editor - I need to scroll down to see if new content was added below the visible area.
[step 6] Action: left_click (664, 195)
[step 6] Reasoning: The editor doesn't seem to be showing the typed content. The content didn't appear. It looks like I may have been typing into the wrong area or the editor wasn't focused properly. Let me try clicking more precisely on the editor content area, specifically on the text "This is example content" to position the cursor there.
[step 7] Action: left_click (679, 195)
[step 7] Reasoning: I notice the content reverted - it shows the original text again without any cursor visible. Let me check more carefully. The content says "This is example content. It is persisted between reloads in localStorage." without any cursor visible. Perhaps the previous typing was eaten by the `type` action which may have overwritten content with the backtick characters in a special way, or the editor wasn't properly focused.

Let me try clicking directly on the text content to focus the editor properly:
[step 8] Action: key: End Return
[step 8] Reasoning: I can see the cursor is now at the end of the text (the blinking cursor appears after "localStorage."). The editor is focused now. Let me now press End to go to the end of the line, then Enter to create a new line, and type the backtick-wrapped text. Let me use key combinations to navigate properly.

Let me first press the End key and then Enter to go to a new line:
[step 9] Action: key: End
[step 10] Action: left_click (849, 195)
[step 10] Reasoning: I notice the cursor is no longer visible. The editor content shows "This is example content. It is persisted between reloads in localStorage." without a cursor. Let me try clicking directly on the text paragraph to re-focus it:
[step 11] Action: key: Return
[step 11] Reasoning: The cursor is still not visible. Let me try pressing Return to create a new line and then type the text to see if the editor is actually focused:
[step 12] Action: type: test
[step 12] Reasoning: The page still looks unchanged. The cursor is visible at the end of "localStorage." (I can see the thin vertical line "|" at the end). The Return key seems to have been registered. Let me type some simple text to see if typing works:
[step 13] Action: key: F5
[step 13] Reasoning: The typing still doesn't show in the editor. The editor seems to not be accepting input. This might be because the editor is in a "read-only" mode or there's something else going on. Let me look at the page more carefully. I notice there's a "Switch to Read-only" button at the top which suggests the editor might currently be in edit mode. But the typing isn't showing.

Let me try reloading the page first to reset the state, and then try clicking more specifically on the editor content area:
[step 14] Action: left_click (849, 195)
[step 14] Reasoning: The page has been reloaded. Now I need to properly click on the editor content area. I notice the editor is showing "Welcome" as a heading and "This is example content. It is persisted between reloads in localStorage." as a paragraph. Let me try clicking at the end of the text in the paragraph to focus the editor, then wait a moment and type.

Let me try clicking directly on the text content:
[step 15] Action: type: X
[step 15] Reasoning: I can see the cursor is now at the end of "localStorage." in the editor. The editor seems focused. Let me now try typing a simple character to see if the editor accepts input:
[step 16] Action: screenshot
[step 16] Reasoning: I can see the cursor at the end of "localStorage." but the text "X" didn't appear. The editor is not accepting typed input. This is strange. Let me look at the page more carefully. Maybe the editor is in read-only mode or there's a different underlying element. Let me check the page by right-clicking to see the source, or look at the URL to understand the editor better.

Wait - I notice the text seems to end with "localStorage." and there appears to be a cursor blinking just after it (the | mark). Let me zoom in to see better. Let me take a screenshot to zoom in on this area:
[step 17] Action: Minimize panel
[step 17] Reasoning: The text still shows "This is example content. It is persisted between reloads in localStorage." without any "X" appended. It seems the editor is not accepting keyboard input. 

This is a rich-markdown-editor (ProseMirror-based). The editor might be using contenteditable which needs to be focused in a special way. Let me try a different approach - use the "Example" tab in the browser which might be the editor view. Wait, I see there's a tab called "Example" in the browser. Let me check the current tab - we're on "localhost:55556" which appears to be the Example tab. 

Let me try to use JavaScript console to understand the editor better, or let me just try clicking directly on the "Welcome" heading text to see if the editor responds to clicks there:

Actually wait - I notice the page shows the cursor (|) appears at the end of "localStorage." in the screenshot. The problem might be that the task status widget is intercepting my keyboard inputs. Let me minimize the panel first and then try again.
[step 18] Action: left_click (679, 195)
[step 18] Reasoning: The panel is now minimized. I can see the cursor is visible at the end of "localStorage." (the blinking cursor "|" at position ~851, 195). The editor seems to be focused. Now let me try clicking on the editor content area and then type:
[step 19] Action: key: End
[step 19] Reasoning: The cursor is now visible in the text. Now let me try typing using key presses to avoid any issues with the type action. Let me press End key to go to the end of the line, then Enter to create a new paragraph:
[step 20] Action: double_click (679, 195)
[step 20] Reasoning: I notice the cursor is no longer visible. The cursor seems to disappear when I use keyboard shortcuts. The editor is likely losing focus after the hotkey. 

Let me try a different approach - use the Chrome DevTools console to check what's happening with the editor. Let me open DevTools with F12 or Cmd+Option+I:

Actually, let me try a simpler approach. The editor shows "Switch to Read-only" button at the top which implies it's currently in editable mode. But the text isn't appearing when I type. Let me try double-clicking on the text area to select text and then type:
[step 21] Action: key: F12
[step 21] Reasoning: The double-click didn't show any text selection highlighting either. Let me try opening Chrome DevTools to understand the page structure and check if there's a contenteditable element:
[step 22] Action: key: cmd+alt+i
[step 22] Reasoning: F12 didn't open DevTools. Let me try Command+Option+I to open DevTools:
[step 23] Action: key: cmd+alt+j
[step 23] Reasoning: I can see the cursor (|) at the end of "localStorage." in the editor. This confirms the editor is focused. I notice that the editor seems to be showing a cursor, which means it's accepting keyboard focus. But when I type characters, they don't appear. 

Wait - I think I understand the issue now. When I use the `type` action, it might be sending keys to the system but the cursor in Chrome may be in the wrong element. Let me try a different approach - use the Chrome address bar to navigate to the page directly and then interact with it.

Actually, let me look at this from a different angle. The cursor is visible in the editor. Let me try using JavaScript from the Chrome console to interact with the editor. Let me open the console using Cmd+Alt+J:
[step 24] Action: right_click (679, 195)
[step 24] Reasoning: The DevTools console didn't open. The keyboard shortcuts don't seem to work. Let me try right-clicking on the page to inspect the element:
[step 25] Action: left_click (849, 195)
[step 25] Reasoning: The right-click context menu didn't appear either. This is very unusual. The editor seems to be preventing right-click context menu (which is common for rich text editors to prevent default browser behavior). 

Let me try using the Chrome menu bar. I'll click on "帮助" (Help) in the Chrome menu and then look for a way to access DevTools:

Actually, let me try a different approach entirely. I notice the editor is showing a cursor in the text but not responding to keyboard input. This might be a macOS-specific issue where the IME (input method) is intercepting my input or the `type` action needs to interact with the contenteditable in a special way.

Let me try clicking once on the editor content and immediately typing using `key` action for individual characters:
[step 26] Action: key: Return
[step 26] Reasoning: I can see the cursor is at the end of "localStorage." text. The editor is focused. Let me try using `key` action with individual keystrokes instead of `type`:
[step 27] Action: left_click (849, 195)
[step 27] Reasoning: The Return key press still doesn't create a new line. The editor content remains at "This is example content. It is persisted between reloads in localStorage." followed by what appears to be a cursor.

I notice that the cursor (|) appears to be after "localStorage." but the Return key press is not creating a new paragraph. This is very unusual for a rich text editor. 

Wait - I realize the issue. Looking at the screenshot more carefully, the text "This is example content. It is persisted between reloads in localStorage." - the cursor (|) appears to be INSIDE the existing text, not at the end of a new line. Also, the cursor position doesn't seem to change.

Let me try a completely different approach. I'll try using the `left_mouse_down` and `left_mouse_up` to focus and then immediately try `key` to type a character, followed by a `screenshot` to see what happens:

Wait, let me look at the page more carefully. There are browser tabs visible: "OpenClaw Control", "localhost", "[::]", and "Example". Let me check the "Example" tab - maybe there are two different views and I'm looking at the wrong one. Actually, I'm already on the "Example" tab (localhost:55556).

Actually, let me think about this more carefully. Looking at the screenshots, I can consistently see a cursor "|" appearing at the very end of "localStorage." But the issue is keyboard input isn't working. 

Let me try using `left_mouse_down` to press the mouse button and immediately type:
[step 28] Action: key: a
[step 28] Reasoning: I see the cursor is still visible at the end of "localStorage." I notice something about the editor - the cursor appears after the period but there's no new paragraph space visible below. Let me try using xdotool's `key` syntax for typing a regular character 'a':
[step 29] Action: left_click (679, 195)
[step 29] Reasoning: The text "a" didn't appear in the editor. The editor isn't responding to keyboard input. Notice the cursor (|) is also gone now - after pressing "a", the cursor disappeared. This suggests the editor might be losing focus when keyboard events are fired.

Looking at the various screenshots I've taken, the cursor appears after clicking but disappears after keyboard events. This strongly suggests that the cursor is lost after I try to use keyboard actions.

Let me try a completely different approach. Perhaps I need to click on the editor using a different coordinate. Looking at the page, the rich text editor area might have a specific container. Let me try clicking more to the left, directly on the paragraph text "This is example content":

Actually, wait. Let me reconsider. The page might be using an iframe or a shadow DOM. The editor might be inside an iframe. Let me check if there's an iframe by navigating to the page source. Let me use the address bar to view source:

Actually, let me try a more creative approach. Let me try using xdotool to dispatch keyboard events after clicking. Let me click on the editor and then use `type` with a short delay approach:
[step 30] Action: Open url: view-source:http://localhost:55556
[step 30] Reasoning: No cursor visible after the click. Let me try `left_mouse_down` then immediately type, then `left_mouse_up`:

Actually wait - I notice that in some screenshots the cursor IS visible (|) and in others it's not. The cursor might blink and I'm just taking screenshots at different blink states. Let me try a different approach - use `left_click_drag` to select the text in the editor, which would confirm whether clicking is working, and then type text.

Let me try something different - let me try using `key` to send the letter 'a' while holding down the mouse button. Actually, this won't work as I can't do that easily.

Let me try using the Chrome address bar to navigate to a different URL to test, then come back. Actually, let me try using the URL bar to navigate to view-source of the page to understand the page structure:
[step 31] Action: left_click (140, 61)
[step 31] Reasoning: The view-source URL didn't navigate. Let me try clicking directly in the address bar and manually type the URL:

==================================================
Task: 当前Chrome浏览器已打开rich-markdown-editor网站，地址是http://localhost:55556。测试富文本 Markdown 编辑器中输入包含多个下划线的标识符的功能。具体步骤：1. 打开编辑器页面；2. 在编辑器中输入反引号包裹的含多个下划线的标识符，例如先输入一个反引号 ` 然后输入 hello_test_hello 再输入一个反引号 `；3. 观察输入结果是否正确显示为行内代码格式的 hello_test_hello，其中下划线之间的文字不应被转换为斜体；4. 同样测试不使用反引号的情况，直接输入 hello_test_hello，观察下划线之间的文字是否保持原样显示。始终在浏览器内操作，禁止打开 Terminal 或其他应用程序。如果在浏览器中找不到目标功能，直接报告 unclear。 请始终在浏览器内操作，禁止打开 Terminal、Finder 或其他应用程序。如果在浏览器中找不到目标功能，直接标记 result 为 unclear，result_summary 写明'未在页面中找到目标功能入口'。
Status: ERROR
Total steps: 31
Last action: left_click (140, 61)
Last reasoning: The view-source URL didn't navigate. Let me try clicking directly in the address bar and manually type the URL:

Error: Task execution failed: Request step failed: HTTPSConnectionPool(host='mano.mininglamp.com', port=443): Max retries exceeded with url: /v1/sessions/sess-20260416171827-152134ec7a6248ff8d2ab48e96f3c47d/step (Caused by ProxyError('Unable to connect to proxy', RemoteDisconnected('Remote end closed connection without response')))
==================================================

UI window closed
