Session created: sess-20260417162649-55b46acf5a944bf2a1a88114684ecd39
UI panel initialized successfully
UI window displayed
Expected result: 在浅色模式下，Astro Logo 应清晰可见，与背景有足够对比度。如果 Logo 在浅色背景下消失、难以辨认或与背景融为一体，说明存在 bug (abnormal)。如果 Logo 清晰可见则为 normal。
[step 0] Action: Initializing
[step 0] Reasoning: Initializing session connection
[step 0] Action: screenshot
[step 1] Action: left_click (679, 223)
[step 1] Reasoning: I can see there's a Chrome restore dialog and a "node" app access dialog. Let me handle these first, then navigate to the correct URL.
[step 2] Action: left_click (196, 20)
[step 2] Reasoning: Now let me close the Chrome restore dialog and navigate to the correct URL.
[step 3] Action: Open url: http://localhost:3000/docs/installation/astro/
[step 3] Reasoning: The Chrome restore dialog is closed. I can see the page is showing an error (TypeError: Cannot read properties of undefined (reading 'frontmatter')). The page is currently at localhost:3000/docs/installation/astro/. Let me navigate to the URL directly to try reloading the page.
[step 4] Action: screenshot
[step 4] Reasoning: The page is loading. Let me wait for it to fully load.
[step 5] Action: scroll up (640, 400) scroll_amount 5
[step 5] Reasoning: The page is still showing the same error - `TypeError: Cannot read properties of undefined (reading 'frontmatter')`. This is happening on the `/docs/installation/astro/` page. The page appears to have a bug that prevents it from loading properly. 

However, looking at the page I can see some content is visible - there's the shadcn-solid navigation with the logo "1.3.2" at the top. The main content area is showing an error from the docs.tsx file. Let me scroll up to see if there's any Astro-related content above this error.
[step 6] Action: screenshot
[step 6] Reasoning: The page at `/docs/installation/astro/` is displaying a TypeError: "Cannot read properties of undefined (reading 'frontmatter')". This is a critical error that prevents the page from rendering its content properly. The page seems to be stuck at the error view regardless of scrolling.

I can see the navbar at the top with the shadcn logo. Let me look at the navbar more closely and see if there's a theme toggle button. I notice the page content area is showing an error, but let me look at the left sidebar and check if I can find the Astro logo from there. First, let me check the navigation area by looking at the top of the page to see the full header.

Looking at the current state, the page is showing an error. However, the task is about checking Astro Logo in light mode. Let me look at the second tab in the browser and check that first. Also, let me look at the navigation header more carefully.

Let me try to look at the right side of the header for the theme toggle button.
[step 7] Action: left_click (1047, 173)
[step 7] Reasoning: The page is still showing the same error. However, I can see the navigation header at the top. The header seems to be intact with the logo "1.3.2" and some icons on the right. The top right shows some icons - GitHub, Discord, screenshot icon, and a half-circle (sun/moon?) icon. Let me look more closely at the header icons around x=1090, y=173.

The page error is happening in the content area. Despite this error, the navigation bar (header) seems to be rendering. Let me try to find and click the theme toggle button in the navigation bar to switch to light mode. Let me look at the right side of the header more carefully.

I can see some icons around x=1047, y=173. Let me try clicking on what appears to be the theme toggle button. The rightmost visible icon before the task panel widget appears to be around x=1047, y=173.
[step 8] Action: Minimize panel
[step 8] Reasoning: I see that clicking on that icon showed "View Compiled Source" which is part of the error display, not the theme toggle button. The error page is in a development mode showing compiled source. The page is still showing the TypeError error. 

The page has an error with the Astro installation page. The header shows github, discord, and some other icons, and what appears to be the theme toggle button is partially hidden by the task panel widget. Let me minimize the panel to see the full header better.
[step 9] Action: key: ctrl+shift+r
[step 9] Reasoning: Now I can see the full header. The header shows:
1. shadcn-solid logo "1.3.2" on the left
2. GitHub, Discord, and a camera-like icon in the navigation icons
3. An eye icon (🔍 or similar) and a refresh/sync icon on the right side

The page is showing a TypeErrorl. Let me look at the header icons more carefully. I can see icons at approximately x=940, x=978, x=1015, x=1053, x=1089 at y=173. The last icon at x=1089 appears to be a refresh/reload icon. These icons seem to be part of the error display overlay rather than the actual website navigation.

Wait - looking at the header, I can see this IS the actual website header with those icons. There's no obvious theme toggle button visible (sun/moon icon). Let me look if the theme toggle button might be somewhere else or hidden.

Actually, looking more carefully at the right side of the header, the icons visible are: GitHub (cat), Discord (waveform), and two others. The task panel widget was covering some of the header - now that it's minimized, I can see the full header but there still isn't an obvious sun/moon theme toggle visible.

Let me look at what those icons are more carefully by moving closer to them.

Actually, the page is showing an error and the normal content is not rendering. Even if the header is visible, the page itself has a critical bug. The task says the page should show Astro installation guide content, but instead it's showing a TypeError.

Let me try a hard refresh to see if the page loads correctly.
[step 10] Action: left_click (289, 33)
[step 10] Reasoning: The page is still showing the same error even after a hard refresh. The `/docs/installation/astro/` page has a persistent TypeError: "Cannot read properties of undefined (reading 'frontmatter')". This appears to be a bug in the application.

However, the task is still asking me to check the Astro Logo in light mode. I notice the header contains the shadcn-solid navigation bar. There seem to be icons on the right side of the header. Let me look at the second tab in the browser which might have a working version of the page.

Let me also check if there are any theme-related controls in the header. The icons visible on the right side of the navigation bar are:
- GitHub icon (~940, 173)
- Discord icon (~978, 173)
- Camera-like icon (~1015, 173)
- Eye icon (~1053, 173)
- Refresh/Sync icon (~1089, 173)

None of these look like a sun/moon theme toggle. Let me check if there's something to the left of the github icon that I might be missing.

Actually, looking at the header more carefully - I notice there's a gap before the GitHub icon - the theme toggle might be further to the left, hidden by the left sidebar or something. Let me look at the second tab.
[step 11] Action: Open url: http://localhost:3000/docs/installation/
[step 11] Reasoning: Both tabs seem to be showing the same error page. Let me try to navigate to a different page first - let me go to the homepage of the docs to see if the site works at all.
[step 12] Action: Open url: http://localhost:3000/
[step 12] Reasoning: Interesting! Now I can see the `/docs/installation/` page is also showing the same TypeError. However, I can now see the navigation header more clearly. Looking at the right side of the header at approximately y=173:
- GitHub icon (~942)
- Discord icon (~978) 
- Camera-like icon (~1015)
- A crossed-eye or eye with X icon (~1053) - this might be the theme toggle
- Refresh icon (~1089)

Wait, I notice the 4th icon (at ~1053) now looks different - it appears to be an eye with a strikethrough or a crescent/half-circle shape. This could be the theme toggle button.

But the more important observation is that the site appears to have a critical bug - the entire docs page is returning the same TypeError regardless of which documentation page is visited. 

Let me try a different approach - let me try to navigate to the root of the site to see if it loads there.
[step 13] Action: left_click (243, 111)
[step 13] Reasoning: The homepage loads correctly! I can see the shadcn-solid homepage with:
- "shadcn-solid" logo in the top left
- Navigation: Docs, Components, Examples
- Search bar
- GitHub icon and a sun/moon theme toggle icon on the right side

I can see the theme toggle button (sun/moon icon) at approximately x=1203, y=110. The current theme appears to be dark (based on the overall dark appearance, but actually looking at the page, it shows a light background with black text, so it might already be in light mode).

Let me look more carefully. The page appears to have a white/light background. The sun icon (☀️) at the top right suggests the site might already be in dark mode (since the sun icon typically means "switch to light mode" when you're in dark mode). Wait, actually the current theme looks light (white background). Let me click the theme toggle to see what happens and what mode we're currently in.

First let me look at the current state - the background is white, text is black, which suggests we might already be in light mode. The sun icon (☀️) at approximately x=1203, y=110 would switch to dark mode.

Let me navigate back to the `/docs/installation/astro/` page via the "Docs" link in the navigation, and see if the page loads correctly from this working homepage context.
[step 14] Action: left_click (79, 269)
[step 14] Reasoning: The Docs page loads correctly now! I can see:
1. Left sidebar with navigation including "Installation" 
2. The page title "Introduction" and content about shadcn-solid
3. Theme toggle button (sun icon ☀️) at the top right at approximately x=1203, y=110

The page appears to be in light mode already (white background, black text). Let me now navigate to the Installation page to find the Astro link.
[step 15] Action: mouse_move (1015, 520)
[step 15] Reasoning: Excellent! Now I can see the Installation page at `/docs/installation` which shows the "Frameworks" section with:
1. **Solid Start** - with its logo (the Solid Start logo is visible)
2. **Astro** - the card is visible but notice something very important: **The Astro card does NOT have a visible logo/icon in the light mode!** The Solid Start card shows its logo at the top, but the Astro card appears to only show the text "Astro" without any visible logo above it.

This is the visual bug I need to document! The Astro logo is missing or invisible in the light mode. The Astro logo might be white/very light colored, making it invisible against the white background of the light mode.

Let me take a closer screenshot of the Astro card area to better document this.

Let me first make sure I'm in light mode by checking the current state. The page shows a white background with black text, which appears to be light mode. The sun icon (☀️) at the top right confirms we're in dark mode if the sun is shown (clicking sun would switch to light). Wait - if the sun icon is shown, it typically means "click to switch to light mode from dark mode" OR "click to switch to dark mode from light mode". 

Looking at the current page: white background = light mode. The ☀️ icon when you're in light mode would switch to dark mode. Let me verify this is currently light mode by looking at the icon.

Actually, looking at the current page - it's clearly in light mode (white background, black text). The sun icon (☀️) in the header might mean "switch to dark mode" from the current light mode.

Now, the critical observation: **The Astro card is missing its logo!** Let me zoom in on the Astro card area.
[step 16] Action: screenshot
[step 16] Reasoning: Now I can see both cards more clearly when hovering over the Astro card:

1. **Solid Start card** - Has a visible logo (the Solid Start 3D-looking icon) in gray/silver tones that's clearly visible against the white background
2. **Astro card** - When hovering (as shown by the gray background on the Astro card), there appears to be a very faint/barely visible logo icon at approximately x=1015, y=505. When hovered, the Astro logo becomes slightly more visible but it's still extremely faint - it's a very light gray/white color against a light background.

This is the visual bug! The Astro logo appears to be white or very light colored, making it almost invisible against the white/light background in light mode. The Solid Start logo is clearly visible in gray tones, but the Astro logo is nearly invisible.

Let me take a screenshot to document this, and also check what the current theme mode is. The page appears to be in light mode (white background). Let me now verify this is indeed light mode and that the Astro logo visibility issue is a real bug.

Let me check the current theme mode by looking at the sun icon:
[step 17] Action: left_click (1203, 110)
[step 17] Reasoning: Excellent! I can clearly see the visual bug now. Looking at the Installation page in light mode (white background):

1. **Solid Start card** (left): Has a clearly visible logo - a gray/silver 3D-looking icon that is distinct against the white background
2. **Astro card** (right): The logo area is nearly invisible. Looking at the Astro card, there appears to be a very faint, barely visible icon (appears to be the Astro rocket/logo) that is so light it's nearly invisible against the white background. The Astro logo appears to be white or near-white colored, making it almost impossible to see in light mode.

This is a clear contrast/visibility bug. The Astro logo is not visible in light mode because it's likely white (the Astro logo's official color is used, but it appears to be using white which is invisible against a white background).

Now let me check the theme toggle button. Looking at the header, I can see the ☀️ sun icon at approximately x=1203, y=110. If the page is currently in light mode and the sun icon is shown, clicking it would switch to dark mode. But let me verify the current theme state.

The page has a **white background** and **black text**, which is classic light mode. The sun icon (☀️) in the header is typically the button to switch to **dark mode** when you're currently in light mode.

Let me check if there's actually a theme toggle (it might be a button with a sun icon that when clicked shows options or switches themes).

Let me verify the current theme and then check if the Astro logo is truly the issue. Let me click on the theme toggle to switch to dark mode to compare:

Actually, looking at the task requirements again - the task asks me to:
1. Verify the page loads with Astro installation content ✓ (the /docs/installation/astro/ page has a TypeError, but the /docs/installation page loads)
2. Find and check the theme toggle button
3. Check the Astro logo in light mode
4. Navigate to /docs/installation/ page to check the Astro card

I'm currently on the /docs/installation/ page in what appears to be light mode. The Astro logo is barely visible. Let me first confirm this is light mode by checking the theme toggle button, then if needed switch to light mode.

Let me click the theme toggle button to see what happens:

Wait - I need to first check if this is currently in dark mode or light mode. The white background suggests light mode. Let me look at the ☀️ button more carefully.

Looking at the header icons, there's a sun icon (☀️) at approximately x=1203, y=110. In dark mode, you'd typically see a sun to click to go to light. In light mode, you'd see a moon to click to go to dark. 

But wait - there's currently a ☀️ (sun) shown, which suggests the current mode might be dark and the sun is offering to switch to light. But the page background is white... This is confusing. Let me click on the sun icon to see what happens.

Actually, let me take a very careful look. The current page has a white background and dark text, suggesting we're in light mode. The sun icon might be the current active theme indicator OR it might be the button to switch TO the opposite theme. This is ambiguous.

Let me click on the sun/moon icon to see:
[step 18] Action: left_click (1136, 160)
[step 18] Reasoning: A theme dropdown menu appeared with three options:
- ☀️ **Light** 
- 🌙 **Dark**
- 💻 **System**

The current mode appears to be "System" (or whatever the system default is), but looking at the page, it's showing in light mode (white background). Let me click on "Light" to explicitly set the theme to light mode and then observe the Astro logo:
[step 19] Action: left_click (1203, 110)
[step 19] Reasoning: I've selected "Light" mode and the page is now in light mode. I can clearly see the visual bug:

**🔴 VISUAL BUG CONFIRMED: The Astro Logo is INVISIBLE in Light Mode!**

Looking at the Installation page with the Frameworks section:
- **Solid Start card** (left): Has a clearly visible gray/silver logo icon above the text "Solid Start"
- **Astro card** (right): The logo area appears **completely empty/blank** above the text "Astro" - the Astro logo is invisible against the white background

The Astro logo is likely white-colored (which is the Astro brand color for their logo), making it completely invisible on a white background in light mode. This is a serious accessibility and UX bug - users cannot see the Astro logo in light mode.

Let me now switch to dark mode to compare and confirm this is a light-mode specific issue:
[step 20] Action: left_click (1134, 197)
[step 20] Reasoning: The theme dropdown is open again. Let me click "Dark" to switch to dark mode and compare the Astro logo visibility:
[step 21] Action: left_click (1203, 110)
[step 21] Reasoning: **This confirms the bug!** In dark mode, I can now clearly see:
- **Solid Start card** (left): Logo is visible (same gray/silver icon as before)  
- **Astro card** (right): **The Astro logo is NOW CLEARLY VISIBLE** as a white rocket/astronaut logo with a white star, standing out prominently against the dark background

This proves that:
- The Astro logo is **white colored**
- In **dark mode**: The white Astro logo is clearly visible against the dark background ✅
- In **light mode**: The white Astro logo is completely invisible against the white background ❌

This is a clear **visual contrast bug** - the Astro logo uses white color which becomes invisible on a white/light background in light mode. The application fails to adapt the Astro logo color for light mode (should use a darker version of the logo in light mode).

Now let me switch back to light mode to capture a final screenshot for documentation:
[step 22] Action: left_click (1136, 160)
[step 22] Reasoning: The theme dropdown is open with the three options (Light, Dark, System). I can still see the dark mode page with the Astro logo clearly visible. Now let me click "Light" to switch to light mode:
[step 23] Action: left_click (1015, 520)
[step 23] Reasoning: This is the final screenshot in **Light Mode** confirming the bug:

**🔴 CONFIRMED BUG: Astro Logo is INVISIBLE in Light Mode**

The Installation page (`/docs/installation`) in light mode shows:
- **Solid Start card** (left): Logo is clearly visible - a gray/silver 3D-looking Solid Start icon
- **Astro card** (right): Logo is **COMPLETELY INVISIBLE** - only the text "Astro" is visible, but there's no visible logo above it. The logo area appears blank/empty

The comparison between light and dark mode confirms this is a visual bug:
- ✅ **Dark mode**: Astro white logo is clearly visible against dark background
- ❌ **Light mode**: Astro white logo is invisible against the white background (zero contrast)

Now let me also check the Astro installation guide page (`/docs/installation/astro/`). I'll navigate there through the Astro card:
[step 24] Action: screenshot
[step 24] Reasoning: Interesting! The Astro installation guide page (`/docs/installation/astro`) now loads correctly! (Earlier when navigating directly to `/docs/installation/astro/` with a trailing slash it showed a TypeError, but navigating through the site's link works). The page shows:
- Title: "Astro"
- Subtitle: "Install and configure Astro."
- CLI section with "Create project" step
- A code block with `pnpm create astro@latest`

The page is in light mode (white background, black text). Let me scroll up to see if there's an Astro logo/icon on this page, and let me also check the breadcrumb navigation area which shows "Docs > Astro".

Looking at the current view, the page shows the Astro installation content but I don't see the Astro logo on this page - just the "Astro" text as the title. Let me check if there's any logo visible or if we need to scroll up. The page appears to be at the top already since I can see the breadcrumb.

The page title area doesn't show an Astro logo icon directly. Let me scroll through the page to check all content.

Now, let me take a final comprehensive screenshot to document the current state in light mode:
[step 25] Action: left_click (79, 269)
[step 25] Reasoning: The Astro installation guide page is now loading correctly at `/docs/installation/astro` (without trailing slash) in light mode. The page shows the Astro installation guide content with "Install and configure Astro." and CLI instructions.

Now let me go back to the `/docs/installation` page to capture the key bug - the Astro logo being invisible in light mode. Let me navigate back:
[step 26] Action: DONE
[step 26] Reasoning: This is the final confirmation screenshot of the bug. I'm now on the `/docs/installation` page in **Light Mode**, and I can clearly see:

**🔴 VISUAL BUG CONFIRMED:**

**Installation Page - Light Mode - Astro Card:**
- The **Solid Start** card (left) shows a clearly visible gray/silver logo icon above the "Solid Start" text
- The **Astro** card (right) shows **NO VISIBLE LOGO** above the "Astro" text - the logo area is completely blank/white and invisible against the white card background

**Summary of all findings:**

## Test Results Summary

### 1. Page Loading Issue
- **Bug**: The URL `http://localhost:3000/docs/installation/astro/` (with trailing slash) throws a `TypeError: Cannot read properties of undefined (reading 'frontmatter')`, preventing the page from rendering
- The URL `http://localhost:3000/docs/installation/astro` (without trailing slash) works correctly when navigated to from within the site

### 2. 🔴 CRITICAL VISUAL BUG: Astro Logo Invisible in Light Mode

**Location**: `/docs/installation` - Astro card in the Frameworks grid

**Issue**: The Astro logo uses a white-colored SVG icon. In light mode (white background), the white logo has **zero contrast** against the white/light card background, making it completely **invisible** to users.

**Comparison**:
- ✅ **Dark Mode**: Astro logo is clearly visible (white logo on dark background)
- ❌ **Light Mode**: Astro logo is completely invisible (white logo on white background)

**Impact**: Users in light mode cannot see the Astro logo/icon in the Installation page framework selection cards. This is an accessibility issue and a UX bug - the visual indicator for Astro (that helps users identify the framework) is missing in light mode.

**Expected Behavior**: The Astro logo should use a dark/colored version in light mode (similar to how the Solid Start logo uses gray tones that are visible in both modes), or the logo color should adapt based on the current theme.
Evaluating task result...

==================================================
Task: Chrome浏览器已打开 http://localhost:3000/docs/installation/astro/（shadcn-solid 文档站点的 Astro 安装指南页面）。

测试任务：检查 Astro Logo 在浅色模式下的显示效果。

步骤：
1. 观察当前页面是否正常加载，页面上应该有 Astro 相关的安装指南内容
2. 找到页面顶部导航栏中的主题切换按钮（通常是太阳/月亮图标），将主题切换为浅色模式（Light Mode）
3. 在浅色模式下，仔细观察页面中 Astro 的 Logo 图标：
   - Logo 是否清晰可见？
   - Logo 与浅色背景是否有足够的对比度？
   - Logo 是否因为颜色太浅而难以辨认或看不见？
4. 导航到 /docs/installation/ 页面（安装选项列表页），检查 Astro 卡片上的 Logo 在浅色模式下是否也正常显示
5. 截图记录观察到的 Logo 状态

始终在浏览器内操作，禁止打开 Terminal、Finder 或其他应用程序。
Status: COMPLETED
Total steps: 26
Last action: DONE
Last reasoning: This is the final confirmation screenshot of the bug. I'm now on the `/docs/installation` page in **Light Mode**, and I can clearly see:

**🔴 VISUAL BUG CONFIRMED:**

**Installation Page - Light Mode - Astro Card:**
- The **Solid Start** card (left) shows a clearly visible gray/silver logo icon above the "Solid Start" text
- The **Astro** card (right) shows **NO VISIBLE LOGO** above the "Astro" text - the logo area is completely blank/white and invisible against the white card background

**Summary of all findings:**

## Test Results Summary

### 1. Page Loading Issue
- **Bug**: The URL `http://localhost:3000/docs/installation/astro/` (with trailing slash) throws a `TypeError: Cannot read properties of undefined (reading 'frontmatter')`, preventing the page from rendering
- The URL `http://localhost:3000/docs/installation/astro` (without trailing slash) works correctly when navigated to from within the site

### 2. 🔴 CRITICAL VISUAL BUG: Astro Logo Invisible in Light Mode

**Location**: `/docs/installation` - Astro card in the Frameworks grid

**Issue**: The Astro logo uses a white-colored SVG icon. In light mode (white background), the white logo has **zero contrast** against the white/light card background, making it completely **invisible** to users.

**Comparison**:
- ✅ **Dark Mode**: Astro logo is clearly visible (white logo on dark background)
- ❌ **Light Mode**: Astro logo is completely invisible (white logo on white background)

**Impact**: Users in light mode cannot see the Astro logo/icon in the Installation page framework selection cards. This is an accessibility issue and a UX bug - the visual indicator for Astro (that helps users identify the framework) is missing in light mode.

**Expected Behavior**: The Astro logo should use a dark/colored version in light mode (similar to how the Solid Start logo uses gray tones that are visible in both modes), or the logo color should adapt based on the current theme.

==================================================

UI window closed
