Session created: sess-20260417164307-75086a9d412f4a8da5e7c1bdea683d6e
UI panel initialized successfully
UI window displayed
Expected result: Checkboxes 示例区域的代码片段应包含 CheckboxItem 相关代码，与 Checkbox Demo 匹配。Radio Group 示例区域的代码片段应包含 RadioGroup/RadioItem 相关代码，与 Radio Group Demo 匹配。如果两者的代码片段混淆或不匹配（例如 Checkboxes 示例展示了 Radio Group 代码），说明存在 bug (abnormal)。
[step 0] Action: Initializing
[step 0] Reasoning: Initializing session connection
[step 0] Action: screenshot
[step 1] Action: scroll down (640, 400) scroll_amount 10
[step 1] Reasoning: The page is loaded. I can see the Dropdown Menu documentation page. Let me scroll down to find the Examples section with Checkboxes and Radio Group demos.
[step 2] Action: scroll down (640, 400) scroll_amount 15
[step 2] Reasoning: I can see the Installation and Usage sections. I need to scroll more to find the Examples section with Checkboxes and Radio Group demos.
[step 3] Action: scroll down (640, 400) scroll_amount 5
[step 3] Reasoning: I can see the "Examples" section heading and "Checkboxes" heading. Let me scroll down a bit more to see the Checkboxes demo and its code.
[step 4] Action: scroll down (640, 400) scroll_amount 5
[step 4] Reasoning: This is very interesting! I can see the "Examples" section with both "Checkboxes" and "Radio Group" headings, but there are **no demo components or code snippets visible** between them. The sections appear to be empty - just headings with no content. This is a significant visual issue.

Let me scroll down further to see if there's content below these headings, and also check if there's a demo component at the bottom of the screen.
[step 5] Action: scroll up (640, 400) scroll_amount 3
[step 5] Reasoning: Now I can see the full page. This is a critical finding! The Examples section shows:
- "Checkboxes" heading
- "Radio Group" heading

But **both sections are completely empty** - there are no demo components, no code snippets, no interactive elements. The page goes directly from the "Radio Group" heading to the navigation links (Drawer, Hover Card) and the footer.

This is a significant bug in the application. Both the Checkboxes and Radio Group examples sections are missing their content entirely - no demo components and no code snippets are shown. Let me scroll back up to verify the page structure more carefully and make sure I haven't missed anything.
[step 6] Action: DONE
[step 6] Reasoning: Now I have a complete view of the Examples section. The situation is very clear:

**Critical Bug Found:**

The "Examples" section contains two subsections:
1. **Checkboxes** - heading only, no demo and no code snippet
2. **Radio Group** - heading only, no demo and no code snippet

Both example sections are completely empty. There are no:
- Interactive demo components (dropdown menus with checkboxes or radio buttons)
- Code snippets/tabs to expand
- Any content whatsoever between the headings

The content goes directly from "Radio Group" heading to the page navigation links (Drawer | Hover Card) and footer.

This is a **functional bug** - the Examples section is missing all its content. The Checkboxes and Radio Group examples should each contain:
- A demo component showing the interactive dropdown
- A code snippet showing the relevant implementation

Since there's no content to compare, I cannot verify whether the code snippets match their demos. The entire Examples section content appears to be missing from the page.

---

## 测试结果报告

**测试任务：验证 Dropdown Menu 文档页面中 Checkboxes 和 Radio Group 示例的代码片段是否与各自的 Demo 匹配**

### 发现的 Bug

**严重程度：高**

**问题描述：** Examples 部分的 Checkboxes 和 Radio Group 两个示例区域**完全没有内容**。

**具体表现：**
- `Examples` 标题下存在 `Checkboxes` 和 `Radio Group` 两个子标题
- 两个子标题下方**均没有**：
  - Demo 交互组件（带复选框/单选框的下拉菜单）
  - 代码片段展示区
  - 任何可展开/查看的内容
- 页面直接从 `Radio Group` 标题跳转到页面底部导航（← Drawer | Hover Card →）和页脚

**影响：** 由于两个示例区域都没有 Demo 和代码片段，无法完成"验证代码片段是否与 Demo 匹配"的测试任务。

**结论：** 这是一个功能性 Bug，Checkboxes 和 Radio Group 示例的 Demo 组件及代码片段缺失，无法验证两者的对应关系。**测试任务无法完成**，标记为 **FAIL**。
Evaluating task result...

==================================================
Task: Chrome 浏览器已打开 http://localhost:3000/docs/components/dropdown-menu（shadcn-solid 文档站点的 Dropdown Menu 组件页面）。

测试任务：验证 Dropdown Menu 文档页面中 Checkboxes 和 Radio Group 示例的代码片段是否与各自的 Demo 匹配。

步骤：
1. 向下滚动页面，找到 Examples 部分
2. 找到 Checkboxes 示例区域：
   - 查看 Checkboxes Demo 的交互效果（带勾选框的下拉菜单）
   - 展开/查看 Checkboxes 对应的代码片段
   - 确认代码中是否包含 CheckboxItem 相关代码
3. 找到 Radio Group 示例区域：
   - 查看 Radio Group Demo 的交互效果（带单选按钮的下拉菜单）
   - 展开/查看 Radio Group 对应的代码片段
   - 确认代码中是否包含 RadioGroup/RadioItem 相关代码
4. 重点关注：每个示例区域显示的代码片段是否与其上方的 Demo 在功能上匹配
   - Checkboxes 示例的代码应该展示 Checkbox 相关用法
   - Radio Group 示例的代码应该展示 Radio Group 相关用法
   - 两者不应混淆（如 Radio Group 示例下面不应展示 Checkbox 代码）

始终在浏览器内操作，禁止打开 Terminal、Finder 或其他应用程序。
Status: COMPLETED
Total steps: 6
Last action: DONE
Last reasoning: Now I have a complete view of the Examples section. The situation is very clear:

**Critical Bug Found:**

The "Examples" section contains two subsections:
1. **Checkboxes** - heading only, no demo and no code snippet
2. **Radio Group** - heading only, no demo and no code snippet

Both example sections are completely empty. There are no:
- Interactive demo components (dropdown menus with checkboxes or radio buttons)
- Code snippets/tabs to expand
- Any content whatsoever between the headings

The content goes directly from "Radio Group" heading to the page navigation links (Drawer | Hover Card) and footer.

This is a **functional bug** - the Examples section is missing all its content. The Checkboxes and Radio Group examples should each contain:
- A demo component showing the interactive dropdown
- A code snippet showing the relevant implementation

Since there's no content to compare, I cannot verify whether the code snippets match their demos. The entire Examples section content appears to be missing from the page.

---

## 测试结果报告

**测试任务：验证 Dropdown Menu 文档页面中 Checkboxes 和 Radio Group 示例的代码片段是否与各自的 Demo 匹配**

### 发现的 Bug

**严重程度：高**

**问题描述：** Examples 部分的 Checkboxes 和 Radio Group 两个示例区域**完全没有内容**。

**具体表现：**
- `Examples` 标题下存在 `Checkboxes` 和 `Radio Group` 两个子标题
- 两个子标题下方**均没有**：
  - Demo 交互组件（带复选框/单选框的下拉菜单）
  - 代码片段展示区
  - 任何可展开/查看的内容
- 页面直接从 `Radio Group` 标题跳转到页面底部导航（← Drawer | Hover Card →）和页脚

**影响：** 由于两个示例区域都没有 Demo 和代码片段，无法完成"验证代码片段是否与 Demo 匹配"的测试任务。

**结论：** 这是一个功能性 Bug，Checkboxes 和 Radio Group 示例的 Demo 组件及代码片段缺失，无法验证两者的对应关系。**测试任务无法完成**，标记为 **FAIL**。

==================================================

UI window closed
