Session created: sess-20260424161721-08b5d64d08d846878b9830ac5727e0ce
UI panel initialized successfully
UI window displayed
Expected result: No extra blank space at bottom after switching to widescreen. Content height recalculates correctly.
[step 0] Action: Initializing
[step 0] Reasoning: Initializing session connection
[step 0] Action: screenshot
[step 1] Action: left_click (640, 400)
[step 1] Reasoning: I can see the browser is already open at localhost:8000 showing the Slate Angular editor. There are some terminal windows overlapping. Let me click on the browser to bring it to focus and close the overlapping terminal windows.
[step 2] Action: key: Escape
[step 2] Reasoning: A context menu appeared. Let me close it by pressing Escape, then click somewhere to dismiss the terminal windows and focus on the browser.
[step 3] Action: left_click (289, 33)
[step 3] Reasoning: The terminal windows are overlapping the browser. I need to bring the Chrome browser to the front and hide the terminal windows. Let me click on the Chrome browser in the taskbar/dock or use the browser's tab to focus it.
[step 4] Action: left_click (640, 400)
[step 4] Reasoning: Now I can see the Chrome browser is in focus with the Slate Angular editor visible. The terminal windows are gone. I can see the RichText example is currently selected in the left sidebar. Let me click somewhere on the page to dismiss the tooltip and then take a proper screenshot of the current state.
[step 5] Action: scroll down (640, 400) scroll_amount 5
[step 5] Reasoning: Now I can clearly see the Slate Angular editor at localhost:8000. The browser is showing the **RichText** example with:
- A toolbar with formatting options
- Rich text content including h1, h3 headings, paragraphs, and a blockquote

The current window appears to be at a moderate width. Now let me:
1. First scroll down to see all the content
2. Then resize to widescreen
3. Check for extra blank space at the bottom

Let me start by scrolling down to see the content:
[step 6] Action: scroll down (780, 400) scroll_amount 5
[step 6] Reasoning: The page content appears to be the same - scrolling doesn't seem to change the view since the RichText content is already fully visible. I can see there's a large empty area below "Try it out for yourself!" and the editor content ends around y=475. The sidebar navigation on the left shows other examples. Let me try scrolling within the main content area to see if there's more content below.

Let me try clicking on "Huge Document" in the sidebar to see a page with more content that would require scrolling, then check the behavior after resizing to widescreen. But first, let me check the current RichText content more carefully by scrolling in the editor content area.

Let me now try scrolling the right panel/editor area:
[step 7] Action: left_click (71, 250)
[step 7] Reasoning: The RichText example has a relatively small amount of content. The editor area shows all the content and there's some empty space below "Try it out for yourself!". Let me now click on "Huge Document" to see a page with much more content that would better demonstrate scrolling behavior:
[step 8] Action: scroll down (640, 400) scroll_amount 10
[step 8] Reasoning: I'm now on the **Huge Document** page at localhost:8000/huge-document. This is a great example with lots of content. I can see:
- Two toggle buttons: "默认" (Default) and "虚拟滚动" (Virtual scroll)
- A large document with Latin placeholder text (Lorem Ipsum style)
- The content extends below the current view

**Visual observation**: The page renders correctly with the two tabs. The content appears to be a long document that will require significant scrolling.

Now let me scroll down to see the full content:
[step 9] Action: scroll down (640, 400) scroll_amount 15
[step 9] Reasoning: I can see the page is scrolling down properly - there's a lot of content. Let me continue scrolling down to see more content:
[step 10] Action: scroll down (640, 400) scroll_amount 30
[step 10] Reasoning: The content is scrolling properly and I can see more paragraphs and headings. The document appears very long. Let me continue scrolling to see near the bottom of the content:
[step 11] Action: key: End
[step 11] Reasoning: I can see the document is very long with lots of content. Let me scroll further down to get near the bottom of the document to see all the content:
[step 12] Action: key: cmd+End
[step 12] Reasoning: I can see more content. Let me press End again or use Cmd+End to jump to the very bottom of the page:
[step 13] Action: scroll down (640, 400) scroll_amount 50
[step 13] Reasoning: The page seems to have stopped scrolling - it still shows the same content. Let me scroll down more to reach the bottom:
[step 14] Action: scroll down (640, 400) scroll_amount 100
[step 14] Reasoning: Still scrolling through content. The document is very long. Let me use the browser's scroll bar or keyboard shortcut to jump to the absolute bottom:
[step 15] Action: key: cmd+Home
[step 15] Reasoning: The document is extremely long - still more content. I've seen enough content scrolling on the current window size. Now I need to note the current window state and then resize the browser to widescreen. Let me record the current window size. The browser appears to be at approximately 1280px width (the screen resolution).

Now I need to resize the browser to widescreen. Since the current screen is 1280x720, I need to check if there's a way to make it wider. Actually, looking at the current state, the browser appears to already be using most of the screen. "Widescreen" in this context likely means a wider viewport - I could try to maximize the browser window or use Chrome's zoom/window settings.

Let me first scroll back to the top to see the current state, then resize the window. Let me use Cmd+Home to go to the top:
[step 16] Action: scroll up (640, 400) scroll_amount 100
[step 16] Reasoning: The Cmd+Home shortcut didn't navigate to the top. Let me scroll up to the top manually:
[step 17] Action: left_click (71, 250)
[step 17] Reasoning: The page has scrolled up but is not at the top. Let me go back to the RichText example which has shorter content for a more focused test, and then I'll navigate the Huge Document page after resizing. First let me go to the top of the current page using the browser's scrollbar. Let me click on "RichText" in the sidebar and start fresh with the full workflow:

Actually, the task says to stay in browser only and check the Huge Document. Let me navigate to the top by clicking on "Huge Document" link in the sidebar again:
[step 18] Action: Open url: http://localhost:8000/huge-document
[step 18] Reasoning: The page didn't scroll back to the top when clicking "Huge Document" link since we're already on that page. Let me navigate to the URL directly to reload and go to the top of the page:
[step 19] Action: scroll down (640, 400) scroll_amount 10
[step 19] Reasoning: Now I'm at the top of the **Huge Document** page. I can clearly see:
- The two tabs: "默认" (Default) and "虚拟滚动" (Virtual scroll)
- The document starts with a large heading "Turbo ambitus arto angelus anser adfero subseco denego defungo."
- Multiple paragraphs of Latin text follow

**Visual observation**: The layout looks correct at the current window width (1280px). The content area is properly bounded. The task status widget appears to be minimized in the bottom-right corner.

Now let me **scroll down** to see the full content of the page first, as required by the task:
[step 20] Action: scroll down (640, 400) scroll_amount 20
[step 20] Reasoning: Good, I can see the content scrolling correctly. The content renders properly with paragraphs and headings. Let me continue scrolling down to see more content:
[step 21] Action: key: cmd+minus
[step 21] Reasoning: Content is rendering correctly. I can see headings and paragraphs as expected. Now I've scrolled down significantly (we can see multiple headings and sections). 

Now I need to **resize the browser to widescreen**. The task is to make the window wider. Currently the browser appears to be at approximately 1280px width (the full screen width). 

Let me think about how to resize to "widescreen" - since the screen is already 1280px wide, I need to make the browser window take up a wider viewport. I could:
1. Use Chrome's built-in "Responsive Design Mode" via DevTools - but the task says no DevTools
2. Manually resize by dragging the browser window edge
3. The screen is 1280px wide currently - the browser seems to be full width

Looking at the current state more carefully - the browser window **is** the full 1280px width. To go "widescreen" (wider), let me check if there's a way to simulate a wider viewport or if I need to zoom out.

Actually, "resize to widescreen" likely means making the **window wider** (if it's not currently full-width) or using Chrome's zoom out feature. Let me first check the current state by looking at whether the window has resize handles.

Let me try using Chrome's zoom-out feature to simulate a wider viewport (more content visible horizontally):
[step 22] Action: key: cmd+0
[step 23] Action: screenshot
[step 23] Reasoning: Interesting! The `cmd+0` reset the zoom and the page now appears wider/zoomed out more - I can see more content horizontally. But the task asks to **resize the browser window to widescreen**. 

Actually, looking at the current state more carefully, the browser window appears to be showing the content at a zoom level where more fits in the viewport. The Slate Angular logo and nav items are smaller, suggesting the page zoom changed.

However, for a proper widescreen resize, I should actually **drag the window edge** to make it wider, or use the macOS window "Zoom" button (green button). But since the screen is 1280px wide, the window is already as wide as possible.

Let me try a different approach: I'll use the Chrome browser to make the viewport wider using the **Window menu** → **Zoom** to maximize, or I'll use the macOS "Zoom" green button to toggle window size. But first, let me check the current window size vs. the screen size.

Looking at the screenshot - the browser appears to be at ~75% zoom based on the smaller UI elements. It looks like `cmd+0` may have changed the page zoom level. Let me zoom out further using the Chrome zoom controls to simulate a wider viewport:
[step 24] Action: scroll up (640, 400) scroll_amount 100
[step 24] Reasoning: Good. I can see the browser now has a different zoom level. The page elements are smaller. The sidebar items take up less space, meaning we see more content horizontally. 

Now I need to properly "resize the browser window to widescreen". The most accurate interpretation of this task is to:
1. Make the browser window physically wider (if it's not already maximized)
2. Or zoom out the viewport to simulate a wider display

Looking at the current window, the browser seems to already span the full width of the screen (1280px). But the left section of the window appears to have a gap (the content area starts at ~480px, and there's empty space from 0-175px for the sidebar, then 175-485px appears empty/gray).

Actually, looking more carefully at the screenshot, I notice there's a large left margin/padding in the layout. The content is in the middle of the page. Let me scroll back to the top to see the full page and then proceed with resizing.

Let me go back to the top of the page first:
[step 25] Action: key: ctrl+shift+equal
[step 25] Reasoning: I can now see the top of the Huge Document page. The browser appears to be at a zoomed-out state (the UI elements are smaller). I can see:
- The two tabs "默认" and "虚拟滚动" at the top of the content area
- The document heading "Turbo ambitus arto angelus anser adfero subseco denego defungo."
- Multiple paragraphs rendering correctly

**Current observation**: At this zoom level (zoomed out), the page looks like it's showing more content horizontally. The content area now appears to start at ~490px (sidebar takes up ~175px, then the gray area from 175-490px).

Now let me **note the layout**: 
- Sidebar: 0-175px (left navigation)
- Gray/empty area: 175-490px (this gap is suspicious)
- Content area: 490px onward

This wide left padding/gap seems unusual for a layout that should have the sidebar directly adjacent to the content. Let me now resize the window to be wider - I'll first reset the zoom to 100% and then try to resize the browser window by dragging it:
[step 26] Action: left_click (1241, 61)
[step 26] Reasoning: Let me use the Chrome menu to reset zoom and then try to resize the window:
[step 27] Action: left_click (1263, 61)
[step 27] Reasoning: It seems the menu didn't open. Looking at the current screenshot - the browser appears to be showing the page in a zoomed-out state. The viewport width at this point seems to be effectively wider. 

Now let me think about the task more carefully. The task says "resize the browser window to widescreen (wider)". Since we're already at max screen width (1280px), I need to:

1. Either zoom out the page content (already done with cmd+0)
2. Or look at the screen from a different angle

Actually, looking at the layout again - I notice the browser window occupies the full screen width (1280px). The content is showing correctly.

The key task here is to:
1. ✅ Navigate to the page with content
2. ✅ Scroll down to see content 
3. **Resize to widescreen** - zoom out to simulate wider viewport
4. **Check for extra blank space** at the bottom of the scroll area
5. **Scroll up and down** to verify content renders correctly

Let me proceed to zoom out the page using the Chrome menu to make the viewport effectively wider:
[step 28] Action: left_click (1263, 61)
[step 28] Reasoning: The Chrome menu didn't open. Let me try clicking the 3-dot menu button in the top right of Chrome to open the browser menu:
[step 29] Action: left_click (159, 11)
[step 29] Reasoning: The 3-dot menu isn't responding at the expected coordinate. Looking at the screenshot more carefully, at the current zoomed-out view, the Chrome browser menu icon might be at a different position. Let me look at what's available in the top-right area of Chrome and try the macOS menu bar's "显示" (View) menu to zoom in/out:

Let me try the macOS View menu to change zoom:
[step 30] Action: left_click (175, 190)
[step 30] Reasoning: I can see the Chrome "显示" (View) menu is open with options:
- **放大** (Zoom In) - Cmd++
- **实际大小** (Actual Size) - Cmd+0
- **缩小** (Zoom Out) - Cmd+-
- **投放...** (Cast...)
- **开发者** (Developer)

I can see the current page is at some zoom level. I need to zoom in first to restore the normal view, then resize the window. Let me click **实际大小** (Actual Size) to reset to 100% zoom:
[step 31] Action: key: Escape
[step 31] Reasoning: The menu is still open. Let me close it by pressing Escape and try a different approach. I'll use the keyboard shortcut to zoom. But first, let me note that the browser is already showing the content in a particular zoom level. Let me close this menu and try a different approach to resize the window:
[step 32] Action: left_click (700, 400)
[step 32] Reasoning: The menu is still open (Escape didn't close it). Let me click somewhere else to close it:
[step 33] Action: left_click (159, 11)
[step 33] Reasoning: Good, the menu is closed. Now I need to understand the current state:
- The browser appears to be at a zoomed-out view (all UI elements look slightly smaller)
- The browser window appears to already be at full screen width (1280px)

Now I need to approach the "resize to widescreen" task properly. Looking at the current layout, I notice the browser window **is already full-screen** (1280px wide). 

To properly "resize the window to widescreen (wider)", I should look at the left side of the browser window - is there any chance the window is NOT at full width? Looking at the screenshots, the browser window appears to span the full 1280px screen width.

Given the full screen is 1280px wide, making the window "wider" means either:
1. The window is currently NOT at full width (maybe it's windowed) - but it appears full-screen
2. Zoom out to make the viewport effectively wider

Let me try a completely different approach. Let me check the current window state by looking at the macOS "窗口" (Window) menu and try to resize:

Actually, let me re-read the task: "resize the browser window to widescreen (wider)". This is a clear instruction to make the browser window wider. Given the current situation where the browser might be taking the full 1280px width, the most practical interpretation is to:

1. First make the window **NOT full screen** (restore it if it's maximized)
2. Then use the macOS window controls or drag to resize it wider

OR it could mean - let me check if the browser window is actually narrower than the screen. Let me take a fresh screenshot to see what the actual window state is:

The current screenshots clearly show the browser window has a sidebar on the left at x=0 and content extending to x=1280. The browser seems to be at full screen width.

Since the screen is 1280px wide and the browser takes up the full width, I should interpret "widescreen" as making the effective viewport wider. One way to simulate this is by zooming out the page content (making everything appear smaller, effectively making the viewport wider for the content).

Let me zoom out the page to simulate a wider viewport using the Chrome View menu:
[step 34] Action: left_click (165, 222)
[step 34] Reasoning: The View menu is open. I can see the zoom options. I notice "实际大小" (Actual Size), "放大" (Zoom In), and "缩小" (Zoom Out). Let me click "缩小" (Zoom Out) to zoom out the page and make the viewport effectively wider:
[step 35] Action: left_click (43, 33)
[step 35] Reasoning: Excellent! Now the page has zoomed in (or back to normal zoom). Wait - looking at this screenshot, the page now shows MORE content in the viewport - the text is at normal readable size, more items are visible in the sidebar, and we can see more paragraphs on screen. The zoom level appears to have been restored to a better zoom level.

**Current state analysis**:
- The browser is now showing the Huge Document page at what appears to be a normal zoom level
- The sidebar shows all navigation items clearly
- The content area shows the document headings and paragraphs
- The "默认" and "虚拟滚动" tabs are visible at the top of the content

Now I notice the content starts at approximately x=160 (sidebar) and x=487 (content area right edge). There's still that large gap between the sidebar and the content.

**Visual observation**: The left portion of the page from x=160 to x=487 appears to be completely empty/white. This is either a design choice (centered content with fixed max-width) or a layout issue. The content block has significant left margin.

Now let me proceed to:
1. First scroll down to see the content (required by task)
2. Then resize to widescreen (I'll need to either make the window narrower first, then wider, or zoom out)
3. Check for extra blank space at the bottom

For resizing to "widescreen", since the screen is 1280px and the browser seems to be taking the full width, let me try to approach this differently. I need to:
1. Make the Chrome window NOT full-screen (restore it to a windowed size)
2. Then drag it to make it wider

Let me check if the green maximize button is visible and click it to toggle between maximized and windowed mode:
[step 36] Action: key: Escape
[step 36] Reasoning: I can see a macOS window management popup showing window arrangement options! I can see options like:
- 全屏幕 (Full Screen)
- Various tiling options (half screen left/right, etc.)

The window appears to already be in a "tiled" state (left/right split). I can see there's a "全屏幕" (Full Screen) option and other tiling options. 

Looking at the current layout more carefully - the browser window is on the LEFT half of the screen (0 to ~640px), with another window on the right side. The content at x=487-930 appears to be the browser's content area, but actually this might be overlapping with another window.

Wait - I can see there are TWO browser tabs here:
1. The "Slate Angular Examples - An..." tab in the second position
2. The "Slate Angular Examples - An..." tab that's currently active (highlighted blue)

And there's also the "OpenClaw Control" tab.

Let me close this popup and look at the actual window size more carefully:
[step 37] Action: left_click (700, 400)
[step 37] Reasoning: The popup is still showing. Looking at this more carefully, I can see:
- The left portion of the screen (0-160px) shows the macOS window size popup with tiling options
- The tab bar shows some tabs BUT there's something interesting - the current window appears to be split

Looking at the window layout options shown in the popup:
- Top-left: Some icon
- Top-right: Various tiling options (full, half-left, half-right, etc.)

The popup shows "全屏幕" (Full Screen) option at the bottom left of the popup options. This means the window is currently NOT in full-screen mode.

Let me click somewhere outside the popup to close it:
[step 38] Action: left_click (159, 11)
[step 38] Reasoning: Now I can clearly see the browser state. The popup is gone. Looking at the current screenshot:
- The browser window appears to span the full 1280px wide screen
- The content area shows the Huge Document with text content
- The sidebar on the left shows navigation items

**Important visual observation**: The browser window spans the full 1280px. The content area in the center is properly rendering. There seems to be empty white space between the left sidebar (~160px) and the content block (~490px). This is about 330px of unused space on the left of the content area. This could indicate the content block has a large left margin (possibly centered with margin: auto).

Now I need to actually resize the window. Since the browser appears to be at full width (1280px), I need to either:
1. First un-maximize it to get a smaller window, then drag to make it wider than 1280px (impossible on a 1280px screen)
2. Or zoom out to simulate a wider viewport

The most practical interpretation of "resize to widescreen" here is to **zoom out the page** to make it look like a wider screen. I've already done one zoom-out earlier. Let me check if the current zoom level is already showing a "widescreen" view.

Actually wait - let me re-read what I see: The content text appears to be wrapped at around 930px right edge, with left content starting at ~490px. That means the content width is only ~440px. This is a narrow presentation. A "widescreen" would show wider content.

Let me take a fresh approach. The task says to "resize the browser window to widescreen (wider)". Looking at the macOS title bar:
- The red (close), yellow (minimize), green (maximize) buttons are visible at top-left

The key is: **is the browser window currently maximized or windowed?** Looking at the window - I see the tab bar and content goes edge-to-edge. But looking at the top-left corner - there seem to be the standard red/yellow/green traffic lights. 

Let me try clicking and dragging the right edge of the browser window to see if I can resize it (though since it's at 1280px width which is the screen width, I can't make it wider).

Actually, looking at this more carefully - I think the approach should be:
1. First, make the browser window SMALLER (narrow) 
2. Then drag it to be wider again (to simulate going from narrow to widescreen)

OR I should interpret "resize to widescreen" as zooming out and noting the viewport effectively becomes wider.

Let me try yet another approach - I'll use Chrome's zoom-out (`Cmd+-`) to zoom out the page (making the viewport effectively wider):
[step 39] Action: left_click (165, 222)
[step 39] Reasoning: The View menu is open. I can see the zoom options. Let me click "缩小" (Zoom Out) to zoom out the page to make the viewport effectively wider:
[step 40] Action: left_click (159, 11)
[step 40] Reasoning: Excellent! The page has zoomed out! Now the text is smaller and more content is visible on the screen. The page now shows more content in the viewport. 

**Current state after zoom-out**:
- The browser is now showing the page at a smaller zoom level (approximately 90% or smaller)
- More content is visible - I can now see about 2 full sections of the document
- The sidebar is narrower now (approximately 130px wide)
- The content block starts at ~530px left edge

But wait - I notice something interesting. Looking at the layout, there's still a large gap between the sidebar (ending at ~130px) and the content block (starting at ~530px). This gap of ~400px is quite large and suggests there might be a layout alignment issue. At a wider viewport, the content block should ideally expand or at least be better centered.

**Visual observation**: There's a significant blank/white space from x=130 to x=530 (about 400px gap). This gap seems unusually large for a sidebar layout. The content block appears to be floating to the right with a lot of left margin.

Now let me zoom out one more time to simulate a proper "widescreen" viewport:
[step 41] Action: left_click (165, 222)
[step 41] Reasoning: The View menu is open. I notice that the zoom controls are showing (放大/Zoom In, 缩小/Zoom Out). Let me click on "缩小" (Zoom Out) again to reduce the zoom level further and simulate a widescreen viewport:
[step 42] Action: scroll down (640, 400) scroll_amount 30
[step 42] Reasoning: The page has zoomed out further. Now I can see:
- More content is visible in the viewport 
- The text is smaller
- More sidebar items are visible (all the navigation links are now visible without scrolling)
- The content block appears to be the same width, but the overall layout looks more like a "widescreen" view

**Visual observation** (important for testing): 
1. **The content block position**: The content starts at approximately x=530 and ends at approximately x=880. The right side of the content doesn't extend to the full page width. There's a large white/empty area to the right of the content (from x=880 to x=1280, approximately 400px of unused space).
2. **The left gap**: There's also empty space from x=130 (sidebar end) to x=530 (content start) - approximately 400px gap.

This suggests the layout has a maximum content width constraint, and the content is NOT centering to use the full available width when the viewport is wide. This could be normal design behavior (max-width CSS), but let me note it as an observation.

Now I'm in a "widescreen" view (zoomed out). Let me now:
1. **Scroll down** to check for extra blank space at the bottom
2. Verify content renders correctly

Let me scroll down to check the bottom of the scroll area:
[step 43] Action: scroll down (640, 400) scroll_amount 50
[step 43] Reasoning: Good, the content is scrolling correctly. I can see more content sections with headings and paragraphs. The content renders properly. Let me continue scrolling down to get toward the bottom of the document:
[step 44] Action: scroll down (640, 400) scroll_amount 100
[step 44] Reasoning: Content is rendering correctly. I can see more sections with headings and paragraphs. Let me keep scrolling down to reach the bottom of the document to check for blank space:
[step 45] Action: key: ctrl+End
[step 45] Reasoning: Still scrolling through content. The document is extremely long. Let me try to use the scrollbar to jump near the bottom. Let me click on the scrollbar at the very bottom to jump there:
[step 46] Action: scroll down (640, 400) scroll_amount 200
[step 46] Reasoning: The page didn't scroll further - it seems Ctrl+End didn't work as expected. The page appears to be at the same position as before. Let me scroll down using the scrollbar. I'll try to click on the scrollbar at the very bottom to jump to the end of the document. Looking at the right edge of the screen, I need to find the scrollbar position. The scrollbar should be at approximately x=1280 (right edge).

Let me try scrolling more aggressively:
[step 47] Action: scroll down (640, 400) scroll_amount 200
[step 47] Reasoning: I can see more content! The page is still scrolling. Let me continue scrolling down to find the bottom of the document and check for blank space:
[step 48] Action: mouse_move (1270, 400)
[step 48] Reasoning: The document is still scrolling. This is a very long document. Let me try using the browser's scrollbar to jump directly to the bottom by dragging the scrollbar to the very bottom. Let me look for the scrollbar on the right side of the browser window.

Actually, looking at the screenshots, the scrollbar appears to be very thin (macOS-style overlay scrollbars). Let me try to move the mouse to the right edge to see the scrollbar and then drag it to the bottom:
[step 49] Action: left_click (640, 400)
[step 49] Reasoning: The scrollbar appears to be very thin/invisible (macOS overlay scrollbar style). The page still has more content below. Let me try to drag the scrollbar from the current position to near the bottom of the scrollbar to jump to the end. 

Let me try a different approach - I'll click the scrollbar area at the very bottom right corner of the viewport to jump to the end. On macOS with Chrome, the scrollbar is at the extreme right edge.

Actually, given the task progress - I've been scrolling through the Huge Document content. The content is rendering correctly. Let me now try to:
1. Jump to the end of the page using keyboard
2. Check for blank space at the bottom

Let me try the Space bar to scroll down quickly, or try pressing Page Down multiple times to get to the bottom faster. But first, let me look at the overall strategy.

The task needs me to:
1. **Scroll down** to see content ✅ (done)
2. **Resize to widescreen** ✅ (zoomed out to simulate wider viewport)
3. **Check for extra blank space at the bottom** - Need to reach the bottom
4. **Scroll up and down** to verify content renders correctly

Let me quickly navigate to the bottom of the page by pressing the Space bar rapidly, which scrolls down page by page in a browser:
[step 50] Action: left_click (64, 122)
[step 50] Reasoning: I see the editor area was focused (the cursor appeared in the text at "Defetiscor spargo"). When clicking in the editor area, the keyboard shortcuts will interact with the editor rather than the page. I need to click outside the editor area (like in the sidebar or header) to navigate using keyboard.

Let me click in the sidebar area and then use keyboard to navigate to the bottom:
[step 51] Action: left_click (35, 163)
[step 51] Reasoning: I accidentally clicked on "Readonly" in the sidebar and navigated to `localhost:8000/readonly`. The Readonly page shows a simple message: "This example shows what happens when the Editor is set to readOnly, it is not editable". 

**Visual observation**: The Readonly example page has a lot of blank space below the single content box. This could be intentional (just a simple demo page) but it's also a good example to note.

Also note that the **browser zoom level has changed** - the tab bar now shows full-size text and the layout looks different from the previous zoomed-out view. The previous `Cmd+-` zoom-out appears to have been reset.

Let me go back to the Huge Document page which is better for testing the "blank space at bottom" issue:
[step 52] Action: scroll up (64, 200) scroll_amount 100
[step 52] Reasoning: I'm now on the **Huge Document** page. I can see:
- The two tabs "默认" (Default) and "虚拟滚动" (Virtual scroll) at the top
- The page is currently scrolled to some middle section showing "Modi copia vulgo." heading
- The content is rendering correctly

**Important observation**: The browser zoom has reset to 100% (the UI elements appear at normal size now, unlike the zoomed-out view I had before). The browser no longer shows the "Translate page" icon.

Now I need to properly:
1. **Scroll to the top first** to follow the task instructions
2. **Scroll down** to see content
3. **Resize to widescreen**
4. **Check for blank space at bottom**
5. **Scroll up and down** to verify

Let me scroll back to the top of the Huge Document first:
[step 53] Action: Open url: http://localhost:8000/huge-document
[step 53] Reasoning: The page didn't scroll to the top - still showing the same content. The sidebar scrolling is separate from the page scrolling. Let me click in the main content area (outside the editor text) and then scroll up, or navigate directly to the top by refreshing the URL:
[step 54] Action: scroll up (640, 400) scroll_amount 10
[step 54] Reasoning: A new tab opened with the Huge Document page. Now I'm at the top of the Huge Document. I can see:
- The page loaded fresh and starts near the top of the content
- The "默认" (Default) and "虚拟滚动" (Virtual scroll) tabs are visible at the top
- The content starts with what appears to be a section "Arx dicta aqua."
- But wait - the page should start at the very top with the first heading. The page seems to be scrolled slightly or the first heading is further up.

Wait - I notice the page is already showing content starting with "Arx dicta aqua." heading. The very first section might be above this. The previous tab showed the document starting with a huge title. Let me scroll up to see if there's content above:
[step 55] Action: left_click (159, 11)
[step 55] Reasoning: The page doesn't scroll further up - "Arx dicta aqua." appears to be the first visible heading at the top of the document view. The content starts right at the top. The "默认" and "虚拟滚动" toggle buttons are visible, and then the document content starts.

**Wait - I need to look more carefully at the layout**:
- Looking at the screenshot, the content block starts at approximately x=537 (left edge of content)
- The sidebar is at approximately x=0-130
- There's a large gap from x=130 to x=537 (about 400px of empty white space)
- The content block right edge is at approximately x=883

This confirms what I observed before - there's a large empty space on the LEFT side between the sidebar and the content. This is suspicious and might be a layout bug.

Also, the first section of the document starts at "Arx dicta aqua." - this appears to be at the very beginning of the document content (the tabs "默认" and "虚拟滚动" are visible at the very top of the content area). The document doesn't appear to have the huge title "Turbo ambitus arto angelus anser adfero subseco denego defungo." at the top as I saw before. This might be because the previous viewing was in the zoomed-out state and I was seeing a different part of the document.

Let me now take careful note of the current state and proceed with the task:

1. **Current state**: At top of Huge Document, viewing "Arx dicta aqua." section
2. **Browser zoom**: 100% (normal)
3. **Window size**: Full screen width (1280px)

Now I need to **resize to widescreen**. Since the browser is at 1280px (max screen width), "widescreen" means I need to zoom out the browser page to simulate a wider viewport. Let me zoom out using the Chrome View menu:
[step 56] Action: left_click (175, 222)
[step 56] Reasoning: The View menu is open. I can see:
- 放大 (Zoom In) - Cmd ++
- 实际大小 (Actual Size) - Cmd 0
- **缩小 (Zoom Out)** - Cmd -

Let me click on "缩小" (Zoom Out) to zoom out the page and simulate a wider viewport:
[step 57] Action: left_click (159, 11)
[step 57] Reasoning: Excellent! The page has been zoomed out. Now I can see more content on the screen. The zoom level is now reduced (approximately 90%), making the viewport effectively wider. I can observe:

1. **More content visible**: More headings and paragraphs are visible on a single screen
2. **Layout at this zoom level**:
   - Sidebar: x=0 to ~120px (narrower due to zoom)
   - Large empty area: x=120 to ~540px (about 420px gap)
   - Content block: x=540 to ~855px
   - Empty right area: x=855 to 1280px (about 425px of empty space)

**Critical Visual Observation**: At this zoom level (simulating a wider screen), there's a **large empty area on both sides of the content block**. The left empty area (from sidebar to content) and the right empty area (from content to screen edge) are both quite large. The content block appears to be fixed-width in the center-right area. This is a significant layout observation.

Now let me take a more systematic look at what we're seeing. The content block seems to be positioned at approximately the same absolute pixel position (not centered relative to the available width). This could indicate:
- The content block has fixed `margin-left` instead of `auto` centering
- Or the content block position is calculated based on the original window width and doesn't adapt to wider viewports

Now let me zoom out more to make it truly "widescreen":
[step 58] Action: left_click (165, 222)
[step 58] Reasoning: The View menu is open. I can see the zoom options. Let me click "缩小" (Zoom Out) to further zoom out:
[step 59] Action: scroll down (640, 400) scroll_amount 20
[step 59] Reasoning: Now I'm at a more zoomed-out view (approximately 80%). The layout shows:

**Critical Observations at Widescreen Zoom Level**:

1. **Content block position**: The content is now clearly off-center. Looking at the layout:
   - Sidebar: x=0 to ~88px (very narrow due to zoom)
   - **Large empty area on the left**: x=88 to ~570px (approximately 482px of empty white space)
   - Content block: x=570 to ~798px (only about 228px wide?)
   
   Wait, that seems very narrow. Let me look again more carefully:
   - Content starts at approximately x=565 (left edge of "Arx dicta aqua." heading)
   - Content ends at approximately x=800 (right edge of the longest paragraph)
   - Content width: approximately 235px? No, that's too narrow.

Actually, looking at the numbers more carefully at 80% zoom:
- If original content was at x=540 to x=855 (315px wide), at 80% zoom it would be at x=432 to x=684
- But the content appears to be positioned at x=565 to x=800

Hmm, actually zoom affects the RENDERED position. At 80% zoom, a 1280px wide screen effectively shows the equivalent of 1600px of page content. The content block stays at the same CSS position but appears at 80% of original pixel position.

Let me note the visual observations and now proceed to scroll down to check for blank space at the bottom:

**🔴 CRITICAL VISUAL BUG OBSERVED**: The content block is positioned significantly to the LEFT-CENTER of the available viewport, leaving large amounts of blank/white space on both the left (between sidebar and content) and to the right of content. This blank space becomes MORE noticeable as the viewport gets wider (zoom out). The layout does not responsively adapt to wider viewports.

Now let me scroll down to check for extra blank space at the bottom:
[step 60] Action: scroll down (640, 400) scroll_amount 50
[step 60] Reasoning: Content is scrolling and rendering correctly. The text is showing properly with various headings and paragraphs. Let me continue scrolling down to get toward the bottom of the document:

==================================================
Task: Browser at http://localhost:8000 showing Slate Angular editor. Scroll down to see content, then resize the browser window to widescreen (wider). Check if there is extra blank space at the bottom of the scroll area after switching to widescreen. Scroll up and down to verify content renders correctly. Stay in browser only.
Status: STOPPED_BY_USER
Total steps: 60
Last action: scroll down (640, 400) scroll_amount 50
Last reasoning: Content is scrolling and rendering correctly. The text is showing properly with various headings and paragraphs. Let me continue scrolling down to get toward the bottom of the document:

==================================================

UI window closed
