Session created: sess-20260416202606-e96abc3f13b749c18d5a129d18348f17
UI panel initialized successfully
UI window displayed
Expected result: 在创建新条目时，能够正常切换不同的语言区域（locale），切换后编辑器正常加载对应语言的字段，不出现错误或异常，各语言字段可以独立编辑。
[step 0] Action: Initializing
[step 0] Reasoning: Initializing session connection
[step 0] Action: screenshot
[step 1] Action: left_click (724, 88)
[step 1] Reasoning: I can see the Chrome browser is open with the Static CMS website. I can see it's already logged in (showing a Widgets collection). I need to navigate to the 'i18n Playground' collection. Let me first close the Google Translate popup and then navigate to the home page.
[step 2] Action: left_click (22, 98)
[step 2] Reasoning: Good, the Google Translate popup is closed. I can see we're on the Widgets collection page. I need to navigate to the 'i18n Playground' collection. I need to find the left sidebar navigation. Let me click on the Static CMS logo/home button to go to the main navigation, or look for the sidebar.
[step 3] Action: Open url: http://localhost:8080/#/collections/i18n-playground
[step 3] Reasoning: It seems the page didn't change. I notice there's no visible left sidebar navigation currently. The current view shows an editor view for "Widgets > List". I need to navigate to the main collections page. Let me navigate directly to the i18n collections URL or go back to the main page.
[step 4] Action: left_click (73, 324)
[step 4] Reasoning: Now I can see the main collections page with a left sidebar. I can see "i18n Playground" in the left navigation. Let me click on it.
[step 5] Action: left_click (372, 142)
[step 5] Reasoning: I can see the "i18n Playground" collection page with an existing entry "file1" and a "New i18n Playground" button. Now let me click on "New i18n Playground" to create a new entry.
[step 6] Action: scroll up (400, 300) scroll_amount 3
[step 6] Reasoning: Excellent! I can see the new i18n Playground entry editor has opened. I can observe the following:

1. The editor shows two columns side by side - "Writing in EN" (left) and "Writing in DE" (right)
2. There's a "Writing in DE" button/dropdown at the top with a dropdown arrow
3. Both columns have Slug, Description, and Date fields
4. The left column (EN) shows the current date/time, while the right (DE) column shows empty fields

This is interesting - the layout shows the EN and DE versions side by side. I need to:
1. Find and fill in the Title field (I need to scroll up to see if there's a Title field, or look more carefully - I notice the label says "Writing in EN" which might be a section header, not a Title field)
2. Look for a language switching button

Let me scroll up to see if there's a Title field at the top, and look at the full editor structure.
[step 7] Action: left_click (200, 171)
[step 7] Reasoning: I can see the editor has:
- "Writing in EN" label on the left side
- "Writing in DE" button/dropdown on the right side (which appears to be a language switcher)
- Slug, Description, and Date fields in both columns

I notice there's no separate "Title" field visible - the fields shown are Slug, Description, and Date. The "Writing in EN" appears to be a section label, not an input field.

Looking at the layout:
- Left column: "Writing in EN" with fields: Slug, Description, Date
- Right column: Has the "Writing in DE" button at top with fields: Slug, Description, Date

The task says to find a Title field. Let me look more carefully - the "Writing in EN" might be a collapsible section, or there might be a Title field that I'm not seeing. Let me look at what the "Writing in DE" button/dropdown does since that seems to be the language switcher.

First, let me try to find and fill in the Slug field in the EN column (since there doesn't seem to be a dedicated "Title" field - the Slug might be the equivalent). But wait - looking again at the task description, it says to find a Title field. The i18n playground might have a Title field that I'm missing. Let me click on the "Slug" field in the EN column to see what happens, then try to find a Title field.

Actually, looking at the layout more carefully - the "Writing in EN" text at the top of the left column might be where I need to click to expand it. But first, let me try to fill in the Slug field in EN column, as that's what's available.

Let me first click on the Slug field in the EN (left) column.
[step 8] Action: type: Test i18n Post
[step 8] Reasoning: Good, the Slug field in the EN column is now active (I can see the cursor in it). I notice there's no Title field visible in the editor - only Slug, Description, and Date fields. The i18n Playground appears to use these fields for its content. 

Looking at the task more carefully - the task says "fill in the Title field (例如输入 'Test i18n Post')" but there's no Title field visible. The closest thing is the Slug field. Let me fill in the Slug field with 'Test i18n Post' since that seems to be the main text field available. Actually, let me check if there's a Title field somewhere by looking at what "Writing in EN" is.

Wait - looking more carefully at the layout, the "Writing in EN" label at the top left might be the section header for EN fields, and the "Writing in DE" button is a tab/dropdown to switch to the German fields or show a German column.

The fields I see are: Slug, Description, Date. There might actually be a Title field that I'm not seeing. Let me scroll up more to check if there's something above "Writing in EN".

Actually, looking at the screenshot again, I can see that the current view starts from the top of the editor. The fields available for this i18n collection are Slug, Description, and Date. There's no separate Title field. The task asks to fill in "Title" but this collection doesn't have a title field - it has Slug instead.

Let me type in the Slug field as the closest equivalent to "Title" as mentioned in the task, then look for the language switching button.
[step 9] Action: left_click (451, 139)
[step 9] Reasoning: I can see that:
1. I typed "Test i18n Post" in the EN Slug field (left column)
2. The DE Slug field on the right side automatically shows "Test i18n Post" as placeholder/greyed text (it seems to be auto-mirrored)

The editor has a two-column layout:
- Left: "Writing in EN" section with editable fields
- Right: Has the "Writing in DE" button at the top - this appears to be the language switcher/toggle

Now I need to find the language switching button. I can see "Writing in DE" button at the top right with a dropdown arrow. This seems to be the language selector. Let me click on it to see the options or switch to another language.

**Visual observation**: The editor shows a split-panel view with EN on the left and DE on the right. The "Writing in DE" button is shown as a blue pill/badge at the top center. The right column DE fields appear to auto-populate with the same values as EN (the Slug field shows "Test i18n Post" in greyed text on the DE side). There appears to be a clear functional difference between this split-view approach vs. a tab-based language switcher.

Let me click on the "Writing in DE" dropdown button to see options for language switching.
[step 10] Action: left_click (393, 190)
[step 10] Reasoning: A dropdown menu appeared with two language options:
- **de** (German)
- **fr** (French)

Currently the right panel shows "Writing in DE" (German). This dropdown appears to be the language switcher for the right panel. The right panel is currently showing DE (German) and I can switch it to "fr" (French). 

The current layout is:
- Left column: EN (English) - fixed
- Right column: Currently showing DE - can be switched to FR

Let me click on "de" first to see the current DE fields in the right panel, and then later switch to "fr". But actually, the task says to switch to another language to test the functionality. Let me click on "fr" to switch the right panel to French.
[step 11] Action: left_click (600, 185)
[step 11] Reasoning: Excellent! The language switch to French (FR) worked successfully! I can observe:

1. **Language switch successful**: The right panel now shows "Writing in FR" (French) instead of "Writing in DE" (German) - the button label changed correctly
2. **No crashes or errors**: The page loaded normally without any white screen, crashes, or error messages
3. **Fields are properly displayed**: Both EN (left) and FR (right) columns show the proper fields - Slug, Description, Date
4. **Slug field shows placeholder**: The FR Slug field shows "Test i18n Post" as placeholder text (greyed out), suggesting it inherits from EN when not explicitly set
5. **No visual anomalies**: The page layout looks correct with the two-panel view

The layout is:
- Left: "Writing in EN" - Slug: "Test i18n Post", Description (empty), Date (2026-04-16T...)
- Right: "Writing in FR" - Slug: placeholder "Test i18n Post" (greyed), Description (empty), Date: empty

Now let me proceed with the task - I need to type in the FR Slug field with a different value to verify independent field editing. Let me click on the FR Slug field and type 'Test i18n Beitrag'.

Wait, the task says to type "Test i18n Beitrag" for the German (DE) language. But since we switched to FR (French), let me use an appropriate French test value. The task specifically says to input 'Test i18n Beitrag' after switching languages. Let me click on the FR Slug field and type that value.
[step 12] Action: left_click (600, 172)
[step 12] Reasoning: I can see that clicking on the FR Slug field area didn't seem to focus it (the field still shows the grey placeholder "Test i18n Post"). The FR Slug field might not be interactive in this area, or I need to click directly on the Slug text field. Let me try clicking directly on the Slug field in the FR column.
[step 13] Action: left_click (600, 186)
[step 13] Reasoning: The FR Slug field still shows the grey placeholder "Test i18n Post" and doesn't seem to be getting focused when I click on it. Let me try clicking directly on the "Slug" label text in the FR column or the input area. Looking at the layout, the FR column's Slug field might need to be clicked at a more precise location.

Let me try clicking on the actual input field area of FR Slug more precisely:
[step 14] Action: triple_click
[step 14] Reasoning: The FR Slug field still shows the grey placeholder text and is not getting active/focused when I click on it. This might be a bug - the FR (right panel) Slug field may not be interactive/editable. 

However, looking at the layout - the right panel shows the FR fields with grey text, suggesting they might be in a "read-only" or "not-focused" state. Let me try to type something to see if the field actually does accept input, even if it doesn't show visual focus:

Actually, thinking about it more - this might be the expected behavior of the i18n CMS. The right panel could be showing DE/FR translations as a preview or secondary view, while the left panel (EN) is where you do the primary editing. The actual way to edit DE/FR might be different.

Let me check if the fields on the right panel are actually clickable by examining the "Writing in DE" behavior. Looking at the initial state, maybe the right panel is just a view of another language, and I need to switch the ENTIRE view to FR (not just the right panel).

Let me try clicking on "Writing in FR" text directly (not the dropdown arrow) to see if it switches the main editing context:

Wait - looking at the initial screenshot more carefully: the left panel says "Writing in EN" and the right panel has the "Writing in FR" button. This seems like a split-screen i18n editor where:
- Left: always shows EN for reference
- Right: shows the selected translation language for editing

Let me try clicking directly on the input area below the "Slug" label in the FR column (right side):
[step 15] Action: type: Test i18n Beitrag
[step 15] Reasoning: Interesting! After triple-clicking, I can see the FR Slug field is now selected/highlighted (showing a blue/selected state on the "Test i18n Post" placeholder text). This means the field IS interactive and can be edited. The field appears to be active now. Let me type the German translation text as specified in the task ('Test i18n Beitrag'):
[step 16] Action: left_click (600, 245)
[step 16] Reasoning: Hmm, looking at the screenshot, the FR Slug field still seems to show the grey/blue highlighted state without the typed text being visible. The FR Slug field area shows what appears to be the selected state (blue highlight) but the text "Test i18n Beitrag" is not visibly displayed in the field. Let me click somewhere else to deselect and then check the state of the fields.
[step 17] Action: type: Test i18n Beitrag
[step 17] Reasoning: Now I can see the current state more clearly:
- **EN column (left)**: Slug shows "Test i18n Post" - correctly entered
- **FR column (right)**: Slug still shows "Test i18n Post" as grey placeholder text (NOT the "Test i18n Beitrag" I typed) - the text I typed went to the Description field!

I clicked on the FR Description field area and it became active. Looking at the current state:
- The Description field in FR column is now active (cursor is visible in it)
- The FR Slug field still shows the grey placeholder "Test i18n Post"
- The text I typed ("Test i18n Beitrag") appears to have been typed into the FR Description field (or it didn't register in the Slug field at all)

**This is a bug observation**: When I triple-clicked on the FR Slug field and then typed "Test i18n Beitrag", the text appeared to go somewhere (possibly the Description field) rather than the Slug field. The FR Slug field didn't update.

Wait - looking more carefully at the screenshot, I can see the Description field is now active with a cursor (that's where my click at 600, 245 landed). The FR Slug field still shows grey placeholder "Test i18n Post" without my typed text.

This raises a potential bug: **The FR Slug field may not be editable** (or there's a bug where clicks/typing don't register in the right column). The right panel may show the other locale as read-only while the left panel (EN) is the active editing area.

Actually, rethinking this - looking at the interface design:
- The left panel shows "Writing in EN" - this is the editable EN version
- The right panel shows "Writing in DE/FR" - this might be a reference/preview panel showing the localized content

This could be by design (EN is always the primary edit panel, right panel is for reference), OR the right panel should also be editable but has a bug.

Let me try to understand the UI better by trying to type in the FR Description field (which is currently active):
[step 18] Action: left_click (451, 139)
[step 18] Reasoning: Now I can see the current state clearly:

**Left column (EN)**:
- Slug: "Test i18n Post" ✓
- Description: empty

**Right column (FR)**:
- Slug: "Test i18n Post" (greyed out - placeholder/mirror of EN value)
- Description: "Test i18n Beitrag" - I successfully typed this in the FR Description field!

This confirms that:
1. **The FR Description field IS editable** - I can click on it and type independently from EN
2. **The FR Slug field shows the EN value as placeholder** - this might be read-only/auto-inherited from EN
3. **The language switch from DE to FR worked successfully** - no crashes, errors, or white screens

**Key observations about potential bugs/design:**
- The FR Slug field appears non-editable (it shows the EN value as greyed text and clicking/typing on it doesn't work)
- The FR Description field IS editable and shows "Test i18n Beitrag" correctly
- The FR Date field appears empty (the "Now" button is greyed out)

The issue with the FR Slug field (non-editable) needs further investigation. Let me try to click on the FR Slug input field directly and observe its behavior more carefully:

**Bug observation**: The FR Slug field (right column) does NOT appear to be editable. Clicking on it multiple times didn't focus it. When I triple-clicked and typed, the text went to the Description field instead. This could be:
1. A design decision (Slug is shared across locales - makes sense for URL structure)
2. A bug where the field is incorrectly rendered as non-editable

Now let me also check if there's a "Title" field that I might be missing. The task mentions a "Title" field. Looking at the current collection fields: Slug, Description, Date. Maybe "Slug" IS the "Title" in this context, or the collection config doesn't have a Title field.

Let me also verify that switching between EN and FR maintains the data correctly. Let me try to also switch back to look at DE to verify data persistence:
[step 19] Action: left_click (394, 166)
[step 19] Reasoning: The dropdown appeared again with options:
- **de** (German)
- **fr** (French)

I can see the current state:
- EN column (left): Slug "Test i18n Post" (correct)
- FR column (right): Description shows "Test i18n Beitrag" (correctly persisted!)
- The dropdown is showing with language options

Now let me switch to "de" (German) to see if the German fields are empty (meaning FR and DE fields are stored independently):
[step 20] Action: screenshot
[step 20] Reasoning: This is very interesting! I've switched back to "Writing in DE" (German) and I can see:

**Current state after switching to DE:**
- Left column (EN): Slug "Test i18n Post", Description (empty), Date (set)
- Right column (DE): 
  - Slug: "Test i18n Post" (greyed placeholder)
  - Description: **"Test i18n Beitrag"** - The description text is showing!
  - Date: empty/greyed

**Critical Bug Detected!** 🐛

When I switched from FR to DE, the Description field in the DE column shows "Test i18n Beitrag" - the same text that I typed when the right panel was set to **FR** (French). This means:

**The description text entered in the FR panel is now appearing in the DE panel!** The text "Test i18n Beitrag" should be stored under the FR locale, but it's appearing in the DE locale when we switch to it.

This is a **data cross-contamination bug** - the text entered in one locale's description field is appearing in another locale's field when switching between languages. The i18n field data is NOT being stored independently per locale - instead, it appears to be shared between DE and FR locales.

Or alternatively - maybe the right panel's Description field stores to a single shared state regardless of which language (DE/FR) the dropdown is set to, meaning the language switcher only affects the panel label but not the data binding.

This is a **significant functional bug** in the i18n implementation.

Let me take a final screenshot to document the complete state:
[step 21] Action: DONE
[step 21] Reasoning: The screenshot confirms my observations. Here is the complete test report:

---

## i18n 国际化功能测试报告

### 测试环境
- URL: `http://localhost:8080/#/collections/i18n_playground/new`
- 集合: i18n Playground
- 模式: Test Backend

### 测试步骤与结果

#### ✅ 步骤1-3：登录与导航
- 页面已处于登录状态（Test Backend 模式）
- 成功找到左侧 "i18n Playground" 集合并导航
- 成功点击 "New i18n Playground" 创建新条目

#### ✅ 步骤4：填写 Slug 字段（EN）
- i18n Playground 集合中没有 "Title" 字段，仅有 **Slug、Description、Date** 字段
- 在 EN 列 Slug 字段中输入了 `"Test i18n Post"` ✓

#### ✅ 步骤5：找到语言切换按钮
- 编辑器使用**双栏分屏布局**：左栏固定显示 EN（英语），右栏可切换显示其他语言
- 右上角有 "Writing in DE/FR" 下拉按钮（蓝色胶囊样式），点击后出现 **de（德语）** 和 **fr（法语）** 两个选项

#### ✅ 步骤6：切换语言
- 成功从 DE 切换到 **FR（法语）**：按钮标签变为 "Writing in FR"
- 切换后页面**正常加载**，无崩溃、白屏或报错

#### 🐛 Bug 发现：右栏语言字段数据未独立存储

**问题描述**：
- 在右栏切换为 FR（法语）状态时，在 Description 字段中输入了 `"Test i18n Beitrag"`
- 切换回 DE（德语）后，右栏 Description 字段**仍然显示** `"Test i18n Beitrag"`
- 这表明 DE 和 FR 的 Description 字段**共享同一数据状态**，未实现各语言数据独立编辑

**预期行为**：切换到 DE 时，DE 的 Description 字段应为空（因为只在 FR 中输入了数据）

**实际行为**：DE 和 FR 的 Description 字段显示相同内容，说明右侧语言切换下拉菜单只改变了标签，**没有真正切换底层数据绑定**

#### 🐛 次要 Bug：右栏 Slug 字段不可编辑
- 右栏（DE/FR）的 Slug 字段显示为灰色占位符（继承 EN 值），点击后无法聚焦输入
- 三次点击也无法激活该字段进行独立编辑

### 总结
- **语言切换按钮功能基本正常**：能切换标签，不崩溃 ✅  
- **关键 Bug**：右侧语言面板的字段数据在不同语言间**交叉污染**，DE 和 FR Description 字段共享数据而非独立存储 🐛  
- **次要 Bug**：右侧 Slug 字段不可编辑 🐛
Evaluating task result...

==================================================
Task: 当前Chrome浏览器已打开Static CMS网站，地址是http://localhost:8080。测试 i18n 国际化功能中切换语言区域的行为。操作步骤：1. 如果页面有登录按钮，点击登录进入（test backend 模式）。2. 在左侧导航中找到 'i18n Playground' 集合并点击。3. 点击右上角的 'New i18n Playground' 或 'New' 按钮创建一篇新条目。4. 在编辑器中，填写 Title 字段（例如输入 'Test i18n Post'）。5. 在编辑器顶部找到语言切换按钮或下拉菜单（通常显示 'en' 或语言标签），点击切换到另一种语言（如 'de' 德语或 'fr' 法语）。6. 观察切换语言后编辑器是否正常加载：(a) 如果正常切换到新语言并显示对应字段，功能正常；(b) 如果出现错误、页面崩溃、白屏或异常，说明存在 bug。7. 在切换后的语言中输入不同的 Title 值（如 'Test i18n Beitrag'），验证各语言字段独立编辑。始终在浏览器内操作，禁止打开 Terminal 或其他应用程序。如果找不到目标功能，直接报告 unclear。
Status: COMPLETED
Total steps: 21
Last action: DONE
Last reasoning: The screenshot confirms my observations. Here is the complete test report:

---

## i18n 国际化功能测试报告

### 测试环境
- URL: `http://localhost:8080/#/collections/i18n_playground/new`
- 集合: i18n Playground
- 模式: Test Backend

### 测试步骤与结果

#### ✅ 步骤1-3：登录与导航
- 页面已处于登录状态（Test Backend 模式）
- 成功找到左侧 "i18n Playground" 集合并导航
- 成功点击 "New i18n Playground" 创建新条目

#### ✅ 步骤4：填写 Slug 字段（EN）
- i18n Playground 集合中没有 "Title" 字段，仅有 **Slug、Description、Date** 字段
- 在 EN 列 Slug 字段中输入了 `"Test i18n Post"` ✓

#### ✅ 步骤5：找到语言切换按钮
- 编辑器使用**双栏分屏布局**：左栏固定显示 EN（英语），右栏可切换显示其他语言
- 右上角有 "Writing in DE/FR" 下拉按钮（蓝色胶囊样式），点击后出现 **de（德语）** 和 **fr（法语）** 两个选项

#### ✅ 步骤6：切换语言
- 成功从 DE 切换到 **FR（法语）**：按钮标签变为 "Writing in FR"
- 切换后页面**正常加载**，无崩溃、白屏或报错

#### 🐛 Bug 发现：右栏语言字段数据未独立存储

**问题描述**：
- 在右栏切换为 FR（法语）状态时，在 Description 字段中输入了 `"Test i18n Beitrag"`
- 切换回 DE（德语）后，右栏 Description 字段**仍然显示** `"Test i18n Beitrag"`
- 这表明 DE 和 FR 的 Description 字段**共享同一数据状态**，未实现各语言数据独立编辑

**预期行为**：切换到 DE 时，DE 的 Description 字段应为空（因为只在 FR 中输入了数据）

**实际行为**：DE 和 FR 的 Description 字段显示相同内容，说明右侧语言切换下拉菜单只改变了标签，**没有真正切换底层数据绑定**

#### 🐛 次要 Bug：右栏 Slug 字段不可编辑
- 右栏（DE/FR）的 Slug 字段显示为灰色占位符（继承 EN 值），点击后无法聚焦输入
- 三次点击也无法激活该字段进行独立编辑

### 总结
- **语言切换按钮功能基本正常**：能切换标签，不崩溃 ✅  
- **关键 Bug**：右侧语言面板的字段数据在不同语言间**交叉污染**，DE 和 FR Description 字段共享数据而非独立存储 🐛  
- **次要 Bug**：右侧 Slug 字段不可编辑 🐛

==================================================

UI window closed
