Session created: sess-20260416201452-56e1ecc2793144588024144e44a8efde
UI panel initialized successfully
UI window displayed
Expected result: 添加第二个列表项后，第一个列表项中已填入的数据（Name: John Smith, Description: Some Text）应当完整保留，预览区域应正确显示所有已输入的数据。
[step 0] Action: Initializing
[step 0] Reasoning: Initializing session connection
[step 0] Action: screenshot
[step 1] Action: left_click (57, 232)
[step 1] Reasoning: I can see the Static CMS website is already open and logged in. I can see the left navigation with "Widgets" and "Kitchen Sink" options. Let me click on "Widgets" first to find the List Widget with child objects.
[step 2] Action: key: Escape
[step 2] Reasoning: A context menu appeared. I need to close it and click on "Widgets" with a left click. Let me press Escape and try again with a proper left click.
[step 3] Action: left_click (57, 232)
[step 3] Reasoning: I can see "Widgets" is now highlighted in the left navigation. Let me click on it properly.
[step 4] Action: left_click (480, 287)
[step 4] Reasoning: I can see the Widgets collection with various widget types. I can see "List" widget in the collection. Let me click on "List" to open it and find the "List With Child Object" feature.
[step 5] Action: left_click (149, 514)
[step 5] Reasoning: I can see the List widget entry editor is now open. I can see:
- "Required List" section
- "Required With Default" section (with "Required With Default" item containing Name: Bob Billy, Description: Some text about bob)
- "Optional List" section
- **"List With Object Child"** section - This is what I need!
- "Comma Separated List" section
- "Custom Delimiter (Semicolon) Separated List" section

I can also see a preview on the right side. Now I need to click on the "Add List With Object Child" button to add a list item. Let me click that button.
[step 6] Action: left_click (154, 545)
[step 6] Reasoning: Excellent! A new list item "List With Object Child" has been added under the "List With Object Child" section. I can see:
- A new item expanded with "Name" field (with placeholder "First and Last") and "Description" field
- The right preview shows "List With Object Child:" with a bullet point

I can also see the preview on the right shows "List With Object Child:" has appeared. Now I need to fill in the "Name" field with 'John Smith'. Let me click on the Name field and type the data.
[step 7] Action: type: John Smith
[step 7] Reasoning: The Name field is now active (I can see the cursor is in the Name field). Let me type 'John Smith'.
[step 8] Action: left_click (154, 600)
[step 8] Reasoning: "John Smith" has been typed in the Name field, and I can see it's already reflected in the right preview under "List With Object Child:" as "name: John Smith". Now I need to click on the Description field and type 'Some Text'.
[step 9] Action: type: Some Text
[step 9] Reasoning: The Description field is now active (cursor is in it). Let me type 'Some Text'.
[step 10] Action: scroll down (154, 550) scroll_amount 3
[step 10] Reasoning: Excellent! I can see:
- The first list item now has Name: "John Smith" and Description: "Some Text" filled in
- The right preview shows "List With Object Child:" with "name: John Smith" and "description: Some Text" - both values are correctly shown in the preview

Now I need to scroll down to find the "Add List With Object Child" button and click it to add a second list item. Let me scroll down in the left panel to see the add button.
[step 11] Action: scroll down (154, 550) scroll_amount 3
[step 11] Reasoning: I can now see the "List With Object Child" section with the first item containing:
- Name: John Smith
- Description: Some Text

There seems to also be an "Object" subsection below. I need to scroll down more to find the "Add List With Object Child" button to add a second item.
[step 12] Action: scroll down (154, 550) scroll_amount 3
[step 12] Reasoning: I can now see the full "List With Object Child" section with:
- First item: Name: "John Smith", Description: "Some Text"
- There's also an "Object" subsection with Name and Description fields (empty)

I need to scroll down more to find the "Add List With Object Child" button.
[step 13] Action: left_click (149, 538)
[step 13] Reasoning: Now I can see the "Add List With Object Child" button. I can also see the structure clearly:
- First item (List With Object Child): Name: "John Smith", Description: "Some Text"  
- There's an "Object" subsection within this item with empty Name and Description fields
- Below the first item is the "Add List With Object Child" button

The right preview shows "List With Object Child:" with "name: John Smith" and "description: Some Text" ✓

Now let me click "Add List With Object Child" to add the second list item.
[step 14] Action: screenshot
[step 14] Reasoning: A second "List With Object Child" item has been added at the bottom. I can see:
- First item: Name: "John Smith", Description: "Some Text" (still visible ✓)
- Second item: Name and Description (empty fields) - newly added

However, I notice something important in the **right preview**:
- "List With Object Child:" now shows two bullet points but they appear to be empty (no name/description text visible)

This is interesting. The preview now shows two bullet points but without the text that was in the first item. Let me scroll up to check if the first item data is still there by looking at the preview area more carefully.

Let me take a screenshot to see the current state more clearly, specifically checking if the first item's data (John Smith, Some Text) is still preserved.
[step 15] Action: scroll up (154, 400) scroll_amount 3
[step 15] Reasoning: I can now observe the current state clearly:

**Left panel (editor):**
- First item "List With Object Child": Name: "John Smith", Description: "Some Text" ✓ (data preserved!)
- Object subsection (empty fields)
- Second item "List With Object Child": Name and Description (empty) - newly added

**Right panel (preview):**
- "List With Object Child:" shows TWO bullet points but **both appear to be empty/blank** - no text is visible next to the bullet points!

This is a **bug**: The preview is showing two bullet points but the first item's data (name: John Smith, description: Some Text) is NOT being displayed in the preview after adding the second item. Earlier when there was only one item, the preview correctly showed "name: John Smith" and "description: Some Text", but after adding the second item, the preview lost the text content.

However, the **form data itself is preserved** - I can still see "John Smith" in the Name field and "Some Text" in the Description field of the first item.

Let me scroll up in the left panel to verify the first item's data is indeed still there, and also check what the preview shows more carefully.
[step 16] Action: scroll up (550, 400) scroll_amount 3
[step 16] Reasoning: Now I can see the full picture clearly:

**Left panel (editor) - Data State:**
- First item "List With Object Child": 
  - Name: **"John Smith"** ✓ (preserved)
  - Description: **"Some Text"** ✓ (preserved)
- An "Object" subsection below (empty Name and Description fields)

**Right panel (preview) - Visual State:**
- "List With Object Child:" shows **TWO bullet points but with no text content** 

This confirms a **BUG**: 
1. ✅ The first item's data (Name: John Smith, Description: Some Text) **IS preserved** in the form fields after adding the second item.
2. ❌ The **right preview panel is NOT correctly showing the data** - after adding the second item, the preview shows empty bullet points instead of showing "name: John Smith, description: Some Text" for the first item.

The preview was showing the correct data when there was only 1 item, but after adding the second item, the preview lost the data display for the first item. This is a preview rendering bug.

Let me scroll the right preview panel to see if it shows anything else, and also verify the complete state by checking the right panel more carefully.
[step 17] Action: scroll up (550, 300) scroll_amount 2
[step 17] Reasoning: Now I have a clear view of the entire current state. Let me analyze what I see:

**Left panel (editor):**
- First item "List With Object Child": 
  - Name: **"John Smith"** ✓ (preserved)
  - Description: **"Some Text"** ✓ (preserved)
- "Object" subsection (with empty Name and Description fields)

**Right panel (preview):**
- "List With Object Child:" shows **TWO bullet points with no text**
  - First bullet: empty
  - Second bullet: empty

This confirms the **bug**: After adding the second list item, the preview panel is NOT correctly displaying the data from the first item. The preview should show:
- First bullet: "name: John Smith, description: Some Text"
- Second bullet: (empty - newly added)

But instead, both bullets are empty in the preview.

Let me zoom in on the preview area to make a definitive observation.
[step 18] Action: DONE
[step 18] Reasoning: The current state is clearly visible now. Let me provide a comprehensive summary of my findings:

---

## 测试结果报告

### 操作步骤执行情况：

1. ✅ **登录**：页面已经在登录状态（test backend 模式）
2. ✅ **导航到 Widgets**：在左侧导航找到并点击了 "Widgets" 集合
3. ✅ **打开编辑条目**：进入了 "List" 条目进行编辑，找到了 "List With Object Child" 列表控件
4. ✅ **点击添加按钮**：点击了 "Add List With Object Child" 按钮，添加了第一个列表项
5. ✅ **填写数据**：在第一个列表项的子对象字段中填入了：
   - Name: **"John Smith"** ✓
   - Description: **"Some Text"** ✓
6. ✅ **添加第二个列表项**：再次点击 "Add List With Object Child" 添加了第二个空列表项

### 检查结果：

**第一个列表项数据保留情况：**
- ✅ **数据保留正常**：添加第二个列表项后，第一个列表项的数据（Name: John Smith, Description: Some Text）**仍然保留在编辑器表单中**，没有丢失。

**右侧预览区域检查：**
- ❌ **发现 BUG**：右侧预览区域存在问题！
  - 添加第一个列表项并填写数据后，预览正确显示 "name: John Smith" 和 "description: Some Text"
  - 但添加第二个列表项后，"List With Object Child:" 下方显示**两个空白的 bullet points**，第一个列表项的数据（John Smith / Some Text）在预览中**消失了**，无法显示
  - 这是一个预览渲染 Bug：`List With Child Object` 组件在有多个列表项时，预览面板未能正确显示已填写的数据

### 总结：

| 检查项目 | 结果 |
|---------|------|
| 添加第一个列表项并填写数据 | ✅ 成功 |
| 添加第二个列表项后，第一项数据是否保留 | ✅ 编辑器中数据保留 |
| 预览区域是否正确显示数据 | ❌ **Bug：预览区域在多个列表项时无法正确显示数据** |

**Bug 描述**：在 "List With Child Object" 控件中，添加第一个列表项并输入数据后，预览区域能正常显示。但当添加第二个列表项后，预览区域中 "List With Object Child:" 下方的所有 bullet points 都变为空白，无法显示已输入的数据（如 "name: John Smith", "description: Some Text"）。这是预览渲染逻辑在处理多个带子对象列表项时的缺陷。
Evaluating task result...

==================================================
Task: 当前Chrome浏览器已打开Static CMS网站，地址是http://localhost:8080。测试 List 组件中带有子对象的列表项数据保持功能。操作步骤：1. 如果页面有登录按钮，点击登录进入（test backend 模式）。2. 在左侧导航中找到 'Widgets' 或 'Kitchen Sink' 等可能包含 List Widget 的集合并点击进入。3. 打开一个条目进行编辑，找到名为 'List With Child Object' 或类似名称的列表控件。4. 点击该列表的添加按钮（通常是 '+ Add' 或 'Add item'），添加一个列表项。5. 在子对象的字段中填入数据：Name 填写 'John Smith'，Description 填写 'Some Text'。6. 再次点击添加按钮添加第二个列表项。7. 检查第一个列表项中之前填写的数据（Name: John Smith, Description: Some Text）是否仍然保留。8. 同时检查右侧预览区域是否正确显示所有已输入的数据。始终在浏览器内操作，禁止打开 Terminal 或其他应用程序。如果找不到目标功能，直接报告 unclear。
Status: COMPLETED
Total steps: 18
Last action: DONE
Last reasoning: The current state is clearly visible now. Let me provide a comprehensive summary of my findings:

---

## 测试结果报告

### 操作步骤执行情况：

1. ✅ **登录**：页面已经在登录状态（test backend 模式）
2. ✅ **导航到 Widgets**：在左侧导航找到并点击了 "Widgets" 集合
3. ✅ **打开编辑条目**：进入了 "List" 条目进行编辑，找到了 "List With Object Child" 列表控件
4. ✅ **点击添加按钮**：点击了 "Add List With Object Child" 按钮，添加了第一个列表项
5. ✅ **填写数据**：在第一个列表项的子对象字段中填入了：
   - Name: **"John Smith"** ✓
   - Description: **"Some Text"** ✓
6. ✅ **添加第二个列表项**：再次点击 "Add List With Object Child" 添加了第二个空列表项

### 检查结果：

**第一个列表项数据保留情况：**
- ✅ **数据保留正常**：添加第二个列表项后，第一个列表项的数据（Name: John Smith, Description: Some Text）**仍然保留在编辑器表单中**，没有丢失。

**右侧预览区域检查：**
- ❌ **发现 BUG**：右侧预览区域存在问题！
  - 添加第一个列表项并填写数据后，预览正确显示 "name: John Smith" 和 "description: Some Text"
  - 但添加第二个列表项后，"List With Object Child:" 下方显示**两个空白的 bullet points**，第一个列表项的数据（John Smith / Some Text）在预览中**消失了**，无法显示
  - 这是一个预览渲染 Bug：`List With Child Object` 组件在有多个列表项时，预览面板未能正确显示已填写的数据

### 总结：

| 检查项目 | 结果 |
|---------|------|
| 添加第一个列表项并填写数据 | ✅ 成功 |
| 添加第二个列表项后，第一项数据是否保留 | ✅ 编辑器中数据保留 |
| 预览区域是否正确显示数据 | ❌ **Bug：预览区域在多个列表项时无法正确显示数据** |

**Bug 描述**：在 "List With Child Object" 控件中，添加第一个列表项并输入数据后，预览区域能正常显示。但当添加第二个列表项后，预览区域中 "List With Object Child:" 下方的所有 bullet points 都变为空白，无法显示已输入的数据（如 "name: John Smith", "description: Some Text"）。这是预览渲染逻辑在处理多个带子对象列表项时的缺陷。

==================================================

UI window closed
