Session created: sess-20260423123650-6b1414aab8994f3b8cb9759c0904a2f0
UI panel initialized successfully
UI window displayed
Expected result: Toast 通知弹出后，文字、边框及背景渲染清晰锐利，不存在任何模糊或虚化的视觉问题。
[step 0] Action: Initializing
[step 0] Reasoning: Initializing session connection
[step 0] Action: screenshot
[step 1] Action: left_click (592, 307)
[step 1] Reasoning: 我可以看到 Svelte Sonner 页面，有一个 "Render a toast" 按钮。让我点击它来触发 toast 通知，然后仔细观察渲染效果。
[step 2] Action: screenshot
[step 2] Reasoning: Toast 通知已经弹出，显示在页面右下角。我可以看到：
- 标题："Sonner"
- 内容："An opinionated toast component for Svelte."

让我截取更清晰的截图并放大查看 toast 的渲染效果，特别是文字和边框的清晰度。
[step 3] Action: left_click (592, 307)
[step 3] Reasoning: Toast 已经消失了（它是短暂显示的）。让我再次触发 toast，并立即截图来仔细观察其渲染质量。
[step 4] Action: key: ctrl+shift+plus
[step 4] Reasoning: Toast 通知再次出现在右下角。我需要更仔细地观察 toast 的渲染效果。让我使用 Chrome 的缩放功能放大页面，以便更清晰地观察 toast 的文字和边框渲染质量。首先让我截图并观察当前的 toast 状态。

从截图可以看到，toast 显示在右下角，包含：
- 标题："Sonner"（粗体）
- 内容："An opinionated toast component for Svelte."

现在让我仔细观察这个 toast 的渲染质量。我注意到 toast 的文字看起来比较清晰，但需要放大来确认是否有模糊/虚化现象。让我使用 Chrome 的页面缩放功能来放大观察。
[step 5] Action: key: ctrl+equal
[step 6] Action: key: ctrl+shift+0
[step 7] Action: left_click (592, 307)
[step 7] Reasoning: Toast 已消失。我已经在第一次和第二次截图中观察了 toast 的渲染效果。从之前的截图中，我注意到一个重要的视觉异常——toast 的渲染出现了明显的问题。让我再次触发 toast 并仔细观察，同时使用 Chrome 的放大镜功能来放大检查。
[step 8] Action: key: cmd+equal
[step 8] Reasoning: 好的，toast 再次出现了。我可以看到右下角的 toast 卡片。从这次的截图来看，toast 显示内容是：
- 标题：**"Sonner"**（粗体）
- 正文：**"An opinionated toast component for Svelte."**

现在让我仔细分析这个 toast 的视觉质量。从截图中可以观察到 toast 区域有一些视觉问题。让我通过 Chrome 的缩放来放大这个区域进行更详细的检查。让我使用 Command+加号 来放大。
[step 9] Action: key: cmd+plus
[step 10] Action: left_click (1268, 62)
[step 10] Reasoning: 让我通过 Chrome 菜单来放大页面：
[step 11] Action: left_click (1228, 329)
[step 11] Reasoning: Chrome 菜单已打开，我可以看到缩放选项，当前是 110%。让我点击 "+" 来放大页面，以便更仔细地观察 toast 的渲染效果。

==================================================
Task: 当前Chrome浏览器已打开Svelte Sonner网站，地址是http://localhost:5173。在页面上触发一个 toast 通知，观察 toast 弹出后的文字和边框渲染清晰度，检查是否存在模糊/虚化现象。 请始终在浏览器内操作，禁止打开 Terminal、Finder 或其他应用程序。如果在浏览器中找不到目标功能，直接标记 result 为 unclear，result_summary 写明未在页面中找到目标功能入口。
Status: ERROR
Total steps: 11
Last action: left_click (1228, 329)
Last reasoning: Chrome 菜单已打开，我可以看到缩放选项，当前是 110%。让我点击 "+" 来放大页面，以便更仔细地观察 toast 的渲染效果。

Error: Task execution failed: Request step failed: 502 Server Error: Bad Gateway for url: https://mano.mininglamp.com/v1/sessions/sess-20260423123650-6b1414aab8994f3b8cb9759c0904a2f0/step
==================================================

UI window closed
