Session created: sess-20260423172435-22869b77386b4ed1ab2fc1bdf460cbd4
UI panel initialized successfully
UI window displayed
Expected result: Toast 通知的样式具有足够的 CSS 特异性，不会被页面全局样式覆盖，toast 应以正确的默认外观展示（包括正确的背景色、文字颜色、圆角、阴影和布局间距）。
[step 0] Action: Initializing
[step 0] Reasoning: Initializing session connection
[step 0] Action: screenshot
[step 1] Action: left_click (592, 360)
[step 1] Reasoning: 页面已加载，我可以看到 Svelte Sonner 网站，有一个 "Render a toast" 按钮。让我点击它来触发 toast 通知，并观察其默认样式。
[step 2] Action: key: Escape
[step 2] Reasoning: 看起来我误触发了右键菜单。让我关闭这个菜单，然后用左键点击 "Render a toast" 按钮。
[step 3] Action: left_click (592, 360)
[step 3] Reasoning: 好的，右键菜单已关闭。现在我注意到之前点击的实际上是左键点击，只是截图时误触发了右键菜单（可能是因为翻译插件导致）。让我现在再次点击 "Render a toast" 按钮来触发 toast 通知。
[step 4] Action: screenshot
[step 4] Reasoning: Toast 通知已经触发并显示在右下角。我可以看到一个 toast 弹出，显示内容为 "Sonner" 和 "An opinionated toast component for Svelte."。让我截取一张更仔细的截图来观察 toast 的样式细节。
[step 5] Action: left_click (592, 360)
[step 5] Reasoning: Toast 已经消失了（它只出现了短暂时间）。我已经在第一次截图中捕捉到了 toast 的样式。让我再次点击 "Render a toast" 按钮，并立即截图以更仔细地观察样式细节。
[step 6] Action: left_click (592, 360)
[step 6] Reasoning: 我再次捕捉到了 toast 通知。现在我可以清晰地看到 toast 在右下角显示。让我放大查看 toast 组件的详细样式。我注意到：

1. Toast 出现在**右下角**
2. 有**标题** "Sonner" 和**副标题** "An opinionated toast component for Svelte."
3. Toast 有**白色背景**
4. 有**圆角**

但是我需要仔细分析样式是否异常。让我多次点击触发，并仔细观察。

让我再次触发 toast，并立即多截几张图来详细观察样式：
[step 7] Action: left_click (592, 360)
[step 7] Reasoning: 我已成功多次触发了 toast 通知。从截图中可以清楚地看到 toast 组件。现在让我仔细分析 toast 的视觉样式。我需要放大右下角的 toast 区域来更清楚地查看其样式细节。让我滚动页面到底部或者使用浏览器缩放来看得更清楚。

让我使用 Chrome 的缩放功能放大页面，以便更仔细地观察 toast 样式：
[step 8] Action: left_click (592, 360)
[step 8] Reasoning: 我已多次成功触发 toast 通知。现在我可以清楚地观察到 toast 组件的样式。从截图中可以看到 toast 在页面右下角显示，但我注意到 toast 被底部的 macOS Dock 栏部分遮挡。让我观察已经捕获到的 toast 细节：

从截图分析，toast 组件的样式表现：

**✅ 正常渲染的样式：**
- **位置**：右下角（底部中心靠右偏下）
- **背景色**：白色背景 (#ffffff 或接近白色)
- **文字**：标题 "Sonner"（深色粗体），副标题 "An opinionated toast component for Svelte."（浅色/灰色字体）
- **圆角**：可以看到圆角边框
- **内边距**：内容有适当的 padding

**⚠️ 潜在视觉异常：**
1. **Toast 位置异常**：Toast 出现在页面底部，**部分内容被 macOS Dock 遮挡**
2. **Toast 没有明显的阴影效果**（从截图中难以判断是否有 box-shadow）
3. Toast 似乎**没有边框/边框线条**
4. 从截图看，toast 的**背景与描述的卡片样式相比**，看起来相对扁平，缺少立体感

让我进一步检查，通过在页面内悬停到 toast 区域来暂停其计时：
[step 9] Action: mouse_move (1110, 612)
[step 9] Reasoning: 我可以看到 toast 再次出现在右下角。现在让我将鼠标移动到 toast 上，以暂停其倒计时（通常 Sonner toast 会在鼠标悬停时暂停）：
[step 10] Action: left_click (592, 360)
[step 10] Reasoning: Toast 已经消失了。我注意到坐标偏移——鼠标实际移动到了屏幕外的地方 (1665, 918)，这超出了屏幕分辨率 (1280x720)。这说明 toast 区域坐标我计算有误。

让我重新触发 toast 并立即仔细观察，这次我观察到的情况：

从多次截图中我已经可以清楚地看到 toast 的样式特征：

1. **位置**：底部右侧，但部分被 macOS Dock 遮挡
2. **背景色**：白色背景
3. **文字**：正常的标题和副标题样式
4. **整体外观**：看起来正常，有圆角

让我再次触发一个 toast 并更仔细地观察：
[step 11] Action: scroll down (640, 400) scroll_amount 5
[step 11] Reasoning: 非常好！我已经多次成功触发了 toast 通知，并在截图中清楚地观察到了它的外观。现在让我对 toast 的样式进行详细分析。

从我多次捕获的截图中，对 toast 组件样式进行综合评估：

**观察到的 Toast 样式（右下角）：**

1. **背景色**：白色背景（`#ffffff`），看起来干净清晰
2. **文字层级**：
   - 标题 "Sonner" - 使用较深的颜色（深灰/黑色），字体较粗
   - 副标题 "An opinionated toast component for Svelte." - 使用较浅的颜色（灰色）
3. **圆角**：可以看到有圆角（`border-radius`），整体呈圆角矩形
4. **位置**：右下角定位，有适当的边距
5. **大小**：宽度约为 350px 左右，高度适中

**⚠️ 视觉异常观察：**

1. **Toast 被底部 Dock 遮挡**：Toast 出现位置与 macOS Dock 栏重叠，底部边缘被遮挡。这可能是 toast 定位的 `bottom` 值不够大，但这也可能是 macOS 全屏/应用内的正常现象。

2. **缺乏明显阴影**：从截图中看，toast 似乎没有明显的 `box-shadow` 阴影效果，看起来比较扁平。

3. **没有明显的边框线**：toast 看起来没有 `border` 边框线，或者边框非常细微。

让我现在检查页面是否有更多的 toast 样式选项，先滚动页面查看是否有更多内容：
[step 12] Action: scroll down (640, 400) scroll_amount 10
[step 12] Reasoning: 页面已滚动，我可以看到 Installation 和 Usage 部分。让我继续向下滚动查看页面是否有更多关于 toast 类型的示例：
[step 13] Action: left_click (415, 548)
[step 13] Reasoning: 非常好！我现在可以看到 "Types" 部分，有多种 toast 类型的选项卡：Default、Description、Success、Info、Warning、Error、Action、Promise、Custom。让我依次点击这些类型来查看不同 toast 类型的样式。先点击 "Default" 类型触发 toast：
[step 14] Action: left_click (570, 548)
[step 14] Reasoning: 点击 "Default" 选项卡触发了一个 Default toast，显示 "Event has been created"。可以看到：

1. **Default Toast 样式**：白色背景，简洁的单行文本，右下角显示，有圆角
2. **文字**：深色文字 "Event has been created"

现在让我点击 "Success" 类型查看成功类型的 toast：
[step 15] Action: left_click (751, 548)
[step 15] Reasoning: Success toast 显示了！可以看到：
- **Success Toast**：有一个深色的勾选图标（✓）在左侧，文字 "Event has been created"，白色背景

现在让我依次点击其他类型来观察：Error toast：
[step 16] Action: left_click (689, 548)
[step 16] Reasoning: Error toast 显示了！可以看到：
- **Error Toast**：有一个错误图标（圆形感叹号）在左侧，文字 "Event has not been created"，白色背景

现在让我点击 Warning 类型：
[step 17] Action: left_click (630, 548)
[step 17] Reasoning: Warning toast 显示了！显示 "Event has warnings"，有一个警告图标（三角形感叹号）。现在我已经观察到了多种类型的 toast。让我也检查 Info 和 Description 类型：
[step 18] Action: left_click (491, 548)
[step 18] Reasoning: Info toast 显示了！显示 "Event will be created"，有一个 Info 图标（圆形 i）。现在让我检查 Description 类型：
[step 19] Action: DONE
[step 19] Reasoning: 非常好！Description toast 显示了！这是一个带有标题和副标题的 toast，显示：
- **标题**：粗体 "Event has been created"
- **副标题/描述**：灰色文字 "Monday, January 3rd at 6:00pm"

现在我已经观察了多种 toast 类型。让我滚动页面向上以获取最初的 toast 截图，并检查整个测试结果。让我再截取一张截图观察当前 toast 的详细样式：

从我已收集到的所有截图，我现在可以进行全面的 Toast 组件默认样式评估：

---

## 📊 Toast 组件默认样式检测报告

### ✅ 功能正常
1. **Toast 触发功能正常**：页面上 "Render a toast" 按钮以及 Types 区域的各类选项卡均能成功触发 toast 通知
2. **多种 Toast 类型均可触发**：Default、Description、Success、Info、Warning、Error 均正常触发

### 🎨 样式分析

**背景色：**
- ✅ 所有 toast 均使用**白色背景**（`#ffffff`）- 正常

**字体：**
- ✅ 标题文字清晰可读（深色 `#000`或`#1a1a1a`）
- ✅ Description 副标题使用灰色字体 - 正常字体层级

**间距：**
- ✅ 内容区域有适当 padding，内容不拥挤

**圆角：**
- ✅ toast 有明显的圆角（`border-radius`）- 看起来约 8px~12px 的圆角

**阴影（box-shadow）：**
- ⚠️ **疑似异常**：从截图中看，toast 没有明显可见的阴影效果。toast 和背景之间缺乏立体感，看起来比较扁平（无明显 `box-shadow`）。正常 Sonner toast 应该有 `box-shadow: 0 4px 12px rgba(0,0,0,0.1)` 样式的阴影。

**位置：**
- ⚠️ **潜在问题**：Toast 出现在浏览器窗口底部右侧，但被 macOS Dock 栏遮挡，部分内容不可见。这可能是因为 toast 的 `bottom` 定位值不够大（但这也可能是正常的浏览器窗口行为）

**图标：**
- ✅ Success、Error、Warning、Info 类型的 toast 均有相应图标（勾选、感叹号、三角形、圆形i）显示正常

**整体渲染：**
- ✅ 基本样式正常渲染，没有明显的全局 CSS 污染影响（如字体被覆盖、颜色被重置等严重问题）

---

### 📋 综合结论

**Toast 组件基本样式渲染正常**。能够成功触发各类型 toast，背景色、字体、间距、圆角均正常渲染。主要观察到的潜在问题：

1. **阴影效果不明显**：toast 看起来较扁平，缺少明显的 `box-shadow` 立体感，这可能是全局 CSS 样式中有 `box-shadow: none` 覆盖
2. **Toast 位置被系统 UI 遮挡**：在 macOS 上，toast 底部被 Dock 栏遮挡，但这是系统级别的显示问题

**整体评分：基本正常，有轻微视觉样式问题（阴影缺失）需要进一步调查。**

---

**操作总结：**
- 成功点击 "Render a toast" 按钮触发了默认 toast（标题 "Sonner" + 描述文字）
- 成功触发了 Types 区域的 Default、Description、Success、Info、Warning、Error 六种类型的 toast
- 所有 toast 均在页面右下角正常弹出，并在计时结束后自动消失
- Toast 组件的背景色（白色）、字体（清晰）、间距（适当）、圆角（有）均正常渲染
- **主要潜在问题**：阴影效果（box-shadow）不明显，可能受全局 CSS 影响
Evaluating task result...

==================================================
Task: 当前Chrome浏览器已打开Svelte Sonner网站，地址是http://localhost:5173。在页面上触发 toast 通知，观察 toast 组件的默认样式（背景色、字体、间距、圆角、阴影等）是否正常渲染，特别是在页面存在全局 CSS 样式的情况下。 请始终在浏览器内操作，禁止打开 Terminal、Finder 或其他应用程序。如果在浏览器中找不到目标功能，直接标记 result 为 unclear，result_summary 写明未在页面中找到目标功能入口。
Status: COMPLETED
Total steps: 19
Last action: DONE
Last reasoning: 非常好！Description toast 显示了！这是一个带有标题和副标题的 toast，显示：
- **标题**：粗体 "Event has been created"
- **副标题/描述**：灰色文字 "Monday, January 3rd at 6:00pm"

现在我已经观察了多种 toast 类型。让我滚动页面向上以获取最初的 toast 截图，并检查整个测试结果。让我再截取一张截图观察当前 toast 的详细样式：

从我已收集到的所有截图，我现在可以进行全面的 Toast 组件默认样式评估：

---

## 📊 Toast 组件默认样式检测报告

### ✅ 功能正常
1. **Toast 触发功能正常**：页面上 "Render a toast" 按钮以及 Types 区域的各类选项卡均能成功触发 toast 通知
2. **多种 Toast 类型均可触发**：Default、Description、Success、Info、Warning、Error 均正常触发

### 🎨 样式分析

**背景色：**
- ✅ 所有 toast 均使用**白色背景**（`#ffffff`）- 正常

**字体：**
- ✅ 标题文字清晰可读（深色 `#000`或`#1a1a1a`）
- ✅ Description 副标题使用灰色字体 - 正常字体层级

**间距：**
- ✅ 内容区域有适当 padding，内容不拥挤

**圆角：**
- ✅ toast 有明显的圆角（`border-radius`）- 看起来约 8px~12px 的圆角

**阴影（box-shadow）：**
- ⚠️ **疑似异常**：从截图中看，toast 没有明显可见的阴影效果。toast 和背景之间缺乏立体感，看起来比较扁平（无明显 `box-shadow`）。正常 Sonner toast 应该有 `box-shadow: 0 4px 12px rgba(0,0,0,0.1)` 样式的阴影。

**位置：**
- ⚠️ **潜在问题**：Toast 出现在浏览器窗口底部右侧，但被 macOS Dock 栏遮挡，部分内容不可见。这可能是因为 toast 的 `bottom` 定位值不够大（但这也可能是正常的浏览器窗口行为）

**图标：**
- ✅ Success、Error、Warning、Info 类型的 toast 均有相应图标（勾选、感叹号、三角形、圆形i）显示正常

**整体渲染：**
- ✅ 基本样式正常渲染，没有明显的全局 CSS 污染影响（如字体被覆盖、颜色被重置等严重问题）

---

### 📋 综合结论

**Toast 组件基本样式渲染正常**。能够成功触发各类型 toast，背景色、字体、间距、圆角均正常渲染。主要观察到的潜在问题：

1. **阴影效果不明显**：toast 看起来较扁平，缺少明显的 `box-shadow` 立体感，这可能是全局 CSS 样式中有 `box-shadow: none` 覆盖
2. **Toast 位置被系统 UI 遮挡**：在 macOS 上，toast 底部被 Dock 栏遮挡，但这是系统级别的显示问题

**整体评分：基本正常，有轻微视觉样式问题（阴影缺失）需要进一步调查。**

---

**操作总结：**
- 成功点击 "Render a toast" 按钮触发了默认 toast（标题 "Sonner" + 描述文字）
- 成功触发了 Types 区域的 Default、Description、Success、Info、Warning、Error 六种类型的 toast
- 所有 toast 均在页面右下角正常弹出，并在计时结束后自动消失
- Toast 组件的背景色（白色）、字体（清晰）、间距（适当）、圆角（有）均正常渲染
- **主要潜在问题**：阴影效果（box-shadow）不明显，可能受全局 CSS 影响

==================================================

UI window closed
