Session created: sess-20260424164123-ba513c800ba94f46a779db3308b1e96e
UI panel initialized successfully
UI window displayed
Expected result: 自动布局功能正常执行：1）含有分组的图能够成功完成自动布局，节点合理排列不出现重叠或错位；2）输入（i/o input）节点被强制放置在布局的第一层，输出节点被强制放置在最后一层；3）端口和连线正确显示，布局后图的结构清晰可读。
[step 0] Action: Initializing
[step 0] Reasoning: Initializing session connection
[step 0] Action: screenshot
[step 1] Action: screenshot
[step 1] Reasoning: The page appears to be loading with a black screen. I can see there's an "autolayout" button in the top-left corner. Let me wait for the page to fully load and then take another screenshot.
[step 2] Action: key: F5
[step 2] Reasoning: The page seems to be loaded but the graph editor area is black/dark. I can see there's an "autolayout" button in the top-left corner. The editor seems to be showing a dark canvas. Let me try to reload the page to see if it renders properly, or look for a way to open a graph with groups, ports, and input/output nodes.
[step 3] Action: Open url: http://localhost:3000/the-graph-editor/
[step 3] Reasoning: The page still shows mostly a black canvas with only an "autolayout" button visible in the top-left. The graph editor canvas appears black/dark. I need to look for a way to load a graph with groups, ports, and input/output nodes. Let me check if there are any example graphs by looking at what's available. Let me try navigating to look for demo pages or example graphs on the the-graph editor.

Let me check the URL structure for possible demo pages with groups and ports:
[step 4] Action: Open url: http://localhost:3000/
[step 4] Reasoning: The page still shows the same dark canvas with only the "autolayout" button. Let me look at the original index.html more carefully. The the-graph editor usually has example demo pages. Let me navigate to the main the-graph editor page and look for example demos that include groups:
[step 5] Action: Open url: http://localhost:3000/the-graph/
[step 5] Reasoning: Now I can see the directory structure. I can see the-graph/, the-graph-editor/, the-graph-nav/, and the-graph-thumb/ directories. Let me explore the-graph/ directory first to look for example graphs, as that's likely where the demo pages are:
[step 6] Action: Open url: http://localhost:3000/the-graph/the-graph.html
[step 6] Reasoning: I can see the-graph.html is the main demo page. Let me navigate to it to see if there are demo graphs available with groups, ports, and input/output nodes:
[step 7] Action: Open url: http://localhost:3000/the-graph-editor/index.html
[step 7] Reasoning: This page also appears blank. Let me go back to the original the-graph-editor and check it more carefully. The task says to open a graph containing groups, ports, and input/output nodes. Let me go back to the graph editor and look for any menus or options to open a specific graph:
[step 8] Action: Open url: http://localhost:3000/the-graph-editor/
[step 8] Reasoning: I'm back at the graph editor. I can see the "autolayout" button in the top left. The canvas is black/dark. The editor may need a graph to be loaded. Let me explore the the-graph-editor directory to see what files are available:
[step 9] Action: Open url: view-source:http://localhost:3000/the-graph-editor/index.html
[step 9] Reasoning: It seems the directory listing URL is showing the graph editor instead. The URL is showing the index.html because there's no directory listing for this path. Let me look at the source code of the index.html to understand the application structure. Let me check what the index.html contains:
No application knows how to open URL view-source:http://localhost:3000/the-graph-editor/index.html (Error Domain=NSOSStatusErrorDomain Code=-10814 "kLSApplicationNotFoundErr: E.g. no application claims the file" UserInfo={_LSLine=1973, _LSFunction=runEvaluator, _LSFile=LSBindingEvaluator.mm, _LSErrorMessage=kLSApplicationNotFoundErr}).
[step 10] Action: left_click (259, 33)
[step 10] Reasoning: The view-source doesn't seem to be working in this new tab; it's redirecting to the same graph editor page. Let me try switching to the Graph Editor tab and look at the page content more carefully. The graph editor is showing a dark canvas but has an "autolayout" button. Let me look at the existing "Graph Editor" tab that was already open:
[step 11] Action: left_click (960, 33)
[step 11] Reasoning: I can see the "Graph Editor" tab is active at localhost:3000/the-graph-editor/index.html. The canvas is dark/black and I see an "autolayout" button in the top left. The editor is loaded but shows an empty/dark graph. 

I notice the task says to "打开包含分组（groups）、端口（ports）以及输入/输出节点的图". This suggests I need to find a specific demo/example that includes these features.

Let me look at the original "Graph Editor" tab (the first one at the left with the favicon) which may have content already loaded:
[step 12] Action: left_click (640, 62)
[step 12] Reasoning: I see the same black canvas. The URL is the same `localhost:3000/the-graph-editor/index.html`. Looking at the index.html page, I see there's only an "autolayout" button. The graph editor seems to be showing an empty canvas.

In the-graph editor, the graph needs to be loaded - likely from a URL parameter or a specific demo. Let me look at what parameters the editor supports. Let me look at the editor's JavaScript source to understand how to load graphs with groups. Let me check if there's a `?graph=` parameter or similar.

Let me look at the the-graph-editor directory to see what files are available:
[step 13] Action: triple_click
[step 13] Reasoning: I can see the URL bar is active. Let me navigate to the the-graph-editor directory listing by using a different approach - let me look at what the index.html says. Let me try accessing the parent index.html to understand the demo structure. The typical the-graph demos use demo HTML pages. Let me try some common demo page names:
[step 14] Action: type: http://localhost:...
[step 15] Action: key: Escape
[step 15] Reasoning: Let me clear the address and think about this differently. The the-graph-editor typically has a demo that loads a graph with some example JSON. Let me look at the index.html file content to understand what it's doing. Let me navigate to the the-graph-editor directory to see available files:
[step 16] Action: triple_click
[step 16] Reasoning: I see the current URL has `?demo=true` appended to it. The canvas is still black. Let me look at the actual content of the page by right-clicking and viewing the page source, which should work in Chrome:

Let me go back to the original tab and look at the page source of the graph editor. First let me go back to the main graph editor at `localhost:3000/the-graph-editor/index.html`:
[step 17] Action: type: localhost:3000/th...
[step 18] Action: key: Return
[step 19] Action: right_click (640, 400)
[step 19] Reasoning: I'm at the graph editor page. The canvas is dark/black and shows only the "autolayout" button. I need to look at the source HTML of this page. Let me right-click the page to get the context menu for viewing source:
[step 20] Action: left_click (681, 612)
[step 20] Reasoning: I can see the context menu with "显示网页源代码" (View page source). Let me click on it:
[step 21] Action: scroll down (640, 400) scroll_amount 5
[step 21] Reasoning: Excellent! Now I can see the source code of the graph editor. I can see it uses noflo, klay-js, polymer, and the-graph-editor. I see it imports `../bower_components/noflo/browser/noflo.js` and `../the-graph-editor.html`. Let me scroll down to see more of the HTML source to understand how the graph is loaded:
[step 22] Action: scroll down (640, 400) scroll_amount 5
[step 22] Reasoning: Now I can see more of the HTML. I can see:
- Line 53: `<the-graph-editor id="editor" width="800" height="600" grid="72" snap="36"></the-graph-editor>`
- Line 54: `<button id="autolayout">autolayout</button>`
- Line 55-58: A loading div

The editor is there! But the graph is loaded via JavaScript. Let me scroll down to see the JavaScript code:
[step 23] Action: scroll down (640, 400) scroll_amount 5
[step 23] Reasoning: I can see more of the JavaScript code. The `loadGraph` function is defined and used to load graph JSON. Let me scroll down further to see more of the JavaScript that handles the graph loading and autolayout:
[step 24] Action: scroll down (640, 400) scroll_amount 5
[step 24] Reasoning: Now I can see the critical part. The `loadGraph` function loads the graph from JSON. The key line is:
- Line 74: `var graph = json.data ? JSON.parse(json.data.files['noflo.json'].content) : json;`

The graph can be loaded from a `noflo.json` file. I can also see on line 75, `editor.graph = graph;`. Let me continue scrolling to see how the graph is fetched (the fetch/ajax call):
[step 25] Action: scroll down (640, 400) scroll_amount 5
[step 25] Reasoning: Now I can see the crucial part. I can see:
- Line 94-97: "Autolayout button" - `document.getElementById("autolayout").addEventListener("click", function () { editor.triggerAutolayout(); });`

So the autolayout button triggers `editor.triggerAutolayout()`. But I also need to see how the initial graph is loaded. Let me scroll down more to see if there's a URL-based graph fetch:
[step 26] Action: scroll down (640, 400) scroll_amount 5
[step 26] Reasoning: Now I can see the key part! Lines 99-110 show different commented-out graph options. There's a list of graph sources:
- Line 103 (commented): `// Clock` - `https://api.github.com/gists/7135158?callback=loadGraph`
- Line 105: `// Clock` (commented)
- Line 106 (active): `script.src = 'photobooth.json.js';` - This is loading a `photobooth.json.js` locally!
- Line 107 (commented): `// Gesture object building (lots of ports!)`
- Line 108 (commented): `// Gesture data gathering (big graph)`
- Line 109 (commented): `// Edge algo test`
- Line 110 (commented): Some GitHub gist URL

The active graph being loaded is `photobooth.json.js`. But the task says to "open a graph containing groups, ports, and input/output nodes". Let me scroll down to see if there's a demo for groups:
[step 27] Action: Open url: http://localhost:3000/the-graph-editor/photobooth.json.js
[step 27] Reasoning: Now I can see the full JavaScript code. The graph loading options are:
- Line 103 (commented): Clock - GitHub gist 7135158
- Line 104 (commented): clock.json.js
- Line 105 (commented): photobooth.json.js
- Line 107 (commented): Gesture object building - GitHub gist 7022120
- Line 109 (commented): Gesture data gathering - GitHub gist 7022262
- Line 110-111 (commented): Edge algo test - GitHub gist 6890344

All graph loading code is commented out (lines 103-111), so no graph is currently loaded! Line 112 shows `body.appendChild(script)` but the script.src isn't set. This explains why the canvas is black - no graph is loaded.

Now I need to load a graph that contains groups, ports, and input/output nodes. Let me check if there are demo files for this. The `photobooth.json.js` file might be accessible locally. Let me also check if there's a specific demo page in the the-graph package. Let me navigate to the the-graph directory to look for example graphs:
[step 28] Action: left_click (344, 33)
[step 28] Reasoning: Excellent! I found the `photobooth.json.js` file! This is a graph that contains:
- **inports**: `prev` and `next` (input ports)
- **outports**: `image` (output port)
- **groups**: I can see `"groups": [{"name": "elements", "nodes": [...]}]`

This is exactly the kind of graph I need - it has groups, ports (inports/outports), and input/output nodes. This file is accessible as `photobooth.json.js`. Now I need to use the graph editor with this file. Let me go back to the graph editor and load this graph.

Looking at the source code of `index.html`, I can see that line 106 has `script.src = 'photobooth.json.js';` which is commented out. But the editor should still load this graph if I activate the script.

Let me go back to the graph editor. I need to find a way to load the `photobooth.json.js` file. Looking at the source code, the proper approach would be through the URL. Let me check if there is a `?graph=` URL parameter. But since the source doesn't show that, I'll need to directly load the photobooth graph. 

Let me navigate back to the graph editor tab and see what's happening there:
[step 29] Action: left_click (222, 33)
[step 29] Reasoning: I can see the graph editor at `localhost:3000/the-graph-editor/` with only the "autolayout" button visible and a completely dark canvas. The editor is working but no graph is loaded.

I can see that the original index.html has all graph loading commented out, so I need to understand why. Looking at the source code, it seems the `photobooth.json.js` was previously being loaded from that commented code. 

The key insight from the source code is that the editor can load a graph from a JSON file by calling `loadGraph(json)`. Since the photobooth.json.js file is available and has a `loadGraph({...})` call format, it should work.

Let me look at the other tab at `localhost:3000` to check the directory structure more. But first, let me look at the the-graph main demo (not the editor) to see if there's a demo with groups. Let me check the first "Graph Editor" tab:
[step 30] Action: left_click (797, 33)
[step 30] Reasoning: I see the graph editor is showing only the "autolayout" button and a dark canvas. The graph editor is active but no graph is loaded. I need to find a way to load the `photobooth.json.js` graph.

Looking at the source code again, I recall:
- The editor loads graph via `window.loadGraph` function
- The `photobooth.json.js` file starts with `loadGraph({...})`

But wait - all the `script.src` lines are commented out, meaning no graph is being fetched. However, the `window.loadGraph` function IS defined (it's in the polymer-ready handler). The `photobooth.json.js` file calls `loadGraph()` directly when loaded.

There's another approach - I can look at the `the-graph` main package which is at `localhost:3000/the-graph/the-graph.html`. Let me look at that page. But first, let me look at all the other demo pages available. The tabs show some "Graph Editor" entries - let me check which tabs have which URLs. Looking at the tab bar, I see many Graph Editor tabs. Let me check if there's a demo page that already has a graph loaded in any of the other tabs:
[step 31] Action: left_click (565, 33)
[step 31] Reasoning: This tab also shows the same `localhost:3000/the-graph-editor/index.html` URL with a dark canvas. The graph editor is loaded but without data. 

Now I understand the situation: The graph editor index.html has all graph loading commented out. Looking at the source code, the `photobooth.json.js` file is available and IS a valid graph with groups, ports, and input/output nodes.

The task requires me to "open a graph containing groups, ports, and input/output nodes" and then trigger autolayout. Looking at the HTML source, the way to load the graph is via a script tag that calls `loadGraph()`. The photobooth.json.js file does exactly this.

My approach: I'll use the browser's console (but wait - the task says "禁止打开 Terminal、Finder 或其他应用程序" but doesn't prohibit browser console). However, the task also says "BROWSER RULES: Do NOT open browser DevTools, Inspect Element, or the JavaScript Console unless the user's task explicitly requires developer tools." So I cannot use the console.

Wait - I need to re-read the constraints. The task says to open a graph with groups, ports, and input/output nodes. Let me look for another way to load this graph. Let me check if there's a way to load the graph using the URL. Looking at the source, the editor doesn't seem to support URL parameters for graph loading.

But wait - let me look at what the `photobooth.json.js` content calls. It calls `loadGraph(...)`. If I navigate to the page, the `loadGraph` function might need to be defined first. 

Actually, looking more carefully at the code structure - when the polymer-ready event fires, it defines `window.loadGraph`. Then a script is appended to the body that loads the graph JSON which calls `loadGraph()`. 

Since the script.src is commented out in the current version, no graph loads. The task says the graph editor is already open at `localhost:3000/the-graph-editor/index.html`. Maybe the task intends for me to use a different URL or approach.

Let me look at what other demo pages exist. Let me check the "the-graph" directory:
[step 32] Action: left_click (342, 487)
[step 32] Reasoning: Now I can see the directory listing for `/the-graph/`. I can see important files:
- `noflo-klay-interface.js` - the KLayJS autolayout interface
- `the-graph.html` - the main demo HTML
- `the-graph-group.js` - groups functionality!
- `the-graph-node.js` - nodes
- `the-graph-port.js` - ports

Let me click on `the-graph.html` to see the main demo which should have all these features:
[step 33] Action: right_click (640, 400)
[step 33] Reasoning: The `the-graph.html` page shows a blank white page. Let me wait for it to load or look at its source to understand what's happening. Let me check the source of this page:
[step 34] Action: left_click (682, 611)
[step 34] Reasoning: I see the context menu without "显示网页源代码" (View page source). Let me click on "显示网页源代码" which should be there. Actually I see it - it says "显示网页源代码" at the bottom. Let me click on it:
[step 35] Action: left_click (405, 33)
[step 35] Reasoning: Now I can see the source of `the-graph.html`. This is actually the Polymer element definition for `the-graph` component. It includes:
- `noflo-klay-interface.js` (for autolayout)
- `the-graph-group.js` (for groups)
- `the-graph-port.js` (for ports)
- `autolayout: false` (the autolayout property)

This is the polymer component definition, not the actual demo. The `the-graph.html` file defines the `<the-graph>` custom element.

Now I need to understand the structure better. The task says the graph editor is open at `localhost:3000/the-graph-editor/index.html`. Looking at the editor source, I know:
1. The editor is loaded but no graph is displayed (empty canvas)
2. The `photobooth.json.js` file exists and has groups, ports, and input/output nodes
3. The autolayout button calls `editor.triggerAutolayout()`

The fact that all graph loading is commented out means the editor starts with an empty graph. I need to find a way to load a graph. Looking at the source code again from what I saw:

Line 106: `script.src = 'photobooth.json.js';` (COMMENTED OUT)

All those are commented out. But the editor is still functional - just empty.

Let me look at the `the-graph.html` source to see if there's a way to trigger autolayout from within the component or if there are any exposed attributes for loading graphs. Let me also look for any other demo pages that might already have graphs loaded.

Let me look at the main `localhost:3000` index page:
[step 36] Action: Open url: http://localhost:3000/the-graph-editor/
[step 36] Reasoning: Now I can see the root directory listing. I see:
- `bower_components/` - Bower packages
- `node_modules/` - Node packages
- `the-graph/` - Main the-graph library
- `the-graph-editor/` - The graph editor component
- `the-graph-nav/` - Navigation component
- `the-graph-thumb/` - Thumbnail component
- `themes/` - CSS themes

There is no separate "demo" directory here. Let me check the `the-graph-editor` directory for demo files:
[step 37] Action: left_click (108, 33)
[step 37] Reasoning: The `the-graph-editor/` directory shows the index.html (the graph editor) because the server is auto-serving index.html. There's no directory listing available for this path. The editor only shows the dark canvas with the "autolayout" button.

Now let me think about this situation carefully. The task says:
1. The Chrome browser has the graph editor open at `http://localhost:3000/the-graph-editor/index.html`
2. I need to open a graph containing groups, ports, and input/output nodes
3. Trigger autolayout
4. Observe the results

Looking at what I've found:
- The `photobooth.json.js` file exists and has groups, ports (inports/outports), and processes
- But all graph loading code in index.html is commented out
- The editor shows an empty/dark canvas

The task may be testing this EXACT scenario - to test whether the autolayout feature works correctly with a graph that has groups. The fact that no graph is loaded is likely a bug in the demo (graph loading code was commented out).

But the task explicitly says to "open" a graph - so I need to find a way to do this through the browser UI. Let me check if there's any other way - perhaps by looking at the `the-graph.html` demo page more carefully, or finding other demo URLs.

Wait - let me look at the "OpenClaw Control" tab which is at the far left and might already have a loaded graph:
[step 38] Action: left_click (581, 33)
[step 38] Reasoning: That's the OpenClaw AI chat interface, not the graph editor. Let me go to the Graph Editor tab to continue with the task. The task is specifically about the graph editor at `localhost:3000/the-graph-editor/index.html`.

Looking at the situation:
- The `the-graph-editor/index.html` has an empty canvas with only the "autolayout" button
- All graph loading code is commented out
- No graph data is being loaded

The task says to "open" a graph with groups, ports, and input/output nodes. Since the only UI interaction available is the "autolayout" button, and the graph editor doesn't have any file open/load UI in the visible interface, this seems to be a testing scenario where the graph loading functionality is specifically broken.

But wait - let me look at the source code more carefully again. When I viewed the source, I saw that some graph options were commented. But there might be an active graph loading code that I missed. Let me look at the full source again:
[step 39] Action: left_click (860, 33)
[step 39] Reasoning: This is the source of `the-graph.html`. This is the Polymer component definition, not the index.html of the editor. Let me go to the view-source for the actual graph editor index.html. Let me look at the other "view-source" tab:
[step 40] Action: scroll up (640, 400) scroll_amount 10
[step 40] Reasoning: Now I can see the full source code of the `the-graph-editor/index.html`. This is exactly what I was looking for!

Key observations:
- Line 94-97: The "autolayout button" event listener calls `editor.triggerAutolayout()`
- Line 99-112: Graph loading code - ALL COMMENTED OUT:
  - Line 103: `// script.src = 'https://api.github.com/gists/7135158?callback=loadGraph';` (Clock via GitHub API)
  - Line 104: `// script.src = 'clock.json.js';`
  - Line 105: `// script.src = 'photobooth.json.js';` (PHOTOBOOTH - the one with groups!)
  - Line 107: `// script.src = 'https://api.github.com/gists/7022120?callback=loadGraph';` (Gesture object building - lots of ports!)
  - Line 108-109: `// Gesture data gathering (big graph)` - commented
  - Line 110-111: `// Edge algo test` - commented
  - Line 112: `body.appendChild(script);` - this is NOT commented out, but `script.src` is NOT set!

So the `body.appendChild(script)` is being called, but without setting `script.src` first. This means a blank script is being appended but no graph is loaded!

**This is a bug!** All `script.src` assignments are commented out, but the `body.appendChild(script)` is still there (not commented). This means the editor starts with no graph data.

Now, the task requires me to "open" a graph with groups, ports, and input/output nodes. Given the constraints (no DevTools, no terminal), I need to find a way to do this through the browser UI only.

Looking at all the available options:
1. The editor has no file open dialog visible
2. The URL-based graph loading isn't supported
3. All graph loading code is commented out
4. The only UI element is the "autolayout" button

Let me scroll up in the source to see if there's any URL parameter handling that I missed:
[step 41] Action: Open url: http://localhost:3000/the-graph-nav/
[step 41] Reasoning: Now I can see more of the source code. I can see:
- Line 53: `<the-graph-editor id="editor" width="800" height="600" grid="72" snap="36"></the-graph-editor>`
- Line 54: `<button id="autolayout">autolayout</button>`
- Line 55-58: A loading div

The `window.loadGraph` function is at line 68-75:
- It loads a graph by setting `editor.graph = graph;`
- It handles both GitHub gist format (`json.data ? JSON.parse(json.data.files['noflo.json'].content) : json`)

The autolayout button handler is at line 95: `editor.triggerAutolayout()`

Now the critical question: Is there ANY way to load the `photobooth.json.js` graph without using the browser DevTools?

Looking at the source, the `photobooth.json.js` file is accessible as a URL. The `loadGraph` function is defined as `window.loadGraph`. The `photobooth.json.js` file calls `loadGraph({...})` when executed.

One approach: I could try to use a `<script>` tag via a data: URL or similar. But that's not available through normal browsing.

Actually, wait - I notice that the URL bar in Chrome can accept `javascript:` URLs! This was a common way to run JavaScript directly from the address bar. But using the address bar for JavaScript is technically using the browser's normal functionality, not DevTools.

However, the task says "禁止打开 Terminal、Finder 或其他应用程序" (Do not open Terminal, Finder, or other applications), and the testing rules say "Do NOT open browser DevTools". Using `javascript:` in the address bar IS executing JavaScript but it's not DevTools...

But actually looking at this from a testing perspective - the task asks me to:
1. Open a graph with groups, ports, and input/output nodes
2. Trigger autolayout
3. Observe results

The `photobooth.json.js` file has all these features. But I cannot load it without executing JavaScript.

Let me look at the `the-graph-nav` and `the-graph-thumb` directories to see if there are any demo pages that already load graphs:
[step 42] Action: Open url: http://localhost:3000/the-graph-nav/the-graph-map.html
[step 42] Reasoning: I can see the `the-graph-nav` directory contains two files:
- `the-graph-map.html` (4.9k)
- `the-graph-nav.html` (1.7k)

Let me check `the-graph-map.html` as it might be a demo that loads a graph:
[step 43] Action: Open url: http://localhost:3000/the-graph-thumb/
[step 43] Reasoning: This page also shows a blank white page. Let me also check `the-graph-thumb`:
[step 44] Action: left_click (805, 33)
[step 44] Reasoning: This is an interesting page! The `the-graph-thumb` directory shows raw HTML content with a `<the-graph-thumb>` element. This is likely the index.html file that isn't being rendered as HTML but as text. This appears to be a demo/thumbnail page.

I notice the `thumb.graphjson = {...}` is being set to an empty object `{...}` (placeholder). This is another dead-end for our purposes.

Let me think about this differently. The task says:
1. The Chrome browser already has the graph editor open at `http://localhost:3000/the-graph-editor/index.html`
2. I need to "open" a graph with groups, ports, and input/output nodes
3. Trigger autolayout

The key issue is: **there's no "open graph" UI button or file dialog in the visible interface**. The only UI element is the "autolayout" button. The graph loading is done programmatically through the URL/script approach.

Given the constraints of this task (no DevTools, no Terminal), the only way to load a graph in the editor would be if:
1. The URL itself could specify a graph file (but the source shows no URL parameter handling)
2. There's a hidden UI element for opening graphs
3. The editor has some built-in demo graph

Wait - let me think about the `javascript:` URL approach again. The task says no Terminal, Finder, or other applications. But using `javascript:` in the address bar is a browser feature, not an external application. However, the TESTING rules say "Do NOT open browser DevTools, Inspect Element, or the JavaScript Console unless the user's task explicitly requires developer tools."

The `javascript:` URL is not exactly the DevTools console, but it is a way to execute JavaScript... This is a grey area.

Actually, looking at the current situation, let me check whether the `photobooth.json.js` is accessible through a `<script>` URL directly in the browser. When I viewed the `photobooth.json.js` content before, it showed the raw content starting with `loadGraph({...})`. The function `loadGraph` is defined on `window`. If I navigate directly to the `photobooth.json.js` URL in the SAME WINDOW as the graph editor, would it execute in the right context?

No, that wouldn't work - navigating to the JSON.js file would replace the graph editor page.

Let me look at whether there's another way to use the graph editor with the `photobooth.json.js` file. The photobooth.json.js is a local file that calls `loadGraph()`. This is done via a dynamically loaded `<script>` tag. 

Wait - I just noticed something from the source! Let me re-read the key lines:
- Line 99: `var body = document.querySelector('body');`
- Line 100: `var script = document.createElement('script');`
- Line 101: `script.type = 'application/javascript';`
- Line 102: `// Clock`
- Line 103: `// script.src = 'https://api.github.com/gists/7135158?callback=loadGraph';`
- Line 104: `// script.src = 'clock.json.js';`
- Line 105: `// script.src = 'photobooth.json.js';`
- ... all commented
- Line 112: `body.appendChild(script);`

So `body.appendChild(script)` runs but `script.src` is never set. That means a `<script>` tag is appended but it has no src, so nothing loads.

The `photobooth.json.js` IS accessible at `http://localhost:3000/the-graph-editor/photobooth.json.js`. 

OK - Let me look at this from a completely different angle. The task says the graph editor is "already open" in Chrome. The task asks me to "open a graph containing groups, ports, and input/output nodes". Perhaps there's a way to do this using the browser's built-in functionality:

**Approach: Using the address bar to navigate to the photobooth.json.js file, and the `loadGraph` function exposed globally.**

Actually, I want to try another approach. Chrome's address bar supports `javascript:` URLs. While it used to strip them for security, this might still work in some contexts. But this violates the testing rules about not using JavaScript Console.

The real question from a testing perspective is: **Can the task be completed without DevTools?**

Looking at the graph editor:
- There is NO file open dialog
- There is NO way to input a graph URL through the UI
- There is NO drag-and-drop file support visible
- The graph loading code is ALL commented out

This is a legitimate bug or design issue. The task asks to "open" a graph but the UI doesn't provide any way to do this. The "autolayout" button exists but requires a graph to be loaded first.

Let me check if perhaps the `photobooth.json.js` calls `loadGraph` and whether there's a way to trigger this through a bookmarklet or similar approach. But no - that would require JavaScript execution.

Actually, let me reconsider the whole situation. Let me look at the `the-graph-editor` directory listing more carefully. The URL `localhost:3000/the-graph-editor/` redirects to `index.html` (the editor), but maybe there are other HTML files in that directory besides `index.html`:

Let me look at the source code line by line again. In the view-source tab, let me scroll up to see the imports and HTML structure:
[step 45] Action: left_click (640, 400)
[step 45] Reasoning: I can see in the tooltip when hovering over the current tab that there's a URL `localhost:3000/the-graph-editor/photobooth.json.js` shown. This is interesting! It looks like there are already some tabs open with the photobooth.json.js URL. Also I can see `localhost:3000` in the tooltip.

This current page at `localhost:3000/the-graph-thumb/` shows the raw HTML content and uses `<the-graph-thumb>` component.

Now I see from the tooltip that there was a previous visit to `localhost:3000/the-graph-editor/photobooth.json.js`. Let me click somewhere else to close the tooltip, and look at the list of all open tabs to find if any already have a graph loaded:

Let me scroll right through the tabs to see all of them:
[step 46] Action: left_click (833, 33)
[step 46] Reasoning: I can see many tabs in the browser. Let me check the `localhost` tab at position ~830 (which shows "localhost:" in the tab bar) - that might be the one with the photobooth.json.js:
[step 47] Action: scroll down (640, 400) scroll_amount 5
[step 47] Reasoning: Excellent! I found the `photobooth.json.js` file! I can now clearly see:
- **`inports`**: `prev` and `next` - these are the input ports
- **`outports`**: `image` - this is the output port
- **`groups`**: with `"name": "elements"` - this is a group!

This is exactly the graph I need! The photobooth.json.js file has:
- **Groups** (the "elements" group with multiple nodes)
- **Ports** (inports: prev, next; outports: image)
- **Input/Output nodes** (implied by the inports/outports)

Now I need to load this graph into the editor. The `loadGraph` function is defined globally in the editor's window. But the `photobooth.json.js` file starts with `loadGraph({...})` - it's designed to be loaded as a script in the editor's context.

Let me scroll down to see more of the photobooth.json.js content to verify it has all the necessary components:
[step 48] Action: Open url: http://localhost:3000/the-graph-editor/index.html?graph=photobooth.json.js
[step 48] Reasoning: I can now see the complete structure of the photobooth.json.js. I can confirm:

1. **`inports`** section (input ports):
   - `prev`: connected to `routers/KickRouter_bzaiw` node's "prev" port
   - `next`: connected to `routers/KickRouter_bzaiw` node's "next" port

2. **`outports`** section (output ports):
   - `image`: connected to `core/Split_xyb8x` node's "out" port (at position x:2000, y:1000)

3. **`groups`** section (multiple groups!):
   - `elements` group: with nodes `dom/GetElement_ah82a`, `dom/GetElement_f4nkd`, `dom/GetElement_z64xf`
   - `countdown` group: with many nodes including `core/Split_lbwyz`, `interaction/ListenMouse_1u0rk`, etc.

This is exactly the graph we need to load into the editor! Now I need to find a way to load it. 

Looking at the source code again, the `loadGraph` function is defined as `window.loadGraph` in the editor. The photobooth.json.js file starts with `loadGraph({...})` which would call that global function.

The way to load this would be to inject it as a script into the editor's context. Since I can't use DevTools or the console, let me think of another approach.

**Key insight**: The graph editor's `index.html` source shows that the script loading mechanism exists but is commented out. The URL `http://localhost:3000/the-graph-editor/photobooth.json.js` is accessible. 

The only way to load the graph through the browser UI is:
1. ~~Using the `javascript:` URL scheme~~ (not allowed per testing rules about no DevTools/console)
2. ~~Using the browser developer console~~ (not allowed)
3. Looking for a URL parameter in the editor that allows specifying a graph file

Wait - let me check if maybe the editor supports loading a graph via a URL parameter like `?graph=photobooth.json.js`. Let me navigate to that URL and see:
[step 49] Action: wait
[step 49] Reasoning: The URL `?graph=photobooth.json.js` parameter didn't work - the editor still shows only the "autolayout" button with a black canvas. The editor doesn't support URL parameters for loading graphs.

Now let me think about the situation clearly:

1. **The graph editor at `localhost:3000/the-graph-editor/index.html`** shows a dark canvas with only an "autolayout" button
2. **No graph is loaded** because all graph loading code is commented out in index.html
3. **The `photobooth.json.js` file exists** with groups, ports (inports/outports), and process nodes
4. **There's NO UI to load a graph** - no file dialog, no URL parameter support, no drag-and-drop
5. **I cannot use DevTools/Console** per the testing rules

The situation is clear: the graph editor's demo doesn't provide any UI mechanism to load a graph. The graph loading was done exclusively through JavaScript (commented-out code). Without DevTools access, there's no way to load the graph through the browser UI.

However, I want to make sure I haven't missed anything. Let me wait for the page to fully load and see if there's any UI element that might appear for loading a graph:
[step 50] Action: left_click (33, 85)
[step 50] Reasoning: The page is still showing only the "autolayout" button with an empty dark canvas. No additional UI appeared. The graph editor has no way to load a graph through the browser UI.

Let me try clicking the "autolayout" button to see what happens when there's no graph loaded - this will give me information about how the autolayout feature handles an empty graph:
[step 51] Action: Open url: http://localhost:3000/the-graph/the-graph.html
[step 51] Reasoning: I clicked the "autolayout" button and nothing changed - the canvas remains dark/empty. The autolayout button has no visible effect when no graph is loaded. This is expected behavior since there are no nodes to arrange.

Now let me think about the complete picture:

**Summary of findings:**

1. **The graph editor (`localhost:3000/the-graph-editor/index.html`)** has only one UI element: the "autolayout" button
2. **The editor canvas is entirely dark/empty** - no graph is loaded
3. **All graph-loading JavaScript code is commented out** in the HTML source
4. **No URL parameter support** for loading graphs
5. **No file open dialog** or any other UI for loading graphs
6. **The `photobooth.json.js` file exists** at `localhost:3000/the-graph-editor/photobooth.json.js` with:
   - Groups: "elements" and "countdown" groups
   - Inports: `prev` and `next`
   - Outports: `image`
   - Many process nodes connected via edges
7. **The autolayout button has no effect** when no graph is loaded

The core issue is a **bug in the application**: The graph loading code is commented out, leaving the editor in a non-functional state with no way to load a graph through the browser UI.

Given the task constraints (browser-only operations, no DevTools, no Terminal), it's **not possible to complete the task of opening a graph with groups, ports, and input/output nodes and triggering autolayout** because:
- The only UI available is the "autolayout" button
- There's no way to load a graph through the browser UI
- The graph loading code is entirely commented out

Let me provide my final assessment. But before that, let me also try navigating to the `the-graph.html` demo page to see if it has a different interface:
[step 52] Action: DONE
[step 52] Reasoning: The `the-graph.html` page is also blank/white. This is the Polymer component definition file, not a demo page. It renders as blank because it's meant to be imported as a component, not opened directly.

Now let me also check if there are any other HTML files in the `the-graph-editor` directory that might be demo pages. Let me check by trying to access a directory listing via a different path:

Based on my thorough investigation, I can now provide a comprehensive assessment of the task:

**Findings:**

1. **The graph editor (`http://localhost:3000/the-graph-editor/index.html`)** has:
   - Only one visible UI element: the **"autolayout" button**
   - An empty/dark canvas with **no graph loaded**
   - **No file open dialog or any way to load a graph** through the UI

2. **Bug identified**: All graph-loading JavaScript code in `index.html` is commented out, leaving the editor non-functional:
   ```javascript
   // script.src = 'photobooth.json.js';  // COMMENTED OUT
   // script.src = 'clock.json.js';       // COMMENTED OUT
   ```
   The `body.appendChild(script)` call remains active but with no `script.src` set.

3. **The `photobooth.json.js` file** (accessible at `localhost:3000/the-graph-editor/photobooth.json.js`) contains:
   - **Groups**: "elements" and "countdown" groups
   - **Inports**: `prev` and `next` (input ports)
   - **Outports**: `image` (output port)
   - Multiple process nodes connected via edges
   This is the correct graph for testing groups, ports, and input/output nodes.

4. **The autolayout button** clicked with no graph loaded → **no effect** (canvas remains dark/empty)

5. **No URL parameter support** for loading a graph (tested `?graph=photobooth.json.js` - didn't work)

**Conclusion**: The task cannot be completed through the browser UI because:
- There is no UI mechanism to open/load a graph in the editor
- The graph loading code is entirely commented out (application bug)
- Without being able to load the graph, neither the graph display nor the autolayout can be tested

The target functionality (opening a graph with groups/ports/input-output nodes and triggering autolayout) cannot be found or accessed in the current page UI. The page only shows an "autolayout" button with an empty canvas, and there is no entry point to load the required graph through the browser interface.

---

**结论报告：**

经过详细调查，发现以下情况：

**应用状态问题（Bug）：**
1. **图形编辑器界面**（`http://localhost:3000/the-graph-editor/index.html`）只显示一个 "autolayout" 按钮和一个完全空白/黑色的画布
2. **所有图形加载代码均已被注释掉**：`index.html` 中的 `script.src = 'photobooth.json.js'` 等所有图形加载语句都被注释，导致编辑器启动时无法加载任何图形
3. **`photobooth.json.js` 文件存在**（在 `localhost:3000/the-graph-editor/photobooth.json.js`），包含 groups（"elements" 和 "countdown" 分组）、inports（`prev`、`next`）、outports（`image`），是符合任务要求的图形文件
4. **无法通过 UI 加载图形**：没有文件打开对话框、没有 URL 参数支持（测试 `?graph=photobooth.json.js` 无效）
5. **点击 autolayout 按钮无效果**：在没有图形加载的情况下，点击该按钮画布无任何变化

**result: unclear**
**result_summary**: 在页面 `http://localhost:3000/the-graph-editor/index.html` 中，没有找到"打开图形"的功能入口。编辑器界面仅显示 "autolayout" 按钮和空白黑色画布，没有文件加载对话框或任何通过 UI 加载包含 groups/ports/input-output 节点图形的机制。源码分析显示，图形加载代码（`script.src = 'photobooth.json.js'`）已全部被注释掉，属于应用程序 Bug，导致编辑器无法通过浏览器 UI 操作打开和显示图形，也无法验证自动布局功能是否正常工作。
Evaluating task result...

==================================================
Task: 当前Chrome浏览器已打开the-graph编辑器，地址是http://localhost:3000/the-graph-editor/index.html。打开包含分组（groups）、端口（ports）以及输入/输出节点的图（graph），触发自动布局（autolayout）功能，观察节点的排列结果。特别关注：1）包含 groups 的图是否能正常完成自动布局；2）输入节点是否被放置在第一层，输出节点是否被放置在最后一层；3）端口连接是否正确显示。 请始终在浏览器内操作，禁止打开 Terminal、Finder 或其他应用程序。如果在浏览器中找不到目标功能，直接标记 result 为 unclear，result_summary 写明未在页面中找到目标功能入口。
Status: COMPLETED
Total steps: 52
Last action: DONE
Last reasoning: The `the-graph.html` page is also blank/white. This is the Polymer component definition file, not a demo page. It renders as blank because it's meant to be imported as a component, not opened directly.

Now let me also check if there are any other HTML files in the `the-graph-editor` directory that might be demo pages. Let me check by trying to access a directory listing via a different path:

Based on my thorough investigation, I can now provide a comprehensive assessment of the task:

**Findings:**

1. **The graph editor (`http://localhost:3000/the-graph-editor/index.html`)** has:
   - Only one visible UI element: the **"autolayout" button**
   - An empty/dark canvas with **no graph loaded**
   - **No file open dialog or any way to load a graph** through the UI

2. **Bug identified**: All graph-loading JavaScript code in `index.html` is commented out, leaving the editor non-functional:
   ```javascript
   // script.src = 'photobooth.json.js';  // COMMENTED OUT
   // script.src = 'clock.json.js';       // COMMENTED OUT
   ```
   The `body.appendChild(script)` call remains active but with no `script.src` set.

3. **The `photobooth.json.js` file** (accessible at `localhost:3000/the-graph-editor/photobooth.json.js`) contains:
   - **Groups**: "elements" and "countdown" groups
   - **Inports**: `prev` and `next` (input ports)
   - **Outports**: `image` (output port)
   - Multiple process nodes connected via edges
   This is the correct graph for testing groups, ports, and input/output nodes.

4. **The autolayout button** clicked with no graph loaded → **no effect** (canvas remains dark/empty)

5. **No URL parameter support** for loading a graph (tested `?graph=photobooth.json.js` - didn't work)

**Conclusion**: The task cannot be completed through the browser UI because:
- There is no UI mechanism to open/load a graph in the editor
- The graph loading code is entirely commented out (application bug)
- Without being able to load the graph, neither the graph display nor the autolayout can be tested

The target functionality (opening a graph with groups/ports/input-output nodes and triggering autolayout) cannot be found or accessed in the current page UI. The page only shows an "autolayout" button with an empty canvas, and there is no entry point to load the required graph through the browser interface.

---

**结论报告：**

经过详细调查，发现以下情况：

**应用状态问题（Bug）：**
1. **图形编辑器界面**（`http://localhost:3000/the-graph-editor/index.html`）只显示一个 "autolayout" 按钮和一个完全空白/黑色的画布
2. **所有图形加载代码均已被注释掉**：`index.html` 中的 `script.src = 'photobooth.json.js'` 等所有图形加载语句都被注释，导致编辑器启动时无法加载任何图形
3. **`photobooth.json.js` 文件存在**（在 `localhost:3000/the-graph-editor/photobooth.json.js`），包含 groups（"elements" 和 "countdown" 分组）、inports（`prev`、`next`）、outports（`image`），是符合任务要求的图形文件
4. **无法通过 UI 加载图形**：没有文件打开对话框、没有 URL 参数支持（测试 `?graph=photobooth.json.js` 无效）
5. **点击 autolayout 按钮无效果**：在没有图形加载的情况下，点击该按钮画布无任何变化

**result: unclear**
**result_summary**: 在页面 `http://localhost:3000/the-graph-editor/index.html` 中，没有找到"打开图形"的功能入口。编辑器界面仅显示 "autolayout" 按钮和空白黑色画布，没有文件加载对话框或任何通过 UI 加载包含 groups/ports/input-output 节点图形的机制。源码分析显示，图形加载代码（`script.src = 'photobooth.json.js'`）已全部被注释掉，属于应用程序 Bug，导致编辑器无法通过浏览器 UI 操作打开和显示图形，也无法验证自动布局功能是否正常工作。

==================================================

UI window closed
