Session created: sess-20260424155305-1cc638d69db94b8ab96409a7d0f076e3
UI panel initialized successfully
UI window displayed
Expected result: 当通过 registerComponent 更新组件定义后，画布上所有该组件的已有实例节点应自动刷新，正确反映新的端口数量、名称及其他属性变化，无需手动刷新或重新添加节点。
[step 0] Action: Initializing
[step 0] Reasoning: Initializing session connection
[step 0] Action: screenshot
[step 1] Action: left_click (219, 184)
[step 1] Reasoning: I can see the index page of the graph editor. I need to navigate to the full demo to use the graph editor. Let me click on `demo-full.html` to open the graph editor.
[step 2] Action: key: F12
[step 2] Reasoning: The Graph Editor is now open with the full demo. I can see multiple component nodes on the canvas. Now I need to:
1. First, observe the existing state - there are already nodes on the canvas
2. Open DevTools Console to execute JavaScript to call `registerComponent` API
3. Observe if the canvas updates the component instances

Let me first take a better look at the current state. I can see nodes like `startButton`, `videoEl`, `prevButton`, `nextButton`, `canvasEl`, `clickStart`, `clickPrev`, `clickNext`, `core/Split`, `seriously/Ascii`, `seriously/TVGlitch`, `seriously/Hex`, `seriously/Edge`.

Now, let me open the DevTools Console to examine the graph editor's API and place a component on the canvas, then update it via `registerComponent`.

First, let me open the DevTools Console:
[step 3] Action: left_click (640, 619)
[step 3] Reasoning: The DevTools is now open and I can see the Console tab is active. I notice there's already an error: "Uncaught Error: the-graph-thumb: Invalid space spanned". This is an existing bug. 

Now I need to:
1. First explore the API available in the console
2. Find the graph editor instance
3. Add a component to the canvas
4. Then call `registerComponent` to update it
5. Observe if the canvas updates

Let me click on the console input area and start exploring the API:
[step 4] Action: left_click (680, 619)
[step 4] Reasoning: I can see the console is ready. I notice the canvas now shows different icons (list icons instead of gear icons) in the preview - this seems to be a visual animation in the demo. Let me first explore what's available in the global scope to understand the graph editor API:
[step 5] Action: left_click (640, 619)
[step 5] Reasoning: I need to click directly on the console input area (the `>` prompt area). Let me try clicking on it more precisely:
[step 6] Action: key: Escape
[step 6] Reasoning: I can see the console area. Let me try pressing Escape first to close any tooltip, then click on the console input area:
[step 7] Action: left_click (680, 619)
[step 7] Reasoning: Good, I can see the Console tab is now visible at the bottom. Let me click on the console input (the `>` area at the bottom of the console):
[step 8] Action: left_click (105, 619)
[step 8] Reasoning: I need to click right after the `>` prompt to type in the console. Let me try clicking on the console input area more precisely - I'll click after the `>` cursor at the bottom:
[step 9] Action: left_click (200, 619)
[step 9] Reasoning: I can see the `>` prompt in the console. The DevTools console seems to be open. I notice the console input area is at the bottom after the `>`. The DevTools panel seems small. Let me try to undock the DevTools to make it bigger, or I'll use the keyboard shortcut to open the console in the main view. Let me try pressing Ctrl+` or using the keyboard to access the console prompt:

Let me try clicking directly on the console input row at the bottom. The `>` icon is at approximately (97, 619). I need to click to the right of it to activate the input field:
[step 10] Action: scroll down (640, 580) scroll_amount 3
[step 10] Reasoning: I see the console area but the input seems to be at the very bottom (after the `>` cursor at row 619). Let me scroll down in the console area to see if there's a cursor/input below, or let me try to expand the DevTools panel. Let me try to drag the DevTools panel up to make it bigger:

Let me first try undocking DevTools by pressing the three-dot menu in DevTools, or let me try a different approach - I'll use the keyboard shortcut to open the drawer console. Let me try pressing the `>` input by clicking more carefully:
[step 11] Action: left_click_drag (640, 350)
[step 11] Reasoning: I can see the console input area with `>` cursor at line 619. The DevTools is quite narrow. Let me try to expand the DevTools panel by dragging the top edge upward. First, let me try dragging the DevTools panel top edge:
[step 12] Action: left_click (107, 620)
[step 12] Reasoning: The DevTools didn't resize. Let me try a different approach. I'll try to use the DevTools console by clicking right on the `>` prompt area and typing. The console input appears to be at row 619-620. Let me click right after the `>`:
[step 13] Action: type: document.title
[step 13] Reasoning: The console area is very small. The `>` cursor at line 619-620 is the console input. Let me try typing a simple command to see if the console is accepting input. Let me try typing a test command:
[step 14] Action: left_click (680, 640)
[step 14] Reasoning: I can see the console is working. It shows:
- `> document.title`
- `< 'Graph Editor'`

The console is accepting input. Now I need to explore the graph editor API to understand how to:
1. Add a new component to the component library
2. Place that component on the canvas
3. Call `registerComponent` to update it
4. Observe if the canvas updates

Let me first explore the available global variables to find the graph editor instance. I'll look for `noflo`, `TheGraph`, or similar globals:
[step 15] Action: left_click (680, 640)
[step 15] Reasoning: I see the console already ran `document.title` and returned `'Graph Editor'`. The console is working. Now I need to explore the graph editor's global API. Let me look for the graph editor component. I need to expand the console panel - let me try to undock DevTools from the bottom or use a different layout. 

First, let me try to find the graph editor's JavaScript variables. I'll look at the source code:
[step 16] Action: left_click (640, 640)
[step 16] Reasoning: I notice the console input area at bottom (after `>`) is ready for me to type. The console is working since we can see the previous command result. Let me now type a new command to explore the graph editor's global variables. I'll click on the last input area first:

The console is showing `> document.title` and `< 'Graph Editor'`. The console input is active. Let me type a new command to explore the graph object. I'll look for the `TheGraph` or `noflo` or any global variable related to the graph editor:
[step 17] Action: left_click (1232, 499)
[step 17] Reasoning: Good, the console is active. Now I can see the console output at bottom. I need to interact with the DevTools console - the console is small but working. Let me try typing in the console now. I'll look for the `TheGraph` object and the `noflo` library:

Let me first try to enlarge the DevTools panel by undocking it. I'll click on the three-dot menu in DevTools:
[step 18] Action: key: Escape
[step 18] Reasoning: I see the DevTools settings page opened. Let me close this and find the "Undock" button to undock DevTools. Let me close settings first:
[step 19] Action: left_click (1251, 499)
[step 19] Reasoning: Good, settings is closed. I can see the three-dot menu at `(1251, 499)`. Let me click on it to open the menu with "Undock into separate window" option:
[step 20] Action: left_click (1261, 494)
[step 20] Reasoning: I can see the menu has appeared. I can see "Dock side" options. I see four dock options at the top. Let me click on "Undock into separate window" (the last icon in the dock side options):
[step 21] Action: left_click (1090, 654)
[step 21] Reasoning: The DevTools panel has moved to the right side (docked to right). Now I can see:
- The graph editor canvas on the left with all the component nodes
- The DevTools console on the right showing the console output including `document.title` and `'Graph Editor'`

I can see the console is active at the bottom. Now I need to:
1. First, look at the current state of the demo to identify component names
2. Then add a new component node to the canvas
3. Then use `registerComponent` to update it
4. Observe if the canvas updates

The canvas shows many nodes already. I need to see how the graph editor API works. Let me type some commands in the console to explore the available APIs. Let me click on the console area at the bottom right:
[step 22] Action: scroll down (1090, 400) scroll_amount 5
[step 22] Reasoning: I see the console is showing output. I need to click in the console input area. Let me scroll down in the console to see if there's an input prompt:
[step 23] Action: left_click (951, 654)
[step 23] Reasoning: I can see the console output but I need to see a console input area. The console is now docked on the right side. I see the console is showing at the bottom with "Console", "AI Assistance", and "Issues" tabs. It seems the console area just shows the output but I need to find the input field. 

Let me click on the "Console" tab at the bottom to ensure it's active:
[step 24] Action: left_click_drag (1090, 400)
[step 24] Reasoning: I see the console output on the right. The console shows the error and the `document.title` output. I need to find the console input area. Looking at the layout, the console output area shows in the right pane with the console items, and the input area might be hidden or below the visible area. Let me try to resize the console drawer at the bottom. I notice that the bottom has "Console", "AI assistance", "Issues" tabs - this appears to be the drawer console. Let me click on it to expand it:
[step 25] Action: left_click (1024, 131)
[step 25] Reasoning: The layout didn't change. I need to find the console input area. The console in the right pane is showing the console output but there seems to be a split between the Console panel (top right) and the drawer (bottom). I notice the Console tab is shown in the top toolbar of DevTools. Let me click directly on the Console tab in the DevTools toolbar to navigate to the Console view:

The console content is already showing in the right panel. Looking at the screenshot, I can see:
- Right pane shows Console output (errors and `document.title` output)
- Bottom of the page has Console/AI assistance/Issues tabs which is the drawer

Let me click on the Console tab in the DevTools toolbar area (top right):
[step 26] Action: left_click (1251, 131)
[step 26] Reasoning: I see the console still shows on the right without a visible input area. The DevTools console appears to be "docked to the right" and I see the main console output but not the input prompt. The console input area (the `>` prompt with editable input) should be below the output, but it's cut off. 

Let me try to undock DevTools into its own window so I have better access. Let me click the three-dot menu button in DevTools and choose "Undock into separate window":
[step 27] Action: left_click (1256, 153)
[step 27] Reasoning: I can see the dropdown menu. I can see "Dock side" at the top with icons. I can see the last icon (undock) in the dock side options. Let me click on the "Undock into separate window" option (the last dock icon):
[step 28] Action: left_click (1090, 360)
[step 28] Reasoning: I see the DevTools is still docked to the right but the menu closed. The icons in the node views keep changing (I can see the node icons keep animating). The DevTools panel is still docked to the right. I notice the console input area is not visible.

Let me try a different approach - I need to see if there's a console input area. Looking at the console pane on the right, it shows the output but the input (`>` cursor) should be at the bottom of the console pane. Let me scroll down in the console pane to find the input area. Looking at the right pane, I can see the output from console. The `document.title` was evaluated and shows `'Graph Editor'`. 

The problem is that the console might only show the panel without the drawer. Let me try to click on the console panel in the right side and look for the input area below the output:

The console panel is showing content in the right pane. I can see the console output but the input cursor is typically at the bottom. The right panel seems to show content from approximately y=160 to y=360. Let me scroll to the very bottom of the right panel:

Let me try pressing Escape key and then try to find the console input. Actually, let me try clicking on the console tab in the main DevTools toolbar to navigate the right panel to the console view (since it's currently showing Elements or something):

Looking at the top of the DevTools pane, I can see: `Elements | Console | Sources | Network | >>`. The Console tab is already selected (highlighted). The right pane shows console output. The bottom has the drawer tabs (Console, AI Assistance, Issues).

The issue is that the console view shows the output but I need to scroll down to find the input `>` prompt. Let me try clicking at the very bottom of the right pane to activate the console input:
[step 29] Action: scroll down (1090, 300) scroll_amount 3
[step 29] Reasoning: I notice that the console panel is showing output but the input area seems to be cut off. The DevTools is docked to the right and the console output area only spans from around y=160 to y=360 in the right pane. The input `>` prompt should be just below the last output (below `'Graph Editor'`), but it seems the content area is full.

Let me try scrolling in the console area to see if there's an input prompt at the bottom:
[step 30] Action: key: F12
[step 30] Reasoning: I can see the console output, and below `document.title` and `'Graph Editor'`. The console input area must be hidden below. 

Let me take a different approach - I'll try to close the current DevTools and reopen them, but this time let me use keyboard shortcut to open the console input. Let me close DevTools:
[step 31] Action: key: F12
[step 31] Reasoning: Excellent! Now I can see the full graph editor canvas! The DevTools is closed and I can see the full graph with many component nodes:
- `startButton` - Chrome icon
- `videoEl` - Muted icon  
- `prevButton` - Yelp icon
- `nextButton` - Eye icon
- `canvasEl` - > icon
- `clickStart` - Settings icon
- `clickPrev` - Resize icon
- `clickNext` - Chat icon
- `core/Split` - ¥ icon
- `seriously/Ascii` - Person icon
- `seriously/TVGlitch` - Lightning bolt icon
- `seriously/Hex` - Person with X icon
- `seriously/Edge` - Scales icon
- And more at the bottom row...

Now I can clearly see the graph editor. I need to:
1. Add a new component to the canvas
2. Use `registerComponent` to update it via DevTools Console
3. Observe if the canvas updates

Let me open the DevTools console in a different way that shows the input - let me try using the keyboard shortcut `Cmd+Option+J` to open the console:
[step 32] Action: left_click (1010, 336)
[step 32] Reasoning: Now DevTools is back, and I can see the console output without the previous `document.title` command. There's a `>` prompt at the bottom of the console output (at line 336 approximately). 

Looking at the console:
- Shows error: "Uncaught Error: the-graph-thumb: Invalid space spanned"  
- Shows warnings about slow network detected
- Shows `>` at line 336 area

Let me click on the `>` at the bottom of the console output area (approximately line 336):
[step 33] Action: left_click (1100, 350)
[step 33] Reasoning: I see the `>` at the bottom of the console pane (at approximately y=336 in the right pane area). This appears to be a collapsible expand arrow for the previous error, not the console input. 

The console input area is likely at the very bottom of the right panel but it's cut off. The right panel shows the console output and the input should be at the bottom. Let me try to click somewhere below the `>` arrow and try typing:

Looking at the DevTools panel, I can see:
- The console output is in the right pane (area from ~y=160 to ~y=336)  
- At y=336 there's a `>` which expands the previous error
- The actual console input (`>` cursor with blinking cursor for typing) should be below y=336

The console input is at the very bottom of the right pane. Since the pane is fixed height, let me try clicking right below the `>` at around y=350 to y=370:
[step 34] Action: left_click (1090, 300)
[step 34] Reasoning: The console pane in the right shows output but the input area is still not visible. The console panel seems to only show the output area without a visible input. 

Looking at the layout more carefully, it seems like the console panel is split between:
1. The main console panel (top right area, from y=130 to y=380 approximately) - showing console output
2. The bottom drawer (from y=640 onwards) - "Console", "AI assistance", "Issues" tabs

The input field `>` should be at the bottom of the console panel in the right pane. But it seems the panel is not tall enough to show both the output and the input.

Let me try a completely different approach - use the keyboard shortcut to focus on the console input:
[step 35] Action: left_click (951, 654)
[step 35] Reasoning: I see the console pane but no input area visible. The DevTools panel is structured with the console output in the right pane. I notice the bottom part says "Console", "AI assistance", "Issues" - this is the drawer at the bottom of the entire page, not the DevTools. The DevTools is docked to the right side.

Looking at the situation, the DevTools is docked to the right with the Console tab showing. The issue is the console input is not visible. Let me try to scroll to the bottom of the right panel's console area:

Actually, I realize that the problem is that the DevTools is in a state where there's a drawer that shows at the bottom. Let me check if there's a console input in the drawer at the bottom. The drawer has the "Console" tab at the bottom. Let me click on the "Console" tab in the bottom drawer:
[step 36] Action: left_click (1090, 250)
[step 36] Reasoning: The layout appears the same. The console output is still showing in the right pane. The drawer at the bottom shows "Console", "AI assistance", "Issues" tabs.

Let me try a completely different approach. I'll try to use the keyboard shortcut to open the console in a separate window or toggle the drawer. Let me try pressing `Esc` key to toggle the DevTools drawer:
[step 37] Action: key: Escape
[step 37] Reasoning: I can see that I clicked in the console area and the focus moved to the console pane. The right pane is showing the console output. Now let me press Escape key while the DevTools is focused to see if the console drawer at the bottom expands:
[step 38] Action: left_click (1090, 380)
[step 38] Reasoning: I can see that the bottom drawer has collapsed (no more Console/AI assistance/Issues tabs visible at the very bottom). The right pane still shows the console output. The console input might be in a different location.

Let me try a completely different approach. I'll close the DevTools, then open a new browser tab and navigate to a page where I can test JavaScript in the console. But first, let me try the simplest approach - just click directly on the console output area in the right pane and start typing. In Chrome DevTools, clicking anywhere in the console panel focuses the input:

Let me try clicking at the very bottom of the console right panel (below the last message, which is around y=340):
[step 39] Action: left_click (1251, 131)
[step 39] Reasoning: I see the DevTools is docked to the right side. The console panel shows the output in the right pane. The console input (the `>` prompt where you type) seems to be hidden or not visible in the current layout.

Let me try to undock the DevTools by using the keyboard shortcut. Let me try clicking on the "Undock into separate window" button in the DevTools toolbar. I can see some icons at the top of the DevTools panel. The three-dot menu should be at the far right of the DevTools toolbar:
[step 40] Action: left_click (1197, 153)
[step 40] Reasoning: Excellent! Now I can see the DevTools three-dot menu is open! I can see:
- "Dock side" with 4 icons (the first icon appears to be "undock" which shows a separate window, the other three are different dock positions)
- "Show console drawer" with shortcut Esc
- "Search" with shortcut ⌘⌥F  
- "Run command" with shortcut ⌘⇧P
- etc.

I can see the "Dock side" icons. The first icon (leftmost) looks like "Undock into separate window". Let me click on it:
[step 41] Action: left_click (280, 311)
[step 41] Reasoning: Excellent! Now DevTools is undocked into a separate window! I can see:
- The DevTools window is showing on the left side with:
  - Console tab selected
  - Console output showing the errors and warnings
  - The `>` prompt at line 311 (approximately)
- The graph editor preview is on the right side showing the canvas with nodes

Now I can see the console input at the bottom (the `>` prompt at approximately y=311). Let me click on that `>` prompt to activate the console input:
[step 42] Action: left_click (163, 311)
[step 42] Reasoning: I can see the DevTools undocked window and there's a `>` prompt at the bottom of the console (around line 311). I clicked on it but nothing happened. The console area shows the output messages and the `>` prompt at the bottom left of the output area. The `>` is at approximately (163, 311) based on the output.

Let me try clicking directly on the `>` prompt in the console input area:
[step 43] Action: left_click (300, 311)
[step 43] Reasoning: I can see the console output and the `>` prompt at (163, 311). Let me try to type something and see if the console is active. Looking at the console panel, the `>` at (163, 311) is the console input prompt area. Let me try clicking on it and then type:
[step 44] Action: left_click (165, 312)
[step 44] Reasoning: I can see the console with the `>` prompt at (163, 311). The issue is that I'm clicking in the right pane (the graph editor preview) instead of the DevTools console. The DevTools is shown in the separate window on the LEFT side (from about x=0 to x=490). The graph editor is shown on the right (from x=490 to x=820 approximately).

The DevTools undocked window's console is at x=0 to x=490. The `>` prompt should be in the left DevTools window. Looking at the screenshot, the console output is in the left DevTools area. The `>` at y=311 in the DevTools area should be at around x=163-480.

Let me try to make the DevTools window the focused window by clicking on it, and then type in the console. I need to click directly on the `>` prompt in the DevTools window. The `>` is at the bottom of the console output in the left DevTools area:
[step 45] Action: left_click (250, 311)
[step 45] Reasoning: I see the console shows a `>` at (163, 311) but I'm not able to activate the input. The `>` at line 311 in the DevTools is the console input prompt. Let me try clicking on it and then try to type something to test if it's active. Maybe the DevTools is not focused. Let me try clicking on the DevTools title bar first to focus the DevTools window, then click on the `>` prompt:

Looking at this setup - the browser window title shows "Graph Editor" and the DevTools window shows "DevTools - localhost:3000/demo-full.html". Both seem to be in the same Chrome window. The DevTools is undocked but visible as an overlay/panel on the left.

Let me try a completely different approach. Let me look at the source code of demo-full.html to understand the API, then try the approach from the main browser window. 

Actually, the issue might be simpler - maybe I need to just try clicking right next to the `>` (to the right of it) and then try typing:
[step 46] Action: type: 1+1
[step 46] Reasoning: I see the DevTools still shows the console with the `>` at line 311. The console input doesn't seem to be responding to clicks. 

Looking at the layout more carefully, I think I understand what's happening. The DevTools "undocked" window is actually displaying inside the same screen with the browser window. The `>` at line 311 is the console input, but it's inside the DevTools panel. When I click on coordinates (250, 311), I'm clicking in the DevTools panel area (x=0 to ~490) - that's the console input row.

The console input should be showing a blinking cursor. Let me try typing right now to see if it's active:
[step 47] Action: left_click (250, 325)
[step 47] Reasoning: The console is working! I can see:
- `> 1+1` at line 311
- `< 2` at line 322

The console is now accepting input and evaluating JavaScript! I can see that after clicking on the `>` prompt area, the console became active, and typing `1+1` evaluated to `2`.

Now I need to:
1. First, explore the graph editor's API to find how to place a component node
2. Add a component node to the canvas using the available UI (right-click on canvas or use the component library)
3. Then use `registerComponent` to update the component
4. Observe if the canvas updates

Let me first explore the available global API. Let me type a command to find the graph editor instance:
[step 48] Action: left_click (250, 335)
[step 48] Reasoning: I can see the console output with `> 1+1` and `< 2`. The console is working. Now I need to explore the graph editor API. Let me type a command to look for the TheGraph object and its API.

Looking at the console area, the `>` prompt should be at the bottom (below `< 2`). Let me click below the `< 2` line to position my cursor at the new input area:
[step 49] Action: left_click (250, 340)
[step 49] Reasoning: The console still shows the `> 1+1` and `< 2` output. I need to click on the new `>` prompt below the `2`. Looking at the console, the new `>` prompt should be at approximately line 336 (after the `2` on line 322). Let me try clicking there and typing:
[step 50] Action: type: Object.keys(windo...
[step 50] Reasoning: I can see the console shows the previous command and result. The `>` prompt should now be below the `< 2` output. The console is working fine. Let me now type a command to explore the global variables available in the graph editor. I'll type a command to look for TheGraph or noflo:
[step 51] Action: key: Return
[step 51] Reasoning: I can see the command is typed in the console. I can see at the bottom of the console the command:
`> 1+1Object.keys(window).filter(k => k.includes('graph') || k.includes('Graph') || k.includes('noflo') || k.includes('NoFlo'))`

Wait, that looks wrong - it seems like the console was already showing `1+1` and I typed the new command after it. The console seems to have kept the cursor in the previous line. But looking more carefully, I can see the console shows `1+1Object.keys(...)` in the input line.

Let me press Enter to execute this command:
[step 52] Action: left_click (300, 347)
[step 52] Reasoning: There's an error: "Uncaught SyntaxError: Invalid or unexpected token" at VM42:1. This is because when I first typed `1+1`, I didn't press Enter to execute it - the console had the full text `1+1Object.keys(window).filter(...)` as the input, which caused a syntax error.

The counter now shows "2" errors in the errors section. Let me click on the `>` prompt area and type a fresh command:
[step 53] Action: left_click (165, 347)
[step 53] Reasoning: Now I can see the `>` prompt at the very bottom of the console output (at line 347). The previous command had a syntax error. Let me now type a fresh command to explore the available global variables. I need to click right after the `>` prompt and type:
[step 54] Action: type: typeof TheGraph
[step 54] Reasoning: Good, I can see the `>` prompt at the bottom. The console is active. Now let me type a command to explore the global variables. I'll use a simpler filter approach. Let me type:
[step 55] Action: key: Return
[step 55] Reasoning: I can see `typeof TheGraph` is typed in the console. The `>` prompt at the bottom now shows the command. Let me press Enter to execute:
[step 56] Action: scroll down (280, 320) scroll_amount 3
[step 56] Reasoning: I notice the console didn't show the result of `typeof TheGraph`. The `>` is still at the bottom (line 347). It seems the command was submitted but no new result appeared below the previous error. The console may have truncated the output. Let me scroll up slightly in the console to see if there's a new result, or let me check the console more carefully. The console area still shows `> 1+1Object.keys(...)` at line 308 and `Uncaught SyntaxError` at line 331.

Wait - it seems the command was not registered. The console might not have received the new `typeof TheGraph` command because the previous command already used up the input. Let me try clicking on the `>` prompt at line 347 and type a fresh command:

Actually, looking at the screenshot more carefully, I notice the `>` prompt at the bottom of the console (at y~347). It seems the console is working but the output from `typeof TheGraph` is not visible - it might be scrolled off. Let me scroll down in the console to see the output:
[step 57] Action: left_click (200, 347)
[step 57] Reasoning: I can see the console still shows the same output - the `> 1+1Object.keys(...)` command and `Uncaught SyntaxError`. The `typeof TheGraph` command didn't register. The console shows:
- `> 1+1Object.keys(window).filter(k => k.includes('graph') || k.includes('Graph') || k.includes('noflo') || k.includes('NoFlo'))` - the syntax error command 
- `Uncaught SyntaxError: Invalid or unexpected token` - the error
- `> ` - new empty prompt

Wait, I see! The `typeof TheGraph` command I typed was processed BUT the result is not visible. Looking at the console output, below the SyntaxError at line 331, there should be new lines showing the `typeof TheGraph` command and its result. But the console output seems to stop at line 347 with just the `>` prompt.

Let me try to type a new command in the console and press Enter. I'll click on the `>` prompt and type:
[step 58] Action: left_click (475, 100)
[step 58] Reasoning: Good, I can see the `>` prompt at line 347. The console is active. I notice that the `typeof TheGraph` command I typed earlier didn't show in the console (it might have been typed but not submitted). The console shows the same output as before.

Let me think about this differently. Looking at the console:
1. Line 308: `> 1+1Object.keys(...)` - the syntax error command
2. Line 331: `Uncaught SyntaxError...` - the error
3. Line 347: `> ` - the new prompt

The console is now at a new empty prompt. Previous `typeof TheGraph` I typed was NOT shown in the console - it means it wasn't registered as console input. The issue was that when I clicked at (200, 347), the console input wasn't focused, and when I typed, the characters went somewhere else.

The key challenge is that the console panel's `>` prompt is at y=347, but the input area might only be active when I click specifically on it. Let me try a different approach - I'll close the DevTools notification bar first (the "DevTools is now available in Chinese" banner) which might be interfering, and then try again:
[step 59] Action: left_click (300, 303)
[step 59] Reasoning: Excellent! Now the DevTools is showing better! I can see:
1. The Chinese language notification has been dismissed
2. The console now shows more content including the error messages and the console prompt at the bottom (`>` at line 303)
3. I can see a tooltip "Customize and control DevTools" which appeared when I clicked
4. I can clearly see the `>` prompt at line 303

Now I can see the full console output and the input prompt. Let me click directly on the `>` prompt to start typing:
[step 60] Action: left_click (200, 400)
[step 60] Reasoning: I can see the console is showing the `>` prompt at the bottom (line 303). I clicked on the console area. The console shows:
- `> 1+1Object.keys(window)...` - the previous command with syntax error
- `Uncaught SyntaxError` error
- `> ` - the new prompt

The console input area seems to be at the `>` prompt at line 303. The console area ends at approximately line 400+ (the DevTools panel goes to around y=490). Let me now try to type directly in the console. The console `>` prompt is at line 303, which corresponds to approximately y=303 in the screen coordinates. I need to click on it and type.

Let me try clicking at the very bottom of the console pane (below the `>` prompt) and see if that activates the input:
[step 61] Action: left_click (481, 97)
[step 61] Reasoning: I can see the console input `>` is at line 303. The area below the `>` at y=303 is just blank space in the console pane (from y=303 to y=490 is the empty area of the console pane). 

Looking at this situation, the console input prompt is at the `>` at y=303. The issue is that I keep clicking in the blank area below the `>` prompt but the input is not being focused properly.

Let me try a completely different approach. Instead of using the DevTools docked on the right, let me try to undock DevTools to a separate window. I'll try clicking on the "three dot" menu in DevTools and choose "Undock into separate window". I can see the `⋮` menu at (481, 97):
[step 62] Action: left_click (413, 119)
[step 62] Reasoning: I can see the dropdown menu with the "Dock side" options! I can see 4 icons in the "Dock side" section:
1. First icon (appears to be separate/undocked window)
2. Second icon (dock to right)  
3. Third icon (dock to bottom - currently might be selected)
4. Fourth icon (dock to left)

Let me click on the first icon (undock into separate window):
[step 63] Action: left_click (481, 97)
[step 63] Reasoning: I see a tooltip appeared "Log levels are controlled by the console sidebar." but the DevTools is still docked. The dock side didn't change. The menu closed after I clicked. It seems I clicked on something in the console toolbar rather than the dock icons. Let me try again - click on the `⋮` menu button at (481, 97) and then select the correct dock icon:
[step 64] Action: left_click (413, 120)
[step 64] Reasoning: I can see the dropdown menu again with the "Dock side" section. I need to identify the undock icon. Looking at the 4 icons in the "Dock side" row:
1. First icon (square with smaller square in corner) - undock into separate window
2. Second icon (rectangle on right) - dock to right
3. Third icon (rectangle at bottom) - dock to bottom  
4. Fourth icon (rectangle on left) - dock to left

The first icon should be the "undock" option. Let me click on the first icon in the "Dock side" row. Looking at the positions, the dock side icons are at approximately y=119. The first icon should be at approximately x=413:
[step 65] Action: left_click (300, 303)
[step 65] Reasoning: It seems the DevTools is still docked to the right. The dock side change didn't work as expected. I clicked on the first icon but maybe I was on the wrong icon.

Let me try a completely different approach. I'll try to focus on the console input directly using a keyboard shortcut. Looking at the DevTools console, the `>` prompt is visible at the bottom (line 303). Let me try pressing `Ctrl+L` to focus the console input (this is a known shortcut to focus the console in DevTools):
[step 66] Action: left_click (175, 303)
[step 66] Reasoning: I can see the console with the `>` prompt at the bottom. The graph editor shows icons that are still animating (the nodes keep changing icons). I notice the node icons have cycled again.

Looking at the console area again - I can see the console output showing the error messages and the `>` at line 303. The console input prompt seems to be at the `>` at line 303 in the DevTools panel.

Let me look at this problem differently. The console IS working - I was able to evaluate `1+1` earlier and got `2`. The problem is that after the syntax error, the console input didn't register my next command properly.

Let me try to ensure the DevTools console is focused by:
1. Clicking on the console area to ensure it has focus
2. Then typing the command

Looking at the DevTools panel on the left (from x=0 to x=490), the console `>` prompt at line 303 is the input area. The `>` appears to be at approximately (163, 303). Let me click right after the `>` at around (175, 303):
[step 67] Action: type: typeof TheGraph
[step 67] Reasoning: Excellent! Now I can see the console input is ACTIVE! I can see:
- The `>|` cursor blinking at line 303 (showing the input cursor)
- A blue `A` autocomplete suggestion appeared below the cursor

The console input is now focused and active! I can see the cursor blinking in the console input. Now let me type a command to explore the graph editor API:
[step 68] Action: left_click (175, 325)
[step 68] Reasoning: I can see the console command executed:
- `> typeof TheGraph`
- `< 'undefined'`

`TheGraph` is `undefined` in the global scope. Now let me try to find the graph editor's API. Let me look for other global variables:
[step 69] Action: type: Object.keys(windo...
[step 69] Reasoning: Good, the console shows:
- `> typeof TheGraph`
- `< 'undefined'`

And the cursor is ready for the next command. Now let me look for the graph editor component in the global scope. I'll check for React components, `noflo`, or any graph-related objects. Let me type a command to look for the graph editor's root component or global state:
[step 70] Action: key: Return
[step 70] Reasoning: I see a problem - the command was concatenated with the previous text. I can see in the console:
- `> typeof TheGraphObject.keys(window).filter(k => !['chrome','google','performance'].includes(k)).slice(0,20)`

This means the input field didn't get cleared after the previous command was executed. The cursor was positioned after the `> typeof TheGraph` command, and the new text was added after it. This is a persistent issue where typing gets appended to previous console input.

Let me press Enter to see what happens:
[step 71] Action: left_click (175, 345)
[step 71] Reasoning: Good - now I can see the console shows:
- `> typeof TheGraphObject.keys(window).filter(k => !['chrome','google','performance'].includes(k)).slice(0,20)` - the concatenated command
- `Uncaught ReferenceError: TheGraphObject is not defined`
- `> ` - the new prompt with cursor at (163, 345)!

And I can see the `>|` cursor is now at line 345. The error counter now shows "3" errors. The console is now ready for a new command. The cursor appears at `> |` at line 345.

Now I understand the issue - the console input area is at the `>` at the last line. I need to click on the area RIGHT NEXT to the `>` icon to position the cursor there. The `>` at line 345 is at approximately (163, 345). Let me click there:
[step 72] Action: key: ctrl+a
[step 72] Reasoning: I can see the console showing the errors and the `>` at line 345 at the bottom. The console shows:
- `Uncaught ReferenceError: TheGraphObject is not defined at <anonymous>:1:1`
- `> ` at line 345 (the new prompt)

The `>` at (163, 345) is the console input. The cursor appears to be there. Now I need to ensure the input is activated and type a clean command. Let me try clicking directly right after the `>` and type:

I notice a key issue: When I click in the console area and try to type, the previous text from the `typeof TheGraph` command is still in the input buffer. The console input is NOT clearing the previous content when I click on it. This suggests there's an issue with how I'm clicking on the console - I might be clicking on the PREVIOUS command text area, which is read-only.

The console input area (the `>` at line 345) is the one where I can type. Let me try pressing `Ctrl+A` to select all text in the input and then type the new command:
[step 73] Action: left_click (200, 345)
[step 73] Reasoning: The console still shows the same content and the `>` at the bottom (line 345). It seems `Ctrl+A` didn't select any text in the console. The console input is empty (the `>` is just the prompt with no text after it). 

I think the issue was that when I was previously clicking on the `>` at (175, 303) which was the prompt area, I was actually clicking INSIDE the read-only console output text area (the `typeof TheGraph` command is shown read-only). The actual console input area was BELOW that at line 325 or 345.

Looking at the current state:
- Line 303: `> typeof TheGraph` (read-only history of previous command)
- Line 315: `'undefined'` (result of that command)
- Line 325: `> typeof TheGraphObject.keys(...)` (read-only history)
- Line 335: `Uncaught ReferenceError:...` (error)
- Line 345: `> ` - THE ACTUAL CONSOLE INPUT (empty, ready for typing)

So the console input is at `>` at line 345. I need to click right at (175, 345) to focus the input. Let me try again:
[step 74] Action: left_click (250, 345)
[step 74] Reasoning: I can see the console with the `>` at line 345. The `>` is an empty prompt now. The console shows the errors and the empty `>` prompt at the bottom. The icons in the canvas are still animating (different random icons every screenshot).

I see the issue now - when I click on (200, 345), I might be clicking on the `>` which is inside the console's read-only area rather than on the console input text area. 

Let me try a completely different approach. I'll close the current DevTools (press F12) and reopen the console from scratch. Then I'll use the console properly to type commands:

Actually, looking at the issue pattern, the problem is clear:
1. I type `typeof TheGraph` in the console → gets executed correctly
2. I click on the console output (which is a read-only text area) → the click might be registering in a read-only area
3. When I type the next command, it appends to the previous command text in the read-only area (which then gets submitted as a single concatenated command)

The REAL issue is that I need to click on the console INPUT area (the empty area BELOW the `>` at line 345), not on any previously executed command text. The console input field is at line 345.

Let me try to look for the console input area more precisely. Looking at the current state:
- Line 345 shows `>` (the console input prompt)
- I need to click to the RIGHT of the `>` icon to position my cursor in the input field

The `>` icon at line 345 is at approximately (163, 345). The text input area is to the right of this icon. Let me click at (250, 345) which should be to the right of the `>` icon:
[step 75] Action: type: 2+2
[step 75] Reasoning: I can see the console with the `>` at line 345. Now let me try typing a command directly to test if the console is focused:
[step 76] Action: left_click (250, 370)
[step 76] Reasoning: Excellent! The console is working! I can see:
- `> 2+2` at line 345
- `< 4` at line 357

The console IS working correctly. The `2+2` command was evaluated and returned `4`. 

Now I understand the issue was that when I previously clicked and typed `typeof TheGraph` and then clicked again to type the next command, the click was landing on the PREVIOUS command text area (which is read-only), not on the new prompt. 

The key insight is: After a command is executed, the console shows the command, the result, and then a new `>` prompt. I need to click on that NEW prompt line. The line numbers keep changing as more commands are executed.

Now let me explore the graph editor API to find the `registerComponent` function. First, let me look at what's available in the global scope. Let me click on the new `>` at the bottom:
[step 77] Action: scroll down (250, 350) scroll_amount 3
[step 77] Reasoning: I see the console output showing:
- `> 2+2`
- `< 4`
- Then the console goes back to showing the error list at the top

Wait, looking at the console output, I can see that below the `< 4` there's no visible new `>` prompt in the screenshot. The console shows error messages at the top and the `2+2 → 4` at lines 345-357. But the new `>` prompt should be below line 357, which might be outside the visible area of the console pane.

Looking at the console layout:
- The console panel height goes from approximately y=110 to y=490 (the DevTools pane end)
- The console output is showing until line 357 (y=357)
- There should be a new `>` prompt below y=357

Let me scroll DOWN in the console pane to see the new `>` prompt:
[step 78] Action: left_click (250, 360)
[step 78] Reasoning: The console still shows the same output (the scroll didn't change anything). The console shows the `> 2+2` and `< 4` at the bottom. The new `>` prompt should be below line 357. Looking at the console pane, the visible area ends at approximately y=490 (where the bottom of the DevTools pane is). But after line 357 (`< 4`), there should be a new `>` prompt, which would be at approximately y=370.

Looking at the screenshot again, I notice the console output ends at:
- Line 345: `> 2+2`
- Line 357: `< 4`
- Then nothing visible below

But the area between y=357 and y=490 in the DevTools panel should contain the new `>` prompt AND empty space. The `>` prompt is at y=370 approximately.

The issue is that the console's scrollable area shows the output but the `>` prompt is at the VERY BOTTOM of the scrollable content, and since the panel is small, it might be just outside the visible area OR the `>` prompt is hidden.

Looking more carefully at the screenshot, I can see that the console area goes from y=114 to approximately y=490 (the bottom of the DevTools panel). The last visible content is at y=357 (`< 4`). Below y=357 is empty space with potentially the `>` cursor hidden (since the console scrolls to show the most recent content, the `>` might be below the visible viewport).

The key problem is that the DevTools console is too small to show both the error messages AND the console input prompt at the same time. The console content overflows the visible area.

Let me try a completely different approach. I'll look for the source code of the demo page to understand the API structure, then try to use the console to call `registerComponent`. 

Let me look at the page source by navigating to `view-source:localhost:3000/demo-full.html`:

Actually, I cannot use the terminal. Let me try the Sources tab instead. But first, let me look at the console to understand the structure. 

Let me try to use keyboard shortcut to navigate the console. I'll press `Ctrl+L` to clear the console (which also focuses the input):
[step 79] Action: left_click (225, 96)
[step 79] Reasoning: The console still shows the same output with `> 2+2` and `< 4`. The graph editor preview shows the canvas with animated icons (they change every few seconds). 

Now I need to explore the graph editor's source code to understand its API structure. Let me look at the source page. Let me navigate to the source directly in the browser. First let me look at the current page's source to understand the structure:

Let me try the Sources tab in DevTools to look at the JavaScript files:

==================================================
Task: 当前Chrome浏览器已打开the-graph编辑器，地址是http://localhost:3000/。在图编辑器中放置一个组件节点后，通过 registerComponent 更新该组件的定义（例如修改其端口数量或属性），观察画布上已有的该组件实例节点是否同步更新显示。可以使用浏览器DevTools Console执行JavaScript来调用registerComponent API。 请始终在浏览器内操作，禁止打开 Terminal、Finder 或其他应用程序。如果在浏览器中找不到目标功能，直接标记 result 为 unclear，result_summary 写明未在页面中找到目标功能入口。
Status: STOPPED_BY_USER
Total steps: 79
Last action: left_click (225, 96)
Last reasoning: The console still shows the same output with `> 2+2` and `< 4`. The graph editor preview shows the canvas with animated icons (they change every few seconds). 

Now I need to explore the graph editor's source code to understand its API structure. Let me look at the source page. Let me navigate to the source directly in the browser. First let me look at the current page's source to understand the structure:

Let me try the Sources tab in DevTools to look at the JavaScript files:

==================================================

UI window closed
