Session created: sess-20260427224755-7c445e9b0e9d47e59f5f701bb5d8d182
UI panel initialized successfully
UI window displayed
Expected result: 节点缺少组件信息时，编辑器应正常渲染不崩溃，节点以优雅降级方式显示。
[step 0] Action: Initializing
[step 0] Reasoning: Initializing session connection
[step 0] Action: screenshot
[step 1] Action: left_click (905, 33)
[step 1] Reasoning: I can see multiple tabs open. Let me click on one of the localhost:3000 tabs to navigate to The Graph editor.
[step 2] Action: screenshot
[step 2] Reasoning: The page appears to be blank/loading. Let me wait a moment and then take another screenshot. Also, I see another localhost:3000 tab on the right side. Let me check if the page loads.
[step 3] Action: left_click (1192, 33)
[step 3] Reasoning: The page is blank. Let me try the other localhost:3000 tab on the far right, and also try the first localhost:3000 tab.
[step 4] Action: left_click (447, 33)
[step 4] Reasoning: This tab is also blank. Let me try the first localhost:3000 tab and also navigate directly to the URL.
[step 5] Action: Open url: http://localhost:3000
[step 5] Reasoning: All localhost:3000 tabs appear blank. Let me navigate directly to the URL to reload the page.
[step 6] Action: left_click (991, 33)
[step 6] Reasoning: I notice a new tab appeared labeled "Page not fo..." which suggests localhost:3000 might not be serving properly. I can also see there are tabs labeled "Discord Data Package Ex..." which might be related to the app, along with the localhost:5173 tab. Let me check the localhost:5173 tab since that's another common React development server port, and also check the Svelte Sonner tab.
[step 7] Action: left_click (127, 33)
[step 7] Reasoning: This is the Svelte Sonner page, not The Graph editor. Let me look at the "Discord Data Package Ex..." tabs which seem to have content. I notice there are multiple tabs. Let me check the Discord Data Package Explorer tabs - the title seems odd for a graph editor. Let me also try the first tab and the one that shows "Discord Data Package Ex..." in the tab list.
[step 8] Action: left_click (554, 33)
[step 8] Reasoning: Still blank. The localhost:3000 tabs are all blank. Let me try the localhost:5500/demo tabs which might be the Graph editor.
[step 9] Action: left_click (640, 62)
[step 9] Reasoning: This is a Leaflet Polygon Management demo, not The Graph editor. Let me navigate directly to localhost:3000 using the address bar to try to load the graph editor properly.
[step 10] Action: triple_click
[step 11] Action: type: localhost:3000

[step 12] Action: left_click (303, 142)
[step 12] Reasoning: I can see in the browser history dropdown some very useful URLs:
1. `Graph Editor - localhost:3000/the-graph-editor/index.html?graph=photobooth.json.js` 
2. `Graph Editor - localhost:3000/the-graph-editor/index.html`
3. `Graph Editor - localhost:3000/the-graph-editor/`

Let me click on the first one with the photobooth.json.js graph which would have some nodes loaded:
[step 13] Action: triple_click
[step 13] Reasoning: I see an HTTP ERROR 404 - "找不到 localhost 的网页" (Cannot find webpage for localhost). The specific path `/the-graph-editor/index.html?graph=photobooth.json.js` doesn't exist. Let me try the other Graph Editor URL that was shown - `/the-graph-editor/`.
[step 14] Action: type: localhost:3000/th...
[step 15] Action: screenshot
[step 15] Reasoning: I can see the Graph Editor URL options. The page loaded with the autocomplete. It seems I already pressed Enter. Let me wait for the page to load and take a screenshot.
[step 16] Action: left_click (680, 90)
[step 16] Reasoning: The autocomplete dropdown is still showing. Let me click on the first option "Graph Editor - localhost:3000/the-graph-editor/" to navigate to it.
[step 17] Action: left_click (127, 33)
[step 17] Reasoning: The page at localhost:3000/the-graph-editor/ returns HTTP ERROR 404. It seems the Graph Editor is not currently running at these URLs. Let me look at the "Discord Data Package Explorer" tabs which are at localhost:3000 - maybe the Graph Editor is mounted at a different path. Let me check what's available at localhost:3000 by looking at the first "Discord Data Package Ex..." tab.

Let me look at the tab that says "Discord Data Package Ex..." in the tab bar. This is the first tab with the graph icon. Let me click on it.
[step 18] Action: key: F5
[step 18] Reasoning: The page at localhost:3000 is completely white/blank - it's loading but the content is not visible or there's a rendering issue. The tab title says "Discord Data Package Ex..." which seems oddly named for a graph editor. Let me try the other "Discord Data Package Ex..." tabs. Let me also look at the "Discord Data Package Ex..." tab at position 415.

Wait - looking more carefully at the browser history from earlier, I noticed the autocomplete showed "Discord Data Package Explorer - localhost:3000" as the first entry. This suggests that localhost:3000 is actually running the "Discord Data Package Explorer" app, not "The Graph Editor" directly. However, the task says to navigate to localhost:3000 for The Graph Editor.

Let me try refreshing this page to see if the content appears:

==================================================
Task: 当前Chrome浏览器已打开The Graph编辑器，地址是http://localhost:3000。观察图编辑器中的节点渲染情况，特别是有些节点的组件信息（component info）可能缺失。观察这些节点是否正常显示、是否有错误提示、是否出现JavaScript异常。在页面中查看是否有节点显示异常（如空白、错误消息或崩溃）。 请始终在浏览器内操作，禁止打开Terminal、Finder或其他应用程序。如果找不到目标功能，标记result为unclear。
Status: STOPPED_BY_USER
Total steps: 18
Last action: key: F5
Last reasoning: The page at localhost:3000 is completely white/blank - it's loading but the content is not visible or there's a rendering issue. The tab title says "Discord Data Package Ex..." which seems oddly named for a graph editor. Let me try the other "Discord Data Package Ex..." tabs. Let me also look at the "Discord Data Package Ex..." tab at position 415.

Wait - looking more carefully at the browser history from earlier, I noticed the autocomplete showed "Discord Data Package Explorer - localhost:3000" as the first entry. This suggests that localhost:3000 is actually running the "Discord Data Package Explorer" app, not "The Graph Editor" directly. However, the task says to navigate to localhost:3000 for The Graph Editor.

Let me try refreshing this page to see if the content appears:

==================================================

UI window closed
