Session created: sess-20260427230247-65f566676e824fdea40de101b9169af4
UI panel initialized successfully
UI window displayed
Expected result: 只读模式下超链接应可正常点击并跳转到目标地址。
[step 0] Action: Initializing
[step 0] Reasoning: Initializing session connection
[step 0] Action: screenshot
[step 1] Action: left_click (791, 307)
[step 1] Reasoning: I can see the TinyEditor homepage. I need to find the left navigation menu to look for a demo page with the editor where I can insert hyperlinks and find a read-only mode. Let me look for navigation options - I notice the page doesn't show a left sidebar. Let me click on "开始" (Get Started) to navigate to the documentation.
[step 2] Action: left_click (711, 224)
[step 2] Reasoning: I can now see the left navigation menu with various options. I can see "只读模式" (Read-only mode) in the menu. I can also see "基本用法" (Basic Usage) which likely has the editor where I can insert a hyperlink. Let me first go to "基本用法" to find the editor.
[step 3] Action: triple_click
[step 3] Reasoning: I can see the basic usage page with a TinyEditor. The editor shows "Hello TinyEditor!" text and has a toolbar with formatting options including a link button (the chain icon). I can see the toolbar has Bold (B), Italic (I), Underline (U), Link (chain icon), ordered list, unordered list, and clean buttons.

Let me now:
1. Click on the editor text to position cursor
2. Select the text "Hello TinyEditor!"
3. Click the link button to add a hyperlink

First, let me click on the editor text area and select "Hello TinyEditor!":
[step 4] Action: left_click (1097, 429)
[step 4] Reasoning: I can see "Hello TinyEditor!" text is now selected (shown in blue highlight). Now I need to click the link button (chain icon) in the toolbar to add a hyperlink. The link button appears to be the chain icon at approximately coordinate (1097, 429).
[step 5] Action: triple_click
[step 5] Reasoning: A link popup appeared showing "Hello TinyEditor!" text in an input field, along with what appears to be open link and delete buttons. It seems the link button opened a tooltip/popup where I can type a URL. The text "Hello TinyEditor!" appears to be in the URL input field. Let me clear this field and type a proper URL.

Let me click on the input field and clear it, then type a URL:
[step 6] Action: type: https://www.examp...
[step 6] Reasoning: I see the popup now shows "Hello TinyEditor!" in an input field that appears to be selected (in blue). It seems clicking on the link button opened a link tooltip/popup showing the current text. The text "Hello TinyEditor!" in the input field is selected. I need to clear this and type a URL. Let me type the URL to replace the selected text:
[step 7] Action: key: Return
[step 7] Reasoning: I've typed "https://www.example.com" in the URL input field. Now I need to press Enter to confirm the URL and apply the hyperlink to the selected text:
[step 8] Action: left_click (1100, 520)
[step 8] Reasoning: Interesting! After pressing Enter, the URL field cleared and now shows "Enter an address and press Enter." placeholder text. The text "Hello TinyEditor!" appears to now be shown in blue (highlighted), suggesting it might have been converted to a link but the popup reset. Let me look more carefully - the text "Hello TinyEditor!" appears to be highlighted/selected and colored blue, which could indicate it's now a hyperlink.

Wait, looking at the popup again - it seems pressing Enter cleared the URL. The text "Hello TinyEditor!" now appears highlighted in what looks like blue, suggesting it may have become a link. But the popup is still showing. Let me click somewhere outside the popup to dismiss it and see the result.

Actually, looking at the input field again it shows "Enter an address and press Enter." which is placeholder text - meaning the URL was cleared. But the text seems highlighted. Let me try a different approach - click somewhere else to close the popup and check:
[step 9] Action: left_click (712, 608)
[step 9] Reasoning: Excellent! The hyperlink has been successfully inserted! I can see "Hello TinyEditor!" text is now displayed as a hyperlink (shown in blue with underline style) in the editor. The link was applied successfully.

Now I need to navigate to the "只读模式" (Read-only mode) page. Let me click on it in the left navigation:
[step 10] Action: scroll down (1100, 400) scroll_amount 3
[step 10] Reasoning: I'm now on the "只读模式" (Read-only mode) page at `localhost:5173/tiny-editor/docs/demo/readonly`. I can see an editor showing "Hello TinyEditor!" text, but it appears to be already in read-only mode (no toolbar visible). 

The description says: "通过配置 modules.toolbar 为 false 可以隐藏工具栏，配置 readOnly 为..." (By configuring modules.toolbar to false you can hide the toolbar, configure readOnly to...).

However, I notice this is a **separate read-only mode demo page** with plain text "Hello TinyEditor!" - not the hyperlink I just created in the basic usage page.

The task asks me to:
1. ✅ Insert a hyperlink in the editor (done on the basic-usage page)
2. Switch the editor to read-only mode
3. Click the hyperlink in read-only mode and observe behavior

The issue is that this "只读模式" page has its own separate editor content without the hyperlink I created. I need to either:
- Find a way to insert a link in THIS read-only demo page, or
- Find a toggle button to switch the basic-usage editor to read-only mode

Let me look more carefully at the read-only page. The editor on this page shows "Hello TinyEditor!" - this appears to be a demo editor already in read-only mode. Let me check if there's a toggle button to switch between modes. Let me scroll down to see if there's more content:
[step 11] Action: left_click (984, 269)
[step 11] Reasoning: The page doesn't seem to have scrolled further - the content looks the same. The page only shows the read-only editor without any additional controls. 

I see the read-only demo page has an editor in read-only mode, but it doesn't have a hyperlink in it. I need to approach this differently. 

Looking at the task again:
1. Insert a hyperlink in the editor ✅ (done on basic-usage page)
2. Switch the editor to read-only mode
3. Click the hyperlink in read-only mode

The approach should be to use THIS readonly demo page but first I need to add a hyperlink to it. However, since this editor is in read-only mode, I can't add a link directly. 

Let me think differently - the task is to test whether hyperlinks work in read-only mode. The best approach might be to:
1. Go to the basic-usage page where I already inserted a hyperlink
2. Look for a way to switch that editor to read-only mode on that same page

OR, I should insert a hyperlink on the readonly page by first making it editable somehow. But since the task says the editor is already in readonly mode on this demo page, it won't be editable.

Let me look at this more carefully. The task says to: "找到只读模式相关的演示页面，或在页面上找到切换只读模式的按钮". The readonly page shows an editor but without a link. 

The most logical approach for testing is to:
1. First insert a hyperlink on the basic-usage page (done ✅)
2. Navigate to the readonly page which has a separate editor already in readonly mode
3. But there's no hyperlink in the readonly page to click

I need to check if the readonly demo page actually has a hyperlink. Let me look more carefully at the editor content on the readonly page. The text says "Hello TinyEditor!" but let me click on it to see if it's a link:
[step 12] Action: left_click (711, 224)
[step 12] Reasoning: The readonly editor just shows "Hello TinyEditor!" plain text - it's not a link and clicking on it didn't do anything. The text cannot be edited (it's read-only), and there's no link to click.

The task requires me to:
1. Insert a hyperlink in an editor
2. Switch the editor to read-only mode
3. Click the hyperlink in read-only mode

The challenge is that the current "只读模式" (read-only mode) demo page doesn't have a hyperlink pre-inserted. I need to find another approach.

Let me go back to the basic-usage page where I inserted a hyperlink, and check if there's any way to toggle read-only mode there. Or I could look for another demo page that has both a hyperlink and a read-only toggle.

Let me go back to the basic-usage page:
[step 13] Action: triple_click
[step 13] Reasoning: I'm back on the basic-usage page. I notice that the hyperlink I created earlier is no longer visible - the text shows "Hello TinyEditor!" in plain text again without hyperlink styling. This is because each page load resets the editor content. The state is not persisted across navigation.

I need to re-insert the hyperlink and then find a way to switch to read-only mode. Let me:
1. First insert the hyperlink again on the basic-usage page
2. Then look for a toggle button for read-only mode

Let me select the text and add the hyperlink again:
[step 14] Action: left_click (1097, 429)
[step 14] Reasoning: Good, the text "Hello TinyEditor!" is selected again. Now let me click the link button:
[step 15] Action: triple_click
[step 15] Reasoning: The link popup appeared again showing "Hello TinyEditor!" in the input field. Let me select all text in the field and replace with the URL:
[step 16] Action: type: https://www.examp...
[step 16] Reasoning: The text in the input field is selected (shown in blue). Now let me type the URL:
[step 17] Action: key: Return
[step 17] Reasoning: Good, I've typed "https://www.example.com" in the URL field. Now let me press Enter to apply:
[step 18] Action: left_click (1100, 520)
[step 18] Reasoning: Interesting observation! After pressing Enter:
- The text "Hello TinyEditor!" is now shown highlighted in blue/selected, and appears to be styled differently (it appears to have become a link - it's styled in orange/highlighted color)
- The URL input field is now showing "Enter an address and press Enter." placeholder again

This behavior is **potentially a bug** - pressing Enter to confirm the URL seems to clear the URL field but the text styling changed. The text appears highlighted in orange/selected state. The popup still shows but the URL field was reset. 

Let me click somewhere else to dismiss the popup and see the final state of the link:
[step 19] Action: scroll down (1100, 400) scroll_amount 5
[step 19] Reasoning: Excellent! 🎉 The hyperlink has been successfully inserted! I can see "Hello TinyEditor!" is now displayed as a hyperlink in blue with underline in the editor. The link has been successfully created.

Now I need to find a way to switch this editor (or find a demo with both a hyperlink and read-only mode toggle). Let me examine if the "只读模式" (readonly mode) page has a way to add content with links, or if the basic-usage page has a read-only toggle.

Looking at the current state:
- The basic-usage page has the hyperlink ✅
- The basic-usage page doesn't appear to have a read-only toggle button
- The readonly page has a separate editor already in read-only mode but without a hyperlink

The best approach is:
1. Navigate to the readonly page
2. The readonly page has an editor in readonly mode
3. The text in the readonly editor is plain text without a link

Let me look at this from a different angle. Perhaps the task is asking me to:
1. Insert a hyperlink in the basic-usage editor ✅
2. Then navigate to the readonly demo which shows an editor in readonly mode
3. Note that the readonly demo doesn't have a link to test

But the task says to click the hyperlink in readonly mode. The only way to do this is if the readonly page already contains a hyperlink, OR if I can find a way to toggle the basic-usage editor to readonly mode.

Let me scroll up on the current basic-usage page to see if there are any toggle buttons, or look for any code examples showing how to enable readonly mode:
[step 20] Action: left_click (711, 608)
[step 20] Reasoning: Now I can see the editor clearly shows "Hello TinyEditor!" as a hyperlink (blue, underlined). The page shows the basic usage editor with the hyperlink successfully inserted.

There's no toggle button visible on this page for read-only mode. The read-only mode demo is a separate page.

Now let me take a strategic approach. I'll navigate to the "只读模式" (readonly mode) page and insert the hyperlink there first before the page is set to read-only mode. But wait - looking at the readonly page, the editor is already in read-only mode, so I can't type into it.

Let me think about this differently. Let me navigate to the readonly page and look if it has the hyperlink already (maybe the "Hello TinyEditor!" text is actually a link). Or maybe there's a way to add content to the readonly editor before switching modes.

Actually, the task description says to find "a toggle button on the page" to switch the read-only mode. Let me go to the readonly mode page and check more carefully - perhaps there's a toggle button I missed:
[step 21] Action: scroll down (1100, 300) scroll_amount 3
[step 21] Reasoning: I'm on the "只读模式" (read-only mode) page. I can see:
- The editor shows "Hello TinyEditor!" in read-only mode (no toolbar)
- The description text at the top says "通过配置 modules.toolbar 为 false 可以隐藏工具栏，配置 readOnly 为..." (By configuring modules.toolbar to false you can hide toolbar, configure readOnly to...)
- There's no toggle button visible to switch between editable and readonly modes

The readonly page only shows a static demo of the readonly mode with plain text. There's no hyperlink in the readonly editor.

Looking at the full task requirements:
1. **Insert a hyperlink** - Done on the basic-usage page ✅
2. **Switch to read-only mode** - I need to either find a toggle on the basic-usage page or use the readonly demo page
3. **Click the hyperlink in read-only mode** - Need a hyperlink in the readonly editor

Since there's no toggle button on the basic-usage page to switch to readonly, and the readonly demo page doesn't have a hyperlink, I need to scroll down on the readonly page to see if there's more content, or look for a different approach.

Let me scroll down to see if there's additional content or controls below:
[step 22] Action: scroll up (1100, 300) scroll_amount 5
[step 22] Reasoning: The page didn't scroll further down. The readonly mode demo only shows an editor with plain text "Hello TinyEditor!" and no toggle button.

Let me look at other available demo pages in the navigation. I can see there are many options in the left sidebar. Let me also scroll the sidebar to see if there are more options I might have missed. Let me also check the description text on the right side - it seems to be cut off at the right edge. The text says "通过配置 modules.toolbar 为 false 可以隐藏工具栏，配置 readOnly 为..." - I need to see the full text.

Let me scroll the main content area to the right to see the complete description, or zoom out to see the full page. Actually, let me try scrolling up first to see the page content from top:
[step 23] Action: key: ctrl+minus
[step 23] Reasoning: The readonly page only shows a simple demo with "Hello TinyEditor!" in read-only mode. There's no toggle button and no hyperlink.

Looking at this from a testing perspective, I notice a key observation: The page content description text is cut off at the right - I can see it starts with "通过配置 modules.toolbar 为 false 可以隐藏工具栏，配置 readOnly 为..." but the rest is cut off. This could be a layout/overflow bug.

Now I need to take a different approach for the overall task. Since:
1. The basic-usage page has a hyperlink but no read-only toggle
2. The readonly page has read-only mode but no hyperlink

The task may be testing if the readonly demo page's content can contain links and if they work. Let me zoom out to see if the readonly page has more content that I'm missing on the right side. Let me zoom out:
[step 24] Action: key: ctrl+0
[step 25] Action: key: command+minus
[step 25] Reasoning: The page still looks the same. I notice the right content area is cut off. The description text is truncated at the right edge. This suggests the layout has a horizontal overflow issue that cuts off the content.

Let me zoom out in Chrome to see the full page:
[step 26] Action: left_click (640, 400)
[step 27] Action: mouse_move (984, 269)
[step 27] Reasoning: The page layout seems to be fixed. The description text "通过配置 modules.toolbar 为 false 可以隐藏工具栏，配置 readOnly 为..." is cut off at the right.

Looking at this situation overall, I now realize this demo page is an intentional read-only demo that shows plain text content in read-only mode. There's no toggle button and no hyperlink in the read-only demo.

Let me think about whether the task can be completed. The task says to:
1. Insert a hyperlink in the editor ✅ (done on basic-usage page)
2. Switch to read-only mode (find readonly page in navigation, or find toggle button)
3. Click hyperlink in read-only mode

**The key insight**: The task might be testing whether:
- The readonly page shows the editor content correctly
- If someone inserts a link and somehow gets into readonly mode, whether the link is clickable

Since the current application flow:
- Has separate pages for basic-usage and readonly mode
- The readonly mode page does NOT have a hyperlink in it
- The basic-usage page does NOT have a read-only toggle

The readonly mode page only shows "Hello TinyEditor!" plain text.

However, let me try clicking on the "Hello TinyEditor!" text in the readonly editor to see if it's clickable in any way, even though it doesn't appear to be a link:

Actually wait - let me reconsider the approach. I should look carefully at the readonly page. Let me hover over the "Hello TinyEditor!" text to see the cursor behavior:

Now, let me take a completely different approach. I think the task requires me to observe the full flow even if there are limitations. The key point I should test is: on the readonly page, if there WAS a link, would it be clickable?

To properly test this, let me look for the content initialization page which might allow setting initial content with a hyperlink. Or let me check if there's a way to directly edit the URL to set the editor content to have a hyperlink.

Actually, the most practical thing I can do now is:
1. Use the readonly page as is
2. Click on the "Hello TinyEditor!" text to observe behavior
3. Try to hover over it to see the cursor

Let me hover over the text to see if there's a link cursor:
[step 28] Action: scroll down (755, 500) scroll_amount 3
[step 28] Reasoning: The text "Hello TinyEditor!" appears as plain text with no link indicator. The cursor position of the output shows (1476, 403) which suggests the actual element the mouse is at might be off-screen to the right.

Let me now investigate the "内容初始化" (content initialization) page - this might allow me to set initial content with a hyperlink for the editor. Let me also check if there's a way to toggle read-only mode through URL parameters.

Actually, I should approach the task differently. The task is asking me to test the functionality. Since I've already:
1. Inserted a hyperlink in the basic-usage editor ✅
2. Found the read-only mode page ✅

The next step is to click the hyperlink in read-only mode. The readonly page doesn't have a hyperlink. 

Let me look at other pages in the sidebar that might have both a hyperlink and a read-only toggle. Let me scroll the sidebar to see if there are more options below "协同编辑":
[step 29] Action: left_click (727, 572)
[step 29] Reasoning: Now I can see more navigation items. I can see:
- 图片工具栏 (Image Toolbar)
- 协同编辑 (Collaborative Editing)  
- **模拟语雀文档** (Simulate YuQue Document) - with an asterisk (*)
- API 参考 (API Reference)
- 配置项 (Configuration Options)
- TinyEditor 实例 (TinyEditor Instance)

The "模拟语雀文档" (Simulate YuQue Document) link looks interesting - it might have a more complete editor demo with hyperlinks and a read-only toggle. Let me click on it:
[step 30] Action: left_click (295, 33)
[step 30] Reasoning: Interesting! Clicking "模拟语雀文档" opened a new tab with URL `https://opentiny.github.io/tiny-editor/projects`. The status bar shows the URL `https://opentiny.github.io/tiny-editor/projects`. A new tab was opened. Let me switch to it:
[step 31] Action: wait
[step 31] Reasoning: The new tab opened at `opentiny.github.io/tiny-editor/projects/` and is loading. The tab title shows "使用 TinyEditor 搭建的项目". Let me wait for it to load:
[step 32] Action: left_click (362, 33)
[step 32] Reasoning: Excellent! 🎉 The "模拟语雀文档" (Simulate YuQue Document) page has loaded! I can see:
- **Top-left**: "语雀文档" title with what appears to be a navigation
- **A full-featured editor** with a toolbar showing: undo, redo, search, clear format, bold (B), italic (I), underline, strikethrough, superscript, subscript, code, text color, background color, alignment buttons, list buttons, etc.
- The editor content shows "测试文档" as the document title and a placeholder "输入 / 唤起菜单" (Type / to invoke menu)

This appears to be a much more complete editor demo! The left sidebar shows "语雀文档" which is the document navigation. This editor has a full toolbar with much more options. But I notice the left sidebar might have navigation items.

However, I notice the task specifically says to:
1. Insert a hyperlink using the **toolbar's link button** - I need to check if this toolbar has a link button
2. Switch to **read-only mode** - I need to find a toggle for this

Looking at the toolbar, I can see many formatting buttons but need to scroll right to see if there's a link button. Let me scroll the toolbar to the right to see all buttons, or let me type some text first and then look for the link button.

Wait - the task says to work with the original localhost:5173 site! This new tab opened to an external site (opentiny.github.io). The task specifies to work with `localhost:5173/tiny-editor/`. Let me close this tab and go back to the localhost tab.

Actually, re-reading the task: "当前Chrome浏览器已打开Tiny Editor文档站点，地址是http://localhost:5173/tiny-editor/". The task is specifically about the localhost site. However, the "模拟语雀文档" link in the localhost site's navigation opened this external site.

But looking at this external site, it seems like a more complete demo. The task says to work with the documentation site, and this demo was linked from the documentation site's navigation. Let me close this tab and go back to the localhost tab to work within the required constraints.

Let me close this tab and return to the first tab:
[step 33] Action: left_click (711, 124)
[step 33] Reasoning: Good, I'm back on the localhost readonly mode page. Now I can see the full navigation. The readonly page shows "Hello TinyEditor!" in read-only mode.

Now I need to take a different approach. Let me go to the **basic-usage** page and re-insert the hyperlink, then try to figure out the best way to test it in readonly mode.

Actually, let me re-read the task more carefully:

The task says:
1. Insert a hyperlink (type text, select it, use link button to add URL)
2. Switch editor to readonly mode (find a page in navigation or find a toggle button)
3. Click the hyperlink in readonly mode

The "只读模式" (Read-only mode) demo page has a static editor showing "Hello TinyEditor!" - this is the readonly demo. Since the demo already shows the editor in readonly mode, I should:
- Consider if the "Hello TinyEditor!" text in the readonly editor is actually a link (maybe it was pre-configured as a link that I need to click)
- OR find another approach

Let me try clicking the "Hello TinyEditor!" text in the readonly editor. Even though it's plain text, I should check:

But wait - thinking about this more carefully. The task is testing a specific workflow:
1. First insert a hyperlink on the basic-usage page ✅
2. Then the readonly demo page shows a readonly editor

The real test would be: Does the readonly page's editor have a "Hello TinyEditor!" link? If not, maybe the task is asking me to:
- Use the basic-usage page as the editor (insert the link there ✅)
- Then somehow switch THAT editor to readonly mode (not a separate page)

Since there's no toggle on the basic-usage page, perhaps the answer to the task is that the current application **doesn't support toggling read-only mode** on the basic-usage page, and the readonly demo page doesn't have a hyperlink to test.

Let me try one more approach - let me scroll up to see if the basic-usage page has any more toggle options that I might have missed. Let me navigate to it:

Actually, I've been thorough in my investigation. Let me now proceed with the actual task using the workflow that IS available:

1. I'll go to the basic-usage page and insert a hyperlink ✅ (done before)
2. The readonly page shows a static readonly demo without any hyperlinks
3. The "只读模式" page doesn't have a link to click

But wait - I should re-read the task intent. Maybe the task is asking me to:
1. Insert a link in the basic-usage editor ✅
2. Find the readonly page (showing that the feature exists) ✅
3. Notice the readonly page doesn't have a link and thus can't test link clicking in readonly mode

OR the task might be designed to specifically test whether the readonly mode demo page contains a hyperlink and whether it's clickable. The demo "Hello TinyEditor!" text might intentionally NOT be a link, making step 3 impossible (which would be a bug).

Let me now approach this systematically. I'll:
1. Go to basic-usage page
2. Re-insert hyperlink
3. See if the basic-usage page has any way to switch to readonly

Let me navigate to basic-usage:
[step 34] Action: left_click (295, 33)
[step 34] Reasoning: I notice that clicking "基本用法" opened a new tab with URL `localhost:5173/tiny-editor/docs/demo/basic-usage`. The current tab still shows the readonly page, and a new tab was opened. Let me click on the new tab:
[step 35] Action: triple_click
[step 35] Reasoning: Now I'm on the basic-usage page in the new tab. I can see:
- The toolbar configuration showing it includes: header, bold, italic, underline, 'link', list ordered, list bullet, clean
- The editor with "Hello TinyEditor!" text
- The toolbar showing: Text dropdown, B (Bold), I (Italic), U (Underline), 🔗 (Link - the chain icon), and more

Now let me insert a hyperlink:
1. First, let me select the text "Hello TinyEditor!" in the editor
2. Then click the link button (the chain icon)

Let me triple-click on "Hello TinyEditor!" to select it:
[step 36] Action: left_click (1097, 429)
[step 36] Reasoning: "Hello TinyEditor!" is now selected (shown in blue highlight). Now let me click the link button (the chain icon ⛓ in the toolbar at coordinate approximately (1097, 429)):
[step 37] Action: triple_click
[step 37] Reasoning: The link popup appeared showing a tooltip with:
- An input field showing "Hello TinyEditor!" 
- An "open link" button (the square with arrow icon)
- A "delete link" button (the trash/delete icon)

The popup shows "Hello TinyEditor!" in the URL input field. I need to:
1. Click on the input field and clear it
2. Type the URL "https://www.example.com"
3. Press Enter to apply

Let me click on the input field and select all, then type the URL:
[step 38] Action: type: https://www.examp...
[step 38] Reasoning: I can see the tooltip/popup still shows "Hello TinyEditor!" in the input field, selected (shown in blue). The text in the input field is selected (shown in blue). Now I'll type the URL to replace it:
[step 39] Action: key: Return
[step 39] Reasoning: I can see the URL "https://www.example.com" has been typed in the input field (showing "https://www.example.com" in the tooltip). The editor text shows "Hello TinyEditor!" without the selection highlight now (the text deselected when I clicked the input).

Now let me press Enter to apply the URL:

==================================================
Task: 当前Chrome浏览器已打开Tiny Editor文档站点，地址是http://localhost:5173/tiny-editor/。1. 在编辑器中插入一个超链接（如输入文字后选中文字，使用工具栏的链接按钮添加URL）。2. 将编辑器切换为只读模式（在左侧导航中找到只读模式相关的演示页面，或在页面上找到切换只读模式的按钮）。3. 在只读模式下点击超链接，观察是否能正常跳转。 请始终在浏览器内操作，禁止打开Terminal、Finder或其他应用程序。如果找不到目标功能，标记result为unclear。
Status: STOPPED_BY_USER
Total steps: 39
Last action: key: Return
Last reasoning: I can see the URL "https://www.example.com" has been typed in the input field (showing "https://www.example.com" in the tooltip). The editor text shows "Hello TinyEditor!" without the selection highlight now (the text deselected when I clicked the input).

Now let me press Enter to apply the URL:

==================================================

UI window closed
