Session created: sess-20260427225456-0cbee54a1a854040a7a1deabfcc574cd
UI panel initialized successfully
UI window displayed
Expected result: 点击附件下载按钮后应正确触发下载，而非仅打开新标签页无下载。
[step 0] Action: Initializing
[step 0] Reasoning: Initializing session connection
[step 0] Action: screenshot
[step 1] Action: left_click (791, 306)
[step 1] Reasoning: I can see the Fluent Editor homepage. I need to navigate to the editor to find the attachment upload functionality. Let me click on "开始" (Get Started) button to navigate to the editor.
[step 2] Action: left_click (712, 352)
[step 2] Reasoning: I can see the documentation page with a sidebar showing navigation options. I can see "文件上传" (File Upload) in the sidebar which is what I need. Let me click on it.
[step 3] Action: left_click (1216, 318)
[step 3] Reasoning: I can see the "文件上传" (File Upload) page. There are two editor instances visible. I can see there are toolbar icons including what appears to be a file upload button (the icon that looks like a document with an arrow). I need to find the file upload button in the toolbar. Let me look more carefully at the toolbar icons. I can see icons in the toolbar - the rightmost icon in the first editor toolbar appears to be the file upload button. Let me click on it.
[step 4] Action: left_click (881, 304)
[step 4] Reasoning: A file picker dialog has opened. I can see there are several files in the Downloads folder. I'll select one of the CSV files to upload as an attachment. Let me click on "simple_with_all_fields.csv".
[step 5] Action: left_click (881, 304)
[step 5] Reasoning: I see the file picker is still open. The "打开" button seems to not be activated. Let me click on "simple_with_all_fields.csv" to select it first, and then click "打开".
[step 6] Action: left_click (884, 289)
[step 6] Reasoning: The file doesn't seem to be getting selected (highlighted). The "打开" button is still greyed out. Let me try clicking on "simple_with_all_fields (1).csv" instead.
[step 7] Action: left_click (884, 245)
[step 7] Reasoning: The files are not getting highlighted when I click on them. The "打开" button remains greyed out. It seems the file picker might be having issues selecting files. Let me try clicking on "6_strings_bat...ith_frame.csv" file at the top.
[step 8] Action: double_click (884, 289)
[step 8] Reasoning: Files are still not getting selected. The "打开" button remains greyed out. The file picker seems to not be responding to clicks on files. Let me try double-clicking on a file to directly open it.
[step 9] Action: left_click (738, 299)
[step 9] Reasoning: Even double-clicking doesn't work. The file picker dialog doesn't seem to allow file selection. The files appear to be greyed out and unclickable. This might be because the file picker is expecting a specific file type, or there's an issue with the dialog itself. 

Let me try the second editor below (the "上传到服务器" section), or let me cancel and try a different approach. Let me first cancel this dialog and check the second editor.

Wait, let me look more closely at the file list. The icons next to files look like they might be dimmed/greyed. Let me try to type in a file path in the filename field if there is one, or try the 桌面 (Desktop) sidebar option first.
[step 10] Action: left_click (736, 342)
[step 10] Reasoning: I switched to 桌面 (Desktop) view and it's empty - no files on the desktop. The file area is completely blank. Let me go back to 下载 (Downloads) and try to use keyboard shortcut to navigate and select a file. Let me click on 下载 and try using the keyboard.
[step 11] Action: left_click (884, 340)
[step 11] Reasoning: I'm back in the Downloads view. The files still appear in the list but can't be selected. Let me try clicking in the file list area first (to make sure focus is there) and then use arrow keys to navigate.
[step 12] Action: left_click (1015, 245)
[step 12] Reasoning: I clicked on "worker03" folder and it expanded showing files inside. I can see files like AGENTS.md, openclaw.json, SOUL.md, TOOLS.md, USER.md. Now let me try clicking on one of these .md files to select it. Let me click on "AGENTS.md".
[step 13] Action: left_click (1019, 260)
[step 13] Reasoning: The files on the right side can't be selected either. The "打开" button is still greyed out. It seems like the files in the right panel aren't being recognized as selectable. The issue might be that the file picker requires navigating INTO the worker03 folder. The left panel shows the file tree structure where worker03 is currently selected/highlighted. Let me try to double-click on worker03 in the left panel to navigate into it, then the files on the right should be navigable.

Actually wait - I see the issue. The left panel shows the folder tree with "worker03" selected, and the right panel shows the files inside worker03. But when I click on files in the right panel, they don't get selected (highlighted blue). 

Let me try a different approach - use keyboard shortcut cmd+shift+g to type in a path, or try clicking on the "文档" (Documents) in the sidebar.

Actually, let me look at the files in the left panel more carefully. The left panel seems to be a split view showing both Downloads folder items and a preview of worker03 contents. Let me try clicking on "openclaw.json" in the right panel.
[step 14] Action: left_click (1241, 468)
[step 14] Reasoning: Excellent! Now I can see "openclaw.json" is selected (highlighted in blue) in the middle panel, and the right panel shows a preview of the file content. The "打开" button is now active (highlighted in blue). Let me click the "打开" button to upload this file.
[step 15] Action: mouse_move (1004, 351)
[step 15] Reasoning: The file "openclaw.json (3 KB)" has been successfully uploaded to the editor! I can see it displayed in the editor as an attachment with a document icon. Now I need to find the download button for this attachment. Let me hover over the attachment to see if any action buttons appear.
[step 16] Action: left_click (1004, 351)
[step 16] Reasoning: I can see the attachment "openclaw.json (3 KB)" is displayed in the editor. The cursor seems to be next to the attachment but I don't see any download button appearing on hover. Let me try clicking directly on the attachment to see if it reveals download options.
[step 17] Action: left_click (969, 367)
[step 17] Reasoning: After clicking on the attachment, I can see two action buttons appeared below the attachment: a download button (↓ icon) and a delete button (trash icon). Now let me click the download button (the first icon with a downward arrow) to test the download behavior.
[step 18] Action: left_click (298, 33)
[step 18] Reasoning: I can see that clicking the download button opened a new tab (there are now 2 tabs visible in the browser - both appear to show the same page "文件上传 | 基于 Quill 2.0 的富..."). The new tab was opened, but no actual file download was triggered. The attachment also disappeared from the editor area (the editor content in the first section appears empty now).

Let me check the second tab to see what happened.
[step 19] Action: left_click (200, 62)
[step 19] Reasoning: The second tab also shows the same "文件上传" page at the same URL `localhost:5173/fluent-editor/docs/file-upload`. This means clicking the download button opened a new tab with the same page URL instead of triggering an actual file download.

Let me check both tabs to understand the behavior more clearly. The second tab appears to be exactly the same page. Let me look at the URL of the second tab more carefully.
[step 20] Action: key: Escape
[step 20] Reasoning: I can confirm the URL is `localhost:5173/fluent-editor/docs/file-upload` - the same page. The download button opened a new tab with the same URL as the current page instead of downloading the file. This is a bug.

Let me close the address bar dropdown and check the first tab to look at what happened there.
[step 21] Action: DONE
[step 21] Reasoning: I can confirm the behavior. The second tab (currently active) shows the same URL `localhost:5173/fluent-editor/docs/file-upload`. The download button did NOT trigger a file download - instead it opened a new browser tab with the same URL as the current page. This is a bug in the application.

Let me summarize my findings based on the complete testing process:

---

## 测试结果总结

### ✅ 步骤1：找到附件上传功能入口
- 在 Fluent Editor 文档站点的左侧导航栏中找到了"**文件上传**"页面（`/docs/file-upload`）。
- 工具栏最右侧有一个**文件上传图标**（📄 形状的按钮），点击后会打开系统文件选择器。

### ✅ 步骤2：上传附件文件
- 成功通过文件选择器选择了文件 `openclaw.json`（3 KB）。
- 文件上传成功后，附件显示在编辑器内容区域，显示为：`📄 openclaw.json (3 KB)`。

### ✅ 步骤3：点击附件的下载按钮
- 点击附件后，出现了两个操作按钮：**下载按钮（↓）** 和 **删除按钮（🗑）**。
- 点击了下载按钮（↓）。

### ❌ 步骤4：观察下载行为 — **发现 BUG**
- **预期行为**：点击下载按钮应触发浏览器文件下载（弹出下载提示或自动保存文件）。
- **实际行为**：点击下载按钮**打开了一个新的浏览器标签页**，并导航到与当前页面相同的 URL（`localhost:5173/fluent-editor/docs/file-upload`），**没有触发任何文件下载**。
- **结论**：这是一个**功能性 Bug** — 下载按钮的行为实现错误，使用了 `window.open()` 或 `<a target="_blank">` 方式，但传入的 URL 可能是 `undefined`、空字符串或相对路径，导致浏览器回退到当前页面 URL，而不是执行文件下载（应使用 `download` 属性或 Blob URL 触发下载）。
Evaluating task result...

==================================================
Task: 当前Chrome浏览器已打开Tiny Editor（Fluent Editor）文档站点，地址是http://localhost:5173/fluent-editor/。1. 在编辑器中找到附件上传功能入口。2. 上传一个附件文件。3. 上传成功后，点击附件的下载按钮。4. 观察下载行为是否正常触发，还是仅打开新标签页无下载。 请始终在浏览器内操作，禁止打开Terminal、Finder或其他应用程序。如果找不到目标功能，标记result为unclear。
Status: COMPLETED
Total steps: 21
Last action: DONE
Last reasoning: I can confirm the behavior. The second tab (currently active) shows the same URL `localhost:5173/fluent-editor/docs/file-upload`. The download button did NOT trigger a file download - instead it opened a new browser tab with the same URL as the current page. This is a bug in the application.

Let me summarize my findings based on the complete testing process:

---

## 测试结果总结

### ✅ 步骤1：找到附件上传功能入口
- 在 Fluent Editor 文档站点的左侧导航栏中找到了"**文件上传**"页面（`/docs/file-upload`）。
- 工具栏最右侧有一个**文件上传图标**（📄 形状的按钮），点击后会打开系统文件选择器。

### ✅ 步骤2：上传附件文件
- 成功通过文件选择器选择了文件 `openclaw.json`（3 KB）。
- 文件上传成功后，附件显示在编辑器内容区域，显示为：`📄 openclaw.json (3 KB)`。

### ✅ 步骤3：点击附件的下载按钮
- 点击附件后，出现了两个操作按钮：**下载按钮（↓）** 和 **删除按钮（🗑）**。
- 点击了下载按钮（↓）。

### ❌ 步骤4：观察下载行为 — **发现 BUG**
- **预期行为**：点击下载按钮应触发浏览器文件下载（弹出下载提示或自动保存文件）。
- **实际行为**：点击下载按钮**打开了一个新的浏览器标签页**，并导航到与当前页面相同的 URL（`localhost:5173/fluent-editor/docs/file-upload`），**没有触发任何文件下载**。
- **结论**：这是一个**功能性 Bug** — 下载按钮的行为实现错误，使用了 `window.open()` 或 `<a target="_blank">` 方式，但传入的 URL 可能是 `undefined`、空字符串或相对路径，导致浏览器回退到当前页面 URL，而不是执行文件下载（应使用 `download` 属性或 Blob URL 触发下载）。

==================================================

UI window closed
