Session created: sess-20260428152449-9ae3f74dbef54875b27e15402a96fa1a
UI panel initialized successfully
UI window displayed
Expected result: NuxtTurnstile组件应能正常加载并在页面上渲染出Cloudflare Turnstile验证码挑战框，无报错且无需使用额外的workaround即可正常显示。
[step 0] Action: Initializing
[step 0] Reasoning: Initializing session connection
[step 0] Action: screenshot
[step 1] Action: Open url: http://localhost:3000/login
[step 1] Reasoning: I can see the current page at localhost:3000. I can see there's a page with "Using vue model" and "Using native form" sections, plus a "Load Turnstiles" button and a "to /home" link. I need to navigate to the login page. Let me first check if there's a login page by looking at the available navigation options.
[step 2] Action: Open url: http://localhost:3000
[step 2] Reasoning: The /login page returns a 404. Let me check other possible routes. Let me go back to the home page and explore the available routes.
[step 3] Action: unknown
[step 3] Reasoning: I can see the current page at localhost:3000 which appears to be the index/main page. I notice there's a "to /home" link at the top. This page has a "Load Turnstiles" button and two sections: "Using vue model" and "Using native form". 

The task asks me to navigate to a "login page" and load the NuxtTurnstile component there. Let me check the /home route and also explore possible routes. Let me click the "to /home" link first.
[step 4] Action: screenshot
[step 5] Action: Open url: http://localhost:3000/home
[step 5] Reasoning: I'm still on the same page. Let me navigate to the /home route directly to see what's there.
[step 6] Action: Open url: http://localhost:3000/auth
[step 6] Reasoning: I can see the /home page which shows "Home" heading, "Home page" text, and a "to /" link. This is a simple home page without a login page. The task asks about a "login page" but it seems there's no /login route. 

Let me explore other possible routes by checking different common paths. The current site appears to be a Nuxt.js Turnstile demo. Let me check some other possible routes.
[step 7] Action: unknown
[step 7] Reasoning: /auth also returns 404. The task mentions a "login page" but this application seems to be a demo for Turnstile and the main page (localhost:3000) is the one that demonstrates the Turnstile component. 

The task says to "load NuxtTurnstile component in the login page". Looking at the main page (localhost:3000), I can see there's a "Load Turnstiles" button. This appears to be the main demo page. Let me go back to the main page and understand what the task is really asking.

The main page at localhost:3000 seems to be the relevant page with:
- A "Load Turnstiles" button
- "Using vue model" section  
- "Using native form" section

The task asks to load the NuxtTurnstile component in the "login page". Since there's no separate /login route, the current index page might be considered the "login page" in this context, or I need to look more carefully.

Let me go back to the main page and click "Load Turnstiles" to see if the Turnstile component renders.
[step 8] Action: screenshot
[step 9] Action: unknown
[step 9] Reasoning: I'm still on the /auth page. Let me navigate directly to the main page using the address bar.
[step 10] Action: left_click (640, 61)
[step 11] Action: triple_click
[step 11] Reasoning: The address bar is active. Let me type the URL to navigate to the main page.
[step 12] Action: type: localhost:3000

[step 13] Action: left_click (591, 33)
[step 13] Reasoning: I can see the navigation happened. It seems the Enter key navigated already. Let me check the current state by looking at which tabs are open. I can see there's a tab showing "localhost:3000" - let me click on it.
[step 14] Action: left_click (40, 120)
[step 14] Reasoning: I'm back at the main page (localhost:3000). I can see the page with:
- "to /home" link
- "Select Turnstile Language: en" dropdown
- "Load Turnstiles" button
- "Using vue model" section with a 提交 (Submit) button
- "Using native form" section with 提交 and Reset buttons

The Turnstile components are NOT visible yet - they seem to require the "Load Turnstiles" button to be clicked. The page doesn't have a visible "login page" per se. 

The task says "在登录页面中加载NuxtTurnstile组件" - which could mean the current page IS the page where we should load the Turnstile component. The "Load Turnstiles" button seems to be the mechanism. Let me click "Load Turnstiles" to see what happens.
[step 15] Action: wait
[step 15] Reasoning: I clicked "Load Turnstiles" but the Turnstile components are not appearing between the section headings and the submit buttons. The page looks essentially the same. Let me wait a moment and take another screenshot to see if anything loaded.
[step 16] Action: wait
[step 16] Reasoning: Excellent! After waiting, I can now see the Turnstile components have loaded on the page! I can observe:

1. **"Using vue model" section**: Shows a Cloudflare Turnstile widget in "Verifying..." state with the Cloudflare logo. There's also a red-bordered message saying "For testing only. If seen, report to site owner."

2. **"Using native form" section**: Shows a Cloudflare Turnstile widget showing "✓ Success!" with the Cloudflare logo. Also has the same red-bordered message "For testing only. If seen, report to site owner."

The NuxtTurnstile components have rendered and are displayed on the page. Let me take a closer look to better understand the state of the components.

**Visual observations/anomalies:**
- Both Turnstile widgets have a red-bordered text strip at the bottom saying "For testing only. If seen, report to site owner." This seems to be a test environment indicator.
- The "Using vue model" section shows "Verifying..." which might indicate it's still loading/validating.
- The "Using native form" section shows "Success!" which means it completed verification.

However, the task specifically mentions a "login page" - the current page (localhost:3000) is the index/root page of this demo application. There is no specific /login page (it returned 404). The index page is where the Turnstile demo happens.

Let me check if the current page is actually supposed to be the login page context. Looking at the page structure again - the page at localhost:3000 has the Turnstile demo with "Load Turnstiles" button. After clicking it, the NuxtTurnstile components rendered and displayed.

The task asks me to observe whether the Turnstile component renders normally. Based on what I see:
- The component did render after clicking "Load Turnstiles"
- One widget shows "Verifying..." state 
- Another shows "Success!" state
- Both have the "For testing only" warning banner in red border

Let me wait a bit more to see if the "Verifying..." state resolves.
[step 17] Action: DONE
[step 17] Reasoning: The state remains the same after waiting:
- "Using vue model" section: Turnstile widget shows "Verifying..." (still in verifying state)
- "Using native form" section: Turnstile widget shows "✓ Success!" 

**Summary of findings:**

The task asks to navigate to a "login page" and load the NuxtTurnstile component there. However:

1. **There is no dedicated "login page"** at localhost:3000/login (returns 404).
2. The application at localhost:3000 is the main demo page for the Turnstile component, which contains a "Load Turnstiles" button.
3. After clicking "Load Turnstiles", the NuxtTurnstile components did render and display on the page.
4. The components rendered successfully - one showing "Verifying..." state and one showing "Success!" state.
5. Both components show a red-bordered "For testing only. If seen, report to site owner." banner, which is a visual indicator of a test environment.

**Visual anomalies observed:**
- The "Verifying..." state in the "Using vue model" section persists without completing verification (possible bug or expected behavior with a test site key)
- The red-bordered "For testing only" text strip appears on both widgets, which is unusual for a deployed application but expected for a test environment

The NuxtTurnstile component **did render and display** on the page, though the "Verifying..." state for the vue model instance did not complete to "Success!" like the native form instance did.

Based on my investigation:
- The task refers to a "login page" which doesn't exist as a separate route
- The main page (localhost:3000) is the demo page that contains the Turnstile functionality
- After clicking "Load Turnstiles," the NuxtTurnstile components rendered visually on the page
- The component in "Using native form" shows "Success!" (working correctly)
- The component in "Using vue model" shows "Verifying..." (stuck in verification state - potential bug)

**Result assessment:** The NuxtTurnstile component renders on the page, but there's no specific "login page" as described in the task. The "Using vue model" Turnstile appears to be stuck in "Verifying..." which may indicate a functional issue. The "Using native form" Turnstile completed successfully showing "✓ Success!".

Since the task specifically asks about a "login page" (登录页面) which doesn't exist in the application (returns 404), and the available pages are the index page (/) and /home, I need to note this discrepancy. However, the index page does contain the NuxtTurnstile components and they do render after clicking "Load Turnstiles."

**Test Result:**
- The application does NOT have a dedicated login page
- The NuxtTurnstile component on the main page (localhost:3000) renders after clicking "Load Turnstiles"
- "Using native form" section: Turnstile renders successfully (shows "✓ Success!")
- "Using vue model" section: Turnstile renders but appears stuck in "Verifying..." state (potential bug)
- Both widgets show a "For testing only" warning banner with red border

The task mentioned navigating to a "login page" which does not exist (404). The NuxtTurnstile component on the main/index page does render and display, but with the "Using vue model" instance appearing to be stuck in verification. This could be a functional bug where the vue model version doesn't complete verification.

Based on the requirement to evaluate if the component "能正常渲染和显示在页面上" (can normally render and display on the page):
- Both widgets ARE rendered and displayed
- One shows "Success!" (working normally)
- One shows "Verifying..." (may be a bug or expected behavior in test environment)
- There is no dedicated "login page" in the application
Evaluating task result...

==================================================
Task: 当前Chrome浏览器已打开Turnstile网站，地址是http://localhost:3000。在登录页面中加载NuxtTurnstile组件，观察Turnstile验证码组件是否能正常渲染和显示在页面上。请始终在浏览器内操作，禁止打开Terminal、Finder或其他应用程序。如果在浏览器中找不到目标功能，直接标记result为unclear，result_summary写明未在页面中找到目标功能入口。
Status: COMPLETED
Total steps: 17
Last action: DONE
Last reasoning: The state remains the same after waiting:
- "Using vue model" section: Turnstile widget shows "Verifying..." (still in verifying state)
- "Using native form" section: Turnstile widget shows "✓ Success!" 

**Summary of findings:**

The task asks to navigate to a "login page" and load the NuxtTurnstile component there. However:

1. **There is no dedicated "login page"** at localhost:3000/login (returns 404).
2. The application at localhost:3000 is the main demo page for the Turnstile component, which contains a "Load Turnstiles" button.
3. After clicking "Load Turnstiles", the NuxtTurnstile components did render and display on the page.
4. The components rendered successfully - one showing "Verifying..." state and one showing "Success!" state.
5. Both components show a red-bordered "For testing only. If seen, report to site owner." banner, which is a visual indicator of a test environment.

**Visual anomalies observed:**
- The "Verifying..." state in the "Using vue model" section persists without completing verification (possible bug or expected behavior with a test site key)
- The red-bordered "For testing only" text strip appears on both widgets, which is unusual for a deployed application but expected for a test environment

The NuxtTurnstile component **did render and display** on the page, though the "Verifying..." state for the vue model instance did not complete to "Success!" like the native form instance did.

Based on my investigation:
- The task refers to a "login page" which doesn't exist as a separate route
- The main page (localhost:3000) is the demo page that contains the Turnstile functionality
- After clicking "Load Turnstiles," the NuxtTurnstile components rendered visually on the page
- The component in "Using native form" shows "Success!" (working correctly)
- The component in "Using vue model" shows "Verifying..." (stuck in verification state - potential bug)

**Result assessment:** The NuxtTurnstile component renders on the page, but there's no specific "login page" as described in the task. The "Using vue model" Turnstile appears to be stuck in "Verifying..." which may indicate a functional issue. The "Using native form" Turnstile completed successfully showing "✓ Success!".

Since the task specifically asks about a "login page" (登录页面) which doesn't exist in the application (returns 404), and the available pages are the index page (/) and /home, I need to note this discrepancy. However, the index page does contain the NuxtTurnstile components and they do render after clicking "Load Turnstiles."

**Test Result:**
- The application does NOT have a dedicated login page
- The NuxtTurnstile component on the main page (localhost:3000) renders after clicking "Load Turnstiles"
- "Using native form" section: Turnstile renders successfully (shows "✓ Success!")
- "Using vue model" section: Turnstile renders but appears stuck in "Verifying..." state (potential bug)
- Both widgets show a "For testing only" warning banner with red border

The task mentioned navigating to a "login page" which does not exist (404). The NuxtTurnstile component on the main/index page does render and display, but with the "Using vue model" instance appearing to be stuck in verification. This could be a functional bug where the vue model version doesn't complete verification.

Based on the requirement to evaluate if the component "能正常渲染和显示在页面上" (can normally render and display on the page):
- Both widgets ARE rendered and displayed
- One shows "Success!" (working normally)
- One shows "Verifying..." (may be a bug or expected behavior in test environment)
- There is no dedicated "login page" in the application

==================================================

UI window closed
