Session created: sess-20260428153232-362bef854a4348b7b8896184d69b99bc
UI panel initialized successfully
UI window displayed
Expected result: 页面正常渲染无报错，Turnstile验证码组件正常显示并可交互，两个模块不会产生冲突或导致页面异常。
[step 0] Action: Initializing
[step 0] Reasoning: Initializing session connection
[step 0] Action: screenshot
[step 1] Action: Open url: http://localhost:3000/
[step 1] Reasoning: 我可以看到当前页面已经打开了 `localhost:3000`，但这不是首页（有一个 "to /home" 链接）。让我先访问首页，然后进行详细检查。
[step 2] Action: left_click (28, 91)
[step 2] Reasoning: 当前页面是 `localhost:3000`，但有 "to /home" 的链接，说明当前路由可能不是首页。让我点击 "to /home" 链接访问首页。
[step 3] Action: left_click (134, 33)
[step 3] Reasoning: 现在我进入了 `/home` 页面。我可以看到：
- 页面显示 "Home" 标题和 "Home page" 文本
- 有一个 "to /" 链接
- **没有看到任何 Turnstile 验证组件**（应该有验证码小部件）
- **Site Config 相关功能也没有明显显示**

现在让我检查一下这个项目的源码配置。首先让我查看 OpenClaw Control 标签页中的内容，那里可能有配置信息。
[step 4] Action: left_click (289, 33)
[step 4] Reasoning: 这是 OpenClaw Control（一个 AI 助手界面），不是项目配置。让我回到项目，通过浏览器访问项目的配置文件。让我先查看 `localhost:3000` 的根路由，然后检查是否有 Nuxt DevTools 等可用工具。
[step 5] Action: left_click (40, 120)
[step 5] Reasoning: 现在我在 `localhost:3000` 页面（根路由 `/`）。我注意到：

1. **页面结构**：显示了 "to /home" 链接、语言选择器、"Load Turnstiles" 按钮，以及两个表单区域："Using vue model" 和 "Using native form"
2. **Turnstile 验证组件**：两个表单区域都只有提交按钮，但**没有显示 Turnstile 验证小部件**（通常应该是一个带有复选框的小框）
3. 表单中有 "提交" 和 "Reset" 按钮

让我点击 "Load Turnstiles" 按钮，看是否会加载 Turnstile 验证组件。
[step 6] Action: wait
[step 6] Reasoning: 点击 "Load Turnstiles" 后，Turnstile 验证组件出现了！我可以看到：

1. **"Using vue model" 部分**：显示了 Cloudflare Turnstile 验证小部件，状态为 "Verifying..."，并有 "For testing only. If seen, report to site owner" 的警告文本（这是测试模式的标准提示）
2. **"Using native form" 部分**：同样显示了 Cloudflare Turnstile 验证小部件，状态为 "Verifying..."

让我等待片刻，看看验证是否会完成。
[step 7] Action: wait
[step 7] Reasoning: 很好！现在我可以看到：

1. **"Using native form" 部分**：Turnstile 验证组件显示了 "✓ Success!" 状态，说明验证成功完成了
2. **"Using vue model" 部分**：仍然显示 "Verifying..." 状态（可能还在验证中）

让我等待更多时间，看看 vue model 部分是否也会验证成功。
[step 8] Action: left_click (444, 33)
[step 8] Reasoning: "Using vue model" 部分的 Turnstile 仍然显示 "Verifying..."，这可能是一个问题。让我检查 `/home` 页面，看看那里是否有 Turnstile 相关内容和 Site Config 功能。同时，我需要检查这个项目是否已经配置了 Nuxt Site Config 模块。

让我先访问 `/home` 页面，检查 Site Config 相关功能。
[step 9] Action: Open url: view-source:http://localhost:3000/home
[step 9] Reasoning: 现在我在 `/home` 页面。页面显示：
- "Home" 标题
- "Home page" 文本
- "to /" 链接

这个页面没有 Turnstile 验证组件，也没有明显的 Site Config 相关功能显示。让我检查页面的 meta 信息，查看 Site Config 是否在 head 标签中生效。让我通过查看页面源代码（view-source）来检查。
No application knows how to open URL view-source:http://localhost:3000/home (Error Domain=NSOSStatusErrorDomain Code=-10814 "kLSApplicationNotFoundErr: E.g. no application claims the file" UserInfo={_LSLine=1973, _LSFunction=runEvaluator, _LSFile=LSBindingEvaluator.mm, _LSErrorMessage=kLSApplicationNotFoundErr}).
[step 10] Action: left_click (640, 62)
[step 10] Reasoning: `view-source:` 方式没有打开新标签，仍然显示原来的页面。让我直接在地址栏输入 view-source URL。
[step 11] Action: triple_click
[step 12] Action: type: view-source:http:...
[step 13] Action: key: Return
[step 14] Action: scroll down (640, 290) scroll_amount 3
[step 14] Reasoning: 现在我可以看到 `/home` 页面的源代码。让我仔细分析这里的内容：

1. **Nuxt 配置**（第16行）：`window.__NUXT__={};window.__NUXT__.config={public:{turnstile:{siteKey:"1x0000000000000000000000AA"},"nuxt-scripts":{version:"0.13.0",defaultScriptOptions:{trigger:"onNuxtReady"}}}},app:{baseURL:"/",buildId:"dev",buildAssetsDir:"/_nuxt/",cdnURL:""}}`

2. **关键发现**：
   - Turnstile 的 `siteKey` 是 `"1x0000000000000000000000AA"` - 这是 Cloudflare Turnstile 的**测试用 siteKey**（始终通过）
   - 没有看到 Nuxt Site Config 相关的配置（如 `site:` 配置、`url`、`name` 等）

让我放大查看这段源代码，特别是第 16 行的 Nuxt 配置。
[step 15] Action: triple_click
[step 15] Reasoning: 现在我可以看完整的源代码了。让我仔细分析关键信息：

**第16行的关键配置**：
```json
window.__NUXT__.config={
  "public":{
    "turnstile":{"siteKey":"1x0000000000000000000000AA"},
    "nuxt-scripts":{"version":"0.13.0","defaultScriptOptions":{"trigger":"onNuxtReady"}}
  },
  "app":{"baseURL":"/","buildId":"dev","buildAssetsDir":"/_nuxt/","cdnURL":""}
}
```

**重要发现**：
- ✅ Nuxt Turnstile 模块已经配置（`siteKey` 为测试密钥）
- ❌ **没有看到 Nuxt Site Config 相关配置**（如 `site` 对象、url、name 等）
- 在 head 部分没有看到 `<title>` 标签或其他 Site Config 通常生成的 meta 标签

让我查看第 15 行（body 部分）更详细的内容，以及检查是否有 meta 标签。让我查看 `/` 根路由的源代码，以及检查 Nuxt DevTools。

首先让我查看根路由的源代码：
[step 16] Action: type: view-source:http:...
[step 17] Action: key: Return
[step 17] Reasoning: 我看到了下拉建议，还发现有一个 `view-source:http://localhost:3000/examples/demo-full.html` 页面。让我先访问根路由的源代码。
[step 18] Action: triple_click
[step 18] Reasoning: 现在我能看到根路由 `/` 的页面源代码。让我仔细分析这里的内容：

**第 15 行（body 内容）**：
- 有 `<a href="/home" class="" id="home-link"> to /home </a>`
- 有 `<label for="language">Select Turnstile Language :</label><select id="language">` - 这是语言选择器
- 有 `<button>Load Turnstiles</button>` 
- 有 `<h2>Using vue model</h2>` 和 `<h2>Using native form</h2>`

**关键发现**：
- Turnstile 的位置是 `<!--[--><!--]-->` 注释（这是 Vue 服务端渲染中 `v-if` 为 false 时的占位符），说明 Turnstile 组件在服务端渲染时是隐藏的（需要点击 "Load Turnstiles" 按钮才会加载）
- 第 17 行的配置：`{baseURL:"/",buildId:"dev",buildAssetsDir:"/_nuxt/",cdnURL:""}`
- **Nuxt Site Config 模块未在配置中出现**

让我现在访问这个 `/examples/demo-full.html` 路由，看看是否有更多内容：
[step 19] Action: left_click (265, 33)
[step 19] Reasoning: 现在让我访问实际的首页（根路由 `/`），并仔细检查 Nuxt DevTools 是否可以提供更多关于模块配置的信息。让我先回到 `localhost:3000` 页面，然后检查所有功能。
[step 20] Action: Open url: http://localhost:3000/__nuxt_devtools__/
[step 20] Reasoning: 现在我可以看到 `localhost:3000` 首页的完整状态：

1. **页面正常渲染** ✅：页面结构清晰，显示了导航链接、语言选择器、"Load Turnstiles" 按钮
2. **Turnstile 验证组件正常显示** ✅：
   - "Using vue model" 部分：显示了 ✅ **"Success!"** 状态（验证已成功）
   - "Using native form" 部分：也显示了 ✅ **"Success!"** 状态（验证已成功）
   - 两个 Turnstile 小部件都带有 Cloudflare logo 和 "For testing only. If seen, report to site owner" 的警告文本（这是测试模式的标准表现）

现在让我检查 Nuxt Site Config 模块是否已配置。让我查看 Nuxt DevTools（通过 `/__nuxt_devtools__/` 路径访问），或者检查是否有 `_nuxt/` 开头的配置 API 端点。

让我先尝试访问 Nuxt DevTools：
[step 21] Action: left_click (640, 646)
[step 21] Reasoning: Nuxt DevTools 路径返回 404 错误。这意味着 DevTools 模式不可用。但我注意到页面底部出现了 **Nuxt DevTools 的小浮动窗口**！这是 Nuxt DevTools 的快捷入口（浮动图标）。让我点击页面底部的那个 DevTools 图标。
[step 22] Action: left_click (1197, 600)
[step 22] Reasoning: 我看到了右下角有一个 Nuxt DevTools 的浮动预览窗口，显示了一些错误信息。让我点击那个浮动窗口以展开它：
[step 23] Action: left_click (265, 33)
[step 23] Reasoning: 现在我看到了完整的错误页面：
- **错误**："Page not found: /__nuxt_devtools__/"
- **Stack Trace** 显示了错误来自 `node_modules/.pnpm/h3@1.15.4/node_modules/h3/dist/index.mjs`

这说明 Nuxt DevTools 在这个项目中**没有启用**（或者路径不同）。

让我回到首页 (`localhost:3000`) 继续测试，并查看是否有 Nuxt DevTools 的悬浮按钮。让我先去首页，然后查看 Nuxt 的配置 API。
[step 24] Action: Open url: http://localhost:3000/_nuxt/builds/meta/dev.json
[step 24] Reasoning: 现在我在首页，Turnstile 验证组件已经显示"Success!"状态（之前已点击 Load Turnstiles 加载）。我注意到页面底部有一个 Nuxt DevTools 的悬浮图标（像一个 Nuxt logo 的小图标）。让我检查 Site Config 模块的配置情况。

让我尝试访问 Nuxt 的 API 端点 `/_nuxt/builds/meta/dev.json`（从源代码中看到的链接）来获取构建信息：
[step 25] Action: Open url: http://localhost:3000/api/_site-config
[step 25] Reasoning: 这个 JSON 文件只显示了基本的构建元数据：`{"id":"dev","timestamp":1777361523113,"matcher":{"static":{},"wildcard":{},"dynamic":{}},"prerendered":[]}`

这里没有包含模块配置信息。现在让我尝试查看 Nuxt 的 API 端点，看看是否有 site-config 相关的 API：
[step 26] Action: Open url: http://localhost:3000/__site-config__/debug.json
[step 26] Reasoning: `/api/_site-config` 也返回 404，说明 Nuxt Site Config 模块的 API 端点不存在。让我尝试另一个常见的 Nuxt Site Config API 路径：
[step 27] Action: triple_click
[step 27] Reasoning: `/__site-config__/debug.json` 也返回 404。现在让我回到首页，并尝试查看页面的 `<head>` 标签内容，特别是查看 Nuxt Site Config 通常会注入的 `<link rel="canonical">` 或 `<meta name="og:url">` 标签是否存在。让我访问首页的源代码并仔细检查 head 部分：
[step 28] Action: type: view-source:http:...
[step 29] Action: left_click (640, 170)
[step 29] Reasoning: 我看到了下拉菜单中有三个选项：
- `view-source:http://localhost:3000` (切换到这个标签页 - 已打开)
- `view-source:http://localhost:3000/home`
- `view-source:http://localhost:3000/examples/demo-full.html`

我注意到第三个选项：`view-source:http://localhost:3000/examples/demo-full.html` - 这是一个可能包含 Site Config 的演示页面！让我点击它查看：
[step 30] Action: left_click (449, 33)
[step 30] Reasoning: 非常有价值！现在我可以看到 `/examples/demo-full.html` 路由的源代码，这里有非常重要的信息：

1. **第3行**：`<title>404 – Page not found: &amp;examples&amp;/demo-full.html | Nuxt</title>` - 这说明这个路由是一个 404 页面！

2. **第21行（最后）**：`window.__NUXT__={};window.__NUXT__.config={public:{turnstile:{siteKey:"1x0000000000000000000000AA"},"nuxt-scripts":{version:"0.13.0","defaultScriptOptions":{"trigger":"onNuxtReady"}}},app:{baseURL:"/",buildId:"dev",buildAssetsDir:"/_nuxt/",cdnURL:""}}`

3. **关键发现**：
   - **Nuxt DevTools** 在配置中出现了：`window.__NUXT_DEVTOOLS_TIME_METRIC__` - 说明 DevTools 是启用的
   - **`__ss__nuxt_devtools__`** 也出现在配置中
   - **Vue Router 警告**：`[Vue Router warn]: No match found for location with path "/examples/demo-full.html"` - 这是一个 404 路由
   - **配置中只有 `turnstile` 和 `nuxt-scripts`，没有 `site-config`**

让我现在查看根路由的源代码，通过切换到之前已打开的 `view-source:http://localhost:3000` 标签页：
[step 31] Action: left_click (265, 33)
[step 31] Reasoning: 现在我可以完整地看到根路由 `/` 的源代码。让我仔细分析：

**第1-17行 (head 部分)**：
- `<!DOCTYPE html><html><head><meta charset="utf-8">`
- `<meta name="viewport" content="width=device-width, initial-scale=1">`
- 只有这两个基本 meta 标签
- **没有 `<title>` 标签**
- **没有 Nuxt Site Config 通常生成的 canonical URL 标签**
- **没有 og:url, og:site_name 等 meta 标签**

**第15行 (body 内容)**：
`<div id="__nuxt"><!--[--><!--]--><div><div><a href="/home" class="" id="home-link"> to /home </a><div><label for="language">Select Turnstile Language : </label><select id="language"><!--[--><option value="en" selected>en</option><option value="de">de</option><option value="fr">fr</option><!--]--></select></div><button>Load Turnstiles</button><form><h2>Using vue model</h2><!--[--><input type="submit"></form><pre><pre><form><h2>Using native form</h2><!--[--><!--]--><input type="submit"></form><button disabled> Reset </button><pre><pre><div id="teleports"></div>`

**第17行 (Nuxt 配置)**：
`window.__NUXT__={};window.__NUXT__.config={public:{turnstile:{siteKey:"1x0000000000000000000000AA"},"nuxt-scripts":{version:"0.13.0","defaultScriptOptions":{"trigger":"onNuxtReady"}}},app:{baseURL:"/",buildId:"dev","buildAssetsDir":"/_nuxt/","cdnURL":""}}`

**重要发现**：
- ✅ **Nuxt Turnstile 模块配置正确**（`siteKey:"1x0000000000000000000000AA"` 是测试 key）
- ❌ **Nuxt Site Config 模块完全不存在**（`public` 配置中没有任何 `site` 或 `siteConfig` 对象）
- ❌ **页面 head 中没有 `<title>` 标签**（Site Config 通常会生成）
- ❌ **没有 canonical URL 标签**（Site Config 功能未生效）

让我也注意到了一个视觉问题：第15行 body 中有 `<pre><pre>` 重复的 `pre` 标签，这是一个潜在的渲染问题。

现在让我回到首页，通过 Nuxt DevTools 图标来查看模块列表（如果 DevTools 可用）：
[step 32] Action: left_click (640, 657)
[step 32] Reasoning: 现在我在首页。我可以看到页面底部有一个小图标（类似于 Nuxt logo 的悬浮按钮）。让我点击它来打开 Nuxt DevTools：
[step 33] Action: double_click (640, 647)
[step 33] Reasoning: 我可以看到底部有一个 Nuxt DevTools 的悬浮图标正在发光（绿色光晕效果），但 DevTools 面板没有打开。让我尝试双击这个图标：
[step 34] Action: Open url: http://localhost:3000/__nuxt_devtools__/client/
[step 34] Reasoning: Nuxt DevTools 没有打开。让我尝试通过 Nuxt DevTools 的内置 URL 路径来访问它：
[step 35] Action: left_click (640, 408)
[step 35] Reasoning: Nuxt DevTools 已经打开！我可以看到欢迎页面 "Hi there, welcome to Nuxt DevTools!"。现在让我点击 "Get Started" 进入 DevTools 主界面，以查看已安装的模块：
[step 36] Action: left_click (815, 350)
[step 36] Reasoning: **Nuxt DevTools 已经打开！** 现在我可以看到非常有价值的信息：

- **Nuxt v3.20.1** (有更新可用)
- **61 components**（61个组件）
- **218 imports**（218个导入）
- **2 modules**（**只有 2 个模块**）
- **17 plugins**（17个插件）

**关键发现**：项目只有 **2 个模块**！这意味着只安装了少量模块。让我点击 "2 modules" 查看详情：

还有两个警告：
1. "Not connected to the client app, showing server-side data only. Use the embedded mode for full features."（未连接到客户端应用，仅显示服务器端数据）
2. "Access from an untrusted browser, some features are limited. Click to authorize now."（从不受信任的浏览器访问，某些功能受限）

让我点击 modules 查看：
[step 37] Action: left_click (251, 33)
[step 37] Reasoning: **这是决定性的证据！** 我现在在 Nuxt DevTools 的 "Installed Modules" 页面，可以清楚地看到：

**已安装的模块（Total modules: 2）：**
1. **`@nuxt/scripts`** - `@nuxt/scripts` 包，初始化耗时 5ms
2. **`@nuxtjs/turnstile`** - `@nuxtjs/turnstile` 包，初始化耗时 6ms

**关键发现**：
- ✅ **Nuxt Turnstile 模块（`@nuxtjs/turnstile`）已正确安装和启用**
- ❌ **Nuxt Site Config 模块完全没有安装！** 没有 `@nuxtjs/site-config` 或 `nuxt-site-config` 模块

这意味着 **Nuxt Site Config 模块根本没有被安装**，任务要求"同时启用 Nuxt Turnstile 和 Nuxt Site Config 模块"，但实际上只有 Turnstile 模块被安装了，Site Config 模块缺失。

现在让我进一步验证首页的页面渲染情况和 Turnstile 验证组件的工作状态。让我回到首页进行最终检查：
[step 38] Action: DONE
[step 38] Reasoning: 现在我已经完成了完整的检查。让我总结所有发现的结果：

---

## 📊 检查结果汇总

### 一、页面基本渲染情况
**✅ 首页（`localhost:3000`/`/`）正常渲染**
- 页面显示了完整内容：导航链接（"to /home"）、语言选择器、"Load Turnstiles" 按钮、两个表单区域

### 二、Nuxt Turnstile 验证组件
**✅ Turnstile 验证组件正常工作**（但有条件）
- **模块已安装**：`@nuxtjs/turnstile` 已正确安装（Nuxt DevTools 确认），初始化耗时 6ms
- **siteKey 配置正确**：使用 Cloudflare Turnstile 测试 key `1x0000000000000000000000AA`
- **组件加载需要手动触发**：页面初始加载时 Turnstile 小部件处于隐藏状态（`<!--[--><!--]-->`），需要点击 "Load Turnstiles" 按钮才会显示
- **验证成功**：点击 "Load Turnstiles" 后，两个 Turnstile 小部件（"Using vue model" 和 "Using native form"）都显示 **"✅ Success!"** 状态
- **测试模式警告**：小部件显示 "For testing only. If seen, report to site owner"（这是测试 key 的正常行为）

### 三、Nuxt Site Config 模块
**❌ Nuxt Site Config 模块完全未安装！**

通过 Nuxt DevTools 的"Installed Modules"页面，已确认项目中**只安装了 2 个模块**：
1. `@nuxt/scripts`
2. `@nuxtjs/turnstile`

**`nuxt-site-config` 或 `@nuxtjs/site-config` 模块完全不存在于项目中。**

### 四、Site Config 功能检查
由于 Site Config 模块未安装，其功能全部缺失：
- ❌ 页面 `<head>` 中**没有 `<title>` 标签**（Site Config 通常会自动设置）
- ❌ **没有 canonical URL meta 标签**
- ❌ **没有 og:site_name、og:url 等 Open Graph 标签**
- ❌ `/__site-config__/debug.json` API 端点返回 404
- ❌ `/api/_site-config` 端点返回 404
- ❌ `window.__NUXT__.config.public` 中没有任何 `site` 配置对象

### 五、视觉异常
- 源代码中出现了 `<pre><pre>` 重复嵌套标签（可能是渲染 bug）
- 页面缺少 `<title>` 标签（正常 Nuxt 应用应该有页面标题）

---

## 🔴 结论

**任务要求"同时启用 Nuxt Turnstile 和 Nuxt Site Config 模块"，但当前项目状态为：**

| 项目 | 状态 |
|------|------|
| 页面正常渲染 | ✅ 是 |
| Turnstile 模块已安装 | ✅ 是 |
| Turnstile 验证组件显示 | ✅ 正常（需手动点击 Load 按钮） |
| Turnstile 验证成功 | ✅ 是（测试模式） |
| **Site Config 模块已安装** | **❌ 否 - 完全缺失** |
| Site Config 功能生效 | **❌ 否 - 无任何 Site Config 功能** |

**Nuxt Site Config 模块（`nuxt-site-config`）未在此项目中安装，其相关功能无法检查。根据任务指示，由于在浏览器中无法找到 Site Config 相关功能，应标记 result 为 unclear。**
Evaluating task result...

==================================================
Task: 当前Chrome浏览器已打开Turnstile网站，地址是http://localhost:3000。在Nuxt 3.12+项目中同时启用Nuxt Turnstile和Nuxt Site Config模块，访问首页，检查页面是否正常渲染，Turnstile验证组件是否正常显示，以及Site Config相关功能是否正确生效。请始终在浏览器内操作，禁止打开Terminal、Finder或其他应用程序。如果在浏览器中找不到目标功能，直接标记result为unclear。
Status: COMPLETED
Total steps: 38
Last action: DONE
Last reasoning: 现在我已经完成了完整的检查。让我总结所有发现的结果：

---

## 📊 检查结果汇总

### 一、页面基本渲染情况
**✅ 首页（`localhost:3000`/`/`）正常渲染**
- 页面显示了完整内容：导航链接（"to /home"）、语言选择器、"Load Turnstiles" 按钮、两个表单区域

### 二、Nuxt Turnstile 验证组件
**✅ Turnstile 验证组件正常工作**（但有条件）
- **模块已安装**：`@nuxtjs/turnstile` 已正确安装（Nuxt DevTools 确认），初始化耗时 6ms
- **siteKey 配置正确**：使用 Cloudflare Turnstile 测试 key `1x0000000000000000000000AA`
- **组件加载需要手动触发**：页面初始加载时 Turnstile 小部件处于隐藏状态（`<!--[--><!--]-->`），需要点击 "Load Turnstiles" 按钮才会显示
- **验证成功**：点击 "Load Turnstiles" 后，两个 Turnstile 小部件（"Using vue model" 和 "Using native form"）都显示 **"✅ Success!"** 状态
- **测试模式警告**：小部件显示 "For testing only. If seen, report to site owner"（这是测试 key 的正常行为）

### 三、Nuxt Site Config 模块
**❌ Nuxt Site Config 模块完全未安装！**

通过 Nuxt DevTools 的"Installed Modules"页面，已确认项目中**只安装了 2 个模块**：
1. `@nuxt/scripts`
2. `@nuxtjs/turnstile`

**`nuxt-site-config` 或 `@nuxtjs/site-config` 模块完全不存在于项目中。**

### 四、Site Config 功能检查
由于 Site Config 模块未安装，其功能全部缺失：
- ❌ 页面 `<head>` 中**没有 `<title>` 标签**（Site Config 通常会自动设置）
- ❌ **没有 canonical URL meta 标签**
- ❌ **没有 og:site_name、og:url 等 Open Graph 标签**
- ❌ `/__site-config__/debug.json` API 端点返回 404
- ❌ `/api/_site-config` 端点返回 404
- ❌ `window.__NUXT__.config.public` 中没有任何 `site` 配置对象

### 五、视觉异常
- 源代码中出现了 `<pre><pre>` 重复嵌套标签（可能是渲染 bug）
- 页面缺少 `<title>` 标签（正常 Nuxt 应用应该有页面标题）

---

## 🔴 结论

**任务要求"同时启用 Nuxt Turnstile 和 Nuxt Site Config 模块"，但当前项目状态为：**

| 项目 | 状态 |
|------|------|
| 页面正常渲染 | ✅ 是 |
| Turnstile 模块已安装 | ✅ 是 |
| Turnstile 验证组件显示 | ✅ 正常（需手动点击 Load 按钮） |
| Turnstile 验证成功 | ✅ 是（测试模式） |
| **Site Config 模块已安装** | **❌ 否 - 完全缺失** |
| Site Config 功能生效 | **❌ 否 - 无任何 Site Config 功能** |

**Nuxt Site Config 模块（`nuxt-site-config`）未在此项目中安装，其相关功能无法检查。根据任务指示，由于在浏览器中无法找到 Site Config 相关功能，应标记 result 为 unclear。**

==================================================

UI window closed
