No application knows how to open URL view-source:localhost:5173 (Error Domain=NSOSStatusErrorDomain Code=-10814 "kLSApplicationNotFoundErr: E.g. no application claims the file" UserInfo={_LSLine=1973, _LSFunction=runEvaluator, _LSFile=LSBindingEvaluator.mm, _LSErrorMessage=kLSApplicationNotFoundErr}).
Session created: sess-20260419143459-939082031ad44c1abf73af3cd5084b2b
UI panel initialized successfully
UI window displayed
Expected result: 关键词搜索高亮应始终只显示当前页面的匹配结果，多次切换页面后返回某一页时不应出现其他页面的高亮残留。
[step 0] Action: Initializing
[step 0] Reasoning: Initializing session connection
[step 0] Action: screenshot
[step 1] Action: scroll up (640, 400) scroll_amount 5
[step 1] Reasoning: I can see the VuePDF application is displaying a PDF document (a Cancer Research FAQ document). The PDF content is visible. Now I need to look for search/highlight controls. Let me scroll up to check if there are any controls at the top of the page, and also look around the page for search functionality.
[step 2] Action: scroll down (640, 400) scroll_amount 10
[step 2] Reasoning: The page appears to be at the top already. I can see the PDF is displaying a document but there are no visible search/highlight UI controls on the page. The page shows just the PDF content without any search bar, highlight buttons, or other UI controls. Let me check if there's something I'm missing by looking at the full page - maybe there's a navigation area or the app has a different structure. Let me check the page source or look for any hidden elements.
[step 3] Action: key: ctrl+u
[step 3] Reasoning: The page seems to be a single view that doesn't scroll further. The PDF content is visible and the page shows what appears to be a PDF viewer, but I can see the PDF is only showing the first page (table of contents). There are no visible search/highlight controls. 

Let me check the page URL and look if this is the right page. The URL is `localhost:5173`. Let me check if there are different routes or pages in this Vue app. Let me also look at what's visible - the page shows "Cancer Research Integrated Informatics System (CRIIS)" FAQ document. 

I notice this might be a specific demo page for the vue-pdf component. The page seems to just display the PDF without any search UI. Let me check the page source to understand the app structure better, and also look for any hidden navigation or tabs.
[step 4] Action: Open url: view-source:localhost:5173
[step 4] Reasoning: The view source didn't open. Let me try a different approach - let me navigate to the page source directly to understand the app structure.
[step 5] Action: key: F12
[step 5] Reasoning: The view source didn't open in a new tab. Let me try right-clicking on the page to get a context menu with "View Page Source" option.

Let me instead use the browser's developer tools to inspect the page and understand the app structure. I'll try pressing F12.
[step 6] Action: left_click (67, 454)
[step 6] Reasoning: The developer tools have opened. I can see the Console panel is active. Let me check the page structure by clicking on the "Elements" tab to inspect the HTML structure.
[step 7] Action: left_click (114, 454)
[step 7] Reasoning: I can see the Elements panel. The HTML structure shows `<div id="app" data-v-app="">` which is the Vue app container. Let me click on the Console tab to use the console to explore the app structure better. This will help me understand what components are rendered.

Let me click on the Console tab and explore the Vue app structure:
[step 8] Action: left_click (640, 580)
[step 8] Reasoning: The Console tab is now open. Let me click in the console area and run a command to explore the DOM structure of the app.
[step 9] Action: type: document.querySel...
[step 9] Reasoning: I can see the console is ready (the cursor `>` is visible). Let me type a command to explore the app's DOM structure and look for any search/highlight components:
[step 10] Action: key: Return
[step 11] Action: left_click (640, 580)
[step 11] Reasoning: I can see the HTML output in the console. I can see there's a `canvas` element and some annotation layers. This looks like the PDF viewer canvas. Let me now look for any search/highlight controls in the DOM. Let me search for input elements or buttons:
[step 12] Action: left_click (640, 580)
[step 13] Action: type: document.querySel...
[step 13] Reasoning: Let me type in the console to check for input elements and any search-related components:
[step 14] Action: left_click (640, 610)
[step 14] Reasoning: I can see the command was executed and the result is `0`. This means there are no input elements, buttons, or elements with "search" or "highlight" class names in the DOM. This confirms there are no search/highlight UI controls on this page.

Let me run another command to see what the actual structure of the app looks like - look for all elements and their class names:
[step 15] Action: left_click (640, 610)
[step 15] Reasoning: The result `0` confirms there are no input elements, buttons, or search/highlight UI controls on this page. Let me also check if there are any vue-pdf specific components related to search by looking at the source files. Let me navigate to the sources tab to explore what source files are available.

But first, let me also look at the page from a different angle - let me check if the app has any routes or different pages by looking at the router configuration or if there are any navigation links on the page. Let me close the DevTools first and look at the full page more carefully.

Let me also check the full Vue app structure by running a console command:
[step 16] Action: type: Array.from(docume...
[step 17] Action: key: Return
[step 18] Action: left_click (1006, 472)
[step 18] Reasoning: I can see the debugger has paused with an error: "Paused on promise rejection: TypeError: Cannot read properties of undefined". This seems to be an error in my console code. Let me resume the debugger and use a simpler approach:
[step 19] Action: left_click (114, 455)
[step 19] Reasoning: I can see the error: "TypeError: Cannot read properties of undefined (reading 'from')". The error was from my console code. Let me click on the Console tab and run a simpler command:
[step 20] Action: key: F12
[step 20] Reasoning: I can see the console with the error. I notice the command I ran resulted in an error because the code was concatenated incorrectly. However, looking at the console, I can see:
- From my earlier query, the result was `0` for inputs, buttons, and search/highlight elements.
- The page shows only the PDF content with no UI controls.

Now let me also look at whether there are any other routes in this Vue app. Let me check by looking at the app in the Sources tab. But first, let me understand the page better by using the DevTools Elements panel to look at the full DOM structure. Let me close the DevTools and try navigating to other potential URLs for this app:

Let me close DevTools first:
[step 21] Action: scroll down (640, 400) scroll_amount 3
[step 21] Reasoning: Now I can see the full page without the DevTools panel! This is very interesting - I can see:

1. **The PDF is rendering** - The Cancer Research Integrated Informatics System (CRIIS) FAQ document is clearly visible
2. **At the bottom of the page, there appear to be navigation elements**: I can see "CRIIS" (with CANCER RESEARCH INTEGRATED INFORMATICS SYSTEM text) and "FAQ" buttons/tabs at the bottom
3. **There's a highlighted row**: "The key intervals for the main Census Bureau measures." row appears to be highlighted with a yellow/different background
4. **No search input box or search UI control** is visible

The page appears to be displaying a PDF document but there are no search/highlight UI controls visible on the current view. The highlighted row might be a navigation element, not a keyword highlight. Let me scroll down to see if there are more controls below the current view, and also examine the "CRIIS" and "FAQ" buttons at the bottom:
[step 22] Action: scroll up (640, 300) scroll_amount 5
[step 22] Reasoning: Now I can see the page has scrolled slightly and I can see:
1. There's another highlighted row: "What happens if I had to step away, and I was logged out before completing my work?............ 6" - this row appears highlighted in yellow
2. At the bottom there are two tabs/buttons: "CRIIS" and "FAQ"
3. The page is still showing the table of contents of the PDF document

This appears to be the Vue PDF application but I can only see a single page of the PDF (table of contents). I notice the highlighted rows might be from some kind of search functionality, OR they might be normal PDF links that appear highlighted on hover/focus. But there are NO search input boxes, search buttons, or any search UI controls visible.

Let me check the bottom area of the page - there seem to be "CRIIS" and "FAQ" tabs at the very bottom. Let me click on them to see if they lead to different views:

Let me also look more carefully at what's at the bottom - it might be page navigation. Let me scroll down to see if there's more content below:

I can see the full page is visible - the PDF content is in the main area, and at the bottom there are two elements "CRIIS CANCER RESEARCH INTEGRATED INFORMATICS SYSTEM" (left) and "FAQ" (right). These look like they could be page indicators or navigation elements within the PDF. The current page shows the Table of Contents.

Let me scroll to the top and take a careful look at the full page to see if there's any search UI that I might have missed:
[step 23] Action: key: F12
[step 23] Reasoning: Now I can see the full page layout more clearly. I notice:
1. A new highlighted row has appeared: "Can I look up individual patients?..............................................4" - this row has a yellow highlight
2. There is a visible highlight of the text "look up individual patients" within that row with a yellow/green highlight
3. The "CRIIS" and "FAQ" labels are at the very bottom of the page

Looking at the current page carefully:
- The text "look up" appears to be highlighted/linked (there are dotted underlines on "look up individual patients" and "up")
- These seem to be PDF internal links rather than search highlights

I now notice something I missed earlier - the page content is scrollable! When I scrolled up, the highlighted row changed to a different row. This suggests that there ARE some kind of highlights on the page, but they might be moving focus indicators rather than keyword search highlights.

Let me look more carefully - I see:
- "Can I **look up individual patients**?...." row has a light blue/yellow highlight background
- The word "up" appears linked/underlined

This is interesting. Let me look at the bottom more carefully. The "CRIIS" and "FAQ" at the bottom - let me click on "FAQ" to see what happens:

Actually, wait - looking at this more carefully, I think I'm seeing PDF internal links being highlighted on hover/focus, not keyword search results. The PDF has a table of contents with clickable links.

Let me look at the URL bar - it says `localhost:5173/#`. The `#` suggests there might be hash routing. This is a Vue app. Let me check if there are any navigation links I'm missing by examining the complete layout:

The page seems to show:
1. The entire page is the PDF document (first page - table of contents)
2. The bottom has "CRIIS" (left) and "FAQ" (right) - these appear to be part of the PDF's footer/header
3. **There is NO search input box, search button, or highlight control UI anywhere on the page**

Let me now look at the page source to understand the application structure better by clicking the Sources tab in DevTools:

Let me open DevTools and check the source files:
[step 24] Action: left_click (640, 490)
[step 24] Reasoning: Good, now I can see the DevTools are open with the Console tab. I can see the console is empty. The page shows the PDF document in the upper portion. Let me click on the Console prompt area and run a command to check the Vue app structure and see if there's a `highlightText` prop or search component:
[step 25] Action: type: document.querySel...
[step 26] Action: key: F12
[step 26] Reasoning: The console output clearly shows: **"0 inputs, 0 buttons"**

This definitively confirms that the page has:
- **0 input elements** (no search box, no text input)
- **0 buttons** (no search button, no navigation buttons, no highlight buttons)

The VuePDF application at `localhost:5173` shows only a PDF document (Cancer Research Integrated Informatics System FAQ) rendered using the vue-pdf component, but there are **no search/highlight UI controls** of any kind on the page.

Let me close DevTools and take a final screenshot to confirm the overall state of the page:
[step 27] Action: DONE
[step 27] Reasoning: Now I have a clear view of the complete page. Let me take a full assessment of what I see:

**Page Assessment:**

1. **PDF Content**: The page renders a PDF document - "Cancer Research Integrated Informatics System (CRIIS) - Frequently Asked Questions". The table of contents is visible showing multiple sections.

2. **No Search/Highlight UI**: There are **0 input elements and 0 buttons** on the page (confirmed via DevTools console). No search box, no keyword input, no highlight controls.

3. **Row highlighting**: I can see "Top 5 Things to know about using Map Builder ...8" is highlighted with a yellow/light background. This appears to be either:
   - A focus indicator from the PDF's internal link navigation
   - Or possibly a hover state on a link

4. **Bottom elements**: "CRIIS" (left) and "FAQ" (right) labels at the bottom appear to be part of the PDF's footer area, not navigation UI controls.

5. **No page navigation controls**: There are no visible "Previous Page", "Next Page" buttons or page number indicators for navigating between PDF pages.

**Conclusion**: The VuePDF application at `localhost:5173` displays a PDF document but does **NOT** have any search or highlight UI controls. The keyword search highlight feature testing cannot be performed as there is no accessible search/highlight UI on the page.

Based on my comprehensive investigation:
- ✅ PDF content IS displaying (first page - table of contents visible)
- ❌ No search input box found
- ❌ No highlight controls found
- ❌ No page navigation buttons found
- The result should be marked as **unclear** (目标功能入口未找到)

**结论报告：**

## 测试结果：unclear（未找到目标功能入口）

### 详细观察：

**1. PDF内容显示情况：**
- ✅ PDF内容正常显示：页面成功渲染了"Cancer Research Integrated Informatics System (CRIIS) Frequently Asked Questions"文档的第一页（目录页）

**2. 搜索/高亮UI控件情况：**
- ❌ **未找到任何搜索框、关键词输入框、搜索按钮或高亮控件**
- 通过Chrome DevTools Console确认：`document.querySelectorAll('input').length` = **0**，`document.querySelectorAll('button').length` = **0**
- 页面上完全没有input、button元素，也没有任何带有"search"或"highlight"类名的元素

**3. 页面结构：**
- 整个页面仅包含一个PDF文档渲染区域（Canvas + 注释层）
- 底部有"CRIIS"和"FAQ"标签，但这些是PDF文档本身的页脚内容，不是Vue应用的导航控件
- 页面上没有分页导航按钮（上一页/下一页），也无法主动切换到其他页面

**4. 视觉异常（Bug记录）：**
- 页面中某些目录条目会出现黄色高亮背景（如"Top 5 Things to know about using Map Builder"一行），这可能是PDF链接的焦点状态，但并非基于关键词搜索的高亮

**总结：** `localhost:5173` 上的VuePDF应用没有提供任何搜索高亮功能的用户界面入口。关键词搜索高亮功能在多页切换场景下的表现**无法测试**，result标记为 **unclear**。
Evaluating task result...

==================================================
Task: 当前Chrome浏览器已打开VuePDF应用，地址是http://localhost:5173。测试vue-pdf组件的关键词搜索高亮功能在多页切换场景下的表现。步骤：1. 查看当前页面是否有PDF内容显示。2. 寻找页面上的搜索框或高亮控件（可能在页面顶部、侧边栏或PDF内部）。3. 如果有搜索功能，输入关键词搜索，观察第一页的高亮是否正常，然后切换到其他页面检查高亮。4. 如果页面上无任何搜索/高亮UI控件，请直接标记result为unclear（未找到目标功能入口）。注意：始终在浏览器内操作，禁止打开Terminal或其他非浏览器应用。
Status: COMPLETED
Total steps: 27
Last action: DONE
Last reasoning: Now I have a clear view of the complete page. Let me take a full assessment of what I see:

**Page Assessment:**

1. **PDF Content**: The page renders a PDF document - "Cancer Research Integrated Informatics System (CRIIS) - Frequently Asked Questions". The table of contents is visible showing multiple sections.

2. **No Search/Highlight UI**: There are **0 input elements and 0 buttons** on the page (confirmed via DevTools console). No search box, no keyword input, no highlight controls.

3. **Row highlighting**: I can see "Top 5 Things to know about using Map Builder ...8" is highlighted with a yellow/light background. This appears to be either:
   - A focus indicator from the PDF's internal link navigation
   - Or possibly a hover state on a link

4. **Bottom elements**: "CRIIS" (left) and "FAQ" (right) labels at the bottom appear to be part of the PDF's footer area, not navigation UI controls.

5. **No page navigation controls**: There are no visible "Previous Page", "Next Page" buttons or page number indicators for navigating between PDF pages.

**Conclusion**: The VuePDF application at `localhost:5173` displays a PDF document but does **NOT** have any search or highlight UI controls. The keyword search highlight feature testing cannot be performed as there is no accessible search/highlight UI on the page.

Based on my comprehensive investigation:
- ✅ PDF content IS displaying (first page - table of contents visible)
- ❌ No search input box found
- ❌ No highlight controls found
- ❌ No page navigation buttons found
- The result should be marked as **unclear** (目标功能入口未找到)

**结论报告：**

## 测试结果：unclear（未找到目标功能入口）

### 详细观察：

**1. PDF内容显示情况：**
- ✅ PDF内容正常显示：页面成功渲染了"Cancer Research Integrated Informatics System (CRIIS) Frequently Asked Questions"文档的第一页（目录页）

**2. 搜索/高亮UI控件情况：**
- ❌ **未找到任何搜索框、关键词输入框、搜索按钮或高亮控件**
- 通过Chrome DevTools Console确认：`document.querySelectorAll('input').length` = **0**，`document.querySelectorAll('button').length` = **0**
- 页面上完全没有input、button元素，也没有任何带有"search"或"highlight"类名的元素

**3. 页面结构：**
- 整个页面仅包含一个PDF文档渲染区域（Canvas + 注释层）
- 底部有"CRIIS"和"FAQ"标签，但这些是PDF文档本身的页脚内容，不是Vue应用的导航控件
- 页面上没有分页导航按钮（上一页/下一页），也无法主动切换到其他页面

**4. 视觉异常（Bug记录）：**
- 页面中某些目录条目会出现黄色高亮背景（如"Top 5 Things to know about using Map Builder"一行），这可能是PDF链接的焦点状态，但并非基于关键词搜索的高亮

**总结：** `localhost:5173` 上的VuePDF应用没有提供任何搜索高亮功能的用户界面入口。关键词搜索高亮功能在多页切换场景下的表现**无法测试**，result标记为 **unclear**。

==================================================

UI window closed
