No application knows how to open URL view-source:http://localhost:3000 (Error Domain=NSOSStatusErrorDomain Code=-10814 "kLSApplicationNotFoundErr: E.g. no application claims the file" UserInfo={_LSLine=1973, _LSFunction=runEvaluator, _LSFile=LSBindingEvaluator.mm, _LSErrorMessage=kLSApplicationNotFoundErr}).
Session created: sess-20260419134511-bbe9dea33a1e463da5f97316d3c0d6c9
UI panel initialized successfully
UI window displayed
Expected result: 传入多个文本字符串时，所有指定的文本片段都应在PDF页面上被正确高亮显示；当文本包含装饰或跨行时，搜索高亮功能应能正确匹配并显示高亮效果。
[step 0] Action: Initializing
[step 0] Reasoning: Initializing session connection
[step 0] Action: screenshot
[step 1] Action: scroll up (640, 400) scroll_amount 5
[step 1] Reasoning: I can see the VuePDF application is already open with a PDF document loaded. The PDF shows a research paper about "Trace-based Just-in-Time Type Specialization for Dynamic Languages". Now I need to scroll up or look for the text highlight/search functionality. Let me scroll up to check if there are any controls above the PDF.
[step 2] Action: Open url: http://localhost:3000
[step 2] Reasoning: The page appears to show only the PDF content without any visible search/highlight controls. This might be a demo page where I need to look at the page source or URL path to find different demos. Let me check if there are any navigation options by looking at the page more carefully. Let me check the URL and try navigating to see if there are more sections or tabs on this page.
[step 3] Action: Open url: http://localhost:3000/highlight
[step 3] Reasoning: The page at localhost:3000 only shows the PDF document. This appears to be a simple PDF viewer without visible UI controls for search/highlight functionality. Let me check if there are other routes available by looking at what the VuePDF demo typically provides. Let me try some common demo routes.
[step 4] Action: key: ctrl+u
[step 4] Reasoning: The /highlight route shows the same PDF content. Let me check the page source to understand the app's structure and find any hidden controls or other routes.
[step 5] Action: Open url: view-source:http://localhost:3000
[step 5] Reasoning: The view source didn't open in a new tab. Let me try using the browser's developer tools to inspect the page and understand the structure. Let me use the right-click context menu to view the page source.
[step 6] Action: left_click (640, 61)
[step 6] Reasoning: The view-source didn't open. Let me try opening the developer tools to inspect the page structure and find any hidden controls or routes for the highlight functionality.
[step 7] Action: triple_click
[step 7] Reasoning: I can see the address bar is now active showing "localhost:3000/highlight". Let me navigate to the main page and open developer tools to inspect the Vue app's structure.
[step 8] Action: type: http://localhost:...
[step 9] Action: left_click (204, 169)
[step 9] Reasoning: I can see some interesting suggestions! There's "localhost - http://localhost:3000/demo/" which seems like a VuePDF demo page. Let me click on that.
[step 10] Action: key: F12
[step 10] Reasoning: I'm now at localhost:3000/demo/ but it still shows the same PDF content. The page is showing the same PDF without any visible controls. This is a Vue.js SPA (Single Page Application) and the routing might be client-side. Let me open the Chrome DevTools to inspect the page and understand the structure, especially looking for the highlight/text search functionality.
[step 11] Action: left_click (134, 96)
[step 11] Reasoning: DevTools is now open. I can see the Console tab is active. Let me look at the Elements tab to understand the structure, and then check the Sources tab to find the Vue routes and components.

Let me first check the Elements tab to see the app structure:
[step 12] Action: left_click (88, 154)
[step 12] Reasoning: I can see the HTML structure. There's a `<div id="app" data-v-app>` element and a script that loads from `/playground/main.ts`. Let me expand the `#app` div to see the Vue app structure, and also look at the Sources to find route definitions.

Let me click on the `<div id="app"` to expand it:
[step 13] Action: left_click (225, 96)
[step 13] Reasoning: I can see the app structure. Now let me look at the Sources tab to find the Vue router configuration to see the available routes.
[step 14] Action: left_click (83, 114)
[step 14] Reasoning: I'm on the Sources tab. I can see "Page" and "Snippets" tabs. Let me click on "Page" to navigate the source files:
[step 15] Action: left_click (107, 237)
[step 15] Reasoning: Excellent! I can see the file structure now. There's a `demo` folder and a `playground` folder. Let me explore the `playground` folder which likely contains the main entry point with route definitions.
[step 16] Action: left_click (137, 237)
[step 17] Action: left_click (181, 96)
[step 17] Reasoning: The playground folder didn't expand. Let me try using the Console to inspect the Vue router and find available routes:
[step 18] Action: left_click (280, 170)
[step 18] Reasoning: I'm now in the Console. I can see the console is active. Let me inspect the Vue router to find available routes. Let me use the console to query the Vue app:
[step 19] Action: type: document.querySel...
[step 19] Reasoning: Good, the console input is now active. Let me type a command to find the Vue app routes:
[step 20] Action: key: Return
[step 20] Reasoning: I can see the command was typed. Now let me press Enter to execute it:
[step 21] Action: left_click (78, 352)
[step 21] Reasoning: I see an error "TypeError: Cannot read properties of undefined (reading 'getRoutes')". The debugger is paused. The router is not accessible this way. Let me resume the debugger and try a different approach:
[step 22] Action: left_click (126, 194)
[step 22] Reasoning: Good, the debugger is no longer paused. The error shows "Cannot read properties of undefined (reading 'getRoutes')". The app may not use Vue Router. Let me now look at the `demo` folder's file (`demo/`) to understand what is in this application.

Let me try a different approach - look at the network requests to see if there are any route definitions, or look at the source code through the Sources panel. Let me check the `demo` directory:
[step 23] Action: left_click (126, 194)
[step 24] Action: left_click (136, 208)
[step 24] Reasoning: The `demo` folder doesn't seem to expand. Let me try a different approach. Let me look at the network tab to understand what files are loaded, and examine the demo/ file to find the source code:
[step 25] Action: left_click (340, 114)
[step 25] Reasoning: Let me click on the demo/ file in the sources tree to view its content:
[step 26] Action: key: ctrl+Home
[step 26] Reasoning: I can see the demo/ file is now open - it's showing "Line 16" - the HTML file for the demo. The content area shows "16" which is just a line number. The file appears to be mostly empty or it might be the rendered HTML. Let me scroll up to see the full content:
[step 27] Action: left_click (107, 369)
[step 27] Reasoning: The demo file still shows "Line 16" and the content area is empty. The demo/ file appears to be an HTML file that's essentially just the empty app container. 

Let me try a different approach. I'll look at the Network tab to see the JavaScript bundles loaded, which might give clues about route structure. But first, let me try accessing the VuePDF playground directly through URLs that are commonly used in Vue component playgrounds:
[step 28] Action: left_click (283, 449)
[step 28] Reasoning: The console is now visible. Let me use the console to query the current app for available components and features. First, let me look at what's currently in the DOM to understand the page structure better, and then find what the application offers:
[step 29] Action: left_click (181, 97)
[step 29] Reasoning: Let me click on the console input at the bottom to use it:
[step 30] Action: left_click (283, 177)
[step 30] Reasoning: Now I can see the console panel at the bottom of the screen. The PDF is still showing on the left. I can see there's a console input available. Let me now inspect the Vue component structure to understand the available components and features. Let me click on the console input at the very bottom:
[step 31] Action: scroll down (283, 150) scroll_amount 3
[step 31] Reasoning: I can see the console is there but I don't see a console input box. Let me scroll down in the console or click on the arrow prompt (>) to get to the input. Let me look at the bottom of the console panel. Let me scroll down in the console:
[step 32] Action: left_click (79, 177)
[step 32] Reasoning: I can see the console has a `>` prompt at the bottom (Line 177 area). The main devtools console seems to be minimized at the top. I need to click on the `>` next to the second console section at the bottom. Let me click on the `>` prompt on line 79 (the console input area):
[step 33] Action: left_click (283, 177)
[step 33] Reasoning: I see the console panel has two sections - there's a `>` prompt that's not expanded. Let me try a different approach - use Ctrl+` to open the Console in Chrome DevTools which is already open. Let me click on the console area and type in it:
[step 34] Action: left_click (200, 177)
[step 34] Reasoning: I see the top part of the DevTools has the Console tab, and there are two parts - the main console on top and a drawer console below. Let me click directly in the main console area to get the cursor there. Let me click just to the right of the `>` prompt at the top section:
[step 35] Action: left_click (482, 484)
[step 35] Reasoning: I can see there's a `>` prompt at line 79 and the console shows the previous query error. The console appears to be the main DevTools console. Let me close the drawer console at the bottom and use the main console panel. Let me close the drawer:
[step 36] Action: left_click (200, 177)
[step 36] Reasoning: Good, the drawer console is now closed. I can see the main console with the `>` prompt and error. I can see a `>` line at line 79 (the second prompt after the error). Let me click on that area to get the cursor there and type a new command:
[step 37] Action: left_click (85, 177)
[step 37] Reasoning: I can see the console is now clear of the drawer. There's an error message and a `>` prompt visible. I see the `>` prompt at line 177. Let me click directly on the `>` prompt at the bottom of the console output to type a new command:
[step 38] Action: key: F12
[step 38] Reasoning: The console seems to be focused but the cursor might be in the input. Let me try typing a new command. But first, I realize the DevTools console is showing correctly but it's "undocked" - the main console shows both the input area and the results from the top. Let me check the DevTools more carefully by resizing it. Actually, the main issue is that the DevTools panel seems to only show the top section, and the console input is below the visible area. Let me try to resize the DevTools by dragging the divider between the page and the DevTools:

Actually, looking at the screenshot more carefully, I can see the DevTools is in the right section (split mode) or it's occupying the full tab. The full DevTools panel seems to be from x=68 to x=487 (the left section with the PDF) and the DevTools console to the right. 

Let me take a fresh approach - let me close the DevTools and instead directly navigate to the demo page with specific routes. The page is already at `http://localhost:3000/demo/` and I can see it shows a PDF from the research paper. 

Let me look at the page more carefully. The page shows only the PDF content in the left portion of the screen. I notice the page content (the PDF) is visible but there's no visible UI for text highlighting. Looking at VuePDF's documentation, the highlight text feature requires passing a `highlightText` prop to the VuePDF component. Let me try a different approach - close DevTools and look at the full page:
[step 39] Action: Minimize panel
[step 39] Reasoning: Now I can see the full page. The PDF is showing "Trace-based Just-in-Time Type Specialization for Dynamic Languages" paper. The page at `localhost:3000/demo/` shows just the PDF without any highlight controls visible. 

I notice the URL is `localhost:3000/demo/`. Let me look at the full page - scroll up and down to see if there are any UI elements above or below the PDF. But first, I see the task panel is in the way. Let me minimize it to see the full page:
[step 40] Action: scroll up (640, 400) scroll_amount 5
[step 40] Reasoning: Now I can see the full page. The URL is `localhost:3000/demo/` and the page shows only the PDF content without any visible UI controls (no search box, no highlight controls, no navigation). The PDF shows a research paper page. Let me scroll up to check if there's any UI at the top that might be above the visible area:
[step 41] Action: Open url: http://localhost:3000/demo/highlight
[step 41] Reasoning: The page is already scrolled to the top. I can see the PDF starts right from the title "Trace-based Just-in-Time Type Specialization for Dynamic Languages". There's no navigation bar, search controls, or any UI controls for text highlighting. This appears to be a minimal demo page showing just the PDF.

Now I need to investigate the source code of this demo application to find any highlight functionality. Let me look at the source files. The URL is `localhost:3000/demo/` which suggests there's a Vite dev server running. Let me look at the application's source code structure. Let me try to look at what routes exist in this Vite app. Let me check the application's main.ts file or look at any navigation links:

Let me try navigating to some common paths to see if the VuePDF demo has any specific highlight demo pages:
[step 42] Action: key: F12
[step 42] Reasoning: The /demo/highlight route still shows the same PDF without any visible controls. The VuePDF demo appears to be a Vue SPA with client-side routing. Let me try to find the available routes by looking at the source files. Let me open the DevTools and look at the Sources panel to navigate the file structure:
[step 43] Action: left_click (225, 97)
[step 43] Reasoning: DevTools is open again. I can see the Console panel is empty (just a `>` prompt). Let me click on the console input to type a command. Let me look at the Sources panel to find the app's route definitions:
[step 44] Action: left_click (83, 114)
[step 44] Reasoning: I'm on the Sources tab and it's showing "Snippets" panel with "Script snippet #1". I need to click on "Page" to see the file tree:
[step 45] Action: left_click (140, 208)
[step 45] Reasoning: Excellent! Now I can see the file structure! There's a `demo` folder with a `highlight` file. I can also see `node_modules`, `playground`, and `src` folders. I can see the directory structure:
- `localhost:3000`
  - `@id`
  - `@vite`
  - `demo`
    - `highlight` ← this is the file!
  - `node_modules`
  - `playground`
  - `src`
  - `pdf.worker.min.js`

Let me click on the `highlight` file to see its contents:
[step 46] Action: left_click (138, 237)
[step 46] Reasoning: I can see the `highlight` file is just an HTML file with a Vue App entry point! The key line is:
- Line 13: `<script type="module" src="/playground/main.ts"...`

So the app is using `/playground/main.ts` as the entry point. This is the same Vue app structure as all the other pages. The routing appears to be client-side. Let me look at the `playground` folder to find the router definitions:
[step 47] Action: left_click (94, 237)
[step 47] Reasoning: I can see the `playground` folder is expanded but it's empty (no files visible). Let me click on the triangle/arrow next to it to expand it:
[step 48] Action: left_click (140, 252)
[step 48] Reasoning: Now I can see the `playground` folder has files:
- `App.vue` (appears twice - likely two versions)
- `main.ts` (appears twice)

And there's also a `src` folder. Let me click on the `App.vue` file first to see its content. I'll click on the first `App.vue`:
[step 49] Action: left_click (140, 267)
[step 49] Reasoning: I can see the `App.vue` file. It has a simple template with:
```vue
<script setup lang="ts">
import { VuePDF, usePDF } from '../src';

const { pdf } = usePDF('https://raw.githubuserconten...
</script>

<template>
  <div>
    <VuePDF :pdf="pdf" />
  </div>
</template>
```

This is the main App.vue but it doesn't have the highlight functionality. Let me look at the second `App.vue` file which might be the highlight demo:
[step 50] Action: left_click (94, 311)
[step 50] Reasoning: This appears to be the compiled/transpiled version of App.vue, not the source. It's showing compiled JS code. Let me scroll up to see if this second App.vue has any highlight functionality. Actually, I see a "Source map loaded" notification which means this is the compiled version. Let me look at the first App.vue more carefully - it's likely the same file but one is the source and the other is the compiled version.

Let me look at the `src` folder for more insight into VuePDF's components and especially the highlight/text feature:
[step 51] Action: left_click (100, 326)
[step 51] Reasoning: I can see the `src` folder has:
- `components` folder
- `index.ts` file

Let me expand the `components` folder to see what components are available:
[step 52] Action: left_click (100, 340)
[step 52] Reasoning: The `components` folder has a `layers` subfolder. Let me expand the `layers` folder to see what components are there:
[step 53] Action: left_click (109, 340)
[step 53] Reasoning: The `layers` folder didn't expand to show sub-files. Let me try clicking the triangle icon directly. Let me look at the `layers` folder more carefully and try to expand it by clicking on its disclosure triangle:
[step 54] Action: left_click (140, 252)
[step 54] Reasoning: The `layers` folder still doesn't expand. The file tree seems to not be showing sub-files. This might be because the source map is mapping to the compiled version. Let me look at the App.vue file (first version) more carefully to understand the source structure, and then use the console to interact with the Vue app directly.

Let me go back to the first App.vue source code and check what it imports and look at the VuePDF component's available props:
[step 55] Action: left_click (138, 281)
[step 55] Reasoning: Now I can see the `App.vue` source (this is the playground/App.vue, the demo version). The code shows:
```
<!-- Use this component to play with the main compo...
<script setup lang="ts">
import { VuePDF, usePDF } from '../src';

const { pdf } = usePDF('https://raw.githubuserconte...
</script>

<template>
  <div>
    <VuePDF :pdf="pdf" />
  </div>
</template>
```

This App.vue only passes the `:pdf` prop to `VuePDF`. But VuePDF has other props including `highlightText`. I need to look at the current route's App.vue which is loaded for `/demo/highlight`. 

Wait - I see there are two sets of Vue files: `App.vue` and `App.vue` (and `main.ts` and `main.ts`). These are likely from different directories (maybe playground and demo/highlight). Let me check the `main.ts` files to understand the router setup:
[step 56] Action: left_click (138, 295)
[step 56] Reasoning: I can see the `main.ts` file content! This is the first `main.ts` (under playground/main.ts):
```typescript
import { createApp } from 'vue'
import App from './App.vue'

createApp(App).mount('#app')
```

This is the standard Vue entry point without a router. The routing is done by Vite's multi-page setup, where each `index.html` file is a separate entry. The current URL `localhost:3000/demo/highlight` uses the `demo/highlight` HTML file which uses the `playground/main.ts` entry point.

This means each page in the demo is a separate Vue app that uses `playground/App.vue`. The URL `demo/highlight` likely uses a different App.vue specifically for the highlight functionality.

Wait - but I see two `App.vue` files in the tree. Looking at the structure again: The tree shows `playground > App.vue, App.vue, main.ts, main.ts` - which is odd. Let me look at the second `main.ts`:
[step 57] Action: left_click (181, 97)
[step 57] Reasoning: Interesting! This second `main.ts` is the compiled version showing:
```typescript
import {createApp} from '/node_modules/.vite/deps/vu...
import App from '/playground/App.vue';
createApp(App).mount('#app');
//# sourceMappingURL=...
```

So both `main.ts` files are the same file - one is the source and the other is the compiled version. The app is using the `playground/App.vue` as the main component which only shows a basic `<VuePDF :pdf="pdf" />` component.

But the current URL is `localhost:3000/demo/highlight` - this page is supposed to demo the highlight feature. Let me look at the `highlight` HTML file content again - I saw earlier it uses `<script type="module" src="/playground/main.ts"...`. So the highlight demo page uses the same `playground/App.vue` but the App.vue should have some way to show the highlight functionality.

Wait - let me re-read the first App.vue source I saw. The first line was `<!-- Use this component to play with the main compo...` which suggests it's a playground where users can EDIT the component to test features. The second App.vue (the compiled one) shows the current state.

This means the `demo/highlight` page is essentially the same playground but is supposed to have a pre-configured `App.vue` for testing highlight functionality. The `playground/App.vue` shown in the source panel might be the actual source code for the current page.

Looking at the first App.vue code again:
```vue
<script setup lang="ts">
import { VuePDF, usePDF } from '../src';
const { pdf } = usePDF('https://raw.githubuserconte...
</script>

<template>
  <div>
    <VuePDF :pdf="pdf" />
  </div>
</template>
```

The VuePDF component doesn't have any `highlightText` prop set. This simple demo doesn't show the highlight feature visually.

Now I need to understand how to test the highlight feature. Based on VuePDF documentation, the highlight feature can be triggered by:
1. Using `VuePDF`'s `highlightText` prop which accepts text strings to highlight
2. Using the `VuePDF`'s search/text layer functionality

Let me use the console to directly interact with the Vue app and add the highlight feature. Let me switch to the Console tab and inspect the Vue component:
[step 58] Action: left_click (640, 133)
[step 58] Reasoning: I can see the DevTools console is now visible. The console shows a `>` prompt (line 133) at the top left. The PDF is visible on the left side of the screen. The console appears to be empty with just the `>` prompt visible.

Wait - I see the console panel is showing on the left and the PDF is in the main body. But actually looking carefully, the DevTools seems to be in a "docked to bottom" mode where the console is shown as a small bar at the top and the PDF takes up the main area. The `>` prompt is at x=79, y=133 area.

Let me click on the console input line to type a new command:
[step 59] Action: key: F12
[step 59] Reasoning: Excellent! Now I can see the full page! The DevTools closed and I can see the VuePDF application is showing the PDF at `localhost:3000/demo/highlight`. The page shows a research paper titled "Trace-based Just-in-Time Type Specialization for Dynamic Languages" with the full abstract and text.

This is the highlight demo page, but I don't see any visible UI controls for highlighting text. The page shows just the PDF content. This is important to notice - there are no search boxes, highlight controls, or any interactive UI elements for text highlighting.

Let me scroll up to check if there's any UI above the visible area or if there's a navigation section:

Now looking at the page carefully, I can see:
- Title: "Trace-based Just-in-Time Type Specialization for Dynamic Languages"
- Authors, affiliations, Abstract, Introduction sections
- No visible search/highlight controls

The page structure shows only the PDF content rendered by VuePDF without any UI controls for text highlighting. This appears to be a "live" demo page where the highlight functionality would need to be configured programmatically.

Let me check if this `demo/highlight` page has any special configuration by looking at the URL and finding the correct page. Let me open the DevTools and look at the actual source of this page more carefully. Let me try pressing F12 to open DevTools and examine the DOM structure:
[step 60] Action: left_click (90, 133)
[step 60] Reasoning: Good, the DevTools is now in "docked at bottom" mode showing a small console panel at the top and the PDF below. The console shows a `>` prompt at x=79, y=133. 

Looking at the current state:
1. **URL**: `localhost:3000/demo/highlight` - this is the highlight demo page
2. **The console is visible** at the top section of the DevTools docked view
3. **The PDF** is showing below the DevTools toolbar

I notice the DevTools appears to be docked at the top of the content, showing a thin strip. The console input `>` is at x=79, y=133. Let me click there to get the cursor into the console input:
[step 61] Action: left_click (465, 97)
[step 61] Reasoning: The DevTools shows at the top but it's very small - just the tabs and the console filter bar are visible. The console output area is tiny. The DevTools appears to be docked at the top as a very thin strip. I need to undock it or change its position to have a proper console area.

Let me undock the DevTools to a separate window by clicking the three-dot menu and choosing to "undock" the DevTools panel, or let me try dragging the DevTools panel to make it larger. Let me click on the dock position icon to change the DevTools layout:
[step 62] Action: left_click (478, 102)
[step 62] Reasoning: I accidentally opened the Settings panel. Let me close this and try to change the dock position. Let me click the `X` to close Settings and then use the three dots menu to change the dock position:
[step 63] Action: left_click (481, 97)
[step 63] Reasoning: Good, the Settings panel closed. Now I can see "Customize and control DevTools" tooltip is visible. The three dots button at `x=481, y=97` is the customize menu. Let me click on the three dots button to open the customize menu and change dock position:
[step 64] Action: left_click (449, 119)
[step 64] Reasoning: I can see the customize DevTools dropdown menu with "Dock side" options. I can see 4 dock side icons - let me click on the "undock" option (the first icon that appears to undock to a separate window) or the "dock to bottom" option. Looking at the dock icons, I'll click on the "Dock to right side" icon which should give me more vertical space to see the console. Let me click on the "Dock to right" icon:
[step 65] Action: left_click (640, 594)
[step 65] Reasoning: Now the DevTools is docked at the bottom! I can see:
- The PDF content is visible at the top section
- The DevTools is docked at the bottom with the Console tab visible
- The console input `>` is visible at the bottom left (x=12, y=594)

This is much better! Now I can see the full page. The URL is `localhost:3000/demo/highlight` and the page shows the PDF.

Let me click on the console input to type a command to inspect the Vue component and understand the highlight functionality:
[step 66] Action: left_click_drag (640, 350)
[step 66] Reasoning: Good. The DevTools is docked at the bottom. I can see the console panel is there but the area below the console tabs is very small - just a thin strip showing ">" at x=12, y=594. The console appears very compressed. Let me try to drag the DevTools panel upward to make it bigger. I'll drag from the top edge of the DevTools (the horizontal bar at y=557) upward:
[step 67] Action: left_click (640, 387)
[step 67] Reasoning: Now I can see the DevTools console panel much better! The console is docked at the bottom and I can see:
- The PDF content (first page of the research paper) in the top section
- The DevTools Console panel at the bottom with a `>` prompt at x=15, y=387

The console input cursor appears to be at position (15, 387). Let me click on the console input to type a command. I need to investigate the Vue app to understand the highlight props of the VuePDF component:
[step 68] Action: left_click (12, 420)
[step 68] Reasoning: I can see the console panel at the bottom and the `>` prompt at x=12, y=420. The console area is visible. But the page content is showing the PDF (without any visible highlight controls). 

Looking at the current URL `localhost:3000/demo/highlight`, I now need to click on the `>` prompt in the console to type commands. Let me click on the prompt area:
[step 69] Action: left_click (640, 420)
[step 69] Reasoning: Good, the console input is showing `>` at line 12, y=420. The cursor appears to be active. Now let me type a JavaScript command to inspect the Vue component structure and understand the props available:

Let me investigate the VuePDF component's props to understand what the `highlightText` prop accepts. I'll look at the DOM structure of the VuePDF component first:
[step 70] Action: left_click (23, 420)
[step 70] Reasoning: Good. I can see the console is there but I need to get my cursor into the input field. Let me try clicking directly on the `>` character at y=420 (the console input area):
[step 71] Action: type: document.querySel...
[step 71] Reasoning: Now I can see the console input at `> |` (with a cursor) at x=12, y=420. The cursor is now in the console input field. Let me now type a JavaScript command to inspect the Vue app's component structure.

First, let me examine the current page's Vue components to understand the structure. I'll look for the VuePDF component instance:
[step 72] Action: left_click (640, 450)
[step 72] Reasoning: Excellent! I can see the Vue app object is returned! The output shows:
```
< {_uid: 0, _component: {…}, _props: null, _container: div#app, _context: {…}, …}
```

The Vue app instance exists! The `_uid: 0` and the `_component: {…}` are visible. Let me now look at the VuePDF component instance to get access to the internal component. Let me look at what props are available on the VuePDF component. Let me type a new command:
[step 73] Action: left_click (640, 450)
[step 73] Reasoning: Good, the console is showing the previous result. I can see the output shows the Vue app object. Now I need to understand the VuePDF component. Let me look at what the `demo/highlight` page actually does. Let me check if there's a specific App.vue for the highlight demo. Looking at the file structure, the demo pages use the `playground/main.ts` entry point but should each have their own `App.vue`.

Wait - I noticed from the Sources panel earlier that the `demo` folder contains `highlight` which is an HTML file. But the HTML file loads from `playground/main.ts` which loads `playground/App.vue`. So the `demo/highlight` page uses the same `playground/App.vue` as the main page!

This means the `playground/App.vue` is the current source of the app and it only shows `<VuePDF :pdf="pdf" />` without any `highlightText` prop. This is just a placeholder playground where developers would edit the `App.vue` to test different features.

Let me look at the VuePDF documentation by checking if there are any example demos or documentation links available. But first, let me check what props VuePDF accepts by looking at its source code. Let me use the console to access the VuePDF component's source to understand its props:
[step 74] Action: triple_click
[step 74] Reasoning: Good. The console is still showing the result from my previous command. I can see the Vue app is running. The current URL is `localhost:3000/demo/highlight`.

Looking at the page structure, I can see:
- The PDF content renders in the top section 
- The DevTools console at the bottom

I notice this is NOT a standard demo page with UI controls - it's the developer playground. The task says to find "可以输入搜索关键词或高亮文本的输入框" (input box for search keywords or highlight text). This suggests there should be a UI with an input box.

Wait - let me look at the full demo structure again. Perhaps there's a different page at `localhost:3000` that has the actual demo with UI controls. Let me navigate to the main page and explore more carefully:

Let me look at what routes/pages are available. Let me navigate to `localhost:3000` and check if there's a navigation structure:
[step 75] Action: type: localhost:3000
[step 75] Reasoning: Good, the URL bar is now selected showing "localhost:3000/demo/highlight". I can see a dropdown suggestion. Now let me navigate to the main page and try different URLs to find demo pages with UI controls for text highlighting. Let me first try `localhost:3000` (the root):
[step 76] Action: left_click (187, 169)
[step 76] Reasoning: Now I can see interesting suggestions in the browser history:
1. **Vite App - localhost:3000** (main app)
2. **Sign In - Analog - localhost:3000/calendar** (different app)
3. **Vite App - localhost:3000/demo/** (the demo page)
4. **ByteStash - localhost:3000/login** (different app)
5. **localhost:3000/api/auth/get-session**

The `localhost:3000/demo/` is the VuePDF demo. Let me click on "Vite App - localhost:3000/demo/" to go to the demo/highlight or main demo page. Wait - I see "Vite App - localhost:3000/demo/" which is a direct link to the demo root. Let me click on it:
[step 77] Action: Open url: http://localhost:3000/demo/highlight
[step 77] Reasoning: The URL is now `localhost:3000/demo/` and it's showing the same PDF content. The page at `localhost:3000/demo/` shows:
- The research paper PDF
- No visible UI controls for text highlighting

Now I understand the full picture of this demo application:
1. The demo consists of multiple HTML pages in the `/demo/` directory
2. Each page uses the same `playground/main.ts` → `playground/App.vue` → `VuePDF` structure
3. The `highlight` demo at `/demo/highlight` should be the specific page for testing the highlight feature

But none of the pages seem to have any UI controls. The `App.vue` directly renders the `VuePDF` component without any UI overlays for highlighting.

Wait! Let me re-check the current demo page structure. Let me look at the `demo/highlight` page. The key HTML file `demo/highlight/index.html` might have a DIFFERENT App.vue than what I saw. Let me look at this more carefully.

Let me navigate back to `demo/highlight` and carefully inspect the HTML file:
[step 78] Action: key: F12
[step 78] Reasoning: Now I can see the full page at `localhost:3000/demo/highlight` without DevTools. The page shows the PDF content (the "Trace-based Just-in-Time Type Specialization for Dynamic Languages" research paper) rendered in the browser. 

Looking at the page carefully, I can see:
- The PDF content is fully visible with proper text rendering
- The Abstract section is visible
- There's a "1. Introduction" section visible
- No visible search/highlight UI controls

But this is interesting! The DevTools is now closed, and I can see the full page. There are no search boxes, text input fields for highlighting, or any UI controls - just the raw PDF content. This is a minimal VuePDF demonstration.

However, the task asks me to test the text highlight functionality. Let me now look at whether the VuePDF component has highlight functionality configured by default. Let me check the DOM structure of this page to find if there are any hidden UI elements or if the VuePDF component has text layers that would support highlighting.

Let me also check if there's a navigation menu or sidebar that I'm missing. Let me right-click on the page to inspect it:

Actually, looking at the page more carefully, I can see the PDF is rendered but there appears to be no highlight-related UI. The `playground/App.vue` I saw earlier only has `<VuePDF :pdf="pdf" />` without any `highlightText` prop.

To properly test the highlight functionality, I need to understand what the `demo/highlight` page is actually supposed to show. Let me look at the VuePDF demo source code by finding the specific App.vue for the highlight demo. 

The key insight is: the demo structure likely uses different HTML files for different demos, and each demo might have its own entry point. Let me check the `vite.config.ts` or the build configuration to understand the entry points. Let me open the DevTools and check the network requests to understand what files are loaded:
[step 79] Action: left_click (158, 387)
[step 79] Reasoning: Now I can see the DevTools is docked at the bottom and the Console panel is now much cleaner. The console is showing a `>` prompt at x=12, y=420. The console area is larger now. Let me click on the console input and look at the highlight functionality.

But first, let me look at the Sources panel to find the actual source code for the highlight demo page. Let me click on "Sources":
[step 80] Action: left_click (25, 528)
[step 80] Reasoning: Excellent! Now I can see the Sources panel with the file tree! This is very informative! I can see:

**File Tree:**
- `top`
  - `localhost:3000`
    - `@id`
    - `@vite`
    - `demo`
      - **`highlight`** ← This is the highlight demo!
    - `node_modules`
    - `playground`
    - `src`
    - `pdf.worker.min.js`

**Tabs open:**
- `Script snippet #1`
- **`highlight`**
- `main.ts x` (current)
- `App.vue`
- `main.ts`
- `App.vue`

The current file shown is `main.ts` which shows:
```javascript
import {createApp} from '/node_modules/.vite/deps/vue.js?v=5c33a40f';
import App from "/playground/App.vue";
createApp(App).mount('#app');
//# sourceMappingURL=data:application/json;base64,eyJ2ZXJzaW9uIjozLCJzb3VyY2VzIjpbImJhWIhhaW4udHMiXSwic291cmNlc0NvbnRlbnQ6IlsiZXhwb3J0IGRlZmF1bHQgYXBwO1xuIl0...
```

So the `main.ts` for `demo/highlight` uses `playground/App.vue`. Now let me look at the `App.vue` files - specifically the ones in the `playground` folder. Let me click on the first `App.vue` tab or look in the file tree under `playground`:

Let me expand the `playground` folder in the file tree:
[step 81] Action: left_click (73, 543)
[step 81] Reasoning: Now I can see the `playground` folder expanded showing:
- `App.vue` (first - likely source)
- `App.vue` (second - likely compiled)
- `main.ts` (first - likely source)
- `main.ts` (second - likely compiled)

And the `src` folder is also visible. Let me click on the first `App.vue` under `playground` to see its source:
[step 82] Action: left_click (25, 601)
[step 82] Reasoning: Now I can see the **`playground/App.vue`** source code! The full content is:

```vue
<!-- Use this component to play with the main components -->
<script setup lang="ts">
  import { VuePDF, usePDF } from '../src';

  const { pdf } = usePDF('https://raw.githubusercontent.com/mozilla/pdf.js/ba2edeae/web/compressed.tracemonkey-pldi-09.pdf');
</script>

<template>
  <div>
    <VuePDF :pdf="pdf" />
  </div>
</template>
```

This is the **current source code** of the playground's `App.vue`! The `VuePDF` component has only `:pdf="pdf"` prop - no `highlightText` prop. This is the basic playground setup.

The `demo/highlight` page uses this same `playground/App.vue`. The highlight feature is NOT currently configured in the playground - it's just the basic PDF viewer.

But this is the VuePDF library demo. According to the VuePDF documentation, the `highlightText` prop can be passed to highlight specific text. The `usePDF` composable has a `highlightText` option. Let me check the `src` folder to see what props VuePDF accepts:

Let me expand the `src` folder:
[step 83] Action: left_click (35, 617)
[step 83] Reasoning: Now I can see the `src` folder structure:
- `components` (folder)
- `index.ts` (two versions - source and compiled)
- `index.ts` (second version)

The `src/index.ts` file is likely the main export of the VuePDF library. Let me look at the `components` folder by clicking on it to expand:
[step 84] Action: scroll down (80, 600) scroll_amount 2
[step 84] Reasoning: Now I can see the `src/components` folder structure:
- `components`
  - `layers` (folder)
  - `utils` (folder)
  - `VuePDF.vue` (the main component!)

I can see `VuePDF.vue` at the bottom of the list (partially visible). Let me scroll down in the file tree and click on `VuePDF.vue` to see its props:
[step 85] Action: left_click (89, 594)
[step 85] Reasoning: Now I can see the `src/components` folder expanded with:
- `layers` (subfolder)
- `utils` (subfolder)
- `VuePDF.vue` (source)
- `VuePDF.vue` (source map version)

There's also a tooltip showing "VuePDF.vue (from source map)". Let me click on `VuePDF.vue` (the first one at y=594) to see its source code:
[step 86] Action: scroll up (580, 520) scroll_amount 5
[step 86] Reasoning: Excellent! Now I can see the **`VuePDF.vue`** component source code! This is very informative! I can see the props definition on lines 30-45:

```typescript
textLayer?: boolean
imageResourcesPath?: string
hideForms?: boolean
intent?: string
annotationLayer?: boolean
annotationsFilter?: string[]
annotationsMap?: object
watermarkText?: string
watermarkOptions?: WatermarkOptions
highlightText?: string        ← LINE 39: The highlight text prop!
highlightOptions?: HighlightOptions  ← LINE 40: The highlight options prop!
}>, {
  page: 1,
  scale: 1,
  intent: 'display',
})

const emit = defineEmits<{
  (event: 'annotation', payload: AnnotationEventPayload): void
  (event: 'highlight', payload: HighlightEventPayload): void
  (event: 'loaded', payload: LoadedEventPayload): void
  (event: 'textLoaded', payload: TextLayerLoadedEventPayload): void
  (event: ...)...
```

This is the key finding! The `VuePDF` component accepts:
- **`highlightText?: string`** - The text to highlight (string)
- **`highlightOptions?: HighlightOptions`** - Options for the highlight

And there's also a `'highlight'` event emitted with `HighlightEventPayload`.

Now let me scroll up to see the full props list to understand what other props exist:
[step 87] Action: scroll up (580, 520) scroll_amount 5
[step 87] Reasoning: Now I can see the VuePDF component props starting at line 22! The full props list is:

```typescript
const props = withDefaults(defineProps<{
  pdf?: PDFDocumentLoadingTask
  page?: number
  scale?: number
  rotation?: number
  fitParent?: boolean
  width?: number
  height?: number
  textLayer?: boolean
  imageResourcesPath?: string
  hideForms?: boolean
  intent?: string
  annotationLayer?: boolean
  annotationsFilter?: string[]
  ...
```

I can see line 30 shows `textLayer?: boolean` and the subsequent lines (that I saw before) include `highlightText?: string`.

Now let me scroll up more to see the very beginning of the file:
[step 88] Action: left_click (78, 564)
[step 88] Reasoning: Now I can see the **full source code of `VuePDF.vue`** from the beginning! This is the source file at line 1. I can see:

**Lines 1-22 of VuePDF.vue:**
```typescript
<!-- eslint-disable no-case-declarations -->
<script setup lang="ts">
import * as PDFJS from 'pdfjs-dist'
import { computed, onMounted, ref, toRaw, watch } from 'vue'
import 'pdfjs-dist/web/pdf_viewer.css'

import type { PDFDocumentLoadingTask, PDFPageProxy, PageViewport, RenderTask } from 'pdfjs-dist'
import type { GetViewportParameters, PDFDocumentProxy, RenderParameters } from 'pdfjs-dist/types/src/display/api'
import type { AnnotationEventPayload, HighlightEventPayload, HighlightOptions, LoadedEventPayload, TextLayerLoadedEventPayload, WatermarkOptions } from './types'

import AnnotationLayer from './layers/AnnotationLayer.vue'
import TextLayer from './layers/TextLayer.vue'
import XFALayer from './layers/XFALayer.vue'

interface InternalProps {
  page: PDFPageProxy | undefined
  document: PDFDocumentProxy | undefined
  viewport: PageViewport | undefined
}

const props = withDefaults(defineProps<{
```

This confirms the VuePDF component exists and has `highlightText`, `highlightOptions` props. Now let me look at how the highlight is actually implemented. Let me look at the TextLayer component:
[step 89] Action: scroll down (80, 550) scroll_amount 2
[step 89] Reasoning: I can see the `layers` folder expanded with the triangle arrow. The layers folder now shows sub-files. Let me look at the components in the layers folder. Let me scroll down to see the layer files:
[step 90] Action: left_click (44, 498)
[step 90] Reasoning: I can see more files now. The `src` structure shows:
- `components` > `layers` > `utils`
- `VuePDF.vue` (x2)
- `index.ts`
- `index.ts (from source map)` ← tooltip visible
- `types.ts`
- `usePDF.ts`
- `usePDF.ts`
- `index.ts` (another version)
- `index.ts`

I can see the `layers` folder is expanded. Let me expand it to see the layer files:
[step 91] Action: left_click (100, 557)
[step 91] Reasoning: Excellent! Now I can see the `layers` folder expanded with the following files:
- `AnnotationLa...` (AnnotationLayer.vue - source and compiled)
- `AnnotationLa...` (second - compiled)
- `AnnotationLa...` (third version)
- `TextLayer.vue` (source)
- `TextLayer.vue` (second)
- `XFALayer.vue` (source)
- `XFALayer.vue` (second)
- `XFALayer.vue...` (third)
- `utils` (folder)
- `VuePDF.vue` (source)

I also notice some network errors in the right panel showing "ERR_CONNECTION_REFUSED" for `localhost:322` which is unrelated.

Now let me click on `TextLayer.vue` to see its source code - this is where the text highlight functionality would be implemented:
[step 92] Action: scroll up (580, 520) scroll_amount 5
[step 92] Reasoning: Excellent! Now I can see **`TextLayer.vue`** source code! This is the highlight implementation! I can see:

**Lines 12-32 of TextLayer.vue:**
```typescript
viewport?: PageViewport
highlightText?: string        ← The highlight text prop (line 13)
highlightOptions?: HighlightOptions  ← Options (line 14)
}>()

const emit = defineEmits<{
  (event: 'highlight', payload: HighlightEventPayload): void
  (event: 'textLoaded', payload: TextLayerLoadedEventPayload): void
}>()

const layer = ref<HTMLDivElement>()
const endContent = ref<HTMLDivElement>()

const textDivs: HTMLElement[] = []

function getHighlightOptionsWithDefaults(): HighlightOptions {
  return Object.assign({}, {
    ignoreCase: true,
    completeWords: false,
    }, props.highlightOptions)
}
```

So the TextLayer component:
1. Accepts `highlightText?: string` prop
2. Accepts `highlightOptions?: HighlightOptions` prop  
3. Emits `'highlight'` and `'textLoaded'` events
4. Has `getHighlightOptionsWithDefaults()` function with default options: `ignoreCase: true, completeWords: false`

The `highlightText` is a string, not an array. So it takes a single string value. Let me scroll up to see the beginning of TextLayer.vue:
[step 93] Action: left_click (44, 629)
[step 93] Reasoning: Now I can see the beginning of **`TextLayer.vue`**! The imports are very informative:

```typescript
<script setup lang="ts">
import * as PDFJS from 'pdfjs-dist'
import { onMounted, ref, watch } from 'vue'

import type { PDFPageProxy, PageViewport } from 'pdfjs-dist'
import type { TextLayerRenderParameters } from 'pdfjs-dist/types/src/display/text_layer'
import type { HighlightEventPayload, HighlightOptions, TextLayerLoadedEventPayload } from '../types'
import { findMatches, highlightMatches, resetDivs } from '../utils/highlight'  ← LINE 9: The highlight utility!

const props = defineProps<{
  page?: PDFPageProxy
  viewport?: PageViewport
  highlightText?: string      ← LINE 13: Highlight text prop (string)
  highlightOptions?: HighlightOptions  ← LINE 14: Options
}>()
```

The key insight is **Line 9**: `import { findMatches, highlightMatches, resetDivs } from '../utils/highlight'`

This imports three functions from the highlight utility:
1. `findMatches` - Finds matching text positions
2. `highlightMatches` - Highlights the matched text
3. `resetDivs` - Resets highlight styling

The `highlightText` prop is a **string** - not an array. This means it accepts a single string value. But multiple words/phrases can likely be separated within the string.

Let me now look at the `utils/highlight` file to understand how the `findMatches` function works with multiple text patterns:
[step 94] Action: scroll down (80, 550) scroll_amount 3
[step 94] Reasoning: I can see the full file tree on the left. The `layers` folder contains `AnnotationL...` (x3), `TextLayer.vue` (x2), and `XFALayer.vue`. The `utils` folder should contain the highlight utility. Let me expand the `utils` folder by clicking on it:

==================================================
Task: 当前Chrome浏览器已打开VuePDF应用，地址是http://localhost:3000。测试VuePDF组件的文本高亮功能，特别是高亮多段文本的能力。步骤：1. 打开应用页面，找到PDF查看器的演示界面。2. 加载一个包含多行文本的PDF文件（如果页面已有默认PDF则使用默认的）。3. 尝试使用高亮文本功能，寻找可以输入搜索关键词或高亮文本的输入框。传入包含多个文本片段的内容（如多个关键词或句子片段），验证是否能同时高亮多段不同的文本内容。4. 同时测试当PDF文本包含特殊装饰（如连字符、特殊排版）时，搜索并高亮文本是否能正常匹配和显示。5. 验证高亮效果在页面上是否正确可见，高亮区域是否覆盖了目标文本。请始终在浏览器内操作，禁止打开Terminal、Finder或其他应用程序。如果在浏览器中找不到目标功能，直接标记result为unclear。
Status: STOPPED_BY_USER
Total steps: 94
Last action: scroll down (80, 550) scroll_amount 3
Last reasoning: I can see the full file tree on the left. The `layers` folder contains `AnnotationL...` (x3), `TextLayer.vue` (x2), and `XFALayer.vue`. The `utils` folder should contain the highlight utility. Let me expand the `utils` folder by clicking on it:

==================================================

UI window closed
