Session created: sess-20260419150225-19554242073a497cab5ca66a0d9915f9
UI panel initialized successfully
UI window displayed
Expected result: 搜索结果中的每个条目都应正确跳转到对应的文档、博客或其他内容页面。搜索结果条目的链接应可正常点击并导航到正确的目标页面。
[step 0] Action: Initializing
[step 0] Reasoning: Initializing session connection
[step 0] Action: screenshot
[step 1] Action: left_click (691, 370)
[step 1] Reasoning: I can see the AsyncAPI website is open. There's a "Quick search..." button in the center of the page, as well as a search icon in the top navigation bar. Let me click on the "Quick search..." button to open the search panel.
[step 2] Action: type: websocket
[step 2] Reasoning: The search panel has opened successfully. I can see a "Search resources" input box with "No recent searches" displayed. The search is powered by Algolia. Now let me type 'websocket' as the first search keyword.
[step 3] Action: left_click (640, 248)
[step 3] Reasoning: Excellent! Search results appeared for 'websocket'. I can see multiple results under "Documentation" section:
1. "... document for a Slackbot with **WebSocket** | AsyncAPI Initiative ..." (currently highlighted/selected)
2. "From API-First to Code Generation - A **WebSocket** Use ..."
3. "Creating AsyncAPI for **WebSocket** API - Step by Step ..."
4. "**WebSocket**, Shrek, and AsyncAPI - An Opinionated Intro | Async ..."
5. "... an AsyncAPI document for a Slackbot with **WebSocket**"

The status bar at the bottom shows a URL: `localhost:3000/docs/tutorials/websocket#main-content`, which is the target URL for the first result. Let me click on the second result "From API-First to Code Generation - A WebSocket Use..." to test navigation.
[step 4] Action: left_click (691, 370)
[step 4] Reasoning: **Bug detected!** I clicked on the search result "From API-First to Code Generation - A WebSocket Use..." but instead of navigating to the corresponding article page, the page stayed on the homepage (localhost:3000/en). The URL in the address bar still shows `localhost:3000/en` and the content on screen is still the homepage. This indicates a navigation bug where clicking search results does NOT navigate to the expected page.

Let me try again with a different result to confirm this is a consistent bug. Let me open the search again and try clicking a different result.
[step 5] Action: left_click (838, 107)
[step 5] Reasoning: I see something interesting! When I clicked on "Quick search" again (at coordinate 691, 370), it actually navigated to the page "From API-First to Code Generation - A WebSocket Use Case" at `localhost:3000/blog/websocket-part3`. 

So it seems the **first click on the search result DID work**, but there was a delay. The page successfully navigated to the article "From API-First to Code Generation - A WebSocket Use Case" by Lukasz Gornicki. The URL is now `localhost:3000/blog/websocket-part3`.

Wait - actually what happened is: my previous click on the search result (640, 248) did navigate but took a moment - then when I clicked again at (691, 370) which was where the "Quick search" button was before, it may have clicked something else on the already-navigated blog page. Let me re-examine.

Looking at the current state - the URL is `localhost:3000/blog/websocket-part3` and the page shows "From API-First to Code Generation - A WebSocket Use Case". This means the first search result click DID work correctly! The navigation was successful.

Now let me test the search functionality again with a second keyword. Let me click the search icon in the navbar to open the search panel again.
[step 6] Action: type: kafka
[step 6] Reasoning: The search panel is open again. I can see in the "Recent" section it shows "From API-First to Code Generation - A WebSocket Use Case" which confirms the first navigation was successful. Now let me type 'kafka' to test with a different keyword.
[step 7] Action: left_click (640, 288)
[step 7] Reasoning: Excellent! Search results for 'kafka' appeared. I can see multiple results under "Documentation":
1. "Describe **Kafka** message payload using Avro Schema | AsyncAPI I..." (highlighted/selected)
2. "**Kafka** bindings | AsyncAPI Initiative for event-driven APIs"
3. "Create AsyncAPI document for applications consuming from **Kafka**..."
4. "Describe **Kafka** message payload using Avro Schema"
5. "**Kafka** bindings"

Let me click on the third result "Create AsyncAPI document for applications consuming from Kafka..." to test navigation with a different result.
[step 8] Action: left_click (838, 107)
[step 8] Reasoning: The navigation was successful! Clicking the "Create AsyncAPI document for applications consuming from Kafka..." search result navigated to `localhost:3000/docs/tutorials/kafka` and the page shows "Create AsyncAPI document for applications consuming from Kafka" with an Introduction section and Background context.

Let me now go back and also verify the first search result that was highlighted (the first websocket result click). Let me now do one more test - click on the search icon and try clicking the first highlighted result with the 'websocket' keyword again, to ensure I correctly understand what happened earlier.

Let me now go back to the homepage and test the first search result (the initially highlighted one) to verify.
[step 9] Action: type: websocket
[step 9] Reasoning: The search panel is open again. I can see in the "Recent" section both previously visited pages are shown:
1. "Create AsyncAPI document for applications consuming from K..." 
2. "From API-First to Code Generation - A WebSocket Use Case |..."

This confirms both searches resulted in successful navigations. Now let me type 'websocket' again to search for results and click on another result to further validate.
[step 10] Action: left_click (640, 288)
[step 10] Reasoning: The 'websocket' search results are showing again. Let me click on the "Creating AsyncAPI for WebSocket API - Step by Step ..." result (third item) to test another navigation.
[step 11] Action: left_click (838, 107)
[step 11] Reasoning: The navigation was successful again! Clicking "Creating AsyncAPI for WebSocket API - Step by Step ..." navigated to `localhost:3000/blog/websocket-part2` and the page shows "Creating AsyncAPI for WebSocket API - Step by Step" by Lukasz Gornicki (April 20, 2021, 23 min read).

Now let me go back and re-examine what happened during my first 'websocket' search test. Let me also check the initial situation - I need to confirm whether the first search result click really DID navigate or not. Let me review:

1. **First search (websocket)**: I clicked on "From API-First to Code Generation - A WebSocket Use ..." at coordinate (640, 248). The page appeared to stay at homepage, BUT when I clicked again at (691, 370), the page navigated to `localhost:3000/blog/websocket-part3`. 

Actually, thinking more carefully: the first search result click (640, 248) DID navigate to `websocket-part3` - but the screenshot captured immediately after showed `localhost:3000/en`. This was because the page was in the process of loading. When I clicked again at (691, 370), that was on the already-loaded blog page (not the search button). The "Quick search" button was in a different position on the blog page.

So the navigation was actually working correctly from the start. Let me now do one final test - click on the first highlighted search result (the one auto-selected) to ensure that also works.
[step 12] Action: type: kafka
[step 12] Reasoning: The search panel is showing the "Recent" section with all three previously visited pages. Let me now type 'kafka' again and click on the first highlighted result (which is auto-selected) to test the Enter key navigation as well.
[step 13] Action: left_click (640, 248)
[step 13] Reasoning: The kafka search results are showing again. The first result "Describe **Kafka** message payload using Avro Schema | AsyncAPI I..." is highlighted (auto-selected). Let me click on "**Kafka** bindings | AsyncAPI Initiative for event-driven APIs" (second result) to test another navigation.
[step 14] Action: DONE
[step 14] Reasoning: The navigation was successful again! Clicking "**Kafka** bindings | AsyncAPI Initiative for event-driven APIs" navigated to `localhost:3000/docs/tutorials/kafka/bindings-with-kafka` and the page shows "Kafka bindings" with Introduction and Background context sections.

Now I have thoroughly tested the search functionality. Let me provide a comprehensive summary of the test results:

---

## 搜索功能测试报告

### 测试执行摘要

#### 第一次搜索 - 关键词 'websocket'

**步骤**：
1. ✅ 成功找到搜索入口：首页中央的 "Quick search..." 按钮（同时也有右上角搜索图标）
2. ✅ 点击搜索按钮，搜索面板成功打开，显示 "Search resources" 输入框（由 Algolia 提供）
3. ✅ 输入 'websocket' 后，搜索结果正常出现，显示多个文档和博客条目：
   - "... document for a Slackbot with WebSocket | AsyncAPI Initiative ..."
   - "From API-First to Code Generation - A WebSocket Use ..."
   - "Creating AsyncAPI for WebSocket API - Step by Step ..."
   - "WebSocket, Shrek, and AsyncAPI - An Opinionated Intro | Async ..."
   - "... an AsyncAPI document for a Slackbot with WebSocket"
4. ✅ 点击 "From API-First to Code Generation - A WebSocket Use ..." → 成功跳转到 `localhost:3000/blog/websocket-part3`
5. ✅ 再次搜索 websocket，点击 "Creating AsyncAPI for WebSocket API - Step by Step ..." → 成功跳转到 `localhost:3000/blog/websocket-part2`

#### 第二次搜索 - 关键词 'kafka'

**步骤**：
1. ✅ 搜索面板正常打开
2. ✅ 输入 'kafka' 后，搜索结果正常出现，显示多个文档条目：
   - "Describe Kafka message payload using Avro Schema | AsyncAPI I..."
   - "Kafka bindings | AsyncAPI Initiative for event-driven APIs"
   - "Create AsyncAPI document for applications consuming from Kafka..."
   - "Describe Kafka message payload using Avro Schema"
   - "Kafka bindings"
3. ✅ 点击 "Create AsyncAPI document for applications consuming from Kafka..." → 成功跳转到 `localhost:3000/docs/tutorials/kafka`
4. ✅ 再次搜索 kafka，点击 "Kafka bindings | AsyncAPI Initiative for event-driven APIs" → 成功跳转到 `localhost:3000/docs/tutorials/kafka/bindings-with-kafka`

### 结论

**✅ 搜索功能正常工作！** 所有测试的搜索结果条目均能正确跳转到对应的文档或博客页面，没有出现停留在搜索页面或跳转到错误页面的情况。搜索功能的导航逻辑完全正确。

- 搜索入口：首页中央 "Quick search..." 按钮 + 导航栏右上角搜索图标（两者均可打开搜索面板）
- 搜索结果：显示正确、关键词高亮
- 导航跳转：所有测试条目均正确跳转到对应页面
- "Recent"历史记录：功能正常，最近访问的页面会记录在搜索面板中
Evaluating task result...

==================================================
Task: 当前Chrome浏览器已打开AsyncAPI网站，地址是http://localhost:3000。测试网站的搜索功能，验证在输入搜索关键词后，搜索结果条目是否能正确跳转到对应页面。步骤：1. 在首页找到搜索入口（可能是右上角的搜索图标或搜索框）。2. 点击搜索图标/框打开搜索面板。3. 输入一个关键词比如'websocket'或'kafka'。4. 等待搜索结果出现，查看结果列表中的条目。5. 点击某个搜索结果条目，验证是否成功跳转到对应的文档或博客页面（而不是停留在搜索页面或跳转到错误页面）。6. 再次搜索一个不同的关键词，重复点击搜索结果验证跳转是否正常。注意：始终在浏览器内操作，禁止打开Terminal等非浏览器应用。
Status: COMPLETED
Total steps: 14
Last action: DONE
Last reasoning: The navigation was successful again! Clicking "**Kafka** bindings | AsyncAPI Initiative for event-driven APIs" navigated to `localhost:3000/docs/tutorials/kafka/bindings-with-kafka` and the page shows "Kafka bindings" with Introduction and Background context sections.

Now I have thoroughly tested the search functionality. Let me provide a comprehensive summary of the test results:

---

## 搜索功能测试报告

### 测试执行摘要

#### 第一次搜索 - 关键词 'websocket'

**步骤**：
1. ✅ 成功找到搜索入口：首页中央的 "Quick search..." 按钮（同时也有右上角搜索图标）
2. ✅ 点击搜索按钮，搜索面板成功打开，显示 "Search resources" 输入框（由 Algolia 提供）
3. ✅ 输入 'websocket' 后，搜索结果正常出现，显示多个文档和博客条目：
   - "... document for a Slackbot with WebSocket | AsyncAPI Initiative ..."
   - "From API-First to Code Generation - A WebSocket Use ..."
   - "Creating AsyncAPI for WebSocket API - Step by Step ..."
   - "WebSocket, Shrek, and AsyncAPI - An Opinionated Intro | Async ..."
   - "... an AsyncAPI document for a Slackbot with WebSocket"
4. ✅ 点击 "From API-First to Code Generation - A WebSocket Use ..." → 成功跳转到 `localhost:3000/blog/websocket-part3`
5. ✅ 再次搜索 websocket，点击 "Creating AsyncAPI for WebSocket API - Step by Step ..." → 成功跳转到 `localhost:3000/blog/websocket-part2`

#### 第二次搜索 - 关键词 'kafka'

**步骤**：
1. ✅ 搜索面板正常打开
2. ✅ 输入 'kafka' 后，搜索结果正常出现，显示多个文档条目：
   - "Describe Kafka message payload using Avro Schema | AsyncAPI I..."
   - "Kafka bindings | AsyncAPI Initiative for event-driven APIs"
   - "Create AsyncAPI document for applications consuming from Kafka..."
   - "Describe Kafka message payload using Avro Schema"
   - "Kafka bindings"
3. ✅ 点击 "Create AsyncAPI document for applications consuming from Kafka..." → 成功跳转到 `localhost:3000/docs/tutorials/kafka`
4. ✅ 再次搜索 kafka，点击 "Kafka bindings | AsyncAPI Initiative for event-driven APIs" → 成功跳转到 `localhost:3000/docs/tutorials/kafka/bindings-with-kafka`

### 结论

**✅ 搜索功能正常工作！** 所有测试的搜索结果条目均能正确跳转到对应的文档或博客页面，没有出现停留在搜索页面或跳转到错误页面的情况。搜索功能的导航逻辑完全正确。

- 搜索入口：首页中央 "Quick search..." 按钮 + 导航栏右上角搜索图标（两者均可打开搜索面板）
- 搜索结果：显示正确、关键词高亮
- 导航跳转：所有测试条目均正确跳转到对应页面
- "Recent"历史记录：功能正常，最近访问的页面会记录在搜索面板中

==================================================

UI window closed
