Session created: sess-20260427235722-3147f521849e402d94bc7f64b2f7efd5
UI panel initialized successfully
UI window displayed
Expected result: 上传的图片应在白板画布上正确加载并完整显示，不出现broken image图标、404错误或图片无法加载的情况。
[step 0] Action: Initializing
[step 0] Reasoning: Initializing session connection
[step 0] Action: screenshot
[step 1] Action: mouse_move (619, 98)
[step 1] Reasoning: 我可以看到Whiteboard白板应用已经打开。工具栏中有多个图标，我需要识别图片上传按钮。让我仔细查看工具栏中的图标。
[step 2] Action: left_click (619, 98)
[step 2] Reasoning: 我找到了图片上传按钮！当悬停在坐标(619, 98)时，显示了提示文字 "Upload Image to whiteboard"。这就是图片上传按钮。让我点击它。
[step 3] Action: left_click (578, 163)
[step 3] Reasoning: 点击图片上传按钮后，弹出了一个"INFO MESSAGE"对话框，显示：
- "Please drag the image into the browser."
- "Or upload here: [选择文件] 未选择任何文件"

这正是图片上传功能的对话框。我需要点击"选择文件"按钮来选择本地图片。让我点击它。
[step 4] Action: left_click (509, 289)
[step 4] Reasoning: 文件选择对话框已经打开，显示"下载"文件夹的内容。我可以看到几个图片文件：
- `signature.jpg`
- `signature.png`

让我选择 `signature.jpg` 文件来上传。我会双击它或选中后点击"打开"。
[step 5] Action: left_click (894, 468)
[step 5] Reasoning: 我选中了 `signature.jpg` 文件，可以看到右侧预览区显示了该图片（一个签名图片）。文件信息显示：
- 文件名：signature.jpg
- 格式：JPEG图像 · 12 KB
- 创建时间：2026年4月18日 星期六 02:06

现在我点击"打开"按钮来上传这张图片。
[step 6] Action: left_click (1090, 225)
[step 6] Reasoning: 图片已经成功上传并显示在白板画布上！我可以看到：

1. **图片已加载成功** - signature.jpg 图片（一个橙色/黄色签名图案）正在白板画布上显示
2. **图片带有选择框** - 图片周围有虚线选择框，说明它已被选中
3. **顶部有操作选项** - 显示了 "Draw to canvas"（绘制到画布）和 "Add to background"（添加到背景）两个按钮

图片显示正常，没有破碎图标或加载错误。让我点击 "Draw to canvas" 按钮将图片正式添加到白板画布上。
[step 7] Action: key: F12
[step 7] Reasoning: 图片已经成功绘制到白板画布上！我可以看到 signature.jpg 图片（橙色/黄色的签名线条）已经显示在白板画布上，且没有任何选择框，说明它已经被正式绘制到画布中。

现在让我进一步验证图片是否有任何问题，并按任务要求检查是否有404错误。让我打开Chrome DevTools Console检查。
[step 8] Action: left_click (204, 418)
[step 8] Reasoning: Chrome DevTools Console已经打开，我可以看到控制台日志：

1. **`[webpack-dev-server] Server started: Hot Module Replacement enabled, Live Reloading enabled, Progress disabled, Overlay enabled.`** - 服务器正常启动
2. **`[HMR] Waiting for update signal from WDS...`** - HMR等待更新
3. **`Websocket connected!`** - WebSocket连接正常
4. **`Whiteboard config from server: Object parsed: ConfigService`** - 白板配置从服务器正常解析
5. **`Image uploaded!`** - **图片上传成功！** 这条日志在 `main.js:966` 处显示

控制台中**没有任何404错误或其他错误**，只有正常的日志信息。"Image uploaded!" 消息确认图片已成功上传。

让我还查看一下是否有任何网络错误，切换到Network标签检查一下。
[step 9] Action: key: F12
[step 9] Reasoning: Network标签现在打开，但网络记录是空的（因为已经在上传之后才打开DevTools记录）。这是正常的，因为我在上传图片之后才打开DevTools，所以网络请求记录没有显示之前的请求。

重要的是，Console标签中没有显示任何404错误或其他错误信息，只有：
- `"Image uploaded!"` - 确认图片上传成功
- 其他正常的系统日志

让我关闭DevTools，最终确认图片显示正常。
[step 10] Action: DONE
[step 10] Reasoning: 图片上传测试完成！以下是完整的测试结果总结：

## 图片上传功能测试报告

### 测试步骤和结果

**✅ 步骤1 - 找到图片上传按钮：**
- 在工具栏中找到了图片上传按钮（位于坐标619, 98处）
- 悬停时显示提示文字："Upload Image to whiteboard"

**✅ 步骤2 - 点击图片上传按钮：**
- 点击后弹出了"INFO MESSAGE"对话框
- 对话框提供两种方式：拖拽图片或点击"选择文件"按钮

**✅ 步骤3 - 选择本地图片：**
- 点击"选择文件"按钮，文件选择对话框打开
- 导航到"下载"文件夹，选择了 `signature.jpg`（12KB的JPEG图片）
- 点击"打开"按钮上传

**✅ 步骤4 - 图片正常加载和显示：**
- 图片成功上传后显示在白板画布上，带有选择框
- 图片显示为橙色/黄色签名线条图像，内容完整清晰
- 提供了 "Draw to canvas"（绘制到画布）和 "Add to background"（添加到背景）两个操作选项
- 点击 "Draw to canvas" 后图片被正式绘制到白板画布上，显示正常，无破碎图标

**✅ 步骤5 - DevTools Console检查：**
- 控制台显示 `"Image uploaded!"` 消息（main.js:966），确认上传成功
- **没有任何404错误或其他错误信息**
- 所有日志均为正常状态日志

### 结论
**图片上传功能工作正常** 🎉 - signature.jpg 图片成功上传并正常显示在白板画布上，无任何错误或异常。
Evaluating task result...

==================================================
Task: 当前Chrome浏览器已打开Whiteboard白板应用，地址是http://localhost:8080/。请测试图片上传功能：

1）找到工具栏中的图片上传按钮（可能是一个图片图标或上传按钮）
2）点击图片上传按钮
3）选择一张本地图片上传到白板画布上
4）观察上传的图片是否能正常加载和显示在白板上
5）如果图片显示为破碎图标或加载失败，打开Chrome DevTools Console检查是否有404错误

请始终在浏览器内操作，禁止打开Terminal、Finder或其他应用程序。
Status: COMPLETED
Total steps: 10
Last action: DONE
Last reasoning: 图片上传测试完成！以下是完整的测试结果总结：

## 图片上传功能测试报告

### 测试步骤和结果

**✅ 步骤1 - 找到图片上传按钮：**
- 在工具栏中找到了图片上传按钮（位于坐标619, 98处）
- 悬停时显示提示文字："Upload Image to whiteboard"

**✅ 步骤2 - 点击图片上传按钮：**
- 点击后弹出了"INFO MESSAGE"对话框
- 对话框提供两种方式：拖拽图片或点击"选择文件"按钮

**✅ 步骤3 - 选择本地图片：**
- 点击"选择文件"按钮，文件选择对话框打开
- 导航到"下载"文件夹，选择了 `signature.jpg`（12KB的JPEG图片）
- 点击"打开"按钮上传

**✅ 步骤4 - 图片正常加载和显示：**
- 图片成功上传后显示在白板画布上，带有选择框
- 图片显示为橙色/黄色签名线条图像，内容完整清晰
- 提供了 "Draw to canvas"（绘制到画布）和 "Add to background"（添加到背景）两个操作选项
- 点击 "Draw to canvas" 后图片被正式绘制到白板画布上，显示正常，无破碎图标

**✅ 步骤5 - DevTools Console检查：**
- 控制台显示 `"Image uploaded!"` 消息（main.js:966），确认上传成功
- **没有任何404错误或其他错误信息**
- 所有日志均为正常状态日志

### 结论
**图片上传功能工作正常** 🎉 - signature.jpg 图片成功上传并正常显示在白板画布上，无任何错误或异常。

==================================================

UI window closed
